ARM GAS  C:\Users\OSD\AppData\Local\Temp\ccceBrDl.s 			page 1


   1              		.cpu cortex-m7
   2              		.arch armv7e-m
   3              		.fpu fpv5-d16
   4              		.eabi_attribute 28, 1
   5              		.eabi_attribute 20, 1
   6              		.eabi_attribute 21, 1
   7              		.eabi_attribute 23, 3
   8              		.eabi_attribute 24, 1
   9              		.eabi_attribute 25, 1
  10              		.eabi_attribute 26, 1
  11              		.eabi_attribute 30, 1
  12              		.eabi_attribute 34, 1
  13              		.eabi_attribute 18, 4
  14              		.file	"dma2d.c"
  15              		.text
  16              	.Ltext0:
  17              		.cfi_sections	.debug_frame
  18              		.section	.text.MX_DMA2D_Init,"ax",%progbits
  19              		.align	1
  20              		.global	MX_DMA2D_Init
  21              		.syntax unified
  22              		.thumb
  23              		.thumb_func
  25              	MX_DMA2D_Init:
  26              	.LFB147:
  27              		.file 1 "Core/Src/dma2d.c"
   1:Core/Src/dma2d.c **** /* USER CODE BEGIN Header */
   2:Core/Src/dma2d.c **** /**
   3:Core/Src/dma2d.c ****   ******************************************************************************
   4:Core/Src/dma2d.c ****   * @file    dma2d.c
   5:Core/Src/dma2d.c ****   * @brief   This file provides code for the configuration
   6:Core/Src/dma2d.c ****   *          of the DMA2D instances.
   7:Core/Src/dma2d.c ****   ******************************************************************************
   8:Core/Src/dma2d.c ****   * @attention
   9:Core/Src/dma2d.c ****   *
  10:Core/Src/dma2d.c ****   * Copyright (c) 2024 STMicroelectronics.
  11:Core/Src/dma2d.c ****   * All rights reserved.
  12:Core/Src/dma2d.c ****   *
  13:Core/Src/dma2d.c ****   * This software is licensed under terms that can be found in the LICENSE file
  14:Core/Src/dma2d.c ****   * in the root directory of this software component.
  15:Core/Src/dma2d.c ****   * If no LICENSE file comes with this software, it is provided AS-IS.
  16:Core/Src/dma2d.c ****   *
  17:Core/Src/dma2d.c ****   ******************************************************************************
  18:Core/Src/dma2d.c ****   */
  19:Core/Src/dma2d.c **** /* USER CODE END Header */
  20:Core/Src/dma2d.c **** /* Includes ------------------------------------------------------------------*/
  21:Core/Src/dma2d.c **** #include "dma2d.h"
  22:Core/Src/dma2d.c **** 
  23:Core/Src/dma2d.c **** /* USER CODE BEGIN 0 */
  24:Core/Src/dma2d.c **** 
  25:Core/Src/dma2d.c **** /* USER CODE END 0 */
  26:Core/Src/dma2d.c **** 
  27:Core/Src/dma2d.c **** DMA2D_HandleTypeDef hdma2d;
  28:Core/Src/dma2d.c **** 
  29:Core/Src/dma2d.c **** /* DMA2D init function */
  30:Core/Src/dma2d.c **** void MX_DMA2D_Init(void)
  31:Core/Src/dma2d.c **** {
ARM GAS  C:\Users\OSD\AppData\Local\Temp\ccceBrDl.s 			page 2


  28              		.loc 1 31 1 view -0
  29              		.cfi_startproc
  30              		@ args = 0, pretend = 0, frame = 0
  31              		@ frame_needed = 0, uses_anonymous_args = 0
  32 0000 08B5     		push	{r3, lr}
  33              		.cfi_def_cfa_offset 8
  34              		.cfi_offset 3, -8
  35              		.cfi_offset 14, -4
  32:Core/Src/dma2d.c **** 
  33:Core/Src/dma2d.c ****   /* USER CODE BEGIN DMA2D_Init 0 */
  34:Core/Src/dma2d.c **** 
  35:Core/Src/dma2d.c ****   /* USER CODE END DMA2D_Init 0 */
  36:Core/Src/dma2d.c **** 
  37:Core/Src/dma2d.c ****   /* USER CODE BEGIN DMA2D_Init 1 */
  38:Core/Src/dma2d.c **** 
  39:Core/Src/dma2d.c ****   /* USER CODE END DMA2D_Init 1 */
  40:Core/Src/dma2d.c ****   hdma2d.Instance = DMA2D;
  36              		.loc 1 40 3 view .LVU1
  37              		.loc 1 40 19 is_stmt 0 view .LVU2
  38 0002 0F48     		ldr	r0, .L7
  39 0004 0F4B     		ldr	r3, .L7+4
  40 0006 0360     		str	r3, [r0]
  41:Core/Src/dma2d.c ****   hdma2d.Init.Mode = DMA2D_M2M;
  41              		.loc 1 41 3 is_stmt 1 view .LVU3
  42              		.loc 1 41 20 is_stmt 0 view .LVU4
  43 0008 0023     		movs	r3, #0
  44 000a 4360     		str	r3, [r0, #4]
  42:Core/Src/dma2d.c ****   hdma2d.Init.ColorMode = DMA2D_OUTPUT_ARGB8888;
  45              		.loc 1 42 3 is_stmt 1 view .LVU5
  46              		.loc 1 42 25 is_stmt 0 view .LVU6
  47 000c 8360     		str	r3, [r0, #8]
  43:Core/Src/dma2d.c ****   hdma2d.Init.OutputOffset = 0;
  48              		.loc 1 43 3 is_stmt 1 view .LVU7
  49              		.loc 1 43 28 is_stmt 0 view .LVU8
  50 000e C360     		str	r3, [r0, #12]
  44:Core/Src/dma2d.c ****   hdma2d.LayerCfg[1].InputOffset = 0;
  51              		.loc 1 44 3 is_stmt 1 view .LVU9
  52              		.loc 1 44 34 is_stmt 0 view .LVU10
  53 0010 4364     		str	r3, [r0, #68]
  45:Core/Src/dma2d.c ****   hdma2d.LayerCfg[1].InputColorMode = DMA2D_INPUT_ARGB8888;
  54              		.loc 1 45 3 is_stmt 1 view .LVU11
  55              		.loc 1 45 37 is_stmt 0 view .LVU12
  56 0012 8364     		str	r3, [r0, #72]
  46:Core/Src/dma2d.c ****   hdma2d.LayerCfg[1].AlphaMode = DMA2D_NO_MODIF_ALPHA;
  57              		.loc 1 46 3 is_stmt 1 view .LVU13
  58              		.loc 1 46 32 is_stmt 0 view .LVU14
  59 0014 C364     		str	r3, [r0, #76]
  47:Core/Src/dma2d.c ****   hdma2d.LayerCfg[1].InputAlpha = 0;
  60              		.loc 1 47 3 is_stmt 1 view .LVU15
  61              		.loc 1 47 33 is_stmt 0 view .LVU16
  62 0016 0365     		str	r3, [r0, #80]
  48:Core/Src/dma2d.c ****   hdma2d.LayerCfg[1].AlphaInverted = DMA2D_REGULAR_ALPHA;
  63              		.loc 1 48 3 is_stmt 1 view .LVU17
  64              		.loc 1 48 36 is_stmt 0 view .LVU18
  65 0018 4365     		str	r3, [r0, #84]
  49:Core/Src/dma2d.c ****   hdma2d.LayerCfg[1].RedBlueSwap = DMA2D_RB_SWAP;
  66              		.loc 1 49 3 is_stmt 1 view .LVU19
ARM GAS  C:\Users\OSD\AppData\Local\Temp\ccceBrDl.s 			page 3


  67              		.loc 1 49 34 is_stmt 0 view .LVU20
  68 001a 0122     		movs	r2, #1
  69 001c 8265     		str	r2, [r0, #88]
  50:Core/Src/dma2d.c ****   hdma2d.LayerCfg[1].ChromaSubSampling = DMA2D_NO_CSS;
  70              		.loc 1 50 3 is_stmt 1 view .LVU21
  71              		.loc 1 50 40 is_stmt 0 view .LVU22
  72 001e C365     		str	r3, [r0, #92]
  51:Core/Src/dma2d.c ****   if (HAL_DMA2D_Init(&hdma2d) != HAL_OK)
  73              		.loc 1 51 3 is_stmt 1 view .LVU23
  74              		.loc 1 51 7 is_stmt 0 view .LVU24
  75 0020 FFF7FEFF 		bl	HAL_DMA2D_Init
  76              	.LVL0:
  77              		.loc 1 51 6 view .LVU25
  78 0024 28B9     		cbnz	r0, .L5
  79              	.L2:
  52:Core/Src/dma2d.c ****   {
  53:Core/Src/dma2d.c ****     Error_Handler();
  54:Core/Src/dma2d.c ****   }
  55:Core/Src/dma2d.c ****   if (HAL_DMA2D_ConfigLayer(&hdma2d, 1) != HAL_OK)
  80              		.loc 1 55 3 is_stmt 1 view .LVU26
  81              		.loc 1 55 7 is_stmt 0 view .LVU27
  82 0026 0121     		movs	r1, #1
  83 0028 0548     		ldr	r0, .L7
  84 002a FFF7FEFF 		bl	HAL_DMA2D_ConfigLayer
  85              	.LVL1:
  86              		.loc 1 55 6 view .LVU28
  87 002e 18B9     		cbnz	r0, .L6
  88              	.L1:
  56:Core/Src/dma2d.c ****   {
  57:Core/Src/dma2d.c ****     Error_Handler();
  58:Core/Src/dma2d.c ****   }
  59:Core/Src/dma2d.c ****   /* USER CODE BEGIN DMA2D_Init 2 */
  60:Core/Src/dma2d.c **** 
  61:Core/Src/dma2d.c ****   /* USER CODE END DMA2D_Init 2 */
  62:Core/Src/dma2d.c **** 
  63:Core/Src/dma2d.c **** }
  89              		.loc 1 63 1 view .LVU29
  90 0030 08BD     		pop	{r3, pc}
  91              	.L5:
  53:Core/Src/dma2d.c ****   }
  92              		.loc 1 53 5 is_stmt 1 view .LVU30
  93 0032 FFF7FEFF 		bl	Error_Handler
  94              	.LVL2:
  95 0036 F6E7     		b	.L2
  96              	.L6:
  57:Core/Src/dma2d.c ****   }
  97              		.loc 1 57 5 view .LVU31
  98 0038 FFF7FEFF 		bl	Error_Handler
  99              	.LVL3:
 100              		.loc 1 63 1 is_stmt 0 view .LVU32
 101 003c F8E7     		b	.L1
 102              	.L8:
 103 003e 00BF     		.align	2
 104              	.L7:
 105 0040 00000000 		.word	.LANCHOR0
 106 0044 00100052 		.word	1375735808
 107              		.cfi_endproc
ARM GAS  C:\Users\OSD\AppData\Local\Temp\ccceBrDl.s 			page 4


 108              	.LFE147:
 110              		.section	.text.HAL_DMA2D_MspInit,"ax",%progbits
 111              		.align	1
 112              		.global	HAL_DMA2D_MspInit
 113              		.syntax unified
 114              		.thumb
 115              		.thumb_func
 117              	HAL_DMA2D_MspInit:
 118              	.LVL4:
 119              	.LFB148:
  64:Core/Src/dma2d.c **** 
  65:Core/Src/dma2d.c **** void HAL_DMA2D_MspInit(DMA2D_HandleTypeDef* dma2dHandle)
  66:Core/Src/dma2d.c **** {
 120              		.loc 1 66 1 is_stmt 1 view -0
 121              		.cfi_startproc
 122              		@ args = 0, pretend = 0, frame = 8
 123              		@ frame_needed = 0, uses_anonymous_args = 0
  67:Core/Src/dma2d.c **** 
  68:Core/Src/dma2d.c ****   if(dma2dHandle->Instance==DMA2D)
 124              		.loc 1 68 3 view .LVU34
 125              		.loc 1 68 17 is_stmt 0 view .LVU35
 126 0000 0268     		ldr	r2, [r0]
 127              		.loc 1 68 5 view .LVU36
 128 0002 0F4B     		ldr	r3, .L16
 129 0004 9A42     		cmp	r2, r3
 130 0006 00D0     		beq	.L15
 131 0008 7047     		bx	lr
 132              	.L15:
  66:Core/Src/dma2d.c **** 
 133              		.loc 1 66 1 view .LVU37
 134 000a 00B5     		push	{lr}
 135              		.cfi_def_cfa_offset 4
 136              		.cfi_offset 14, -4
 137 000c 83B0     		sub	sp, sp, #12
 138              		.cfi_def_cfa_offset 16
  69:Core/Src/dma2d.c ****   {
  70:Core/Src/dma2d.c ****   /* USER CODE BEGIN DMA2D_MspInit 0 */
  71:Core/Src/dma2d.c **** 
  72:Core/Src/dma2d.c ****   /* USER CODE END DMA2D_MspInit 0 */
  73:Core/Src/dma2d.c ****     /* DMA2D clock enable */
  74:Core/Src/dma2d.c ****     __HAL_RCC_DMA2D_CLK_ENABLE();
 139              		.loc 1 74 5 is_stmt 1 view .LVU38
 140              	.LBB2:
 141              		.loc 1 74 5 view .LVU39
 142              		.loc 1 74 5 view .LVU40
 143 000e 0D4B     		ldr	r3, .L16+4
 144 0010 D3F8D420 		ldr	r2, [r3, #212]
 145 0014 42F01002 		orr	r2, r2, #16
 146 0018 C3F8D420 		str	r2, [r3, #212]
 147              		.loc 1 74 5 view .LVU41
 148 001c D3F8D430 		ldr	r3, [r3, #212]
 149 0020 03F01003 		and	r3, r3, #16
 150 0024 0193     		str	r3, [sp, #4]
 151              		.loc 1 74 5 view .LVU42
 152 0026 019B     		ldr	r3, [sp, #4]
 153              	.LBE2:
 154              		.loc 1 74 5 view .LVU43
ARM GAS  C:\Users\OSD\AppData\Local\Temp\ccceBrDl.s 			page 5


  75:Core/Src/dma2d.c **** 
  76:Core/Src/dma2d.c ****     /* DMA2D interrupt Init */
  77:Core/Src/dma2d.c ****     HAL_NVIC_SetPriority(DMA2D_IRQn, 0, 0);
 155              		.loc 1 77 5 view .LVU44
 156 0028 0022     		movs	r2, #0
 157 002a 1146     		mov	r1, r2
 158 002c 5A20     		movs	r0, #90
 159              	.LVL5:
 160              		.loc 1 77 5 is_stmt 0 view .LVU45
 161 002e FFF7FEFF 		bl	HAL_NVIC_SetPriority
 162              	.LVL6:
  78:Core/Src/dma2d.c ****     HAL_NVIC_EnableIRQ(DMA2D_IRQn);
 163              		.loc 1 78 5 is_stmt 1 view .LVU46
 164 0032 5A20     		movs	r0, #90
 165 0034 FFF7FEFF 		bl	HAL_NVIC_EnableIRQ
 166              	.LVL7:
  79:Core/Src/dma2d.c ****   /* USER CODE BEGIN DMA2D_MspInit 1 */
  80:Core/Src/dma2d.c **** 
  81:Core/Src/dma2d.c ****   /* USER CODE END DMA2D_MspInit 1 */
  82:Core/Src/dma2d.c ****   }
  83:Core/Src/dma2d.c **** }
 167              		.loc 1 83 1 is_stmt 0 view .LVU47
 168 0038 03B0     		add	sp, sp, #12
 169              		.cfi_def_cfa_offset 4
 170              		@ sp needed
 171 003a 5DF804FB 		ldr	pc, [sp], #4
 172              	.L17:
 173 003e 00BF     		.align	2
 174              	.L16:
 175 0040 00100052 		.word	1375735808
 176 0044 00440258 		.word	1476543488
 177              		.cfi_endproc
 178              	.LFE148:
 180              		.section	.text.HAL_DMA2D_MspDeInit,"ax",%progbits
 181              		.align	1
 182              		.global	HAL_DMA2D_MspDeInit
 183              		.syntax unified
 184              		.thumb
 185              		.thumb_func
 187              	HAL_DMA2D_MspDeInit:
 188              	.LVL8:
 189              	.LFB149:
  84:Core/Src/dma2d.c **** 
  85:Core/Src/dma2d.c **** void HAL_DMA2D_MspDeInit(DMA2D_HandleTypeDef* dma2dHandle)
  86:Core/Src/dma2d.c **** {
 190              		.loc 1 86 1 is_stmt 1 view -0
 191              		.cfi_startproc
 192              		@ args = 0, pretend = 0, frame = 0
 193              		@ frame_needed = 0, uses_anonymous_args = 0
 194              		.loc 1 86 1 is_stmt 0 view .LVU49
 195 0000 08B5     		push	{r3, lr}
 196              		.cfi_def_cfa_offset 8
 197              		.cfi_offset 3, -8
 198              		.cfi_offset 14, -4
  87:Core/Src/dma2d.c **** 
  88:Core/Src/dma2d.c ****   if(dma2dHandle->Instance==DMA2D)
 199              		.loc 1 88 3 is_stmt 1 view .LVU50
ARM GAS  C:\Users\OSD\AppData\Local\Temp\ccceBrDl.s 			page 6


 200              		.loc 1 88 17 is_stmt 0 view .LVU51
 201 0002 0268     		ldr	r2, [r0]
 202              		.loc 1 88 5 view .LVU52
 203 0004 074B     		ldr	r3, .L22
 204 0006 9A42     		cmp	r2, r3
 205 0008 00D0     		beq	.L21
 206              	.LVL9:
 207              	.L18:
  89:Core/Src/dma2d.c ****   {
  90:Core/Src/dma2d.c ****   /* USER CODE BEGIN DMA2D_MspDeInit 0 */
  91:Core/Src/dma2d.c **** 
  92:Core/Src/dma2d.c ****   /* USER CODE END DMA2D_MspDeInit 0 */
  93:Core/Src/dma2d.c ****     /* Peripheral clock disable */
  94:Core/Src/dma2d.c ****     __HAL_RCC_DMA2D_CLK_DISABLE();
  95:Core/Src/dma2d.c **** 
  96:Core/Src/dma2d.c ****     /* DMA2D interrupt Deinit */
  97:Core/Src/dma2d.c ****     HAL_NVIC_DisableIRQ(DMA2D_IRQn);
  98:Core/Src/dma2d.c ****   /* USER CODE BEGIN DMA2D_MspDeInit 1 */
  99:Core/Src/dma2d.c **** 
 100:Core/Src/dma2d.c ****   /* USER CODE END DMA2D_MspDeInit 1 */
 101:Core/Src/dma2d.c ****   }
 102:Core/Src/dma2d.c **** }
 208              		.loc 1 102 1 view .LVU53
 209 000a 08BD     		pop	{r3, pc}
 210              	.LVL10:
 211              	.L21:
  94:Core/Src/dma2d.c **** 
 212              		.loc 1 94 5 is_stmt 1 view .LVU54
 213 000c 064A     		ldr	r2, .L22+4
 214 000e D2F8D430 		ldr	r3, [r2, #212]
 215 0012 23F01003 		bic	r3, r3, #16
 216 0016 C2F8D430 		str	r3, [r2, #212]
  97:Core/Src/dma2d.c ****   /* USER CODE BEGIN DMA2D_MspDeInit 1 */
 217              		.loc 1 97 5 view .LVU55
 218 001a 5A20     		movs	r0, #90
 219              	.LVL11:
  97:Core/Src/dma2d.c ****   /* USER CODE BEGIN DMA2D_MspDeInit 1 */
 220              		.loc 1 97 5 is_stmt 0 view .LVU56
 221 001c FFF7FEFF 		bl	HAL_NVIC_DisableIRQ
 222              	.LVL12:
 223              		.loc 1 102 1 view .LVU57
 224 0020 F3E7     		b	.L18
 225              	.L23:
 226 0022 00BF     		.align	2
 227              	.L22:
 228 0024 00100052 		.word	1375735808
 229 0028 00440258 		.word	1476543488
 230              		.cfi_endproc
 231              	.LFE149:
 233              		.global	hdma2d
 234              		.section	.bss.hdma2d,"aw",%nobits
 235              		.align	2
 236              		.set	.LANCHOR0,. + 0
 239              	hdma2d:
 240 0000 00000000 		.space	104
 240      00000000 
 240      00000000 
ARM GAS  C:\Users\OSD\AppData\Local\Temp\ccceBrDl.s 			page 7


 240      00000000 
 240      00000000 
 241              		.text
 242              	.Letext0:
 243              		.file 2 "c:\\tools\\gcc-arm-none-eabi\\arm-none-eabi\\include\\machine\\_default_types.h"
 244              		.file 3 "c:\\tools\\gcc-arm-none-eabi\\arm-none-eabi\\include\\sys\\_stdint.h"
 245              		.file 4 "Drivers/CMSIS/Device/ST/STM32H7xx/Include/stm32h743xx.h"
 246              		.file 5 "Drivers/STM32H7xx_HAL_Driver/Inc/stm32h7xx_hal_def.h"
 247              		.file 6 "Drivers/STM32H7xx_HAL_Driver/Inc/stm32h7xx_hal_dma2d.h"
 248              		.file 7 "Drivers/STM32H7xx_HAL_Driver/Inc/stm32h7xx_hal_cortex.h"
 249              		.file 8 "Core/Inc/main.h"
 250              		.file 9 "Core/Inc/dma2d.h"
ARM GAS  C:\Users\OSD\AppData\Local\Temp\ccceBrDl.s 			page 8


DEFINED SYMBOLS
                            *ABS*:00000000 dma2d.c
C:\Users\OSD\AppData\Local\Temp\ccceBrDl.s:19     .text.MX_DMA2D_Init:00000000 $t
C:\Users\OSD\AppData\Local\Temp\ccceBrDl.s:25     .text.MX_DMA2D_Init:00000000 MX_DMA2D_Init
C:\Users\OSD\AppData\Local\Temp\ccceBrDl.s:105    .text.MX_DMA2D_Init:00000040 $d
C:\Users\OSD\AppData\Local\Temp\ccceBrDl.s:111    .text.HAL_DMA2D_MspInit:00000000 $t
C:\Users\OSD\AppData\Local\Temp\ccceBrDl.s:117    .text.HAL_DMA2D_MspInit:00000000 HAL_DMA2D_MspInit
C:\Users\OSD\AppData\Local\Temp\ccceBrDl.s:175    .text.HAL_DMA2D_MspInit:00000040 $d
C:\Users\OSD\AppData\Local\Temp\ccceBrDl.s:181    .text.HAL_DMA2D_MspDeInit:00000000 $t
C:\Users\OSD\AppData\Local\Temp\ccceBrDl.s:187    .text.HAL_DMA2D_MspDeInit:00000000 HAL_DMA2D_MspDeInit
C:\Users\OSD\AppData\Local\Temp\ccceBrDl.s:228    .text.HAL_DMA2D_MspDeInit:00000024 $d
C:\Users\OSD\AppData\Local\Temp\ccceBrDl.s:239    .bss.hdma2d:00000000 hdma2d
C:\Users\OSD\AppData\Local\Temp\ccceBrDl.s:235    .bss.hdma2d:00000000 $d

UNDEFINED SYMBOLS
HAL_DMA2D_Init
HAL_DMA2D_ConfigLayer
Error_Handler
HAL_NVIC_SetPriority
HAL_NVIC_EnableIRQ
HAL_NVIC_DisableIRQ
