ARM GAS  C:\Users\OSD\AppData\Local\Temp\ccWJevMe.s 			page 1


   1              		.cpu cortex-m7
   2              		.arch armv7e-m
   3              		.fpu fpv5-d16
   4              		.eabi_attribute 28, 1
   5              		.eabi_attribute 20, 1
   6              		.eabi_attribute 21, 1
   7              		.eabi_attribute 23, 3
   8              		.eabi_attribute 24, 1
   9              		.eabi_attribute 25, 1
  10              		.eabi_attribute 26, 1
  11              		.eabi_attribute 30, 1
  12              		.eabi_attribute 34, 1
  13              		.eabi_attribute 18, 4
  14              		.file	"img_skew_strip.c"
  15              		.text
  16              	.Ltext0:
  17              		.cfi_sections	.debug_frame
  18              		.global	img_skew_strip
  19              		.global	img_skew_strip_map
  20              		.section	.rodata.img_skew_strip,"a"
  21              		.align	2
  24              	img_skew_strip:
  25 0000 05       		.byte	5
  26 0001 40       		.byte	64
  27 0002 81       		.byte	129
  28 0003 02       		.byte	2
  29 0004 00190000 		.word	6400
  30 0008 00000000 		.word	img_skew_strip_map
  31              		.section	.rodata.img_skew_strip_map,"a"
  32              		.align	2
  35              	img_skew_strip_map:
  36 0000 FFFFFF00 		.ascii	"\377\377\377\000\377\377\377\000\377\377\377\000\377"
  36      FFFFFF00 
  36      FFFFFF00 
  36      FF
  37 000d FFFF00FF 		.ascii	"\377\377\000\377\377\377\000\377\377\377\000\377\377"
  37      FFFF00FF 
  37      FFFF00FF 
  37      FF
  38 001a FF00FFFF 		.ascii	"\377\000\377\377\377\000\377\377\377\000\377\377\377"
  38      FF00FFFF 
  38      FF00FFFF 
  38      FF
  39 0027 00FFFFFF 		.ascii	"\000\377\377\377\000\377\377\377\000\377\377\377\000"
  39      00FFFFFF 
  39      00FFFFFF 
  39      00
  40 0034 FFFFFF00 		.ascii	"\377\377\377\000\377\377\377\000\377\377\377\000\377"
  40      FFFFFF00 
  40      FFFFFF00 
  40      FF
  41 0041 FFFF00FF 		.ascii	"\377\377\000\377\377\377\000\377\377\377\000\377\377"
  41      FFFF00FF 
  41      FFFF00FF 
  41      FF
  42 004e FF7FFFFF 		.ascii	"\377\177\377\377\377\377\377\377\377\377\377\377\377"
  42      FFFFFFFF 
ARM GAS  C:\Users\OSD\AppData\Local\Temp\ccWJevMe.s 			page 2


  42      FFFFFFFF 
  42      FF
  43 005b FFFFFFFF 		.ascii	"\377\377\377\377\377\377\377\377\377\377\377\377\377"
  43      FFFFFFFF 
  43      FFFFFFFF 
  43      FF
  44 0068 FFFFFFFF 		.ascii	"\377\377\377\377\377\377\377\377\377\377\377\377\377"
  44      FFFFFFFF 
  44      FFFFFFFF 
  44      FF
  45 0075 FFFFFFFF 		.ascii	"\377\377\377\377\377\377\377\377\377\377\377\377\377"
  45      FFFFFFFF 
  45      FFFFFFFF 
  45      FF
  46 0082 FFFFFFFF 		.ascii	"\377\377\377\377\377\377\377\377\377\377\377\377\377"
  46      FFFFFFFF 
  46      FFFFFFFF 
  46      FF
  47 008f FFFFFFFF 		.ascii	"\377\377\377\377\377\377\377\377\377\377\377\377\377"
  47      FFFFFFFF 
  47      FFFFFFFF 
  47      FF
  48 009c FFFFFFFF 		.ascii	"\377\377\377\377\377\377\377\377\377\377\377\377\377"
  48      FFFFFFFF 
  48      FFFFFFFF 
  48      FF
  49 00a9 FFFFFFFF 		.ascii	"\377\377\377\377\377\377\377\377\377\377\377\377\377"
  49      FFFFFFFF 
  49      FFFFFFFF 
  49      FF
  50 00b6 FFFFFFFF 		.ascii	"\377\377\377\377\377\377\377\377\377\377\377\377\377"
  50      FFFFFFFF 
  50      FFFFFFFF 
  50      FF
  51 00c3 FFFFFFFF 		.ascii	"\377\377\377\377\377\377\377\377\377\377\377\377\377"
  51      FFFFFFFF 
  51      FFFFFFFF 
  51      FF
  52 00d0 FFFFFFFF 		.ascii	"\377\377\377\377\377\377\377\377\377\377\377\377\377"
  52      FFFFFFFF 
  52      FFFFFFFF 
  52      FF
  53 00dd FFFFFFFF 		.ascii	"\377\377\377\377\377\377\377\377\377\377\377\377\377"
  53      FFFFFFFF 
  53      FFFFFFFF 
  53      FF
  54 00ea FFFFFFFF 		.ascii	"\377\377\377\377\377\200\377\377\377\000\377\377\377"
  54      FF80FFFF 
  54      FF00FFFF 
  54      FF
  55 00f7 00FFFFFF 		.ascii	"\000\377\377\377\000\377\377\377\000\377\377\377\000"
  55      00FFFFFF 
  55      00FFFFFF 
  55      00
  56 0104 FFFFFF00 		.ascii	"\377\377\377\000\377\377\377\000\377\377\377\000\377"
  56      FFFFFF00 
  56      FFFFFF00 
ARM GAS  C:\Users\OSD\AppData\Local\Temp\ccWJevMe.s 			page 3


  56      FF
  57 0111 FFFF00FF 		.ascii	"\377\377\000\377\377\377\000\377\377\377\000\377\377"
  57      FFFF00FF 
  57      FFFF00FF 
  57      FF
  58 011e FF00FFFF 		.ascii	"\377\000\377\377\377\000\377\377\377\000\377\377\377"
  58      FF00FFFF 
  58      FF00FFFF 
  58      FF
  59 012b 00FFFFFF 		.ascii	"\000\377\377\377\000\377\377\377\000\377\377\377\000"
  59      00FFFFFF 
  59      00FFFFFF 
  59      00
  60 0138 FFFFFF00 		.ascii	"\377\377\377\000\377\377\377\000\377\377\377\000\377"
  60      FFFFFF00 
  60      FFFFFF00 
  60      FF
  61 0145 FFFF00FF 		.ascii	"\377\377\000\377\377\377\000\377\377\377\000\377\377"
  61      FFFF00FF 
  61      FFFF00FF 
  61      FF
  62 0152 FF00FFFF 		.ascii	"\377\000\377\377\377\000\377\377\377\000\377\377\377"
  62      FF00FFFF 
  62      FF00FFFF 
  62      FF
  63 015f 00FFFFFF 		.ascii	"\000\377\377\377\000\377\377\377\000\377\377\377\000"
  63      00FFFFFF 
  63      00FFFFFF 
  63      00
  64 016c FFFFFF00 		.ascii	"\377\377\377\000\377\377\377\000\377\377\377\000\377"
  64      FFFFFF00 
  64      FFFFFF00 
  64      FF
  65 0179 FFFF00FF 		.ascii	"\377\377\000\377\377\377\000\377\377\377\000\377\377"
  65      FFFF00FF 
  65      FFFF00FF 
  65      FF
  66 0186 FF00FFFF 		.ascii	"\377\000\377\377\377\177\377\377\377\377\377\377\377"
  66      FF7FFFFF 
  66      FFFFFFFF 
  66      FF
  67 0193 FFFFFFFF 		.ascii	"\377\377\377\377\377\377\377\377\377\377\377\377\377"
  67      FFFFFFFF 
  67      FFFFFFFF 
  67      FF
  68 01a0 FFFFFFFF 		.ascii	"\377\377\377\377\377\377\377\377\377\377\377\377\377"
  68      FFFFFFFF 
  68      FFFFFFFF 
  68      FF
  69 01ad FFFFFFFF 		.ascii	"\377\377\377\377\377\377\377\377\377\377\377\377\377"
  69      FFFFFFFF 
  69      FFFFFFFF 
  69      FF
  70 01ba FFFFFFFF 		.ascii	"\377\377\377\377\377\377\377\377\377\377\377\377\377"
  70      FFFFFFFF 
  70      FFFFFFFF 
  70      FF
ARM GAS  C:\Users\OSD\AppData\Local\Temp\ccWJevMe.s 			page 4


  71 01c7 FFFFFFFF 		.ascii	"\377\377\377\377\377\377\377\377\377\377\377\377\377"
  71      FFFFFFFF 
  71      FFFFFFFF 
  71      FF
  72 01d4 FFFFFFFF 		.ascii	"\377\377\377\377\377\377\377\377\377\377\377\377\377"
  72      FFFFFFFF 
  72      FFFFFFFF 
  72      FF
  73 01e1 FFFFFFFF 		.ascii	"\377\377\377\377\377\377\377\377\377\377\377\377\377"
  73      FFFFFFFF 
  73      FFFFFFFF 
  73      FF
  74 01ee FFFFFFFF 		.ascii	"\377\377\377\377\377\377\377\377\377\377\377\377\377"
  74      FFFFFFFF 
  74      FFFFFFFF 
  74      FF
  75 01fb FFFFFFFF 		.ascii	"\377\377\377\377\377\377\377\377\377\377\377\377\377"
  75      FFFFFFFF 
  75      FFFFFFFF 
  75      FF
  76 0208 FFFFFFFF 		.ascii	"\377\377\377\377\377\377\377\377\377\377\377\377\377"
  76      FFFFFFFF 
  76      FFFFFFFF 
  76      FF
  77 0215 FFFFFFFF 		.ascii	"\377\377\377\377\377\377\377\377\377\377\377\377\377"
  77      FFFFFFFF 
  77      FFFFFFFF 
  77      FF
  78 0222 FFFFFFFF 		.ascii	"\377\377\377\377\377\377\377\377\377\200\377\377\377"
  78      FFFFFFFF 
  78      FF80FFFF 
  78      FF
  79 022f 00FFFFFF 		.ascii	"\000\377\377\377\000\377\377\377\000\377\377\377\000"
  79      00FFFFFF 
  79      00FFFFFF 
  79      00
  80 023c FFFFFF00 		.ascii	"\377\377\377\000\377\377\377\000\377\377\377\000\377"
  80      FFFFFF00 
  80      FFFFFF00 
  80      FF
  81 0249 FFFF00FF 		.ascii	"\377\377\000\377\377\377\000\377\377\377\000\377\377"
  81      FFFF00FF 
  81      FFFF00FF 
  81      FF
  82 0256 FF00FFFF 		.ascii	"\377\000\377\377\377\000\377\377\377\000\377\377\377"
  82      FF00FFFF 
  82      FF00FFFF 
  82      FF
  83 0263 00FFFFFF 		.ascii	"\000\377\377\377\000\377\377\377\000\377\377\377\000"
  83      00FFFFFF 
  83      00FFFFFF 
  83      00
  84 0270 FFFFFF00 		.ascii	"\377\377\377\000\377\377\377\000\377\377\377\000\377"
  84      FFFFFF00 
  84      FFFFFF00 
  84      FF
  85 027d FFFF00FF 		.ascii	"\377\377\000\377\377\377\000\377\377\377\000\377\377"
ARM GAS  C:\Users\OSD\AppData\Local\Temp\ccWJevMe.s 			page 5


  85      FFFF00FF 
  85      FFFF00FF 
  85      FF
  86 028a FF00FFFF 		.ascii	"\377\000\377\377\377\000\377\377\377\000\377\377\377"
  86      FF00FFFF 
  86      FF00FFFF 
  86      FF
  87 0297 00FFFFFF 		.ascii	"\000\377\377\377\000\377\377\377\000\377\377\377\000"
  87      00FFFFFF 
  87      00FFFFFF 
  87      00
  88 02a4 FFFFFF00 		.ascii	"\377\377\377\000\377\377\377\000\377\377\377\000\377"
  88      FFFFFF00 
  88      FFFFFF00 
  88      FF
  89 02b1 FFFF00FF 		.ascii	"\377\377\000\377\377\377\000\377\377\377\000\377\377"
  89      FFFF00FF 
  89      FFFF00FF 
  89      FF
  90 02be FF00FFFF 		.ascii	"\377\000\377\377\377\000\377\377\377\177\377\377\377"
  90      FF00FFFF 
  90      FF7FFFFF 
  90      FF
  91 02cb FFFFFFFF 		.ascii	"\377\377\377\377\377\377\377\377\377\377\377\377\377"
  91      FFFFFFFF 
  91      FFFFFFFF 
  91      FF
  92 02d8 FFFFFFFF 		.ascii	"\377\377\377\377\377\377\377\377\377\377\377\377\377"
  92      FFFFFFFF 
  92      FFFFFFFF 
  92      FF
  93 02e5 FFFFFFFF 		.ascii	"\377\377\377\377\377\377\377\377\377\377\377\377\377"
  93      FFFFFFFF 
  93      FFFFFFFF 
  93      FF
  94 02f2 FFFFFFFF 		.ascii	"\377\377\377\377\377\377\377\377\377\377\377\377\377"
  94      FFFFFFFF 
  94      FFFFFFFF 
  94      FF
  95 02ff FFFFFFFF 		.ascii	"\377\377\377\377\377\377\377\377\377\377\377\377\377"
  95      FFFFFFFF 
  95      FFFFFFFF 
  95      FF
  96 030c FFFFFFFF 		.ascii	"\377\377\377\377\377\377\377\377\377\377\377\377\377"
  96      FFFFFFFF 
  96      FFFFFFFF 
  96      FF
  97 0319 FFFFFFFF 		.ascii	"\377\377\377\377\377\377\377\377\377\377\377\377\377"
  97      FFFFFFFF 
  97      FFFFFFFF 
  97      FF
  98 0326 FFFFFFFF 		.ascii	"\377\377\377\377\377\377\377\377\377\377\377\377\377"
  98      FFFFFFFF 
  98      FFFFFFFF 
  98      FF
  99 0333 FFFFFFFF 		.ascii	"\377\377\377\377\377\377\377\377\377\377\377\377\377"
  99      FFFFFFFF 
ARM GAS  C:\Users\OSD\AppData\Local\Temp\ccWJevMe.s 			page 6


  99      FFFFFFFF 
  99      FF
 100 0340 FFFFFFFF 		.ascii	"\377\377\377\377\377\377\377\377\377\377\377\377\377"
 100      FFFFFFFF 
 100      FFFFFFFF 
 100      FF
 101 034d FFFFFFFF 		.ascii	"\377\377\377\377\377\377\377\377\377\377\377\377\377"
 101      FFFFFFFF 
 101      FFFFFFFF 
 101      FF
 102 035a FFFFFFFF 		.ascii	"\377\377\377\377\377\377\377\377\377\377\377\377\377"
 102      FFFFFFFF 
 102      FFFFFFFF 
 102      FF
 103 0367 80FFFFFF 		.ascii	"\200\377\377\377\000\377\377\377\000\377\377\377\000"
 103      00FFFFFF 
 103      00FFFFFF 
 103      00
 104 0374 FFFFFF00 		.ascii	"\377\377\377\000\377\377\377\000\377\377\377\000\377"
 104      FFFFFF00 
 104      FFFFFF00 
 104      FF
 105 0381 FFFF00FF 		.ascii	"\377\377\000\377\377\377\000\377\377\377\000\377\377"
 105      FFFF00FF 
 105      FFFF00FF 
 105      FF
 106 038e FF00FFFF 		.ascii	"\377\000\377\377\377\000\377\377\377\000\377\377\377"
 106      FF00FFFF 
 106      FF00FFFF 
 106      FF
 107 039b 00FFFFFF 		.ascii	"\000\377\377\377\000\377\377\377\000\377\377\377\000"
 107      00FFFFFF 
 107      00FFFFFF 
 107      00
 108 03a8 FFFFFF00 		.ascii	"\377\377\377\000\377\377\377\000\377\377\377\000\377"
 108      FFFFFF00 
 108      FFFFFF00 
 108      FF
 109 03b5 FFFF00FF 		.ascii	"\377\377\000\377\377\377\000\377\377\377\000\377\377"
 109      FFFF00FF 
 109      FFFF00FF 
 109      FF
 110 03c2 FF00FFFF 		.ascii	"\377\000\377\377\377\000\377\377\377\000\377\377\377"
 110      FF00FFFF 
 110      FF00FFFF 
 110      FF
 111 03cf 00FFFFFF 		.ascii	"\000\377\377\377\000\377\377\377\000\377\377\377\000"
 111      00FFFFFF 
 111      00FFFFFF 
 111      00
 112 03dc FFFFFF00 		.ascii	"\377\377\377\000\377\377\377\000\377\377\377\000\377"
 112      FFFFFF00 
 112      FFFFFF00 
 112      FF
 113 03e9 FFFF00FF 		.ascii	"\377\377\000\377\377\377\000\377\377\377\000\377\377"
 113      FFFF00FF 
 113      FFFF00FF 
ARM GAS  C:\Users\OSD\AppData\Local\Temp\ccWJevMe.s 			page 7


 113      FF
 114 03f6 FF00FFFF 		.ascii	"\377\000\377\377\377\000\377\377\377\000\377\377\377"
 114      FF00FFFF 
 114      FF00FFFF 
 114      FF
 115 0403 7FFFFFFF 		.ascii	"\177\377\377\377\377\377\377\377\377\377\377\377\377"
 115      FFFFFFFF 
 115      FFFFFFFF 
 115      FF
 116 0410 FFFFFFFF 		.ascii	"\377\377\377\377\377\377\377\377\377\377\377\377\377"
 116      FFFFFFFF 
 116      FFFFFFFF 
 116      FF
 117 041d FFFFFFFF 		.ascii	"\377\377\377\377\377\377\377\377\377\377\377\377\377"
 117      FFFFFFFF 
 117      FFFFFFFF 
 117      FF
 118 042a FFFFFFFF 		.ascii	"\377\377\377\377\377\377\377\377\377\377\377\377\377"
 118      FFFFFFFF 
 118      FFFFFFFF 
 118      FF
 119 0437 FFFFFFFF 		.ascii	"\377\377\377\377\377\377\377\377\377\377\377\377\377"
 119      FFFFFFFF 
 119      FFFFFFFF 
 119      FF
 120 0444 FFFFFFFF 		.ascii	"\377\377\377\377\377\377\377\377\377\377\377\377\377"
 120      FFFFFFFF 
 120      FFFFFFFF 
 120      FF
 121 0451 FFFFFFFF 		.ascii	"\377\377\377\377\377\377\377\377\377\377\377\377\377"
 121      FFFFFFFF 
 121      FFFFFFFF 
 121      FF
 122 045e FFFFFFFF 		.ascii	"\377\377\377\377\377\377\377\377\377\377\377\377\377"
 122      FFFFFFFF 
 122      FFFFFFFF 
 122      FF
 123 046b FFFFFFFF 		.ascii	"\377\377\377\377\377\377\377\377\377\377\377\377\377"
 123      FFFFFFFF 
 123      FFFFFFFF 
 123      FF
 124 0478 FFFFFFFF 		.ascii	"\377\377\377\377\377\377\377\377\377\377\377\377\377"
 124      FFFFFFFF 
 124      FFFFFFFF 
 124      FF
 125 0485 FFFFFFFF 		.ascii	"\377\377\377\377\377\377\377\377\377\377\377\377\377"
 125      FFFFFFFF 
 125      FFFFFFFF 
 125      FF
 126 0492 FFFFFFFF 		.ascii	"\377\377\377\377\377\377\377\377\377\377\377\377\377"
 126      FFFFFFFF 
 126      FFFFFFFF 
 126      FF
 127 049f FFFFFFFF 		.ascii	"\377\377\377\377\200\377\377\377\000\377\377\377\000"
 127      80FFFFFF 
 127      00FFFFFF 
 127      00
ARM GAS  C:\Users\OSD\AppData\Local\Temp\ccWJevMe.s 			page 8


 128 04ac FFFFFF00 		.ascii	"\377\377\377\000\377\377\377\000\377\377\377\000\377"
 128      FFFFFF00 
 128      FFFFFF00 
 128      FF
 129 04b9 FFFF00FF 		.ascii	"\377\377\000\377\377\377\000\377\377\377\000\377\377"
 129      FFFF00FF 
 129      FFFF00FF 
 129      FF
 130 04c6 FF00FFFF 		.ascii	"\377\000\377\377\377\000\377\377\377\000\377\377\377"
 130      FF00FFFF 
 130      FF00FFFF 
 130      FF
 131 04d3 00FFFFFF 		.ascii	"\000\377\377\377\000\377\377\377\000\377\377\377\000"
 131      00FFFFFF 
 131      00FFFFFF 
 131      00
 132 04e0 FFFFFF00 		.ascii	"\377\377\377\000\377\377\377\000\377\377\377\000\377"
 132      FFFFFF00 
 132      FFFFFF00 
 132      FF
 133 04ed FFFF00FF 		.ascii	"\377\377\000\377\377\377\000\377\377\377\000\377\377"
 133      FFFF00FF 
 133      FFFF00FF 
 133      FF
 134 04fa FF00FFFF 		.ascii	"\377\000\377\377\377\000\377\377\377\000\377\377\377"
 134      FF00FFFF 
 134      FF00FFFF 
 134      FF
 135 0507 00FFFFFF 		.ascii	"\000\377\377\377\000\377\377\377\000\377\377\377\000"
 135      00FFFFFF 
 135      00FFFFFF 
 135      00
 136 0514 FFFFFF00 		.ascii	"\377\377\377\000\377\377\377\000\377\377\377\000\377"
 136      FFFFFF00 
 136      FFFFFF00 
 136      FF
 137 0521 FFFF00FF 		.ascii	"\377\377\000\377\377\377\000\377\377\377\000\377\377"
 137      FFFF00FF 
 137      FFFF00FF 
 137      FF
 138 052e FF00FFFF 		.ascii	"\377\000\377\377\377\000\377\377\377\000\377\377\377"
 138      FF00FFFF 
 138      FF00FFFF 
 138      FF
 139 053b 00FFFFFF 		.ascii	"\000\377\377\377\177\377\377\377\377\377\377\377\377"
 139      7FFFFFFF 
 139      FFFFFFFF 
 139      FF
 140 0548 FFFFFFFF 		.ascii	"\377\377\377\377\377\377\377\377\377\377\377\377\377"
 140      FFFFFFFF 
 140      FFFFFFFF 
 140      FF
 141 0555 FFFFFFFF 		.ascii	"\377\377\377\377\377\377\377\377\377\377\377\377\377"
 141      FFFFFFFF 
 141      FFFFFFFF 
 141      FF
 142 0562 FFFFFFFF 		.ascii	"\377\377\377\377\377\377\377\377\377\377\377\377\377"
ARM GAS  C:\Users\OSD\AppData\Local\Temp\ccWJevMe.s 			page 9


 142      FFFFFFFF 
 142      FFFFFFFF 
 142      FF
 143 056f FFFFFFFF 		.ascii	"\377\377\377\377\377\377\377\377\377\377\377\377\377"
 143      FFFFFFFF 
 143      FFFFFFFF 
 143      FF
 144 057c FFFFFFFF 		.ascii	"\377\377\377\377\377\377\377\377\377\377\377\377\377"
 144      FFFFFFFF 
 144      FFFFFFFF 
 144      FF
 145 0589 FFFFFFFF 		.ascii	"\377\377\377\377\377\377\377\377\377\377\377\377\377"
 145      FFFFFFFF 
 145      FFFFFFFF 
 145      FF
 146 0596 FFFFFFFF 		.ascii	"\377\377\377\377\377\377\377\377\377\377\377\377\377"
 146      FFFFFFFF 
 146      FFFFFFFF 
 146      FF
 147 05a3 FFFFFFFF 		.ascii	"\377\377\377\377\377\377\377\377\377\377\377\377\377"
 147      FFFFFFFF 
 147      FFFFFFFF 
 147      FF
 148 05b0 FFFFFFFF 		.ascii	"\377\377\377\377\377\377\377\377\377\377\377\377\377"
 148      FFFFFFFF 
 148      FFFFFFFF 
 148      FF
 149 05bd FFFFFFFF 		.ascii	"\377\377\377\377\377\377\377\377\377\377\377\377\377"
 149      FFFFFFFF 
 149      FFFFFFFF 
 149      FF
 150 05ca FFFFFFFF 		.ascii	"\377\377\377\377\377\377\377\377\377\377\377\377\377"
 150      FFFFFFFF 
 150      FFFFFFFF 
 150      FF
 151 05d7 FFFFFFFF 		.ascii	"\377\377\377\377\377\377\377\377\200\377\377\377\000"
 151      FFFFFFFF 
 151      80FFFFFF 
 151      00
 152 05e4 FFFFFF00 		.ascii	"\377\377\377\000\377\377\377\000\377\377\377\000\377"
 152      FFFFFF00 
 152      FFFFFF00 
 152      FF
 153 05f1 FFFF00FF 		.ascii	"\377\377\000\377\377\377\000\377\377\377\000\377\377"
 153      FFFF00FF 
 153      FFFF00FF 
 153      FF
 154 05fe FF00FFFF 		.ascii	"\377\000\377\377\377\000\377\377\377\000\377\377\377"
 154      FF00FFFF 
 154      FF00FFFF 
 154      FF
 155 060b 00FFFFFF 		.ascii	"\000\377\377\377\000\377\377\377\000\377\377\377\000"
 155      00FFFFFF 
 155      00FFFFFF 
 155      00
 156 0618 FFFFFF00 		.ascii	"\377\377\377\000\377\377\377\000\377\377\377\000\377"
 156      FFFFFF00 
ARM GAS  C:\Users\OSD\AppData\Local\Temp\ccWJevMe.s 			page 10


 156      FFFFFF00 
 156      FF
 157 0625 FFFF00FF 		.ascii	"\377\377\000\377\377\377\000\377\377\377\000\377\377"
 157      FFFF00FF 
 157      FFFF00FF 
 157      FF
 158 0632 FF00FFFF 		.ascii	"\377\000\377\377\377\000\377\377\377\000\377\377\377"
 158      FF00FFFF 
 158      FF00FFFF 
 158      FF
 159 063f 00FFFFFF 		.ascii	"\000\377\377\377\000\377\377\377\000\377\377\377\000"
 159      00FFFFFF 
 159      00FFFFFF 
 159      00
 160 064c FFFFFF00 		.ascii	"\377\377\377\000\377\377\377\000\377\377\377\000\377"
 160      FFFFFF00 
 160      FFFFFF00 
 160      FF
 161 0659 FFFF00FF 		.ascii	"\377\377\000\377\377\377\000\377\377\377\000\377\377"
 161      FFFF00FF 
 161      FFFF00FF 
 161      FF
 162 0666 FF00FFFF 		.ascii	"\377\000\377\377\377\000\377\377\377\000\377\377\377"
 162      FF00FFFF 
 162      FF00FFFF 
 162      FF
 163 0673 00FFFFFF 		.ascii	"\000\377\377\377\000\377\377\377\177\377\377\377\377"
 163      00FFFFFF 
 163      7FFFFFFF 
 163      FF
 164 0680 FFFFFFFF 		.ascii	"\377\377\377\377\377\377\377\377\377\377\377\377\377"
 164      FFFFFFFF 
 164      FFFFFFFF 
 164      FF
 165 068d FFFFFFFF 		.ascii	"\377\377\377\377\377\377\377\377\377\377\377\377\377"
 165      FFFFFFFF 
 165      FFFFFFFF 
 165      FF
 166 069a FFFFFFFF 		.ascii	"\377\377\377\377\377\377\377\377\377\377\377\377\377"
 166      FFFFFFFF 
 166      FFFFFFFF 
 166      FF
 167 06a7 FFFFFFFF 		.ascii	"\377\377\377\377\377\377\377\377\377\377\377\377\377"
 167      FFFFFFFF 
 167      FFFFFFFF 
 167      FF
 168 06b4 FFFFFFFF 		.ascii	"\377\377\377\377\377\377\377\377\377\377\377\377\377"
 168      FFFFFFFF 
 168      FFFFFFFF 
 168      FF
 169 06c1 FFFFFFFF 		.ascii	"\377\377\377\377\377\377\377\377\377\377\377\377\377"
 169      FFFFFFFF 
 169      FFFFFFFF 
 169      FF
 170 06ce FFFFFFFF 		.ascii	"\377\377\377\377\377\377\377\377\377\377\377\377\377"
 170      FFFFFFFF 
 170      FFFFFFFF 
ARM GAS  C:\Users\OSD\AppData\Local\Temp\ccWJevMe.s 			page 11


 170      FF
 171 06db FFFFFFFF 		.ascii	"\377\377\377\377\377\377\377\377\377\377\377\377\377"
 171      FFFFFFFF 
 171      FFFFFFFF 
 171      FF
 172 06e8 FFFFFFFF 		.ascii	"\377\377\377\377\377\377\377\377\377\377\377\377\377"
 172      FFFFFFFF 
 172      FFFFFFFF 
 172      FF
 173 06f5 FFFFFFFF 		.ascii	"\377\377\377\377\377\377\377\377\377\377\377\377\377"
 173      FFFFFFFF 
 173      FFFFFFFF 
 173      FF
 174 0702 FFFFFFFF 		.ascii	"\377\377\377\377\377\377\377\377\377\377\377\377\377"
 174      FFFFFFFF 
 174      FFFFFFFF 
 174      FF
 175 070f FFFFFFFF 		.ascii	"\377\377\377\377\377\377\377\377\377\377\377\377\200"
 175      FFFFFFFF 
 175      FFFFFFFF 
 175      80
 176 071c FFFFFF00 		.ascii	"\377\377\377\000\377\377\377\000\377\377\377\000\377"
 176      FFFFFF00 
 176      FFFFFF00 
 176      FF
 177 0729 FFFF00FF 		.ascii	"\377\377\000\377\377\377\000\377\377\377\000\377\377"
 177      FFFF00FF 
 177      FFFF00FF 
 177      FF
 178 0736 FF00FFFF 		.ascii	"\377\000\377\377\377\000\377\377\377\000\377\377\377"
 178      FF00FFFF 
 178      FF00FFFF 
 178      FF
 179 0743 00FFFFFF 		.ascii	"\000\377\377\377\000\377\377\377\000\377\377\377\000"
 179      00FFFFFF 
 179      00FFFFFF 
 179      00
 180 0750 FFFFFF00 		.ascii	"\377\377\377\000\377\377\377\000\377\377\377\000\377"
 180      FFFFFF00 
 180      FFFFFF00 
 180      FF
 181 075d FFFF00FF 		.ascii	"\377\377\000\377\377\377\000\377\377\377\000\377\377"
 181      FFFF00FF 
 181      FFFF00FF 
 181      FF
 182 076a FF00FFFF 		.ascii	"\377\000\377\377\377\000\377\377\377\000\377\377\377"
 182      FF00FFFF 
 182      FF00FFFF 
 182      FF
 183 0777 00FFFFFF 		.ascii	"\000\377\377\377\000\377\377\377\000\377\377\377\000"
 183      00FFFFFF 
 183      00FFFFFF 
 183      00
 184 0784 FFFFFF00 		.ascii	"\377\377\377\000\377\377\377\000\377\377\377\000\377"
 184      FFFFFF00 
 184      FFFFFF00 
 184      FF
ARM GAS  C:\Users\OSD\AppData\Local\Temp\ccWJevMe.s 			page 12


 185 0791 FFFF00FF 		.ascii	"\377\377\000\377\377\377\000\377\377\377\000\377\377"
 185      FFFF00FF 
 185      FFFF00FF 
 185      FF
 186 079e FF00FFFF 		.ascii	"\377\000\377\377\377\000\377\377\377\000\377\377\377"
 186      FF00FFFF 
 186      FF00FFFF 
 186      FF
 187 07ab 00FFFFFF 		.ascii	"\000\377\377\377\000\377\377\377\000\377\377\377\177"
 187      00FFFFFF 
 187      00FFFFFF 
 187      7F
 188 07b8 FFFFFFFF 		.ascii	"\377\377\377\377\377\377\377\377\377\377\377\377\377"
 188      FFFFFFFF 
 188      FFFFFFFF 
 188      FF
 189 07c5 FFFFFFFF 		.ascii	"\377\377\377\377\377\377\377\377\377\377\377"
 189      FFFFFFFF 
 189      FFFFFF
 190 07d0 FFFFFFFF 		.ascii	"\377\377\377\377\377\377\377\377\377\377\377\377\377"
 190      FFFFFFFF 
 190      FFFFFFFF 
 190      FF
 191 07dd FFFFFFFF 		.ascii	"\377\377\377\377\377\377\377\377\377\377\377\377\377"
 191      FFFFFFFF 
 191      FFFFFFFF 
 191      FF
 192 07ea FFFFFFFF 		.ascii	"\377\377\377\377\377\377\377\377\377\377\377\377\377"
 192      FFFFFFFF 
 192      FFFFFFFF 
 192      FF
 193 07f7 FFFFFFFF 		.ascii	"\377\377\377\377\377\377\377\377\377\377\377\377\377"
 193      FFFFFFFF 
 193      FFFFFFFF 
 193      FF
 194 0804 FFFFFFFF 		.ascii	"\377\377\377\377\377\377\377\377\377\377\377\377\377"
 194      FFFFFFFF 
 194      FFFFFFFF 
 194      FF
 195 0811 FFFFFFFF 		.ascii	"\377\377\377\377\377\377\377\377\377\377\377\377\377"
 195      FFFFFFFF 
 195      FFFFFFFF 
 195      FF
 196 081e FFFFFFFF 		.ascii	"\377\377\377\377\377\377\377\377\377\377\377\377\377"
 196      FFFFFFFF 
 196      FFFFFFFF 
 196      FF
 197 082b FFFFFFFF 		.ascii	"\377\377\377\377\377\377\377\377\377\377\377\377\377"
 197      FFFFFFFF 
 197      FFFFFFFF 
 197      FF
 198 0838 FFFFFFFF 		.ascii	"\377\377\377\377\377\377\377\377\377\377\377\377\377"
 198      FFFFFFFF 
 198      FFFFFFFF 
 198      FF
 199 0845 FFFFFFFF 		.ascii	"\377\377\377\377\377\377\377\377\377\377\377\377\377"
 199      FFFFFFFF 
ARM GAS  C:\Users\OSD\AppData\Local\Temp\ccWJevMe.s 			page 13


 199      FFFFFFFF 
 199      FF
 200 0852 FFFFFFFF 		.ascii	"\377\377\377\377\377\200\377\377\377\000\377\377\377"
 200      FF80FFFF 
 200      FF00FFFF 
 200      FF
 201 085f 00FFFFFF 		.ascii	"\000\377\377\377\000\377\377\377\000\377\377\377\000"
 201      00FFFFFF 
 201      00FFFFFF 
 201      00
 202 086c FFFFFF00 		.ascii	"\377\377\377\000\377\377\377\000\377\377\377\000\377"
 202      FFFFFF00 
 202      FFFFFF00 
 202      FF
 203 0879 FFFF00FF 		.ascii	"\377\377\000\377\377\377\000\377\377\377\000\377\377"
 203      FFFF00FF 
 203      FFFF00FF 
 203      FF
 204 0886 FF00FFFF 		.ascii	"\377\000\377\377\377\000\377\377\377\000\377\377\377"
 204      FF00FFFF 
 204      FF00FFFF 
 204      FF
 205 0893 00FFFFFF 		.ascii	"\000\377\377\377\000\377\377\377\000\377\377\377\000"
 205      00FFFFFF 
 205      00FFFFFF 
 205      00
 206 08a0 FFFFFF00 		.ascii	"\377\377\377\000\377\377\377\000\377\377\377\000\377"
 206      FFFFFF00 
 206      FFFFFF00 
 206      FF
 207 08ad FFFF00FF 		.ascii	"\377\377\000\377\377\377\000\377\377\377\000\377\377"
 207      FFFF00FF 
 207      FFFF00FF 
 207      FF
 208 08ba FF00FFFF 		.ascii	"\377\000\377\377\377\000\377\377\377\000\377\377\377"
 208      FF00FFFF 
 208      FF00FFFF 
 208      FF
 209 08c7 00FFFFFF 		.ascii	"\000\377\377\377\000\377\377\377\000\377\377\377\000"
 209      00FFFFFF 
 209      00FFFFFF 
 209      00
 210 08d4 FFFFFF00 		.ascii	"\377\377\377\000\377\377\377\000\377\377\377\000\377"
 210      FFFFFF00 
 210      FFFFFF00 
 210      FF
 211 08e1 FFFF00FF 		.ascii	"\377\377\000\377\377\377\000\377\377\377\000\377\377"
 211      FFFF00FF 
 211      FFFF00FF 
 211      FF
 212 08ee FF00FFFF 		.ascii	"\377\000\377\377\377\177\377\377\377\377\377\377\377"
 212      FF7FFFFF 
 212      FFFFFFFF 
 212      FF
 213 08fb FFFFFFFF 		.ascii	"\377\377\377\377\377\377\377\377\377\377\377\377\377"
 213      FFFFFFFF 
 213      FFFFFFFF 
ARM GAS  C:\Users\OSD\AppData\Local\Temp\ccWJevMe.s 			page 14


 213      FF
 214 0908 FFFFFFFF 		.ascii	"\377\377\377\377\377\377\377\377\377\377\377\377\377"
 214      FFFFFFFF 
 214      FFFFFFFF 
 214      FF
 215 0915 FFFFFFFF 		.ascii	"\377\377\377\377\377\377\377\377\377\377\377\377\377"
 215      FFFFFFFF 
 215      FFFFFFFF 
 215      FF
 216 0922 FFFFFFFF 		.ascii	"\377\377\377\377\377\377\377\377\377\377\377\377\377"
 216      FFFFFFFF 
 216      FFFFFFFF 
 216      FF
 217 092f FFFFFFFF 		.ascii	"\377\377\377\377\377\377\377\377\377\377\377\377\377"
 217      FFFFFFFF 
 217      FFFFFFFF 
 217      FF
 218 093c FFFFFFFF 		.ascii	"\377\377\377\377\377\377\377\377\377\377\377\377\377"
 218      FFFFFFFF 
 218      FFFFFFFF 
 218      FF
 219 0949 FFFFFFFF 		.ascii	"\377\377\377\377\377\377\377\377\377\377\377\377\377"
 219      FFFFFFFF 
 219      FFFFFFFF 
 219      FF
 220 0956 FFFFFFFF 		.ascii	"\377\377\377\377\377\377\377\377\377\377\377\377\377"
 220      FFFFFFFF 
 220      FFFFFFFF 
 220      FF
 221 0963 FFFFFFFF 		.ascii	"\377\377\377\377\377\377\377\377\377\377\377\377\377"
 221      FFFFFFFF 
 221      FFFFFFFF 
 221      FF
 222 0970 FFFFFFFF 		.ascii	"\377\377\377\377\377\377\377\377\377\377\377\377\377"
 222      FFFFFFFF 
 222      FFFFFFFF 
 222      FF
 223 097d FFFFFFFF 		.ascii	"\377\377\377\377\377\377\377\377\377\377\377\377\377"
 223      FFFFFFFF 
 223      FFFFFFFF 
 223      FF
 224 098a FFFFFFFF 		.ascii	"\377\377\377\377\377\377\377\377\377\200\377\377\377"
 224      FFFFFFFF 
 224      FF80FFFF 
 224      FF
 225 0997 00FFFFFF 		.ascii	"\000\377\377\377\000\377\377\377\000\377\377\377\000"
 225      00FFFFFF 
 225      00FFFFFF 
 225      00
 226 09a4 FFFFFF00 		.ascii	"\377\377\377\000\377\377\377\000\377\377\377\000\377"
 226      FFFFFF00 
 226      FFFFFF00 
 226      FF
 227 09b1 FFFF00FF 		.ascii	"\377\377\000\377\377\377\000\377\377\377\000\377\377"
 227      FFFF00FF 
 227      FFFF00FF 
 227      FF
ARM GAS  C:\Users\OSD\AppData\Local\Temp\ccWJevMe.s 			page 15


 228 09be FF00FFFF 		.ascii	"\377\000\377\377\377\000\377\377\377\000\377\377\377"
 228      FF00FFFF 
 228      FF00FFFF 
 228      FF
 229 09cb 00FFFFFF 		.ascii	"\000\377\377\377\000\377\377\377\000\377\377\377\000"
 229      00FFFFFF 
 229      00FFFFFF 
 229      00
 230 09d8 FFFFFF00 		.ascii	"\377\377\377\000\377\377\377\000\377\377\377\000\377"
 230      FFFFFF00 
 230      FFFFFF00 
 230      FF
 231 09e5 FFFF00FF 		.ascii	"\377\377\000\377\377\377\000\377\377\377\000\377\377"
 231      FFFF00FF 
 231      FFFF00FF 
 231      FF
 232 09f2 FF00FFFF 		.ascii	"\377\000\377\377\377\000\377\377\377\000\377\377\377"
 232      FF00FFFF 
 232      FF00FFFF 
 232      FF
 233 09ff 00FFFFFF 		.ascii	"\000\377\377\377\000\377\377\377\000\377\377\377\000"
 233      00FFFFFF 
 233      00FFFFFF 
 233      00
 234 0a0c FFFFFF00 		.ascii	"\377\377\377\000\377\377\377\000\377\377\377\000\377"
 234      FFFFFF00 
 234      FFFFFF00 
 234      FF
 235 0a19 FFFF00FF 		.ascii	"\377\377\000\377\377\377\000\377\377\377\000\377\377"
 235      FFFF00FF 
 235      FFFF00FF 
 235      FF
 236 0a26 FF00FFFF 		.ascii	"\377\000\377\377\377\000\377\377\377\177\377\377\377"
 236      FF00FFFF 
 236      FF7FFFFF 
 236      FF
 237 0a33 FFFFFFFF 		.ascii	"\377\377\377\377\377\377\377\377\377\377\377\377\377"
 237      FFFFFFFF 
 237      FFFFFFFF 
 237      FF
 238 0a40 FFFFFFFF 		.ascii	"\377\377\377\377\377\377\377\377\377\377\377\377\377"
 238      FFFFFFFF 
 238      FFFFFFFF 
 238      FF
 239 0a4d FFFFFFFF 		.ascii	"\377\377\377\377\377\377\377\377\377\377\377\377\377"
 239      FFFFFFFF 
 239      FFFFFFFF 
 239      FF
 240 0a5a FFFFFFFF 		.ascii	"\377\377\377\377\377\377\377\377\377\377\377\377\377"
 240      FFFFFFFF 
 240      FFFFFFFF 
 240      FF
 241 0a67 FFFFFFFF 		.ascii	"\377\377\377\377\377\377\377\377\377\377\377\377\377"
 241      FFFFFFFF 
 241      FFFFFFFF 
 241      FF
 242 0a74 FFFFFFFF 		.ascii	"\377\377\377\377\377\377\377\377\377\377\377\377\377"
ARM GAS  C:\Users\OSD\AppData\Local\Temp\ccWJevMe.s 			page 16


 242      FFFFFFFF 
 242      FFFFFFFF 
 242      FF
 243 0a81 FFFFFFFF 		.ascii	"\377\377\377\377\377\377\377\377\377\377\377\377\377"
 243      FFFFFFFF 
 243      FFFFFFFF 
 243      FF
 244 0a8e FFFFFFFF 		.ascii	"\377\377\377\377\377\377\377\377\377\377\377\377\377"
 244      FFFFFFFF 
 244      FFFFFFFF 
 244      FF
 245 0a9b FFFFFFFF 		.ascii	"\377\377\377\377\377\377\377\377\377\377\377\377\377"
 245      FFFFFFFF 
 245      FFFFFFFF 
 245      FF
 246 0aa8 FFFFFFFF 		.ascii	"\377\377\377\377\377\377\377\377\377\377\377\377\377"
 246      FFFFFFFF 
 246      FFFFFFFF 
 246      FF
 247 0ab5 FFFFFFFF 		.ascii	"\377\377\377\377\377\377\377\377\377\377\377\377\377"
 247      FFFFFFFF 
 247      FFFFFFFF 
 247      FF
 248 0ac2 FFFFFFFF 		.ascii	"\377\377\377\377\377\377\377\377\377\377\377\377\377"
 248      FFFFFFFF 
 248      FFFFFFFF 
 248      FF
 249 0acf 80FFFFFF 		.ascii	"\200\377\377\377\000\377\377\377\000\377\377\377\000"
 249      00FFFFFF 
 249      00FFFFFF 
 249      00
 250 0adc FFFFFF00 		.ascii	"\377\377\377\000\377\377\377\000\377\377\377\000\377"
 250      FFFFFF00 
 250      FFFFFF00 
 250      FF
 251 0ae9 FFFF00FF 		.ascii	"\377\377\000\377\377\377\000\377\377\377\000\377\377"
 251      FFFF00FF 
 251      FFFF00FF 
 251      FF
 252 0af6 FF00FFFF 		.ascii	"\377\000\377\377\377\000\377\377\377\000\377\377\377"
 252      FF00FFFF 
 252      FF00FFFF 
 252      FF
 253 0b03 00FFFFFF 		.ascii	"\000\377\377\377\000\377\377\377\000\377\377\377\000"
 253      00FFFFFF 
 253      00FFFFFF 
 253      00
 254 0b10 FFFFFF00 		.ascii	"\377\377\377\000\377\377\377\000\377\377\377\000\377"
 254      FFFFFF00 
 254      FFFFFF00 
 254      FF
 255 0b1d FFFF00FF 		.ascii	"\377\377\000\377\377\377\000\377\377\377\000\377\377"
 255      FFFF00FF 
 255      FFFF00FF 
 255      FF
 256 0b2a FF00FFFF 		.ascii	"\377\000\377\377\377\000\377\377\377\000\377\377\377"
 256      FF00FFFF 
ARM GAS  C:\Users\OSD\AppData\Local\Temp\ccWJevMe.s 			page 17


 256      FF00FFFF 
 256      FF
 257 0b37 00FFFFFF 		.ascii	"\000\377\377\377\000\377\377\377\000\377\377\377\000"
 257      00FFFFFF 
 257      00FFFFFF 
 257      00
 258 0b44 FFFFFF00 		.ascii	"\377\377\377\000\377\377\377\000\377\377\377\000\377"
 258      FFFFFF00 
 258      FFFFFF00 
 258      FF
 259 0b51 FFFF00FF 		.ascii	"\377\377\000\377\377\377\000\377\377\377\000\377\377"
 259      FFFF00FF 
 259      FFFF00FF 
 259      FF
 260 0b5e FF00FFFF 		.ascii	"\377\000\377\377\377\000\377\377\377\000\377\377\377"
 260      FF00FFFF 
 260      FF00FFFF 
 260      FF
 261 0b6b 7FFFFFFF 		.ascii	"\177\377\377\377\377\377\377\377\377\377\377\377\377"
 261      FFFFFFFF 
 261      FFFFFFFF 
 261      FF
 262 0b78 FFFFFFFF 		.ascii	"\377\377\377\377\377\377\377\377\377\377\377\377\377"
 262      FFFFFFFF 
 262      FFFFFFFF 
 262      FF
 263 0b85 FFFFFFFF 		.ascii	"\377\377\377\377\377\377\377\377\377\377\377\377\377"
 263      FFFFFFFF 
 263      FFFFFFFF 
 263      FF
 264 0b92 FFFFFFFF 		.ascii	"\377\377\377\377\377\377\377\377\377\377\377\377\377"
 264      FFFFFFFF 
 264      FFFFFFFF 
 264      FF
 265 0b9f FFFFFFFF 		.ascii	"\377\377\377\377\377\377\377\377\377\377\377\377\377"
 265      FFFFFFFF 
 265      FFFFFFFF 
 265      FF
 266 0bac FFFFFFFF 		.ascii	"\377\377\377\377\377\377\377\377\377\377\377\377\377"
 266      FFFFFFFF 
 266      FFFFFFFF 
 266      FF
 267 0bb9 FFFFFFFF 		.ascii	"\377\377\377\377\377\377\377\377\377\377\377\377\377"
 267      FFFFFFFF 
 267      FFFFFFFF 
 267      FF
 268 0bc6 FFFFFFFF 		.ascii	"\377\377\377\377\377\377\377\377\377\377\377\377\377"
 268      FFFFFFFF 
 268      FFFFFFFF 
 268      FF
 269 0bd3 FFFFFFFF 		.ascii	"\377\377\377\377\377\377\377\377\377\377\377\377\377"
 269      FFFFFFFF 
 269      FFFFFFFF 
 269      FF
 270 0be0 FFFFFFFF 		.ascii	"\377\377\377\377\377\377\377\377\377\377\377\377\377"
 270      FFFFFFFF 
 270      FFFFFFFF 
ARM GAS  C:\Users\OSD\AppData\Local\Temp\ccWJevMe.s 			page 18


 270      FF
 271 0bed FFFFFFFF 		.ascii	"\377\377\377\377\377\377\377\377\377\377\377\377\377"
 271      FFFFFFFF 
 271      FFFFFFFF 
 271      FF
 272 0bfa FFFFFFFF 		.ascii	"\377\377\377\377\377\377\377\377\377\377\377\377\377"
 272      FFFFFFFF 
 272      FFFFFFFF 
 272      FF
 273 0c07 FFFFFFFF 		.ascii	"\377\377\377\377\200\377\377\377\000\377\377\377\000"
 273      80FFFFFF 
 273      00FFFFFF 
 273      00
 274 0c14 FFFFFF00 		.ascii	"\377\377\377\000\377\377\377\000\377\377\377\000\377"
 274      FFFFFF00 
 274      FFFFFF00 
 274      FF
 275 0c21 FFFF00FF 		.ascii	"\377\377\000\377\377\377\000\377\377\377\000\377\377"
 275      FFFF00FF 
 275      FFFF00FF 
 275      FF
 276 0c2e FF00FFFF 		.ascii	"\377\000\377\377\377\000\377\377\377\000\377\377\377"
 276      FF00FFFF 
 276      FF00FFFF 
 276      FF
 277 0c3b 00FFFFFF 		.ascii	"\000\377\377\377\000\377\377\377\000\377\377\377\000"
 277      00FFFFFF 
 277      00FFFFFF 
 277      00
 278 0c48 FFFFFF00 		.ascii	"\377\377\377\000\377\377\377\000\377\377\377\000\377"
 278      FFFFFF00 
 278      FFFFFF00 
 278      FF
 279 0c55 FFFF00FF 		.ascii	"\377\377\000\377\377\377\000\377\377\377\000\377\377"
 279      FFFF00FF 
 279      FFFF00FF 
 279      FF
 280 0c62 FF00FFFF 		.ascii	"\377\000\377\377\377\000\377\377\377\000\377\377\377"
 280      FF00FFFF 
 280      FF00FFFF 
 280      FF
 281 0c6f 00FFFFFF 		.ascii	"\000\377\377\377\000\377\377\377\000\377\377\377\000"
 281      00FFFFFF 
 281      00FFFFFF 
 281      00
 282 0c7c FFFFFF00 		.ascii	"\377\377\377\000\377\377\377\000\377\377\377\000\377"
 282      FFFFFF00 
 282      FFFFFF00 
 282      FF
 283 0c89 FFFF00FF 		.ascii	"\377\377\000\377\377\377\000\377\377\377\000\377\377"
 283      FFFF00FF 
 283      FFFF00FF 
 283      FF
 284 0c96 FF00FFFF 		.ascii	"\377\000\377\377\377\000\377\377\377\000\377\377\377"
 284      FF00FFFF 
 284      FF00FFFF 
 284      FF
ARM GAS  C:\Users\OSD\AppData\Local\Temp\ccWJevMe.s 			page 19


 285 0ca3 00FFFFFF 		.ascii	"\000\377\377\377\177\377\377\377\377\377\377\377\377"
 285      7FFFFFFF 
 285      FFFFFFFF 
 285      FF
 286 0cb0 FFFFFFFF 		.ascii	"\377\377\377\377\377\377\377\377\377\377\377\377\377"
 286      FFFFFFFF 
 286      FFFFFFFF 
 286      FF
 287 0cbd FFFFFFFF 		.ascii	"\377\377\377\377\377\377\377\377\377\377\377\377\377"
 287      FFFFFFFF 
 287      FFFFFFFF 
 287      FF
 288 0cca FFFFFFFF 		.ascii	"\377\377\377\377\377\377\377\377\377\377\377\377\377"
 288      FFFFFFFF 
 288      FFFFFFFF 
 288      FF
 289 0cd7 FFFFFFFF 		.ascii	"\377\377\377\377\377\377\377\377\377\377\377\377\377"
 289      FFFFFFFF 
 289      FFFFFFFF 
 289      FF
 290 0ce4 FFFFFFFF 		.ascii	"\377\377\377\377\377\377\377\377\377\377\377\377\377"
 290      FFFFFFFF 
 290      FFFFFFFF 
 290      FF
 291 0cf1 FFFFFFFF 		.ascii	"\377\377\377\377\377\377\377\377\377\377\377\377\377"
 291      FFFFFFFF 
 291      FFFFFFFF 
 291      FF
 292 0cfe FFFFFFFF 		.ascii	"\377\377\377\377\377\377\377\377\377\377\377\377\377"
 292      FFFFFFFF 
 292      FFFFFFFF 
 292      FF
 293 0d0b FFFFFFFF 		.ascii	"\377\377\377\377\377\377\377\377\377\377\377\377\377"
 293      FFFFFFFF 
 293      FFFFFFFF 
 293      FF
 294 0d18 FFFFFFFF 		.ascii	"\377\377\377\377\377\377\377\377\377\377\377\377\377"
 294      FFFFFFFF 
 294      FFFFFFFF 
 294      FF
 295 0d25 FFFFFFFF 		.ascii	"\377\377\377\377\377\377\377\377\377\377\377\377\377"
 295      FFFFFFFF 
 295      FFFFFFFF 
 295      FF
 296 0d32 FFFFFFFF 		.ascii	"\377\377\377\377\377\377\377\377\377\377\377\377\377"
 296      FFFFFFFF 
 296      FFFFFFFF 
 296      FF
 297 0d3f FFFFFFFF 		.ascii	"\377\377\377\377\377\377\377\377\200\377\377\377\000"
 297      FFFFFFFF 
 297      80FFFFFF 
 297      00
 298 0d4c FFFFFF00 		.ascii	"\377\377\377\000\377\377\377\000\377\377\377\000\377"
 298      FFFFFF00 
 298      FFFFFF00 
 298      FF
 299 0d59 FFFF00FF 		.ascii	"\377\377\000\377\377\377\000\377\377\377\000\377\377"
ARM GAS  C:\Users\OSD\AppData\Local\Temp\ccWJevMe.s 			page 20


 299      FFFF00FF 
 299      FFFF00FF 
 299      FF
 300 0d66 FF00FFFF 		.ascii	"\377\000\377\377\377\000\377\377\377\000\377\377\377"
 300      FF00FFFF 
 300      FF00FFFF 
 300      FF
 301 0d73 00FFFFFF 		.ascii	"\000\377\377\377\000\377\377\377\000\377\377\377\000"
 301      00FFFFFF 
 301      00FFFFFF 
 301      00
 302 0d80 FFFFFF00 		.ascii	"\377\377\377\000\377\377\377\000\377\377\377\000\377"
 302      FFFFFF00 
 302      FFFFFF00 
 302      FF
 303 0d8d FFFF00FF 		.ascii	"\377\377\000\377\377\377\000\377\377\377\000\377\377"
 303      FFFF00FF 
 303      FFFF00FF 
 303      FF
 304 0d9a FF00FFFF 		.ascii	"\377\000\377\377\377\000\377\377\377\000\377\377\377"
 304      FF00FFFF 
 304      FF00FFFF 
 304      FF
 305 0da7 00FFFFFF 		.ascii	"\000\377\377\377\000\377\377\377\000\377\377\377\000"
 305      00FFFFFF 
 305      00FFFFFF 
 305      00
 306 0db4 FFFFFF00 		.ascii	"\377\377\377\000\377\377\377\000\377\377\377\000\377"
 306      FFFFFF00 
 306      FFFFFF00 
 306      FF
 307 0dc1 FFFF00FF 		.ascii	"\377\377\000\377\377\377\000\377\377\377\000\377\377"
 307      FFFF00FF 
 307      FFFF00FF 
 307      FF
 308 0dce FF00FFFF 		.ascii	"\377\000\377\377\377\000\377\377\377\000\377\377\377"
 308      FF00FFFF 
 308      FF00FFFF 
 308      FF
 309 0ddb 00FFFFFF 		.ascii	"\000\377\377\377\000\377\377\377\177\377\377\377\377"
 309      00FFFFFF 
 309      7FFFFFFF 
 309      FF
 310 0de8 FFFFFFFF 		.ascii	"\377\377\377\377\377\377\377\377\377\377\377\377\377"
 310      FFFFFFFF 
 310      FFFFFFFF 
 310      FF
 311 0df5 FFFFFFFF 		.ascii	"\377\377\377\377\377\377\377\377\377\377\377\377\377"
 311      FFFFFFFF 
 311      FFFFFFFF 
 311      FF
 312 0e02 FFFFFFFF 		.ascii	"\377\377\377\377\377\377\377\377\377\377\377\377\377"
 312      FFFFFFFF 
 312      FFFFFFFF 
 312      FF
 313 0e0f FFFFFFFF 		.ascii	"\377\377\377\377\377\377\377\377\377\377\377\377\377"
 313      FFFFFFFF 
ARM GAS  C:\Users\OSD\AppData\Local\Temp\ccWJevMe.s 			page 21


 313      FFFFFFFF 
 313      FF
 314 0e1c FFFFFFFF 		.ascii	"\377\377\377\377\377\377\377\377\377\377\377\377\377"
 314      FFFFFFFF 
 314      FFFFFFFF 
 314      FF
 315 0e29 FFFFFFFF 		.ascii	"\377\377\377\377\377\377\377\377\377\377\377\377\377"
 315      FFFFFFFF 
 315      FFFFFFFF 
 315      FF
 316 0e36 FFFFFFFF 		.ascii	"\377\377\377\377\377\377\377\377\377\377\377\377\377"
 316      FFFFFFFF 
 316      FFFFFFFF 
 316      FF
 317 0e43 FFFFFFFF 		.ascii	"\377\377\377\377\377\377\377\377\377\377\377\377\377"
 317      FFFFFFFF 
 317      FFFFFFFF 
 317      FF
 318 0e50 FFFFFFFF 		.ascii	"\377\377\377\377\377\377\377\377\377\377\377\377\377"
 318      FFFFFFFF 
 318      FFFFFFFF 
 318      FF
 319 0e5d FFFFFFFF 		.ascii	"\377\377\377\377\377\377\377\377\377\377\377\377\377"
 319      FFFFFFFF 
 319      FFFFFFFF 
 319      FF
 320 0e6a FFFFFFFF 		.ascii	"\377\377\377\377\377\377\377\377\377\377\377\377\377"
 320      FFFFFFFF 
 320      FFFFFFFF 
 320      FF
 321 0e77 FFFFFFFF 		.ascii	"\377\377\377\377\377\377\377\377\377\377\377\377\200"
 321      FFFFFFFF 
 321      FFFFFFFF 
 321      80
 322 0e84 FFFFFF00 		.ascii	"\377\377\377\000\377\377\377\000\377\377\377\000\377"
 322      FFFFFF00 
 322      FFFFFF00 
 322      FF
 323 0e91 FFFF00FF 		.ascii	"\377\377\000\377\377\377\000\377\377\377\000\377\377"
 323      FFFF00FF 
 323      FFFF00FF 
 323      FF
 324 0e9e FF00FFFF 		.ascii	"\377\000\377\377\377\000\377\377\377\000\377\377\377"
 324      FF00FFFF 
 324      FF00FFFF 
 324      FF
 325 0eab 00FFFFFF 		.ascii	"\000\377\377\377\000\377\377\377\000\377\377\377\000"
 325      00FFFFFF 
 325      00FFFFFF 
 325      00
 326 0eb8 FFFFFF00 		.ascii	"\377\377\377\000\377\377\377\000\377\377\377\000\377"
 326      FFFFFF00 
 326      FFFFFF00 
 326      FF
 327 0ec5 FFFF00FF 		.ascii	"\377\377\000\377\377\377\000\377\377\377\000\377\377"
 327      FFFF00FF 
 327      FFFF00FF 
ARM GAS  C:\Users\OSD\AppData\Local\Temp\ccWJevMe.s 			page 22


 327      FF
 328 0ed2 FF00FFFF 		.ascii	"\377\000\377\377\377\000\377\377\377\000\377\377\377"
 328      FF00FFFF 
 328      FF00FFFF 
 328      FF
 329 0edf 00FFFFFF 		.ascii	"\000\377\377\377\000\377\377\377\000\377\377\377\000"
 329      00FFFFFF 
 329      00FFFFFF 
 329      00
 330 0eec FFFFFF00 		.ascii	"\377\377\377\000\377\377\377\000\377\377\377\000\377"
 330      FFFFFF00 
 330      FFFFFF00 
 330      FF
 331 0ef9 FFFF00FF 		.ascii	"\377\377\000\377\377\377\000\377\377\377\000\377\377"
 331      FFFF00FF 
 331      FFFF00FF 
 331      FF
 332 0f06 FF00FFFF 		.ascii	"\377\000\377\377\377\000\377\377\377\000\377\377\377"
 332      FF00FFFF 
 332      FF00FFFF 
 332      FF
 333 0f13 00FFFFFF 		.ascii	"\000\377\377\377\000\377\377\377\000\377\377\377\177"
 333      00FFFFFF 
 333      00FFFFFF 
 333      7F
 334 0f20 FFFFFFFF 		.ascii	"\377\377\377\377\377\377\377\377\377\377\377\377\377"
 334      FFFFFFFF 
 334      FFFFFFFF 
 334      FF
 335 0f2d FFFFFFFF 		.ascii	"\377\377\377\377\377\377\377\377\377\377\377\377\377"
 335      FFFFFFFF 
 335      FFFFFFFF 
 335      FF
 336 0f3a FFFFFFFF 		.ascii	"\377\377\377\377\377\377\377\377\377\377\377\377\377"
 336      FFFFFFFF 
 336      FFFFFFFF 
 336      FF
 337 0f47 FFFFFFFF 		.ascii	"\377\377\377\377\377\377\377\377\377\377\377\377\377"
 337      FFFFFFFF 
 337      FFFFFFFF 
 337      FF
 338 0f54 FFFFFFFF 		.ascii	"\377\377\377\377\377\377\377\377\377\377\377\377\377"
 338      FFFFFFFF 
 338      FFFFFFFF 
 338      FF
 339 0f61 FFFFFFFF 		.ascii	"\377\377\377\377\377\377\377\377\377\377\377\377\377"
 339      FFFFFFFF 
 339      FFFFFFFF 
 339      FF
 340 0f6e FFFFFFFF 		.ascii	"\377\377\377\377\377\377\377\377\377\377\377\377\377"
 340      FFFFFFFF 
 340      FFFFFFFF 
 340      FF
 341 0f7b FFFFFFFF 		.ascii	"\377\377\377\377\377\377\377\377\377\377\377\377\377"
 341      FFFFFFFF 
 341      FFFFFFFF 
 341      FF
ARM GAS  C:\Users\OSD\AppData\Local\Temp\ccWJevMe.s 			page 23


 342 0f88 FFFFFFFF 		.ascii	"\377\377\377\377\377\377\377\377\377\377\377\377\377"
 342      FFFFFFFF 
 342      FFFFFFFF 
 342      FF
 343 0f95 FFFFFFFF 		.ascii	"\377\377\377\377\377\377\377\377\377\377\377"
 343      FFFFFFFF 
 343      FFFFFF
 344 0fa0 FFFFFFFF 		.ascii	"\377\377\377\377\377\377\377\377\377\377\377\377\377"
 344      FFFFFFFF 
 344      FFFFFFFF 
 344      FF
 345 0fad FFFFFFFF 		.ascii	"\377\377\377\377\377\377\377\377\377\377\377\377\377"
 345      FFFFFFFF 
 345      FFFFFFFF 
 345      FF
 346 0fba FFFFFFFF 		.ascii	"\377\377\377\377\377\200\377\377\377\000\377\377\377"
 346      FF80FFFF 
 346      FF00FFFF 
 346      FF
 347 0fc7 00FFFFFF 		.ascii	"\000\377\377\377\000\377\377\377\000\377\377\377\000"
 347      00FFFFFF 
 347      00FFFFFF 
 347      00
 348 0fd4 FFFFFF00 		.ascii	"\377\377\377\000\377\377\377\000\377\377\377\000\377"
 348      FFFFFF00 
 348      FFFFFF00 
 348      FF
 349 0fe1 FFFF00FF 		.ascii	"\377\377\000\377\377\377\000\377\377\377\000\377\377"
 349      FFFF00FF 
 349      FFFF00FF 
 349      FF
 350 0fee FF00FFFF 		.ascii	"\377\000\377\377\377\000\377\377\377\000\377\377\377"
 350      FF00FFFF 
 350      FF00FFFF 
 350      FF
 351 0ffb 00FFFFFF 		.ascii	"\000\377\377\377\000\377\377\377\000\377\377\377\000"
 351      00FFFFFF 
 351      00FFFFFF 
 351      00
 352 1008 FFFFFF00 		.ascii	"\377\377\377\000\377\377\377\000\377\377\377\000\377"
 352      FFFFFF00 
 352      FFFFFF00 
 352      FF
 353 1015 FFFF00FF 		.ascii	"\377\377\000\377\377\377\000\377\377\377\000\377\377"
 353      FFFF00FF 
 353      FFFF00FF 
 353      FF
 354 1022 FF00FFFF 		.ascii	"\377\000\377\377\377\000\377\377\377\000\377\377\377"
 354      FF00FFFF 
 354      FF00FFFF 
 354      FF
 355 102f 00FFFFFF 		.ascii	"\000\377\377\377\000\377\377\377\000\377\377\377\000"
 355      00FFFFFF 
 355      00FFFFFF 
 355      00
 356 103c FFFFFF00 		.ascii	"\377\377\377\000\377\377\377\000\377\377\377\000\377"
 356      FFFFFF00 
ARM GAS  C:\Users\OSD\AppData\Local\Temp\ccWJevMe.s 			page 24


 356      FFFFFF00 
 356      FF
 357 1049 FFFF00FF 		.ascii	"\377\377\000\377\377\377\000\377\377\377\000\377\377"
 357      FFFF00FF 
 357      FFFF00FF 
 357      FF
 358 1056 FF00FFFF 		.ascii	"\377\000\377\377\377\177\377\377\377\377\377\377\377"
 358      FF7FFFFF 
 358      FFFFFFFF 
 358      FF
 359 1063 FFFFFFFF 		.ascii	"\377\377\377\377\377\377\377\377\377\377\377\377\377"
 359      FFFFFFFF 
 359      FFFFFFFF 
 359      FF
 360 1070 FFFFFFFF 		.ascii	"\377\377\377\377\377\377\377\377\377\377\377\377\377"
 360      FFFFFFFF 
 360      FFFFFFFF 
 360      FF
 361 107d FFFFFFFF 		.ascii	"\377\377\377\377\377\377\377\377\377\377\377\377\377"
 361      FFFFFFFF 
 361      FFFFFFFF 
 361      FF
 362 108a FFFFFFFF 		.ascii	"\377\377\377\377\377\377\377\377\377\377\377\377\377"
 362      FFFFFFFF 
 362      FFFFFFFF 
 362      FF
 363 1097 FFFFFFFF 		.ascii	"\377\377\377\377\377\377\377\377\377\377\377\377\377"
 363      FFFFFFFF 
 363      FFFFFFFF 
 363      FF
 364 10a4 FFFFFFFF 		.ascii	"\377\377\377\377\377\377\377\377\377\377\377\377\377"
 364      FFFFFFFF 
 364      FFFFFFFF 
 364      FF
 365 10b1 FFFFFFFF 		.ascii	"\377\377\377\377\377\377\377\377\377\377\377\377\377"
 365      FFFFFFFF 
 365      FFFFFFFF 
 365      FF
 366 10be FFFFFFFF 		.ascii	"\377\377\377\377\377\377\377\377\377\377\377\377\377"
 366      FFFFFFFF 
 366      FFFFFFFF 
 366      FF
 367 10cb FFFFFFFF 		.ascii	"\377\377\377\377\377\377\377\377\377\377\377\377\377"
 367      FFFFFFFF 
 367      FFFFFFFF 
 367      FF
 368 10d8 FFFFFFFF 		.ascii	"\377\377\377\377\377\377\377\377\377\377\377\377\377"
 368      FFFFFFFF 
 368      FFFFFFFF 
 368      FF
 369 10e5 FFFFFFFF 		.ascii	"\377\377\377\377\377\377\377\377\377\377\377\377\377"
 369      FFFFFFFF 
 369      FFFFFFFF 
 369      FF
 370 10f2 FFFFFFFF 		.ascii	"\377\377\377\377\377\377\377\377\377\200\377\377\377"
 370      FFFFFFFF 
 370      FF80FFFF 
ARM GAS  C:\Users\OSD\AppData\Local\Temp\ccWJevMe.s 			page 25


 370      FF
 371 10ff 00FFFFFF 		.ascii	"\000\377\377\377\000\377\377\377\000\377\377\377\000"
 371      00FFFFFF 
 371      00FFFFFF 
 371      00
 372 110c FFFFFF00 		.ascii	"\377\377\377\000\377\377\377\000\377\377\377\000\377"
 372      FFFFFF00 
 372      FFFFFF00 
 372      FF
 373 1119 FFFF00FF 		.ascii	"\377\377\000\377\377\377\000\377\377\377\000\377\377"
 373      FFFF00FF 
 373      FFFF00FF 
 373      FF
 374 1126 FF00FFFF 		.ascii	"\377\000\377\377\377\000\377\377\377\000\377\377\377"
 374      FF00FFFF 
 374      FF00FFFF 
 374      FF
 375 1133 00FFFFFF 		.ascii	"\000\377\377\377\000\377\377\377\000\377\377\377\000"
 375      00FFFFFF 
 375      00FFFFFF 
 375      00
 376 1140 FFFFFF00 		.ascii	"\377\377\377\000\377\377\377\000\377\377\377\000\377"
 376      FFFFFF00 
 376      FFFFFF00 
 376      FF
 377 114d FFFF00FF 		.ascii	"\377\377\000\377\377\377\000\377\377\377\000\377\377"
 377      FFFF00FF 
 377      FFFF00FF 
 377      FF
 378 115a FF00FFFF 		.ascii	"\377\000\377\377\377\000\377\377\377\000\377\377\377"
 378      FF00FFFF 
 378      FF00FFFF 
 378      FF
 379 1167 00FFFFFF 		.ascii	"\000\377\377\377\000\377\377\377\000\377\377\377\000"
 379      00FFFFFF 
 379      00FFFFFF 
 379      00
 380 1174 FFFFFF00 		.ascii	"\377\377\377\000\377\377\377\000\377\377\377\000\377"
 380      FFFFFF00 
 380      FFFFFF00 
 380      FF
 381 1181 FFFF00FF 		.ascii	"\377\377\000\377\377\377\000\377\377\377\000\377\377"
 381      FFFF00FF 
 381      FFFF00FF 
 381      FF
 382 118e FF00FFFF 		.ascii	"\377\000\377\377\377\000\377\377\377\177\377\377\377"
 382      FF00FFFF 
 382      FF7FFFFF 
 382      FF
 383 119b FFFFFFFF 		.ascii	"\377\377\377\377\377\377\377\377\377\377\377\377\377"
 383      FFFFFFFF 
 383      FFFFFFFF 
 383      FF
 384 11a8 FFFFFFFF 		.ascii	"\377\377\377\377\377\377\377\377\377\377\377\377\377"
 384      FFFFFFFF 
 384      FFFFFFFF 
 384      FF
ARM GAS  C:\Users\OSD\AppData\Local\Temp\ccWJevMe.s 			page 26


 385 11b5 FFFFFFFF 		.ascii	"\377\377\377\377\377\377\377\377\377\377\377\377\377"
 385      FFFFFFFF 
 385      FFFFFFFF 
 385      FF
 386 11c2 FFFFFFFF 		.ascii	"\377\377\377\377\377\377\377\377\377\377\377\377\377"
 386      FFFFFFFF 
 386      FFFFFFFF 
 386      FF
 387 11cf FFFFFFFF 		.ascii	"\377\377\377\377\377\377\377\377\377\377\377\377\377"
 387      FFFFFFFF 
 387      FFFFFFFF 
 387      FF
 388 11dc FFFFFFFF 		.ascii	"\377\377\377\377\377\377\377\377\377\377\377\377\377"
 388      FFFFFFFF 
 388      FFFFFFFF 
 388      FF
 389 11e9 FFFFFFFF 		.ascii	"\377\377\377\377\377\377\377\377\377\377\377\377\377"
 389      FFFFFFFF 
 389      FFFFFFFF 
 389      FF
 390 11f6 FFFFFFFF 		.ascii	"\377\377\377\377\377\377\377\377\377\377\377\377\377"
 390      FFFFFFFF 
 390      FFFFFFFF 
 390      FF
 391 1203 FFFFFFFF 		.ascii	"\377\377\377\377\377\377\377\377\377\377\377\377\377"
 391      FFFFFFFF 
 391      FFFFFFFF 
 391      FF
 392 1210 FFFFFFFF 		.ascii	"\377\377\377\377\377\377\377\377\377\377\377\377\377"
 392      FFFFFFFF 
 392      FFFFFFFF 
 392      FF
 393 121d FFFFFFFF 		.ascii	"\377\377\377\377\377\377\377\377\377\377\377\377\377"
 393      FFFFFFFF 
 393      FFFFFFFF 
 393      FF
 394 122a FFFFFFFF 		.ascii	"\377\377\377\377\377\377\377\377\377\377\377\377\377"
 394      FFFFFFFF 
 394      FFFFFFFF 
 394      FF
 395 1237 80FFFFFF 		.ascii	"\200\377\377\377\000\377\377\377\000\377\377\377\000"
 395      00FFFFFF 
 395      00FFFFFF 
 395      00
 396 1244 FFFFFF00 		.ascii	"\377\377\377\000\377\377\377\000\377\377\377\000\377"
 396      FFFFFF00 
 396      FFFFFF00 
 396      FF
 397 1251 FFFF00FF 		.ascii	"\377\377\000\377\377\377\000\377\377\377\000\377\377"
 397      FFFF00FF 
 397      FFFF00FF 
 397      FF
 398 125e FF00FFFF 		.ascii	"\377\000\377\377\377\000\377\377\377\000\377\377\377"
 398      FF00FFFF 
 398      FF00FFFF 
 398      FF
 399 126b 00FFFFFF 		.ascii	"\000\377\377\377\000\377\377\377\000\377\377\377\000"
ARM GAS  C:\Users\OSD\AppData\Local\Temp\ccWJevMe.s 			page 27


 399      00FFFFFF 
 399      00FFFFFF 
 399      00
 400 1278 FFFFFF00 		.ascii	"\377\377\377\000\377\377\377\000\377\377\377\000\377"
 400      FFFFFF00 
 400      FFFFFF00 
 400      FF
 401 1285 FFFF00FF 		.ascii	"\377\377\000\377\377\377\000\377\377\377\000\377\377"
 401      FFFF00FF 
 401      FFFF00FF 
 401      FF
 402 1292 FF00FFFF 		.ascii	"\377\000\377\377\377\000\377\377\377\000\377\377\377"
 402      FF00FFFF 
 402      FF00FFFF 
 402      FF
 403 129f 00FFFFFF 		.ascii	"\000\377\377\377\000\377\377\377\000\377\377\377\000"
 403      00FFFFFF 
 403      00FFFFFF 
 403      00
 404 12ac FFFFFF00 		.ascii	"\377\377\377\000\377\377\377\000\377\377\377\000\377"
 404      FFFFFF00 
 404      FFFFFF00 
 404      FF
 405 12b9 FFFF00FF 		.ascii	"\377\377\000\377\377\377\000\377\377\377\000\377\377"
 405      FFFF00FF 
 405      FFFF00FF 
 405      FF
 406 12c6 FF00FFFF 		.ascii	"\377\000\377\377\377\000\377\377\377\000\377\377\377"
 406      FF00FFFF 
 406      FF00FFFF 
 406      FF
 407 12d3 7FFFFFFF 		.ascii	"\177\377\377\377\377\377\377\377\377\377\377\377\377"
 407      FFFFFFFF 
 407      FFFFFFFF 
 407      FF
 408 12e0 FFFFFFFF 		.ascii	"\377\377\377\377\377\377\377\377\377\377\377\377\377"
 408      FFFFFFFF 
 408      FFFFFFFF 
 408      FF
 409 12ed FFFFFFFF 		.ascii	"\377\377\377\377\377\377\377\377\377\377\377\377\377"
 409      FFFFFFFF 
 409      FFFFFFFF 
 409      FF
 410 12fa FFFFFFFF 		.ascii	"\377\377\377\377\377\377\377\377\377\377\377\377\377"
 410      FFFFFFFF 
 410      FFFFFFFF 
 410      FF
 411 1307 FFFFFFFF 		.ascii	"\377\377\377\377\377\377\377\377\377\377\377\377\377"
 411      FFFFFFFF 
 411      FFFFFFFF 
 411      FF
 412 1314 FFFFFFFF 		.ascii	"\377\377\377\377\377\377\377\377\377\377\377\377\377"
 412      FFFFFFFF 
 412      FFFFFFFF 
 412      FF
 413 1321 FFFFFFFF 		.ascii	"\377\377\377\377\377\377\377\377\377\377\377\377\377"
 413      FFFFFFFF 
ARM GAS  C:\Users\OSD\AppData\Local\Temp\ccWJevMe.s 			page 28


 413      FFFFFFFF 
 413      FF
 414 132e FFFFFFFF 		.ascii	"\377\377\377\377\377\377\377\377\377\377\377\377\377"
 414      FFFFFFFF 
 414      FFFFFFFF 
 414      FF
 415 133b FFFFFFFF 		.ascii	"\377\377\377\377\377\377\377\377\377\377\377\377\377"
 415      FFFFFFFF 
 415      FFFFFFFF 
 415      FF
 416 1348 FFFFFFFF 		.ascii	"\377\377\377\377\377\377\377\377\377\377\377\377\377"
 416      FFFFFFFF 
 416      FFFFFFFF 
 416      FF
 417 1355 FFFFFFFF 		.ascii	"\377\377\377\377\377\377\377\377\377\377\377\377\377"
 417      FFFFFFFF 
 417      FFFFFFFF 
 417      FF
 418 1362 FFFFFFFF 		.ascii	"\377\377\377\377\377\377\377\377\377\377\377\377\377"
 418      FFFFFFFF 
 418      FFFFFFFF 
 418      FF
 419 136f FFFFFFFF 		.ascii	"\377\377\377\377\200\377\377\377\000\377\377\377\000"
 419      80FFFFFF 
 419      00FFFFFF 
 419      00
 420 137c FFFFFF00 		.ascii	"\377\377\377\000\377\377\377\000\377\377\377\000\377"
 420      FFFFFF00 
 420      FFFFFF00 
 420      FF
 421 1389 FFFF00FF 		.ascii	"\377\377\000\377\377\377\000\377\377\377\000\377\377"
 421      FFFF00FF 
 421      FFFF00FF 
 421      FF
 422 1396 FF00FFFF 		.ascii	"\377\000\377\377\377\000\377\377\377\000\377\377\377"
 422      FF00FFFF 
 422      FF00FFFF 
 422      FF
 423 13a3 00FFFFFF 		.ascii	"\000\377\377\377\000\377\377\377\000\377\377\377\000"
 423      00FFFFFF 
 423      00FFFFFF 
 423      00
 424 13b0 FFFFFF00 		.ascii	"\377\377\377\000\377\377\377\000\377\377\377\000\377"
 424      FFFFFF00 
 424      FFFFFF00 
 424      FF
 425 13bd FFFF00FF 		.ascii	"\377\377\000\377\377\377\000\377\377\377\000\377\377"
 425      FFFF00FF 
 425      FFFF00FF 
 425      FF
 426 13ca FF00FFFF 		.ascii	"\377\000\377\377\377\000\377\377\377\000\377\377\377"
 426      FF00FFFF 
 426      FF00FFFF 
 426      FF
 427 13d7 00FFFFFF 		.ascii	"\000\377\377\377\000\377\377\377\000\377\377\377\000"
 427      00FFFFFF 
 427      00FFFFFF 
ARM GAS  C:\Users\OSD\AppData\Local\Temp\ccWJevMe.s 			page 29


 427      00
 428 13e4 FFFFFF00 		.ascii	"\377\377\377\000\377\377\377\000\377\377\377\000\377"
 428      FFFFFF00 
 428      FFFFFF00 
 428      FF
 429 13f1 FFFF00FF 		.ascii	"\377\377\000\377\377\377\000\377\377\377\000\377\377"
 429      FFFF00FF 
 429      FFFF00FF 
 429      FF
 430 13fe FF00FFFF 		.ascii	"\377\000\377\377\377\000\377\377\377\000\377\377\377"
 430      FF00FFFF 
 430      FF00FFFF 
 430      FF
 431 140b 00FFFFFF 		.ascii	"\000\377\377\377\177\377\377\377\377\377\377\377\377"
 431      7FFFFFFF 
 431      FFFFFFFF 
 431      FF
 432 1418 FFFFFFFF 		.ascii	"\377\377\377\377\377\377\377\377\377\377\377\377\377"
 432      FFFFFFFF 
 432      FFFFFFFF 
 432      FF
 433 1425 FFFFFFFF 		.ascii	"\377\377\377\377\377\377\377\377\377\377\377\377\377"
 433      FFFFFFFF 
 433      FFFFFFFF 
 433      FF
 434 1432 FFFFFFFF 		.ascii	"\377\377\377\377\377\377\377\377\377\377\377\377\377"
 434      FFFFFFFF 
 434      FFFFFFFF 
 434      FF
 435 143f FFFFFFFF 		.ascii	"\377\377\377\377\377\377\377\377\377\377\377\377\377"
 435      FFFFFFFF 
 435      FFFFFFFF 
 435      FF
 436 144c FFFFFFFF 		.ascii	"\377\377\377\377\377\377\377\377\377\377\377\377\377"
 436      FFFFFFFF 
 436      FFFFFFFF 
 436      FF
 437 1459 FFFFFFFF 		.ascii	"\377\377\377\377\377\377\377\377\377\377\377\377\377"
 437      FFFFFFFF 
 437      FFFFFFFF 
 437      FF
 438 1466 FFFFFFFF 		.ascii	"\377\377\377\377\377\377\377\377\377\377\377\377\377"
 438      FFFFFFFF 
 438      FFFFFFFF 
 438      FF
 439 1473 FFFFFFFF 		.ascii	"\377\377\377\377\377\377\377\377\377\377\377\377\377"
 439      FFFFFFFF 
 439      FFFFFFFF 
 439      FF
 440 1480 FFFFFFFF 		.ascii	"\377\377\377\377\377\377\377\377\377\377\377\377\377"
 440      FFFFFFFF 
 440      FFFFFFFF 
 440      FF
 441 148d FFFFFFFF 		.ascii	"\377\377\377\377\377\377\377\377\377\377\377\377\377"
 441      FFFFFFFF 
 441      FFFFFFFF 
 441      FF
ARM GAS  C:\Users\OSD\AppData\Local\Temp\ccWJevMe.s 			page 30


 442 149a FFFFFFFF 		.ascii	"\377\377\377\377\377\377\377\377\377\377\377\377\377"
 442      FFFFFFFF 
 442      FFFFFFFF 
 442      FF
 443 14a7 FFFFFFFF 		.ascii	"\377\377\377\377\377\377\377\377\200\377\377\377\000"
 443      FFFFFFFF 
 443      80FFFFFF 
 443      00
 444 14b4 FFFFFF00 		.ascii	"\377\377\377\000\377\377\377\000\377\377\377\000\377"
 444      FFFFFF00 
 444      FFFFFF00 
 444      FF
 445 14c1 FFFF00FF 		.ascii	"\377\377\000\377\377\377\000\377\377\377\000\377\377"
 445      FFFF00FF 
 445      FFFF00FF 
 445      FF
 446 14ce FF00FFFF 		.ascii	"\377\000\377\377\377\000\377\377\377\000\377\377\377"
 446      FF00FFFF 
 446      FF00FFFF 
 446      FF
 447 14db 00FFFFFF 		.ascii	"\000\377\377\377\000\377\377\377\000\377\377\377\000"
 447      00FFFFFF 
 447      00FFFFFF 
 447      00
 448 14e8 FFFFFF00 		.ascii	"\377\377\377\000\377\377\377\000\377\377\377\000\377"
 448      FFFFFF00 
 448      FFFFFF00 
 448      FF
 449 14f5 FFFF00FF 		.ascii	"\377\377\000\377\377\377\000\377\377\377\000\377\377"
 449      FFFF00FF 
 449      FFFF00FF 
 449      FF
 450 1502 FF00FFFF 		.ascii	"\377\000\377\377\377\000\377\377\377\000\377\377\377"
 450      FF00FFFF 
 450      FF00FFFF 
 450      FF
 451 150f 00FFFFFF 		.ascii	"\000\377\377\377\000\377\377\377\000\377\377\377\000"
 451      00FFFFFF 
 451      00FFFFFF 
 451      00
 452 151c FFFFFF00 		.ascii	"\377\377\377\000\377\377\377\000\377\377\377\000\377"
 452      FFFFFF00 
 452      FFFFFF00 
 452      FF
 453 1529 FFFF00FF 		.ascii	"\377\377\000\377\377\377\000\377\377\377\000\377\377"
 453      FFFF00FF 
 453      FFFF00FF 
 453      FF
 454 1536 FF00FFFF 		.ascii	"\377\000\377\377\377\000\377\377\377\000\377\377\377"
 454      FF00FFFF 
 454      FF00FFFF 
 454      FF
 455 1543 00FFFFFF 		.ascii	"\000\377\377\377\000\377\377\377\177\377\377\377\377"
 455      00FFFFFF 
 455      7FFFFFFF 
 455      FF
 456 1550 FFFFFFFF 		.ascii	"\377\377\377\377\377\377\377\377\377\377\377\377\377"
ARM GAS  C:\Users\OSD\AppData\Local\Temp\ccWJevMe.s 			page 31


 456      FFFFFFFF 
 456      FFFFFFFF 
 456      FF
 457 155d FFFFFFFF 		.ascii	"\377\377\377\377\377\377\377\377\377\377\377\377\377"
 457      FFFFFFFF 
 457      FFFFFFFF 
 457      FF
 458 156a FFFFFFFF 		.ascii	"\377\377\377\377\377\377\377\377\377\377\377\377\377"
 458      FFFFFFFF 
 458      FFFFFFFF 
 458      FF
 459 1577 FFFFFFFF 		.ascii	"\377\377\377\377\377\377\377\377\377\377\377\377\377"
 459      FFFFFFFF 
 459      FFFFFFFF 
 459      FF
 460 1584 FFFFFFFF 		.ascii	"\377\377\377\377\377\377\377\377\377\377\377\377\377"
 460      FFFFFFFF 
 460      FFFFFFFF 
 460      FF
 461 1591 FFFFFFFF 		.ascii	"\377\377\377\377\377\377\377\377\377\377\377\377\377"
 461      FFFFFFFF 
 461      FFFFFFFF 
 461      FF
 462 159e FFFFFFFF 		.ascii	"\377\377\377\377\377\377\377\377\377\377\377\377\377"
 462      FFFFFFFF 
 462      FFFFFFFF 
 462      FF
 463 15ab FFFFFFFF 		.ascii	"\377\377\377\377\377\377\377\377\377\377\377\377\377"
 463      FFFFFFFF 
 463      FFFFFFFF 
 463      FF
 464 15b8 FFFFFFFF 		.ascii	"\377\377\377\377\377\377\377\377\377\377\377\377\377"
 464      FFFFFFFF 
 464      FFFFFFFF 
 464      FF
 465 15c5 FFFFFFFF 		.ascii	"\377\377\377\377\377\377\377\377\377\377\377\377\377"
 465      FFFFFFFF 
 465      FFFFFFFF 
 465      FF
 466 15d2 FFFFFFFF 		.ascii	"\377\377\377\377\377\377\377\377\377\377\377\377\377"
 466      FFFFFFFF 
 466      FFFFFFFF 
 466      FF
 467 15df FFFFFFFF 		.ascii	"\377\377\377\377\377\377\377\377\377\377\377\377\200"
 467      FFFFFFFF 
 467      FFFFFFFF 
 467      80
 468 15ec FFFFFF00 		.ascii	"\377\377\377\000\377\377\377\000\377\377\377\000\377"
 468      FFFFFF00 
 468      FFFFFF00 
 468      FF
 469 15f9 FFFF00FF 		.ascii	"\377\377\000\377\377\377\000\377\377\377\000\377\377"
 469      FFFF00FF 
 469      FFFF00FF 
 469      FF
 470 1606 FF00FFFF 		.ascii	"\377\000\377\377\377\000\377\377\377\000\377\377\377"
 470      FF00FFFF 
ARM GAS  C:\Users\OSD\AppData\Local\Temp\ccWJevMe.s 			page 32


 470      FF00FFFF 
 470      FF
 471 1613 00FFFFFF 		.ascii	"\000\377\377\377\000\377\377\377\000\377\377\377\000"
 471      00FFFFFF 
 471      00FFFFFF 
 471      00
 472 1620 FFFFFF00 		.ascii	"\377\377\377\000\377\377\377\000\377\377\377\000\377"
 472      FFFFFF00 
 472      FFFFFF00 
 472      FF
 473 162d FFFF00FF 		.ascii	"\377\377\000\377\377\377\000\377\377\377\000\377\377"
 473      FFFF00FF 
 473      FFFF00FF 
 473      FF
 474 163a FF00FFFF 		.ascii	"\377\000\377\377\377\000\377\377\377\000\377\377\377"
 474      FF00FFFF 
 474      FF00FFFF 
 474      FF
 475 1647 00FFFFFF 		.ascii	"\000\377\377\377\000\377\377\377\000\377\377\377\000"
 475      00FFFFFF 
 475      00FFFFFF 
 475      00
 476 1654 FFFFFF00 		.ascii	"\377\377\377\000\377\377\377\000\377\377\377\000\377"
 476      FFFFFF00 
 476      FFFFFF00 
 476      FF
 477 1661 FFFF00FF 		.ascii	"\377\377\000\377\377\377\000\377\377\377\000\377\377"
 477      FFFF00FF 
 477      FFFF00FF 
 477      FF
 478 166e FF00FFFF 		.ascii	"\377\000\377\377\377\000\377\377\377\000\377\377\377"
 478      FF00FFFF 
 478      FF00FFFF 
 478      FF
 479 167b 00FFFFFF 		.ascii	"\000\377\377\377\000\377\377\377\000\377\377\377\177"
 479      00FFFFFF 
 479      00FFFFFF 
 479      7F
 480 1688 FFFFFFFF 		.ascii	"\377\377\377\377\377\377\377\377\377\377\377\377\377"
 480      FFFFFFFF 
 480      FFFFFFFF 
 480      FF
 481 1695 FFFFFFFF 		.ascii	"\377\377\377\377\377\377\377\377\377\377\377\377\377"
 481      FFFFFFFF 
 481      FFFFFFFF 
 481      FF
 482 16a2 FFFFFFFF 		.ascii	"\377\377\377\377\377\377\377\377\377\377\377\377\377"
 482      FFFFFFFF 
 482      FFFFFFFF 
 482      FF
 483 16af FFFFFFFF 		.ascii	"\377\377\377\377\377\377\377\377\377\377\377\377\377"
 483      FFFFFFFF 
 483      FFFFFFFF 
 483      FF
 484 16bc FFFFFFFF 		.ascii	"\377\377\377\377\377\377\377\377\377\377\377\377\377"
 484      FFFFFFFF 
 484      FFFFFFFF 
ARM GAS  C:\Users\OSD\AppData\Local\Temp\ccWJevMe.s 			page 33


 484      FF
 485 16c9 FFFFFFFF 		.ascii	"\377\377\377\377\377\377\377\377\377\377\377\377\377"
 485      FFFFFFFF 
 485      FFFFFFFF 
 485      FF
 486 16d6 FFFFFFFF 		.ascii	"\377\377\377\377\377\377\377\377\377\377\377\377\377"
 486      FFFFFFFF 
 486      FFFFFFFF 
 486      FF
 487 16e3 FFFFFFFF 		.ascii	"\377\377\377\377\377\377\377\377\377\377\377\377\377"
 487      FFFFFFFF 
 487      FFFFFFFF 
 487      FF
 488 16f0 FFFFFFFF 		.ascii	"\377\377\377\377\377\377\377\377\377\377\377\377\377"
 488      FFFFFFFF 
 488      FFFFFFFF 
 488      FF
 489 16fd FFFFFFFF 		.ascii	"\377\377\377\377\377\377\377\377\377\377\377\377\377"
 489      FFFFFFFF 
 489      FFFFFFFF 
 489      FF
 490 170a FFFFFFFF 		.ascii	"\377\377\377\377\377\377\377\377\377\377\377\377\377"
 490      FFFFFFFF 
 490      FFFFFFFF 
 490      FF
 491 1717 FFFFFFFF 		.ascii	"\377\377\377\377\377\377\377\377\377\377\377\377\377"
 491      FFFFFFFF 
 491      FFFFFFFF 
 491      FF
 492 1724 FFFFFF80 		.ascii	"\377\377\377\200\377\377\377\000\377\377\377\000\377"
 492      FFFFFF00 
 492      FFFFFF00 
 492      FF
 493 1731 FFFF00FF 		.ascii	"\377\377\000\377\377\377\000\377\377\377\000\377\377"
 493      FFFF00FF 
 493      FFFF00FF 
 493      FF
 494 173e FF00FFFF 		.ascii	"\377\000\377\377\377\000\377\377\377\000\377\377\377"
 494      FF00FFFF 
 494      FF00FFFF 
 494      FF
 495 174b 00FFFFFF 		.ascii	"\000\377\377\377\000\377\377\377\000\377\377\377\000"
 495      00FFFFFF 
 495      00FFFFFF 
 495      00
 496 1758 FFFFFF00 		.ascii	"\377\377\377\000\377\377\377\000\377\377\377\000\377"
 496      FFFFFF00 
 496      FFFFFF00 
 496      FF
 497 1765 FFFF00FF 		.ascii	"\377\377\000\377\377\377\000\377\377\377\000"
 497      FFFF00FF 
 497      FFFF00
 498 1770 FFFFFF00 		.ascii	"\377\377\377\000\377\377\377\000\377\377\377\000\377"
 498      FFFFFF00 
 498      FFFFFF00 
 498      FF
 499 177d FFFF00FF 		.ascii	"\377\377\000\377\377\377\000\377\377\377\000\377\377"
ARM GAS  C:\Users\OSD\AppData\Local\Temp\ccWJevMe.s 			page 34


 499      FFFF00FF 
 499      FFFF00FF 
 499      FF
 500 178a FF00FFFF 		.ascii	"\377\000\377\377\377\000\377\377\377\000\377\377\377"
 500      FF00FFFF 
 500      FF00FFFF 
 500      FF
 501 1797 00FFFFFF 		.ascii	"\000\377\377\377\000\377\377\377\000\377\377\377\000"
 501      00FFFFFF 
 501      00FFFFFF 
 501      00
 502 17a4 FFFFFF00 		.ascii	"\377\377\377\000\377\377\377\000\377\377\377\000\377"
 502      FFFFFF00 
 502      FFFFFF00 
 502      FF
 503 17b1 FFFF00FF 		.ascii	"\377\377\000\377\377\377\000\377\377\377\000\377\377"
 503      FFFF00FF 
 503      FFFF00FF 
 503      FF
 504 17be FF00FFFF 		.ascii	"\377\000\377\377\377\177\377\377\377\377\377\377\377"
 504      FF7FFFFF 
 504      FFFFFFFF 
 504      FF
 505 17cb FFFFFFFF 		.ascii	"\377\377\377\377\377\377\377\377\377\377\377\377\377"
 505      FFFFFFFF 
 505      FFFFFFFF 
 505      FF
 506 17d8 FFFFFFFF 		.ascii	"\377\377\377\377\377\377\377\377\377\377\377\377\377"
 506      FFFFFFFF 
 506      FFFFFFFF 
 506      FF
 507 17e5 FFFFFFFF 		.ascii	"\377\377\377\377\377\377\377\377\377\377\377\377\377"
 507      FFFFFFFF 
 507      FFFFFFFF 
 507      FF
 508 17f2 FFFFFFFF 		.ascii	"\377\377\377\377\377\377\377\377\377\377\377\377\377"
 508      FFFFFFFF 
 508      FFFFFFFF 
 508      FF
 509 17ff FFFFFFFF 		.ascii	"\377\377\377\377\377\377\377\377\377\377\377\377\377"
 509      FFFFFFFF 
 509      FFFFFFFF 
 509      FF
 510 180c FFFFFFFF 		.ascii	"\377\377\377\377\377\377\377\377\377\377\377\377\377"
 510      FFFFFFFF 
 510      FFFFFFFF 
 510      FF
 511 1819 FFFFFFFF 		.ascii	"\377\377\377\377\377\377\377\377\377\377\377\377\377"
 511      FFFFFFFF 
 511      FFFFFFFF 
 511      FF
 512 1826 FFFFFFFF 		.ascii	"\377\377\377\377\377\377\377\377\377\377\377\377\377"
 512      FFFFFFFF 
 512      FFFFFFFF 
 512      FF
 513 1833 FFFFFFFF 		.ascii	"\377\377\377\377\377\377\377\377\377\377\377\377\377"
 513      FFFFFFFF 
ARM GAS  C:\Users\OSD\AppData\Local\Temp\ccWJevMe.s 			page 35


 513      FFFFFFFF 
 513      FF
 514 1840 FFFFFFFF 		.ascii	"\377\377\377\377\377\377\377\377\377\377\377\377\377"
 514      FFFFFFFF 
 514      FFFFFFFF 
 514      FF
 515 184d FFFFFFFF 		.ascii	"\377\377\377\377\377\377\377\377\377\377\377\377\377"
 515      FFFFFFFF 
 515      FFFFFFFF 
 515      FF
 516 185a FFFFFFFF 		.ascii	"\377\377\377\377\377\377\377\377\377\200\377\377\377"
 516      FFFFFFFF 
 516      FF80FFFF 
 516      FF
 517 1867 00FFFFFF 		.ascii	"\000\377\377\377\000\377\377\377\000\377\377\377\000"
 517      00FFFFFF 
 517      00FFFFFF 
 517      00
 518 1874 FFFFFF00 		.ascii	"\377\377\377\000\377\377\377\000\377\377\377\000\377"
 518      FFFFFF00 
 518      FFFFFF00 
 518      FF
 519 1881 FFFF00FF 		.ascii	"\377\377\000\377\377\377\000\377\377\377\000\377\377"
 519      FFFF00FF 
 519      FFFF00FF 
 519      FF
 520 188e FF00FFFF 		.ascii	"\377\000\377\377\377\000\377\377\377\000\377\377\377"
 520      FF00FFFF 
 520      FF00FFFF 
 520      FF
 521 189b 00FFFFFF 		.ascii	"\000\377\377\377\000\377\377\377\000\377\377\377\000"
 521      00FFFFFF 
 521      00FFFFFF 
 521      00
 522 18a8 FFFFFF00 		.ascii	"\377\377\377\000\377\377\377\000\377\377\377\000\377"
 522      FFFFFF00 
 522      FFFFFF00 
 522      FF
 523 18b5 FFFF00FF 		.ascii	"\377\377\000\377\377\377\000\377\377\377\000\377\377"
 523      FFFF00FF 
 523      FFFF00FF 
 523      FF
 524 18c2 FF00FFFF 		.ascii	"\377\000\377\377\377\000\377\377\377\000\377\377\377"
 524      FF00FFFF 
 524      FF00FFFF 
 524      FF
 525 18cf 00FFFFFF 		.ascii	"\000\377\377\377\000\377\377\377\000\377\377\377\000"
 525      00FFFFFF 
 525      00FFFFFF 
 525      00
 526 18dc FFFFFF00 		.ascii	"\377\377\377\000\377\377\377\000\377\377\377\000\377"
 526      FFFFFF00 
 526      FFFFFF00 
 526      FF
 527 18e9 FFFF00FF 		.ascii	"\377\377\000\377\377\377\000\377\377\377\000\377\377"
 527      FFFF00FF 
 527      FFFF00FF 
ARM GAS  C:\Users\OSD\AppData\Local\Temp\ccWJevMe.s 			page 36


 527      FF
 528 18f6 FF00FFFF 		.ascii	"\377\000\377\377\377\000\377\377\377\000"
 528      FF00FFFF 
 528      FF00
 529              		.text
 530              	.Letext0:
 531              		.file 1 "c:\\tools\\gcc-arm-none-eabi\\arm-none-eabi\\include\\machine\\_default_types.h"
 532              		.file 2 "c:\\tools\\gcc-arm-none-eabi\\arm-none-eabi\\include\\sys\\_stdint.h"
 533              		.file 3 "d:\\kzc\\stm32\\h743ii_lcd\\lvgl\\src\\draw\\lv_img_buf.h"
 534              		.file 4 "lvgl/examples/assets/../../src/core/lv_obj.h"
 535              		.file 5 "lvgl/examples/assets/../../src/widgets/lv_bar.h"
 536              		.file 6 "lvgl/examples/assets/../../src/extra/widgets/imgbtn/lv_imgbtn.h"
 537              		.file 7 "lvgl/examples/assets/img_skew_strip.c"
ARM GAS  C:\Users\OSD\AppData\Local\Temp\ccWJevMe.s 			page 37


DEFINED SYMBOLS
                            *ABS*:00000000 img_skew_strip.c
C:\Users\OSD\AppData\Local\Temp\ccWJevMe.s:24     .rodata.img_skew_strip:00000000 img_skew_strip
C:\Users\OSD\AppData\Local\Temp\ccWJevMe.s:35     .rodata.img_skew_strip_map:00000000 img_skew_strip_map
C:\Users\OSD\AppData\Local\Temp\ccWJevMe.s:21     .rodata.img_skew_strip:00000000 $d
C:\Users\OSD\AppData\Local\Temp\ccWJevMe.s:32     .rodata.img_skew_strip_map:00000000 $d

NO UNDEFINED SYMBOLS
