ARM GAS  C:\Users\OSD\AppData\Local\Temp\cconmvPG.s 			page 1


   1              		.cpu cortex-m7
   2              		.arch armv7e-m
   3              		.fpu fpv5-d16
   4              		.eabi_attribute 28, 1
   5              		.eabi_attribute 20, 1
   6              		.eabi_attribute 21, 1
   7              		.eabi_attribute 23, 3
   8              		.eabi_attribute 24, 1
   9              		.eabi_attribute 25, 1
  10              		.eabi_attribute 26, 1
  11              		.eabi_attribute 30, 1
  12              		.eabi_attribute 34, 1
  13              		.eabi_attribute 18, 4
  14              		.file	"img_hand.c"
  15              		.text
  16              	.Ltext0:
  17              		.cfi_sections	.debug_frame
  18              		.global	img_hand
  19              		.global	img_hand_map
  20              		.section	.rodata.img_hand,"a"
  21              		.align	2
  24              	img_hand:
  25 0000 05       		.byte	5
  26 0001 90       		.byte	144
  27 0002 21       		.byte	33
  28 0003 01       		.byte	1
  29 0004 100E0000 		.word	3600
  30 0008 00000000 		.word	img_hand_map
  31              		.section	.rodata.img_hand_map,"a"
  32              		.align	2
  35              	img_hand_map:
  36 0000 00000000 		.ascii	"\000\000\000\000\000\000\000\000\000\000\000\000\200"
  36      00000000 
  36      00000000 
  36      80
  37 000d 80800463 		.ascii	"\200\200\004ccc\034\000\000\000\000\000\000\000\000"
  37      63631C00 
  37      00000000 
  37      000000
  38 001c 00000000 		.ascii	"\000\000\000\000\000\000\000\000\000\000\000\000\000"
  38      00000000 
  38      00000000 
  38      00
  39 0029 00000000 		.ascii	"\000\000\000\000\000\000\000\000\000\000\000\000\000"
  39      00000000 
  39      00000000 
  39      00
  40 0036 00000000 		.ascii	"\000\000\000\000\000\000\000\000\000\000\000\000\000"
  40      00000000 
  40      00000000 
  40      00
  41 0043 00000000 		.ascii	"\000\000\000\000\000\000\000\000\000\000\000\000\000"
  41      00000000 
  41      00000000 
  41      00
  42 0050 00000000 		.ascii	"\000\000\000\000\000\000\000\000\000\000\000\000\000"
  42      00000000 
ARM GAS  C:\Users\OSD\AppData\Local\Temp\cconmvPG.s 			page 2


  42      00000000 
  42      00
  43 005d 00000000 		.ascii	"\000\000\000\000\000\000\000\000\000\000\000\000\000"
  43      00000000 
  43      00000000 
  43      00
  44 006a 00000000 		.ascii	"\000\000\000\000\000\000\000\000\000\000\000\000\000"
  44      00000000 
  44      00000000 
  44      00
  45 0077 00000000 		.ascii	"\000\000\000\000\000\000\000\000\000\000\000\000\000"
  45      00000000 
  45      00000000 
  45      00
  46 0084 00000000 		.ascii	"\000\000\000\000\000\000\000\000\000\000\000\000\000"
  46      00000000 
  46      00000000 
  46      00
  47 0091 00000000 		.ascii	"\000\000\000\000\000\000\000\000\000\000\000\000\000"
  47      00000000 
  47      00000000 
  47      00
  48 009e 00000000 		.ascii	"\000\000\000\000\000\000\000\000\000\000\000\000\000"
  48      00000000 
  48      00000000 
  48      00
  49 00ab 00000000 		.ascii	"\000\000\000\000\000\000\000\000\000\000\000\000\000"
  49      00000000 
  49      00000000 
  49      00
  50 00b8 00000000 		.ascii	"\000\000\000\000\000\000\000\000\000\000\000\000\000"
  50      00000000 
  50      00000000 
  50      00
  51 00c5 00000000 		.ascii	"\000\000\000\000\000\000\000\000\000\000\000\000\000"
  51      00000000 
  51      00000000 
  51      00
  52 00d2 00000000 		.ascii	"\000\000\000\000\000\000\000\000\000\000\000\000\000"
  52      00000000 
  52      00000000 
  52      00
  53 00df 00000000 		.ascii	"\000\000\000\000\000\000\000\000\000\000\000\000\000"
  53      00000000 
  53      00000000 
  53      00
  54 00ec 00000000 		.ascii	"\000\000\000\000\000\000\000\000\000\000\000\000\000"
  54      00000000 
  54      00000000 
  54      00
  55 00f9 00000000 		.ascii	"\000\000\000\000\000\000\000\000\000\000\000\000\000"
  55      00000000 
  55      00000000 
  55      00
  56 0106 00000000 		.ascii	"\000\000\000\000\000\000OOOG\003\003\003W\"\"\"W<<<"
  56      00004F4F 
  56      4F470303 
ARM GAS  C:\Users\OSD\AppData\Local\Temp\cconmvPG.s 			page 3


  56      03572222 
  56      22573C3C 
  57 011b 08000000 		.ascii	"\010\000\000\000\000\000\000\000\000\000\000\000\000"
  57      00000000 
  57      00000000 
  57      00
  58 0128 00000000 		.ascii	"\000\000\000\000\000\000\000\000\000\000\000\000\000"
  58      00000000 
  58      00000000 
  58      00
  59 0135 00000000 		.ascii	"\000\000\000\000\000\000\000\000\000\000\000\000\000"
  59      00000000 
  59      00000000 
  59      00
  60 0142 00000000 		.ascii	"\000\000\000\000\000\000\000\000\000\000\000\000\000"
  60      00000000 
  60      00000000 
  60      00
  61 014f 00000000 		.ascii	"\000\000\000\000\000\000\000\000\000\000\000\000\000"
  61      00000000 
  61      00000000 
  61      00
  62 015c 00000000 		.ascii	"\000\000\000\000\000\000\000\000\000\000\000\000\000"
  62      00000000 
  62      00000000 
  62      00
  63 0169 00000000 		.ascii	"\000\000\000\000\000\000\000\000\000\000\000\000\000"
  63      00000000 
  63      00000000 
  63      00
  64 0176 00000000 		.ascii	"\000\000\000\000\000\000\000\000\000\000\000\000\000"
  64      00000000 
  64      00000000 
  64      00
  65 0183 00000000 		.ascii	"\000\000\000\000\000\000\000\000\000\000\000\000\000"
  65      00000000 
  65      00000000 
  65      00
  66 0190 00000000 		.ascii	"\000\000\000\000[[[\014888t\031\031\031\353\030\030"
  66      5B5B5B0C 
  66      38383874 
  66      191919EB 
  66      1818
  67 01a2 18F03A3A 		.ascii	"\030\360:::\274>>>\004\000\000\000\000\000\000\000\000"
  67      3ABC3E3E 
  67      3E040000 
  67      00000000 
  67      0000
  68 01b4 00000000 		.ascii	"\000\000\000\000\000\000\000\000\000\000\000\000\000"
  68      00000000 
  68      00000000 
  68      00
  69 01c1 00000000 		.ascii	"\000\000\000\000\000\000\000\000\000\000\000\000\000"
  69      00000000 
  69      00000000 
  69      00
  70 01ce 00000000 		.ascii	"\000\000\000\000\000\000\000\000\000\000\000\000\000"
ARM GAS  C:\Users\OSD\AppData\Local\Temp\cconmvPG.s 			page 4


  70      00000000 
  70      00000000 
  70      00
  71 01db 00000000 		.ascii	"\000\000\000\000\000\000\000\000\000\000\000\000\000"
  71      00000000 
  71      00000000 
  71      00
  72 01e8 00000000 		.ascii	"\000\000\000\000\000\000\000\000\000\000\000\000\000"
  72      00000000 
  72      00000000 
  72      00
  73 01f5 00000000 		.ascii	"\000\000\000\000\000\000\000\000\000\000\000\000\000"
  73      00000000 
  73      00000000 
  73      00
  74 0202 00000000 		.ascii	"\000\000\000\000\000\000\000\000\000\000\000\000\000"
  74      00000000 
  74      00000000 
  74      00
  75 020f 00000000 		.ascii	"\000\000\000\000\000\000\000\000\000\000\000\000\000"
  75      00000000 
  75      00000000 
  75      00
  76 021c 00000000 		.ascii	"\000\000\000\000\000\000\000\000\000\000\000\000\000"
  76      00000000 
  76      00000000 
  76      00
  77 0229 00000000 		.ascii	"\000\000\000\000\000\000\000\000\000\000\000\000\000"
  77      00000000 
  77      00000000 
  77      00
  78 0236 00000000 		.ascii	"\000\000\000\000\000\000\000\000\000\000\000\000\000"
  78      00000000 
  78      00000000 
  78      00
  79 0243 00000000 		.ascii	"\000\000\000\000\000\000\000\000\000\000\000\000\000"
  79      00000000 
  79      00000000 
  79      00
  80 0250 00000000 		.ascii	"\000\000\000\000\000\000\000\000\000\000\000\000\000"
  80      00000000 
  80      00000000 
  80      00
  81 025d 00000000 		.ascii	"\000\000\000\000\000\000\000\000\000\000\000\000\000"
  81      00000000 
  81      00000000 
  81      00
  82 026a 00000000 		.ascii	"\000\000\000\000\000\000\000\000\000\000\000\000\000"
  82      00000000 
  82      00000000 
  82      00
  83 0277 00000000 		.ascii	"\000\000\000\000\000\000\000\000\000\000\000\000\000"
  83      00000000 
  83      00000000 
  83      00
  84 0284 00000000 		.ascii	"\000\000\000\000\000\000\000\000\000\000\000\000\000"
  84      00000000 
ARM GAS  C:\Users\OSD\AppData\Local\Temp\cconmvPG.s 			page 5


  84      00000000 
  84      00
  85 0291 00000011 		.ascii	"\000\000\000\021\021\021\003\036\036\036\217\026\026"
  85      1111031E 
  85      1E1E8F16 
  85      16
  86 029e 16FB0404 		.ascii	"\026\373\004\004\004\377\006\006\006\377\013\013\013"
  86      04FF0606 
  86      06FF0B0B 
  86      0B
  87 02ab EC202020 		.ascii	"\354   \207JJJ\023\000\000\000\000\000\000\000\000\000"
  87      874A4A4A 
  87      13000000 
  87      00000000 
  87      0000
  88 02bd 00000000 		.ascii	"\000\000\000\000\000\000\000\000\000\000\000\000\000"
  88      00000000 
  88      00000000 
  88      00
  89 02ca 00000000 		.ascii	"\000\000\000\000\000\000\000\000\000\000\000\000\000"
  89      00000000 
  89      00000000 
  89      00
  90 02d7 00000000 		.ascii	"\000\000\000\000\000\000\000\000\000\000\000\000\000"
  90      00000000 
  90      00000000 
  90      00
  91 02e4 00000000 		.ascii	"\000\000\000\000\000\000\000\000\000\000\000\000\000"
  91      00000000 
  91      00000000 
  91      00
  92 02f1 00000000 		.ascii	"\000\000\000\000\000\000\000\000\000\000\000\000\000"
  92      00000000 
  92      00000000 
  92      00
  93 02fe 00000000 		.ascii	"\000\000\000\000\000\000\000\000\000\000\000\000\000"
  93      00000000 
  93      00000000 
  93      00
  94 030b 00000000 		.ascii	"\000\000\000\000\000\000\000\000\000\000\000\000\000"
  94      00000000 
  94      00000000 
  94      00
  95 0318 00000000 		.ascii	"\000\000\000\000\000\000\000\000{{{\017555\313\003\003"
  95      00000000 
  95      7B7B7B0F 
  95      353535CB 
  95      0303
  96 032a 03FF0606 		.ascii	"\003\377\006\006\006\377\004\004\004\377\003\003\003"
  96      06FF0404 
  96      04FF0303 
  96      03
  97 0337 FF1A1A1A 		.ascii	"\377\032\032\032\304\271\271\271\004\000\000\000\000"
  97      C4B9B9B9 
  97      04000000 
  97      00
  98 0344 00000000 		.ascii	"\000\000\000\000\000\000\000\000\000\000\000\000\000"
ARM GAS  C:\Users\OSD\AppData\Local\Temp\cconmvPG.s 			page 6


  98      00000000 
  98      00000000 
  98      00
  99 0351 00000000 		.ascii	"\000\000\000\000\000\000\000\000\000\000\000\000\000"
  99      00000000 
  99      00000000 
  99      00
 100 035e 00000000 		.ascii	"\000\000\000\000\000\000\000\000\000\000\000\000\000"
 100      00000000 
 100      00000000 
 100      00
 101 036b 00000000 		.ascii	"\000\000\000\000\000\000\000\000\000\000\000\000\000"
 101      00000000 
 101      00000000 
 101      00
 102 0378 00000000 		.ascii	"\000\000\000\000\000\000\000\000\000\000\000\000\000"
 102      00000000 
 102      00000000 
 102      00
 103 0385 00000000 		.ascii	"\000\000\000\000\000\000\000\000\000\000\000\000\000"
 103      00000000 
 103      00000000 
 103      00
 104 0392 00000000 		.ascii	"\000\000\000\000\000\000\000\000\000\000\000\000\000"
 104      00000000 
 104      00000000 
 104      00
 105 039f 00000000 		.ascii	"\000\000\000\000\000\000\000\000\000\000\000\000\000"
 105      00000000 
 105      00000000 
 105      00
 106 03ac 00000000 		.ascii	"\000\000\000\000\000\000\000\000\000\000\000\000\000"
 106      00000000 
 106      00000000 
 106      00
 107 03b9 00000000 		.ascii	"\000\000\000\000\000\000\000\000\000\000\000\000\000"
 107      00000000 
 107      00000000 
 107      00
 108 03c6 00000000 		.ascii	"\000\000\000\000\000\000\000\000\000\000\000\000\000"
 108      00000000 
 108      00000000 
 108      00
 109 03d3 00000000 		.ascii	"\000\000\000\000\000\000\000\000\000\000\000\000\000"
 109      00000000 
 109      00000000 
 109      00
 110 03e0 00000000 		.ascii	"\000\000\000\000\000\000\000\000\000\000\000\000\000"
 110      00000000 
 110      00000000 
 110      00
 111 03ed 00000000 		.ascii	"\000\000\000\000\000\000\000\000\000\000\000\000\000"
 111      00000000 
 111      00000000 
 111      00
 112 03fa 00000000 		.ascii	"\000\000\000\000\000\000\000\000\000\000\000\000\000"
 112      00000000 
ARM GAS  C:\Users\OSD\AppData\Local\Temp\cconmvPG.s 			page 7


 112      00000000 
 112      00
 113 0407 00000000 		.ascii	"\000\000\000\000\000\000\000\000\000\000\000\000\000"
 113      00000000 
 113      00000000 
 113      00
 114 0414 00000000 		.ascii	"\000\000\000\000\000\000\000\000\000\000\000\000\000"
 114      00000000 
 114      00000000 
 114      00
 115 0421 00000027 		.ascii	"\000\000\000'''\240\002\002\002\377\002\002\002\377"
 115      2727A002 
 115      0202FF02 
 115      0202FF
 116 0430 010101FF 		.ascii	"\001\001\001\377\002\002\002\377\002\002\002\377\000"
 116      020202FF 
 116      020202FF 
 116      00
 117 043d 0000FF29 		.ascii	"\000\000\377)))\370\026\026\026\250eeeG\000\000\000"
 117      2929F816 
 117      1616A865 
 117      65654700 
 117      0000
 118 044f 00000000 		.ascii	"\000\000\000\000\000\000\000\000\000\000\000\000\000"
 118      00000000 
 118      00000000 
 118      00
 119 045c 00000000 		.ascii	"\000\000\000\000\000\000\000\000\000\000\000\000\000"
 119      00000000 
 119      00000000 
 119      00
 120 0469 00000000 		.ascii	"\000\000\000\000\000\000\000\000\000\000\000\000\000"
 120      00000000 
 120      00000000 
 120      00
 121 0476 00000000 		.ascii	"\000\000\000\000\000\000\000\000\000\000\000\000\000"
 121      00000000 
 121      00000000 
 121      00
 122 0483 00000000 		.ascii	"\000\000\000\000\000\000\000\000\000\000\000\000\000"
 122      00000000 
 122      00000000 
 122      00
 123 0490 00000000 		.ascii	"\000\000\000\000\000\000\000\000\000\000\000\000\000"
 123      00000000 
 123      00000000 
 123      00
 124 049d 00000000 		.ascii	"\000\000\000\000\000\000\000\000\000\000\000\000\000"
 124      00000000 
 124      00000000 
 124      00
 125 04aa 00000000 		.ascii	"\000\000\000\000\000\000\015\015\015K\015\015\015\377"
 125      00000D0D 
 125      0D4B0D0D 
 125      0DFF
 126 04b8 171717DB 		.ascii	"\027\027\027\333bbbT\\\\\\P\017\017\017\270\005\005"
 126      62626254 
ARM GAS  C:\Users\OSD\AppData\Local\Temp\cconmvPG.s 			page 8


 126      5C5C5C50 
 126      0F0F0FB8 
 126      0505
 127 04ca 05FF2222 		.ascii	"\005\377\"\"\"\377999\377;;;\377///\377===\377===\377"
 127      22FF3939 
 127      39FF3B3B 
 127      3BFF2F2F 
 127      2FFF3D3D 
 128 04e4 3E3E3EFF 		.ascii	">>>\377???\377@@@\373CCC\350DDD\344EEE\334FFF\327FF"
 128      3F3F3FFF 
 128      404040FB 
 128      434343E8 
 128      444444E4 
 129 0502 46D04949 		.ascii	"F\320III\263III\260III\257III\253III\247FFF\207EEE\204"
 129      49B34949 
 129      49B04949 
 129      49AF4949 
 129      49AB4949 
 130 0520 44444480 		.ascii	"DDD\200CCC\177BBB{\000\000\000W\000\000\000W\000\000"
 130      4343437F 
 130      4242427B 
 130      00000057 
 130      00000057 
 131 0536 00570101 		.ascii	"\000W\001\001\001W\002\002\002W\000\000\000W\000\000"
 131      01570202 
 131      02570000 
 131      00570000 
 132 0546 00570202 		.ascii	"\000W\002\002\002W\004\004\004W\006\006\006W\004\004"
 132      02570404 
 132      04570606 
 132      06570404 
 133 0556 04570404 		.ascii	"\004W\004\004\004W\005\005\005W\007\007\007W\010\010"
 133      04570505 
 133      05570707 
 133      07570808 
 134 0566 08570606 		.ascii	"\010W\006\006\006W\007\007\007W\010\010\010W\012\012"
 134      06570707 
 134      07570808 
 134      08570A0A 
 135 0576 0A570C0C 		.ascii	"\012W\014\014\014W\012\012\012W\013\013\013W\014\014"
 135      0C570A0A 
 135      0A570B0B 
 135      0B570C0C 
 136 0586 0C570F0F 		.ascii	"\014W\017\017\017W\021\021\021W\020\020\020W\020\020"
 136      0F571111 
 136      11571010 
 136      10571010 
 137 0596 10571212 		.ascii	"\020W\022\022\022W\024\024\024W\026\026\026W\023\023"
 137      12571414 
 137      14571616 
 137      16571313 
 138 05a6 13571414 		.ascii	"\023W\024\024\024W\025\025\025W000\234\014\014\014\377"
 138      14571515 
 138      15573030 
 138      309C0C0C 
 138      0CFF
 139 05b8 060606FF 		.ascii	"\006\006\006\377\012\012\012\377\004\004\004\377\004"
ARM GAS  C:\Users\OSD\AppData\Local\Temp\cconmvPG.s 			page 9


 139      0A0A0AFF 
 139      040404FF 
 139      04
 140 05c5 0404FF09 		.ascii	"\004\004\377\011\011\011\377\005\005\005\377\003\003"
 140      0909FF05 
 140      0505FF03 
 140      03
 141 05d2 03FF0000 		.ascii	"\003\377\000\000\000\377\003\003\003\377%%%\377@@@\240"
 141      00FF0303 
 141      03FF2525 
 141      25FF4040 
 141      40A0
 142 05e4 18181857 		.ascii	"\030\030\030W777W>>>WAAAW>>>W555W444W333W555W555W--"
 142      37373757 
 142      3E3E3E57 
 142      41414157 
 142      3E3E3E57 
 143 060e 2D572626 		.ascii	"-W&&&W   W   W\"\"\"W\037\037\037W\031\031\031W\024"
 143      26572020 
 143      20572020 
 143      20572222 
 143      22571F1F 
 144 0629 14145715 		.ascii	"\024\024W\025\025\025W\030\030\030W\024\024\024W\026"
 144      15155718 
 144      18185714 
 144      14145716 
 145 0639 16165744 		.ascii	"\026\026WDDDPIII\267\004\004\004\377555\214ooo\004o"
 145      44445049 
 145      4949B704 
 145      0404FF35 
 145      35358C6F 
 146 0651 6F6F0F21 		.ascii	"oo\017!!!7\017\017\017\377\002\002\002\377\001\001\001"
 146      2121370F 
 146      0F0FFF02 
 146      0202FF01 
 146      0101
 147 0663 FF050505 		.ascii	"\377\005\005\005\377\002\002\002\377\000\000\000\377"
 147      FF020202 
 147      FF000000 
 147      FF
 148 0670 000000FF 		.ascii	"\000\000\000\377\000\000\000\377\001\001\001\377\002"
 148      000000FF 
 148      010101FF 
 148      02
 149 067d 0202FF01 		.ascii	"\002\002\377\001\001\001\377\002\002\002\377\001\001"
 149      0101FF02 
 149      0202FF01 
 149      01
 150 068a 01FF0000 		.ascii	"\001\377\000\000\000\377\000\000\000\377\000\000\000"
 150      00FF0000 
 150      00FF0000 
 150      00
 151 0697 FF010101 		.ascii	"\377\001\001\001\377\002\002\002\377\001\001\001\377"
 151      FF020202 
 151      FF010101 
 151      FF
 152 06a4 000000FF 		.ascii	"\000\000\000\377\003\003\003\377\000\000\000\377\000"
ARM GAS  C:\Users\OSD\AppData\Local\Temp\cconmvPG.s 			page 10


 152      030303FF 
 152      000000FF 
 152      00
 153 06b1 0000FF00 		.ascii	"\000\000\377\000\000\000\377\002\002\002\377\001\001"
 153      0000FF02 
 153      0202FF01 
 153      01
 154 06be 01FF0000 		.ascii	"\001\377\000\000\000\377\000\000\000\377\000\000\000"
 154      00FF0000 
 154      00FF0000 
 154      00
 155 06cb FF010101 		.ascii	"\377\001\001\001\377\000\000\000\377\000\000\000\377"
 155      FF000000 
 155      FF000000 
 155      FF
 156 06d8 000000FF 		.ascii	"\000\000\000\377\001\001\001\377\001\001\001\377\001"
 156      010101FF 
 156      010101FF 
 156      01
 157 06e5 0101FF03 		.ascii	"\001\001\377\003\003\003\377\003\003\003\377\001\001"
 157      0303FF03 
 157      0303FF01 
 157      01
 158 06f2 01FF0101 		.ascii	"\001\377\001\001\001\377\001\001\001\377\001\001\001"
 158      01FF0101 
 158      01FF0101 
 158      01
 159 06ff FF030303 		.ascii	"\377\003\003\003\377\003\003\003\377\002\002\002\377"
 159      FF030303 
 159      FF020202 
 159      FF
 160 070c 020202FF 		.ascii	"\002\002\002\377\003\003\003\377\004\004\004\377\002"
 160      030303FF 
 160      040404FF 
 160      02
 161 0719 0202FF02 		.ascii	"\002\002\377\002\002\002\377\003\003\003\377\003\003"
 161      0202FF03 
 161      0303FF03 
 161      03
 162 0726 03FF0303 		.ascii	"\003\377\003\003\003\377\003\003\003\377\003\003\003"
 162      03FF0303 
 162      03FF0303 
 162      03
 163 0733 FF030303 		.ascii	"\377\003\003\003\377\005\005\005\377\005\005\005\377"
 163      FF050505 
 163      FF050505 
 163      FF
 164 0740 050505FF 		.ascii	"\005\005\005\377\002\002\002\377\006\006\006\377\001"
 164      020202FF 
 164      060606FF 
 164      01
 165 074d 0101FF01 		.ascii	"\001\001\377\001\001\001\377\001\001\001\377\000\000"
 165      0101FF01 
 165      0101FF00 
 165      00
 166 075a 00FF0101 		.ascii	"\000\377\001\001\001\377\003\003\003\377\001\001\001"
 166      01FF0303 
ARM GAS  C:\Users\OSD\AppData\Local\Temp\cconmvPG.s 			page 11


 166      03FF0101 
 166      01
 167 0767 FF010101 		.ascii	"\377\001\001\001\377\001\001\001\377\001\001\001\377"
 167      FF010101 
 167      FF010101 
 167      FF
 168 0774 050505FF 		.ascii	"\005\005\005\377\014\014\014\377\020\020\020\377\026"
 168      0C0C0CFF 
 168      101010FF 
 168      16
 169 0781 1616FF15 		.ascii	"\026\026\377\025\025\025\377\024\024\024\377\026\026"
 169      1515FF14 
 169      1414FF16 
 169      16
 170 078e 16FF1818 		.ascii	"\026\377\030\030\030\377\030\030\030\374\030\030\030"
 170      18FF1818 
 170      18FC1818 
 170      18
 171 079b FB171717 		.ascii	"\373\027\027\027\370\026\026\026\367\026\026\026\364"
 171      F8161616 
 171      F7161616 
 171      F4
 172 07a8 151515F3 		.ascii	"\025\025\025\363\024\024\024\363\023\023\023\363\020"
 172      141414F3 
 172      131313F3 
 172      10
 173 07b5 1010F007 		.ascii	"\020\020\360\007\007\007\354\002\002\002\353\003\003"
 173      0707EC02 
 173      0202EB03 
 173      03
 174 07c2 03EB0505 		.ascii	"\003\353\005\005\005\353\002\002\002\353\033\033\033"
 174      05EB0202 
 174      02EB1B1B 
 174      1B
 175 07cf E8       		.ascii	"\350"
 176 07d0 38383877 		.ascii	"888w\017\017\017\377   \213\200\200\200\003jjj\024N"
 176      0F0F0FFF 
 176      2020208B 
 176      80808003 
 176      6A6A6A14 
 177 07e5 4E4E5C03 		.ascii	"NN\\\003\003\003\377\003\003\003\377\004\004\004\377"
 177      0303FF03 
 177      0303FF04 
 177      0404FF
 178 07f4 030303FF 		.ascii	"\003\003\003\377\001\001\001\377\001\001\001\377\001"
 178      010101FF 
 178      010101FF 
 178      01
 179 0801 0101FF00 		.ascii	"\001\001\377\000\000\000\377\000\000\000\377\000\000"
 179      0000FF00 
 179      0000FF00 
 179      00
 180 080e 00FF0101 		.ascii	"\000\377\001\001\001\377\001\001\001\377\001\001\001"
 180      01FF0101 
 180      01FF0101 
 180      01
 181 081b FF010101 		.ascii	"\377\001\001\001\377\001\001\001\377\001\001\001\377"
ARM GAS  C:\Users\OSD\AppData\Local\Temp\cconmvPG.s 			page 12


 181      FF010101 
 181      FF010101 
 181      FF
 182 0828 000000FF 		.ascii	"\000\000\000\377\000\000\000\377\002\002\002\377\006"
 182      000000FF 
 182      020202FF 
 182      06
 183 0835 0606FF06 		.ascii	"\006\006\377\006\006\006\377\005\005\005\377\006\006"
 183      0606FF05 
 183      0505FF06 
 183      06
 184 0842 06FF0909 		.ascii	"\006\377\011\011\011\377\015\015\015\377\024\024\024"
 184      09FF0D0D 
 184      0DFF1414 
 184      14
 185 084f FF141414 		.ascii	"\377\024\024\024\377\025\025\025\377\031\031\031\377"
 185      FF151515 
 185      FF191919 
 185      FF
 186 085c 1C1C1CFF 		.ascii	"\034\034\034\377&&&\377&&&\377&&&\377&&&\377%%%\377"
 186      262626FF 
 186      262626FF 
 186      262626FF 
 186      262626FF 
 187 0874 373737FF 		.ascii	"777\377;;;\377>>>\377???\374AAA\367HHH\267III\250II"
 187      3B3B3BFF 
 187      3E3E3EFF 
 187      3F3F3FFC 
 187      414141F7 
 188 0892 49A34949 		.ascii	"I\243III\243III\250HHH\223CCC\177666k\"\"\"\\\012\012"
 188      49A34949 
 188      49A84848 
 188      48934343 
 188      437F3636 
 189 08ae 0A570101 		.ascii	"\012W\001\001\001W\003\003\003W\011\011\011W\014\014"
 189      01570303 
 189      03570909 
 189      09570C0C 
 190 08be 0C570C0C 		.ascii	"\014W\014\014\014W\015\015\015W\023\023\023W\017\017"
 190      0C570D0D 
 190      0D571313 
 190      13570F0F 
 191 08ce 0F571E1E 		.ascii	"\017W\036\036\036\234\007\007\007\377\000\000\000\377"
 191      1E9C0707 
 191      07FF0000 
 191      00FF
 192 08dc 050505FF 		.ascii	"\005\005\005\377\003\003\003\377\001\001\001\377\007"
 192      030303FF 
 192      010101FF 
 192      07
 193 08e9 0707FF05 		.ascii	"\007\007\377\005\005\005\377\001\001\001\377\002\002"
 193      0505FF01 
 193      0101FF02 
 193      02
 194 08f6 02FF0000 		.ascii	"\002\377\000\000\000\377\007\007\007\377111\377EEE\220"
 194      00FF0707 
 194      07FF3131 
ARM GAS  C:\Users\OSD\AppData\Local\Temp\cconmvPG.s 			page 13


 194      31FF4545 
 194      4590
 195 0908 12121254 		.ascii	"\022\022\022T%%%W666W===W???WGGGWPPPSUUUKYYYDbbb7gg"
 195      25252557 
 195      36363657 
 195      3D3D3D57 
 195      3F3F3F57 
 196 0932 672F6D6D 		.ascii	"g/mmm'nnn$nnn$nnn$yyy\027\247\247\247\004\000\000\000"
 196      6D276E6E 
 196      6E246E6E 
 196      6E246E6E 
 196      6E247979 
 197 094f 00000000 		.ascii	"\000\000\000\000\000\000\000\000\000\000\000\000\000"
 197      00000000 
 197      00000000 
 197      00
 198 095c 00000000 		.ascii	"\000\000\000\000###0\013\013\013\364\005\005\005\377"
 198      23232330 
 198      0B0B0BF4 
 198      050505FF 
 199 096c 383838FF 		.ascii	"888\377333\377\007\007\007\377\020\020\020\377777p\000"
 199      333333FF 
 199      070707FF 
 199      101010FF 
 199      37373770 
 200 0981 00000000 		.ascii	"\000\000\000\000\000\000\000\000\000\000\000\000\000"
 200      00000000 
 200      00000000 
 200      00
 201 098e 00000000 		.ascii	"\000\000\000\000\000\000\000\000\000\000\000\000\000"
 201      00000000 
 201      00000000 
 201      00
 202 099b 00000000 		.ascii	"\000\000\000\000\000\000\000\000\000\000\000\000\000"
 202      00000000 
 202      00000000 
 202      00
 203 09a8 00000000 		.ascii	"\000\000\000\000\000\000\000\000\000\000\000\000\000"
 203      00000000 
 203      00000000 
 203      00
 204 09b5 00000000 		.ascii	"\000\000\000\000\000\000\000\000\000\000\000\000\000"
 204      00000000 
 204      00000000 
 204      00
 205 09c2 00000000 		.ascii	"\000\000\000\000\000\000\000\000\000\000\000\000\000"
 205      00000000 
 205      00000000 
 205      00
 206 09cf 00000000 		.ascii	"\000\000\000\000\000\000\000\000\000\000\000\000\000"
 206      00000000 
 206      00000000 
 206      00
 207 09dc 00000000 		.ascii	"\000\000\000\000\000\000\000\000\000\000\000\000\000"
 207      00000000 
 207      00000000 
 207      00
ARM GAS  C:\Users\OSD\AppData\Local\Temp\cconmvPG.s 			page 14


 208 09e9 00000000 		.ascii	"\000\000\000\000\000\000\000\000\000\000\000\000\000"
 208      00000000 
 208      00000000 
 208      00
 209 09f6 00000000 		.ascii	"\000\000\000\000\000\000\000\000\000\000\000\000\000"
 209      00000000 
 209      00000000 
 209      00
 210 0a03 00000000 		.ascii	"\000\000\000\000\000\000\000\000\000\000\000\000\000"
 210      00000000 
 210      00000000 
 210      00
 211 0a10 00000000 		.ascii	"\000\000\000\000\000\000\000\000\000\000\000\000\000"
 211      00000000 
 211      00000000 
 211      00
 212 0a1d 00000000 		.ascii	"\000\000\000\000\000\000\000\000\000\000\000\000\000"
 212      00000000 
 212      00000000 
 212      00
 213 0a2a 00000000 		.ascii	"\000\000\000\000\000\000\000\000\000\000\000\000\000"
 213      00000000 
 213      00000000 
 213      00
 214 0a37 00000000 		.ascii	"\000\000\000\000\000\000\000\000\000\000\000\000\000"
 214      00000000 
 214      00000000 
 214      00
 215 0a44 00000000 		.ascii	"\000\000\000\000\000\000\000\000\000\000\000\000\000"
 215      00000000 
 215      00000000 
 215      00
 216 0a51 00000000 		.ascii	"\000\000\000\000\000\000\000\000\000\000\000\000\000"
 216      00000000 
 216      00000000 
 216      00
 217 0a5e 00000000 		.ascii	"\000\000\000\000\000\000///\314\002\002\002\377\001"
 217      00002F2F 
 217      2FCC0202 
 217      02FF01
 218 0a6d 0101FF03 		.ascii	"\001\001\377\003\003\003\377\003\003\003\377\001\001"
 218      0303FF03 
 218      0303FF01 
 218      01
 219 0a7a 01FF0000 		.ascii	"\001\377\000\000\000\377   \370\024\024\024\250SSSt"
 219      00FF2020 
 219      20F81414 
 219      14A85353 
 219      5374
 220 0a8c 00000000 		.ascii	"\000\000\000\000\000\000\000\000\000\000\000\000\000"
 220      00000000 
 220      00000000 
 220      00
 221 0a99 00000000 		.ascii	"\000\000\000\000\000\000\000\000\000\000\000\000\000"
 221      00000000 
 221      00000000 
 221      00
ARM GAS  C:\Users\OSD\AppData\Local\Temp\cconmvPG.s 			page 15


 222 0aa6 00000000 		.ascii	"\000\000\000\000\000\000\000\000\000\000\000\000\000"
 222      00000000 
 222      00000000 
 222      00
 223 0ab3 00000000 		.ascii	"\000\000\000\000\000\000\000\000\000\000\000\000\000"
 223      00000000 
 223      00000000 
 223      00
 224 0ac0 00000000 		.ascii	"\000\000\000\000\000\000\000\000\000\000\000\000\000"
 224      00000000 
 224      00000000 
 224      00
 225 0acd 00000000 		.ascii	"\000\000\000\000\000\000\000\000\000\000\000\000\000"
 225      00000000 
 225      00000000 
 225      00
 226 0ada 00000000 		.ascii	"\000\000\000\000\000\000\000\000\000\000\000\000\000"
 226      00000000 
 226      00000000 
 226      00
 227 0ae7 00000000 		.ascii	"\000\000\000\000\000\000\000\000\000\000\000\000\000"
 227      00000000 
 227      00000000 
 227      00
 228 0af4 5353532B 		.ascii	"SSS+\015\015\015\363\015\015\015\377\020\020\020\377"
 228      0D0D0DF3 
 228      0D0D0DFF 
 228      101010FF 
 229 0b04 101010F3 		.ascii	"\020\020\020\363\027\027\027H\000\000\000\000\000\000"
 229      17171748 
 229      00000000 
 229      0000
 230 0b12 00000000 		.ascii	"\000\000\000\000\000\000\000\000\000\000\000\000\000"
 230      00000000 
 230      00000000 
 230      00
 231 0b1f 00000000 		.ascii	"\000\000\000\000\000\000\000\000\000\000\000\000\000"
 231      00000000 
 231      00000000 
 231      00
 232 0b2c 00000000 		.ascii	"\000\000\000\000\000\000\000\000\000\000\000\000\000"
 232      00000000 
 232      00000000 
 232      00
 233 0b39 00000000 		.ascii	"\000\000\000\000\000\000\000\000\000\000\000\000\000"
 233      00000000 
 233      00000000 
 233      00
 234 0b46 00000000 		.ascii	"\000\000\000\000\000\000\000\000\000\000\000\000\000"
 234      00000000 
 234      00000000 
 234      00
 235 0b53 00000000 		.ascii	"\000\000\000\000\000\000\000\000\000\000\000\000\000"
 235      00000000 
 235      00000000 
 235      00
 236 0b60 00000000 		.ascii	"\000\000\000\000\000\000\000\000\000\000\000\000\000"
ARM GAS  C:\Users\OSD\AppData\Local\Temp\cconmvPG.s 			page 16


 236      00000000 
 236      00000000 
 236      00
 237 0b6d 00000000 		.ascii	"\000\000\000\000\000\000\000\000\000\000\000\000\000"
 237      00000000 
 237      00000000 
 237      00
 238 0b7a 00000000 		.ascii	"\000\000\000\000\000\000\000\000\000\000\000\000\000"
 238      00000000 
 238      00000000 
 238      00
 239 0b87 00000000 		.ascii	"\000\000\000\000\000\000\000\000\000\000\000\000\000"
 239      00000000 
 239      00000000 
 239      00
 240 0b94 00000000 		.ascii	"\000\000\000\000\000\000\000\000\000\000\000\000\000"
 240      00000000 
 240      00000000 
 240      00
 241 0ba1 00000000 		.ascii	"\000\000\000\000\000\000\000\000\000\000\000\000\000"
 241      00000000 
 241      00000000 
 241      00
 242 0bae 00000000 		.ascii	"\000\000\000\000\000\000\000\000\000\000\000\000\000"
 242      00000000 
 242      00000000 
 242      00
 243 0bbb 00000000 		.ascii	"\000\000\000\000\000\000\000\000\000\000\000\000\000"
 243      00000000 
 243      00000000 
 243      00
 244 0bc8 00000000 		.ascii	"\000\000\000\000\000\000\000\000\000\000\000\000\000"
 244      00000000 
 244      00000000 
 244      00
 245 0bd5 00000000 		.ascii	"\000\000\000\000\000\000\000\000\000\000\000\000\000"
 245      00000000 
 245      00000000 
 245      00
 246 0be2 00000000 		.ascii	"\000\000\000\000\000\000\000\000\000\000\000\000\000"
 246      00000000 
 246      00000000 
 246      00
 247 0bef 00000000 		.ascii	"\000\000\000\000\000ZZZ\030444\330\015\015\015\377\002"
 247      005A5A5A 
 247      18343434 
 247      D80D0D0D 
 247      FF02
 248 0c01 0202FF05 		.ascii	"\002\002\377\005\005\005\377\013\013\013\354\031\031"
 248      0505FF0B 
 248      0B0BEC19 
 248      19
 249 0c0e 19873838 		.ascii	"\031\207888\023\000\000\000\000\000\000\000\000\000"
 249      38130000 
 249      00000000 
 249      000000
 250 0c1d 00000000 		.ascii	"\000\000\000\000\000\000\000\000\000\000\000\000\000"
ARM GAS  C:\Users\OSD\AppData\Local\Temp\cconmvPG.s 			page 17


 250      00000000 
 250      00000000 
 250      00
 251 0c2a 00000000 		.ascii	"\000\000\000\000\000\000\000\000\000\000\000\000\000"
 251      00000000 
 251      00000000 
 251      00
 252 0c37 00000000 		.ascii	"\000\000\000\000\000\000\000\000\000\000\000\000\000"
 252      00000000 
 252      00000000 
 252      00
 253 0c44 00000000 		.ascii	"\000\000\000\000\000\000\000\000\000\000\000\000\000"
 253      00000000 
 253      00000000 
 253      00
 254 0c51 00000000 		.ascii	"\000\000\000\000\000\000\000\000\000\000\000\000\000"
 254      00000000 
 254      00000000 
 254      00
 255 0c5e 00000000 		.ascii	"\000\000\000\000\000\000\000\000\000\000\000\000\000"
 255      00000000 
 255      00000000 
 255      00
 256 0c6b 00000000 		.ascii	"\000\000\000\000\000\000\000\000\000\000\000\000\000"
 256      00000000 
 256      00000000 
 256      00
 257 0c78 00000000 		.ascii	"\000\000\000\000\000\000\000\000\000\000\000\000\000"
 257      00000000 
 257      00000000 
 257      00
 258 0c85 0000007B 		.ascii	"\000\000\000{{{\014>>>_AAA\214ttt\027\000\000\000\000"
 258      7B7B0C3E 
 258      3E3E5F41 
 258      41418C74 
 258      74741700 
 259 0c9c 00000000 		.ascii	"\000\000\000\000\000\000\000\000\000\000\000\000\000"
 259      00000000 
 259      00000000 
 259      00
 260 0ca9 00000000 		.ascii	"\000\000\000\000\000\000\000\000\000\000\000\000\000"
 260      00000000 
 260      00000000 
 260      00
 261 0cb6 00000000 		.ascii	"\000\000\000\000\000\000\000\000\000\000\000\000\000"
 261      00000000 
 261      00000000 
 261      00
 262 0cc3 00000000 		.ascii	"\000\000\000\000\000\000\000\000\000\000\000\000\000"
 262      00000000 
 262      00000000 
 262      00
 263 0cd0 00000000 		.ascii	"\000\000\000\000\000\000\000\000\000\000\000\000\000"
 263      00000000 
 263      00000000 
 263      00
 264 0cdd 00000000 		.ascii	"\000\000\000\000\000\000\000\000\000\000\000\000\000"
ARM GAS  C:\Users\OSD\AppData\Local\Temp\cconmvPG.s 			page 18


 264      00000000 
 264      00000000 
 264      00
 265 0cea 00000000 		.ascii	"\000\000\000\000\000\000\000\000\000\000\000\000\000"
 265      00000000 
 265      00000000 
 265      00
 266 0cf7 00000000 		.ascii	"\000\000\000\000\000\000\000\000\000\000\000\000\000"
 266      00000000 
 266      00000000 
 266      00
 267 0d04 00000000 		.ascii	"\000\000\000\000\000\000\000\000\000\000\000\000\000"
 267      00000000 
 267      00000000 
 267      00
 268 0d11 00000000 		.ascii	"\000\000\000\000\000\000\000\000\000\000\000\000\000"
 268      00000000 
 268      00000000 
 268      00
 269 0d1e 00000000 		.ascii	"\000\000\000\000\000\000\000\000\000\000\000\000\000"
 269      00000000 
 269      00000000 
 269      00
 270 0d2b 00000000 		.ascii	"\000\000\000\000\000\000\000\000\000\000\000\000\000"
 270      00000000 
 270      00000000 
 270      00
 271 0d38 00000000 		.ascii	"\000\000\000\000\000\000\000\000\000\000\000\000\000"
 271      00000000 
 271      00000000 
 271      00
 272 0d45 00000000 		.ascii	"\000\000\000\000\000\000\000\000\000\000\000\000\000"
 272      00000000 
 272      00000000 
 272      00
 273 0d52 00000000 		.ascii	"\000\000\000\000\000\000\000\000\000\000\000\000\000"
 273      00000000 
 273      00000000 
 273      00
 274 0d5f 00000000 		.ascii	"\000\000\000\000\000\000\000\000\000\000\000\000\000"
 274      00000000 
 274      00000000 
 274      00
 275 0d6c 00000000 		.ascii	"\000\000\000\000\000\000\000\000\000\000\000\000\000"
 275      00000000 
 275      00000000 
 275      00
 276 0d79 00000000 		.ascii	"\000\000\000\000\000\000\000\000\000\000\000\000\000"
 276      00000000 
 276      00000000 
 276      00
 277 0d86 00000000 		.ascii	"\000\000\000\000\000\000999T\005\005\005W$$$W<<<\013"
 277      00003939 
 277      39540505 
 277      05572424 
 277      24573C3C 
 278 0d9c 00000000 		.ascii	"\000\000\000\000\000\000\000\000\000\000\000\000\000"
ARM GAS  C:\Users\OSD\AppData\Local\Temp\cconmvPG.s 			page 19


 278      00000000 
 278      00000000 
 278      00
 279 0da9 00000000 		.ascii	"\000\000\000\000\000\000\000\000\000\000\000\000\000"
 279      00000000 
 279      00000000 
 279      00
 280 0db6 00000000 		.ascii	"\000\000\000\000\000\000\000\000\000\000\000\000\000"
 280      00000000 
 280      00000000 
 280      00
 281 0dc3 00000000 		.ascii	"\000\000\000\000\000\000\000\000\000\000\000\000\000"
 281      00000000 
 281      00000000 
 281      00
 282 0dd0 00000000 		.ascii	"\000\000\000\000\000\000\000\000\000\000\000\000\000"
 282      00000000 
 282      00000000 
 282      00
 283 0ddd 00000000 		.ascii	"\000\000\000\000\000\000\000\000\000\000\000\000\000"
 283      00000000 
 283      00000000 
 283      00
 284 0dea 00000000 		.ascii	"\000\000\000\000\000\000\000\000\000\000\000\000\000"
 284      00000000 
 284      00000000 
 284      00
 285 0df7 00000000 		.ascii	"\000\000\000\000\000\000\000\000\000\000\000\000\000"
 285      00000000 
 285      00000000 
 285      00
 286 0e04 00000000 		.ascii	"\000\000\000\000\000\000\000\000\000\000\000\000"
 286      00000000 
 286      00000000 
 287              		.text
 288              	.Letext0:
 289              		.file 1 "c:\\tools\\gcc-arm-none-eabi\\arm-none-eabi\\include\\machine\\_default_types.h"
 290              		.file 2 "c:\\tools\\gcc-arm-none-eabi\\arm-none-eabi\\include\\sys\\_stdint.h"
 291              		.file 3 "d:\\kzc\\stm32\\h743ii_lcd\\lvgl\\src\\draw\\lv_img_buf.h"
 292              		.file 4 "lvgl/examples/assets/../../src/core/lv_obj.h"
 293              		.file 5 "lvgl/examples/assets/../../src/widgets/lv_bar.h"
 294              		.file 6 "lvgl/examples/assets/../../src/extra/widgets/imgbtn/lv_imgbtn.h"
 295              		.file 7 "lvgl/examples/assets/img_hand.c"
ARM GAS  C:\Users\OSD\AppData\Local\Temp\cconmvPG.s 			page 20


DEFINED SYMBOLS
                            *ABS*:00000000 img_hand.c
C:\Users\OSD\AppData\Local\Temp\cconmvPG.s:24     .rodata.img_hand:00000000 img_hand
C:\Users\OSD\AppData\Local\Temp\cconmvPG.s:35     .rodata.img_hand_map:00000000 img_hand_map
C:\Users\OSD\AppData\Local\Temp\cconmvPG.s:21     .rodata.img_hand:00000000 $d
C:\Users\OSD\AppData\Local\Temp\cconmvPG.s:32     .rodata.img_hand_map:00000000 $d

NO UNDEFINED SYMBOLS
