ARM GAS  C:\Users\OSD\AppData\Local\Temp\ccy1dH0b.s 			page 1


   1              		.cpu cortex-m7
   2              		.arch armv7e-m
   3              		.fpu fpv5-d16
   4              		.eabi_attribute 28, 1
   5              		.eabi_attribute 20, 1
   6              		.eabi_attribute 21, 1
   7              		.eabi_attribute 23, 3
   8              		.eabi_attribute 24, 1
   9              		.eabi_attribute 25, 1
  10              		.eabi_attribute 26, 1
  11              		.eabi_attribute 30, 1
  12              		.eabi_attribute 34, 1
  13              		.eabi_attribute 18, 4
  14              		.file	"img_lv_demo_music_btn_rnd.c"
  15              		.text
  16              	.Ltext0:
  17              		.cfi_sections	.debug_frame
  18              		.global	img_lv_demo_music_btn_rnd
  19              		.global	img_lv_demo_music_btn_rnd_map
  20              		.section	.data.img_lv_demo_music_btn_rnd,"aw"
  21              		.align	2
  24              	img_lv_demo_music_btn_rnd:
  25 0000 05       		.byte	5
  26 0001 60       		.byte	96
  27 0002 00       		.byte	0
  28 0003 03       		.byte	3
  29 0004 00090000 		.word	2304
  30 0008 00000000 		.word	img_lv_demo_music_btn_rnd_map
  31              		.section	.rodata.img_lv_demo_music_btn_rnd_map,"a"
  32              		.align	2
  35              	img_lv_demo_music_btn_rnd_map:
  36 0000 FFFFFF00 		.ascii	"\377\377\377\000\377\377\377\000\377\377\377\000\377"
  36      FFFFFF00 
  36      FFFFFF00 
  36      FF
  37 000d FFFF00FF 		.ascii	"\377\377\000\377\377\377\000\377\377\377\000\377\377"
  37      FFFF00FF 
  37      FFFF00FF 
  37      FF
  38 001a FF00FFFF 		.ascii	"\377\000\377\377\377\000\377\377\377\000\377\377\377"
  38      FF00FFFF 
  38      FF00FFFF 
  38      FF
  39 0027 00FFFFFF 		.ascii	"\000\377\377\377\000\377\377\377\000\377\377\377\000"
  39      00FFFFFF 
  39      00FFFFFF 
  39      00
  40 0034 FFFFFF00 		.ascii	"\377\377\377\000\377\377\377\000\377\377\377\000\377"
  40      FFFFFF00 
  40      FFFFFF00 
  40      FF
  41 0041 FFFF00FF 		.ascii	"\377\377\000\377\377\377\000\377\377\377\000\377\377"
  41      FFFF00FF 
  41      FFFF00FF 
  41      FF
  42 004e FF00FFFF 		.ascii	"\377\000\377\377\377\000\377\377\377\000\377\377\377"
  42      FF00FFFF 
ARM GAS  C:\Users\OSD\AppData\Local\Temp\ccy1dH0b.s 			page 2


  42      FF00FFFF 
  42      FF
  43 005b 00FFFFFF 		.ascii	"\000\377\377\377\000\377\377\377\000mMP\000mMP\000m"
  43      00FFFFFF 
  43      006D4D50 
  43      006D4D50 
  43      006D
  44 006d 4D50006D 		.ascii	"MP\000mMP\000mMP\000mMP\000mMP\003mMPGmMP\223mMP\307"
  44      4D50006D 
  44      4D50006D 
  44      4D50006D 
  44      4D50036D 
  45 008c 6D4D50DC 		.ascii	"mMP\334mMP\324mMP\273mMP\217mMP?mMP\000mMP\000mMP\000"
  45      6D4D50D4 
  45      6D4D50BB 
  45      6D4D508F 
  45      6D4D503F 
  46 00ac 6D4D5000 		.ascii	"mMP\000mMP\000mMP\000mMP\000\377\377\377\000\377\377"
  46      6D4D5000 
  46      6D4D5000 
  46      6D4D5000 
  46      FFFFFF00 
  47 00c2 FF006D4D 		.ascii	"\377\000mMP\000mMP\000mMP\000mMP\000mMP\000mMPGmMP\320"
  47      50006D4D 
  47      50006D4D 
  47      50006D4D 
  47      50006D4D 
  48 00e0 6D4D50FF 		.ascii	"mMP\377mMP\377mMP\377mMP\377mMP\377mMP\377mMP\377mM"
  48      6D4D50FF 
  48      6D4D50FF 
  48      6D4D50FF 
  48      6D4D50FF 
  49 00fe 50FF6D4D 		.ascii	"P\377mMP\304mMP8mMP\000mMP\000mMP\000mMP\000mMP\000"
  49      50C46D4D 
  49      50386D4D 
  49      50006D4D 
  49      50006D4D 
  50 011c FFFFFF00 		.ascii	"\377\377\377\000\377\377\377\000mMP\000mMP\000mMP\000"
  50      FFFFFF00 
  50      6D4D5000 
  50      6D4D5000 
  50      6D4D5000 
  51 0130 6D4D5003 		.ascii	"mMP\003mMP\210mMP\377mMP\377mMP\377mMP\377mMP\377mM"
  51      6D4D5088 
  51      6D4D50FF 
  51      6D4D50FF 
  51      6D4D50FF 
  52 014e 50FF6D4D 		.ascii	"P\377mMP\377mMP\377mMP\377mMP\377mMP\377mMP\374mMPs"
  52      50FF6D4D 
  52      50FF6D4D 
  52      50FF6D4D 
  52      50FF6D4D 
  53 016c 6D4D5000 		.ascii	"mMP\000mMP\000mMP\000mMP\000\377\377\377\000\377\377"
  53      6D4D5000 
  53      6D4D5000 
  53      6D4D5000 
  53      FFFFFF00 
ARM GAS  C:\Users\OSD\AppData\Local\Temp\ccy1dH0b.s 			page 3


  54 0182 FF006D4D 		.ascii	"\377\000mMP\000mMP\000mMP\000mMP\243mMP\377mMP\377m"
  54      50006D4D 
  54      50006D4D 
  54      50006D4D 
  54      50A36D4D 
  55 019d 4D50FF6D 		.ascii	"MP\377mMP\377mMP\377mMP\377mMP\377mMP\377mMP\377mMP"
  55      4D50FF6D 
  55      4D50FF6D 
  55      4D50FF6D 
  55      4D50FF6D 
  56 01bb FF6D4D50 		.ascii	"\377mMP\377mMP\377mMP\377mMP\377mMP\207mMP\000mMP\000"
  56      FF6D4D50 
  56      FF6D4D50 
  56      FF6D4D50 
  56      FF6D4D50 
  57 01d8 6D4D5000 		.ascii	"mMP\000\377\377\377\000\377\377\377\000mMP\000mMP\000"
  57      FFFFFF00 
  57      FFFFFF00 
  57      6D4D5000 
  57      6D4D5000 
  58 01ec 6D4D506B 		.ascii	"mMPkmMP\377mMP\377mMP\377mMP\377mMP\377mMP\377mMP\377"
  58      6D4D50FF 
  58      6D4D50FF 
  58      6D4D50FF 
  58      6D4D50FF 
  59 020c 6D4D50FF 		.ascii	"mMP\377mMP\377mMP\377mMP\377mMP\377mMP\377mMP\377mM"
  59      6D4D50FF 
  59      6D4D50FF 
  59      6D4D50FF 
  59      6D4D50FF 
  60 022a 50FF6D4D 		.ascii	"P\377mMP\377mMPPmMP\000mMP\000\377\377\377\000\377\377"
  60      50FF6D4D 
  60      50506D4D 
  60      50006D4D 
  60      5000FFFF 
  61 0242 FF006D4D 		.ascii	"\377\000mMP\000mMP\024mMP\360mMP\377mMP\377mMP\377m"
  61      50006D4D 
  61      50146D4D 
  61      50F06D4D 
  61      50FF6D4D 
  62 025d 4D50FF6D 		.ascii	"MP\377mMP\377mMP\377mMP\377mMP\377mMP\377mMP\377mMP"
  62      4D50FF6D 
  62      4D50FF6D 
  62      4D50FF6D 
  62      4D50FF6D 
  63 027b FF6D4D50 		.ascii	"\377mMP\377mMP\377mMP\377mMP\377mMP\377mMP\344mMP\010"
  63      FF6D4D50 
  63      FF6D4D50 
  63      FF6D4D50 
  63      FF6D4D50 
  64 0298 6D4D5000 		.ascii	"mMP\000\377\377\377\000\377\377\377\000mMP\000mMP\200"
  64      FFFFFF00 
  64      FFFFFF00 
  64      6D4D5000 
  64      6D4D5080 
  65 02ac 6D4D50FF 		.ascii	"mMP\377mMP\377mMP\377mMP\377mMP\377mMP\377mMP\377mM"
  65      6D4D50FF 
ARM GAS  C:\Users\OSD\AppData\Local\Temp\ccy1dH0b.s 			page 4


  65      6D4D50FF 
  65      6D4D50FF 
  65      6D4D50FF 
  66 02ca 50FF6D4D 		.ascii	"P\377mMP\377mMP\377mMP\377\255\232\234\377\326\315\316"
  66      50FF6D4D 
  66      50FF6D4D 
  66      50FFAD9A 
  66      9CFFD6CD 
  67 02df FF6D4D50 		.ascii	"\377mMP\377mMP\377mMP\377mMP\377mMP\377mMPhmMP\000\377"
  67      FF6D4D50 
  67      FF6D4D50 
  67      FF6D4D50 
  67      FF6D4D50 
  68 02fd FFFF00FF 		.ascii	"\377\377\000\377\377\377\000mMP\000mMP\327mMP\377mM"
  68      FFFF006D 
  68      4D50006D 
  68      4D50D76D 
  68      4D50FF6D 
  69 0312 50FF6D4D 		.ascii	"P\377mMP\377mMP\377\273\255\256\377\311\275\276\377"
  69      50FF6D4D 
  69      50FFBBAD 
  69      AEFFC9BD 
  69      BEFF
  70 0324 927A7CFF 		.ascii	"\222z|\377mMP\377mMP\377mMP\377\202fi\377\326\315\316"
  70      6D4D50FF 
  70      6D4D50FF 
  70      6D4D50FF 
  70      826669FF 
  71 033b FFFFFFFF 		.ascii	"\377\377\377\377\377\333\323\324\377mMP\377mMP\377m"
  71      FFDBD3D4 
  71      FF6D4D50 
  71      FF6D4D50 
  71      FF6D
  72 034d 4D50FF6D 		.ascii	"MP\377mMP\377mMP\277mMP\000\377\377\377\000\377\377"
  72      4D50FF6D 
  72      4D50BF6D 
  72      4D5000FF 
  72      FFFF00FF 
  73 0362 FF006D4D 		.ascii	"\377\000mMP\024mMP\377mMP\377mMP\377mMP\377mMP\377\307"
  73      50146D4D 
  73      50FF6D4D 
  73      50FF6D4D 
  73      50FF6D4D 
  74 037d BBBCFFDA 		.ascii	"\273\274\377\332\322\322\377\377\377\377\377\262\241"
  74      D2D2FFFF 
  74      FFFFFFB2 
  74      A1
  75 038a A2FF6D4D 		.ascii	"\242\377mMP\377\213qt\377\377\377\377\377\334\324\324"
  75      50FF8B71 
  75      74FFFFFF 
  75      FFFFDCD4 
  75      D4
  76 039b FFFFFFFF 		.ascii	"\377\377\377\377\377\351\344\345\377mMP\377mMP\377m"
  76      FFE9E4E5 
  76      FF6D4D50 
  76      FF6D4D50 
  76      FF6D
ARM GAS  C:\Users\OSD\AppData\Local\Temp\ccy1dH0b.s 			page 5


  77 03ad 4D50FF6D 		.ascii	"MP\377mMP\377mMP\364mMP\000\377\377\377\000\377\377"
  77      4D50FF6D 
  77      4D50F46D 
  77      4D5000FF 
  77      FFFF00FF 
  78 03c2 FF006D4D 		.ascii	"\377\000mMP4mMP\377mMP\377mMP\377mMP\377mMP\377mMP\377"
  78      50346D4D 
  78      50FF6D4D 
  78      50FF6D4D 
  78      50FF6D4D 
  79 03e0 6D4D50FF 		.ascii	"mMP\377\242\216\220\377\336\327\330\377\244\220\222"
  79      A28E90FF 
  79      DED7D8FF 
  79      A49092
  80 03ef FFFFFFFF 		.ascii	"\377\377\377\377\377\250\225\227\377\232\204\206\377"
  80      FFA89597 
  80      FF9A8486 
  80      FF
  81 03fc DAD2D3FF 		.ascii	"\332\322\323\377mMP\377mMP\377mMP\377mMP\377mMP\377"
  81      6D4D50FF 
  81      6D4D50FF 
  81      6D4D50FF 
  81      6D4D50FF 
  82 0414 6D4D50FF 		.ascii	"mMP\377mMP\023\377\377\377\000\377\377\377\000mMP<m"
  82      6D4D5013 
  82      FFFFFF00 
  82      FFFFFF00 
  82      6D4D503C 
  83 0429 4D50FF6D 		.ascii	"MP\377mMP\377mMP\377mMP\377mMP\377mMP\377mMP\377mMP"
  83      4D50FF6D 
  83      4D50FF6D 
  83      4D50FF6D 
  83      4D50FF6D 
  84 0447 FF967F81 		.ascii	"\377\226\177\201\377\377\377\377\377\263\243\244\377"
  84      FFFFFFFF 
  84      FFB3A3A4 
  84      FF
  85 0454 6D4D50FF 		.ascii	"mMP\377\216ux\377mMP\377mMP\377mMP\377mMP\377mMP\377"
  85      8E7578FF 
  85      6D4D50FF 
  85      6D4D50FF 
  85      6D4D50FF 
  86 0470 6D4D50FF 		.ascii	"mMP\377mMP\377mMP \377\377\377\000\377\377\377\000m"
  86      6D4D50FF 
  86      6D4D5020 
  86      FFFFFF00 
  86      FFFFFF00 
  87 0485 4D502B6D 		.ascii	"MP+mMP\377mMP\377mMP\377mMP\377mMP\377mMP\377mMP\377"
  87      4D50FF6D 
  87      4D50FF6D 
  87      4D50FF6D 
  87      4D50FF6D 
  88 04a4 9E888AFF 		.ascii	"\236\210\212\377\377\377\377\377\251\226\227\377\307"
  88      FFFFFFFF 
  88      A99697FF 
  88      C7
  89 04b1 BBBCFFAC 		.ascii	"\273\274\377\254\232\233\377\232\203\206\377\327\317"
ARM GAS  C:\Users\OSD\AppData\Local\Temp\ccy1dH0b.s 			page 6


  89      9A9BFF9A 
  89      8386FFD7 
  89      CF
  90 04be D0FF6D4D 		.ascii	"\320\377mMP\377mMP\377mMP\377mMP\377mMP\377mMP\377m"
  90      50FF6D4D 
  90      50FF6D4D 
  90      50FF6D4D 
  90      50FF6D4D 
  91 04d9 4D5013FF 		.ascii	"MP\023\377\377\377\000\377\377\377\000mMP\007mMP\370"
  91      FFFF00FF 
  91      FFFF006D 
  91      4D50076D 
  91      4D50F8
  92 04ec 6D4D50FF 		.ascii	"mMP\377mMP\377mMP\377mMP\377\306\271\272\377\331\320"
  92      6D4D50FF 
  92      6D4D50FF 
  92      6D4D50FF 
  92      C6B9BAFF 
  93 0502 D1FFFFFF 		.ascii	"\321\377\377\377\377\377\247\224\226\377mMP\377\233"
  93      FFFFA794 
  93      96FF6D4D 
  93      50FF9B
  94 0511 8587FFFF 		.ascii	"\205\207\377\377\377\377\377\334\324\325\377\377\377"
  94      FFFFFFDC 
  94      D4D5FFFF 
  94      FF
  95 051e FFFFE8E2 		.ascii	"\377\377\350\342\343\377mMP\377mMP\377mMP\377mMP\377"
  95      E3FF6D4D 
  95      50FF6D4D 
  95      50FF6D4D 
  95      50FF6D4D 
  96 0534 6D4D50E7 		.ascii	"mMP\347mMP\000\377\377\377\000\377\377\377\000mMP\000"
  96      6D4D5000 
  96      FFFFFF00 
  96      FFFFFF00 
  96      6D4D5000 
  97 0548 6D4D50B8 		.ascii	"mMP\270mMP\377mMP\377mMP\377mMP\377\274\255\257\377"
  97      6D4D50FF 
  97      6D4D50FF 
  97      6D4D50FF 
  97      6D4D50FF 
  98 0560 C9BDBEFF 		.ascii	"\311\275\276\377\222z}\377mMP\377mMP\377mMP\377\203"
  98      927A7DFF 
  98      6D4D50FF 
  98      6D4D50FF 
  98      6D4D50FF 
  99 0575 686AFFD5 		.ascii	"hj\377\325\314\315\377\377\377\377\377\335\325\326\377"
  99      CCCDFFFF 
  99      FFFFFFDD 
  99      D5D6FF
 100 0584 6D4D50FF 		.ascii	"mMP\377mMP\377mMP\377mMP\377mMP\240mMP\000\377\377\377"
 100      6D4D50FF 
 100      6D4D50FF 
 100      6D4D50FF 
 100      6D4D50A0 
 101 059f 00FFFFFF 		.ascii	"\000\377\377\377\000mMP\000mMPTmMP\377mMP\377mMP\377"
 101      006D4D50 
ARM GAS  C:\Users\OSD\AppData\Local\Temp\ccy1dH0b.s 			page 7


 101      006D4D50 
 101      546D4D50 
 101      FF6D4D50 
 102 05b8 6D4D50FF 		.ascii	"mMP\377mMP\377mMP\377mMP\377mMP\377mMP\377mMP\377mM"
 102      6D4D50FF 
 102      6D4D50FF 
 102      6D4D50FF 
 102      6D4D50FF 
 103 05d6 50FFAD9A 		.ascii	"P\377\255\232\234\377\326\315\316\377mMP\377mMP\377"
 103      9CFFD6CD 
 103      CEFF6D4D 
 103      50FF6D4D 
 103      50FF
 104 05e8 6D4D50FF 		.ascii	"mMP\377mMP\377mMP\377mMP<mMP\000\377\377\377\000\377"
 104      6D4D50FF 
 104      6D4D50FF 
 104      6D4D503C 
 104      6D4D5000 
 105 0601 FFFF006D 		.ascii	"\377\377\000mMP\000mMP\003mMP\314mMP\377mMP\377mMP\377"
 105      4D50006D 
 105      4D50036D 
 105      4D50CC6D 
 105      4D50FF6D 
 106 061c 6D4D50FF 		.ascii	"mMP\377mMP\377mMP\377mMP\377mMP\377mMP\377mMP\377mM"
 106      6D4D50FF 
 106      6D4D50FF 
 106      6D4D50FF 
 106      6D4D50FF 
 107 063a 50FF6D4D 		.ascii	"P\377mMP\377mMP\377mMP\377mMP\377mMP\377mMP\267mMP\000"
 107      50FF6D4D 
 107      50FF6D4D 
 107      50FF6D4D 
 107      50FF6D4D 
 108 0658 6D4D5000 		.ascii	"mMP\000\377\377\377\000\377\377\377\000mMP\000mMP\000"
 108      FFFFFF00 
 108      FFFFFF00 
 108      6D4D5000 
 108      6D4D5000 
 109 066c 6D4D502C 		.ascii	"mMP,mMP\364mMP\377mMP\377mMP\377mMP\377mMP\377mMP\377"
 109      6D4D50F4 
 109      6D4D50FF 
 109      6D4D50FF 
 109      6D4D50FF 
 110 068c 6D4D50FF 		.ascii	"mMP\377mMP\377mMP\377mMP\377mMP\377mMP\377mMP\377mM"
 110      6D4D50FF 
 110      6D4D50FF 
 110      6D4D50FF 
 110      6D4D50FF 
 111 06aa 50FF6D4D 		.ascii	"P\377mMP\353mMP\034mMP\000mMP\000\377\377\377\000\377"
 111      50EB6D4D 
 111      501C6D4D 
 111      50006D4D 
 111      5000FFFF 
 112 06c1 FFFF006D 		.ascii	"\377\377\000mMP\000mMP\000mMP\000mMPKmMP\363mMP\377"
 112      4D50006D 
 112      4D50006D 
 112      4D50006D 
ARM GAS  C:\Users\OSD\AppData\Local\Temp\ccy1dH0b.s 			page 8


 112      4D504B6D 
 113 06dc 6D4D50FF 		.ascii	"mMP\377mMP\377mMP\377mMP\377mMP\377mMP\377mMP\377mM"
 113      6D4D50FF 
 113      6D4D50FF 
 113      6D4D50FF 
 113      6D4D50FF 
 114 06fa 50FF6D4D 		.ascii	"P\377mMP\377mMP\377mMP\377mMP\354mMP7mMP\000mMP\000"
 114      50FF6D4D 
 114      50FF6D4D 
 114      50FF6D4D 
 114      50EC6D4D 
 115 0718 6D4D5000 		.ascii	"mMP\000\377\377\377\000\377\377\377\000mMP\000mMP\000"
 115      FFFFFF00 
 115      FFFFFF00 
 115      6D4D5000 
 115      6D4D5000 
 116 072c 6D4D5000 		.ascii	"mMP\000mMP\000mMP/mMP\333mMP\377mMP\377mMP\377mMP\377"
 116      6D4D5000 
 116      6D4D502F 
 116      6D4D50DB 
 116      6D4D50FF 
 117 074c 6D4D50FF 		.ascii	"mMP\377mMP\377mMP\377mMP\377mMP\377mMP\377mMP\320mM"
 117      6D4D50FF 
 117      6D4D50FF 
 117      6D4D50FF 
 117      6D4D50FF 
 118 076a 50236D4D 		.ascii	"P#mMP\000mMP\000mMP\000mMP\000\377\377\377\000\377\377"
 118      50006D4D 
 118      50006D4D 
 118      50006D4D 
 118      5000FFFF 
 119 0782 FF006D4D 		.ascii	"\377\000mMP\000mMP\000mMP\000mMP\000mMP\000mMP\007m"
 119      50006D4D 
 119      50006D4D 
 119      50006D4D 
 119      50006D4D 
 120 079d 4D50706D 		.ascii	"MPpmMP\340mMP\377mMP\377mMP\377mMP\377mMP\377mMP\377"
 120      4D50E06D 
 120      4D50FF6D 
 120      4D50FF6D 
 120      4D50FF6D 
 121 07bc 6D4D50D8 		.ascii	"mMP\330mMPcmMP\003mMP\000mMP\000"
 121      6D4D5063 
 121      6D4D5003 
 121      6D4D5000 
 121      6D4D5000 
 122 07d0 6D4D5000 		.ascii	"mMP\000mMP\000mMP\000\377\377\377\000\377\377\377\000"
 122      6D4D5000 
 122      6D4D5000 
 122      FFFFFF00 
 122      FFFFFF00 
 123 07e4 6D4D5000 		.ascii	"mMP\000mMP\000mMP\000mMP\000mMP\000mMP\000mMP\000mM"
 123      6D4D5000 
 123      6D4D5000 
 123      6D4D5000 
 123      6D4D5000 
 124 0802 50036D4D 		.ascii	"P\003mMP0mMPcmMPwmMPpmMPWmMP+mMP\000mMP\000mMP\000m"
ARM GAS  C:\Users\OSD\AppData\Local\Temp\ccy1dH0b.s 			page 9


 124      50306D4D 
 124      50636D4D 
 124      50776D4D 
 124      50706D4D 
 125 0829 4D50006D 		.ascii	"MP\000mMP\000mMP\000mMP\000mMP\000\377\377\377\000\377"
 125      4D50006D 
 125      4D50006D 
 125      4D50006D 
 125      4D5000FF 
 126 0841 FFFF00FF 		.ascii	"\377\377\000\377\377\377\000\377\377\377\000\377\377"
 126      FFFF00FF 
 126      FFFF00FF 
 126      FF
 127 084e FF00FFFF 		.ascii	"\377\000\377\377\377\000\377\377\377\000\377\377\377"
 127      FF00FFFF 
 127      FF00FFFF 
 127      FF
 128 085b 00FFFFFF 		.ascii	"\000\377\377\377\000\377\377\377\000\377\377\377\000"
 128      00FFFFFF 
 128      00FFFFFF 
 128      00
 129 0868 FFFFFF00 		.ascii	"\377\377\377\000\377\377\377\000\377\377\377\000\377"
 129      FFFFFF00 
 129      FFFFFF00 
 129      FF
 130 0875 FFFF00FF 		.ascii	"\377\377\000\377\377\377\000\377\377\377\000\377\377"
 130      FFFF00FF 
 130      FFFF00FF 
 130      FF
 131 0882 FF00FFFF 		.ascii	"\377\000\377\377\377\000\377\377\377\000\377\377\377"
 131      FF00FFFF 
 131      FF00FFFF 
 131      FF
 132 088f 00FFFFFF 		.ascii	"\000\377\377\377\000\377\377\377\000\377\377\377\000"
 132      00FFFFFF 
 132      00FFFFFF 
 132      00
 133 089c FFFFFF00 		.ascii	"\377\377\377\000\377\377\377\000\377\377\377\000\377"
 133      FFFFFF00 
 133      FFFFFF00 
 133      FF
 134 08a9 FFFF00FF 		.ascii	"\377\377\000\377\377\377\000\377\377\377\000\377\377"
 134      FFFF00FF 
 134      FFFF00FF 
 134      FF
 135 08b6 FF00FFFF 		.ascii	"\377\000\377\377\377\000\377\377\377\000\377\377\377"
 135      FF00FFFF 
 135      FF00FFFF 
 135      FF
 136 08c3 00FFFFFF 		.ascii	"\000\377\377\377\000\377\377\377\000\377\377\377\000"
 136      00FFFFFF 
 136      00FFFFFF 
 136      00
 137 08d0 FFFFFF00 		.ascii	"\377\377\377\000\377\377\377\000\377\377\377\000\377"
 137      FFFFFF00 
 137      FFFFFF00 
 137      FF
ARM GAS  C:\Users\OSD\AppData\Local\Temp\ccy1dH0b.s 			page 10


 138 08dd FFFF00FF 		.ascii	"\377\377\000\377\377\377\000\377\377\377\000\377\377"
 138      FFFF00FF 
 138      FFFF00FF 
 138      FF
 139 08ea FF00FFFF 		.ascii	"\377\000\377\377\377\000\377\377\377\000\377\377\377"
 139      FF00FFFF 
 139      FF00FFFF 
 139      FF
 140 08f7 00FFFFFF 		.ascii	"\000\377\377\377\000\377\377\377\000"
 140      00FFFFFF 
 140      00
 141              		.text
 142              	.Letext0:
 143              		.file 1 "c:\\tools\\gcc-arm-none-eabi\\arm-none-eabi\\include\\machine\\_default_types.h"
 144              		.file 2 "c:\\tools\\gcc-arm-none-eabi\\arm-none-eabi\\include\\sys\\_stdint.h"
 145              		.file 3 "d:\\kzc\\stm32\\h743ii_lcd\\lvgl\\src\\draw\\lv_img_buf.h"
 146              		.file 4 "d:\\kzc\\stm32\\h743ii_lcd\\lvgl\\src/core/lv_obj.h"
 147              		.file 5 "d:\\kzc\\stm32\\h743ii_lcd\\lvgl\\src/widgets/lv_bar.h"
 148              		.file 6 "d:\\kzc\\stm32\\h743ii_lcd\\lvgl\\src/extra/widgets/imgbtn/lv_imgbtn.h"
 149              		.file 7 "lvgl/demos/music/assets/img_lv_demo_music_btn_rnd.c"
ARM GAS  C:\Users\OSD\AppData\Local\Temp\ccy1dH0b.s 			page 11


DEFINED SYMBOLS
                            *ABS*:00000000 img_lv_demo_music_btn_rnd.c
C:\Users\OSD\AppData\Local\Temp\ccy1dH0b.s:24     .data.img_lv_demo_music_btn_rnd:00000000 img_lv_demo_music_btn_rnd
C:\Users\OSD\AppData\Local\Temp\ccy1dH0b.s:35     .rodata.img_lv_demo_music_btn_rnd_map:00000000 img_lv_demo_music_btn_rnd_map
C:\Users\OSD\AppData\Local\Temp\ccy1dH0b.s:21     .data.img_lv_demo_music_btn_rnd:00000000 $d
C:\Users\OSD\AppData\Local\Temp\ccy1dH0b.s:32     .rodata.img_lv_demo_music_btn_rnd_map:00000000 $d

NO UNDEFINED SYMBOLS
