ARM GAS  C:\Users\OSD\AppData\Local\Temp\cckU7SgH.s 			page 1


   1              		.cpu cortex-m7
   2              		.arch armv7e-m
   3              		.fpu fpv5-d16
   4              		.eabi_attribute 28, 1
   5              		.eabi_attribute 20, 1
   6              		.eabi_attribute 21, 1
   7              		.eabi_attribute 23, 3
   8              		.eabi_attribute 24, 1
   9              		.eabi_attribute 25, 1
  10              		.eabi_attribute 26, 1
  11              		.eabi_attribute 30, 1
  12              		.eabi_attribute 34, 1
  13              		.eabi_attribute 18, 4
  14              		.file	"img_lv_demo_music_corner_right.c"
  15              		.text
  16              	.Ltext0:
  17              		.cfi_sections	.debug_frame
  18              		.global	img_lv_demo_music_corner_right
  19              		.global	img_lv_demo_music_corner_right_map
  20              		.section	.data.img_lv_demo_music_corner_right,"aw"
  21              		.align	2
  24              	img_lv_demo_music_corner_right:
  25 0000 05       		.byte	5
  26 0001 48       		.byte	72
  27 0002 40       		.byte	64
  28 0003 02       		.byte	2
  29 0004 10050000 		.word	1296
  30 0008 00000000 		.word	img_lv_demo_music_corner_right_map
  31              		.section	.rodata.img_lv_demo_music_corner_right_map,"a"
  32              		.align	2
  35              	img_lv_demo_music_corner_right_map:
  36 0000 47323400 		.ascii	"G24\000G24\000G24\000G24\000G24\000G24\000G24\000G2"
  36      47323400 
  36      47323400 
  36      47323400 
  36      47323400 
  37 001e 34004732 		.ascii	"4\000G24\000G24\000G24\000G24\000G24\000G24\000G24\000"
  37      34004732 
  37      34004732 
  37      34004732 
  37      34004732 
  38 003c 47323400 		.ascii	"G24\000\377\377\377\000G24\004G24\000G24\000G24\000"
  38      FFFFFF00 
  38      47323404 
  38      47323400 
  38      47323400 
  39 0054 47323400 		.ascii	"G24\000G24\000G24\000G24\000G24\000G24\000G24\000G2"
  39      47323400 
  39      47323400 
  39      47323400 
  39      47323400 
  40 0072 34004732 		.ascii	"4\000G24\000G24\000G24\000G24\000G24\000\377\377\377"
  40      34004732 
  40      34004732 
  40      34004732 
  40      34004732 
  41 008b 00473234 		.ascii	"\000G24\023G24\000G24\000G24\000G24\000G24\000G24\000"
ARM GAS  C:\Users\OSD\AppData\Local\Temp\cckU7SgH.s 			page 2


  41      13473234 
  41      00473234 
  41      00473234 
  41      00473234 
  42 00a8 47323400 		.ascii	"G24\000G24\000G24\000G24\000G24\000G24\000G24\000G2"
  42      47323400 
  42      47323400 
  42      47323400 
  42      47323400 
  43 00c6 34004732 		.ascii	"4\000G24\000G24\000\377\377\377\000G24/G24\000G24\000"
  43      34004732 
  43      3400FFFF 
  43      FF004732 
  43      342F4732 
  44 00e0 47323400 		.ascii	"G24\000G24\000G24\000G24\000G24\000G24\000G24\000G2"
  44      47323400 
  44      47323400 
  44      47323400 
  44      47323400 
  45 00fe 34004732 		.ascii	"4\000G24\000G24\000G24\000G24\000G24\000G24\000\377"
  45      34004732 
  45      34004732 
  45      34004732 
  45      34004732 
  46 0119 FFFF0047 		.ascii	"\377\377\000G24TG24\000G24\000G24\000G24\000G24\000"
  46      32345447 
  46      32340047 
  46      32340047 
  46      32340047 
  47 0134 47323400 		.ascii	"G24\000G24\000G24\000G24\000G24\000G24\000G24\000G2"
  47      47323400 
  47      47323400 
  47      47323400 
  47      47323400 
  48 0152 34004732 		.ascii	"4\000G24\000G24\000G24\000\377\377\377\000G24\213G2"
  48      34004732 
  48      34004732 
  48      3400FFFF 
  48      FF004732 
  49 016a 34004732 		.ascii	"4\000G24\000G24\000G24\000G24\000G24\000G24\000G24\000"
  49      34004732 
  49      34004732 
  49      34004732 
  49      34004732 
  50 0188 47323400 		.ascii	"G24\000G24\000G24\000G24\000G24\000G24\000G24\000G2"
  50      47323400 
  50      47323400 
  50      47323400 
  50      47323400 
  51 01a6 3400FFFF 		.ascii	"4\000\377\377\377\000G24\314G24\000G24\000G24\000G2"
  51      FF004732 
  51      34CC4732 
  51      34004732 
  51      34004732 
  52 01be 34004732 		.ascii	"4\000G24\000G24\000G24\000G24\000G24\000G24\000G24\000"
  52      34004732 
  52      34004732 
ARM GAS  C:\Users\OSD\AppData\Local\Temp\cckU7SgH.s 			page 3


  52      34004732 
  52      34004732 
  53 01dc 47323400 		.ascii	"G24\000G24\000G24\000G24\000G24\000G24\037G24\377G2"
  53      47323400 
  53      47323400 
  53      47323400 
  53      47323400 
  54 01fa 34004732 		.ascii	"4\000G24\000G24\000G24\000G24\000G24\000G24\000G24\000"
  54      34004732 
  54      34004732 
  54      34004732 
  54      34004732 
  55 0218 47323400 		.ascii	"G24\000G24\000G24\000G24\000G24\000G24\000G24\000G2"
  55      47323400 
  55      47323400 
  55      47323400 
  55      47323400 
  56 0236 34004732 		.ascii	"4\000G24\177G24\377G24\000G24\000G24\000G24\000G24\000"
  56      347F4732 
  56      34FF4732 
  56      34004732 
  56      34004732 
  57 0254 47323400 		.ascii	"G24\000G24\000G24\000G24\000G24\000G24\000G24\000G2"
  57      47323400 
  57      47323400 
  57      47323400 
  57      47323400 
  58 0272 34004732 		.ascii	"4\000G24\000G24\000G24\010G24\350G24\377G24\000G24\000"
  58      34004732 
  58      34004732 
  58      34084732 
  58      34E84732 
  59 0290 47323400 		.ascii	"G24\000G24\000G24\000G24\000G24\000G24\000G24\000G2"
  59      47323400 
  59      47323400 
  59      47323400 
  59      47323400 
  60 02ae 34004732 		.ascii	"4\000G24\000G24\000G24\000G24\000G24\000G24\230G24\377"
  60      34004732 
  60      34004732 
  60      34004732 
  60      34004732 
  61 02cc 473234FF 		.ascii	"G24\377G24\000G24\000G24\000G24\000G24\000G24\000G2"
  61      47323400 
  61      47323400 
  61      47323400 
  61      47323400 
  62 02ea 34004732 		.ascii	"4\000G24\000G24\000G24\000G24\000G24\000G24\000G24\000"
  62      34004732 
  62      34004732 
  62      34004732 
  62      34004732 
  63 0308 4732344B 		.ascii	"G24KG24\377G24\377G24\377G24\000G24\000G24\000G24\000"
  63      473234FF 
  63      473234FF 
  63      473234FF 
  63      47323400 
ARM GAS  C:\Users\OSD\AppData\Local\Temp\cckU7SgH.s 			page 4


  64 0328 47323400 		.ascii	"G24\000G24\000G24\000G24\000G24\000G24\000G24\000G2"
  64      47323400 
  64      47323400 
  64      47323400 
  64      47323400 
  65 0346 34004732 		.ascii	"4\000G24\000G24\037G24\340G24\377G24\377G24\377G24\000"
  65      34004732 
  65      341F4732 
  65      34E04732 
  65      34FF4732 
  66 0364 47323400 		.ascii	"G24\000G24\000G24\000G24\000G24\000G24\000G24\000G2"
  66      47323400 
  66      47323400 
  66      47323400 
  66      47323400 
  67 0382 34004732 		.ascii	"4\000G24\000G24\000G24\000G243G24\350G24\377G24\377"
  67      34004732 
  67      34004732 
  67      34004732 
  67      34334732 
  68 03a0 473234FF 		.ascii	"G24\377G24\377G24\000G24\000G24\000G24\000G24\000G2"
  68      473234FF 
  68      47323400 
  68      47323400 
  68      47323400 
  69 03be 34004732 		.ascii	"4\000G24\000G24\000G24\000G24\000G24\000G243G24\354"
  69      34004732 
  69      34004732 
  69      34004732 
  69      34004732 
  70 03dc 473234FF 		.ascii	"G24\377G24\377G24\377G24\377G24\377G24\000G24\000G2"
  70      473234FF 
  70      473234FF 
  70      473234FF 
  70      473234FF 
  71 03fa 34004732 		.ascii	"4\000G24\000G24\000G24\000G24\000G24\000G24\000G24\003"
  71      34004732 
  71      34004732 
  71      34004732 
  71      34004732 
  72 0418 47323473 		.ascii	"G24sG24\370G24\377G24\377G24\377G24\377G24\377G24\377"
  72      473234F8 
  72      473234FF 
  72      473234FF 
  72      473234FF 
  73 0438 47323400 		.ascii	"G24\000G24\000G24\000G24\000G24\000G24\000G24\000G2"
  73      47323400 
  73      47323400 
  73      47323400 
  73      47323400 
  74 0456 34004732 		.ascii	"4\000G24/G24\317G24\377G24\377G24\377G24\377G24\377"
  74      342F4732 
  74      34CF4732 
  74      34FF4732 
  74      34FF4732 
  75 0474 473234FF 		.ascii	"G24\377G24\377G24\377G24\000G24\000G24\000G24\000G2"
  75      473234FF 
ARM GAS  C:\Users\OSD\AppData\Local\Temp\cckU7SgH.s 			page 5


  75      473234FF 
  75      47323400 
  75      47323400 
  76 0492 34004732 		.ascii	"4\000G24\010G24PG24\257G24\373G24\377G24\377G24\377"
  76      34084732 
  76      34504732 
  76      34AF4732 
  76      34FB4732 
  77 04b0 473234FF 		.ascii	"G24\377G24\377G24\377G24\377G24\377G24\377G24\004G2"
  77      473234FF 
  77      473234FF 
  77      473234FF 
  77      473234FF 
  78 04ce 34174732 		.ascii	"4\027G24<G24kG24\257G24\367G24\377G24\377G24\377G24"
  78      343C4732 
  78      346B4732 
  78      34AF4732 
  78      34F74732 
  79 04ef FF473234 		.ascii	"\377G24\377G24\377G24\377G24\377G24\377G24\377G24\377"
  79      FF473234 
  79      FF473234 
  79      FF473234 
  79      FF473234 
  80 050c 473234FF 		.ascii	"G24\377"
  81              		.text
  82              	.Letext0:
  83              		.file 1 "c:\\tools\\gcc-arm-none-eabi\\arm-none-eabi\\include\\machine\\_default_types.h"
  84              		.file 2 "c:\\tools\\gcc-arm-none-eabi\\arm-none-eabi\\include\\sys\\_stdint.h"
  85              		.file 3 "d:\\kzc\\stm32\\h743ii_lcd\\lvgl\\src\\draw\\lv_img_buf.h"
  86              		.file 4 "d:\\kzc\\stm32\\h743ii_lcd\\lvgl\\src/core/lv_obj.h"
  87              		.file 5 "d:\\kzc\\stm32\\h743ii_lcd\\lvgl\\src/widgets/lv_bar.h"
  88              		.file 6 "d:\\kzc\\stm32\\h743ii_lcd\\lvgl\\src/extra/widgets/imgbtn/lv_imgbtn.h"
  89              		.file 7 "lvgl/demos/music/assets/img_lv_demo_music_corner_right.c"
ARM GAS  C:\Users\OSD\AppData\Local\Temp\cckU7SgH.s 			page 6


DEFINED SYMBOLS
                            *ABS*:00000000 img_lv_demo_music_corner_right.c
C:\Users\OSD\AppData\Local\Temp\cckU7SgH.s:24     .data.img_lv_demo_music_corner_right:00000000 img_lv_demo_music_corner_right
C:\Users\OSD\AppData\Local\Temp\cckU7SgH.s:35     .rodata.img_lv_demo_music_corner_right_map:00000000 img_lv_demo_music_corner_right_map
C:\Users\OSD\AppData\Local\Temp\cckU7SgH.s:21     .data.img_lv_demo_music_corner_right:00000000 $d
C:\Users\OSD\AppData\Local\Temp\cckU7SgH.s:32     .rodata.img_lv_demo_music_corner_right_map:00000000 $d

NO UNDEFINED SYMBOLS
