ARM GAS  C:\Users\OSD\AppData\Local\Temp\ccCP0ptq.s 			page 1


   1              		.cpu cortex-m7
   2              		.arch armv7e-m
   3              		.fpu fpv5-d16
   4              		.eabi_attribute 28, 1
   5              		.eabi_attribute 20, 1
   6              		.eabi_attribute 21, 1
   7              		.eabi_attribute 23, 3
   8              		.eabi_attribute 24, 1
   9              		.eabi_attribute 25, 1
  10              		.eabi_attribute 26, 1
  11              		.eabi_attribute 30, 1
  12              		.eabi_attribute 34, 1
  13              		.eabi_attribute 18, 4
  14              		.file	"img_lv_demo_music_corner_left.c"
  15              		.text
  16              	.Ltext0:
  17              		.cfi_sections	.debug_frame
  18              		.global	img_lv_demo_music_corner_left
  19              		.global	img_lv_demo_music_corner_left_map
  20              		.section	.data.img_lv_demo_music_corner_left,"aw"
  21              		.align	2
  24              	img_lv_demo_music_corner_left:
  25 0000 05       		.byte	5
  26 0001 48       		.byte	72
  27 0002 40       		.byte	64
  28 0003 02       		.byte	2
  29 0004 10050000 		.word	1296
  30 0008 00000000 		.word	img_lv_demo_music_corner_left_map
  31              		.section	.rodata.img_lv_demo_music_corner_left_map,"a"
  32              		.align	2
  35              	img_lv_demo_music_corner_left_map:
  36 0000 47323407 		.ascii	"G24\007G24\000G24\000G24\000G24\000G24\000G24\000G2"
  36      47323400 
  36      47323400 
  36      47323400 
  36      47323400 
  37 001e 34004732 		.ascii	"4\000G24\000G24\000G24\000G24\000G24\000G24\000G24\000"
  37      34004732 
  37      34004732 
  37      34004732 
  37      34004732 
  38 003c 47323400 		.ascii	"G24\000\377\377\377\000\377\377\377\000G24\033G24\000"
  38      FFFFFF00 
  38      FFFFFF00 
  38      4732341B 
  38      47323400 
  39 0050 47323400 		.ascii	"G24\000G24\000G24\000G24\000G24\000G24\000G24\000G2"
  39      47323400 
  39      47323400 
  39      47323400 
  39      47323400 
  40 006e 34004732 		.ascii	"4\000G24\000G24\000G24\000G24\000G24\000G24\000\377"
  40      34004732 
  40      34004732 
  40      34004732 
  40      34004732 
  41 0089 FFFF00FF 		.ascii	"\377\377\000\377\377\377\000G24<G24\000G24\000G24\000"
ARM GAS  C:\Users\OSD\AppData\Local\Temp\ccCP0ptq.s 			page 2


  41      FFFF0047 
  41      32343C47 
  41      32340047 
  41      32340047 
  42 00a0 47323400 		.ascii	"G24\000G24\000G24\000G24\000G24\000G24\000G24\000G2"
  42      47323400 
  42      47323400 
  42      47323400 
  42      47323400 
  43 00be 34004732 		.ascii	"4\000G24\000G24\000G24\000G24\000\377\377\377\000\377"
  43      34004732 
  43      34004732 
  43      34004732 
  43      3400FFFF 
  44 00d5 FFFF0047 		.ascii	"\377\377\000G24sG24\000G24\000G24\000G24\000G24\000"
  44      32347347 
  44      32340047 
  44      32340047 
  44      32340047 
  45 00f0 47323400 		.ascii	"G24\000G24\000G24\000G24\000G24\000G24\000G24\000G2"
  45      47323400 
  45      47323400 
  45      47323400 
  45      47323400 
  46 010e 34004732 		.ascii	"4\000G24\000G24\000\377\377\377\000\377\377\377\000"
  46      34004732 
  46      3400FFFF 
  46      FF00FFFF 
  46      FF00
  47 0120 473234B8 		.ascii	"G24\270G24\000G24\000G24\000G24\000G24\000G24\000G2"
  47      47323400 
  47      47323400 
  47      47323400 
  47      47323400 
  48 013e 34004732 		.ascii	"4\000G24\000G24\000G24\000G24\000G24\000G24\000G24\000"
  48      34004732 
  48      34004732 
  48      34004732 
  48      34004732 
  49 015c 47323400 		.ascii	"G24\000\377\377\377\000\377\377\377\000G24\370G24\023"
  49      FFFFFF00 
  49      FFFFFF00 
  49      473234F8 
  49      47323413 
  50 0170 47323400 		.ascii	"G24\000G24\000G24\000G24\000G24\000G24\000G24\000G2"
  50      47323400 
  50      47323400 
  50      47323400 
  50      47323400 
  51 018e 34004732 		.ascii	"4\000G24\000G24\000G24\000G24\000G24\000G24\000\377"
  51      34004732 
  51      34004732 
  51      34004732 
  51      34004732 
  52 01a9 FFFF00FF 		.ascii	"\377\377\000\377\377\377\000G24\377G24_G24\000G24\000"
  52      FFFF0047 
  52      3234FF47 
ARM GAS  C:\Users\OSD\AppData\Local\Temp\ccCP0ptq.s 			page 3


  52      32345F47 
  52      32340047 
  53 01c0 47323400 		.ascii	"G24\000G24\000G24\000G24\000G24\000G24\000G24\000G2"
  53      47323400 
  53      47323400 
  53      47323400 
  53      47323400 
  54 01de 34004732 		.ascii	"4\000G24\000G24\000G24\000G24\000\377\377\377\000\377"
  54      34004732 
  54      34004732 
  54      34004732 
  54      3400FFFF 
  55 01f5 FFFF0047 		.ascii	"\377\377\000G24\377G24\277G24\000G24\000G24\000G24\000"
  55      3234FF47 
  55      3234BF47 
  55      32340047 
  55      32340047 
  56 0210 47323400 		.ascii	"G24\000G24\000G24\000G24\000G24\000G24\000G24\000G2"
  56      47323400 
  56      47323400 
  56      47323400 
  56      47323400 
  57 022e 34004732 		.ascii	"4\000G24\000G24\000\377\377\377\000\377\377\377\000"
  57      34004732 
  57      3400FFFF 
  57      FF00FFFF 
  57      FF00
  58 0240 473234FF 		.ascii	"G24\377G24\377G24?G24\000G24\000G24\000G24\000G24\000"
  58      473234FF 
  58      4732343F 
  58      47323400 
  58      47323400 
  59 0260 47323400 		.ascii	"G24\000G24\000G24\000G24\000G24\000G24\000G24\000G2"
  59      47323400 
  59      47323400 
  59      47323400 
  59      47323400 
  60 027e 3400FFFF 		.ascii	"4\000\377\377\377\000\377\377\377\000G24\377G24\377"
  60      FF00FFFF 
  60      FF004732 
  60      34FF4732 
  60      34FF
  61 0290 473234DB 		.ascii	"G24\333G24\017G24\000G24\000G24\000G24\000G24\000G2"
  61      4732340F 
  61      47323400 
  61      47323400 
  61      47323400 
  62 02ae 34004732 		.ascii	"4\000G24\000G24\000G24\000G24\000G24\000G24\000\377"
  62      34004732 
  62      34004732 
  62      34004732 
  62      34004732 
  63 02c9 FFFF00FF 		.ascii	"\377\377\000\377\377\377\000G24\377G24\377G24\377G2"
  63      FFFF0047 
  63      3234FF47 
  63      3234FF47 
  63      3234FF47 
ARM GAS  C:\Users\OSD\AppData\Local\Temp\ccCP0ptq.s 			page 4


  64 02de 348B4732 		.ascii	"4\213G24\000G24\000G24\000G24\000G24\000G24\000G24\000"
  64      34004732 
  64      34004732 
  64      34004732 
  64      34004732 
  65 02fc 47323400 		.ascii	"G24\000G24\000G24\000G24\000G24\000\377\377\377\000"
  65      47323400 
  65      47323400 
  65      47323400 
  65      47323400 
  66 0314 FFFFFF00 		.ascii	"\377\377\377\000G24\377G24\377G24\377G24\373G24SG24"
  66      473234FF 
  66      473234FF 
  66      473234FF 
  66      473234FB 
  67 032f 00473234 		.ascii	"\000G24\000G24\000G24\000G24\000G24\000G24\000G24\000"
  67      00473234 
  67      00473234 
  67      00473234 
  67      00473234 
  68 034c 47323400 		.ascii	"G24\000G24\000G24\000\377\377\377\000\377\377\377\000"
  68      47323400 
  68      47323400 
  68      FFFFFF00 
  68      FFFFFF00 
  69 0360 473234FF 		.ascii	"G24\377G24\377G24\377G24\377G24\374G24cG24\000G24\000"
  69      473234FF 
  69      473234FF 
  69      473234FF 
  69      473234FC 
  70 0380 47323400 		.ascii	"G24\000G24\000G24\000G24\000G24\000G24\000G24\000G2"
  70      47323400 
  70      47323400 
  70      47323400 
  70      47323400 
  71 039e 3400FFFF 		.ascii	"4\000\377\377\377\000\377\377\377\000G24\377G24\377"
  71      FF00FFFF 
  71      FF004732 
  71      34FF4732 
  71      34FF
  72 03b0 473234FF 		.ascii	"G24\377G24\377G24\377G24\374G24pG24\000G24\000G24\000"
  72      473234FF 
  72      473234FF 
  72      473234FC 
  72      47323470 
  73 03d0 47323400 		.ascii	"G24\000G24\000G24\000G24\000G24\000G24\000\377\377\377"
  73      47323400 
  73      47323400 
  73      47323400 
  73      47323400 
  74 03eb 00FFFFFF 		.ascii	"\000\377\377\377\000G24\377G24\377G24\377G24\377G24"
  74      00473234 
  74      FF473234 
  74      FF473234 
  74      FF473234 
  75 0403 FF473234 		.ascii	"\377G24\377G24\377G24\240G24\023G24\000G24\000G24\000"
  75      FF473234 
ARM GAS  C:\Users\OSD\AppData\Local\Temp\ccCP0ptq.s 			page 5


  75      FF473234 
  75      A0473234 
  75      13473234 
  76 0420 47323400 		.ascii	"G24\000G24\000G24\000G24\000\377\377\377\000\377\377"
  76      47323400 
  76      47323400 
  76      47323400 
  76      FFFFFF00 
  77 0436 FF004732 		.ascii	"\377\000G24\377G24\377G24\377G24\377G24\377G24\377G"
  77      34FF4732 
  77      34FF4732 
  77      34FF4732 
  77      34FF4732 
  78 0451 3234FF47 		.ascii	"24\377G24\377G24\357G24WG24\000G24\000G24\000G24\000"
  78      3234FF47 
  78      3234EF47 
  78      32345747 
  78      32340047 
  79 0470 47323400 		.ascii	"G24\000G24\000\377\377\377\000\377\377\377\000G24\377"
  79      47323400 
  79      FFFFFF00 
  79      FFFFFF00 
  79      473234FF 
  80 0484 473234FF 		.ascii	"G24\377G24\377G24\377G24\377G24\377G24\377G24\377G2"
  80      473234FF 
  80      473234FF 
  80      473234FF 
  80      473234FF 
  81 04a2 34FF4732 		.ascii	"4\377G24\377G24\314G24kG24\030G24\000G24\000G24\000"
  81      34FF4732 
  81      34CC4732 
  81      346B4732 
  81      34184732 
  82 04c0 FFFFFF00 		.ascii	"\377\377\377\000\377\377\377\000G24\377G24\377G24\377"
  82      FFFFFF00 
  82      473234FF 
  82      473234FF 
  82      473234FF 
  83 04d4 473234FF 		.ascii	"G24\377G24\377G24\377G24\377G24\377G24\377G24\377G2"
  83      473234FF 
  83      473234FF 
  83      473234FF 
  83      473234FF 
  84 04f2 34FF4732 		.ascii	"4\377G24\377G24\377G24\304G24{G24HG24\033G24\007"
  84      34FF4732 
  84      34FF4732 
  84      34C44732 
  84      347B4732 
  85              		.text
  86              	.Letext0:
  87              		.file 1 "c:\\tools\\gcc-arm-none-eabi\\arm-none-eabi\\include\\machine\\_default_types.h"
  88              		.file 2 "c:\\tools\\gcc-arm-none-eabi\\arm-none-eabi\\include\\sys\\_stdint.h"
  89              		.file 3 "d:\\kzc\\stm32\\h743ii_lcd\\lvgl\\src\\draw\\lv_img_buf.h"
  90              		.file 4 "d:\\kzc\\stm32\\h743ii_lcd\\lvgl\\src/core/lv_obj.h"
  91              		.file 5 "d:\\kzc\\stm32\\h743ii_lcd\\lvgl\\src/widgets/lv_bar.h"
  92              		.file 6 "d:\\kzc\\stm32\\h743ii_lcd\\lvgl\\src/extra/widgets/imgbtn/lv_imgbtn.h"
  93              		.file 7 "lvgl/demos/music/assets/img_lv_demo_music_corner_left.c"
ARM GAS  C:\Users\OSD\AppData\Local\Temp\ccCP0ptq.s 			page 6


ARM GAS  C:\Users\OSD\AppData\Local\Temp\ccCP0ptq.s 			page 7


DEFINED SYMBOLS
                            *ABS*:00000000 img_lv_demo_music_corner_left.c
C:\Users\OSD\AppData\Local\Temp\ccCP0ptq.s:24     .data.img_lv_demo_music_corner_left:00000000 img_lv_demo_music_corner_left
C:\Users\OSD\AppData\Local\Temp\ccCP0ptq.s:35     .rodata.img_lv_demo_music_corner_left_map:00000000 img_lv_demo_music_corner_left_map
C:\Users\OSD\AppData\Local\Temp\ccCP0ptq.s:21     .data.img_lv_demo_music_corner_left:00000000 $d
C:\Users\OSD\AppData\Local\Temp\ccCP0ptq.s:32     .rodata.img_lv_demo_music_corner_left_map:00000000 $d

NO UNDEFINED SYMBOLS
