ARM GAS  C:\Users\OSD\AppData\Local\Temp\ccV8PXja.s 			page 1


   1              		.cpu cortex-m7
   2              		.arch armv7e-m
   3              		.fpu fpv5-d16
   4              		.eabi_attribute 28, 1
   5              		.eabi_attribute 20, 1
   6              		.eabi_attribute 21, 1
   7              		.eabi_attribute 23, 3
   8              		.eabi_attribute 24, 1
   9              		.eabi_attribute 25, 1
  10              		.eabi_attribute 26, 1
  11              		.eabi_attribute 30, 1
  12              		.eabi_attribute 34, 1
  13              		.eabi_attribute 18, 4
  14              		.file	"img_cogwheel_alpha16.c"
  15              		.text
  16              	.Ltext0:
  17              		.cfi_sections	.debug_frame
  18              		.global	img_cogwheel_alpha16
  19              		.global	img_cogwheel_alpha16_map
  20              		.section	.rodata.img_cogwheel_alpha16,"a"
  21              		.align	2
  24              	img_cogwheel_alpha16:
  25 0000 0D       		.byte	13
  26 0001 90       		.byte	144
  27 0002 81       		.byte	129
  28 0003 0C       		.byte	12
  29 0004 88130000 		.word	5000
  30 0008 00000000 		.word	img_cogwheel_alpha16_map
  31              		.section	.rodata.img_cogwheel_alpha16_map,"a"
  32              		.align	2
  35              	img_cogwheel_alpha16_map:
  36 0000 00000000 		.ascii	"\000\000\000\000\000\000\000\000\000\000\000\000\000"
  36      00000000 
  36      00000000 
  36      00
  37 000d 00000000 		.ascii	"\000\000\000\000\000\000\000\000\000\000\377\377\377"
  37      00000000 
  37      0000FFFF 
  37      FF
  38 001a F6000000 		.ascii	"\366\000\000\000\000\000\000\000\000\000\000\000\000"
  38      00000000 
  38      00000000 
  38      00
  39 0027 00000000 		.ascii	"\000\000\000\000\000\000\000\000\000\000\000\000\000"
  39      00000000 
  39      00000000 
  39      00
  40 0034 00000000 		.ascii	"\000\000\000\000\000\000\000\000\000\000\000\000\000"
  40      00000000 
  40      00000000 
  40      00
  41 0041 00000000 		.ascii	"\000\000\000\000\000\000\000\001\377\377\377\377\000"
  41      00000001 
  41      FFFFFFFF 
  41      00
  42 004e 00000000 		.ascii	"\000\000\000\000\000\000\000\000\000\000\000\000\000"
  42      00000000 
ARM GAS  C:\Users\OSD\AppData\Local\Temp\ccV8PXja.s 			page 2


  42      00000000 
  42      00
  43 005b 00000000 		.ascii	"\000\000\000\000\000\000\000\000\000\000\000\000\000"
  43      00000000 
  43      00000000 
  43      00
  44 0068 00000000 		.ascii	"\000\000\000\000\000\000\000\000\000\000\000\000\000"
  44      00000000 
  44      00000000 
  44      00
  45 0075 00000000 		.ascii	"\000\000\000\000\000\003\377\377\377\377\000\000\000"
  45      0003FFFF 
  45      FFFF0000 
  45      00
  46 0082 0005F200 		.ascii	"\000\005\362\000\000\000\000\000\000\000\000\000\000"
  46      00000000 
  46      00000000 
  46      00
  47 008f 00000000 		.ascii	"\000\000\000\000\000\000\000\000\000\000\000\000\000"
  47      00000000 
  47      00000000 
  47      00
  48 009c 00000000 		.ascii	"\000\000\000\000\000\000\000\000\000\002\377\240\000"
  48      00000000 
  48      0002FFA0 
  48      00
  49 00a9 00000004 		.ascii	"\000\000\000\004\377\377\377\377 \000\000\000_\377\377"
  49      FFFFFFFF 
  49      20000000 
  49      5FFFFF
  50 00b8 20000000 		.ascii	" \000\000\000\000\000\000\000\000\000\000\000\000\000"
  50      00000000 
  50      00000000 
  50      0000
  51 00c6 00000000 		.ascii	"\000\000\000\000\000\000\000\000\000\000\000\000\000"
  51      00000000 
  51      00000000 
  51      00
  52 00d3 00000008 		.ascii	"\000\000\000\010\377\377\371\000\000\000\000\012\377"
  52      FFFFF900 
  52      0000000A 
  52      FF
  53 00e0 FFFFFFF0 		.ascii	"\377\377\377\360\000\000\002\377\377\377\377\000\000"
  53      000002FF 
  53      FFFFFF00 
  53      00
  54 00ed 00000000 		.ascii	"\000\000\000\000\000\000\000\000\000\000\000\000\000"
  54      00000000 
  54      00000000 
  54      00
  55 00fa 00000000 		.ascii	"\000\000\000\000\000\000\000\000\000\000\000\000\000"
  55      00000000 
  55      00000000 
  55      00
  56 0107 00BFFFFF 		.ascii	"\000\277\377\377\377\020\000\000\000\017\377\377\377"
  56      FF100000 
  56      000FFFFF 
ARM GAS  C:\Users\OSD\AppData\Local\Temp\ccV8PXja.s 			page 3


  56      FF
  57 0114 FFF00000 		.ascii	"\377\360\000\000\015\377\377\377\377 \000\000\000\000"
  57      0DFFFFFF 
  57      FF200000 
  57      0000
  58 0122 00000000 		.ascii	"\000\000\000\000\000\000\000\000\000\000\000\000\000"
  58      00000000 
  58      00000000 
  58      00
  59 012f 00000000 		.ascii	"\000\000\000\000\000\000\000\000\000\000\002\377\377"
  59      00000000 
  59      000002FF 
  59      FF
  60 013c FFFF6000 		.ascii	"\377\377`\000\000\000\017\377\377\377\377\360\000\000"
  60      00000FFF 
  60      FFFFFFF0 
  60      0000
  61 014a 1FFFFFFF 		.ascii	"\037\377\377\377\377`\000\000\000\000\000\000\000\000"
  61      FF600000 
  61      00000000 
  61      0000
  62 0158 00000000 		.ascii	"\000\000\000\000\000\000\000\000\000\000\000\000\000"
  62      00000000 
  62      00000000 
  62      00
  63 0165 00000000 		.ascii	"\000\000\000\000\000\000\000\317\377\377\377\362\000"
  63      000000CF 
  63      FFFFFFF2 
  63      00
  64 0172 00000FFF 		.ascii	"\000\000\017\377\377\377\377\364\000\000\177\377\377"
  64      FFFFFFF4 
  64      00007FFF 
  64      FF
  65 017f FFFFD000 		.ascii	"\377\377\320\000\000\000\000\000\000\000\000\000\000"
  65      00000000 
  65      00000000 
  65      00
  66 018c 00000000 		.ascii	"\000\000\000\000\000\000\000\000\000\000\000\000\000"
  66      00000000 
  66      00000000 
  66      00
  67 0199 00000000 		.ascii	"\000\000\000\000\000\257\377\377\377\373\000\000\002"
  67      00AFFFFF 
  67      FFFB0000 
  67      02
  68 01a6 8FFFFFFF 		.ascii	"\217\377\377\377\377\377@\003\377\377\377\377\377\320"
  68      FFFF4003 
  68      FFFFFFFF 
  68      FFD0
  69 01b4 00000000 		.ascii	"\000\000\000\000\000\000\000\000\000\000\000\000\000"
  69      00000000 
  69      00000000 
  69      00
  70 01c1 00000000 		.ascii	"\000\000\000\000\000\000\000\000\000\000\000\000\000"
  70      00000000 
  70      00000000 
  70      00
ARM GAS  C:\Users\OSD\AppData\Local\Temp\ccV8PXja.s 			page 4


  71 01ce 0000BFFF 		.ascii	"\000\000\277\377\377\377\377\2434\257\377\377\377\377"
  71      FFFFFFA3 
  71      34AFFFFF 
  71      FFFF
  72 01dc FFFFFA5F 		.ascii	"\377\377\372_\377\377\377\377\377\300\000\000\000\000"
  72      FFFFFFFF 
  72      FFC00000 
  72      0000
  73 01ea 00000000 		.ascii	"\000\000\000\000\000\000\000\000\000\000\000\000\000"
  73      00000000 
  73      00000000 
  73      00
  74 01f7 00000000 		.ascii	"\000\000\000\000\000\000\000\000\000\000\000\177\377"
  74      00000000 
  74      0000007F 
  74      FF
  75 0204 FFFFFFFF 		.ascii	"\377\377\377\377\377\377\377\377\377\377\377\377\377"
  75      FFFFFFFF 
  75      FFFFFFFF 
  75      FF
  76 0211 FFFFFFFF 		.ascii	"\377\377\377\377\377\3770\000\000\000\000\000\000\000"
  76      FFFF3000 
  76      00000000 
  76      0000
  77 021f 00000000 		.ascii	"\000\000\000\000\000\000\000\000\000\000\000\000\000"
  77      00000000 
  77      00000000 
  77      00
  78 022c 00000000 		.ascii	"\000\000\000\000\000\000\000\000\015\377\377\377\377"
  78      00000000 
  78      0DFFFFFF 
  78      FF
  79 0239 FFFFFFFF 		.ascii	"\377\377\377\377\377\377\377\377\377\377\377\377\377"
  79      FFFFFFFF 
  79      FFFFFFFF 
  79      FF
  80 0246 FFFFFE00 		.ascii	"\377\377\376\000\000\000\000\001\222\000\000\000\000"
  80      00000001 
  80      92000000 
  80      00
  81 0253 00000000 		.ascii	"\000\000\000\000\000\000\000\000\000\000\000\000\000"
  81      00000000 
  81      00000000 
  81      00
  82 0260 04100000 		.ascii	"\004\020\000\000\000\000\010\377\377\377\377\377\377"
  82      000008FF 
  82      FFFFFFFF 
  82      FF
  83 026d FFFFFFFF 		.ascii	"\377\377\377\377\377\377\377\377\377\377\377\377\377"
  83      FFFFFFFF 
  83      FFFFFFFF 
  83      FF
  84 027a FE000000 		.ascii	"\376\000\000\000\000\216\377\220\000\000\000\000\000"
  84      008EFF90 
  84      00000000 
  84      00
  85 0287 00000000 		.ascii	"\000\000\000\000\000\000\000\000\000\000\000\257\363"
ARM GAS  C:\Users\OSD\AppData\Local\Temp\ccV8PXja.s 			page 5


  85      00000000 
  85      000000AF 
  85      F3
  86 0294 00000000 		.ascii	"\000\000\000\000\015\377\377\377\377\377\377\377\377"
  86      0DFFFFFF 
  86      FFFFFFFF 
  86      FF
  87 02a1 FFFFFFFF 		.ascii	"\377\377\377\377\377\377\377\377\377\377\377\377\200"
  87      FFFFFFFF 
  87      FFFFFFFF 
  87      80
  88 02ae 00000FFF 		.ascii	"\000\000\017\377\337\373\000\000\000\000\000\000\000"
  88      DFFB0000 
  88      00000000 
  88      00
  89 02bb 00000000 		.ascii	"\000\000\000\000\000\000\000\000\014\377\377@\000\000"
  89      00000000 
  89      0CFFFF40 
  89      0000
  90 02c9 008FFFFF 		.ascii	"\000\217\377\377\377\377\377\377\377\377\377\377\377"
  90      FFFFFFFF 
  90      FFFFFFFF 
  90      FF
  91 02d6 FFFFFFFF 		.ascii	"\377\377\377\377\377\377\377\377\377\370\000\000\377"
  91      FFFFFFFF 
  91      FFF80000 
  91      FF
  92 02e3 FFFFFFB0 		.ascii	"\377\377\377\260\000\000\000\000\000\000\000\000\000"
  92      00000000 
  92      00000000 
  92      00
  93 02f0 00000000 		.ascii	"\000\000\000\000\000\317\377\377\373\020\000\177\377"
  93      00CFFFFF 
  93      FB10007F 
  93      FF
  94 02fd FFFFFFFF 		.ascii	"\377\377\377\377\377\377\377\377\377\377\377\377\377"
  94      FFFFFFFF 
  94      FFFFFFFF 
  94      FF
  95 030a FFFFFFFF 		.ascii	"\377\377\377\377\377\377\377\377\366/\377\377\377\377"
  95      FFFFFFFF 
  95      F62FFFFF 
  95      FFFF
  96 0318 FA000000 		.ascii	"\372\000\000\000\000\000\000\000\000\000\000\000\000"
  96      00000000 
  96      00000000 
  96      00
  97 0325 0009FFFF 		.ascii	"\000\011\377\377\377\377\342\007\377\377\377\377\377"
  97      FFFFE207 
  97      FFFFFFFF 
  97      FF
  98 0332 FFFFFFFF 		.ascii	"\377\377\377\377\377\377\377\377\377\377\377\377\377"
  98      FFFFFFFF 
  98      FFFFFFFF 
  98      FF
  99 033f FFFFFFFF 		.ascii	"\377\377\377\377\377\377\377\377\377\377\377\376\000"
  99      FFFFFFFF 
ARM GAS  C:\Users\OSD\AppData\Local\Temp\ccV8PXja.s 			page 6


  99      FFFFFFFE 
  99      00
 100 034c 00000000 		.ascii	"\000\000\000\000\000\000\000\000\000\000\000\000\015"
 100      00000000 
 100      00000000 
 100      0D
 101 0359 FFFFFFFF 		.ascii	"\377\377\377\377\377\377\377\377\377\377\377\377\377"
 101      FFFFFFFF 
 101      FFFFFFFF 
 101      FF
 102 0366 FFFFFFFF 		.ascii	"\377\377\377\377\377\377\377\377\377\377\377\377\377"
 102      FFFFFFFF 
 102      FFFFFFFF 
 102      FF
 103 0373 FFFFFFFF 		.ascii	"\377\377\377\377\377\377\377\377\377\373\000\000\000"
 103      FFFFFFFF 
 103      FFFB0000 
 103      00
 104 0380 00000000 		.ascii	"\000\000\000\000\000\000\000\000\000\000\014\377\377"
 104      00000000 
 104      00000CFF 
 104      FF
 105 038d FFFFFFFF 		.ascii	"\377\377\377\377\377\377\377\377\377\377\377\377\377"
 105      FFFFFFFF 
 105      FFFFFFFF 
 105      FF
 106 039a FFFFFFFF 		.ascii	"\377\377\377\377\377\377\377\377\377\377\377\377\377"
 106      FFFFFFFF 
 106      FFFFFFFF 
 106      FF
 107 03a7 FFFFFFFF 		.ascii	"\377\377\377\377\377\377\377\373\000\000\000\000\000"
 107      FFFFFFFB 
 107      00000000 
 107      00
 108 03b4 00000000 		.ascii	"\000\000\000\000\000\000\000\000\006\377\377\377\377"
 108      00000000 
 108      06FFFFFF 
 108      FF
 109 03c1 FFFFFFFF 		.ascii	"\377\377\377\377\377\377\377\377\377\377\377\377\377"
 109      FFFFFFFF 
 109      FFFFFFFF 
 109      FF
 110 03ce FFFFFFFF 		.ascii	"\377\377\377\377\377\377\377\377\377\377\377\377\377"
 110      FFFFFFFF 
 110      FFFFFFFF 
 110      FF
 111 03db FFFFFFFF 		.ascii	"\377\377\377\377\377\362\000\000\000\000\000\000\000"
 111      FFF20000 
 111      00000000 
 111      00
 112 03e8 00000000 		.ascii	"\000\000\000\000\000\000\000\217\377\377\377\377\377"
 112      0000008F 
 112      FFFFFFFF 
 112      FF
 113 03f5 FFFFFFFF 		.ascii	"\377\377\377\377\377\377\377\377\377\377\377\377\377"
 113      FFFFFFFF 
 113      FFFFFFFF 
ARM GAS  C:\Users\OSD\AppData\Local\Temp\ccV8PXja.s 			page 7


 113      FF
 114 0402 FFFFFFFF 		.ascii	"\377\377\377\377\377\377\377\377\377\377\377\377\377"
 114      FFFFFFFF 
 114      FFFFFFFF 
 114      FF
 115 040f FFFFFFD0 		.ascii	"\377\377\377\320\000\000\000\000\000\000\000\000\000"
 115      00000000 
 115      00000000 
 115      00
 116 041c 00000000 		.ascii	"\000\000\000\000\000\010\377\377\377\377\377\377\377"
 116      0008FFFF 
 116      FFFFFFFF 
 116      FF
 117 0429 FFFFFFFF 		.ascii	"\377\377\377\377\377\377\371\022\377\377\377\377\366"
 117      FFFFF912 
 117      FFFFFFFF 
 117      F6
 118 0436 113FFFFF 		.ascii	"\021?\377\377\377\377\377\377\377\377\377\377\377\377"
 118      FFFFFFFF 
 118      FFFFFFFF 
 118      FFFF
 119 0444 10000000 		.ascii	"\020\000\000\000\000\000\000\000\000\000\000\000\000"
 119      00000000 
 119      00000000 
 119      00
 120 0451 000001FF 		.ascii	"\000\000\001\377\377\377\377\377\377\377\377\377\377"
 120      FFFFFFFF 
 120      FFFFFFFF 
 120      FF
 121 045e FFFFF200 		.ascii	"\377\377\362\000\000\377\377\377\377\260\000\000?\377"
 121      00FFFFFF 
 121      FFB00000 
 121      3FFF
 122 046c FFFFFFFF 		.ascii	"\377\377\377\377\377\377\377\377\377\371\000\000\000"
 122      FFFFFFFF 
 122      FFF90000 
 122      00
 123 0479 00000000 		.ascii	"\000\000\000\000\000\000\000\000\000\000\000\000\000"
 123      00000000 
 123      00000000 
 123      00
 124 0486 2FFFFFFF 		.ascii	"/\377\377\377\377\377\377\377\377\377\377P\000\000\000"
 124      FFFFFFFF 
 124      FFFFFF50 
 124      000000
 125 0495 FFFFFFFF 		.ascii	"\377\377\377\377\020\000\000\000\004\377\377\377\377"
 125      10000000 
 125      04FFFFFF 
 125      FF
 126 04a2 FFFFFFFF 		.ascii	"\377\377\377\377\377\360\000\000\000\000\000\000\000"
 126      FFF00000 
 126      00000000 
 126      00
 127 04af 00000000 		.ascii	"\000\000\000\000\000\000\000\000\000\017\377\377\377"
 127      00000000 
 127      000FFFFF 
 127      FF
ARM GAS  C:\Users\OSD\AppData\Local\Temp\ccV8PXja.s 			page 8


 128 04bc FFFFFFFF 		.ascii	"\377\377\377\377\377\377@\000\000\000\000\377\377\377"
 128      FFFF4000 
 128      000000FF 
 128      FFFF
 129 04ca FF000000 		.ascii	"\377\000\000\000\000\000\005\377\377\377\377\377\377"
 129      000005FF 
 129      FFFFFFFF 
 129      FF
 130 04d7 FFFFF000 		.ascii	"\377\377\360\000\000\000\000\000\000\000\000\000\000"
 130      00000000 
 130      00000000 
 130      00
 131 04e4 00000000 		.ascii	"\000\000\000\000\000\000\237\377\377\377\377\377\377"
 131      00009FFF 
 131      FFFFFFFF 
 131      FF
 132 04f1 FFFFF400 		.ascii	"\377\377\364\000\000\000\000\000\377\377\377\377\000"
 132      00000000 
 132      FFFFFFFF 
 132      00
 133 04fe 00000000 		.ascii	"\000\000\000\000\000o\377\377\377\377\377\377\377\373"
 133      006FFFFF 
 133      FFFFFFFF 
 133      FFFB
 134 050c 00000000 		.ascii	"\000\000\000\000\000\000\000\000\000\000\000\000\000"
 134      00000000 
 134      00000000 
 134      00
 135 0519 000001FF 		.ascii	"\000\000\001\377\377\377\377\377\377\377\377\370\000"
 135      FFFFFFFF 
 135      FFFFFFF8 
 135      00
 136 0526 00000000 		.ascii	"\000\000\000\000\000\377\377\377\377\000\000\000\000"
 136      00FFFFFF 
 136      FF000000 
 136      00
 137 0533 000001CF 		.ascii	"\000\000\001\317\377\377\377\377\377\377\377\000\000"
 137      FFFFFFFF 
 137      FFFFFF00 
 137      00
 138 0540 04778200 		.ascii	"\004w\202\000\000\000\000\000\000\000\000\000\000\013"
 138      00000000 
 138      00000000 
 138      000B
 139 054e FFFFFFFF 		.ascii	"\377\377\377\377\377\377\377\377@\000\000\000\000\000"
 139      FFFFFFFF 
 139      40000000 
 139      0000
 140 055c 00FFFFFF 		.ascii	"\000\377\377\377\377\000\000\000\000\000\000\000\007"
 140      FF000000 
 140      00000000 
 140      07
 141 0569 FFFFFFFF 		.ascii	"\377\377\377\377\377\377\377\250\207\237\377\377\020"
 141      FFFFFFA8 
 141      879FFFFF 
 141      10
 142 0576 00000000 		.ascii	"\000\000\000\000\002\376`\000\000\237\377\377\377\377"
ARM GAS  C:\Users\OSD\AppData\Local\Temp\ccV8PXja.s 			page 9


 142      02FE6000 
 142      009FFFFF 
 142      FFFF
 143 0584 FFFFFFF5 		.ascii	"\377\377\377\365\000\000\000\000\000\000\000\377\377"
 143      00000000 
 143      000000FF 
 143      FF
 144 0591 FFFF0000 		.ascii	"\377\377\000\000\000\000\000\000\000\000\177\377\377"
 144      00000000 
 144      00007FFF 
 144      FF
 145 059e FFFFFFFF 		.ascii	"\377\377\377\377\377\377\377\356\357\360\000\000\000"
 145      FFFFFFEE 
 145      EFF00000 
 145      00
 146 05ab 001FFFFE 		.ascii	"\000\037\377\376\314\255\377\377\377\377\377\377\377"
 146      CCADFFFF 
 146      FFFFFFFF 
 146      FF
 147 05b8 FF400000 		.ascii	"\377@\000\000\000\000\000\000\000\377\377\377\377\000"
 147      00000000 
 147      00FFFFFF 
 147      FF00
 148 05c6 00000000 		.ascii	"\000\000\000\000\000\000\000\007\377\377\377\377\377"
 148      00000007 
 148      FFFFFFFF 
 148      FF
 149 05d3 FFFFFFFF 		.ascii	"\377\377\377\377\377\377\361\000\000\000\000_\377\377"
 149      FFFFF100 
 149      0000005F 
 149      FFFF
 150 05e1 FFFFFFFF 		.ascii	"\377\377\377\377\377\377\377\377\377\365\000\000\000"
 150      FFFFFFFF 
 150      FFF50000 
 150      00
 151 05ee 00000000 		.ascii	"\000\000\000\000\000\377\377\377\377\000\000\000\000"
 151      00FFFFFF 
 151      FF000000 
 151      00
 152 05fb 00000000 		.ascii	"\000\000\000\000\000\177\377\377\377\377\377\377\377"
 152      007FFFFF 
 152      FFFFFFFF 
 152      FF
 153 0608 FFFFFFF8 		.ascii	"\377\377\377\370\000\000\000\001\377\377\377\377\377"
 153      00000001 
 153      FFFFFFFF 
 153      FF
 154 0615 FFFFFFFF 		.ascii	"\377\377\377\377\377\377\377P\000\000\000\000\000\000"
 154      FFFFFF50 
 154      00000000 
 154      0000
 155 0623 0000FFFF 		.ascii	"\000\000\377\377\377\377\000\000\000\000\000\000\000"
 155      FFFF0000 
 155      00000000 
 155      00
 156 0630 00000FFF 		.ascii	"\000\000\017\377\377\377\377\377\377\377\377\377\377"
 156      FFFFFFFF 
ARM GAS  C:\Users\OSD\AppData\Local\Temp\ccV8PXja.s 			page 10


 156      FFFFFFFF 
 156      FF
 157 063d FF000000 		.ascii	"\377\000\000\000\001\377\377\377\377\377\377\377\377"
 157      01FFFFFF 
 157      FFFFFFFF 
 157      FF
 158 064a FFFFFFF8 		.ascii	"\377\377\377\370\000\000\000\000\000\000\000\000\000"
 158      00000000 
 158      00000000 
 158      00
 159 0657 FFFFFFFF 		.ascii	"\377\377\377\377\000\000\000\000\000\000\000\000\000"
 159      00000000 
 159      00000000 
 159      00
 160 0664 02FFFFFF 		.ascii	"\002\377\377\377\377\377\377\377\377\377\377\377\000"
 160      FFFFFFFF 
 160      FFFFFFFF 
 160      00
 161 0671 000007FF 		.ascii	"\000\000\007\377\377\377\377\377\377\377\377\377\377"
 161      FFFFFFFF 
 161      FFFFFFFF 
 161      FF
 162 067e FFF00000 		.ascii	"\377\360\000\000\000\000\000\000\000\000\000\377\377"
 162      00000000 
 162      000000FF 
 162      FF
 163 068b FFFF0000 		.ascii	"\377\377\000\000\000\000\000\000\000\000\000\000O\377"
 163      00000000 
 163      00000000 
 163      4FFF
 164 0699 FFFFFFFF 		.ascii	"\377\377\377\377\377\377\377\377\377\000\000\000\007"
 164      FFFFFFFF 
 164      FF000000 
 164      07
 165 06a6 FFFFFFFF 		.ascii	"\377\377\377\377\377\377\377\377\377\377\3770\000\000"
 165      FFFFFFFF 
 165      FFFFFF30 
 165      0000
 166 06b4 00000000 		.ascii	"\000\000\000\000\000\000\000\377\377\377\377\000\000"
 166      000000FF 
 166      FFFFFF00 
 166      00
 167 06c1 00000000 		.ascii	"\000\000\000\000\000\000\000\000\017\377\377\377\377"
 167      00000000 
 167      0FFFFFFF 
 167      FF
 168 06ce FFFFFFFF 		.ascii	"\377\377\377\377\377\364\000\000\000\000\237\377\377"
 168      FFF40000 
 168      00009FFF 
 168      FF
 169 06db FFFFFFFF 		.ascii	"\377\377\377\377\377\377\377\364\000\000\000\000\000"
 169      FFFFFFF4 
 169      00000000 
 169      00
 170 06e8 00000000 		.ascii	"\000\000\000\000\002\377\377\377\3770\000\000\000\000"
 170      02FFFFFF 
 170      FF300000 
ARM GAS  C:\Users\OSD\AppData\Local\Temp\ccV8PXja.s 			page 11


 170      0000
 171 06f6 00000000 		.ascii	"\000\000\000\000\000\002\377\377\377\377\377\377\377"
 171      0002FFFF 
 171      FFFFFFFF 
 171      FF
 172 0703 FFFA2000 		.ascii	"\377\372 \000\000\000\000\004\337\377\377\377\377\377"
 172      00000004 
 172      DFFFFFFF 
 172      FFFF
 173 0711 FFFFFFF0 		.ascii	"\377\377\377\360\000\000\000\000\000\000\000\000\001"
 173      00000000 
 173      00000000 
 173      01
 174 071e 4FFFFFFF 		.ascii	"O\377\377\377\377\364\000\000\000\000\000\000\000\000"
 174      FFF40000 
 174      00000000 
 174      0000
 175 072c 0000AFFF 		.ascii	"\000\000\257\377\377\377\377\377\377\377\200\000\000"
 175      FFFFFFFF 
 175      FFFF8000 
 175      00
 176 0739 00000000 		.ascii	"\000\000\000\000\007\377\377\377\377\377\377\377\377"
 176      07FFFFFF 
 176      FFFFFFFF 
 176      FF
 177 0746 40000000 		.ascii	"@\000\000\000\000\000\000\000\000/\377\377\377\377\377"
 177      00000000 
 177      002FFFFF 
 177      FFFFFF
 178 0755 FFF10000 		.ascii	"\377\361\000\000\000\000\000\000\000\000\000\037\377"
 178      00000000 
 178      0000001F 
 178      FF
 179 0762 FFFFFFFF 		.ascii	"\377\377\377\377\377\370\000\000\000\000\000\000\000"
 179      FFF80000 
 179      00000000 
 179      00
 180 076f 0017FFFF 		.ascii	"\000\027\377\377\377\377\377\377\377\000\000\000\000"
 180      FFFFFFFF 
 180      FF000000 
 180      00
 181 077c 00000000 		.ascii	"\000\000\000\000\030\377\377\377\377\377\377\377\377"
 181      18FFFFFF 
 181      FFFFFFFF 
 181      FF
 182 0789 51000000 		.ascii	"Q\000\000\000\000\000\000\000\000\006\377\377\377\377"
 182      00000000 
 182      0006FFFF 
 182      FFFF
 183 0797 FFFF8000 		.ascii	"\377\377\200\000\000\000\000\000\000\000\000\004\377"
 183      00000000 
 183      00000004 
 183      FF
 184 07a4 FFFFFFFF 		.ascii	"\377\377\377\377\377\373\000\000\000\000\000\000\000"
 184      FFFB0000 
 184      00000000 
 184      00
ARM GAS  C:\Users\OSD\AppData\Local\Temp\ccV8PXja.s 			page 12


 185 07b1 01FFFFFF 		.ascii	"\001\377\377\377\377\377\377\377\377\357\377\020\000"
 185      FFFFFFFF 
 185      FFEFFF10 
 185      00
 186 07be 00000000 		.ascii	"\000\000\000\000\000\000\001\377\377\377\377\377\377"
 186      000001FF 
 186      FFFFFFFF 
 186      FF
 187 07cb 30000000 		.ascii	"0\000\000\000\000"
 187      00
 188 07d0 00000000 		.ascii	"\000\000\000\000\004\377\377\377\377\377\377\362\000"
 188      04FFFFFF 
 188      FFFFFFF2 
 188      00
 189 07dd 00000000 		.ascii	"\000\000\000\000\000\000\016\376\377\377\377\377\377"
 189      00000EFE 
 189      FFFFFFFF 
 189      FF
 190 07ea FFFFFFDF 		.ascii	"\377\377\377\337\260\000\000\000\000\000\000\000\001"
 190      B0000000 
 190      00000000 
 190      01
 191 07f7 FFFFFFFF 		.ascii	"\377\377\377\377\377\377\220\000\000\000\000\000\000"
 191      FFFF9000 
 191      00000000 
 191      00
 192 0804 000004FF 		.ascii	"\000\000\004\377\377\377\377\377\377\300\000\000\000"
 192      FFFFFFFF 
 192      FFC00000 
 192      00
 193 0811 00000000 		.ascii	"\000\000\000\000\237\377\334\377\377\377\377\377\377"
 193      9FFFDCFF 
 193      FFFFFFFF 
 193      FF
 194 081e ECFFF400 		.ascii	"\354\377\364\000\000\000\000\000\000\000\000?\377\377"
 194      00000000 
 194      0000003F 
 194      FFFF
 195 082c FFFFFFF1 		.ascii	"\377\377\377\361\000\000\000\000\000\000\000\000\007"
 195      00000000 
 195      00000000 
 195      07
 196 0839 FFFFFFFF 		.ascii	"\377\377\377\377\377\3770\000\000\000\000\000\000\003"
 196      FFFF3000 
 196      00000000 
 196      0003
 197 0847 FFFD000F 		.ascii	"\377\375\000\017\376\253\272\357\373\000\317\377 \000"
 197      FEABBAEF 
 197      FB00CFFF 
 197      2000
 198 0855 00000000 		.ascii	"\000\000\000\000\000\000\037\377\377\377\377\377\363"
 198      00001FFF 
 198      FFFFFFFF 
 198      F3
 199 0862 00000000 		.ascii	"\000\000\000\000\000\000\000\000\036\377\377\377\377"
 199      00000000 
 199      1EFFFFFF 
ARM GAS  C:\Users\OSD\AppData\Local\Temp\ccV8PXja.s 			page 13


 199      FF
 200 086f FFFF2000 		.ascii	"\377\377 \000\000\000\000\000\000/\377\375\000\001p"
 200      00000000 
 200      002FFFFD 
 200      000170
 201 087e 00000730 		.ascii	"\000\000\0070\000\337\377\300\000\000\000\000\000\000"
 201      00DFFFC0 
 201      00000000 
 201      0000
 202 088c 001FFFFF 		.ascii	"\000\037\377\377\377\377\377\377 \000\000\000\000\000"
 202      FFFFFFFF 
 202      20000000 
 202      0000
 203 089a 00004FFF 		.ascii	"\000\000O\377\377\377\377\377\377\020\000\000\000\000"
 203      FFFFFFFF 
 203      FF100000 
 203      0000
 204 08a8 00003FFF 		.ascii	"\000\000?\377\377`\000\000\000\000\000\000\010\377\377"
 204      FF600000 
 204      00000000 
 204      08FFFF
 205 08b7 F3000000 		.ascii	"\363\000\000\000\000\000\000\000\017\377\377\377\377"
 205      00000000 
 205      0FFFFFFF 
 205      FF
 206 08c4 FFFFFDDD 		.ascii	"\377\377\375\335\376\000\000\001\001[\377\377\377\377"
 206      FE000001 
 206      015BFFFF 
 206      FFFF
 207 08d2 FFFFFF40 		.ascii	"\377\377\377@\000\000\000\000\000\001\217\377\377\361"
 207      00000000 
 207      00018FFF 
 207      FFF1
 208 08e0 00000000 		.ascii	"\000\000\000\000\000\000\017\377\377\373\020\000\000"
 208      00000FFF 
 208      FFFB1000 
 208      00
 209 08ed 00000000 		.ascii	"\000\000\000\000?\377\377\377\377\377\377\377\377\377"
 209      3FFFFFFF 
 209      FFFFFFFF 
 209      FFFF
 210 08fb E002DFFF 		.ascii	"\340\002\337\377\377\377\377\377\377\377\377\377\371"
 210      FFFFFFFF 
 210      FFFFFFFF 
 210      F9
 211 0908 68888888 		.ascii	"h\210\210\210\207\257\377\377\377\366\000\000\000\000"
 211      87AFFFFF 
 211      FFF60000 
 211      0000
 212 0916 00001FFF 		.ascii	"\000\000\037\377\377\377\377\377\377\377\377\377\377"
 212      FFFFFFFF 
 212      FFFFFFFF 
 212      FF
 213 0923 FFFFFFFF 		.ascii	"\377\377\377\377\377\377\377\377\377\377\360\017\377"
 213      FFFFFFFF 
 213      FFFFF00F 
 213      FF
ARM GAS  C:\Users\OSD\AppData\Local\Temp\ccV8PXja.s 			page 14


 214 0930 FFFFFFFF 		.ascii	"\377\377\377\377\377\377\377\377\377\377\377\377\377"
 214      FFFFFFFF 
 214      FFFFFFFF 
 214      FF
 215 093d FFFFFFFF 		.ascii	"\377\377\377\377\377\377\363\000\000\000\000\000\000"
 215      FFFFF300 
 215      00000000 
 215      00
 216 094a 0BFFFFFF 		.ascii	"\013\377\377\377\377\377\377\377\377\377\377\377\377"
 216      FFFFFFFF 
 216      FFFFFFFF 
 216      FF
 217 0957 FFFFFFFF 		.ascii	"\377\377\377\377\377\377\377\377\343_\377\377\377\377"
 217      FFFFFFFF 
 217      E35FFFFF 
 217      FFFF
 218 0965 FFFFFFFF 		.ascii	"\377\377\377\377\377\377\377\377\377\377\377\377\377"
 218      FFFFFFFF 
 218      FFFFFFFF 
 218      FF
 219 0972 FFFFFFF2 		.ascii	"\377\377\377\362\000\000\000\000\000\000\013\377\377"
 219      00000000 
 219      00000BFF 
 219      FF
 220 097f FFFFFFFF 		.ascii	"\377\377\377\377\377\377\377\377\377\377\377\377\377"
 220      FFFFFFFF 
 220      FFFFFFFF 
 220      FF
 221 098c FFFFFFFF 		.ascii	"\377\377\377\377\377\372o\377\377\377\377\377\377\377"
 221      FFFA6FFF 
 221      FFFFFFFF 
 221      FFFF
 222 099a FFFFFFFF 		.ascii	"\377\377\377\377\377\377\377\377\377\377\377\377\377"
 222      FFFFFFFF 
 222      FFFFFFFF 
 222      FF
 223 09a7 F2000000 		.ascii	"\362\000\000\000\000\000\000\013\377\377\377\377\377"
 223      0000000B 
 223      FFFFFFFF 
 223      FF
 224 09b4 FFFFFFFF 		.ascii	"\377\377\377\377\377\377\377\377\377\377\377\377\377"
 224      FFFFFFFF 
 224      FFFFFFFF 
 224      FF
 225 09c1 FFFFFF3E 		.ascii	"\377\377\377>\377\377\377\377\377\377\377\377\377\377"
 225      FFFFFFFF 
 225      FFFFFFFF 
 225      FFFF
 226 09cf FFFFFFFF 		.ascii	"\377\377\377\377\377\377\377\377\377\377\362\000\000"
 226      FFFFFFFF 
 226      FFFFF200 
 226      00
 227 09dc 00000000 		.ascii	"\000\000\000\000\013\377\377\377\377\377\377\377\377"
 227      0BFFFFFF 
 227      FFFFFFFF 
 227      FF
 228 09e9 FFFFFFFF 		.ascii	"\377\377\377\377\377\377\377\377\377\377\377\377\377"
ARM GAS  C:\Users\OSD\AppData\Local\Temp\ccV8PXja.s 			page 15


 228      FFFFFFFF 
 228      FFFFFFFF 
 228      FF
 229 09f6 3EFFFFFF 		.ascii	">\377\377\377\377\377\377\377\377\377\377\377\377\377"
 229      FFFFFFFF 
 229      FFFFFFFF 
 229      FFFF
 230 0a04 FFFFFFFF 		.ascii	"\377\377\377\377\377\377\377\362\000\000\000\000\000"
 230      FFFFFFF2 
 230      00000000 
 230      00
 231 0a11 000BFFFF 		.ascii	"\000\013\377\377\377\377\377\377\377\377\377\377\377"
 231      FFFFFFFF 
 231      FFFFFFFF 
 231      FF
 232 0a1e FFFFFFFF 		.ascii	"\377\377\377\377\377\377\377\377\377\370/\377\377\377"
 232      FFFFFFFF 
 232      FFF82FFF 
 232      FFFF
 233 0a2c FFFFFFFF 		.ascii	"\377\377\377\377\377\377\377\377\377\377\377\377\377"
 233      FFFFFFFF 
 233      FFFFFFFF 
 233      FF
 234 0a39 FFFFFFFF 		.ascii	"\377\377\377\377\363\000\000\000\000\000\000\015\377"
 234      F3000000 
 234      0000000D 
 234      FF
 235 0a46 FFFFFFFF 		.ascii	"\377\377\377\377\377\377\377\377\377\377\377\377\377"
 235      FFFFFFFF 
 235      FFFFFFFF 
 235      FF
 236 0a53 FFFFFFFF 		.ascii	"\377\377\377\377\377\377\360\017\377\377\377\377\377"
 236      FFFFF00F 
 236      FFFFFFFF 
 236      FF
 237 0a60 FFFFFFFF 		.ascii	"\377\377\377\377\377\377\225UfUe\237\377\377\377\367"
 237      FFFF9555 
 237      6655659F 
 237      FFFFFFF7 
 238 0a70 00000000 		.ascii	"\000\000\000\000\000\000O\377\377\377\377\377\227\210"
 238      00004FFF 
 238      FFFFFFFF 
 238      9788
 239 0a7e 88878DFF 		.ascii	"\210\207\215\377\377\377\377\377\377\377\377\366\020"
 239      FFFFFFFF 
 239      FFFFFFF6 
 239      10
 240 0a8b 0001AFFF 		.ascii	"\000\001\257\377\377\377\377\377\377\377\377\377\221"
 240      FFFFFFFF 
 240      FFFFFFFF 
 240      91
 241 0a98 00000000 		.ascii	"\000\000\000\000\000\001\177\377\377\364\000\000\000"
 241      00017FFF 
 241      FFF40000 
 241      00
 242 0aa5 0000000F 		.ascii	"\000\000\000\017\377\377\377\362\000\000\000\000\000"
 242      FFFFFFF2 
ARM GAS  C:\Users\OSD\AppData\Local\Temp\ccV8PXja.s 			page 16


 242      00000000 
 242      00
 243 0ab2 003FFFFF 		.ascii	"\000?\377\377\377\377\377\377\363\000\000\000\000\000"
 243      FFFFFFFF 
 243      F3000000 
 243      0000
 244 0ac0 0019FFFF 		.ascii	"\000\031\377\377\377\377\377\377\377 \000\000\000\000"
 244      FFFFFFFF 
 244      FF200000 
 244      0000
 245 0ace 00004FFF 		.ascii	"\000\000O\377\377\260\000\000\000\000\000\000\003\377"
 245      FFB00000 
 245      00000000 
 245      03FF
 246 0adc FFFF3000 		.ascii	"\377\3770\000\000\000\000\000\000\037\377\377\377\377"
 246      00000000 
 246      001FFFFF 
 246      FFFF
 247 0aea FFFF3000 		.ascii	"\377\3770\000\000\000\000\000\000\000_\377\377\377\377"
 247      00000000 
 247      00005FFF 
 247      FFFFFF
 248 0af9 FFFF2000 		.ascii	"\377\377 \000\000\000\000\000\000/\377\377 \007\344"
 248      00000000 
 248      002FFFFF 
 248      2007E4
 249 0b08 00002920 		.ascii	"\000\000) \000\337\377\363\000\000\000\000\000\000\000"
 249      00DFFFF3 
 249      00000000 
 249      000000
 250 0b17 1FFFFFFF 		.ascii	"\037\377\377\377\377\377\377\020\000\000\000\000\000"
 250      FFFFFF10 
 250      00000000 
 250      00
 251 0b24 000007FF 		.ascii	"\000\000\007\377\377\377\377\377\377 \000\000\000\000"
 251      FFFFFFFF 
 251      FF200000 
 251      0000
 252 0b32 000004FF 		.ascii	"\000\000\004\377\377P/\377\273\313\377\363\000\337\377"
 252      FF502FFF 
 252      BBCBFFF3 
 252      00DFFF
 253 0b41 40000000 		.ascii	"@\000\000\000\000\000\000\000O\377\377\377\377\377\377"
 253      00000000 
 253      4FFFFFFF 
 253      FFFFFF
 254 0b50 10000000 		.ascii	"\020\000\000\000\000\000\000\000\004\377\377\377\377"
 254      00000000 
 254      04FFFFFF 
 254      FF
 255 0b5d FFFF2000 		.ascii	"\377\377 \000\000\000\000\000\000\000o\377\376\377\377"
 255      00000000 
 255      00006FFF 
 255      FEFFFF
 256 0b6c FFFFFFFF 		.ascii	"\377\377\377\377\335\377\370\000\000\000\000\000\000"
 256      DDFFF800 
 256      00000000 
ARM GAS  C:\Users\OSD\AppData\Local\Temp\ccV8PXja.s 			page 17


 256      00
 257 0b79 0001FFFF 		.ascii	"\000\001\377\377\377\377\377\377\365\000\000\000\000"
 257      FFFFFFFF 
 257      F5000000 
 257      00
 258 0b86 00000000 		.ascii	"\000\000\000\000\005\377\377\377\377\377\377 \000\000"
 258      05FFFFFF 
 258      FFFFFF20 
 258      0000
 259 0b94 00000000 		.ascii	"\000\000\000\000\000\010\376\377\377\377\377\377\377"
 259      0008FEFF 
 259      FFFFFFFF 
 259      FF
 260 0ba1 FFFFEF60 		.ascii	"\377\377\357`\000\000\000\000\000\000\000\001\377\377"
 260      00000000 
 260      00000001 
 260      FFFF
 261 0baf FFFFFFFF 		.ascii	"\377\377\377\377\362\000\000\000\000\000\000\000\000"
 261      F2000000 
 261      00000000 
 261      00
 262 0bbc 03FFFFFF 		.ascii	"\003\377\377\377\377\377\377\240\000\000\000\000\000"
 262      FFFFFFA0 
 262      00000000 
 262      00
 263 0bc9 000001EF 		.ascii	"\000\000\001\357\377\377\377\377\377\377\377\377\375"
 263      FFFFFFFF 
 263      FFFFFFFF 
 263      FD
 264 0bd6 00000000 		.ascii	"\000\000\000\000\000\000\000\000\002\377\377\377\377"
 264      00000000 
 264      02FFFFFF 
 264      FF
 265 0be3 FFFFF600 		.ascii	"\377\377\366\000\000\000\000\000\000\000\000\003\377"
 265      00000000 
 265      00000003 
 265      FF
 266 0bf0 FFFFFFFF 		.ascii	"\377\377\377\377\377\363\000\000\000\000\000\000\000"
 266      FFF30000 
 266      00000000 
 266      00
 267 0bfd 0026FFFF 		.ascii	"\000&\377\377\377\377\377\377\377\377q\000\000\000\000"
 267      FFFFFFFF 
 267      FFFF7100 
 267      000000
 268 0c0c 00000000 		.ascii	"\000\000\000\000\017\377\377\377\377\377\377\377P\000"
 268      0FFFFFFF 
 268      FFFFFFFF 
 268      5000
 269 0c1a 00000000 		.ascii	"\000\000\000\000\000\000)\377\377\377\377\377\377\376"
 269      000029FF 
 269      FFFFFFFF 
 269      FFFE
 270 0c28 10000000 		.ascii	"\020\000\000\000\000\000\000\000\000:\377\377\377\377"
 270      00000000 
 270      003AFFFF 
 270      FFFF
ARM GAS  C:\Users\OSD\AppData\Local\Temp\ccV8PXja.s 			page 18


 271 0c36 FFFFF400 		.ascii	"\377\377\364\000\000\000\000\000\000\000\000\000?\377"
 271      00000000 
 271      00000000 
 271      3FFF
 272 0c44 FFFFFFFF 		.ascii	"\377\377\377\377\377\377\377\201\000\000\000\000\000"
 272      FFFFFF81 
 272      00000000 
 272      00
 273 0c51 19FFFFFF 		.ascii	"\031\377\377\377\377\377\377\377\377\020\000\000\000"
 273      FFFFFFFF 
 273      FF100000 
 273      00
 274 0c5e 00000000 		.ascii	"\000\000\000\000\000\0006\377\377\377\377\377@\000\000"
 274      000036FF 
 274      FFFFFFFF 
 274      400000
 275 0c6d 00000000 		.ascii	"\000\000\000\000\000\000\000\377\377\377\377\377\377"
 275      000000FF 
 275      FFFFFFFF 
 275      FF
 276 0c7a FFFFFFFF 		.ascii	"\377\377\377\377\000\000\000\000\005\377\377\377\377"
 276      00000000 
 276      05FFFFFF 
 276      FF
 277 0c87 FFFFFFFF 		.ascii	"\377\377\377\377\377`\000\000\000\000\000\000\000\000"
 277      FF600000 
 277      00000000 
 277      0000
 278 0c95 0000FFFF 		.ascii	"\000\000\377\377\377\377\364\000\000\000\000\000\000"
 278      FFFFF400 
 278      00000000 
 278      00
 279 0ca2 00000004 		.ascii	"\000\000\000\004\377\377\377\377\377\377\377\377\377"
 279      FFFFFFFF 
 279      FFFFFFFF 
 279      FF
 280 0caf FF500000 		.ascii	"\377P\000\000\000\217\377\377\377\377\377\377\377\377"
 280      008FFFFF 
 280      FFFFFFFF 
 280      FFFF
 281 0cbd FFF10000 		.ascii	"\377\361\000\000\000\000\000\000\000\000\000\001\377"
 281      00000000 
 281      00000001 
 281      FF
 282 0cca FFFFFFC0 		.ascii	"\377\377\377\300\000\000\000\000\000\000\000\000\000"
 282      00000000 
 282      00000000 
 282      00
 283 0cd7 0FFFFFFF 		.ascii	"\017\377\377\377\377\377\377\377\377\377\377\360\000"
 283      FFFFFFFF 
 283      FFFFFFF0 
 283      00
 284 0ce4 0001FFFF 		.ascii	"\000\001\377\377\377\377\377\377\377\377\377\377\367"
 284      FFFFFFFF 
 284      FFFFFFFF 
 284      F7
 285 0cf1 00000000 		.ascii	"\000\000\000\000\000\000\000\000\000\001\377\377\377"
ARM GAS  C:\Users\OSD\AppData\Local\Temp\ccV8PXja.s 			page 19


 285      00000000 
 285      0001FFFF 
 285      FF
 286 0cfe FF200000 		.ascii	"\377 \000\000\000\000\000\000\000\000\000_\377\377\377"
 286      00000000 
 286      0000005F 
 286      FFFFFF
 287 0d0d FFFFFFFF 		.ascii	"\377\377\377\377\377\377\377\320\000\000\001\377\377"
 287      FFFFFFD0 
 287      000001FF 
 287      FF
 288 0d1a FFFFFFFF 		.ascii	"\377\377\377\377\377\377\377\377\377p\000\000\000\000"
 288      FFFFFFFF 
 288      FF700000 
 288      0000
 289 0d28 00000000 		.ascii	"\000\000\000\000\001\377\377\377\377\000\000\000\000"
 289      01FFFFFF 
 289      FF000000 
 289      00
 290 0d35 00000000 		.ascii	"\000\000\000\000\000\004\377\377\377\377\377\377\377"
 290      0004FFFF 
 290      FFFFFFFF 
 290      FF
 291 0d42 FFFFFFFF 		.ascii	"\377\377\377\377P\000\000\000\217\377\377\377\377\377"
 291      50000000 
 291      8FFFFFFF 
 291      FFFF
 292 0d50 FFFFFFFF 		.ascii	"\377\377\377\377\377\367\000\000\000\000\000\000\000"
 292      FFF70000 
 292      00000000 
 292      00
 293 0d5d 0001FFFF 		.ascii	"\000\001\377\377\377\377\020\000\000\000\000\000\000"
 293      FFFF1000 
 293      00000000 
 293      00
 294 0d6a 00003FFF 		.ascii	"\000\000?\377\377\377\377\377\377\377\377\377\377\377"
 294      FFFFFFFF 
 294      FFFFFFFF 
 294      FFFF
 295 0d78 10000000 		.ascii	"\020\000\000\000/\377\377\377\377\377\377\377\377\377"
 295      2FFFFFFF 
 295      FFFFFFFF 
 295      FFFF
 296 0d86 FFFF0000 		.ascii	"\377\377\000\000\000\000\000\000\000\000\001\377\377"
 296      00000000 
 296      000001FF 
 296      FF
 297 0d93 FFFF1000 		.ascii	"\377\377\020\000\000\000\000\000\000\000\000\357\377"
 297      00000000 
 297      000000EF 
 297      FF
 298 0da0 FFFFFFFF 		.ascii	"\377\377\377\377\377\377\377\377\377\377\000\000\000"
 298      FFFFFFFF 
 298      FFFF0000 
 298      00
 299 0dad 001FFFFF 		.ascii	"\000\037\377\377\377\377\377\377\377\377\377\377\377"
 299      FFFFFFFF 
ARM GAS  C:\Users\OSD\AppData\Local\Temp\ccV8PXja.s 			page 20


 299      FFFFFFFF 
 299      FF
 300 0dba 90000000 		.ascii	"\220\000\000\000\000\000\000\000\001\377\377\377\377"
 300      00000000 
 300      01FFFFFF 
 300      FF
 301 0dc7 10000000 		.ascii	"\020\000\000\000\000\000\000\000\010\377\377\377\377"
 301      00000000 
 301      08FFFFFF 
 301      FF
 302 0dd4 FFFFFFFE 		.ascii	"\377\377\377\376S\315\315\361\000\000\000\000\002\377"
 302      53CDCDF1 
 302      00000000 
 302      02FF
 303 0de2 FFFFECFF 		.ascii	"\377\377\354\377\377\377\377\377\377\377\374 \000\000"
 303      FFFFFFFF 
 303      FFFFFC20 
 303      0000
 304 0df0 00000000 		.ascii	"\000\000\000\000\001\377\377\377\377\020\000\000\000"
 304      01FFFFFF 
 304      FF100000 
 304      00
 305 0dfd 00000001 		.ascii	"\000\000\000\001\317\377\377\377\377\377\377\377\240"
 305      CFFFFFFF 
 305      FFFFFFFF 
 305      A0
 306 0e0a 00000000 		.ascii	"\000\000\000\000\000\000\000\000\000+\231\251 \177\377"
 306      00000000 
 306      002B99A9 
 306      207FFF
 307 0e19 FFFFFFFF 		.ascii	"\377\377\377\377\377\377\322\000\000\000\000\000\000"
 307      FFFFD200 
 307      00000000 
 307      00
 308 0e26 01FFFFFF 		.ascii	"\001\377\377\377\377\020\000\000\000\000\000\000\013"
 308      FF100000 
 308      00000000 
 308      0B
 309 0e33 FFFFFFFF 		.ascii	"\377\377\377\377\377\377\377\3770\000\000\000\000\000"
 309      FFFFFFFF 
 309      30000000 
 309      0000
 310 0e41 00000000 		.ascii	"\000\000\000\000\000\000\000\000\002\377\377\377\377"
 310      00000000 
 310      02FFFFFF 
 310      FF
 311 0e4e FFFFFFFF 		.ascii	"\377\377\377\377p\000\000\000\000\000\001\377\377\377"
 311      70000000 
 311      000001FF 
 311      FFFF
 312 0e5c FF100000 		.ascii	"\377\020\000\000\000\000\000\004\377\377\377\377\377"
 312      00000004 
 312      FFFFFFFF 
 312      FF
 313 0e69 FFFFFFF7 		.ascii	"\377\377\377\367\000\000\000\000\000\000\000\000\000"
 313      00000000 
 313      00000000 
ARM GAS  C:\Users\OSD\AppData\Local\Temp\ccV8PXja.s 			page 21


 313      00
 314 0e76 00000000 		.ascii	"\000\000\000\000\000\000\217\377\377\377\377\377\377"
 314      00008FFF 
 314      FFFFFFFF 
 314      FF
 315 0e83 FFF70000 		.ascii	"\377\367\000\000\000\000\000\001\377\377\377\377\020"
 315      00000001 
 315      FFFFFFFF 
 315      10
 316 0e90 00000000 		.ascii	"\000\000\000\000\001\237\377\377\377\377\377\377\377"
 316      019FFFFF 
 316      FFFFFFFF 
 316      FF
 317 0e9d FFF00000 		.ascii	"\377\360\000\000\000\000\000\000\000\000\000\000\000"
 317      00000000 
 317      00000000 
 317      00
 318 0eaa 00000000 		.ascii	"\000\000\000\000\014\377\377\377\377\377\377\377\377"
 318      0CFFFFFF 
 318      FFFFFFFF 
 318      FF
 319 0eb7 C3000000 		.ascii	"\303\000\000\000\000\001\377\377\377\377\020\000\000"
 319      0001FFFF 
 319      FFFF1000 
 319      00
 320 0ec4 00003FFF 		.ascii	"\000\000?\377\377\377\377\377\377\377\377\377p\000\000"
 320      FFFFFFFF 
 320      FFFFFFFF 
 320      700000
 321 0ed3 00000000 		.ascii	"\000\000\000\000\000\000\000\000\000\000\000\000\000"
 321      00000000 
 321      00000000 
 321      00
 322 0ee0 0AFFFFFF 		.ascii	"\012\377\377\377\377\377\377\377\377\377\243 \000\000"
 322      FFFFFFFF 
 322      FFFFA320 
 322      0000
 323 0eee 01FFFFFF 		.ascii	"\001\377\377\377\377\000\000\000\001(\377\377\377\377"
 323      FF000000 
 323      0128FFFF 
 323      FFFF
 324 0efc FFFFFFFF 		.ascii	"\377\377\377\377\377\377@\000\000\000\000\000\000\000"
 324      FFFF4000 
 324      00000000 
 324      0000
 325 0f0a 00000000 		.ascii	"\000\000\000\000\000\000\000\000/\377\377\377\377\377"
 325      00000000 
 325      2FFFFFFF 
 325      FFFF
 326 0f18 FFFFFFFF 		.ascii	"\377\377\377\377\377\365\020\000\000\377\377\377\377"
 326      FFF51000 
 326      00FFFFFF 
 326      FF
 327 0f25 1000026F 		.ascii	"\020\000\002o\377\377\377\377\377\377\377\377\377\377"
 327      FFFFFFFF 
 327      FFFFFFFF 
 327      FFFF
ARM GAS  C:\Users\OSD\AppData\Local\Temp\ccV8PXja.s 			page 22


 328 0f33 FFF10000 		.ascii	"\377\361\000\000\000\000\000\000\000\000\000\000\000"
 328      00000000 
 328      00000000 
 328      00
 329 0f40 00000000 		.ascii	"\000\000\000\000\237\377\377\377\377\377\377\377\377"
 329      9FFFFFFF 
 329      FFFFFFFF 
 329      FF
 330 0f4d FFFFFFF7 		.ascii	"\377\377\377\3673\022\377\377\377\377\223#\257\377\377"
 330      3312FFFF 
 330      FFFF9323 
 330      AFFFFF
 331 0f5c FFFFFFFF 		.ascii	"\377\377\377\377\377\377\377\377\377\377\377\020\000"
 331      FFFFFFFF 
 331      FFFFFF10 
 331      00
 332 0f69 00000000 		.ascii	"\000\000\000\000\000\000\000\000\000\000\000\000\004"
 332      00000000 
 332      00000000 
 332      04
 333 0f76 FFFFFFFF 		.ascii	"\377\377\377\377\377\377\377\377\377\377\377\377\377"
 333      FFFFFFFF 
 333      FFFFFFFF 
 333      FF
 334 0f83 FFCAFFFF 		.ascii	"\377\312\377\377\377\377\377\377\377\377\377\377\377"
 334      FFFFFFFF 
 334      FFFFFFFF 
 334      FF
 335 0f90 FFFFFFFF 		.ascii	"\377\377\377\377\377\377\377\377\377\260\000\000\000"
 335      FFFFFFFF 
 335      FFB00000 
 335      00
 336 0f9d 000000   		.ascii	"\000\000\000"
 337 0fa0 00000000 		.ascii	"\000\000\000\000\000\000\000O\377\377\377\377\377\377"
 337      0000004F 
 337      FFFFFFFF 
 337      FFFF
 338 0fae FFFFFFFF 		.ascii	"\377\377\377\377\377\377\377\377\377\377\377\377\377"
 338      FFFFFFFF 
 338      FFFFFFFF 
 338      FF
 339 0fbb FFFFFFFF 		.ascii	"\377\377\377\377\377\377\377\377\377\377\377\377\377"
 339      FFFFFFFF 
 339      FFFFFFFF 
 339      FF
 340 0fc8 FFFFFFB0 		.ascii	"\377\377\377\260\000\000\000\000\000\000\000\000\000"
 340      00000000 
 340      00000000 
 340      00
 341 0fd5 00000000 		.ascii	"\000\000\000\000\357\377\377\377\377\377\377\377\377"
 341      EFFFFFFF 
 341      FFFFFFFF 
 341      FF
 342 0fe2 FFFFFFFF 		.ascii	"\377\377\377\377\377\377\377\377\377\377\377\377\377"
 342      FFFFFFFF 
 342      FFFFFFFF 
 342      FF
ARM GAS  C:\Users\OSD\AppData\Local\Temp\ccV8PXja.s 			page 23


 343 0fef FFFFFFFF 		.ascii	"\377\377\377\377\377\377\377\377\377\377\377\377\377"
 343      FFFFFFFF 
 343      FFFFFFFF 
 343      FF
 344 0ffc FFF40000 		.ascii	"\377\364\000\000\000\000\000\000\000\000\000\000\000"
 344      00000000 
 344      00000000 
 344      00
 345 1009 0000EFFF 		.ascii	"\000\000\357\377\377\377\377\377\377\377\377\377\377"
 345      FFFFFFFF 
 345      FFFFFFFF 
 345      FF
 346 1016 FFFFFFFF 		.ascii	"\377\377\377\377\377\377\377\377\377\377\377\377\377"
 346      FFFFFFFF 
 346      FFFFFFFF 
 346      FF
 347 1023 FFFFFFFF 		.ascii	"\377\377\377\377\377\377\377\377\377\377\377\377\340"
 347      FFFFFFFF 
 347      FFFFFFFF 
 347      E0
 348 1030 00000000 		.ascii	"\000\000\000\000\000\000\000\000\000\000\000\000\000"
 348      00000000 
 348      00000000 
 348      00
 349 103d DFFFFFFF 		.ascii	"\337\377\377\377\377\377\377\377\377\377\377\377\377"
 349      FFFFFFFF 
 349      FFFFFFFF 
 349      FF
 350 104a FFFFFFFF 		.ascii	"\377\377\377\377\377\377\377\377\377\377\377\377\377"
 350      FFFFFFFF 
 350      FFFFFFFF 
 350      FF
 351 1057 FFFFFFFF 		.ascii	"\377\377\377\377\377\207\377\377\377\377\200\000\000"
 351      FF87FFFF 
 351      FFFF8000 
 351      00
 352 1064 00000000 		.ascii	"\000\000\000\000\000\000\000\000\000\000\000\036\377"
 352      00000000 
 352      0000001E 
 352      FF
 353 1071 FFFFFFFD 		.ascii	"\377\377\377\375\336\377\377\377\377\377\377\377\377"
 353      DEFFFFFF 
 353      FFFFFFFF 
 353      FF
 354 107e FFFFFFFF 		.ascii	"\377\377\377\377\377\377\377\377\377\377\377\377\377"
 354      FFFFFFFF 
 354      FFFFFFFF 
 354      FF
 355 108b FFFFF400 		.ascii	"\377\377\364\000?\377\377\373\000\000\000\000\000\000"
 355      3FFFFFFB 
 355      00000000 
 355      0000
 356 1099 00000000 		.ascii	"\000\000\000\000\000\000\000\000\001\357\377\377\376"
 356      00000000 
 356      01EFFFFF 
 356      FE
 357 10a6 40009FFF 		.ascii	"@\000\237\377\377\377\377\377\377\377\377\377\377\377"
ARM GAS  C:\Users\OSD\AppData\Local\Temp\ccV8PXja.s 			page 24


 357      FFFFFFFF 
 357      FFFFFFFF 
 357      FFFF
 358 10b4 FFFFFFFF 		.ascii	"\377\377\377\377\377\377\377\377\377\377\367\000\000"
 358      FFFFFFFF 
 358      FFFFF700 
 358      00
 359 10c1 016FDE80 		.ascii	"\001o\336\200\000\000\000\000\000\000\000\000\000\000"
 359      00000000 
 359      00000000 
 359      0000
 360 10cf 00000000 		.ascii	"\000\000\000\000\000\015\377\377@\000\000\003\377\377"
 360      000DFFFF 
 360      40000003 
 360      FFFF
 361 10dd FFFFFFFF 		.ascii	"\377\377\377\377\377\377\377\377\377\377\377\377\377"
 361      FFFFFFFF 
 361      FFFFFFFF 
 361      FF
 362 10ea FFFFFFFF 		.ascii	"\377\377\377\377\377\377p\000\000\000\000\000\000\000"
 362      FFFF7000 
 362      00000000 
 362      0000
 363 10f8 00000000 		.ascii	"\000\000\000\000\000\000\000\000\000\000\000\000\000"
 363      00000000 
 363      00000000 
 363      00
 364 1105 00019A91 		.ascii	"\000\001\232\221\000\000\000\000\337\377\377\377\377"
 364      00000000 
 364      DFFFFFFF 
 364      FF
 365 1112 FFFFFFFF 		.ascii	"\377\377\377\377\377\377\377\377\377\377\377\377\377"
 365      FFFFFFFF 
 365      FFFFFFFF 
 365      FF
 366 111f FFFFFC00 		.ascii	"\377\377\374\000\000\000\000\000\000\000\000\000\000"
 366      00000000 
 366      00000000 
 366      00
 367 112c 00000000 		.ascii	"\000\000\000\000\000\000\000\000\000\000\000\000\000"
 367      00000000 
 367      00000000 
 367      00
 368 1139 00000000 		.ascii	"\000\000\000\000\000\000\357\377\377\377\377\377\377"
 368      0000EFFF 
 368      FFFFFFFF 
 368      FF
 369 1146 FFFFFFFF 		.ascii	"\377\377\377\377\377\377\377\377\377\377\377\377\377"
 369      FFFFFFFF 
 369      FFFFFFFF 
 369      FF
 370 1153 FA000000 		.ascii	"\372\000\000\000\000\000\000\000\000\000\000\000\000"
 370      00000000 
 370      00000000 
 370      00
 371 1160 00000000 		.ascii	"\000\000\000\000\000\000\000\000\000\000\000\000\000"
 371      00000000 
ARM GAS  C:\Users\OSD\AppData\Local\Temp\ccV8PXja.s 			page 25


 371      00000000 
 371      00
 372 116d 00000000 		.ascii	"\000\000\000\000\357\377\377\377\377\377\377\377\377"
 372      EFFFFFFF 
 372      FFFFFFFF 
 372      FF
 373 117a FFFFFFFF 		.ascii	"\377\377\377\377\377\377\377\377\377\377\377\372\000"
 373      FFFFFFFF 
 373      FFFFFFFA 
 373      00
 374 1187 00000000 		.ascii	"\000\000\000\000\000\000\000\000\000\000\000\000\000"
 374      00000000 
 374      00000000 
 374      00
 375 1194 00000000 		.ascii	"\000\000\000\000\000\000\000\000\000\000\000\000\000"
 375      00000000 
 375      00000000 
 375      00
 376 11a1 0001FFFF 		.ascii	"\000\001\377\377\377\377\377\377\377\377\377\377\377"
 376      FFFFFFFF 
 376      FFFFFFFF 
 376      FF
 377 11ae FFFFFFFF 		.ascii	"\377\377\377\377\377\377\377\377\377\374\020\000\000"
 377      FFFFFFFF 
 377      FFFC1000 
 377      00
 378 11bb 00000000 		.ascii	"\000\000\000\000\000\000\000\000\000\000\000\000\000"
 378      00000000 
 378      00000000 
 378      00
 379 11c8 00000000 		.ascii	"\000\000\000\000\000\000\000\000\000\000\000\000\005"
 379      00000000 
 379      00000000 
 379      05
 380 11d5 FFFFFFFF 		.ascii	"\377\377\377\377\377\3665\257\377\377\377\377\377\365"
 380      FFF635AF 
 380      FFFFFFFF 
 380      FFF5
 381 11e3 44327FFF 		.ascii	"D2\177\377\377\377\377p\000\000\000\000\000\000\000"
 381      FFFFFF70 
 381      00000000 
 381      000000
 382 11f2 00000000 		.ascii	"\000\000\000\000\000\000\000\000\000\000\000\000\000"
 382      00000000 
 382      00000000 
 382      00
 383 11ff 00000000 		.ascii	"\000\000\000\000\000\000\000\017\377\377\377\377\377"
 383      0000000F 
 383      FFFFFFFF 
 383      FF
 384 120c 50002FFF 		.ascii	"P\000/\377\377\377\377\377@\000\000/\377\377\377\377"
 384      FFFFFFFF 
 384      4000002F 
 384      FFFFFFFF 
 385 121c C0000000 		.ascii	"\300\000\000\000\000\000\000\000\000\000\000\000\000"
 385      00000000 
 385      00000000 
ARM GAS  C:\Users\OSD\AppData\Local\Temp\ccV8PXja.s 			page 26


 385      00
 386 1229 00000000 		.ascii	"\000\000\000\000\000\000\000\000\000\000\000\000\000"
 386      00000000 
 386      00000000 
 386      00
 387 1236 00000CFF 		.ascii	"\000\000\014\377\377\377\377\372\000\000\017\377\377"
 387      FFFFFFFA 
 387      00000FFF 
 387      FF
 388 1243 FFFFFC00 		.ascii	"\377\377\374\000\000\000\010\377\377\377\377P\000\000"
 388      000008FF 
 388      FFFFFF50 
 388      0000
 389 1251 00000000 		.ascii	"\000\000\000\000\000\000\000\000\000\000\000\000\000"
 389      00000000 
 389      00000000 
 389      00
 390 125e 00000000 		.ascii	"\000\000\000\000\000\000\000\000\000\000\000\000\002"
 390      00000000 
 390      00000000 
 390      02
 391 126b FFFFFFFF 		.ascii	"\377\377\377\377\362\000\000\037\377\377\377\377\365"
 391      F200001F 
 391      FFFFFFFF 
 391      F5
 392 1278 00000002 		.ascii	"\000\000\000\002\377\377\377\366\000\000\000\000\000"
 392      FFFFFFF6 
 392      00000000 
 392      00
 393 1285 00000000 		.ascii	"\000\000\000\000\000\000\000\000\000\000\000\000\000"
 393      00000000 
 393      00000000 
 393      00
 394 1292 00000000 		.ascii	"\000\000\000\000\000\000\000\000\000\000\000)\377\377"
 394      00000000 
 394      00000029 
 394      FFFF
 395 12a0 FF500000 		.ascii	"\377P\000\000\037\377\377\377\377\361\000\000\000\000"
 395      1FFFFFFF 
 395      FFF10000 
 395      0000
 396 12ae 6FFFF620 		.ascii	"o\377\366 \000\000\000\000\000\000\000\000\000\000\000"
 396      00000000 
 396      00000000 
 396      000000
 397 12bd 00000000 		.ascii	"\000\000\000\000\000\000\000\000\000\000\000\000\000"
 397      00000000 
 397      00000000 
 397      00
 398 12ca 00000000 		.ascii	"\000\000\000\000\000\000\023\357a\000\000\000\016\377"
 398      000013EF 
 398      61000000 
 398      0EFF
 399 12d8 FFFFFFF1 		.ascii	"\377\377\377\361\000\000\000\000\001\021\020\000\000"
 399      00000000 
 399      01111000 
 399      00
ARM GAS  C:\Users\OSD\AppData\Local\Temp\ccV8PXja.s 			page 27


 400 12e5 00000000 		.ascii	"\000\000\000\000\000\000\000\000\000\000\000\000\000"
 400      00000000 
 400      00000000 
 400      00
 401 12f2 00000000 		.ascii	"\000\000\000\000\000\000\000\000\000\000\000\000\000"
 401      00000000 
 401      00000000 
 401      00
 402 12ff 00000000 		.ascii	"\000\000\000\000\021\000\000\000\000\002\377\377\377"
 402      11000000 
 402      0002FFFF 
 402      FF
 403 130c FFF10000 		.ascii	"\377\361\000\000\000\000\000\000\000\000\000\000\000"
 403      00000000 
 403      00000000 
 403      00
 404 1319 00000000 		.ascii	"\000\000\000\000\000\000\000\000\000\000\000\000\000"
 404      00000000 
 404      00000000 
 404      00
 405 1326 00000000 		.ascii	"\000\000\000\000\000\000\000\000\000\000\000\000\000"
 405      00000000 
 405      00000000 
 405      00
 406 1333 00000000 		.ascii	"\000\000\000\000\000\000\000\000\277\356\356\377 \000"
 406      00000000 
 406      BFEEEEFF 
 406      2000
 407 1341 00000000 		.ascii	"\000\000\000\000\000\000\000\000\000\000\000\000\000"
 407      00000000 
 407      00000000 
 407      00
 408 134e 00000000 		.ascii	"\000\000\000\000\000\000\000\000\000\000\000\000\000"
 408      00000000 
 408      00000000 
 408      00
 409 135b 00000000 		.ascii	"\000\000\000\000\000\000\000\000\000\000\000\000\000"
 409      00000000 
 409      00000000 
 409      00
 410 1368 00000000 		.ascii	"\000\000\000\000\000\000\000\021\020\000\000\000\000"
 410      00000011 
 410      10000000 
 410      00
 411 1375 00000000 		.ascii	"\000\000\000\000\000\000\000\000\000\000\000\000\000"
 411      00000000 
 411      00000000 
 411      00
 412 1382 00000000 		.ascii	"\000\000\000\000\000\000"
 412      0000
 413              		.text
 414              	.Letext0:
 415              		.file 1 "c:\\tools\\gcc-arm-none-eabi\\arm-none-eabi\\include\\machine\\_default_types.h"
 416              		.file 2 "c:\\tools\\gcc-arm-none-eabi\\arm-none-eabi\\include\\sys\\_stdint.h"
 417              		.file 3 "d:\\kzc\\stm32\\h743ii_lcd\\lvgl\\src\\draw\\lv_img_buf.h"
 418              		.file 4 "lvgl/examples/assets/../../src/core/lv_obj.h"
 419              		.file 5 "lvgl/examples/assets/../../src/widgets/lv_bar.h"
ARM GAS  C:\Users\OSD\AppData\Local\Temp\ccV8PXja.s 			page 28


 420              		.file 6 "lvgl/examples/assets/../../src/extra/widgets/imgbtn/lv_imgbtn.h"
 421              		.file 7 "lvgl/examples/assets/img_cogwheel_alpha16.c"
ARM GAS  C:\Users\OSD\AppData\Local\Temp\ccV8PXja.s 			page 29


DEFINED SYMBOLS
                            *ABS*:00000000 img_cogwheel_alpha16.c
C:\Users\OSD\AppData\Local\Temp\ccV8PXja.s:24     .rodata.img_cogwheel_alpha16:00000000 img_cogwheel_alpha16
C:\Users\OSD\AppData\Local\Temp\ccV8PXja.s:35     .rodata.img_cogwheel_alpha16_map:00000000 img_cogwheel_alpha16_map
C:\Users\OSD\AppData\Local\Temp\ccV8PXja.s:21     .rodata.img_cogwheel_alpha16:00000000 $d
C:\Users\OSD\AppData\Local\Temp\ccV8PXja.s:32     .rodata.img_cogwheel_alpha16_map:00000000 $d

NO UNDEFINED SYMBOLS
