ARM GAS  C:\Users\OSD\AppData\Local\Temp\cc1KOjnF.s 			page 1


   1              		.cpu cortex-m7
   2              		.arch armv7e-m
   3              		.fpu fpv5-d16
   4              		.eabi_attribute 28, 1
   5              		.eabi_attribute 20, 1
   6              		.eabi_attribute 21, 1
   7              		.eabi_attribute 23, 3
   8              		.eabi_attribute 24, 1
   9              		.eabi_attribute 25, 1
  10              		.eabi_attribute 26, 1
  11              		.eabi_attribute 30, 1
  12              		.eabi_attribute 34, 1
  13              		.eabi_attribute 18, 4
  14              		.file	"img_caret_down.c"
  15              		.text
  16              	.Ltext0:
  17              		.cfi_sections	.debug_frame
  18              		.global	img_caret_down
  19              		.global	img_caret_down_map
  20              		.section	.rodata.img_caret_down,"a"
  21              		.align	2
  24              	img_caret_down:
  25 0000 05       		.byte	5
  26 0001 34       		.byte	52
  27 0002 00       		.byte	0
  28 0003 01       		.byte	1
  29 0004 A0010000 		.word	416
  30 0008 00000000 		.word	img_caret_down_map
  31              		.section	.rodata.img_caret_down_map,"a"
  32              		.align	2
  35              	img_caret_down_map:
  36 0000 46464600 		.ascii	"FFF\000DDD\004,,,\010,,,\010,,,\010,,,\010,,,\010,,"
  36      44444404 
  36      2C2C2C08 
  36      2C2C2C08 
  36      2C2C2C08 
  37 001e 2C082C2C 		.ascii	",\010,,,\010,,,\010,,,\010111\010\202\202\202\000\006"
  37      2C082C2C 
  37      2C082C2C 
  37      2C083131 
  37      31088282 
  38 0035 06060006 		.ascii	"\006\006\000\006\006\006\354\001\001\001\377\001\001"
  38      0606EC01 
  38      0101FF01 
  38      01
  39 0042 01FF0101 		.ascii	"\001\377\001\001\001\377\001\001\001\377\001\001\001"
  39      01FF0101 
  39      01FF0101 
  39      01
  40 004f FF010101 		.ascii	"\377\001\001\001\377\001\001\001\377\001\001\001\377"
  40      FF010101 
  40      FF010101 
  40      FF
  41 005c 010101FF 		.ascii	"\001\001\001\377\002\002\002\360\012\012\012t\012\012"
  41      020202F0 
  41      0A0A0A74 
  41      0A0A
ARM GAS  C:\Users\OSD\AppData\Local\Temp\cc1KOjnF.s 			page 2


  42 006a 0A000A0A 		.ascii	"\012\000\012\012\012\203\000\000\000\377\000\000\000"
  42      0A830000 
  42      00FF0000 
  42      00
  43 0077 FF000000 		.ascii	"\377\000\000\000\377\000\000\000\377\000\000\000\377"
  43      FF000000 
  43      FF000000 
  43      FF
  44 0084 000000FF 		.ascii	"\000\000\000\377\000\000\000\377\000\000\000\377\000"
  44      000000FF 
  44      000000FF 
  44      00
  45 0091 0000FF03 		.ascii	"\000\000\377\003\003\003\320\024\024\024'\000\000\000"
  45      0303D014 
  45      14142700 
  45      0000
  46 009f 00000000 		.ascii	"\000\000\000\000\000\012\012\012\204\000\000\000\377"
  46      000A0A0A 
  46      84000000 
  46      FF
  47 00ac 000000FF 		.ascii	"\000\000\000\377\000\000\000\377\000\000\000\377\000"
  47      000000FF 
  47      000000FF 
  47      00
  48 00b9 0000FF00 		.ascii	"\000\000\377\000\000\000\377\000\000\000\377\003\003"
  48      0000FF00 
  48      0000FF03 
  48      03
  49 00c6 03D31313 		.ascii	"\003\323\023\023\023'\000\000\000\000\012\012\012\000"
  49      13270000 
  49      00000A0A 
  49      0A00
  50 00d4 00000000 		.ascii	"\000\000\000\000\023\023\023\000\012\012\012\207\000"
  50      13131300 
  50      0A0A0A87 
  50      00
  51 00e1 0000FF00 		.ascii	"\000\000\377\000\000\000\377\000\000\000\377\000\000"
  51      0000FF00 
  51      0000FF00 
  51      00
  52 00ee 00FF0000 		.ascii	"\000\377\000\000\000\377\002\002\002\324\023\023\023"
  52      00FF0202 
  52      02D41313 
  52      13
  53 00fb 27000000 		.ascii	"'\000\000\000\000\015\015\015\000\000\000\000\000\012"
  53      000D0D0D 
  53      00000000 
  53      000A
  54 0109 0A0A0000 		.ascii	"\012\012\000\000\000\000\000\020\020\020\003\011\011"
  54      00000010 
  54      10100309 
  54      09
  55 0116 09870000 		.ascii	"\011\207\000\000\000\377\000\000\000\377\000\000\000"
  55      00FF0000 
  55      00FF0000 
  55      00
  56 0123 FF030303 		.ascii	"\377\003\003\003\327\023\023\023(\000\000\000\000\015"
ARM GAS  C:\Users\OSD\AppData\Local\Temp\cc1KOjnF.s 			page 3


  56      D7131313 
  56      28000000 
  56      000D
  57 0131 0D0D0000 		.ascii	"\015\015\000\000\000\000\000\000\000\000\000\000\000"
  57      00000000 
  57      00000000 
  57      00
  58 013e 00000A0A 		.ascii	"\000\000\012\012\012\000\000\000\000\000\015\015\015"
  58      0A000000 
  58      00000D0D 
  58      0D
  59 014b 03080808 		.ascii	"\003\010\010\010\210\000\000\000\377\002\002\002\330"
  59      88000000 
  59      FF020202 
  59      D8
  60 0158 12121228 		.ascii	"\022\022\022(\000\000\000\000\015\015\015\000\000\000"
  60      00000000 
  60      0D0D0D00 
  60      0000
  61 0166 00000000 		.ascii	"\000\000\000\000\000\000\000\000\000\000\000\000\000"
  61      00000000 
  61      00000000 
  61      00
  62 0173 00000000 		.ascii	"\000\000\000\000\000\011\011\011\000\000\000\000\000"
  62      00090909 
  62      00000000 
  62      00
  63 0180 13131303 		.ascii	"\023\023\023\003\015\015\015_\022\022\022,\000\000\000"
  63      0D0D0D5F 
  63      1212122C 
  63      000000
  64 018f 000C0C0C 		.ascii	"\000\014\014\014\000\000\000\000\000\000\000\000\000"
  64      00000000 
  64      00000000 
  64      00
  65 019c 00000000 		.ascii	"\000\000\000\000"
  66              		.text
  67              	.Letext0:
  68              		.file 1 "c:\\tools\\gcc-arm-none-eabi\\arm-none-eabi\\include\\machine\\_default_types.h"
  69              		.file 2 "c:\\tools\\gcc-arm-none-eabi\\arm-none-eabi\\include\\sys\\_stdint.h"
  70              		.file 3 "d:\\kzc\\stm32\\h743ii_lcd\\lvgl\\src\\draw\\lv_img_buf.h"
  71              		.file 4 "lvgl/examples/assets/../../src/core/lv_obj.h"
  72              		.file 5 "lvgl/examples/assets/../../src/widgets/lv_bar.h"
  73              		.file 6 "lvgl/examples/assets/../../src/extra/widgets/imgbtn/lv_imgbtn.h"
  74              		.file 7 "lvgl/examples/assets/img_caret_down.c"
ARM GAS  C:\Users\OSD\AppData\Local\Temp\cc1KOjnF.s 			page 4


DEFINED SYMBOLS
                            *ABS*:00000000 img_caret_down.c
C:\Users\OSD\AppData\Local\Temp\cc1KOjnF.s:24     .rodata.img_caret_down:00000000 img_caret_down
C:\Users\OSD\AppData\Local\Temp\cc1KOjnF.s:35     .rodata.img_caret_down_map:00000000 img_caret_down_map
C:\Users\OSD\AppData\Local\Temp\cc1KOjnF.s:21     .rodata.img_caret_down:00000000 $d
C:\Users\OSD\AppData\Local\Temp\cc1KOjnF.s:32     .rodata.img_caret_down_map:00000000 $d

NO UNDEFINED SYMBOLS
