ARM GAS  C:\Users\OSD\AppData\Local\Temp\cccZeMcp.s 			page 1


   1              		.cpu cortex-m7
   2              		.arch armv7e-m
   3              		.fpu fpv5-d16
   4              		.eabi_attribute 28, 1
   5              		.eabi_attribute 20, 1
   6              		.eabi_attribute 21, 1
   7              		.eabi_attribute 23, 3
   8              		.eabi_attribute 24, 1
   9              		.eabi_attribute 25, 1
  10              		.eabi_attribute 26, 1
  11              		.eabi_attribute 30, 1
  12              		.eabi_attribute 34, 1
  13              		.eabi_attribute 18, 4
  14              		.file	"img_cogwheel_indexed16.c"
  15              		.text
  16              	.Ltext0:
  17              		.cfi_sections	.debug_frame
  18              		.global	img_cogwheel_indexed16
  19              		.global	img_cogwheel_indexed16_map
  20              		.section	.rodata.img_cogwheel_indexed16,"a"
  21              		.align	2
  24              	img_cogwheel_indexed16:
  25 0000 09       		.byte	9
  26 0001 90       		.byte	144
  27 0002 81       		.byte	129
  28 0003 0C       		.byte	12
  29 0004 C8130000 		.word	5064
  30 0008 00000000 		.word	img_cogwheel_indexed16_map
  31              		.section	.rodata.img_cogwheel_indexed16_map,"a"
  32              		.align	2
  35              	img_cogwheel_indexed16_map:
  36 0000 00000000 		.ascii	"\000\000\000\000l^J\377rdP\377le_\377{kX\377\202p`\377"
  36      6C5E4AFF 
  36      726450FF 
  36      6C655FFF 
  36      7B6B58FF 
  37 0018 817568FF 		.ascii	"\201uh\377}tr\377\216xg\377\230\201n\377\215\201s\377"
  37      7D7472FF 
  37      8E7867FF 
  37      98816EFF 
  37      8D8173FF 
  38 002c 89817DFF 		.ascii	"\211\201}\377\247\216|\377\243\226\213\377\235\226\222"
  38      A78E7CFF 
  38      A3968BFF 
  38      9D9692
  39 003b FFB39E8E 		.ascii	"\377\263\236\216\377\000\000\000\000\000\000\000\000"
  39      FF000000 
  39      00000000 
  39      00
  40 0048 00000000 		.ascii	"\000\000\000\000\000\000\000\000\000\000\000\000\000"
  40      00000000 
  40      00000000 
  40      00
  41 0055 0000F988 		.ascii	"\000\000\371\210\210\220\000\000\000\000\000\000\000"
  41      88900000 
  41      00000000 
  41      00
ARM GAS  C:\Users\OSD\AppData\Local\Temp\cccZeMcp.s 			page 2


  42 0062 00000000 		.ascii	"\000\000\000\000\000\000\000\000\000\000\000\000\000"
  42      00000000 
  42      00000000 
  42      00
  43 006f 00000000 		.ascii	"\000\000\000\000\000\000\000\000\000\000\000\000\000"
  43      00000000 
  43      00000000 
  43      00
  44 007c 00000000 		.ascii	"\000\000\000\000\000\000\000\000\000\000\000\000\000"
  44      00000000 
  44      00000000 
  44      00
  45 0089 9889888C 		.ascii	"\230\211\210\214\000\000\000\000\000\000\000\000\000"
  45      00000000 
  45      00000000 
  45      00
  46 0096 00000000 		.ascii	"\000\000\000\000\000\000\000\000\000\000\000\000\000"
  46      00000000 
  46      00000000 
  46      00
  47 00a3 00000000 		.ascii	"\000\000\000\000\000\000\000\000\000\000\000\000\000"
  47      00000000 
  47      00000000 
  47      00
  48 00b0 00000000 		.ascii	"\000\000\000\000\000\000\000\000\000\000\000\231\211"
  48      00000000 
  48      00000099 
  48      89
  49 00bd 88590000 		.ascii	"\210Y\000\000\000\000\000\320\000\000\000\000\000\000"
  49      000000D0 
  49      00000000 
  49      0000
  50 00cb 00000000 		.ascii	"\000\000\000\000\000\000\000\000\000\000\000\000\000"
  50      00000000 
  50      00000000 
  50      00
  51 00d8 00000000 		.ascii	"\000\000\000\000\000\000\000\000\000\000\000\000\000"
  51      00000000 
  51      00000000 
  51      00
  52 00e5 00FCF000 		.ascii	"\000\374\360\000\000\000\000\000\310\231\231\211\000"
  52      00000000 
  52      C8999989 
  52      00
  53 00f2 00000005 		.ascii	"\000\000\000\005U\235\000\000\000\000\000\000\000\000"
  53      559D0000 
  53      00000000 
  53      0000
  54 0100 00000000 		.ascii	"\000\000\000\000\000\000\000\000\000\000\000\000\000"
  54      00000000 
  54      00000000 
  54      00
  55 010d 00000000 		.ascii	"\000\000\000\000\000\000\000\000\000\000\374\231\300"
  55      00000000 
  55      0000FC99 
  55      C0
  56 011a 00000000 		.ascii	"\000\000\000\000\000\231\231\231\211\320\000\000\000"
ARM GAS  C:\Users\OSD\AppData\Local\Temp\cccZeMcp.s 			page 3


  56      00999999 
  56      89D00000 
  56      00
  57 0127 C545569D 		.ascii	"\305EV\235\000\000\000\000\000\000\000\000\000\000\000"
  57      00000000 
  57      00000000 
  57      000000
  58 0136 00000000 		.ascii	"\000\000\000\000\000\000\000\000\000\000\000\000\000"
  58      00000000 
  58      00000000 
  58      00
  59 0143 00000000 		.ascii	"\000\000\000\000\000\014\231\314\234\000\000\000\000"
  59      000C99CC 
  59      9C000000 
  59      00
  60 0150 0F989989 		.ascii	"\017\230\231\211\210\240\000\000\015X\205U$\000\000"
  60      88A00000 
  60      0D588555 
  60      240000
  61 015f 00000000 		.ascii	"\000\000\000\000\000\000\000\000\000\000\000\000\000"
  61      00000000 
  61      00000000 
  61      00
  62 016c 00000000 		.ascii	"\000\000\000\000\000\000\000\000\000\000\000\000\000"
  62      00000000 
  62      00000000 
  62      00
  63 0179 00FCC9C9 		.ascii	"\000\374\311\311\311\000\000\000\000\015\231\211\211"
  63      C9000000 
  63      000D9989 
  63      89
  64 0186 98900000 		.ascii	"\230\220\000\000\012XhXE\000\000\000\000\000\000\000"
  64      0A586858 
  64      45000000 
  64      00000000 
  65 0196 00000000 		.ascii	"\000\000\000\000\000\000\000\000\000\000\000\000\000"
  65      00000000 
  65      00000000 
  65      00
  66 01a3 00000000 		.ascii	"\000\000\000\000\000\000\000\000\000\371\314\234\311"
  66      00000000 
  66      00F9CC9C 
  66      C9
  67 01b0 C0000000 		.ascii	"\300\000\000\000\014\231\231\231\211p\000\000\011\205"
  67      0C999999 
  67      89700000 
  67      0985
  68 01be 848558E0 		.ascii	"\204\205X\340\000\000\000\000\000\000\000\000\000\000"
  68      00000000 
  68      00000000 
  68      0000
  69 01cc 00000000 		.ascii	"\000\000\000\000\000\000\000\000\000\000\000\000\000"
  69      00000000 
  69      00000000 
  69      00
  70 01d9 00000000 		.ascii	"\000\000\000\000\000\374\314\311\311\237\000\000\000"
  70      00FCCCC9 
ARM GAS  C:\Users\OSD\AppData\Local\Temp\cccZeMcp.s 			page 4


  70      C99F0000 
  70      00
  71 01e6 09999999 		.ascii	"\011\231\231\231\210\234\000\000\245\210\205XH\340\000"
  71      889C0000 
  71      A5888558 
  71      48E000
  72 01f5 00000000 		.ascii	"\000\000\000\000\000\000\000\000\000\000\000\000\000"
  72      00000000 
  72      00000000 
  72      00
  73 0202 00000000 		.ascii	"\000\000\000\000\000\000\000\000\000\000\000\000\000"
  73      00000000 
  73      00000000 
  73      00
  74 020f 00FC9CCC 		.ascii	"\000\374\234\314\311\314\360\000\015\230\231\230\231"
  74      C9CCF000 
  74      0D989998 
  74      99
  75 021c 9988900C 		.ascii	"\231\210\220\014X\206\206UW\000\000\000\000\000\000"
  75      58868655 
  75      57000000 
  75      000000
  76 022b 00000000 		.ascii	"\000\000\000\000\000\000\000\000\000\000\000\000\000"
  76      00000000 
  76      00000000 
  76      00
  77 0238 00000000 		.ascii	"\000\000\000\000\000\000\000\000\000\000\014\311\311"
  77      00000000 
  77      00000CC9 
  77      C9
  78 0245 CC99C9C9 		.ascii	"\314\231\311\311\211\231\231\251\230\211\211\205h\211"
  78      899999A9 
  78      98898985 
  78      6889
  79 0253 88886857 		.ascii	"\210\210hW\000\000\000\000\000\000\000\000\000\000\000"
  79      00000000 
  79      00000000 
  79      000000
  80 0262 00000000 		.ascii	"\000\000\000\000\000\000\000\000\000\000\000\000\000"
  80      00000000 
  80      00000000 
  80      00
  81 026f 00000000 		.ascii	"\000\000\000\000\000\017\314\314\311\314\231\231\231"
  81      000FCCCC 
  81      C9CC9999 
  81      99
  82 027c 99899899 		.ascii	"\231\211\230\231\231\210\210\210X\210\205\204W\000\000"
  82      99888888 
  82      58888584 
  82      570000
  83 028b 000000D0 		.ascii	"\000\000\000\320\000\000\000\000\000\000\000\000\000"
  83      00000000 
  83      00000000 
  83      00
  84 0298 00000000 		.ascii	"\000\000\000\000\000\000\000\000\000\000\000\000\000"
  84      00000000 
  84      00000000 
ARM GAS  C:\Users\OSD\AppData\Local\Temp\cccZeMcp.s 			page 5


  84      00
  85 02a5 0000C9C9 		.ascii	"\000\000\311\311\314\234\311\311\311\231\231\231\230"
  85      CC9CC9C9 
  85      C9999999 
  85      98
  86 02b2 9A888988 		.ascii	"\232\210\211\210hX\206\205f\000\000\000\000\012Z\000"
  86      68588685 
  86      66000000 
  86      000A5A00 
  87 02c2 00000000 		.ascii	"\000\000\000\000\000\000\000\000\000\000\000\000\000"
  87      00000000 
  87      00000000 
  87      00
  88 02cf 0000000F 		.ascii	"\000\000\000\017\360\000\000\000\000\017\314\314\234"
  88      F0000000 
  88      000FCCCC 
  88      9C
  89 02dc 999C999C 		.ascii	"\231\234\231\234\231\231\231\232\211\211\210i\210\225"
  89      9999999A 
  89      89898869 
  89      8895
  90 02ea 88588500 		.ascii	"\210X\205\000\000\000\015TAm\000\000\000\000\000\000"
  90      00000D54 
  90      416D0000 
  90      00000000 
  91 02fa 00000000 		.ascii	"\000\000\000\000\000\000\000\000\000\017\314\317\000"
  91      00000000 
  91      000FCCCF 
  91      00
  92 0307 0000000C 		.ascii	"\000\000\000\014\314\234\311\314\234\311\231\311\231"
  92      CC9CC9CC 
  92      9CC999C9 
  92      99
  93 0314 98998989 		.ascii	"\230\231\211\211\211\210h\205\210EU\235\000\000\246"
  93      89886885 
  93      8845559D 
  93      0000A6
  94 0323 444444D0 		.ascii	"DDD\320\000\000\000\000\000\000\000\000\000\000\000"
  94      00000000 
  94      00000000 
  94      000000
  95 0332 0000000F 		.ascii	"\000\000\000\017\314\314\300\000\000\014\314\314\311"
  95      CCCCC000 
  95      000CCCCC 
  95      C9
  96 033f CC99C99C 		.ascii	"\314\231\311\234\231\210\211\231\231\230h\210\211\210"
  96      99888999 
  96      99986888 
  96      8988
  97 034d 68588655 		.ascii	"hX\206UU\220\012\204DTB^\000\000\000\000\000\000\000"
  97      55900A84 
  97      4454425E 
  97      00000000 
  97      000000
  98 0360 00000000 		.ascii	"\000\000\000\000\000\000\000\314\317\314\314\360\000"
  98      000000CC 
  98      CFCCCCF0 
ARM GAS  C:\Users\OSD\AppData\Local\Temp\cccZeMcp.s 			page 6


  98      00
  99 036d FCCC9CCC 		.ascii	"\374\314\234\314\234\314\231\205SE\211\231\231\210$"
  99      9CCC9985 
  99      53458999 
  99      998824
 100 037c 44458898 		.ascii	"DE\210\230\210\205UTY\244D\204TTL\000\000\000\000\000"
 100      88855554 
 100      59A44484 
 100      54544C00 
 100      00000000 
 101 0390 00000000 		.ascii	"\000\000\000\000\000\000\000\000\017\317\314\314\374"
 101      00000000 
 101      0FCFCCCC 
 101      FC
 102 039d CCCC9CCC 		.ascii	"\314\314\234\314\314\234\314\211\205B\021\022\211\231"
 102      CC9CCC89 
 102      85421112 
 102      8999
 103 03ab 89A41111 		.ascii	"\211\244\021\021$EVU\206eUDDDEDB.\000\000\000\000\000"
 103      24455655 
 103      86655544 
 103      44444544 
 103      422E0000 
 104 03c2 00000000 		.ascii	"\000\000\000\000\000\000\000\000\017\314\374\374\314"
 104      00000000 
 104      0FCCFCFC 
 104      CC
 105 03cf CCCCCCCC 		.ascii	"\314\314\314\314\314\311\230R\022!\021\023\211\231\231"
 105      CCC99852 
 105      12211113 
 105      899999
 106 03de 95111111 		.ascii	"\225\021\021\021\021E\204\210UUTHEEDDN\000\000\000\000"
 106      11458488 
 106      55555448 
 106      45454444 
 106      4E000000 
 107 03f3 00000000 		.ascii	"\000\000\000\000\000\000\000\000\000\000\314\314\314"
 107      00000000 
 107      0000CCCC 
 107      CC
 108 0400 CCFCCCCC 		.ascii	"\314\374\314\314\314\314\310T!\021\022\"\022\211\231"
 108      CCCCC854 
 108      21111222 
 108      128999
 109 040f 89852111 		.ascii	"\211\205!\021\021\"\"DEUUETTDTD\260\000\000\000\000"
 109      11222244 
 109      45555545 
 109      54544454 
 109      44B00000 
 110 0425 00000000 		.ascii	"\000\000\000\000\000\000\000\000\000\000\014\314\317"
 110      00000000 
 110      00000CCC 
 110      CF
 111 0432 CCCCCCCC 		.ascii	"\314\314\314\314\314\231R\021\021\"\021\021G\211\231"
 111      CC995211 
 111      11221111 
 111      478999
ARM GAS  C:\Users\OSD\AppData\Local\Temp\cccZeMcp.s 			page 7


 112 0441 99841142 		.ascii	"\231\204\021B\021\021\"$EUXDTTTTE\340\000\000\000\000"
 112      11112224 
 112      45555844 
 112      54545454 
 112      45E00000 
 113 0457 00000000 		.ascii	"\000\000\000\000\000\000\000\000\000\000\000\314\314"
 113      00000000 
 113      000000CC 
 113      CC
 114 0464 CCCCCCCC 		.ascii	"\314\314\314\314\311\224\021!!\0216\276\000\311\231"
 114      C9941121 
 114      211136BE 
 114      00C999
 115 0473 99813000 		.ascii	"\231\2010\000\012R\021DDUUUHEDB'\000\000\000\000\000"
 115      0A521144 
 115      44555555 
 115      48454442 
 115      27000000 
 116 0489 00000000 		.ascii	"\000\000\000\000\000\000\000\000\000\000\000\374\374"
 116      00000000 
 116      000000FC 
 116      FC
 117 0496 CCCCCCCC 		.ascii	"\314\314\314\314\305\"\021\021!6\260\000\000\371\211"
 117      C5221111 
 117      2136B000 
 117      00F989
 118 04a5 9957E000 		.ascii	"\231W\340\000\000\015T\"DDUTDEEA~\000\000\000\000\000"
 118      000D5422 
 118      44445554 
 118      44454541 
 118      7E000000 
 119 04bb 00000000 		.ascii	"\000\000\000\000\000\000\000\000\000\000\000\017\314"
 119      00000000 
 119      0000000F 
 119      CC
 120 04c8 CCCCCCC9 		.ascii	"\314\314\314\311R\021\"\021;\000\000\000\000\331\231"
 120      52112211 
 120      3B000000 
 120      00D999
 121 04d7 89880000 		.ascii	"\211\210\000\000\000\000\000\202$UEE\205TDTp\000\000"
 121      00000082 
 121      24554545 
 121      85544454 
 121      700000
 122 04ea 00000000 		.ascii	"\000\000\000\000\000\000\000\000\000\000\000\000\000"
 122      00000000 
 122      00000000 
 122      00
 123 04f7 000FCCCC 		.ascii	"\000\017\314\314\314\314\305\021\022\0216\000\000\000"
 123      CCCCC511 
 123      12113600 
 123      0000
 124 0505 0000D999 		.ascii	"\000\000\331\231\211Z\000\000\000\000\000\000bDHDDD"
 124      895A0000 
 124      00000000 
 124      62444844 
 124      4444
ARM GAS  C:\Users\OSD\AppData\Local\Temp\cccZeMcp.s 			page 8


 125 0517 45449000 		.ascii	"ED\220\000\000\000\000\000\000\000\000\000\000\000\000"
 125      00000000 
 125      00000000 
 125      000000
 126 0526 00000000 		.ascii	"\000\000\000\000\014\314\314\314\311A\021!#\260\000"
 126      0CCCCCCC 
 126      C9411121 
 126      23B000
 127 0535 00000000 		.ascii	"\000\000\000\000\371\211\231\207\000\000\000\000\000"
 127      F9899987 
 127      00000000 
 127      00
 128 0542 00094455 		.ascii	"\000\011DUU\204\205DBm\000\000\000\000\000\000\000\000"
 128      55848544 
 128      426D0000 
 128      00000000 
 128      0000
 129 0554 00000000 		.ascii	"\000\000\000\000\000\000\000\000\374\314\314\374\304"
 129      00000000 
 129      FCCCCCFC 
 129      C4
 130 0561 11321170 		.ascii	"\0212\021p\000\000\000\000\000\000\371\211\231\207\000"
 130      00000000 
 130      0000F989 
 130      998700
 131 0570 00000000 		.ascii	"\000\000\000\000\000\000\325EUDDE\204%\000\000\000\000"
 131      0000D545 
 131      55444445 
 131      84250000 
 131      0000
 132 0582 A0000000 		.ascii	"\240\000\000\000\000\000\000\000\000\000\000\017\314"
 132      00000000 
 132      0000000F 
 132      CC
 133 058f CCCCC952 		.ascii	"\314\314\311R\022\021;\000\000\000\000\000\000\000\331"
 133      12113B00 
 133      00000000 
 133      0000D9
 134 059e 98988900 		.ascii	"\230\230\211\000\000\000\000\000\000\000\000\225X\210"
 134      00000000 
 134      00000095 
 134      5888
 135 05ac 54444442 		.ascii	"TDDB\320\000\332B*\000\000\000\000\000\000\377\000\000"
 135      D000DA42 
 135      2A000000 
 135      000000FF 
 135      0000
 136 05be 000CCCCC 		.ascii	"\000\014\314\314\314\305\021\022\021p\000\000\000\000"
 136      CCC51112 
 136      11700000 
 136      0000
 137 05cc 000000F9 		.ascii	"\000\000\000\371\231\231x\000\000\000\000\000\000\000"
 137      99997800 
 137      00000000 
 137      0000
 138 05da 00095585 		.ascii	"\000\011U\205TDED&d!B$\320\000\000\000\000\014\314\314"
 138      54444544 
ARM GAS  C:\Users\OSD\AppData\Local\Temp\cccZeMcp.s 			page 9


 138      26642142 
 138      24D00000 
 138      00000CCC 
 139 05ef CF00FCCC 		.ascii	"\317\000\374\314\314\314\201\022!;\000\000\000\000\000"
 139      CCCC8112 
 139      213B0000 
 139      000000
 140 05fe 000000D9 		.ascii	"\000\000\000\331\211\210\213\000\000\000\000\000\000"
 140      89888B00 
 140      00000000 
 140      00
 141 060b 00000098 		.ascii	"\000\000\000\230\211\205TDDB\021\024$!`\000\000\000"
 141      89855444 
 141      44421114 
 141      24216000 
 141      0000
 142 061d 000C9CCC 		.ascii	"\000\014\234\314\314\314\314\314\314\310!2\021p\000"
 142      CCCCCCCC 
 142      CCC82132 
 142      117000
 143 062c 00000000 		.ascii	"\000\000\000\000\000\000\000\371\211\230\212\000\000"
 143      000000F9 
 143      89988A00 
 143      00
 144 0639 00000000 		.ascii	"\000\000\000\000\000\000\000\012\210\230TDBDDB$!@\000"
 144      0000000A 
 144      88985444 
 144      42444442 
 144      24214000 
 145 064d 000000CC 		.ascii	"\000\000\000\314\314\311\314\314\314\314\314\224\022"
 145      CCC9CCCC 
 145      CCCCCC94 
 145      12
 146 065a 12170000 		.ascii	"\022\027\000\000\000\000\000\000\000\000\000\331\230"
 146      00000000 
 146      000000D9 
 146      98
 147 0667 88870000 		.ascii	"\210\207\000\000\000\000\000\000\000\000\000\015\210"
 147      00000000 
 147      0000000D 
 147      88
 148 0674 98844425 		.ascii	"\230\204D%DARBA&\000\000\000\000\231\311\314\311\311"
 148      44415242 
 148      41260000 
 148      000099C9 
 148      CCC9C9
 149 0687 C9CCCC52 		.ascii	"\311\314\314R\022!0\000\000\000\000\000\000\000\000"
 149      12213000 
 149      00000000 
 149      000000
 150 0696 00D99A98 		.ascii	"\000\331\232\230\210\000\000\000\000\000\000\000\000"
 150      88000000 
 150      00000000 
 150      00
 151 06a3 0000C899 		.ascii	"\000\000\310\231\225DD\"BA\"A$\000\000\000\000\231\314"
 151      95444422 
 151      42412241 
ARM GAS  C:\Users\OSD\AppData\Local\Temp\cccZeMcp.s 			page 10


 151      24000000 
 151      0099CC
 152 06b6 9C9CCCCC 		.ascii	"\234\234\314\314\311\311A\"\023\340\000\000\000\000"
 152      C9C94122 
 152      13E00000 
 152      0000
 153 06c4 00000000 		.ascii	"\000\000\000\000\000\331\210\210\207\000\000\000\000"
 153      00D98888 
 153      87000000 
 153      00
 154 06d1 00000000 		.ascii	"\000\000\000\000\000\000\011\211\230T$E$$B\"+\000\000"
 154      00000989 
 154      98542445 
 154      24244222 
 154      2B0000
 155 06e4 0000C99C 		.ascii	"\000\000\311\234\314\234\234\234\314\225!!\033\000\000"
 155      CC9C9C9C 
 155      CC952121 
 155      1B0000
 156 06f3 00000000 		.ascii	"\000\000\000\000\000\000\000\000\331\231\230\207\000"
 156      00000000 
 156      D9999887 
 156      00
 157 0700 00000000 		.ascii	"\000\000\000\000\000\000\000\000\000\017\231\231TD\""
 157      00000000 
 157      000F9999 
 157      544422
 158 070f 41514214 		.ascii	"AQB\024\260\000\000\000\000\014\231\234\311\311\311"
 158      B0000000 
 158      000C999C 
 158      C9C9C9
 159 071e 9C941222 		.ascii	"\234\224\022\"0\000\000\000\000\000\000\000\000\000"
 159      30000000 
 159      00000000 
 159      0000
 160 072c 00D98888 		.ascii	"\000\331\210\210\211\000\000\000\000\000\000\000\000"
 160      89000000 
 160      00000000 
 160      00
 161 0739 000000C8 		.ascii	"\000\000\000\310\234\205BRBBA>\000\000\000\000\000\000"
 161      9C854252 
 161      4242413E 
 161      00000000 
 161      0000
 162 074b FC99C9C9 		.ascii	"\374\231\311\311\314\311Q\022$\260\000\000\000\000\000"
 162      CCC95112 
 162      24B00000 
 162      000000
 163 075a 00000000 		.ascii	"\000\000\000\000\017\210\211\210X\300\000\000\000\000"
 163      0F888988 
 163      58C00000 
 163      0000
 164 0768 00000000 		.ascii	"\000\000\000\000\000\000\011\234\225$\024\025\021\025"
 164      0000099C 
 164      95241415 
 164      1115
 165 0776 E0000000 		.ascii	"\340\000\000\000\000\000\000\000\314\234\234\231\311"
ARM GAS  C:\Users\OSD\AppData\Local\Temp\cccZeMcp.s 			page 11


 165      00000000 
 165      CC9C9C99 
 165      C9
 166 0783 52221700 		.ascii	"R\"\027\000\000\000\000\000\000\000\000\000\015\230"
 166      00000000 
 166      00000000 
 166      0D98
 167 0791 98988889 		.ascii	"\230\230\210\211Y\320\000\000\000\000\000\000\000\000"
 167      59D00000 
 167      00000000 
 167      0000
 168 079f 000CC9C8 		.ascii	"\000\014\311\310RRBQ>\000\000\000\000\000\000\000\000"
 168      52524251 
 168      3E000000 
 168      00000000 
 168      00
 169 07b0 00C99CC9 		.ascii	"\000\311\234\311\305\"!+\000\000\000\000\000\000\000"
 169      C522212B 
 169      00000000 
 169      000000
 170 07bf 00009888 		.ascii	"\000\000\230\210\226\230\230h\205Y\000\000\000\000\000"
 170      96989868 
 170      85590000 
 170      000000
 171 07ce 0000     		.ascii	"\000\000"
 172 07d0 0000009C 		.ascii	"\000\000\000\234\311R%\024\"\340\000\000\000\000\000"
 172      C9522514 
 172      22E00000 
 172      000000
 173 07df 00000000 		.ascii	"\000\000\000\000\311\311\234\225\"$>\000\000\000\000"
 173      C9C99C95 
 173      22243E00 
 173      000000
 174 07ee 00000000 		.ascii	"\000\000\000\000\330X\231\211\212\210\210h\204]\000"
 174      D8589989 
 174      8A888868 
 174      845D00
 175 07fd 00000000 		.ascii	"\000\000\000\000\000\000\000\000\314\311\204BBB\000"
 175      00000000 
 175      CCC98442 
 175      424200
 176 080c 00000000 		.ascii	"\000\000\000\000\000\000\000\000\000\311\234\234\224"
 176      00000000 
 176      00C99C9C 
 176      94
 177 0819 12217000 		.ascii	"\022!p\000\000\000\000\000\000\000\017T\211\210\210"
 177      00000000 
 177      00000F54 
 177      898888
 178 0828 55588884 		.ascii	"UX\210\204TE\320\000\000\000\000\000\000\000\000\314"
 178      5445D000 
 178      00000000 
 178      000000CC 
 179 0838 CC841514 		.ascii	"\314\204\025\024A\340\000\000\000\000\000\000\000\000"
 179      41E00000 
 179      00000000 
 179      0000
ARM GAS  C:\Users\OSD\AppData\Local\Temp\cccZeMcp.s 			page 12


 180 0846 0099C999 		.ascii	"\000\231\311\231\204\022$\340\000\000\000\000\000\000"
 180      841224E0 
 180      00000000 
 180      0000
 181 0854 000824EE 		.ascii	"\000\010$\356\306\205HhXV\252D\200\000\000\000\000\000"
 181      C6854868 
 181      5856AA44 
 181      80000000 
 181      0000
 182 0866 0000000C 		.ascii	"\000\000\000\014\314\224BB!\240\000\000\000\000\000"
 182      CC944242 
 182      21A00000 
 182      000000
 183 0875 00000000 		.ascii	"\000\000\000\000\231\231\311R\022'\000\000\000\000\000"
 183      9999C952 
 183      12270000 
 183      000000
 184 0884 00000098 		.ascii	"\000\000\000\230J\000\012\255\355\320\331\236\000\306"
 184      4A000AAD 
 184      EDD0D99E 
 184      00C6
 185 0892 49000000 		.ascii	"I\000\000\000\000\000\000\000\000\014\317\305\025\025"
 185      00000000 
 185      000CCFC5 
 185      1515
 186 08a0 21600000 		.ascii	"!`\000\000\000\000\000\000\000\000\017\211\311\231R"
 186      00000000 
 186      00000F89 
 186      C99952
 187 08af 21170000 		.ascii	"!\027\000\000\000\000\000\000\000\014\230]\000\000\000"
 187      00000000 
 187      000C985D 
 187      000000
 188 08be 00000000 		.ascii	"\000\000\000\000\000\324U\320\000\000\000\000\000\000"
 188      00D455D0 
 188      00000000 
 188      0000
 189 08cc 000FCCC8 		.ascii	"\000\017\314\310Q\"BK\000\000\000\000\000\000\000\000"
 189      5122424B 
 189      00000000 
 189      00000000 
 190 08dc 0C999999 		.ascii	"\014\231\231\231D$\033\000\000\000\000\000\000\000\011"
 190      44241B00 
 190      00000000 
 190      000009
 191 08eb 89890000 		.ascii	"\211\211\000\000\000\000\000\000\000\000\225T\220\000"
 191      00000000 
 191      00009554 
 191      9000
 192 08f9 00000000 		.ascii	"\000\000\000\000\000\000\017\314\310QBQD\"DJ\000\000"
 192      00000FCC 
 192      C8514251 
 192      4422444A 
 192      0000
 193 090b 000000D9 		.ascii	"\000\000\000\331\231\311\231TT[\000\000\000\000\000"
 193      99C99954 
 193      545B0000 
ARM GAS  C:\Users\OSD\AppData\Local\Temp\cccZeMcp.s 			page 13


 193      000000
 194 091a 00000898 		.ascii	"\000\000\010\230\210\220\000\000\000\000\000\000\014"
 194      88900000 
 194      00000000 
 194      0C
 195 0927 55554D00 		.ascii	"UUM\000\000\000\000\000\000\000\014\314\310RB\024!\021"
 195      00000000 
 195      00000CCC 
 195      C8524214 
 195      2111
 196 0939 11226000 		.ascii	"\021\"`\000\017\374\311\231\231\231\231\210\210\211"
 196      0FFCC999 
 196      99999988 
 196      8889
 197 0947 D0000000 		.ascii	"\320\000\000\000\000\000\015\230\230\224`\000\000\000"
 197      00000D98 
 197      98946000 
 197      0000
 198 0955 00000009 		.ascii	"\000\000\000\011E\204H\335\335\335\335\335\335\335\305"
 198      458448DD 
 198      DDDDDDDD 
 198      DDDDC5
 199 0964 58552242 		.ascii	"XU\"B\"\"\"!\021 \011\210\230\230\231\231\231\231\231"
 199      22222221 
 199      11200988 
 199      98989999 
 199      999999
 200 0977 9999999C 		.ascii	"\231\231\231\234\314\314\311\231\210\211\211U@\000\000"
 200      CCCCC999 
 200      88898955 
 200      400000
 201 0986 00000000 		.ascii	"\000\000\000\000\014\205ETEEDDDDD\"B$\024\"B\"!2\021"
 201      0C854554 
 201      45454444 
 201      44444422 
 201      42241422 
 202 099f 20098899 		.ascii	" \011\210\231\231\211\231\231\231\231\231\230\231\210"
 202      99899999 
 202      99999998 
 202      9988
 203 09ad 88889888 		.ascii	"\210\210\230\210\230i\210\204`\000\000\000\000\000\000"
 203      98698884 
 203      60000000 
 203      000000
 204 09bc 0F945555 		.ascii	"\017\224UUEDDDB\"\"\"\"$\025\024\022\"!\023\021\020"
 204      45444444 
 204      42222222 
 204      22241514 
 204      12222113 
 205 09d2 09899999 		.ascii	"\011\211\231\231\231\231\231\231\231\231\231\231\231"
 205      99999999 
 205      99999999 
 205      99
 206 09df A9A99989 		.ascii	"\251\251\231\211\210\230\230\225`\000\000\000\000\000"
 206      88989895 
 206      60000000 
 206      0000
ARM GAS  C:\Users\OSD\AppData\Local\Temp\cccZeMcp.s 			page 14


 207 09ed 000F9455 		.ascii	"\000\017\224UTDEEDDDDDRARBB!\"\021\021+\012\210\230"
 207      54444545 
 207      44444444 
 207      44524152 
 207      42422122 
 208 0a07 99999999 		.ascii	"\231\231\231\231\231\231\231\231\211\231\230\230\211"
 208      99999999 
 208      89999898 
 208      89
 209 0a14 89988888 		.ascii	"\211\230\210\210\205`\000\000\000\000\000\000\017\224"
 209      85600000 
 209      00000000 
 209      0F94
 210 0a22 55555554 		.ascii	"UUUTDDDTD$\024$\024\022\"!\022\021\021\033\011\212\231"
 210      44444454 
 210      44241424 
 210      14122221 
 210      1211111B 
 211 0a39 98989999 		.ascii	"\230\230\231\231\230\231\231\231\231\210\210\210\210"
 211      98999999 
 211      99888888 
 211      88
 212 0a46 888888A8 		.ascii	"\210\210\210\250e\220\000\000\000\000\000\000\017\205"
 212      65900000 
 212      00000000 
 212      0F85
 213 0a54 55544544 		.ascii	"UTEDBD$\021\021\025$\021QB\"\"!\021\0210\011\210\210"
 213      42442411 
 213      11152411 
 213      51422222 
 213      21111130 
 214 0a6b 89989898 		.ascii	"\211\230\230\230\231\230\230\231\210\231\232\230\211"
 214      99989899 
 214      88999A98 
 214      89
 215 0a78 88898888 		.ascii	"\210\211\210\210\205\220\000\000\000\000\000\000\014"
 215      85900000 
 215      00000000 
 215      0C
 216 0a85 54444445 		.ascii	"TDDEDDDETTABQA\"\022\"\021\0234\260\011\210\211\210"
 216      44444445 
 216      54544142 
 216      51412212 
 216      22111334 
 217 0a9e 89898998 		.ascii	"\211\211\211\230UUT}\000\000\000\000\000\015\245\230"
 217      5555547D 
 217      00000000 
 217      000DA598 
 218 0aae 85A00000 		.ascii	"\205\240\000\000\000\000\000\000\010ET\204E\235\000"
 218      00000000 
 218      08455484 
 218      459D00
 219 0abd 0000000D 		.ascii	"\000\000\000\015\205TU$\"!13\340\000\000\000\017\334"
 219      85545524 
 219      22213133 
 219      E0000000 
 219      0FDC
ARM GAS  C:\Users\OSD\AppData\Local\Temp\cccZeMcp.s 			page 15


 220 0acf CA988988 		.ascii	"\312\230\211\210\230A\021\023\000\000\000\000\000\000"
 220      98411113 
 220      00000000 
 220      0000
 221 0add 00058885 		.ascii	"\000\005\210\205\220\000\000\000\000\000\000\012EEE"
 221      90000000 
 221      0000000A 
 221      454545
 222 0aec 70000000 		.ascii	"p\000\000\000\000\000\000\010\205\204A$\"\021p\000\000"
 222      00000008 
 222      85844124 
 222      22117000 
 222      00
 223 0afd 00000000 		.ascii	"\000\000\000\000\000\331\230\230\225A\021\036\000\000"
 223      00D99898 
 223      9541111E 
 223      0000
 224 0b0b 00000000 		.ascii	"\000\000\000\000\000\011XX\340\000\000\000\000\000\000"
 224      00095858 
 224      E0000000 
 224      000000
 225 0b1a 00945457 		.ascii	"\000\224TW\000\000\000\000\000\000\000\011\210\205B"
 225      00000000 
 225      00000009 
 225      888542
 226 0b29 12111300 		.ascii	"\022\021\023\000\000\000\000\000\000\000\000\011h\211"
 226      00000000 
 226      00000009 
 226      6889
 227 0b37 9841111B 		.ascii	"\230A\021\033\000\000\000\000\000\000\000\015\205J\000"
 227      00000000 
 227      0000000D 
 227      854A00
 228 0b46 00D00000 		.ascii	"\000\320\000\000\000\000\000\324B\200\000\000\000\000"
 228      000000D4 
 228      42800000 
 228      0000
 229 0b54 00000009 		.ascii	"\000\000\000\011X\204$\022\021\033\000\000\000\000\000"
 229      58842412 
 229      111B0000 
 229      000000
 230 0b63 00000000 		.ascii	"\000\000\000\000\211\210\210R\021\033\000\000\000\000"
 230      89888852 
 230      111B0000 
 230      0000
 231 0b71 00000000 		.ascii	"\000\000\000\000\250Z\000\011\231\017\017\331\220\000"
 231      A85A0009 
 231      990F0FD9 
 231      9000
 232 0b7f F8280000 		.ascii	"\370(\000\000\000\000\000\000\000\000\011\210T\022\""
 232      00000000 
 232      00000988 
 232      541222
 233 0b8e 211E0000 		.ascii	"!\036\000\000\000\000\000\000\000\000\000\210\212\210"
 233      00000000 
 233      00000088 
 233      8A88
ARM GAS  C:\Users\OSD\AppData\Local\Temp\cccZeMcp.s 			page 16


 234 0b9c 52111600 		.ascii	"R\021\026\000\000\000\000\000\000\000\000\005H\315\244"
 234      00000000 
 234      00000005 
 234      48CDA4
 235 0bab 55689984 		.ascii	"Uh\231\204J\337\305@\000\000\000\000\000\000\000\000"
 235      4ADFC540 
 235      00000000 
 235      00000000 
 236 0bbb F8995412 		.ascii	"\370\231T\022\"!0\000\000\000\000\000\000\000\000\000"
 236      22213000 
 236      00000000 
 236      00000000 
 237 0bcb 98888982 		.ascii	"\230\210\211\202\021\021\000\000\000\000\000\000\000"
 237      11110000 
 237      00000000 
 237      00
 238 0bd8 00008568 		.ascii	"\000\000\205h\205UUDEEeU\000\000\000\000\000\000\000"
 238      85555544 
 238      45456555 
 238      00000000 
 238      000000
 239 0beb 00009988 		.ascii	"\000\000\231\210R\"\022\021`\000\000\000\000\000\000"
 239      52221211 
 239      60000000 
 239      000000
 240 0bfa 000000D5 		.ascii	"\000\000\000\325\206\210\204\021\021\340\000\000\000"
 240      86888411 
 240      11E00000 
 240      00
 241 0c07 00000000 		.ascii	"\000\000\000\000\000\370TU\205UTUTD\215\000\000\000"
 241      00F85455 
 241      85555455 
 241      54448D00 
 241      0000
 242 0c19 00000000 		.ascii	"\000\000\000\000\000\000\211\230R\"\023\0210\000\000"
 242      00008998 
 242      52221311 
 242      300000
 243 0c28 00000000 		.ascii	"\000\000\000\000\000\000\000\330h\210\244!\021\240\000"
 243      000000D8 
 243      6888A421 
 243      11A000
 244 0c37 00000000 		.ascii	"\000\000\000\000\000\000\000\000\245EEUUEUE\000\000"
 244      00000000 
 244      A5454555 
 244      55455545 
 244      0000
 245 0c49 00000000 		.ascii	"\000\000\000\000\000\000\000\017\231\230\"\"!\021&\000"
 245      0000000F 
 245      99982222 
 245      21112600 
 246 0c59 00000000 		.ascii	"\000\000\000\000\000\000\000\015\250\210\210\210A\021"
 246      0000000D 
 246      A8888888 
 246      4111
 247 0c67 1E000000 		.ascii	"\036\000\000\000\000\000\000\000\000\000\015\252UUT"
 247      00000000 
ARM GAS  C:\Users\OSD\AppData\Local\Temp\cccZeMcp.s 			page 17


 247      00000DAA 
 247      555554
 248 0c76 54446000 		.ascii	"TD`\000\000\000\000\000\000\000\000\000\014\211\230"
 248      00000000 
 248      00000000 
 248      0C8998
 249 0c85 12222311 		.ascii	"\022\"#\021!\026\000\000\000\000\000\000\000\310\210"
 249      21160000 
 249      00000000 
 249      00C888
 250 0c94 88888541 		.ascii	"\210\210\205A\021\032\000\000\000\000\000\000\000\000"
 250      111A0000 
 250      00000000 
 250      0000
 251 0ca2 00000084 		.ascii	"\000\000\000\204THBW\000\000\000\000\000\000\000\000"
 251      54484257 
 251      00000000 
 251      00000000 
 252 0cb2 0000F8C9 		.ascii	"\000\000\370\311\224!!\021\"\021\021&\000\000\000\000"
 252      94212111 
 252      22111126 
 252      00000000 
 253 0cc2 00D55588 		.ascii	"\000\325U\210\206\210\206R\021\024\000\000\000\000\000"
 253      86888652 
 253      11140000 
 253      000000
 254 0cd1 00000000 		.ascii	"\000\000\000\000\000\000\245UEBp\000\000\000\000\000"
 254      0000A555 
 254      45427000 
 254      00000000 
 255 0ce1 00000000 		.ascii	"\000\000\000\000\000\311\311\202!\"!\022\021\021\021"
 255      00C9C982 
 255      21222112 
 255      111111
 256 0cf0 00000000 		.ascii	"\000\000\000\000\010E\210XXX\210\204!\022\240\000\000"
 256      08458858 
 256      58588884 
 256      2112A000 
 256      00
 257 0d01 00000000 		.ascii	"\000\000\000\000\000\000\000\000\325DTS\340\000\000"
 257      00000000 
 257      D5445453 
 257      E00000
 258 0d10 00000000 		.ascii	"\000\000\000\000\000\000\000\014\231\231A\"\"\021!\021"
 258      0000000C 
 258      99994122 
 258      22112111 
 259 0d20 1111E000 		.ascii	"\021\021\340\000\000\000eUXHXF\204\245B! \000\000\000"
 259      00006555 
 259      58485846 
 259      84A54221 
 259      20000000 
 260 0d34 00000000 		.ascii	"\000\000\000\000\000\000\000\325EUE\000\000\000\000"
 260      000000D5 
 260      45554500 
 260      000000
 261 0d43 00000000 		.ascii	"\000\000\000\000\000\000\014\314\230A!\022!#\021\021"
ARM GAS  C:\Users\OSD\AppData\Local\Temp\cccZeMcp.s 			page 18


 261      00000CCC 
 261      98412112 
 261      21231111 
 262 0d53 11E00000 		.ascii	"\021\340\000\000\000\225XU\206\205\210\205\205B\"&\000"
 262      00955855 
 262      86858885 
 262      85422226 
 262      00
 263 0d64 00000000 		.ascii	"\000\000\000\000\000\000\000\000\000\304DDG\000\000"
 263      00000000 
 263      00C44444 
 263      470000
 264 0d73 00000000 		.ascii	"\000\000\000\000\000\000\000\000\311\314\224\022\022"
 264      00000000 
 264      C9CC9412 
 264      12
 265 0d80 21131111 		.ascii	"!\023\021\021\021\022\000\000\000\000\011EUUUU\204V"
 265      11120000 
 265      00000945 
 265      55555555 
 265      8456
 266 0d92 544221A0 		.ascii	"TB!\240\000\000\000\000\000\000\000\000\000\324ET'\000"
 266      00000000 
 266      00000000 
 266      00D44554 
 266      2700
 267 0da4 00000000 		.ascii	"\000\000\000\000\000\000\000\000\017\234\311R\022\021"
 267      00000000 
 267      0F9CC952 
 267      1211
 268 0db2 11111111 		.ascii	"\021\021\021\021\021\027\000\000\000\000\012VV\205U"
 268      11170000 
 268      00000A56 
 268      568555
 269 0dc1 55555855 		.ascii	"UUXUDD*\000\000\000\000\000\000\000\000\000\310$EF\000"
 269      44442A00 
 269      00000000 
 269      00000000 
 269      C8244546 
 270 0dd6 00000000 		.ascii	"\000\000\000\000\000\000\000\000\374\314\311\"!11\023"
 270      00000000 
 270      FCCCC922 
 270      21313113 
 271 0de6 4631113E 		.ascii	"F1\021>\000\000\000\000\015\204TUUUUUURD$\320\000\000"
 271      00000000 
 271      0D845455 
 271      55555555 
 271      55524424 
 272 0dfd 00000000 		.ascii	"\000\000\000\000\000\000\304EE&\000\000\000\000\000"
 272      0000C445 
 272      45260000 
 272      000000
 273 0e0c 0000000F 		.ascii	"\000\000\000\017\314\314\224\021!!\021;\000\346\"\240"
 273      CCCC9411 
 273      2121113B 
 273      00E622A0 
 274 0e1c 00000000 		.ascii	"\000\000\000\000\000\225HZ\256\245VUUTDD]\000\000\000"
ARM GAS  C:\Users\OSD\AppData\Local\Temp\cccZeMcp.s 			page 19


 274      0095485A 
 274      AEA55655 
 274      55544444 
 274      5D000000 
 275 0e30 00000000 		.ascii	"\000\000\000\000\000\324DDG\000\000\000\000\000\000"
 275      00D44444 
 275      47000000 
 275      000000
 276 0e3f 0000FCCC 		.ascii	"\000\000\374\314\311R#\"\021\023\260\000\000\000\000"
 276      C9522322 
 276      1113B000 
 276      000000
 277 0e4e 00000000 		.ascii	"\000\000\000\000\000\017\320\320\000\014EUUUDEE\320"
 277      000FD0D0 
 277      000C4555 
 277      55554445 
 277      45D0
 278 0e60 00000000 		.ascii	"\000\000\000\000\000\000\000\305DT&\000\000\000\000"
 278      000000C5 
 278      44542600 
 278      000000
 279 0e6f 0000000F 		.ascii	"\000\000\000\017\374\314\305!\021\022\021\027\000\000"
 279      FCCCC521 
 279      11121117 
 279      0000
 280 0e7d 00000000 		.ascii	"\000\000\000\000\000\000\000\000\000\000\000\000\000"
 280      00000000 
 280      00000000 
 280      00
 281 0e8a A4555455 		.ascii	"\244UTUTDTI\000\000\000\000\000\000\000\325$DG\000\000"
 281      54445449 
 281      00000000 
 281      000000D5 
 281      24444700 
 282 0e9f 00000000 		.ascii	"\000\000\000\000\000\374\317\314\2011!1\0210\000\000"
 282      00FCCFCC 
 282      81312131 
 282      11300000 
 283 0eaf 00000000 		.ascii	"\000\000\000\000\000\000\000\000\000\000\000\000\000"
 283      00000000 
 283      00000000 
 283      00
 284 0ebc 08445554 		.ascii	"\010DUTUDUU\220\000\000\000\000\000\000\245DB&\000\000"
 284      55445555 
 284      90000000 
 284      000000A5 
 284      44422600 
 285 0ed1 00000000 		.ascii	"\000\000\000\000\017\314\317\310!!!#\023p\000\000\000"
 285      0FCCCFC8 
 285      21212123 
 285      13700000 
 285      00
 286 0ee2 00000000 		.ascii	"\000\000\000\000\000\000\000\000\000\000\000\000\017"
 286      00000000 
 286      00000000 
 286      0F
 287 0eef 44444554 		.ascii	"DDETTUTI\320\000\000\000\000\000\305$DG\000\000\000"
ARM GAS  C:\Users\OSD\AppData\Local\Temp\cccZeMcp.s 			page 20


 287      54555449 
 287      D0000000 
 287      0000C524 
 287      44470000 
 288 0f04 00000FCC 		.ascii	"\000\000\017\314\317\314\202\"\023\022\021\023\000\000"
 288      CFCC8222 
 288      13121113 
 288      0000
 289 0f12 00000000 		.ascii	"\000\000\000\000\000\000\000\000\000\000\000\000\000"
 289      00000000 
 289      00000000 
 289      00
 290 0f1f 00005558 		.ascii	"\000\000UXDTTUUV\210\000\000\000\000\000\324%$\026\000"
 290      44545455 
 290      55568800 
 290      00000000 
 290      D4252416 
 291 0f34 00000000 		.ascii	"\000\000\000\000\314\314\374\305!\022\0221\021\022\000"
 291      CCCCFCC5 
 291      21121231 
 291      111200
 292 0f43 00000000 		.ascii	"\000\000\000\000\000\000\000\000\000\000\000\000\000"
 292      00000000 
 292      00000000 
 292      00
 293 0f50 00000C44 		.ascii	"\000\000\014DDTHDEXh\205\211\300\000\000\000\245\"D"
 293      44544844 
 293      45586885 
 293      89C00000 
 293      00A52244 
 294 0f64 27000000 		.ascii	"'\000\000\000\017\314\314\374\311A\021!\021\021\021"
 294      0FCCCCFC 
 294      C9411121 
 294      111111
 295 0f73 12600000 		.ascii	"\022`\000\000\000\000\000\000\000\000\000\000\000\000"
 295      00000000 
 295      00000000 
 295      0000
 296 0f81 00000004 		.ascii	"\000\000\000\004DD\204DHDU\210\230X\214\360\000\000"
 296      44448444 
 296      48445588 
 296      98588CF0 
 296      0000
 297 0f93 94442415 		.ascii	"\224D$\025\000\000\017\311\314\314\314\205!"
 297      00000FC9 
 297      CCCCCC85 
 297      21
 298 0fa0 22221121 		.ascii	"\"\"\021!\021\021+\000\000\000\000\000\000\000\000\000"
 298      11112B00 
 298      00000000 
 298      00000000 
 299 0fb0 00000000 		.ascii	"\000\000\000\000\000\000DEDEEDDDU\211\231\230\210\234"
 299      00004445 
 299      44454544 
 299      44445589 
 299      9998889C 
 300 0fc4 00522424 		.ascii	"\000R$$&\315\331\211\234\314\314\225A\023\023\023\""
ARM GAS  C:\Users\OSD\AppData\Local\Temp\cccZeMcp.s 			page 21


 300      26CDD989 
 300      9CCCCC95 
 300      41131313 
 300      22
 301 0fd5 12112112 		.ascii	"\022\021!\022\340\000\000\000\000\000\000\000\000\000"
 301      E0000000 
 301      00000000 
 301      0000
 302 0fe3 00000000 		.ascii	"\000\000\000\000\011DDDDDETTDH\211\231\231\231\231T"
 302      09444444 
 302      44444554 
 302      54444889 
 302      99999999 
 303 0ff8 41515489 		.ascii	"AQT\211\231\234\311\311\205!\"\022\021\021\023\022!"
 303      999CC9C9 
 303      85212212 
 303      11111312 
 303      21
 304 1009 11116000 		.ascii	"\021\021`\000\000\000\000\000\000\000\000\000\000\000"
 304      00000000 
 304      00000000 
 304      0000
 305 1017 0000D444 		.ascii	"\000\000\324DTTTTTDDDDU\231\234\234\311D$!E\231\231"
 305      54545454 
 305      54444444 
 305      4455999C 
 305      9CC94424 
 306 102f 99998542 		.ascii	"\231\231\205B\"\021!!\021\021\021\022\021\021`\000\000"
 306      22112121 
 306      11111112 
 306      11116000 
 306      00
 307 1040 00000000 		.ascii	"\000\000\000\000\000\000\000\000\000\000\000\244DDD"
 307      00000000 
 307      000000A4 
 307      444444
 308 104f 44444444 		.ascii	"DDDDDDDDUY\231\311R%$E\211\231\210TA\022\023!\021!\021"
 308      44444444 
 308      555999C9 
 308      52252445 
 308      89998854 
 309 106a 31111211 		.ascii	"1\021\022\021\021`\000\000\000\000\000\000\000\000\000"
 309      11600000 
 309      00000000 
 309      000000
 310 1079 00000000 		.ascii	"\000\000\000\000\325\024DDB\025D$DDBDDEX\210T\024\""
 310      D5144444 
 310      42154424 
 310      44444244 
 310      44455888 
 311 1090 15888554 		.ascii	"\025\210\205T\021\022!!\0222\0217\000\241\021\021\027"
 311      11122121 
 311      12321137 
 311      00A11111 
 311      17
 312 10a1 00000000 		.ascii	"\000\000\000\000\000\000\000\000\000\000\000\000\000"
 312      00000000 
ARM GAS  C:\Users\OSD\AppData\Local\Temp\cccZeMcp.s 			page 22


 312      00000000 
 312      00
 313 10ae 00094244 		.ascii	"\000\011BDBE{\332T$DD\"D$D$\024\022TA\"\022\022\"\""
 313      42457BDA 
 313      54244444 
 313      22442444 
 313      24141254 
 314 10c8 22221111 		.ascii	"\"\"\021\021\023\340\000\012!\021N\000\000\000\000\000"
 314      13E0000A 
 314      21114E00 
 314      00000000 
 315 10d8 00000000 		.ascii	"\000\000\000\000\000\000\000\000\000\000\225\022\024"
 315      00000000 
 315      00009512 
 315      14
 316 10e5 6B000006 		.ascii	"k\000\000\006\"$$D\"B\"!QQ!$!\"\"\"\"\021\023!\0230"
 316      22242444 
 316      22422221 
 316      51512124 
 316      21222222 
 317 10ff 00000001 		.ascii	"\000\000\000\001\026\000\000\000\000\000\000\000\000"
 317      16000000 
 317      00000000 
 317      00
 318 110c 00000000 		.ascii	"\000\000\000\000\000\000\000\000\015U]\000\000\000\000"
 318      00000000 
 318      0D555D00 
 318      000000
 319 111b C4242424 		.ascii	"\304$$$BB%BQQD\024\"\"\"\"\022#\021!\023\000\000\000"
 319      42422542 
 319      51514414 
 319      22222222 
 319      12231121 
 320 1133 00000000 		.ascii	"\000\000\000\000\000\000\000\000\000\000\000\000\000"
 320      00000000 
 320      00000000 
 320      00
 321 1140 00000000 		.ascii	"\000\000\000\000\000\000\000\015\000\000\000\000\000"
 321      0000000D 
 321      00000000 
 321      00
 322 114d 05124222 		.ascii	"\005\022B\"\"BAAB$\"\"\"\"\"\023\023\021\0211\033\000"
 322      22424141 
 322      42242222 
 322      22222213 
 322      13111131 
 323 1163 00000000 		.ascii	"\000\000\000\000\000\000\000\000\000\000\000\000\000"
 323      00000000 
 323      00000000 
 323      00
 324 1170 00000000 		.ascii	"\000\000\000\000\000\000\000\000\000\000\000\000\000"
 324      00000000 
 324      00000000 
 324      00
 325 117d 0000D412 		.ascii	"\000\000\324\022D$BAAQAABA\"!\022\021\021\022\021\021"
 325      44244241 
 325      41514141 
ARM GAS  C:\Users\OSD\AppData\Local\Temp\cccZeMcp.s 			page 23


 325      42412221 
 325      12111112 
 326 1193 3B000000 		.ascii	";\000\000\000\000\000\000\000\000\000\000\000\000\000"
 326      00000000 
 326      00000000 
 326      0000
 327 11a1 00000000 		.ascii	"\000\000\000\000\000\000\000\000\000\000\000\000\000"
 327      00000000 
 327      00000000 
 327      00
 328 11ae 000000A5 		.ascii	"\000\000\000\245$!R$\024\022\024\024\024\021\"\"\022"
 328      24215224 
 328      14121414 
 328      14112222 
 328      12
 329 11bf 11111121 		.ascii	"\021\021\021!!\021\032\000\000\000\000\000\000\000\000"
 329      21111A00 
 329      00000000 
 329      000000
 330 11ce 00000000 		.ascii	"\000\000\000\000\000\000\000\000\000\000\000\000\000"
 330      00000000 
 330      00000000 
 330      00
 331 11db 00000000 		.ascii	"\000\000\000\000\000\000\000\000ABQAA\025UAA\024\022"
 331      00000000 
 331      41425141 
 331      41155541 
 331      411412
 332 11ee 2211133B 		.ascii	"\"\021\023;\273a\021\021\021\026\000\000\000\000\000"
 332      BB611111 
 332      11160000 
 332      000000
 333 11fd 00000000 		.ascii	"\000\000\000\000\000\000\000\000\000\000\000\000\000"
 333      00000000 
 333      00000000 
 333      00
 334 120a 00000000 		.ascii	"\000\000\000\000\000\000\000\000\000\000\000AB$\025"
 334      00000000 
 334      00000041 
 334      422415
 335 1219 117000D5 		.ascii	"\021p\000\325\024!!!\023p\000\000\001\021!\021\026\000"
 335      14212121 
 335      13700000 
 335      01112111 
 335      1600
 336 122b 00000000 		.ascii	"\000\000\000\000\000\000\000\000\000\000\000\000\000"
 336      00000000 
 336      00000000 
 336      00
 337 1238 00000000 		.ascii	"\000\000\000\000\000\000\000\000\000\000\000\000\000"
 337      00000000 
 337      00000000 
 337      00
 338 1245 000D2141 		.ascii	"\000\015!AD\021\027\000\000\006!\"!!\027\000\000\000"
 338      44111700 
 338      00062122 
 338      21211700 
ARM GAS  C:\Users\OSD\AppData\Local\Temp\cccZeMcp.s 			page 24


 338      0000
 339 1257 0A112211 		.ascii	"\012\021\"\021\022\340\000\000\000\000\000\000\000\000"
 339      12E00000 
 339      00000000 
 339      0000
 340 1265 00000000 		.ascii	"\000\000\000\000\000\000\000\000\000\000\000\000\000"
 340      00000000 
 340      00000000 
 340      00
 341 1272 00000000 		.ascii	"\000\000\000\000\000\000\017\021BAA0\000\000\012!\""
 341      00000F11 
 341      42414130 
 341      00000A21 
 341      22
 342 1283 13113E00 		.ascii	"\023\021>\000\000\000\000\021\021\021\026\000\000\000"
 342      00000011 
 342      11111600 
 342      0000
 343 1291 00000000 		.ascii	"\000\000\000\000\000\000\000\000\000\000\000\000\000"
 343      00000000 
 343      00000000 
 343      00
 344 129e 00000000 		.ascii	"\000\000\000\000\000\000\000\000\000\000\000\000\000"
 344      00000000 
 344      00000000 
 344      00
 345 12ab 94111114 		.ascii	"\224\021\021\024\260\000\000\015A\022\022\021p\000\000"
 345      B000000D 
 345      41121211 
 345      700000
 346 12ba 0000A111 		.ascii	"\000\000\241\021\021p\000\000\000\000\000\000\000\000"
 346      11700000 
 346      00000000 
 346      0000
 347 12c8 00000000 		.ascii	"\000\000\000\000\000\000\000\000\000\000\000\000\000"
 347      00000000 
 347      00000000 
 347      00
 348 12d5 00000000 		.ascii	"\000\000\000\000\000\000\000\000\000\230BJ\000\000\000"
 348      00000000 
 348      0098424A 
 348      000000
 349 12e4 0E412121 		.ascii	"\016A!!\021@\000\000\000\000\012F\340\000\000\000\000"
 349      11400000 
 349      00000A46 
 349      E0000000 
 349      00
 350 12f5 00000000 		.ascii	"\000\000\000\000\000\000\000\000\000\000\000\000\000"
 350      00000000 
 350      00000000 
 350      00
 351 1302 00000000 		.ascii	"\000\000\000\000\000\000\000\000\000\000\000\000\000"
 351      00000000 
 351      00000000 
 351      00
 352 130f 0000DA00 		.ascii	"\000\000\332\000\000\000\000\016A\021\021\021p\000\000"
 352      0000000E 
ARM GAS  C:\Users\OSD\AppData\Local\Temp\cccZeMcp.s 			page 25


 352      41111111 
 352      700000
 353 131e 00000000 		.ascii	"\000\000\000\000\000\000\000\000\000\000\000\000\000"
 353      00000000 
 353      00000000 
 353      00
 354 132b 00000000 		.ascii	"\000\000\000\000\000\000\000\000\000\000\000\000\000"
 354      00000000 
 354      00000000 
 354      00
 355 1338 00000000 		.ascii	"\000\000\000\000\000\000\000\000\000\000\000\000\000"
 355      00000000 
 355      00000000 
 355      00
 356 1345 00000000 		.ascii	"\000\000\000\000!\021\021\023\340\000\000\000\000\000"
 356      21111113 
 356      E0000000 
 356      0000
 357 1353 00000000 		.ascii	"\000\000\000\000\000\000\000\000\000\000\000\000\000"
 357      00000000 
 357      00000000 
 357      00
 358 1360 00000000 		.ascii	"\000\000\000\000\000\000\000\000\000\000\000\000\000"
 358      00000000 
 358      00000000 
 358      00
 359 136d 00000000 		.ascii	"\000\000\000\000\000\000\000\000\000\000\000\000\000"
 359      00000000 
 359      00000000 
 359      00
 360 137a 00066A66 		.ascii	"\000\006jfk\000\000\000\000\000\000\000\000\000\000"
 360      6B000000 
 360      00000000 
 360      000000
 361 1389 00000000 		.ascii	"\000\000\000\000\000\000\000\000\000\000\000\000\000"
 361      00000000 
 361      00000000 
 361      00
 362 1396 00000000 		.ascii	"\000\000\000\000\000\000\000\000\000\000\000\000\000"
 362      00000000 
 362      00000000 
 362      00
 363 13a3 00000000 		.ascii	"\000\000\000\000\000\000\000\000\000\000\000\000\000"
 363      00000000 
 363      00000000 
 363      00
 364 13b0 00000000 		.ascii	"\000\000\000\000\000\000\000\000\000\000\000\000\000"
 364      00000000 
 364      00000000 
 364      00
 365 13bd 00000000 		.ascii	"\000\000\000\000\000\000\000\000\000\000\000"
 365      00000000 
 365      000000
 366              		.text
 367              	.Letext0:
 368              		.file 1 "c:\\tools\\gcc-arm-none-eabi\\arm-none-eabi\\include\\machine\\_default_types.h"
 369              		.file 2 "c:\\tools\\gcc-arm-none-eabi\\arm-none-eabi\\include\\sys\\_stdint.h"
ARM GAS  C:\Users\OSD\AppData\Local\Temp\cccZeMcp.s 			page 26


 370              		.file 3 "d:\\kzc\\stm32\\h743ii_lcd\\lvgl\\src\\draw\\lv_img_buf.h"
 371              		.file 4 "lvgl/examples/assets/../../src/core/lv_obj.h"
 372              		.file 5 "lvgl/examples/assets/../../src/widgets/lv_bar.h"
 373              		.file 6 "lvgl/examples/assets/../../src/extra/widgets/imgbtn/lv_imgbtn.h"
 374              		.file 7 "lvgl/examples/assets/img_cogwheel_indexed16.c"
ARM GAS  C:\Users\OSD\AppData\Local\Temp\cccZeMcp.s 			page 27


DEFINED SYMBOLS
                            *ABS*:00000000 img_cogwheel_indexed16.c
C:\Users\OSD\AppData\Local\Temp\cccZeMcp.s:24     .rodata.img_cogwheel_indexed16:00000000 img_cogwheel_indexed16
C:\Users\OSD\AppData\Local\Temp\cccZeMcp.s:35     .rodata.img_cogwheel_indexed16_map:00000000 img_cogwheel_indexed16_map
C:\Users\OSD\AppData\Local\Temp\cccZeMcp.s:21     .rodata.img_cogwheel_indexed16:00000000 $d
C:\Users\OSD\AppData\Local\Temp\cccZeMcp.s:32     .rodata.img_cogwheel_indexed16_map:00000000 $d

NO UNDEFINED SYMBOLS
