ARM GAS  C:\Users\OSD\AppData\Local\Temp\cceNwjPh.s 			page 1


   1              		.cpu cortex-m7
   2              		.arch armv7e-m
   3              		.fpu fpv5-d16
   4              		.eabi_attribute 28, 1
   5              		.eabi_attribute 20, 1
   6              		.eabi_attribute 21, 1
   7              		.eabi_attribute 23, 3
   8              		.eabi_attribute 24, 1
   9              		.eabi_attribute 25, 1
  10              		.eabi_attribute 26, 1
  11              		.eabi_attribute 30, 1
  12              		.eabi_attribute 34, 1
  13              		.eabi_attribute 18, 4
  14              		.file	"img_lv_demo_music_icon_1.c"
  15              		.text
  16              	.Ltext0:
  17              		.cfi_sections	.debug_frame
  18              		.global	img_lv_demo_music_icon_1
  19              		.global	img_lv_demo_music_icon_1_map
  20              		.section	.data.img_lv_demo_music_icon_1,"aw"
  21              		.align	2
  24              	img_lv_demo_music_icon_1:
  25 0000 04       		.byte	4
  26 0001 60       		.byte	96
  27 0002 00       		.byte	0
  28 0003 03       		.byte	3
  29 0004 00090000 		.word	2304
  30 0008 00000000 		.word	img_lv_demo_music_icon_1_map
  31              		.section	.rodata.img_lv_demo_music_icon_1_map,"a"
  32              		.align	2
  35              	img_lv_demo_music_icon_1_map:
  36 0000 FFFFFFFF 		.ascii	"\377\377\377\377\377\377\377\377\377\377\377\377\377"
  36      FFFFFFFF 
  36      FFFFFFFF 
  36      FF
  37 000d FFFFFFFF 		.ascii	"\377\377\377\377\377\377\377\377\377\377\377\377\377"
  37      FFFFFFFF 
  37      FFFFFFFF 
  37      FF
  38 001a FFFFFFFF 		.ascii	"\377\377\377\377\377\377\377\377\377\377\377\377\377"
  38      FFFFFFFF 
  38      FFFFFFFF 
  38      FF
  39 0027 FFFFFFFF 		.ascii	"\377\377\377\377\377\377\377\377\377\377\377\377\377"
  39      FFFFFFFF 
  39      FFFFFFFF 
  39      FF
  40 0034 FFFFFFFF 		.ascii	"\377\377\377\377\377\377\377\377\377\377\377\377\377"
  40      FFFFFFFF 
  40      FFFFFFFF 
  40      FF
  41 0041 FFFFFFFF 		.ascii	"\377\377\377\377\377\377\377\377\377\377\377\377\377"
  41      FFFFFFFF 
  41      FFFFFFFF 
  41      FF
  42 004e FFFFFFFF 		.ascii	"\377\377\377\377\377\377\377\377\377\377\377\377\377"
  42      FFFFFFFF 
ARM GAS  C:\Users\OSD\AppData\Local\Temp\cceNwjPh.s 			page 2


  42      FFFFFFFF 
  42      FF
  43 005b FFFFFFFF 		.ascii	"\377\377\377\377\377\377\377\377\377\377\377\377\377"
  43      FFFFFFFF 
  43      FFFFFFFF 
  43      FF
  44 0068 FFFFFFFF 		.ascii	"\377\377\377\377\377\377\377\377\377\377\377\377\377"
  44      FFFFFFFF 
  44      FFFFFFFF 
  44      FF
  45 0075 FFFFFFFF 		.ascii	"\377\377\377\377\377\377\377\377\377\377\377\377\377"
  45      FFFFFFFF 
  45      FFFFFFFF 
  45      FF
  46 0082 FFFFFFFF 		.ascii	"\377\377\377\377\377\377\377\377\377\377\377\377\377"
  46      FFFFFFFF 
  46      FFFFFFFF 
  46      FF
  47 008f FFFFFFFF 		.ascii	"\377\377\377\377\377\377\377\377\377\377\377\377\377"
  47      FFFFFFFF 
  47      FFFFFFFF 
  47      FF
  48 009c FFFFFFFF 		.ascii	"\377\377\377\377\377\377\377\377\377\377\377\377\377"
  48      FFFFFFFF 
  48      FFFFFFFF 
  48      FF
  49 00a9 FFFFFFFF 		.ascii	"\377\377\377\377\377\377\377\377\377\377\377\377\377"
  49      FFFFFFFF 
  49      FFFFFFFF 
  49      FF
  50 00b6 FFFFFFFF 		.ascii	"\377\377\377\377\377\377\377\377\377\377\377\377\377"
  50      FFFFFFFF 
  50      FFFFFFFF 
  50      FF
  51 00c3 FFFFFFFF 		.ascii	"\377\377\377\377\377\377\377\377\377\377\377\377\377"
  51      FFFFFFFF 
  51      FFFFFFFF 
  51      FF
  52 00d0 FFFFFFFF 		.ascii	"\377\377\377\377\377\377\377\377\377\377\377\377\377"
  52      FFFFFFFF 
  52      FFFFFFFF 
  52      FF
  53 00dd FFFFFFFF 		.ascii	"\377\377\377\377\377\377\377\377\377\377\377\377\377"
  53      FFFFFFFF 
  53      FFFFFFFF 
  53      FF
  54 00ea FFFFFFFF 		.ascii	"\377\377\377\377\377\377\377\377\377\377\377\377\377"
  54      FFFFFFFF 
  54      FFFFFFFF 
  54      FF
  55 00f7 FFFFFFFF 		.ascii	"\377\377\377\377\377\377\377\377\377\377\377\377\377"
  55      FFFFFFFF 
  55      FFFFFFFF 
  55      FF
  56 0104 FFFFFFFF 		.ascii	"\377\377\377\377\377\377\377\377\377\377\377\377\377"
  56      FFFFFFFF 
  56      FFFFFFFF 
ARM GAS  C:\Users\OSD\AppData\Local\Temp\cceNwjPh.s 			page 3


  56      FF
  57 0111 FFFFFFFF 		.ascii	"\377\377\377\377\377\377\377\377\377\377\377\377\377"
  57      FFFFFFFF 
  57      FFFFFFFF 
  57      FF
  58 011e FFFFFFFF 		.ascii	"\377\377\377\377\377\377\377\377\377\377\377\377\377"
  58      FFFFFFFF 
  58      FFFFFFFF 
  58      FF
  59 012b FFFFFFFF 		.ascii	"\377\377\377\377\377\377\377\377\377\267\253\261\377"
  59      FFFFFFFF 
  59      FFB7ABB1 
  59      FF
  60 0138 4E303FFF 		.ascii	"N0?\3772\016 \3772\016 \3772\016 \377{co\377\311\300"
  60      320E20FF 
  60      320E20FF 
  60      320E20FF 
  60      7B636FFF 
  61 014e C5FF735B 		.ascii	"\305\377s[g\3772\016 \3772\016 \3772\016 \377R4C\377"
  61      67FF320E 
  61      20FF320E 
  61      20FF320E 
  61      20FF5234 
  62 0164 BDB1B7FF 		.ascii	"\275\261\267\377\377\377\377\377\377\377\377\377\377"
  62      FFFFFFFF 
  62      FFFFFFFF 
  62      FF
  63 0171 FFFFFFFF 		.ascii	"\377\377\377\377\377\377\377\377\377\377\377\377\377"
  63      FFFFFFFF 
  63      FFFFFFFF 
  63      FF
  64 017e FFFFFFFF 		.ascii	"\377\377\377\377\377\377\377\377\377\377\377\377\377"
  64      FFFFFFFF 
  64      FFFFFFFF 
  64      FF
  65 018b FFFFFFFF 		.ascii	"\377\377\377\377\377zcn\3772\016 \377R3B\377\230\206"
  65      FF7A636E 
  65      FF320E20 
  65      FF523342 
  65      FF9886
  66 019e 8FFFA696 		.ascii	"\217\377\246\226\236\377~gs\3772\016 \3772\016 \377"
  66      9EFF7E67 
  66      73FF320E 
  66      20FF320E 
  66      20FF
  67 01b0 320E20FF 		.ascii	"2\016 \377\201kv\377\246\226\236\377\225\203\215\377"
  67      816B76FF 
  67      A6969EFF 
  67      95838DFF 
  68 01c0 4E2F3EFF 		.ascii	"N/>\3772\016 \377\204my\377\377\377\377\377\377\377"
  68      320E20FF 
  68      846D79FF 
  68      FFFFFFFF 
  68      FFFF
  69 01d2 FFFFFFFF 		.ascii	"\377\377\377\377\377\377\377\377\377\377\377\377\377"
  69      FFFFFFFF 
  69      FFFFFFFF 
ARM GAS  C:\Users\OSD\AppData\Local\Temp\cceNwjPh.s 			page 4


  69      FF
  70 01df FFFFFFFF 		.ascii	"\377\377\377\377\377\377\377\377\377\377\377\377\377"
  70      FFFFFFFF 
  70      FFFFFFFF 
  70      FF
  71 01ec 89757FFF 		.ascii	"\211u\177\3773\016 \377\271\255\263\377\377\377\377"
  71      330E20FF 
  71      B9ADB3FF 
  71      FFFFFF
  72 01fb FFFFFFFF 		.ascii	"\377\377\377\377\377\377\377\377\377\377\377\377\377"
  72      FFFFFFFF 
  72      FFFFFFFF 
  72      FF
  73 0208 F9F8F8FF 		.ascii	"\371\370\370\377\263\246\255\377\377\377\377\377\377"
  73      B3A6ADFF 
  73      FFFFFFFF 
  73      FF
  74 0215 FFFFFFFF 		.ascii	"\377\377\377\377\377\377\377\377\377\377\377\377\377"
  74      FFFFFFFF 
  74      FFFFFFFF 
  74      FF
  75 0222 FFFFB1A4 		.ascii	"\377\377\261\244\253\3772\016 \377\225\202\214\377\377"
  75      ABFF320E 
  75      20FF9582 
  75      8CFFFF
  76 0231 FFFFFFFF 		.ascii	"\377\377\377\377\377\377\377\377\377\377\377\377\377"
  76      FFFFFFFF 
  76      FFFFFFFF 
  76      FF
  77 023e FFFFFFFF 		.ascii	"\377\377\377\377\377\377\377\377\377\377\355\352\353"
  77      FFFFFFFF 
  77      FFFFEDEA 
  77      EB
  78 024b FF320E20 		.ascii	"\3772\016 \377\231\206\220\377\377\377\377\377\377\377"
  78      FF998690 
  78      FFFFFFFF 
  78      FFFFFF
  79 025a FFFFFFFF 		.ascii	"\377\377\377\377\377\377\377\377\377\377\377\377\377"
  79      FFFFFFFF 
  79      FFFFFFFF 
  79      FF
  80 0267 FFFFFFFF 		.ascii	"\377\377\377\377\377\377\377\377\377\377\377\377\377"
  80      FFFFFFFF 
  80      FFFFFFFF 
  80      FF
  81 0274 FFFFFFFF 		.ascii	"\377\377\377\377\251\232\242\377\314\303\307\377\377"
  81      A99AA2FF 
  81      CCC3C7FF 
  81      FF
  82 0281 FFFFFFFF 		.ascii	"\377\377\377\377\377\377\377\213x\201\3772\016 \377"
  82      FFFFFF8B 
  82      7881FF32 
  82      0E20FF
  83 0290 EEECEDFF 		.ascii	"\356\354\355\377\377\377\377\377\377\377\377\377\377"
  83      FFFFFFFF 
  83      FFFFFFFF 
  83      FF
ARM GAS  C:\Users\OSD\AppData\Local\Temp\cceNwjPh.s 			page 5


  84 029d FFFFFFFF 		.ascii	"\377\377\377\377\377\377\377\377\377\377\377\227\204"
  84      FFFFFFFF 
  84      FFFFFF97 
  84      84
  85 02aa 8EFF320E 		.ascii	"\216\3772\016 \377\377\377\377\377\377\377\377\377\377"
  85      20FFFFFF 
  85      FFFFFFFF 
  85      FFFFFF
  86 02b9 FFFFFFFF 		.ascii	"\377\377\377\377\377\377\377\377\377\377\377\377\377"
  86      FFFFFFFF 
  86      FFFFFFFF 
  86      FF
  87 02c6 FFFFFFFF 		.ascii	"\377\377\377\377\377\377\377\377\377\377\377\377\377"
  87      FFFFFFFF 
  87      FFFFFFFF 
  87      FF
  88 02d3 FFFFFFFF 		.ascii	"\377\377\377\377\377R4B\3773\017 \377\271\254\263\377"
  88      FF523442 
  88      FF330F20 
  88      FFB9ACB3 
  88      FF
  89 02e4 FFFFFFFF 		.ascii	"\377\377\377\377\377\377\377\3772\016 \377\233\211\222"
  89      FFFFFFFF 
  89      320E20FF 
  89      9B8992
  90 02f3 FFFFFFFF 		.ascii	"\377\377\377\377\377\377\377\377\377\377\377\377\377"
  90      FFFFFFFF 
  90      FFFFFFFF 
  90      FF
  91 0300 FFFFFFFF 		.ascii	"\377\377\377\377\377\377\377\377]AO\377E$4\377\377\377"
  91      FFFFFFFF 
  91      5D414FFF 
  91      452434FF 
  91      FFFF
  92 0312 FFFFFFFF 		.ascii	"\377\377\377\377\377\377\377\377\377\377\377\377\377"
  92      FFFFFFFF 
  92      FFFFFFFF 
  92      FF
  93 031f FFFFFFFF 		.ascii	"\377\377\377\377\377\377\377\377\377\377\377\377\377"
  93      FFFFFFFF 
  93      FFFFFFFF 
  93      FF
  94 032c FFFFFFFF 		.ascii	"\377\377\377\377\377\377\377\377\377\377\377\377\377"
  94      FFFFFFFF 
  94      FFFFFFFF 
  94      FF
  95 0339 FFFFFF6E 		.ascii	"\377\377\377nTa\3772\016 \377\362\360\361\377\377\377"
  95      5461FF32 
  95      0E20FFF2 
  95      F0F1FFFF 
  95      FF
  96 034a FFFF3B19 		.ascii	"\377\377;\031*\377fKX\377\377\377\377\377\377\377\377"
  96      2AFF664B 
  96      58FFFFFF 
  96      FFFFFFFF 
  96      FF
  97 035b FFFFFFFF 		.ascii	"\377\377\377\377\377\377\377\377\377\377\377\377\377"
ARM GAS  C:\Users\OSD\AppData\Local\Temp\cceNwjPh.s 			page 6


  97      FFFFFFFF 
  97      FFFFFFFF 
  97      FF
  98 0368 533544FF 		.ascii	"S5D\377O0@\377\377\377\377\377\377\377\377\377\377\377"
  98      4F3040FF 
  98      FFFFFFFF 
  98      FFFFFFFF 
  98      FFFF
  99 037a FFFFFFFF 		.ascii	"\377\377\377\377\377\377\377\377\377\377\377\377\377"
  99      FFFFFFFF 
  99      FFFFFFFF 
  99      FF
 100 0387 FFFFFFFF 		.ascii	"\377\377\377\377\377\377\377\377\377\377\377\377\377"
 100      FFFFFFFF 
 100      FFFFFFFF 
 100      FF
 101 0394 FFFFFFFF 		.ascii	"\377\377\377\377\377\377\377\377\355\353\354\3774\020"
 101      FFFFFFFF 
 101      EDEBECFF 
 101      3410
 102 03a2 22FFDED9 		.ascii	"\"\377\336\331\334\377\377\377\377\377B 1\377_BP\377"
 102      DCFFFFFF 
 102      FFFF4220 
 102      31FF5F42 
 102      50FF
 103 03b4 FFFFFFFF 		.ascii	"\377\377\377\377\377\377\377\377\377\377\377\377\377"
 103      FFFFFFFF 
 103      FFFFFFFF 
 103      FF
 104 03c1 FFFFFFFF 		.ascii	"\377\377\377\377\377\377\377w_k\3776\022$\377\377\377"
 104      FFFFFF77 
 104      5F6BFF36 
 104      1224FFFF 
 104      FF
 105 03d2 FFFFFFFF 		.ascii	"\377\377\377\377\377\377\377\377\377\377\377\377\377"
 105      FFFFFFFF 
 105      FFFFFFFF 
 105      FF
 106 03df FFFFFFFF 		.ascii	"\377\377\377\377\377\377\377\377\377\377\377\377\377"
 106      FFFFFFFF 
 106      FFFFFFFF 
 106      FF
 107 03ec FFFFFFFF 		.ascii	"\377\377\377\377\377\377\377\377\377\377\377\377\377"
 107      FFFFFFFF 
 107      FFFFFFFF 
 107      FF
 108 03f9 FFFFFFFF 		.ascii	"\377\377\377\377\377\377\377\361\356\360\377\376\376"
 108      FFFFFFF1 
 108      EEF0FFFE 
 108      FE
 109 0406 FEFFFFFF 		.ascii	"\376\377\377\377\377\3772\016 \377|eq\377\377\377\377"
 109      FFFF320E 
 109      20FF7C65 
 109      71FFFFFF 
 109      FF
 110 0417 FFFFFFFF 		.ascii	"\377\377\377\377\377\377\377\377\377\377\377\377\377"
 110      FFFFFFFF 
ARM GAS  C:\Users\OSD\AppData\Local\Temp\cceNwjPh.s 			page 7


 110      FFFFFFFF 
 110      FF
 111 0424 FFFFFFFF 		.ascii	"\377\377\377\377\305\273\300\3772\016 \377\350\344\346"
 111      C5BBC0FF 
 111      320E20FF 
 111      E8E4E6
 112 0433 FFFFFFFF 		.ascii	"\377\377\377\377\377\377\377\377\377\377\377\377\377"
 112      FFFFFFFF 
 112      FFFFFFFF 
 112      FF
 113 0440 FFFFFFFF 		.ascii	"\377\377\377\377\377\377\377\377\377\377\377\377\377"
 113      FFFFFFFF 
 113      FFFFFFFF 
 113      FF
 114 044d FFFFFFFF 		.ascii	"\377\377\377\377\377\377\377\377\377\377\377\377\377"
 114      FFFFFFFF 
 114      FFFFFFFF 
 114      FF
 115 045a FFFFFFFF 		.ascii	"\377\377\377\377\377\377\377\377\377\377\377\377\377"
 115      FFFFFFFF 
 115      FFFFFFFF 
 115      FF
 116 0467 FFDDD8DB 		.ascii	"\377\335\330\333\3772\016 \377\307\275\302\377\377\377"
 116      FF320E20 
 116      FFC7BDC2 
 116      FFFFFF
 117 0476 FFFFFFFF 		.ascii	"\377\377\377\377\377\377\377\377\377\377\377\377\377"
 117      FFFFFFFF 
 117      FFFFFFFF 
 117      FF
 118 0483 FFFFFFFF 		.ascii	"\377\377\377\377\377\377\377\377\3772\015 \377cHV\377"
 118      FFFFFFFF 
 118      FF320D20 
 118      FF634856 
 118      FF
 119 0494 FFFFFFFF 		.ascii	"\377\377\377\377\377\377\377\377\377\377\377\377\377"
 119      FFFFFFFF 
 119      FFFFFFFF 
 119      FF
 120 04a1 FFFFFFFF 		.ascii	"\377\377\377\377\377\377\377\377\377\377\377\377\377"
 120      FFFFFFFF 
 120      FFFFFFFF 
 120      FF
 121 04ae FFFFFFFF 		.ascii	"\377\377\377\377\377\377\377\377\377\377\377\377\377"
 121      FFFFFFFF 
 121      FFFFFFFF 
 121      FF
 122 04bb FFFFFFFF 		.ascii	"\377\377\377\377\377\377\377\377\377\377\377\377\377"
 122      FFFFFFFF 
 122      FFFFFFFF 
 122      FF
 123 04c8 593D4AFF 		.ascii	"Y=J\3774\020\"\377\377\377\377\377\377\377\377\377\377"
 123      341022FF 
 123      FFFFFFFF 
 123      FFFFFFFF 
 123      FF
 124 04d9 FFFFFFFF 		.ascii	"\377\377\377\377\377\377\377\377\377\377\377\377\377"
ARM GAS  C:\Users\OSD\AppData\Local\Temp\cceNwjPh.s 			page 8


 124      FFFFFFFF 
 124      FFFFFFFF 
 124      FF
 125 04e6 FFFFFFFF 		.ascii	"\377\377\377\377\377\377\261\244\253\3773\016 \377\316"
 125      FFFFB1A4 
 125      ABFF330E 
 125      20FFCE
 126 04f5 C5CAFFFF 		.ascii	"\305\312\377\377\377\377\377\377\377\377\377\377\377"
 126      FFFFFFFF 
 126      FFFFFFFF 
 126      FF
 127 0502 FFFFFFFF 		.ascii	"\377\377\377\377\377\377\377\377\377\377\377\377\377"
 127      FFFFFFFF 
 127      FFFFFFFF 
 127      FF
 128 050f FFFFFFFF 		.ascii	"\377\377\377\377\377\377\377\377\377\377\377\377\377"
 128      FFFFFFFF 
 128      FFFFFFFF 
 128      FF
 129 051c FFFFFFFF 		.ascii	"\377\377\377\377\377\377\377\377\304\273\300\3773\016"
 129      FFFFFFFF 
 129      C4BBC0FF 
 129      330E
 130 052a 20FFBDB1 		.ascii	" \377\275\261\270\377\377\377\377\377\377\377\377\377"
 130      B8FFFFFF 
 130      FFFFFFFF 
 130      FFFF
 131 0538 FFFFFFFF 		.ascii	"\377\377\377\377\377\377\377\377\377\377\377\377\377"
 131      FFFFFFFF 
 131      FFFFFFFF 
 131      FF
 132 0545 FFFFFFFF 		.ascii	"\377\377\377\377\377\377\377\377\377\377\377cHU\377"
 132      FFFFFFFF 
 132      FFFFFF63 
 132      4855FF
 133 0554 320E20FF 		.ascii	"2\016 \377\351\345\347\377\377\377\377\377\377\377\377"
 133      E9E5E7FF 
 133      FFFFFFFF 
 133      FFFFFF
 134 0563 FFFFFFFF 		.ascii	"\377\377\377\377\377\377\377\377\377\377\377\377\377"
 134      FFFFFFFF 
 134      FFFFFFFF 
 134      FF
 135 0570 FFFFFFFF 		.ascii	"\377\377\377\377\377\377\377\377\377\377\377\377\377"
 135      FFFFFFFF 
 135      FFFFFFFF 
 135      FF
 136 057d FFFFFFE2 		.ascii	"\377\377\377\342\336\340\3772\017 \377lQ_\377\377\377"
 136      DEE0FF32 
 136      0F20FF6C 
 136      515FFFFF 
 136      FF
 137 058e FFFFFFFF 		.ascii	"\377\377\377\377\377\377\377\377\377\377\377\377\377"
 137      FFFFFFFF 
 137      FFFFFFFF 
 137      FF
 138 059b FFFFFFFF 		.ascii	"\377\377\377\377\377\377\377\377\377\377\377\377\377"
ARM GAS  C:\Users\OSD\AppData\Local\Temp\cceNwjPh.s 			page 9


 138      FFFFFFFF 
 138      FFFFFFFF 
 138      FF
 139 05a8 FFFFFFFF 		.ascii	"\377\377\377\377\377\377\377\377\377\377\377\377F%5"
 139      FFFFFFFF 
 139      FFFFFFFF 
 139      462535
 140 05b7 FF320E20 		.ascii	"\3772\016 \377\341\334\337\377\377\377\377\377\377\377"
 140      FFE1DCDF 
 140      FFFFFFFF 
 140      FFFFFF
 141 05c6 FFFFFFFF 		.ascii	"\377\377\377\377\377\377\377\377\377\377\377\377\377"
 141      FFFFFFFF 
 141      FFFFFFFF 
 141      FF
 142 05d3 FFFFFFFF 		.ascii	"\377\377\377\377\377\377\377\377\377\333\325\330\377"
 142      FFFFFFFF 
 142      FFDBD5D8 
 142      FF
 143 05e0 320E20FF 		.ascii	"2\016 \377N/>\377\377\377\377\377\377\377\377\377\377"
 143      4E2F3EFF 
 143      FFFFFFFF 
 143      FFFFFFFF 
 143      FF
 144 05f1 FFFFFFFF 		.ascii	"\377\377\377\377\377\377\377\377\377\377\377\377\377"
 144      FFFFFFFF 
 144      FFFFFFFF 
 144      FF
 145 05fe FFFFFFFF 		.ascii	"\377\377\377\377\377\377\377\377\377\377\377\377\377"
 145      FFFFFFFF 
 145      FFFFFFFF 
 145      FF
 146 060b FFFFFFFF 		.ascii	"\377\377\377\377\377\377\377\377\377\370\367\370\377"
 146      FFFFFFFF 
 146      FFF8F7F8 
 146      FF
 147 0618 4E2F3EFF 		.ascii	"N/>\3772\016 \377\305\273\300\377\377\377\377\377\377"
 147      320E20FF 
 147      C5BBC0FF 
 147      FFFFFFFF 
 147      FF
 148 0629 FFFFFFFF 		.ascii	"\377\377\377\377\377\377\377\377\377\377\377\377\377"
 148      FFFFFFFF 
 148      FFFFFFFF 
 148      FF
 149 0636 FFFFBFB4 		.ascii	"\377\377\277\264\271\3772\016 \377V7G\377\375\375\375"
 149      B9FF320E 
 149      20FF5637 
 149      47FFFDFD 
 149      FD
 150 0647 FFFFFFFF 		.ascii	"\377\377\377\377\377\377\377\377\377\377\377\377\377"
 150      FFFFFFFF 
 150      FFFFFFFF 
 150      FF
 151 0654 FFFFFFFF 		.ascii	"\377\377\377\377\377\377\377\377\377\377\377\377\377"
 151      FFFFFFFF 
 151      FFFFFFFF 
ARM GAS  C:\Users\OSD\AppData\Local\Temp\cceNwjPh.s 			page 10


 151      FF
 152 0661 FFFFFFFF 		.ascii	"\377\377\377\377\377\377\377\377\377\377\377\377\377"
 152      FFFFFFFF 
 152      FFFFFFFF 
 152      FF
 153 066e FFFFFFFF 		.ascii	"\377\377\377\377\377\377\377\377\377\377\377\377\377"
 153      FFFFFFFF 
 153      FFFFFFFF 
 153      FF
 154 067b FF694F5C 		.ascii	"\377iO\\\3772\016 \377\224\201\213\377\377\377\377\377"
 154      FF320E20 
 154      FF94818B 
 154      FFFFFFFF 
 154      FF
 155 068c FFFFFFFF 		.ascii	"\377\377\377\377\377\377\377\377\215y\203\3772\016 "
 155      FFFFFFFF 
 155      8D7983FF 
 155      320E20
 156 069b FF715765 		.ascii	"\377qWe\377\377\377\377\377\377\377\377\377\377\377"
 156      FFFFFFFF 
 156      FFFFFFFF 
 156      FFFFFF
 157 06aa FFFFFFFF 		.ascii	"\377\377\377\377\377\377\377\377\377\377\377\377\377"
 157      FFFFFFFF 
 157      FFFFFFFF 
 157      FF
 158 06b7 FFFFFFFF 		.ascii	"\377\377\377\377\377\377\377\377\377\377\377\377\377"
 158      FFFFFFFF 
 158      FFFFFFFF 
 158      FF
 159 06c4 FFFFFFFF 		.ascii	"\377\377\377\377\377\377\377\377\377\377\377\377\377"
 159      FFFFFFFF 
 159      FFFFFFFF 
 159      FF
 160 06d1 FFFFFFFF 		.ascii	"\377\377\377\377\377\377\377\377\377\377\377\377\377"
 160      FFFFFFFF 
 160      FFFFFFFF 
 160      FF
 161 06de FFFF9887 		.ascii	"\377\377\230\207\217\3772\016 \377R2B\377\261\243\253"
 161      8FFF320E 
 161      20FF5232 
 161      42FFB1A3 
 161      AB
 162 06ef FF4A2B3B 		.ascii	"\377J+;\3772\016 \377\240\217\227\377\377\377\377\377"
 162      FF320E20 
 162      FFA08F97 
 162      FFFFFFFF 
 162      FF
 163 0700 FFFFFFFF 		.ascii	"\377\377\377\377\377\377\377\377\377\377\377\377\377"
 163      FFFFFFFF 
 163      FFFFFFFF 
 163      FF
 164 070d FFFFFFFF 		.ascii	"\377\377\377\377\377\377\377\377\377\377\377\377\377"
 164      FFFFFFFF 
 164      FFFFFFFF 
 164      FF
 165 071a FFFFFFFF 		.ascii	"\377\377\377\377\377\377\377\377\377\377\377\377\377"
ARM GAS  C:\Users\OSD\AppData\Local\Temp\cceNwjPh.s 			page 11


 165      FFFFFFFF 
 165      FFFFFFFF 
 165      FF
 166 0727 FFFFFFFF 		.ascii	"\377\377\377\377\377\377\377\377\377\377\377\377\377"
 166      FFFFFFFF 
 166      FFFFFFFF 
 166      FF
 167 0734 FFFFFFFF 		.ascii	"\377\377\377\377\377\377\377\377\377\377\377\377\377"
 167      FFFFFFFF 
 167      FFFFFFFF 
 167      FF
 168 0741 FFFFFFCF 		.ascii	"\377\377\377\317\307\313\377A\0370\3772\016 \377E$4"
 168      C7CBFF41 
 168      1F30FF32 
 168      0E20FF45 
 168      2434
 169 0753 FFD4CDD1 		.ascii	"\377\324\315\321\377\377\377\377\377\377\377\377\377"
 169      FFFFFFFF 
 169      FFFFFFFF 
 169      FF
 170 0760 FFFFFFFF 		.ascii	"\377\377\377\377\377\377\377\377\377\377\377\377\377"
 170      FFFFFFFF 
 170      FFFFFFFF 
 170      FF
 171 076d FFFFFFFF 		.ascii	"\377\377\377\377\377\377\377\377\377\377\377\377\377"
 171      FFFFFFFF 
 171      FFFFFFFF 
 171      FF
 172 077a FFFFFFFF 		.ascii	"\377\377\377\377\377\377\377\377\377\377\377\377\377"
 172      FFFFFFFF 
 172      FFFFFFFF 
 172      FF
 173 0787 FFFFFFFF 		.ascii	"\377\377\377\377\377\377\377\377\377\377\377\377\377"
 173      FFFFFFFF 
 173      FFFFFFFF 
 173      FF
 174 0794 FFFFFFFF 		.ascii	"\377\377\377\377\377\377\377\377\377\377\377\377\377"
 174      FFFFFFFF 
 174      FFFFFFFF 
 174      FF
 175 07a1 FFFFFFFF 		.ascii	"\377\377\377\377\377\377\377\377\377\377\377\377\377"
 175      FFFFFFFF 
 175      FFFFFFFF 
 175      FF
 176 07ae FFFFFFFF 		.ascii	"\377\377\377\377\377\377\377\377\377\377\377\377\377"
 176      FFFFFFFF 
 176      FFFFFFFF 
 176      FF
 177 07bb FFFFFFFF 		.ascii	"\377\377\377\377\377\377\377\377\377\377\377\377\377"
 177      FFFFFFFF 
 177      FFFFFFFF 
 177      FF
 178 07c8 FFFFFFFF 		.ascii	"\377\377\377\377\377\377\377\377"
 178      FFFFFFFF 
 179 07d0 FFFFFFFF 		.ascii	"\377\377\377\377\377\377\377\377\377\377\377\377\377"
 179      FFFFFFFF 
 179      FFFFFFFF 
ARM GAS  C:\Users\OSD\AppData\Local\Temp\cceNwjPh.s 			page 12


 179      FF
 180 07dd FFFFFFFF 		.ascii	"\377\377\377\377\377\377\377\377\377\377\377\377\377"
 180      FFFFFFFF 
 180      FFFFFFFF 
 180      FF
 181 07ea FFFFFFFF 		.ascii	"\377\377\377\377\377\377\377\377\377\377\377\377\377"
 181      FFFFFFFF 
 181      FFFFFFFF 
 181      FF
 182 07f7 FFFFFFFF 		.ascii	"\377\377\377\377\377\377\377\377\377\377\377\377\377"
 182      FFFFFFFF 
 182      FFFFFFFF 
 182      FF
 183 0804 FFFFFFFF 		.ascii	"\377\377\377\377\377\377\377\377\377\377\377\377\377"
 183      FFFFFFFF 
 183      FFFFFFFF 
 183      FF
 184 0811 FFFFFFFF 		.ascii	"\377\377\377\377\377\377\377\377\377\377\377\377\377"
 184      FFFFFFFF 
 184      FFFFFFFF 
 184      FF
 185 081e FFFFFFFF 		.ascii	"\377\377\377\377\377\377\377\377\377\377\377\377\377"
 185      FFFFFFFF 
 185      FFFFFFFF 
 185      FF
 186 082b FFFFFFFF 		.ascii	"\377\377\377\377\377\377\377\377\377\377\377\377\377"
 186      FFFFFFFF 
 186      FFFFFFFF 
 186      FF
 187 0838 FFFFFFFF 		.ascii	"\377\377\377\377\377\377\377\377\377\377\377\377\377"
 187      FFFFFFFF 
 187      FFFFFFFF 
 187      FF
 188 0845 FFFFFFFF 		.ascii	"\377\377\377\377\377\377\377\377\377\377\377\377\377"
 188      FFFFFFFF 
 188      FFFFFFFF 
 188      FF
 189 0852 FFFFFFFF 		.ascii	"\377\377\377\377\377\377\377\377\377\377\377\377\377"
 189      FFFFFFFF 
 189      FFFFFFFF 
 189      FF
 190 085f FFFFFFFF 		.ascii	"\377\377\377\377\377\377\377\377\377\377\377\377\377"
 190      FFFFFFFF 
 190      FFFFFFFF 
 190      FF
 191 086c FFFFFFFF 		.ascii	"\377\377\377\377\377\377\377\377\377\377\377\377\377"
 191      FFFFFFFF 
 191      FFFFFFFF 
 191      FF
 192 0879 FFFFFFFF 		.ascii	"\377\377\377\377\377\377\377\377\377\377\377\377\377"
 192      FFFFFFFF 
 192      FFFFFFFF 
 192      FF
 193 0886 FFFFFFFF 		.ascii	"\377\377\377\377\377\377\377\377\377\377\377\377\377"
 193      FFFFFFFF 
 193      FFFFFFFF 
 193      FF
ARM GAS  C:\Users\OSD\AppData\Local\Temp\cceNwjPh.s 			page 13


 194 0893 FFFFFFFF 		.ascii	"\377\377\377\377\377\377\377\377\377\377\377\377\377"
 194      FFFFFFFF 
 194      FFFFFFFF 
 194      FF
 195 08a0 FFFFFFFF 		.ascii	"\377\377\377\377\377\377\377\377\377\377\377\377\377"
 195      FFFFFFFF 
 195      FFFFFFFF 
 195      FF
 196 08ad FFFFFFFF 		.ascii	"\377\377\377\377\377\377\377\377\377\377\377\377\377"
 196      FFFFFFFF 
 196      FFFFFFFF 
 196      FF
 197 08ba FFFFFFFF 		.ascii	"\377\377\377\377\377\377\377\377\377\377\377\377\377"
 197      FFFFFFFF 
 197      FFFFFFFF 
 197      FF
 198 08c7 FFFFFFFF 		.ascii	"\377\377\377\377\377\377\377\377\377\377\377\377\377"
 198      FFFFFFFF 
 198      FFFFFFFF 
 198      FF
 199 08d4 FFFFFFFF 		.ascii	"\377\377\377\377\377\377\377\377\377\377\377\377\377"
 199      FFFFFFFF 
 199      FFFFFFFF 
 199      FF
 200 08e1 FFFFFFFF 		.ascii	"\377\377\377\377\377\377\377\377\377\377\377\377\377"
 200      FFFFFFFF 
 200      FFFFFFFF 
 200      FF
 201 08ee FFFFFFFF 		.ascii	"\377\377\377\377\377\377\377\377\377\377\377\377\377"
 201      FFFFFFFF 
 201      FFFFFFFF 
 201      FF
 202 08fb FFFFFFFF 		.ascii	"\377\377\377\377\377"
 202      FF
 203              		.text
 204              	.Letext0:
 205              		.file 1 "c:\\tools\\gcc-arm-none-eabi\\arm-none-eabi\\include\\machine\\_default_types.h"
 206              		.file 2 "c:\\tools\\gcc-arm-none-eabi\\arm-none-eabi\\include\\sys\\_stdint.h"
 207              		.file 3 "d:\\kzc\\stm32\\h743ii_lcd\\lvgl\\src\\draw\\lv_img_buf.h"
 208              		.file 4 "d:\\kzc\\stm32\\h743ii_lcd\\lvgl\\src/core/lv_obj.h"
 209              		.file 5 "d:\\kzc\\stm32\\h743ii_lcd\\lvgl\\src/widgets/lv_bar.h"
 210              		.file 6 "d:\\kzc\\stm32\\h743ii_lcd\\lvgl\\src/extra/widgets/imgbtn/lv_imgbtn.h"
 211              		.file 7 "lvgl/demos/music/assets/img_lv_demo_music_icon_1.c"
ARM GAS  C:\Users\OSD\AppData\Local\Temp\cceNwjPh.s 			page 14


DEFINED SYMBOLS
                            *ABS*:00000000 img_lv_demo_music_icon_1.c
C:\Users\OSD\AppData\Local\Temp\cceNwjPh.s:24     .data.img_lv_demo_music_icon_1:00000000 img_lv_demo_music_icon_1
C:\Users\OSD\AppData\Local\Temp\cceNwjPh.s:35     .rodata.img_lv_demo_music_icon_1_map:00000000 img_lv_demo_music_icon_1_map
C:\Users\OSD\AppData\Local\Temp\cceNwjPh.s:21     .data.img_lv_demo_music_icon_1:00000000 $d
C:\Users\OSD\AppData\Local\Temp\cceNwjPh.s:32     .rodata.img_lv_demo_music_icon_1_map:00000000 $d

NO UNDEFINED SYMBOLS
