ARM GAS  C:\Users\OSD\AppData\Local\Temp\cc2jCVnm.s 			page 1


   1              		.cpu cortex-m7
   2              		.arch armv7e-m
   3              		.fpu fpv5-d16
   4              		.eabi_attribute 28, 1
   5              		.eabi_attribute 20, 1
   6              		.eabi_attribute 21, 1
   7              		.eabi_attribute 23, 3
   8              		.eabi_attribute 24, 1
   9              		.eabi_attribute 25, 1
  10              		.eabi_attribute 26, 1
  11              		.eabi_attribute 30, 1
  12              		.eabi_attribute 34, 1
  13              		.eabi_attribute 18, 4
  14              		.file	"img_lv_demo_music_slider_knob.c"
  15              		.text
  16              	.Ltext0:
  17              		.cfi_sections	.debug_frame
  18              		.global	img_lv_demo_music_slider_knob
  19              		.global	img_lv_demo_music_slider_knob_map
  20              		.section	.data.img_lv_demo_music_slider_knob,"aw"
  21              		.align	2
  24              	img_lv_demo_music_slider_knob:
  25 0000 05       		.byte	5
  26 0001 90       		.byte	144
  27 0002 C0       		.byte	192
  28 0003 04       		.byte	4
  29 0004 60150000 		.word	5472
  30 0008 00000000 		.word	img_lv_demo_music_slider_knob_map
  31              		.section	.rodata.img_lv_demo_music_slider_knob_map,"a"
  32              		.align	2
  35              	img_lv_demo_music_slider_knob_map:
  36 0000 FFFFFF00 		.ascii	"\377\377\377\000\377\377\377\000\377\377\377\000\377"
  36      FFFFFF00 
  36      FFFFFF00 
  36      FF
  37 000d FFFF00FF 		.ascii	"\377\377\000\377\377\377\000\377\377\377\000\377\377"
  37      FFFF00FF 
  37      FFFF00FF 
  37      FF
  38 001a FF00FFFF 		.ascii	"\377\000\377\377\377\000\377\377\377\000\377\377\377"
  38      FF00FFFF 
  38      FF00FFFF 
  38      FF
  39 0027 00FFFFFF 		.ascii	"\000\377\377\377\000\377\377\377\000\377\377\377\000"
  39      00FFFFFF 
  39      00FFFFFF 
  39      00
  40 0034 FFFFFF00 		.ascii	"\377\377\377\000\377\377\377\000\377\377\377\000\377"
  40      FFFFFF00 
  40      FFFFFF00 
  40      FF
  41 0041 FFFF00FF 		.ascii	"\377\377\000\377\377\377\000\377\377\377\000\377\377"
  41      FFFF00FF 
  41      FFFF00FF 
  41      FF
  42 004e FF00FFFF 		.ascii	"\377\000\377\377\377\000\377\377\377\000\377\377\377"
  42      FF00FFFF 
ARM GAS  C:\Users\OSD\AppData\Local\Temp\cc2jCVnm.s 			page 2


  42      FF00FFFF 
  42      FF
  43 005b 00FFFFFF 		.ascii	"\000\377\377\377\000\377\377\377\000\377\377\377\000"
  43      00FFFFFF 
  43      00FFFFFF 
  43      00
  44 0068 FFFFFF00 		.ascii	"\377\377\377\000\377\377\377\000\377\377\377\000\377"
  44      FFFFFF00 
  44      FFFFFF00 
  44      FF
  45 0075 FFFF00FF 		.ascii	"\377\377\000\377\377\377\000\377\377\377\000\377\377"
  45      FFFF00FF 
  45      FFFF00FF 
  45      FF
  46 0082 FF00FFFF 		.ascii	"\377\000\377\377\377\000\377\377\377\000\377\377\377"
  46      FF00FFFF 
  46      FF00FFFF 
  46      FF
  47 008f 00FFFFFF 		.ascii	"\000\377\377\377\000\377\377\377\000\377\377\377\000"
  47      00FFFFFF 
  47      00FFFFFF 
  47      00
  48 009c FFFFFF00 		.ascii	"\377\377\377\000\377\377\377\000\377\377\377\000\377"
  48      FFFFFF00 
  48      FFFFFF00 
  48      FF
  49 00a9 FFFF00FF 		.ascii	"\377\377\000\377\377\377\000\377\377\377\000\377\377"
  49      FFFF00FF 
  49      FFFF00FF 
  49      FF
  50 00b6 FF00FFFF 		.ascii	"\377\000\377\377\377\000\377\377\377\000\377\377\377"
  50      FF00FFFF 
  50      FF00FFFF 
  50      FF
  51 00c3 00FFFFFF 		.ascii	"\000\377\377\377\000\377\377\377\000\377\377\377\000"
  51      00FFFFFF 
  51      00FFFFFF 
  51      00
  52 00d0 FFFFFF00 		.ascii	"\377\377\377\000\377\377\377\000\377\377\377\000\377"
  52      FFFFFF00 
  52      FFFFFF00 
  52      FF
  53 00dd FFFF00FF 		.ascii	"\377\377\000\377\377\377\000\377\377\377\000\377\377"
  53      FFFF00FF 
  53      FFFF00FF 
  53      FF
  54 00ea FF00FFFF 		.ascii	"\377\000\377\377\377\000\377\377\377\000\377\377\377"
  54      FF00FFFF 
  54      FF00FFFF 
  54      FF
  55 00f7 00FFFFFF 		.ascii	"\000\377\377\377\000\377\377\377\000\377\377\377\000"
  55      00FFFFFF 
  55      00FFFFFF 
  55      00
  56 0104 FFFFFF00 		.ascii	"\377\377\377\000\377\377\377\000\377\377\377\000\377"
  56      FFFFFF00 
  56      FFFFFF00 
ARM GAS  C:\Users\OSD\AppData\Local\Temp\cc2jCVnm.s 			page 3


  56      FF
  57 0111 FFFF00FF 		.ascii	"\377\377\000\377\377\377\000\377\377\377\000\377\377"
  57      FFFF00FF 
  57      FFFF00FF 
  57      FF
  58 011e FF00FFFF 		.ascii	"\377\000\377\377\377\000\377\377\377\000\377\377\377"
  58      FF00FFFF 
  58      FF00FFFF 
  58      FF
  59 012b 00FFFFFF 		.ascii	"\000\377\377\377\000\377\377\377\000\377\377\377\000"
  59      00FFFFFF 
  59      00FFFFFF 
  59      00
  60 0138 FFFFFF00 		.ascii	"\377\377\377\000\377\377\377\000\377\377\377\000\377"
  60      FFFFFF00 
  60      FFFFFF00 
  60      FF
  61 0145 FFFF00FF 		.ascii	"\377\377\000\377\377\377\000\377\377\377\000\377\377"
  61      FFFF00FF 
  61      FFFF00FF 
  61      FF
  62 0152 FF00FFFF 		.ascii	"\377\000\377\377\377\000\377\377\377\000\377\377\377"
  62      FF00FFFF 
  62      FF00FFFF 
  62      FF
  63 015f 00FFFFFF 		.ascii	"\000\377\377\377\000\377\377\377\000\377\377\377\000"
  63      00FFFFFF 
  63      00FFFFFF 
  63      00
  64 016c FFFFFF00 		.ascii	"\377\377\377\000\377\377\377\000\377\377\377\000\377"
  64      FFFFFF00 
  64      FFFFFF00 
  64      FF
  65 0179 FFFF00FF 		.ascii	"\377\377\000\377\377\377\000\377\377\377\000\377\377"
  65      FFFF00FF 
  65      FFFF00FF 
  65      FF
  66 0186 FF00FFFF 		.ascii	"\377\000\377\377\377\000\377\377\377\000\377\377\377"
  66      FF00FFFF 
  66      FF00FFFF 
  66      FF
  67 0193 00FFFFFF 		.ascii	"\000\377\377\377\000\377\377\377\000\377\377\377\000"
  67      00FFFFFF 
  67      00FFFFFF 
  67      00
  68 01a0 FFFFFF00 		.ascii	"\377\377\377\000\377\377\377\000\377\377\377\000\377"
  68      FFFFFF00 
  68      FFFFFF00 
  68      FF
  69 01ad FFFF00FF 		.ascii	"\377\377\000\377\377\377\000\377\377\377\000\377\377"
  69      FFFF00FF 
  69      FFFF00FF 
  69      FF
  70 01ba FF00FFFF 		.ascii	"\377\000\377\377\377\000\377\377\377\000\377\377\377"
  70      FF00FFFF 
  70      FF00FFFF 
  70      FF
ARM GAS  C:\Users\OSD\AppData\Local\Temp\cc2jCVnm.s 			page 4


  71 01c7 00FFFFFF 		.ascii	"\000\377\377\377\000\377\377\377\000\377\377\377\000"
  71      00FFFFFF 
  71      00FFFFFF 
  71      00
  72 01d4 FFFFFF00 		.ascii	"\377\377\377\000\377\377\377\000\377\377\377\000\377"
  72      FFFFFF00 
  72      FFFFFF00 
  72      FF
  73 01e1 FFFF00FF 		.ascii	"\377\377\000\377\377\377\000\377\377\377\000\377\377"
  73      FFFF00FF 
  73      FFFF00FF 
  73      FF
  74 01ee FF00FFFF 		.ascii	"\377\000\377\377\377\000\377\377\377\000\377\377\377"
  74      FF00FFFF 
  74      FF00FFFF 
  74      FF
  75 01fb 00FFFFFF 		.ascii	"\000\377\377\377\000\377\377\377\000\377\377\377\000"
  75      00FFFFFF 
  75      00FFFFFF 
  75      00
  76 0208 FFFFFF00 		.ascii	"\377\377\377\000\377\377\377\000\377\377\377\000\377"
  76      FFFFFF00 
  76      FFFFFF00 
  76      FF
  77 0215 FFFF00FF 		.ascii	"\377\377\000\377\377\377\000\377\377\377\000\377\377"
  77      FFFF00FF 
  77      FFFF00FF 
  77      FF
  78 0222 FF00FFFF 		.ascii	"\377\000\377\377\377\000\377\377\377\000\377\377\377"
  78      FF00FFFF 
  78      FF00FFFF 
  78      FF
  79 022f 00FFFFFF 		.ascii	"\000\377\377\377\000\377\377\377\000\377\377\377\000"
  79      00FFFFFF 
  79      00FFFFFF 
  79      00
  80 023c FFFFFF00 		.ascii	"\377\377\377\000\377\377\377\000\377\377\377\000\377"
  80      FFFFFF00 
  80      FFFFFF00 
  80      FF
  81 0249 FFFF00FF 		.ascii	"\377\377\000\377\377\377\000\377\377\377\000\377\377"
  81      FFFF00FF 
  81      FFFF00FF 
  81      FF
  82 0256 FF00FFFF 		.ascii	"\377\000\377\377\377\000\377\377\377\000\377\377\377"
  82      FF00FFFF 
  82      FF00FFFF 
  82      FF
  83 0263 00FFFFFF 		.ascii	"\000\377\377\377\000\377\377\377\000\377\377\377\000"
  83      00FFFFFF 
  83      00FFFFFF 
  83      00
  84 0270 FFFFFF00 		.ascii	"\377\377\377\000\377\377\377\000\377\377\377\000\377"
  84      FFFFFF00 
  84      FFFFFF00 
  84      FF
  85 027d FFFF00FF 		.ascii	"\377\377\000\377\377\377\000\377\377\377\000\377\377"
ARM GAS  C:\Users\OSD\AppData\Local\Temp\cc2jCVnm.s 			page 5


  85      FFFF00FF 
  85      FFFF00FF 
  85      FF
  86 028a FF00FFFF 		.ascii	"\377\000\377\377\377\000\377\377\377\000\377\377\377"
  86      FF00FFFF 
  86      FF00FFFF 
  86      FF
  87 0297 00FFFFFF 		.ascii	"\000\377\377\377\000\377\377\377\000\377\377\377\000"
  87      00FFFFFF 
  87      00FFFFFF 
  87      00
  88 02a4 FFFFFF00 		.ascii	"\377\377\377\000\377\377\377\000\377\377\377\000\377"
  88      FFFFFF00 
  88      FFFFFF00 
  88      FF
  89 02b1 FFFF00FF 		.ascii	"\377\377\000\377\377\377\000\377\377\377\000\377\377"
  89      FFFF00FF 
  89      FFFF00FF 
  89      FF
  90 02be FF00FFFF 		.ascii	"\377\000\377\377\377\000\377\377\377\000\377\377\377"
  90      FF00FFFF 
  90      FF00FFFF 
  90      FF
  91 02cb 00FFFFFF 		.ascii	"\000\377\377\377\000\377\377\377\000\377\377\377\000"
  91      00FFFFFF 
  91      00FFFFFF 
  91      00
  92 02d8 FFFFFF00 		.ascii	"\377\377\377\000\377\377\377\000\377\377\377\000\377"
  92      FFFFFF00 
  92      FFFFFF00 
  92      FF
  93 02e5 FFFF00FF 		.ascii	"\377\377\000\377\377\377\000\377\377\377\000\377\377"
  93      FFFF00FF 
  93      FFFF00FF 
  93      FF
  94 02f2 FF00FFFF 		.ascii	"\377\000\377\377\377\000\377\377\377\000\377\377\377"
  94      FF00FFFF 
  94      FF00FFFF 
  94      FF
  95 02ff 00FFFFFF 		.ascii	"\000\377\377\377\000\377\377\377\000\377\377\377\000"
  95      00FFFFFF 
  95      00FFFFFF 
  95      00
  96 030c FFFFFF00 		.ascii	"\377\377\377\000\377\377\377\000\377\377\377\000\377"
  96      FFFFFF00 
  96      FFFFFF00 
  96      FF
  97 0319 FFFF00FF 		.ascii	"\377\377\000\377\377\377\000\377\377\377\000\377\377"
  97      FFFF00FF 
  97      FFFF00FF 
  97      FF
  98 0326 FF00FFFF 		.ascii	"\377\000\377\377\377\000\377\377\377\000\377\377\377"
  98      FF00FFFF 
  98      FF00FFFF 
  98      FF
  99 0333 00FFFFFF 		.ascii	"\000\377\377\377\000\377\377\377\000\377\377\377\000"
  99      00FFFFFF 
ARM GAS  C:\Users\OSD\AppData\Local\Temp\cc2jCVnm.s 			page 6


  99      00FFFFFF 
  99      00
 100 0340 FFFFFF00 		.ascii	"\377\377\377\000\377\377\377\000\377\377\377\000\377"
 100      FFFFFF00 
 100      FFFFFF00 
 100      FF
 101 034d FFFF00FF 		.ascii	"\377\377\000\377\377\377\000\377\377\377\000\377\377"
 101      FFFF00FF 
 101      FFFF00FF 
 101      FF
 102 035a FF00FFFF 		.ascii	"\377\000\377\377\377\000\377\377\377\000\377\377\377"
 102      FF00FFFF 
 102      FF00FFFF 
 102      FF
 103 0367 00FFFFFF 		.ascii	"\000\377\377\377\000\377\377\377\000\377\377\377\000"
 103      00FFFFFF 
 103      00FFFFFF 
 103      00
 104 0374 FFFFFF00 		.ascii	"\377\377\377\000\377\377\377\000\377\377\377\000\377"
 104      FFFFFF00 
 104      FFFFFF00 
 104      FF
 105 0381 FFFF00FF 		.ascii	"\377\377\000\377\377\377\000\377\377\377\000\377\377"
 105      FFFF00FF 
 105      FFFF00FF 
 105      FF
 106 038e FF00FFFF 		.ascii	"\377\000\377\377\377\000\377\377\377\000\377\377\377"
 106      FF00FFFF 
 106      FF00FFFF 
 106      FF
 107 039b 00FFFFFF 		.ascii	"\000\377\377\377\000\377\377\377\000\377\377\377\000"
 107      00FFFFFF 
 107      00FFFFFF 
 107      00
 108 03a8 FFFFFF00 		.ascii	"\377\377\377\000\377\377\377\000\377\377\377\000\377"
 108      FFFFFF00 
 108      FFFFFF00 
 108      FF
 109 03b5 FFFF00FF 		.ascii	"\377\377\000\377\377\377\000\377\377\377\000\377\377"
 109      FFFF00FF 
 109      FFFF00FF 
 109      FF
 110 03c2 FF00FFFF 		.ascii	"\377\000\377\377\377\000\377\377\377\000\377\377\377"
 110      FF00FFFF 
 110      FF00FFFF 
 110      FF
 111 03cf 00FFFFFF 		.ascii	"\000\377\377\377\000\377\377\377\000\377\377\377\000"
 111      00FFFFFF 
 111      00FFFFFF 
 111      00
 112 03dc FFFFFF00 		.ascii	"\377\377\377\000\377\377\377\000\377\377\377\000\377"
 112      FFFFFF00 
 112      FFFFFF00 
 112      FF
 113 03e9 FFFF00FF 		.ascii	"\377\377\000\377\377\377\000\377\377\377\000\377\377"
 113      FFFF00FF 
 113      FFFF00FF 
ARM GAS  C:\Users\OSD\AppData\Local\Temp\cc2jCVnm.s 			page 7


 113      FF
 114 03f6 FF00FFFF 		.ascii	"\377\000\377\377\377\000\377\377\377\000\377\377\377"
 114      FF00FFFF 
 114      FF00FFFF 
 114      FF
 115 0403 00F06AA5 		.ascii	"\000\360j\245\000\360j\245\000\360j\245\000\360j\245"
 115      00F06AA5 
 115      00F06AA5 
 115      00F06AA5 
 116 0413 00F06AA5 		.ascii	"\000\360j\245\000\360j\245\000\360j\245\000\360j\245"
 116      00F06AA5 
 116      00F06AA5 
 116      00F06AA5 
 117 0423 00F06AA5 		.ascii	"\000\360j\245\000\360j\245\000\360j\245\000\360j\245"
 117      00F06AA5 
 117      00F06AA5 
 117      00F06AA5 
 118 0433 00F06AA5 		.ascii	"\000\360j\245\000\360j\245\000\360j\245\000\360j\245"
 118      00F06AA5 
 118      00F06AA5 
 118      00F06AA5 
 119 0443 00F06AA5 		.ascii	"\000\360j\245\000\360j\245\000\360j\245\000\360j\245"
 119      00F06AA5 
 119      00F06AA5 
 119      00F06AA5 
 120 0453 00F06AA5 		.ascii	"\000\360j\245\000\360j\245\000\360j\245\000\360j\245"
 120      00F06AA5 
 120      00F06AA5 
 120      00F06AA5 
 121 0463 00F06AA5 		.ascii	"\000\360j\245\000\360j\245\000\360j\245\000\360j\245"
 121      00F06AA5 
 121      00F06AA5 
 121      00F06AA5 
 122 0473 00F06AA5 		.ascii	"\000\360j\245\000\360j\245\000\360j\245\000\377\377"
 122      00F06AA5 
 122      00F06AA5 
 122      00FFFF
 123 0482 FF00FFFF 		.ascii	"\377\000\377\377\377\000\377\377\377\000\377\377\377"
 123      FF00FFFF 
 123      FF00FFFF 
 123      FF
 124 048f 00FFFFFF 		.ascii	"\000\377\377\377\000\360j\245\000\360j\245\000\360j"
 124      00F06AA5 
 124      00F06AA5 
 124      00F06A
 125 049e A500F06A 		.ascii	"\245\000\360j\245\000\360j\245\000\360j\245\000\360"
 125      A500F06A 
 125      A500F06A 
 125      A500F0
 126 04ad 6AA500F0 		.ascii	"j\245\000\360j\245\000\360j\245\000\360j\245\000\360"
 126      6AA500F0 
 126      6AA500F0 
 126      6AA500F0 
 127 04bd 6AA500F0 		.ascii	"j\245\000\360j\245\003\360j\245\003\360j\245\003\360"
 127      6AA503F0 
 127      6AA503F0 
 127      6AA503F0 
ARM GAS  C:\Users\OSD\AppData\Local\Temp\cc2jCVnm.s 			page 8


 128 04cd 6AA503F0 		.ascii	"j\245\003\360j\245\003\360j\245\003\360j\245\003\360"
 128      6AA503F0 
 128      6AA503F0 
 128      6AA503F0 
 129 04dd 6AA503F0 		.ascii	"j\245\003\360j\245\003\360j\245\000\360j\245\000\360"
 129      6AA503F0 
 129      6AA500F0 
 129      6AA500F0 
 130 04ed 6AA500F0 		.ascii	"j\245\000\360j\245\000\360j\245\000\360j\245\000\360"
 130      6AA500F0 
 130      6AA500F0 
 130      6AA500F0 
 131 04fd 6AA500F0 		.ascii	"j\245\000\360j\245\000\360j\245\000\360j\245\000\360"
 131      6AA500F0 
 131      6AA500F0 
 131      6AA500F0 
 132 050d 6AA500FF 		.ascii	"j\245\000\377\377\377\000\377\377\377\000\377\377\377"
 132      FFFF00FF 
 132      FFFF00FF 
 132      FFFF
 133 051b 00FFFFFF 		.ascii	"\000\377\377\377\000\377\377\377\000\360j\245\000\360"
 133      00FFFFFF 
 133      00F06AA5 
 133      00F0
 134 0529 6AA500F0 		.ascii	"j\245\000\360j\245\000\360j\245\000\360j\245\000\360"
 134      6AA500F0 
 134      6AA500F0 
 134      6AA500F0 
 135 0539 6AA500F0 		.ascii	"j\245\000\360j\245\000\360j\245\000\360j\245\003\360"
 135      6AA500F0 
 135      6AA500F0 
 135      6AA503F0 
 136 0549 6AA503F0 		.ascii	"j\245\003\360j\245\003\360j\245\003\360j\245\004\360"
 136      6AA503F0 
 136      6AA503F0 
 136      6AA504F0 
 137 0559 6AA504F0 		.ascii	"j\245\004\360j\245\004\360j\245\004\360j\245\004\360"
 137      6AA504F0 
 137      6AA504F0 
 137      6AA504F0 
 138 0569 6AA504F0 		.ascii	"j\245\004\360j\245\004\360j\245\004\360j\245\003\360"
 138      6AA504F0 
 138      6AA504F0 
 138      6AA503F0 
 139 0579 6AA503F0 		.ascii	"j\245\003\360j\245\003\360j\245\003\360j\245\000\360"
 139      6AA503F0 
 139      6AA503F0 
 139      6AA500F0 
 140 0589 6AA500F0 		.ascii	"j\245\000\360j\245\000\360j\245\000\360j\245\000\360"
 140      6AA500F0 
 140      6AA500F0 
 140      6AA500F0 
 141 0599 6AA500F0 		.ascii	"j\245\000\360j\245\000\377\377\377\000\377\377\377\000"
 141      6AA500FF 
 141      FFFF00FF 
 141      FFFF00
 142 05a8 FFFFFF00 		.ascii	"\377\377\377\000\377\377\377\000\377\377\377\000\360"
ARM GAS  C:\Users\OSD\AppData\Local\Temp\cc2jCVnm.s 			page 9


 142      FFFFFF00 
 142      FFFFFF00 
 142      F0
 143 05b5 6AA500F0 		.ascii	"j\245\000\360j\245\000\360j\245\000\360j\245\000\360"
 143      6AA500F0 
 143      6AA500F0 
 143      6AA500F0 
 144 05c5 6AA500F0 		.ascii	"j\245\000\360j\245\000\360j\245\003\360j\245\003\360"
 144      6AA500F0 
 144      6AA503F0 
 144      6AA503F0 
 145 05d5 6AA503F0 		.ascii	"j\245\003\360j\245\004\360j\245\004\360j\245\007\360"
 145      6AA504F0 
 145      6AA504F0 
 145      6AA507F0 
 146 05e5 6AA507F0 		.ascii	"j\245\007\360j\245\007\360j\245\010\360j\245\010\360"
 146      6AA507F0 
 146      6AA508F0 
 146      6AA508F0 
 147 05f5 6AA508F0 		.ascii	"j\245\010\360j\245\010\360j\245\007\360j\245\007\360"
 147      6AA508F0 
 147      6AA507F0 
 147      6AA507F0 
 148 0605 6AA504F0 		.ascii	"j\245\004\360j\245\004\360j\245\003\360j\245\003\360"
 148      6AA504F0 
 148      6AA503F0 
 148      6AA503F0 
 149 0615 6AA503F0 		.ascii	"j\245\003\360j\245\000\360j\245\000\360j\245\000\360"
 149      6AA500F0 
 149      6AA500F0 
 149      6AA500F0 
 150 0625 6AA500F0 		.ascii	"j\245\000\360j\245\000\360j\245\000\377\377\377\000"
 150      6AA500F0 
 150      6AA500FF 
 150      FFFF00
 151 0634 FFFFFF00 		.ascii	"\377\377\377\000\377\377\377\000\377\377\377\000\377"
 151      FFFFFF00 
 151      FFFFFF00 
 151      FF
 152 0641 FFFF00F0 		.ascii	"\377\377\000\360j\245\000\360j\245\000\360j\245\000"
 152      6AA500F0 
 152      6AA500F0 
 152      6AA500
 153 0650 F06AA500 		.ascii	"\360j\245\000\360j\245\000\360j\245\003\360j\245\003"
 153      F06AA500 
 153      F06AA503 
 153      F06AA503 
 154 0660 F06AA504 		.ascii	"\360j\245\004\360j\245\004\360j\245\007\360j\245\010"
 154      F06AA504 
 154      F06AA507 
 154      F06AA508 
 155 0670 F06AA508 		.ascii	"\360j\245\010\360j\245\013\360j\245\014\360j\245\014"
 155      F06AA50B 
 155      F06AA50C 
 155      F06AA50C 
 156 0680 F06AA50C 		.ascii	"\360j\245\014\360j\245\014\360j\245\014\360j\245\013"
 156      F06AA50C 
ARM GAS  C:\Users\OSD\AppData\Local\Temp\cc2jCVnm.s 			page 10


 156      F06AA50C 
 156      F06AA50B 
 157 0690 F06AA50B 		.ascii	"\360j\245\013\360j\245\010\360j\245\007\360j\245\007"
 157      F06AA508 
 157      F06AA507 
 157      F06AA507 
 158 06a0 F06AA504 		.ascii	"\360j\245\004\360j\245\003\360j\245\003\360j\245\000"
 158      F06AA503 
 158      F06AA503 
 158      F06AA500 
 159 06b0 F06AA500 		.ascii	"\360j\245\000\360j\245\000\360j\245\000\360j\245\000"
 159      F06AA500 
 159      F06AA500 
 159      F06AA500 
 160 06c0 FFFFFF00 		.ascii	"\377\377\377\000\377\377\377\000\377\377\377\000\377"
 160      FFFFFF00 
 160      FFFFFF00 
 160      FF
 161 06cd FFFF00FF 		.ascii	"\377\377\000\377\377\377\000\360j\245\000\360j\245\000"
 161      FFFF00F0 
 161      6AA500F0 
 161      6AA500
 162 06dc F06AA500 		.ascii	"\360j\245\000\360j\245\000\360j\245\003\360j\245\003"
 162      F06AA500 
 162      F06AA503 
 162      F06AA503 
 163 06ec F06AA504 		.ascii	"\360j\245\004\360j\245\007\360j\245\010\360j\245\013"
 163      F06AA507 
 163      F06AA508 
 163      F06AA50B 
 164 06fc F06AA50C 		.ascii	"\360j\245\014\360j\245\017\364\200\200\034\361o\235"
 164      F06AA50F 
 164      F480801C 
 164      F16F9D
 165 070b 13F06AA5 		.ascii	"\023\360j\245\023\360j\245\023\360j\245\023\360j\245"
 165      13F06AA5 
 165      13F06AA5 
 165      13F06AA5 
 166 071b 10F06AA5 		.ascii	"\020\360j\245\020\360j\245\017\360j\245\014\360j\245"
 166      10F06AA5 
 166      0FF06AA5 
 166      0CF06AA5 
 167 072b 0BF06AA5 		.ascii	"\013\360j\245\010\360j\245\007\360j\245\004\360j\245"
 167      08F06AA5 
 167      07F06AA5 
 167      04F06AA5 
 168 073b 03F06AA5 		.ascii	"\003\360j\245\003\360j\245\000\360j\245\000\360j\245"
 168      03F06AA5 
 168      00F06AA5 
 168      00F06AA5 
 169 074b 00F06AA5 		.ascii	"\000\360j\245\000\377\377\377\000\377\377\377\000\377"
 169      00FFFFFF 
 169      00FFFFFF 
 169      00FF
 170 0759 FFFF00FF 		.ascii	"\377\377\000\377\377\377\000\377\377\377\000\360j\245"
 170      FFFF00FF 
 170      FFFF00F0 
ARM GAS  C:\Users\OSD\AppData\Local\Temp\cc2jCVnm.s 			page 11


 170      6AA5
 171 0767 00F06AA5 		.ascii	"\000\360j\245\000\360j\245\000\360j\245\003\360j\245"
 171      00F06AA5 
 171      00F06AA5 
 171      03F06AA5 
 172 0777 03F06AA5 		.ascii	"\003\360j\245\004\360j\245\007\360j\245\010\360j\245"
 172      04F06AA5 
 172      07F06AA5 
 172      08F06AA5 
 173 0787 0BF7965D 		.ascii	"\013\367\226]H\370\232W\263\370\230Y\364\367\225]\377"
 173      48F89A57 
 173      B3F89859 
 173      F4F7955D 
 173      FF
 174 0798 F79262FC 		.ascii	"\367\222b\374\366\216h\323\365\210st\361n\236\034\360"
 174      F68E68D3 
 174      F5887374 
 174      F16E9E1C 
 174      F0
 175 07a9 6AA518F0 		.ascii	"j\245\030\360j\245\027\360j\245\024\360j\245\020\360"
 175      6AA517F0 
 175      6AA514F0 
 175      6AA510F0 
 176 07b9 6AA50FF0 		.ascii	"j\245\017\360j\245\013\360j\245\010\360j\245\007\360"
 176      6AA50BF0 
 176      6AA508F0 
 176      6AA507F0 
 177 07c9 6AA504F0 		.ascii	"j\245\004\360j\245\003"
 177      6AA503
 178 07d0 F06AA503 		.ascii	"\360j\245\003\360j\245\000\360j\245\000\360j\245\000"
 178      F06AA500 
 178      F06AA500 
 178      F06AA500 
 179 07e0 FFFFFF00 		.ascii	"\377\377\377\000\377\377\377\000\377\377\377\000\377"
 179      FFFFFF00 
 179      FFFFFF00 
 179      FF
 180 07ed FFFF00FF 		.ascii	"\377\377\000\377\377\377\000\360j\245\000\360j\245\000"
 180      FFFF00F0 
 180      6AA500F0 
 180      6AA500
 181 07fc F06AA500 		.ascii	"\360j\245\000\360j\245\003\360j\245\004\360j\245\007"
 181      F06AA503 
 181      F06AA504 
 181      F06AA507 
 182 080c F06AA508 		.ascii	"\360j\245\010\360j\245\013\370\233U\213\370\233T\377"
 182      F06AA50B 
 182      F89B558B 
 182      F89B54FF 
 183 081c F89859FF 		.ascii	"\370\230Y\377\367\225]\377\367\222b\377\366\217g\377"
 183      F7955DFF 
 183      F79262FF 
 183      F68F67FF 
 184 082c F68C6CFF 		.ascii	"\366\214l\377\365\210q\377\365\204y\310\362s\2250\360"
 184      F58871FF 
 184      F58479C8 
 184      F2739530 
ARM GAS  C:\Users\OSD\AppData\Local\Temp\cc2jCVnm.s 			page 12


 184      F0
 185 083d 6AA51CF0 		.ascii	"j\245\034\360j\245\033\360j\245\027\360j\245\023\360"
 185      6AA51BF0 
 185      6AA517F0 
 185      6AA513F0 
 186 084d 6AA50FF0 		.ascii	"j\245\017\360j\245\014\360j\245\010\360j\245\007\360"
 186      6AA50CF0 
 186      6AA508F0 
 186      6AA507F0 
 187 085d 6AA504F0 		.ascii	"j\245\004\360j\245\003\360j\245\003\360j\245\000\360"
 187      6AA503F0 
 187      6AA503F0 
 187      6AA500F0 
 188 086d 6AA500FF 		.ascii	"j\245\000\377\377\377\000\377\377\377\000\377\377\377"
 188      FFFF00FF 
 188      FFFF00FF 
 188      FFFF
 189 087b 00FFFFFF 		.ascii	"\000\377\377\377\000\377\377\377\000\360j\245\000\360"
 189      00FFFFFF 
 189      00F06AA5 
 189      00F0
 190 0889 6AA500F0 		.ascii	"j\245\000\360j\245\003\360j\245\003\360j\245\004\360"
 190      6AA503F0 
 190      6AA503F0 
 190      6AA504F0 
 191 0899 6AA507F0 		.ascii	"j\245\007\360j\245\013\367\233U|\370\233T\377\370\231"
 191      6AA50BF7 
 191      9B557CF8 
 191      9B54FFF8 
 191      99
 192 08aa 58FFF796 		.ascii	"X\377\367\226]\377\367\223a\377\366\217f\377\366\214"
 192      5DFFF793 
 192      61FFF68F 
 192      66FFF68C 
 193 08ba 6CFFF689 		.ascii	"l\377\366\211q\377\365\205v\377\365\202|\377\364}\203"
 193      71FFF585 
 193      76FFF582 
 193      7CFFF47D 
 193      83
 194 08cb CBF06CA2 		.ascii	"\313\360l\242(\360j\245 \360j\245\034\360j\245\030\360"
 194      28F06AA5 
 194      20F06AA5 
 194      1CF06AA5 
 194      18F0
 195 08dd 6AA513F0 		.ascii	"j\245\023\360j\245\017\360j\245\013\360j\245\010\360"
 195      6AA50FF0 
 195      6AA50BF0 
 195      6AA508F0 
 196 08ed 6AA507F0 		.ascii	"j\245\007\360j\245\003\360j\245\003\360j\245\000\360"
 196      6AA503F0 
 196      6AA503F0 
 196      6AA500F0 
 197 08fd 6AA500FF 		.ascii	"j\245\000\377\377\377\000\377\377\377\000\377\377\377"
 197      FFFF00FF 
 197      FFFF00FF 
 197      FFFF
 198 090b 00FFFFFF 		.ascii	"\000\377\377\377\000\377\377\377\000\360j\245\000\360"
ARM GAS  C:\Users\OSD\AppData\Local\Temp\cc2jCVnm.s 			page 13


 198      00FFFFFF 
 198      00F06AA5 
 198      00F0
 199 0919 6AA500F0 		.ascii	"j\245\000\360j\245\003\360j\245\004\360j\245\007\360"
 199      6AA503F0 
 199      6AA504F0 
 199      6AA507F0 
 200 0929 6AA508F6 		.ascii	"j\245\010\366\217i(\370\233T\367\370\231X\377\367\226"
 200      8F6928F8 
 200      9B54F7F8 
 200      9958FFF7 
 200      96
 201 093a 5CFFF793 		.ascii	"\\\377\367\223a\377\366\220f\377\366\221q\377\366\211"
 201      61FFF690 
 201      66FFF691 
 201      71FFF689 
 202 094a 70FFF585 		.ascii	"p\377\365\205v\377\365\202{\377\364~\201\377\364{\206"
 202      76FFF582 
 202      7BFFF47E 
 202      81FFF47B 
 202      86
 203 095b FFF27490 		.ascii	"\377\362t\220\203\360j\245(\360j\245$\360j\245\037\360"
 203      83F06AA5 
 203      28F06AA5 
 203      24F06AA5 
 203      1FF0
 204 096d 6AA518F0 		.ascii	"j\245\030\360j\245\023\360j\245\017\360j\245\013\360"
 204      6AA513F0 
 204      6AA50FF0 
 204      6AA50BF0 
 205 097d 6AA507F0 		.ascii	"j\245\007\360j\245\004\360j\245\003\360j\245\000\360"
 205      6AA504F0 
 205      6AA503F0 
 205      6AA500F0 
 206 098d 6AA500FF 		.ascii	"j\245\000\377\377\377\000\377\377\377\000\377\377\377"
 206      FFFF00FF 
 206      FFFF00FF 
 206      FFFF
 207 099b 00FFFFFF 		.ascii	"\000\377\377\377\000\377\377\377\000\360j\245\000\360"
 207      00FFFFFF 
 207      00F06AA5 
 207      00F0
 208 09a9 6AA500F0 		.ascii	"j\245\000\360j\245\003\360j\245\004\360j\245\007\360"
 208      6AA503F0 
 208      6AA504F0 
 208      6AA507F0 
 209 09b9 6AA50BF7 		.ascii	"j\245\013\367\230Z\200\370\231X\377\367\226\\\377\367"
 209      985A80F8 
 209      9958FFF7 
 209      965CFFF7 
 210 09c9 9361FFF7 		.ascii	"\223a\377\367\230q\377\374\337\326\377\377\377\376\377"
 210      9871FFFC 
 210      DFD6FFFF 
 210      FFFEFF
 211 09d8 FEF4F3FF 		.ascii	"\376\364\363\377\371\257\253\377\364\177\200\377\364"
 211      F9AFABFF 
 211      F47F80FF 
ARM GAS  C:\Users\OSD\AppData\Local\Temp\cc2jCVnm.s 			page 14


 211      F4
 212 09e5 7B86FFF3 		.ascii	"{\206\377\363x\213\377\363s\221\323\360j\2450\360j\245"
 212      788BFFF3 
 212      7391D3F0 
 212      6AA530F0 
 212      6AA5
 213 09f7 2BF06AA5 		.ascii	"+\360j\245$\360j\245\034\360j\245\027\360j\245\020\360"
 213      24F06AA5 
 213      1CF06AA5 
 213      17F06AA5 
 213      10F0
 214 0a09 6AA50CF0 		.ascii	"j\245\014\360j\245\010\360j\245\004\360j\245\003\360"
 214      6AA508F0 
 214      6AA504F0 
 214      6AA503F0 
 215 0a19 6AA500F0 		.ascii	"j\245\000\360j\245\000\377\377\377\000\377\377\377\000"
 215      6AA500FF 
 215      FFFF00FF 
 215      FFFF00
 216 0a28 FFFFFF00 		.ascii	"\377\377\377\000\377\377\377\000\377\377\377\000\360"
 216      FFFFFF00 
 216      FFFFFF00 
 216      F0
 217 0a35 6AA500F0 		.ascii	"j\245\000\360j\245\000\360j\245\003\360j\245\004\360"
 217      6AA500F0 
 217      6AA503F0 
 217      6AA504F0 
 218 0a45 6AA508F0 		.ascii	"j\245\010\360j\245\014\370\230Y\270\367\226\\\377\367"
 218      6AA50CF8 
 218      9859B8F7 
 218      965CFFF7 
 219 0a55 9360FFF7 		.ascii	"\223`\377\367\220e\377\373\322\304\377\377\377\377\377"
 219      9065FFFB 
 219      D2C4FFFF 
 219      FFFFFF
 220 0a64 FFFFFFFF 		.ascii	"\377\377\377\377\377\377\377\377\377\375\375\377\365"
 220      FFFFFFFF 
 220      FFFDFDFF 
 220      F5
 221 0a71 8D95FFF3 		.ascii	"\215\225\377\363x\212\377\363u\220\377\362q\225\374"
 221      788AFFF3 
 221      7590FFF2 
 221      7195FC
 222 0a80 F06AA43B 		.ascii	"\360j\244;\360j\2450\360j\245(\360j\245 \360j\245\033"
 222      F06AA530 
 222      F06AA528 
 222      F06AA520 
 222      F06AA51B 
 223 0a94 F06AA514 		.ascii	"\360j\245\024\360j\245\017\360j\245\013\360j\245\007"
 223      F06AA50F 
 223      F06AA50B 
 223      F06AA507 
 224 0aa4 F06AA504 		.ascii	"\360j\245\004\360j\245\003\360j\245\000\377\377\377"
 224      F06AA503 
 224      F06AA500 
 224      FFFFFF
 225 0ab3 00FFFFFF 		.ascii	"\000\377\377\377\000\377\377\377\000\377\377\377\000"
ARM GAS  C:\Users\OSD\AppData\Local\Temp\cc2jCVnm.s 			page 15


 225      00FFFFFF 
 225      00FFFFFF 
 225      00
 226 0ac0 FFFFFF00 		.ascii	"\377\377\377\000\360j\245\000\360j\245\000\360j\245"
 226      F06AA500 
 226      F06AA500 
 226      F06AA5
 227 0acf 03F06AA5 		.ascii	"\003\360j\245\007\360j\245\013\360j\245\017\367\226"
 227      07F06AA5 
 227      0BF06AA5 
 227      0FF796
 228 0ade 5DC3F794 		.ascii	"]\303\367\224`\377\367\220e\377\366\215j\377\375\352"
 228      60FFF790 
 228      65FFF68D 
 228      6AFFFDEA 
 229 0aee E5FFFFFF 		.ascii	"\345\377\377\377\377\377\377\377\377\377\377\377\377"
 229      FFFFFFFF 
 229      FFFFFFFF 
 229      FF
 230 0afb FFFFFFFF 		.ascii	"\377\377\377\377\377\367\244\261\377\363u\217\377\362"
 230      FFF7A4B1 
 230      FFF3758F 
 230      FFF2
 231 0b09 7294FFF2 		.ascii	"r\224\377\362n\231\377\360j\244H\360j\2457\360j\245"
 231      6E99FFF0 
 231      6AA448F0 
 231      6AA537F0 
 231      6AA5
 232 0b1b 2FF06AA5 		.ascii	"/\360j\245$\360j\245\034\360j\245\027\360j\245\020\360"
 232      24F06AA5 
 232      1CF06AA5 
 232      17F06AA5 
 232      10F0
 233 0b2d 6AA50BF0 		.ascii	"j\245\013\360j\245\007\360j\245\004\360j\245\003\360"
 233      6AA507F0 
 233      6AA504F0 
 233      6AA503F0 
 234 0b3d 6AA500FF 		.ascii	"j\245\000\377\377\377\000\377\377\377\000\377\377\377"
 234      FFFF00FF 
 234      FFFF00FF 
 234      FFFF
 235 0b4b 00FFFFFF 		.ascii	"\000\377\377\377\000\377\377\377\000\360j\245\000\360"
 235      00FFFFFF 
 235      00F06AA5 
 235      00F0
 236 0b59 6AA503F0 		.ascii	"j\245\003\360j\245\004\360j\245\007\360j\245\013\360"
 236      6AA504F0 
 236      6AA507F0 
 236      6AA50BF0 
 237 0b69 6AA50FF7 		.ascii	"j\245\017\367\222c\250\367\221d\377\366\215j\377\366"
 237      9263A8F7 
 237      9164FFF6 
 237      8D6AFFF6 
 238 0b79 8A6FFFFB 		.ascii	"\212o\377\373\320\310\377\377\377\377\377\377\377\377"
 238      D0C8FFFF 
 238      FFFFFFFF 
 238      FFFF
ARM GAS  C:\Users\OSD\AppData\Local\Temp\cc2jCVnm.s 			page 16


 239 0b87 FFFFFFFF 		.ascii	"\377\377\377\377\377\377\374\375\377\365\210\237\377"
 239      FFFFFCFD 
 239      FFF5889F 
 239      FF
 240 0b94 F27294FF 		.ascii	"\362r\224\377\362o\231\377\362l\236\364\360j\245C\360"
 240      F26F99FF 
 240      F26C9EF4 
 240      F06AA543 
 240      F0
 241 0ba5 6AA53BF0 		.ascii	"j\245;\360j\2450\360j\245(\360j\245\037\360j\245\030"
 241      6AA530F0 
 241      6AA528F0 
 241      6AA51FF0 
 241      6AA518
 242 0bb8 F06AA510 		.ascii	"\360j\245\020\360j\245\014\360j\245\010\360j\245\004"
 242      F06AA50C 
 242      F06AA508 
 242      F06AA504 
 243 0bc8 F06AA503 		.ascii	"\360j\245\003\360j\245\000\377\377\377\000\377\377\377"
 243      F06AA500 
 243      FFFFFF00 
 243      FFFFFF
 244 0bd7 00FFFFFF 		.ascii	"\000\377\377\377\000\377\377\377\000\377\377\377\000"
 244      00FFFFFF 
 244      00FFFFFF 
 244      00
 245 0be4 F06AA500 		.ascii	"\360j\245\000\360j\245\003\360j\245\004\360j\245\007"
 245      F06AA503 
 245      F06AA504 
 245      F06AA507 
 246 0bf4 F06AA50B 		.ascii	"\360j\245\013\360j\245\020\366\214mk\366\216i\377\366"
 246      F06AA510 
 246      F68C6D6B 
 246      F68E69FF 
 246      F6
 247 0c05 8A6EFFF5 		.ascii	"\212n\377\365\207t\377\366\214\203\377\374\336\336\377"
 247      8774FFF6 
 247      8C83FFFC 
 247      DEDEFF
 248 0c14 FFFFFFFF 		.ascii	"\377\377\377\377\376\370\371\377\370\251\271\377\363"
 248      FEF8F9FF 
 248      F8A9B9FF 
 248      F3
 249 0c21 7294FFF2 		.ascii	"r\224\377\362o\231\377\362l\235\377\361i\242\307\360"
 249      6F99FFF2 
 249      6C9DFFF1 
 249      69A2C7F0 
 250 0c31 6AA544F0 		.ascii	"j\245D\360j\245<\360j\2453\360j\245(\360j\245 \360j"
 250      6AA53CF0 
 250      6AA533F0 
 250      6AA528F0 
 250      6AA520F0 
 251 0c46 A518F06A 		.ascii	"\245\030\360j\245\023\360j\245\014\360j\245\010\360"
 251      A513F06A 
 251      A50CF06A 
 251      A508F0
 252 0c55 6AA504F0 		.ascii	"j\245\004\360j\245\003\360j\245\000\377\377\377\000"
ARM GAS  C:\Users\OSD\AppData\Local\Temp\cc2jCVnm.s 			page 17


 252      6AA503F0 
 252      6AA500FF 
 252      FFFF00
 253 0c64 FFFFFF00 		.ascii	"\377\377\377\000\377\377\377\000\377\377\377\000\377"
 253      FFFFFF00 
 253      FFFFFF00 
 253      FF
 254 0c71 FFFF00F0 		.ascii	"\377\377\000\360j\245\000\360j\245\003\360j\245\004"
 254      6AA500F0 
 254      6AA503F0 
 254      6AA504
 255 0c80 F06AA507 		.ascii	"\360j\245\007\360j\245\013\360j\245\020\361s\226\034"
 255      F06AA50B 
 255      F06AA510 
 255      F173961C 
 256 0c90 F68A6FE3 		.ascii	"\366\212o\343\365\207s\377\365\204y\377\364\200~\377"
 256      F58773FF 
 256      F58479FF 
 256      F4807EFF 
 257 0ca0 F47D84FF 		.ascii	"\364}\204\377\364\204\222\377\363x\217\377\363r\223"
 257      F48492FF 
 257      F3788FFF 
 257      F37293
 258 0caf FFF26F98 		.ascii	"\377\362o\230\377\362l\235\377\361i\241\377\361h\245"
 258      FFF26C9D 
 258      FFF169A1 
 258      FFF168A5 
 259 0cbf 77F06AA5 		.ascii	"w\360j\245G\360j\245<\360j\2453\360j\245+\360j\245 "
 259      47F06AA5 
 259      3CF06AA5 
 259      33F06AA5 
 259      2BF06AA5 
 260 0cd4 F06AA518 		.ascii	"\360j\245\030\360j\245\023\360j\245\014\360j\245\010"
 260      F06AA513 
 260      F06AA50C 
 260      F06AA508 
 261 0ce4 F06AA504 		.ascii	"\360j\245\004\360j\245\003\360j\245\000\377\377\377"
 261      F06AA503 
 261      F06AA500 
 261      FFFFFF
 262 0cf3 00FFFFFF 		.ascii	"\000\377\377\377\000\377\377\377\000\377\377\377\000"
 262      00FFFFFF 
 262      00FFFFFF 
 262      00
 263 0d00 FFFFFF00 		.ascii	"\377\377\377\000\360j\245\000\360j\245\003\360j\245"
 263      F06AA500 
 263      F06AA503 
 263      F06AA5
 264 0d0f 04F06AA5 		.ascii	"\004\360j\245\007\360j\245\013\360j\245\020\360j\245"
 264      07F06AA5 
 264      0BF06AA5 
 264      10F06AA5 
 265 0d1f 17F47F82 		.ascii	"\027\364\177\202O\365\204x\370\364\200~\377\364}\203"
 265      4FF58478 
 265      F8F4807E 
 265      FFF47D83 
 266 0d2f FFF37988 		.ascii	"\377\363y\210\377\363v\216\377\363s\223\377\362o\230"
ARM GAS  C:\Users\OSD\AppData\Local\Temp\cc2jCVnm.s 			page 18


 266      FFF3768E 
 266      FFF37393 
 266      FFF26F98 
 267 0d3f FFF26C9D 		.ascii	"\377\362l\235\377\361i\241\377\361h\245\253\360j\245"
 267      FFF169A1 
 267      FFF168A5 
 267      ABF06AA5 
 268 0d4f 4CF06AA5 		.ascii	"L\360j\245D\360j\245<\360j\2453\360j\245(\360j\245 "
 268      44F06AA5 
 268      3CF06AA5 
 268      33F06AA5 
 268      28F06AA5 
 269 0d64 F06AA518 		.ascii	"\360j\245\030\360j\245\023\360j\245\014\360j\245\010"
 269      F06AA513 
 269      F06AA50C 
 269      F06AA508 
 270 0d74 F06AA504 		.ascii	"\360j\245\004\360j\245\003\360j\245\000\377\377\377"
 270      F06AA503 
 270      F06AA500 
 270      FFFFFF
 271 0d83 00FFFFFF 		.ascii	"\000\377\377\377\000\377\377\377\000\377\377\377\000"
 271      00FFFFFF 
 271      00FFFFFF 
 271      00
 272 0d90 FFFFFF00 		.ascii	"\377\377\377\000\360j\245\000\360j\245\003\360j\245"
 272      F06AA500 
 272      F06AA503 
 272      F06AA5
 273 0d9f 03F06AA5 		.ascii	"\003\360j\245\007\360j\245\013\360j\245\017\360j\245"
 273      07F06AA5 
 273      0BF06AA5 
 273      0FF06AA5 
 274 0daf 14F06AA5 		.ascii	"\024\360j\245\034\363y\212T\364}\204\344\364z\210\377"
 274      1CF3798A 
 274      54F47D84 
 274      E4F47A88 
 274      FF
 275 0dc0 F3768DFF 		.ascii	"\363v\215\377\363s\222\377\362p\227\377\362m\234\377"
 275      F37392FF 
 275      F27097FF 
 275      F26D9CFF 
 276 0dd0 F16AA1FB 		.ascii	"\361j\241\373\361h\245\237\360j\245L\360j\245H\360j"
 276      F168A59F 
 276      F06AA54C 
 276      F06AA548 
 276      F06A
 277 0de2 A543F06A 		.ascii	"\245C\360j\2458\360j\2450\360j\245'\360j\245\037\360"
 277      A538F06A 
 277      A530F06A 
 277      A527F06A 
 277      A51FF0
 278 0df5 6AA517F0 		.ascii	"j\245\027\360j\245\020\360j\245\014\360j\245\007\360"
 278      6AA510F0 
 278      6AA50CF0 
 278      6AA507F0 
 279 0e05 6AA504F0 		.ascii	"j\245\004\360j\245\003\360j\245\000\377\377\377\000"
 279      6AA503F0 
ARM GAS  C:\Users\OSD\AppData\Local\Temp\cc2jCVnm.s 			page 19


 279      6AA500FF 
 279      FFFF00
 280 0e14 FFFFFF00 		.ascii	"\377\377\377\000\377\377\377\000\377\377\377\000\377"
 280      FFFFFF00 
 280      FFFFFF00 
 280      FF
 281 0e21 FFFF00F0 		.ascii	"\377\377\000\360j\245\000\360j\245\000\360j\245\003"
 281      6AA500F0 
 281      6AA500F0 
 281      6AA503
 282 0e30 F06AA507 		.ascii	"\360j\245\007\360j\245\010\360j\245\017\360j\245\023"
 282      F06AA508 
 282      F06AA50F 
 282      F06AA513 
 283 0e40 F06AA51B 		.ascii	"\360j\245\033\360j\245 \361m\2400\362s\223{\363r\224"
 283      F06AA520 
 283      F16DA030 
 283      F273937B 
 283      F37294
 284 0e53 B7F26F98 		.ascii	"\267\362o\230\313\362m\235\303\361j\241\240\360i\245"
 284      CBF26D9D 
 284      C3F16AA1 
 284      A0F069A5 
 285 0e63 5FF06AA5 		.ascii	"_\360j\245K\360j\245H\360j\245C\360j\245<\360j\2454"
 285      4BF06AA5 
 285      48F06AA5 
 285      43F06AA5 
 285      3CF06AA5 
 286 0e78 F06AA52C 		.ascii	"\360j\245,\360j\245$\360j\245\034\360j\245\024\360j"
 286      F06AA524 
 286      F06AA51C 
 286      F06AA514 
 286      F06A
 287 0e8a A510F06A 		.ascii	"\245\020\360j\245\013\360j\245\007\360j\245\004\360"
 287      A50BF06A 
 287      A507F06A 
 287      A504F0
 288 0e99 6AA503F0 		.ascii	"j\245\003\360j\245\000\377\377\377\000\377\377\377\000"
 288      6AA500FF 
 288      FFFF00FF 
 288      FFFF00
 289 0ea8 FFFFFF00 		.ascii	"\377\377\377\000\377\377\377\000\377\377\377\000\360"
 289      FFFFFF00 
 289      FFFFFF00 
 289      F0
 290 0eb5 6AA500F0 		.ascii	"j\245\000\360j\245\000\360j\245\003\360j\245\004\360"
 290      6AA500F0 
 290      6AA503F0 
 290      6AA504F0 
 291 0ec5 6AA508F0 		.ascii	"j\245\010\360j\245\014\360j\245\020\360j\245\027\360"
 291      6AA50CF0 
 291      6AA510F0 
 291      6AA517F0 
 292 0ed5 6AA51FF0 		.ascii	"j\245\037\360j\245$\360j\245,\360j\2454\360j\245;\360"
 292      6AA524F0 
 292      6AA52CF0 
 292      6AA534F0 
ARM GAS  C:\Users\OSD\AppData\Local\Temp\cc2jCVnm.s 			page 20


 292      6AA53BF0 
 293 0ee9 6AA53FF0 		.ascii	"j\245?\360j\245C\360j\245C\360j\245C\360j\245@\360j"
 293      6AA543F0 
 293      6AA543F0 
 293      6AA543F0 
 293      6AA540F0 
 294 0efe A53CF06A 		.ascii	"\245<\360j\2457\360j\245/\360j\245(\360j\245 \360j\245"
 294      A537F06A 
 294      A52FF06A 
 294      A528F06A 
 294      A520F06A 
 295 0f13 18F06AA5 		.ascii	"\030\360j\245\023\360j\245\017\360j\245\010\360j\245"
 295      13F06AA5 
 295      0FF06AA5 
 295      08F06AA5 
 296 0f23 07F06AA5 		.ascii	"\007\360j\245\003\360j\245\003\360j\245\000\377\377"
 296      03F06AA5 
 296      03F06AA5 
 296      00FFFF
 297 0f32 FF00FFFF 		.ascii	"\377\000\377\377\377\000\377\377\377\000\377\377\377"
 297      FF00FFFF 
 297      FF00FFFF 
 297      FF
 298 0f3f 00FFFFFF 		.ascii	"\000\377\377\377\000\360j\245\000\360j\245\000\360j"
 298      00F06AA5 
 298      00F06AA5 
 298      00F06A
 299 0f4e A503F06A 		.ascii	"\245\003\360j\245\004\360j\245\007\360j\245\013\360"
 299      A504F06A 
 299      A507F06A 
 299      A50BF0
 300 0f5d 6AA50FF0 		.ascii	"j\245\017\360j\245\024\360j\245\030\360j\245 \360j\245"
 300      6AA514F0 
 300      6AA518F0 
 300      6AA520F0 
 300      6AA5
 301 0f6f 27F06AA5 		.ascii	"'\360j\245,\360j\2453\360j\2457\360j\2458\360j\245;"
 301      2CF06AA5 
 301      33F06AA5 
 301      37F06AA5 
 301      38F06AA5 
 302 0f84 F06AA53B 		.ascii	"\360j\245;\360j\2457\360j\2454\360j\245/\360j\245(\360"
 302      F06AA537 
 302      F06AA534 
 302      F06AA52F 
 302      F06AA528 
 303 0f99 6AA523F0 		.ascii	"j\245#\360j\245\033"
 303      6AA51B
 304 0fa0 F06AA514 		.ascii	"\360j\245\024\360j\245\020\360j\245\014\360j\245\010"
 304      F06AA510 
 304      F06AA50C 
 304      F06AA508 
 305 0fb0 F06AA504 		.ascii	"\360j\245\004\360j\245\003\360j\245\000\360j\245\000"
 305      F06AA503 
 305      F06AA500 
 305      F06AA500 
 306 0fc0 FFFFFF00 		.ascii	"\377\377\377\000\377\377\377\000\377\377\377\000\377"
ARM GAS  C:\Users\OSD\AppData\Local\Temp\cc2jCVnm.s 			page 21


 306      FFFFFF00 
 306      FFFFFF00 
 306      FF
 307 0fcd FFFF00FF 		.ascii	"\377\377\000\377\377\377\000\360j\245\000\360j\245\000"
 307      FFFF00F0 
 307      6AA500F0 
 307      6AA500
 308 0fdc F06AA503 		.ascii	"\360j\245\003\360j\245\003\360j\245\007\360j\245\010"
 308      F06AA503 
 308      F06AA507 
 308      F06AA508 
 309 0fec F06AA50C 		.ascii	"\360j\245\014\360j\245\020\360j\245\024\360j\245\033"
 309      F06AA510 
 309      F06AA514 
 309      F06AA51B 
 310 0ffc F06AA520 		.ascii	"\360j\245 \360j\245$\360j\245+\360j\245,\360j\245/\360"
 310      F06AA524 
 310      F06AA52B 
 310      F06AA52C 
 310      F06AA52F 
 311 1011 6AA530F0 		.ascii	"j\2450\360j\2450\360j\245/\360j\245+\360j\245'\360j"
 311      6AA530F0 
 311      6AA52FF0 
 311      6AA52BF0 
 311      6AA527F0 
 312 1026 A523F06A 		.ascii	"\245#\360j\245\034\360j\245\027\360j\245\023\360j\245"
 312      A51CF06A 
 312      A517F06A 
 312      A513F06A 
 312      A5
 313 1037 0CF06AA5 		.ascii	"\014\360j\245\013\360j\245\007\360j\245\004\360j\245"
 313      0BF06AA5 
 313      07F06AA5 
 313      04F06AA5 
 314 1047 03F06AA5 		.ascii	"\003\360j\245\000\360j\245\000\377\377\377\000\377\377"
 314      00F06AA5 
 314      00FFFFFF 
 314      00FFFF
 315 1056 FF00FFFF 		.ascii	"\377\000\377\377\377\000\377\377\377\000\377\377\377"
 315      FF00FFFF 
 315      FF00FFFF 
 315      FF
 316 1063 00F06AA5 		.ascii	"\000\360j\245\000\360j\245\000\360j\245\003\360j\245"
 316      00F06AA5 
 316      00F06AA5 
 316      03F06AA5 
 317 1073 03F06AA5 		.ascii	"\003\360j\245\004\360j\245\007\360j\245\010\360j\245"
 317      04F06AA5 
 317      07F06AA5 
 317      08F06AA5 
 318 1083 0CF06AA5 		.ascii	"\014\360j\245\020\360j\245\024\360j\245\030\360j\245"
 318      10F06AA5 
 318      14F06AA5 
 318      18F06AA5 
 319 1093 1FF06AA5 		.ascii	"\037\360j\245 \360j\245$\360j\245'\360j\245'\360j\245"
 319      20F06AA5 
 319      24F06AA5 
ARM GAS  C:\Users\OSD\AppData\Local\Temp\cc2jCVnm.s 			page 22


 319      27F06AA5 
 319      27F06AA5 
 320 10a7 27F06AA5 		.ascii	"'\360j\245$\360j\245#\360j\245\037\360j\245\033\360"
 320      24F06AA5 
 320      23F06AA5 
 320      1FF06AA5 
 320      1BF0
 321 10b9 6AA517F0 		.ascii	"j\245\027\360j\245\023\360j\245\017\360j\245\013\360"
 321      6AA513F0 
 321      6AA50FF0 
 321      6AA50BF0 
 322 10c9 6AA508F0 		.ascii	"j\245\010\360j\245\004\360j\245\003\360j\245\003\360"
 322      6AA504F0 
 322      6AA503F0 
 322      6AA503F0 
 323 10d9 6AA500F0 		.ascii	"j\245\000\360j\245\000\377\377\377\000\377\377\377\000"
 323      6AA500FF 
 323      FFFF00FF 
 323      FFFF00
 324 10e8 FFFFFF00 		.ascii	"\377\377\377\000\377\377\377\000\377\377\377\000\360"
 324      FFFFFF00 
 324      FFFFFF00 
 324      F0
 325 10f5 6AA500F0 		.ascii	"j\245\000\360j\245\000\360j\245\000\360j\245\003\360"
 325      6AA500F0 
 325      6AA500F0 
 325      6AA503F0 
 326 1105 6AA503F0 		.ascii	"j\245\003\360j\245\004\360j\245\007\360j\245\013\360"
 326      6AA504F0 
 326      6AA507F0 
 326      6AA50BF0 
 327 1115 6AA50CF0 		.ascii	"j\245\014\360j\245\020\360j\245\024\360j\245\027\360"
 327      6AA510F0 
 327      6AA514F0 
 327      6AA517F0 
 328 1125 6AA51BF0 		.ascii	"j\245\033\360j\245\034\360j\245\037\360j\245\037\360"
 328      6AA51CF0 
 328      6AA51FF0 
 328      6AA51FF0 
 329 1135 6AA51FF0 		.ascii	"j\245\037\360j\245\034\360j\245\033\360j\245\030\360"
 329      6AA51CF0 
 329      6AA51BF0 
 329      6AA518F0 
 330 1145 6AA514F0 		.ascii	"j\245\024\360j\245\020\360j\245\017\360j\245\013\360"
 330      6AA510F0 
 330      6AA50FF0 
 330      6AA50BF0 
 331 1155 6AA508F0 		.ascii	"j\245\010\360j\245\007\360j\245\004\360j\245\003\360"
 331      6AA507F0 
 331      6AA504F0 
 331      6AA503F0 
 332 1165 6AA500F0 		.ascii	"j\245\000\360j\245\000\360j\245\000\377\377\377\000"
 332      6AA500F0 
 332      6AA500FF 
 332      FFFF00
 333 1174 FFFFFF00 		.ascii	"\377\377\377\000\377\377\377\000\377\377\377\000\377"
 333      FFFFFF00 
ARM GAS  C:\Users\OSD\AppData\Local\Temp\cc2jCVnm.s 			page 23


 333      FFFFFF00 
 333      FF
 334 1181 FFFF00F0 		.ascii	"\377\377\000\360j\245\000\360j\245\000\360j\245\000"
 334      6AA500F0 
 334      6AA500F0 
 334      6AA500
 335 1190 F06AA500 		.ascii	"\360j\245\000\360j\245\003\360j\245\004\360j\245\004"
 335      F06AA503 
 335      F06AA504 
 335      F06AA504 
 336 11a0 F06AA507 		.ascii	"\360j\245\007\360j\245\010\360j\245\014\360j\245\017"
 336      F06AA508 
 336      F06AA50C 
 336      F06AA50F 
 337 11b0 F06AA510 		.ascii	"\360j\245\020\360j\245\023\360j\245\024\360j\245\027"
 337      F06AA513 
 337      F06AA514 
 337      F06AA517 
 338 11c0 F06AA517 		.ascii	"\360j\245\027\360j\245\027\360j\245\024\360j\245\024"
 338      F06AA517 
 338      F06AA514 
 338      F06AA514 
 339 11d0 F06AA513 		.ascii	"\360j\245\023\360j\245\017\360j\245\014\360j\245\013"
 339      F06AA50F 
 339      F06AA50C 
 339      F06AA50B 
 340 11e0 F06AA508 		.ascii	"\360j\245\010\360j\245\007\360j\245\004\360j\245\003"
 340      F06AA507 
 340      F06AA504 
 340      F06AA503 
 341 11f0 F06AA503 		.ascii	"\360j\245\003\360j\245\000\360j\245\000\360j\245\000"
 341      F06AA500 
 341      F06AA500 
 341      F06AA500 
 342 1200 FFFFFF00 		.ascii	"\377\377\377\000\377\377\377\000\377\377\377\000\377"
 342      FFFFFF00 
 342      FFFFFF00 
 342      FF
 343 120d FFFF00FF 		.ascii	"\377\377\000\377\377\377\000\360j\245\000\360j\245\000"
 343      FFFF00F0 
 343      6AA500F0 
 343      6AA500
 344 121c F06AA500 		.ascii	"\360j\245\000\360j\245\000\360j\245\003\360j\245\003"
 344      F06AA500 
 344      F06AA503 
 344      F06AA503 
 345 122c F06AA504 		.ascii	"\360j\245\004\360j\245\004\360j\245\007\360j\245\010"
 345      F06AA504 
 345      F06AA507 
 345      F06AA508 
 346 123c F06AA50B 		.ascii	"\360j\245\013\360j\245\014\360j\245\017\360j\245\017"
 346      F06AA50C 
 346      F06AA50F 
 346      F06AA50F 
 347 124c F06AA510 		.ascii	"\360j\245\020\360j\245\020\360j\245\020\360j\245\017"
 347      F06AA510 
 347      F06AA510 
ARM GAS  C:\Users\OSD\AppData\Local\Temp\cc2jCVnm.s 			page 24


 347      F06AA50F 
 348 125c F06AA50F 		.ascii	"\360j\245\017\360j\245\014\360j\245\013\360j\245\010"
 348      F06AA50C 
 348      F06AA50B 
 348      F06AA508 
 349 126c F06AA507 		.ascii	"\360j\245\007\360j\245\007\360j\245\004\360j\245\003"
 349      F06AA507 
 349      F06AA504 
 349      F06AA503 
 350 127c F06AA503 		.ascii	"\360j\245\003\360j\245\000\360j\245\000\360j\245\000"
 350      F06AA500 
 350      F06AA500 
 350      F06AA500 
 351 128c F06AA500 		.ascii	"\360j\245\000\377\377\377\000\377\377\377\000\377\377"
 351      FFFFFF00 
 351      FFFFFF00 
 351      FFFF
 352 129a FF00FFFF 		.ascii	"\377\000\377\377\377\000\377\377\377\000\360j\245\000"
 352      FF00FFFF 
 352      FF00F06A 
 352      A500
 353 12a8 F06AA500 		.ascii	"\360j\245\000\360j\245\000\360j\245\000\360j\245\000"
 353      F06AA500 
 353      F06AA500 
 353      F06AA500 
 354 12b8 F06AA503 		.ascii	"\360j\245\003\360j\245\003\360j\245\003\360j\245\004"
 354      F06AA503 
 354      F06AA503 
 354      F06AA504 
 355 12c8 F06AA507 		.ascii	"\360j\245\007\360j\245\007\360j\245\010\360j\245\010"
 355      F06AA507 
 355      F06AA508 
 355      F06AA508 
 356 12d8 F06AA50B 		.ascii	"\360j\245\013\360j\245\013\360j\245\013\360j\245\013"
 356      F06AA50B 
 356      F06AA50B 
 356      F06AA50B 
 357 12e8 F06AA50B 		.ascii	"\360j\245\013\360j\245\013\360j\245\010\360j\245\007"
 357      F06AA50B 
 357      F06AA508 
 357      F06AA507 
 358 12f8 F06AA507 		.ascii	"\360j\245\007\360j\245\004\360j\245\004\360j\245\003"
 358      F06AA504 
 358      F06AA504 
 358      F06AA503 
 359 1308 F06AA503 		.ascii	"\360j\245\003\360j\245\000\360j\245\000\360j\245\000"
 359      F06AA500 
 359      F06AA500 
 359      F06AA500 
 360 1318 F06AA500 		.ascii	"\360j\245\000\360j\245\000\377\377\377\000\377\377\377"
 360      F06AA500 
 360      FFFFFF00 
 360      FFFFFF
 361 1327 00FFFFFF 		.ascii	"\000\377\377\377\000\377\377\377\000\377\377\377\000"
 361      00FFFFFF 
 361      00FFFFFF 
 361      00
ARM GAS  C:\Users\OSD\AppData\Local\Temp\cc2jCVnm.s 			page 25


 362 1334 F06AA500 		.ascii	"\360j\245\000\360j\245\000\360j\245\000\360j\245\000"
 362      F06AA500 
 362      F06AA500 
 362      F06AA500 
 363 1344 F06AA500 		.ascii	"\360j\245\000\360j\245\000\360j\245\000\360j\245\003"
 363      F06AA500 
 363      F06AA500 
 363      F06AA503 
 364 1354 F06AA503 		.ascii	"\360j\245\003\360j\245\003\360j\245\004\360j\245\004"
 364      F06AA503 
 364      F06AA504 
 364      F06AA504 
 365 1364 F06AA507 		.ascii	"\360j\245\007\360j\245\007\360j\245\007\360j\245\007"
 365      F06AA507 
 365      F06AA507 
 365      F06AA507 
 366 1374 F06AA507 		.ascii	"\360j\245\007\360j\245\007\360j\245\007\360j\245\004"
 366      F06AA507 
 366      F06AA507 
 366      F06AA504 
 367 1384 F06AA504 		.ascii	"\360j\245\004\360j\245\004\360j\245\003\360j\245\003"
 367      F06AA504 
 367      F06AA503 
 367      F06AA503 
 368 1394 F06AA503 		.ascii	"\360j\245\003\360j\245\000\360j\245\000\360j\245\000"
 368      F06AA500 
 368      F06AA500 
 368      F06AA500 
 369 13a4 F06AA500 		.ascii	"\360j\245\000\360j\245\000\360j\245\000\377\377\377"
 369      F06AA500 
 369      F06AA500 
 369      FFFFFF
 370 13b3 00FFFFFF 		.ascii	"\000\377\377\377\000\377\377\377\000\377\377\377\000"
 370      00FFFFFF 
 370      00FFFFFF 
 370      00
 371 13c0 FFFFFF00 		.ascii	"\377\377\377\000\360j\245\000\360j\245\000\360j\245"
 371      F06AA500 
 371      F06AA500 
 371      F06AA5
 372 13cf 00F06AA5 		.ascii	"\000\360j\245\000\360j\245\000\360j\245\000\360j\245"
 372      00F06AA5 
 372      00F06AA5 
 372      00F06AA5 
 373 13df 00F06AA5 		.ascii	"\000\360j\245\000\360j\245\003\360j\245\003\360j\245"
 373      00F06AA5 
 373      03F06AA5 
 373      03F06AA5 
 374 13ef 03F06AA5 		.ascii	"\003\360j\245\003\360j\245\003\360j\245\003\360j\245"
 374      03F06AA5 
 374      03F06AA5 
 374      03F06AA5 
 375 13ff 04F06AA5 		.ascii	"\004\360j\245\004\360j\245\004\360j\245\004\360j\245"
 375      04F06AA5 
 375      04F06AA5 
 375      04F06AA5 
 376 140f 03F06AA5 		.ascii	"\003\360j\245\003\360j\245\003\360j\245\003\360j\245"
ARM GAS  C:\Users\OSD\AppData\Local\Temp\cc2jCVnm.s 			page 26


 376      03F06AA5 
 376      03F06AA5 
 376      03F06AA5 
 377 141f 03F06AA5 		.ascii	"\003\360j\245\000\360j\245\000\360j\245\000\360j\245"
 377      00F06AA5 
 377      00F06AA5 
 377      00F06AA5 
 378 142f 00F06AA5 		.ascii	"\000\360j\245\000\360j\245\000\360j\245\000\360j\245"
 378      00F06AA5 
 378      00F06AA5 
 378      00F06AA5 
 379 143f 00FFFFFF 		.ascii	"\000\377\377\377\000\377\377\377\000\377\377\377\000"
 379      00FFFFFF 
 379      00FFFFFF 
 379      00
 380 144c FFFFFF00 		.ascii	"\377\377\377\000\377\377\377\000\360j\245\000\360j\245"
 380      FFFFFF00 
 380      F06AA500 
 380      F06AA5
 381 145b 00F06AA5 		.ascii	"\000\360j\245\000\360j\245\000\360j\245\000\360j\245"
 381      00F06AA5 
 381      00F06AA5 
 381      00F06AA5 
 382 146b 00F06AA5 		.ascii	"\000\360j\245\000\360j\245\000\360j\245\000\360j\245"
 382      00F06AA5 
 382      00F06AA5 
 382      00F06AA5 
 383 147b 00F06AA5 		.ascii	"\000\360j\245\000\360j\245\000\360j\245\000\360j\245"
 383      00F06AA5 
 383      00F06AA5 
 383      00F06AA5 
 384 148b 03F06AA5 		.ascii	"\003\360j\245\003\360j\245\003\360j\245\003\360j\245"
 384      03F06AA5 
 384      03F06AA5 
 384      03F06AA5 
 385 149b 03F06AA5 		.ascii	"\003\360j\245\000\360j\245\000\360j\245\000\360j\245"
 385      00F06AA5 
 385      00F06AA5 
 385      00F06AA5 
 386 14ab 00F06AA5 		.ascii	"\000\360j\245\000\360j\245\000\360j\245\000\360j\245"
 386      00F06AA5 
 386      00F06AA5 
 386      00F06AA5 
 387 14bb 00F06AA5 		.ascii	"\000\360j\245\000\360j\245\000\360j\245\000\360j\245"
 387      00F06AA5 
 387      00F06AA5 
 387      00F06AA5 
 388 14cb 00F06AA5 		.ascii	"\000\360j\245\000\377\377\377\000\377\377\377\000\377"
 388      00FFFFFF 
 388      00FFFFFF 
 388      00FF
 389 14d9 FFFF00FF 		.ascii	"\377\377\000\377\377\377\000\377\377\377\000\360j\245"
 389      FFFF00FF 
 389      FFFF00F0 
 389      6AA5
 390 14e7 00F06AA5 		.ascii	"\000\360j\245\000\360j\245\000\360j\245\000\360j\245"
 390      00F06AA5 
ARM GAS  C:\Users\OSD\AppData\Local\Temp\cc2jCVnm.s 			page 27


 390      00F06AA5 
 390      00F06AA5 
 391 14f7 00F06AA5 		.ascii	"\000\360j\245\000\360j\245\000\360j\245\000\360j\245"
 391      00F06AA5 
 391      00F06AA5 
 391      00F06AA5 
 392 1507 00F06AA5 		.ascii	"\000\360j\245\000\360j\245\000\360j\245\000\360j\245"
 392      00F06AA5 
 392      00F06AA5 
 392      00F06AA5 
 393 1517 00F06AA5 		.ascii	"\000\360j\245\000\360j\245\000\360j\245\000\360j\245"
 393      00F06AA5 
 393      00F06AA5 
 393      00F06AA5 
 394 1527 00F06AA5 		.ascii	"\000\360j\245\000\360j\245\000\360j\245\000\360j\245"
 394      00F06AA5 
 394      00F06AA5 
 394      00F06AA5 
 395 1537 00F06AA5 		.ascii	"\000\360j\245\000\360j\245\000\360j\245\000\360j\245"
 395      00F06AA5 
 395      00F06AA5 
 395      00F06AA5 
 396 1547 00F06AA5 		.ascii	"\000\360j\245\000\360j\245\000\360j\245\000\360j\245"
 396      00F06AA5 
 396      00F06AA5 
 396      00F06AA5 
 397 1557 00F06AA5 		.ascii	"\000\360j\245\000\360j\245\000"
 397      00F06AA5 
 397      00
 398              		.text
 399              	.Letext0:
 400              		.file 1 "c:\\tools\\gcc-arm-none-eabi\\arm-none-eabi\\include\\machine\\_default_types.h"
 401              		.file 2 "c:\\tools\\gcc-arm-none-eabi\\arm-none-eabi\\include\\sys\\_stdint.h"
 402              		.file 3 "d:\\kzc\\stm32\\h743ii_lcd\\lvgl\\src\\draw\\lv_img_buf.h"
 403              		.file 4 "d:\\kzc\\stm32\\h743ii_lcd\\lvgl\\src/core/lv_obj.h"
 404              		.file 5 "d:\\kzc\\stm32\\h743ii_lcd\\lvgl\\src/widgets/lv_bar.h"
 405              		.file 6 "d:\\kzc\\stm32\\h743ii_lcd\\lvgl\\src/extra/widgets/imgbtn/lv_imgbtn.h"
 406              		.file 7 "lvgl/demos/music/assets/img_lv_demo_music_slider_knob.c"
ARM GAS  C:\Users\OSD\AppData\Local\Temp\cc2jCVnm.s 			page 28


DEFINED SYMBOLS
                            *ABS*:00000000 img_lv_demo_music_slider_knob.c
C:\Users\OSD\AppData\Local\Temp\cc2jCVnm.s:24     .data.img_lv_demo_music_slider_knob:00000000 img_lv_demo_music_slider_knob
C:\Users\OSD\AppData\Local\Temp\cc2jCVnm.s:35     .rodata.img_lv_demo_music_slider_knob_map:00000000 img_lv_demo_music_slider_knob_map
C:\Users\OSD\AppData\Local\Temp\cc2jCVnm.s:21     .data.img_lv_demo_music_slider_knob:00000000 $d
C:\Users\OSD\AppData\Local\Temp\cc2jCVnm.s:32     .rodata.img_lv_demo_music_slider_knob_map:00000000 $d

NO UNDEFINED SYMBOLS
