ARM GAS  C:\Users\OSD\AppData\Local\Temp\ccpEP9mX.s 			page 1


   1              		.cpu cortex-m7
   2              		.arch armv7e-m
   3              		.fpu fpv5-d16
   4              		.eabi_attribute 28, 1
   5              		.eabi_attribute 20, 1
   6              		.eabi_attribute 21, 1
   7              		.eabi_attribute 23, 3
   8              		.eabi_attribute 24, 1
   9              		.eabi_attribute 25, 1
  10              		.eabi_attribute 26, 1
  11              		.eabi_attribute 30, 1
  12              		.eabi_attribute 34, 1
  13              		.eabi_attribute 18, 4
  14              		.file	"img_lv_demo_music_icon_4.c"
  15              		.text
  16              	.Ltext0:
  17              		.cfi_sections	.debug_frame
  18              		.global	img_lv_demo_music_icon_4
  19              		.global	img_lv_demo_music_icon_4_map
  20              		.section	.data.img_lv_demo_music_icon_4,"aw"
  21              		.align	2
  24              	img_lv_demo_music_icon_4:
  25 0000 04       		.byte	4
  26 0001 60       		.byte	96
  27 0002 00       		.byte	0
  28 0003 03       		.byte	3
  29 0004 00090000 		.word	2304
  30 0008 00000000 		.word	img_lv_demo_music_icon_4_map
  31              		.section	.rodata.img_lv_demo_music_icon_4_map,"a"
  32              		.align	2
  35              	img_lv_demo_music_icon_4_map:
  36 0000 FFFFFFFF 		.ascii	"\377\377\377\377\377\377\377\377\377\377\377\377\377"
  36      FFFFFFFF 
  36      FFFFFFFF 
  36      FF
  37 000d FFFFFFFF 		.ascii	"\377\377\377\377\377\377\377\377\377\377\377\377\377"
  37      FFFFFFFF 
  37      FFFFFFFF 
  37      FF
  38 001a FFFFFFFF 		.ascii	"\377\377\377\377\377\377\377\377\377\377\377\377\377"
  38      FFFFFFFF 
  38      FFFFFFFF 
  38      FF
  39 0027 FFFFFFFF 		.ascii	"\377\377\377\377\377\377\377\377\377\377\377\377\377"
  39      FFFFFFFF 
  39      FFFFFFFF 
  39      FF
  40 0034 FFFFFFFF 		.ascii	"\377\377\377\377\377\377\377\377\377\377\377\377\377"
  40      FFFFFFFF 
  40      FFFFFFFF 
  40      FF
  41 0041 FFFFFFFF 		.ascii	"\377\377\377\377\377\377\377\377\377\377\377\377\377"
  41      FFFFFFFF 
  41      FFFFFFFF 
  41      FF
  42 004e FFFFFFFF 		.ascii	"\377\377\377\377\377\377\377\377\377\377\377\377\377"
  42      FFFFFFFF 
ARM GAS  C:\Users\OSD\AppData\Local\Temp\ccpEP9mX.s 			page 2


  42      FFFFFFFF 
  42      FF
  43 005b FFFFFFFF 		.ascii	"\377\377\377\377\377\377\377\377\377\377\377\377\377"
  43      FFFFFFFF 
  43      FFFFFFFF 
  43      FF
  44 0068 FFFFFFFF 		.ascii	"\377\377\377\377\377\377\377\377\377\377\377\377\377"
  44      FFFFFFFF 
  44      FFFFFFFF 
  44      FF
  45 0075 FFFFFFFF 		.ascii	"\377\377\377\377\377\377\377\377\377\377\377\377\377"
  45      FFFFFFFF 
  45      FFFFFFFF 
  45      FF
  46 0082 FFFFFFFF 		.ascii	"\377\377\377\377\377\377\377\377\377\377\377\377\377"
  46      FFFFFFFF 
  46      FFFFFFFF 
  46      FF
  47 008f FFFFFFFF 		.ascii	"\377\377\377\377\377\377\377\377\377\377\377\377\377"
  47      FFFFFFFF 
  47      FFFFFFFF 
  47      FF
  48 009c FFFFFFFF 		.ascii	"\377\377\377\377\377\377\377\377\377\377\377\377\377"
  48      FFFFFFFF 
  48      FFFFFFFF 
  48      FF
  49 00a9 FFFFFFFF 		.ascii	"\377\377\377\377\377\377\377\377\377\377\377\377\377"
  49      FFFFFFFF 
  49      FFFFFFFF 
  49      FF
  50 00b6 FFFFFFFF 		.ascii	"\377\377\377\377\377\377\377\377\377\377\377\377\377"
  50      FFFFFFFF 
  50      FFFFFFFF 
  50      FF
  51 00c3 FFFFFFFF 		.ascii	"\377\377\377\377\377\377\377\377\377\377\377\377\377"
  51      FFFFFFFF 
  51      FFFFFFFF 
  51      FF
  52 00d0 FFFFFFFF 		.ascii	"\377\377\377\377\377\377\377\377\377\377\377\377\377"
  52      FFFFFFFF 
  52      FFFFFFFF 
  52      FF
  53 00dd FFFFFFFF 		.ascii	"\377\377\377\377\377\377\377\377\377\377\377\377\377"
  53      FFFFFFFF 
  53      FFFFFFFF 
  53      FF
  54 00ea FFFFFFFF 		.ascii	"\377\377\377\377\377\377\377\377\377\377\377\377\377"
  54      FFFFFFFF 
  54      FFFFFFFF 
  54      FF
  55 00f7 FFFFFFFF 		.ascii	"\377\377\377\377\377\377\377\377\377\377\377\377\377"
  55      FFFFFFFF 
  55      FFFFFFFF 
  55      FF
  56 0104 FFFFFFFF 		.ascii	"\377\377\377\377\377\377\377\377\377\377\377\377\377"
  56      FFFFFFFF 
  56      FFFFFFFF 
ARM GAS  C:\Users\OSD\AppData\Local\Temp\ccpEP9mX.s 			page 3


  56      FF
  57 0111 FFFFFFFF 		.ascii	"\377\377\377\377\377\377\377\377\377\377\377\377\377"
  57      FFFFFFFF 
  57      FFFFFFFF 
  57      FF
  58 011e FFFFFFFF 		.ascii	"\377\377\377\377\377\377\377\377\377\377\377\377\377"
  58      FFFFFFFF 
  58      FFFFFFFF 
  58      FF
  59 012b FFFFFFFF 		.ascii	"\377\377\377\377\377\377\377\377\377\377\377\377\377"
  59      FFFFFFFF 
  59      FFFFFFFF 
  59      FF
  60 0138 FFFFFFFF 		.ascii	"\377\377\377\377\362\357\361\377\243\223\233\377Z=K"
  60      F2EFF1FF 
  60      A3939BFF 
  60      5A3D4B
  61 0147 FF391627 		.ascii	"\3779\026'\3775\021#\3775\021#\3776\023%\377L-<\377"
  61      FF351123 
  61      FF351123 
  61      FF361325 
  61      FF4C2D3C 
  62 015c 89757FFF 		.ascii	"\211u\177\377\340\333\335\377\377\377\377\377\377\377"
  62      E0DBDDFF 
  62      FFFFFFFF 
  62      FFFF
  63 016a FFFFFFFF 		.ascii	"\377\377\377\377\377\377\377\377\377\377\377\377\377"
  63      FFFFFFFF 
  63      FFFFFFFF 
  63      FF
  64 0177 FFFFFFFF 		.ascii	"\377\377\377\377\377\377\377\377\377\377\377\377\377"
  64      FFFFFFFF 
  64      FFFFFFFF 
  64      FF
  65 0184 FFFFFFFF 		.ascii	"\377\377\377\377\377\377\377\377\377\377\377\377\377"
  65      FFFFFFFF 
  65      FFFFFFFF 
  65      FF
  66 0191 FFFFFFFF 		.ascii	"\377\377\377\377\377\377\377\303\271\276\377G'7\377"
  66      FFFFFFC3 
  66      B9BEFF47 
  66      2737FF
  67 01a0 391627FF 		.ascii	"9\026'\377}fr\377\267\252\261\377\326\317\323\377\334"
  67      7D6672FF 
  67      B7AAB1FF 
  67      D6CFD3FF 
  67      DC
  68 01b1 D6D9FFC3 		.ascii	"\326\331\377\303\271\276\377\224\202\213\377L-<\377"
  68      B9BEFF94 
  68      828BFF4C 
  68      2D3CFF
  69 01c0 341022FF 		.ascii	"4\020\"\377\227\205\217\377\377\377\377\377\377\377"
  69      97858FFF 
  69      FFFFFFFF 
  69      FFFF
  70 01ce FFFFFFFF 		.ascii	"\377\377\377\377\377\377\377\377\377\377\377\377\377"
  70      FFFFFFFF 
ARM GAS  C:\Users\OSD\AppData\Local\Temp\ccpEP9mX.s 			page 4


  70      FFFFFFFF 
  70      FF
  71 01db FFFFFFFF 		.ascii	"\377\377\377\377\377\377\377\377\377\377\377\377\377"
  71      FFFFFFFF 
  71      FFFFFFFF 
  71      FF
  72 01e8 FFFFFFFF 		.ascii	"\377\377\377\377\377\377\377\377\377\377\377\377\255"
  72      FFFFFFFF 
  72      FFFFFFFF 
  72      AD
  73 01f5 9FA6FF32 		.ascii	"\237\246\3772\016 \377zcn\377\350\344\346\377\377\377"
  73      0E20FF7A 
  73      636EFFE8 
  73      E4E6FFFF 
  73      FF
  74 0206 FFFFFFFF 		.ascii	"\377\377\377\377\377\377\377\377\377\377\377\377\377"
  74      FFFFFFFF 
  74      FFFFFFFF 
  74      FF
  75 0213 FFFFFFFF 		.ascii	"\377\377\377\377\377\377\377\377\377\367\366\367\377"
  75      FFFFFFFF 
  75      FFF7F6F7 
  75      FF
  76 0220 A3949CFF 		.ascii	"\243\224\234\3772\016 \377zcn\377\373\373\373\377\377"
  76      320E20FF 
  76      7A636EFF 
  76      FBFBFBFF 
  76      FF
  77 0231 FFFFFFFF 		.ascii	"\377\377\377\377\377\377\377\377\377\377\377\377\377"
  77      FFFFFFFF 
  77      FFFFFFFF 
  77      FF
  78 023e FFFFFFFF 		.ascii	"\377\377\377\377\377\377\377\377\377\377\377\377\377"
  78      FFFFFFFF 
  78      FFFFFFFF 
  78      FF
  79 024b FFFFFFFF 		.ascii	"\377\377\377\377\377\305\274\300\3772\016 \377\230\206"
  79      FFC5BCC0 
  79      FF320E20 
  79      FF9886
  80 025a 8FFFFFFF 		.ascii	"\217\377\377\377\377\377\377\377\377\377\377\377\377"
  80      FFFFFFFF 
  80      FFFFFFFF 
  80      FF
  81 0267 FFFFFFFF 		.ascii	"\377\377\377\377\377\377\377\377\377\377\377\377\377"
  81      FFFFFFFF 
  81      FFFFFFFF 
  81      FF
  82 0274 FFFFFFFF 		.ascii	"\377\377\377\377\377\377\377\377\377\377\377\377\377"
  82      FFFFFFFF 
  82      FFFFFFFF 
  82      FF
  83 0281 FFFFFFC8 		.ascii	"\377\377\377\310\276\303\3772\016 \377\212v\201\377"
  83      BEC3FF32 
  83      0E20FF8A 
  83      7681FF
  84 0290 FFFFFFFF 		.ascii	"\377\377\377\377\377\377\377\377\377\377\377\377\377"
ARM GAS  C:\Users\OSD\AppData\Local\Temp\ccpEP9mX.s 			page 5


  84      FFFFFFFF 
  84      FFFFFFFF 
  84      FF
  85 029d FFFFFFFF 		.ascii	"\377\377\377\377\377\377\377\377\377\377\377\377\377"
  85      FFFFFFFF 
  85      FFFFFFFF 
  85      FF
  86 02aa FFFFF4F2 		.ascii	"\377\377\364\362\363\377E$4\377u^j\377\377\377\377\377"
  86      F3FF4524 
  86      34FF755E 
  86      6AFFFFFF 
  86      FFFF
  87 02bc FFFFFFFF 		.ascii	"\377\377\377\377\377\377\377\377\377\377\377\377\377"
  87      FFFFFFFF 
  87      FFFFFFFF 
  87      FF
  88 02c9 FFFFFFFF 		.ascii	"\377\377\377\377\377\377\377\377\377\377\377\377\377"
  88      FFFFFFFF 
  88      FFFFFFFF 
  88      FF
  89 02d6 FFFFFFFF 		.ascii	"\377\377\377\377\377\377\377\377\377\377\377\377\377"
  89      FFFFFFFF 
  89      FFFFFFFF 
  89      FF
  90 02e3 FFFFFFFF 		.ascii	"\377\377\377\377\377\265\250\257\3772\016 \377\314\304"
  90      FFB5A8AF 
  90      FF320E20 
  90      FFCCC4
  91 02f2 C8FFFFFF 		.ascii	"\310\377\377\377\377\377\377\377\377\377\377\377\377"
  91      FFFFFFFF 
  91      FFFFFFFF 
  91      FF
  92 02ff FFFFFFFF 		.ascii	"\377\377\377\377\377\377\377\377\377\377\377\377\377"
  92      FFFFFFFF 
  92      FFFFFFFF 
  92      FF
  93 030c A4949CFF 		.ascii	"\244\224\234\3776\023%\377\354\351\352\377\377\377\377"
  93      361325FF 
  93      ECE9EAFF 
  93      FFFFFF
  94 031b FFFFFFFF 		.ascii	"\377\377\377\377\377\377\377\377\377\377\377\377\377"
  94      FFFFFFFF 
  94      FFFFFFFF 
  94      FF
  95 0328 FFFFFFFF 		.ascii	"\377\377\377\377\377\377\377\377\377\377\377\377\377"
  95      FFFFFFFF 
  95      FFFFFFFF 
  95      FF
  96 0335 FFFFFFFF 		.ascii	"\377\377\377\377\377\377\377\377\377\377\377\377\377"
  96      FFFFFFFF 
  96      FFFFFFFF 
  96      FF
  97 0342 FFFFFFFF 		.ascii	"\377\377\377\377\377\377\377\377\377\377cHV\377bFT\377"
  97      FFFFFFFF 
  97      FFFF6348 
  97      56FF6246 
  97      54FF
ARM GAS  C:\Users\OSD\AppData\Local\Temp\ccpEP9mX.s 			page 6


  98 0354 FFFFFFFF 		.ascii	"\377\377\377\377\377\377\377\377\377\377\377\377\377"
  98      FFFFFFFF 
  98      FFFFFFFF 
  98      FF
  99 0361 FFFFFFFF 		.ascii	"\377\377\377\377\377\377\377\377\377\377\377V8G\377"
  99      FFFFFFFF 
  99      FFFFFF56 
  99      3847FF
 100 0370 7D6773FF 		.ascii	"}gs\377\377\377\377\377\377\377\377\377\377\377\377"
 100      FFFFFFFF 
 100      FFFFFFFF 
 100      FFFFFF
 101 037f FFFFFFFF 		.ascii	"\377\377\377\377\377\377\377\377\377\377\377\377\377"
 101      FFFFFFFF 
 101      FFFFFFFF 
 101      FF
 102 038c FFFFFFFF 		.ascii	"\377\377\377\377\377\377\377\377\377\377\377\377\377"
 102      FFFFFFFF 
 102      FFFFFFFF 
 102      FF
 103 0399 FFFFFFFF 		.ascii	"\377\377\377\377\377\377\377\377\377\377\377\377\377"
 103      FFFFFFFF 
 103      FFFFFFFF 
 103      FF
 104 03a6 FFFFFFFF 		.ascii	"\377\377\377\377\377\377\277\265\272\3772\016 \377\377"
 104      FFFFBFB5 
 104      BAFF320E 
 104      20FFFF
 105 03b5 FFFFFFFF 		.ascii	"\377\377\377\377\377\377\377\377\377\377\377\377\377"
 105      FFFFFFFF 
 105      FFFFFFFF 
 105      FF
 106 03c2 FFFFFFFF 		.ascii	"\377\377\377\377\377\377\377\377\377\3777\024&\377\273"
 106      FFFFFFFF 
 106      FFFF3714 
 106      26FFBB
 107 03d1 AFB5FFFF 		.ascii	"\257\265\377\377\377\377\377\377\377\377\377\377\377"
 107      FFFFFFFF 
 107      FFFFFFFF 
 107      FF
 108 03de FFFFFFFF 		.ascii	"\377\377\377\377\377\377\377\377\377\377\377\377\377"
 108      FFFFFFFF 
 108      FFFFFFFF 
 108      FF
 109 03eb FFFFFFFF 		.ascii	"\377\377\377\377\377\377\377\377\377\377\377\377\377"
 109      FFFFFFFF 
 109      FFFFFFFF 
 109      FF
 110 03f8 FFFFFFFF 		.ascii	"\377\377\377\377\377\377\377\377\377\377\377\377\377"
 110      FFFFFFFF 
 110      FFFFFFFF 
 110      FF
 111 0405 FFFFFFFF 		.ascii	"\377\377\377\377\377\377\377\357\355\356\377:\030)\377"
 111      FFFFFFEF 
 111      EDEEFF3A 
 111      1829FF
 112 0414 FFFFFFFF 		.ascii	"\377\377\377\377\377\377\377\377\377\377\377\377\377"
ARM GAS  C:\Users\OSD\AppData\Local\Temp\ccpEP9mX.s 			page 7


 112      FFFFFFFF 
 112      FFFFFFFF 
 112      FF
 113 0421 FFFFFFFF 		.ascii	"\377\377\377\377\377\377\377\377\377\377\3774\020\""
 113      FFFFFFFF 
 113      FFFFFF34 
 113      1022
 114 042f FFD9D2D5 		.ascii	"\377\331\322\325\377\377\377\377\377\377\377\377\377"
 114      FFFFFFFF 
 114      FFFFFFFF 
 114      FF
 115 043c CEC6CAFF 		.ascii	"\316\306\312\377\210r}\377\344\337\342\377\377\377\377"
 115      88727DFF 
 115      E4DFE2FF 
 115      FFFFFF
 116 044b FFC8BFC4 		.ascii	"\377\310\277\304\377\207r|\377\347\343\345\377\377\377"
 116      FF87727C 
 116      FFE7E3E5 
 116      FFFFFF
 117 045a FFFFC0B6 		.ascii	"\377\377\300\266\273\377\212u\200\377\355\352\353\377"
 117      BBFF8A75 
 117      80FFEDEA 
 117      EBFF
 118 0468 FFFFFFFF 		.ascii	"\377\377\377\377\375\375\375\377N/>\377\377\377\377"
 118      FDFDFDFF 
 118      4E2F3EFF 
 118      FFFFFF
 119 0477 FFFFFFFF 		.ascii	"\377\377\377\377\377\377\377\377\377\377\377\377\377"
 119      FFFFFFFF 
 119      FFFFFFFF 
 119      FF
 120 0484 FFFFFFFF 		.ascii	"\377\377\377\377\377\377\377\3775\021#\377\336\331\334"
 120      FFFFFFFF 
 120      351123FF 
 120      DED9DC
 121 0493 FFFFFFFF 		.ascii	"\377\377\377\377\377\377\377\377\377\211t\177\3772\016"
 121      FFFFFFFF 
 121      FF89747F 
 121      FF320E
 122 04a2 20FFAFA1 		.ascii	" \377\257\241\250\377\377\377\377\377{dp\3772\016 \377"
 122      A8FFFFFF 
 122      FFFF7B64 
 122      70FF320E 
 122      20FF
 123 04b4 B7ABB2FF 		.ascii	"\267\253\262\377\377\377\377\377qXe\3772\016 \377\304"
 123      FFFFFFFF 
 123      715865FF 
 123      320E20FF 
 123      C4
 124 04c5 BABFFFFF 		.ascii	"\272\277\377\377\377\377\377\377\377\377\377Q2B\377"
 124      FFFFFFFF 
 124      FFFFFF51 
 124      3242FF
 125 04d4 FFFFFFFF 		.ascii	"\377\377\377\377\377\377\377\377\377\377\377\377\377"
 125      FFFFFFFF 
 125      FFFFFFFF 
 125      FF
ARM GAS  C:\Users\OSD\AppData\Local\Temp\ccpEP9mX.s 			page 8


 126 04e1 FFFFFFFF 		.ascii	"\377\377\377\377\377\377\377\377\377\377\3774\020\""
 126      FFFFFFFF 
 126      FFFFFF34 
 126      1022
 127 04ef FFC5BBC0 		.ascii	"\377\305\273\300\377\377\377\377\377\377\377\377\377"
 127      FFFFFFFF 
 127      FFFFFFFF 
 127      FF
 128 04fc ECE9EAFF 		.ascii	"\354\351\352\377\272\256\264\377\365\363\364\377\377"
 128      BAAEB4FF 
 128      F5F3F4FF 
 128      FF
 129 0509 FFFFFFE6 		.ascii	"\377\377\377\346\342\344\377\273\257\265\377\371\370"
 129      E2E4FFBB 
 129      AFB5FFF9 
 129      F8
 130 0516 F8FFFFFF 		.ascii	"\370\377\377\377\377\377\344\337\342\377\273\260\266"
 130      FFFFE4DF 
 130      E2FFBBB0 
 130      B6
 131 0523 FFFAF9F9 		.ascii	"\377\372\371\371\377\377\377\377\377\366\365\366\377"
 131      FFFFFFFF 
 131      FFF6F5F6 
 131      FF
 132 0530 422132FF 		.ascii	"B!2\377\377\377\377\377\377\377\377\377\377\377\377"
 132      FFFFFFFF 
 132      FFFFFFFF 
 132      FFFFFF
 133 053f FFFFFFFF 		.ascii	"\377\377\377\377\377\377\377\377\377\377\377\377\377"
 133      FFFFFFFF 
 133      FFFFFFFF 
 133      FF
 134 054c 492939FF 		.ascii	"I)9\377\224\201\212\377\377\377\377\377\377\377\377"
 134      94818AFF 
 134      FFFFFFFF 
 134      FFFFFF
 135 055b FFFFFFFF 		.ascii	"\377\377\377\377\377\377\377\377\377\377\377\377\377"
 135      FFFFFFFF 
 135      FFFFFFFF 
 135      FF
 136 0568 FFFFFFFF 		.ascii	"\377\377\377\377\377\377\377\377\377\377\377\377\377"
 136      FFFFFFFF 
 136      FFFFFFFF 
 136      FF
 137 0575 FFFFFFFF 		.ascii	"\377\377\377\377\377\377\377\377\377\377\377\377\377"
 137      FFFFFFFF 
 137      FFFFFFFF 
 137      FF
 138 0582 FFFFFFFF 		.ascii	"\377\377\377\377\377\377\377\377\377\377\331\323\326"
 138      FFFFFFFF 
 138      FFFFD9D3 
 138      D6
 139 058f FF320E20 		.ascii	"\3772\016 \377\377\377\377\377\377\377\377\377\377\377"
 139      FFFFFFFF 
 139      FFFFFFFF 
 139      FFFFFF
 140 059e FFFFFFFF 		.ascii	"\377\377\377\377\377\377\377\377\377\377\377\377\377"
ARM GAS  C:\Users\OSD\AppData\Local\Temp\ccpEP9mX.s 			page 9


 140      FFFFFFFF 
 140      FFFFFFFF 
 140      FF
 141 05ab FF89757F 		.ascii	"\377\211u\177\377G'7\377\367\366\367\377\377\377\377"
 141      FF472737 
 141      FFF7F6F7 
 141      FFFFFFFF 
 142 05bb FFFFFFFF 		.ascii	"\377\377\377\377\377\377\377\377\377\377\377\377\377"
 142      FFFFFFFF 
 142      FFFFFFFF 
 142      FF
 143 05c8 FFFFFFFF 		.ascii	"\377\377\377\377\377\377\377\377\377\377\377\377\377"
 143      FFFFFFFF 
 143      FFFFFFFF 
 143      FF
 144 05d5 FFFFFFFF 		.ascii	"\377\377\377\377\377\377\377\377\377\377\377\377\377"
 144      FFFFFFFF 
 144      FFFFFFFF 
 144      FF
 145 05e2 FFFFFFFF 		.ascii	"\377\377\377\377\377\377\377\377\377\377\213v\201\377"
 145      FFFFFFFF 
 145      FFFF8B76 
 145      81FF
 146 05f0 442334FF 		.ascii	"D#4\377\377\377\377\377\377\377\377\377\377\377\377"
 146      FFFFFFFF 
 146      FFFFFFFF 
 146      FFFFFF
 147 05ff FFFFFFFF 		.ascii	"\377\377\377\377\377\377\377\377\377\377\377\377\377"
 147      FFFFFFFF 
 147      FFFFFFFF 
 147      FF
 148 060c E3DEE1FF 		.ascii	"\343\336\341\3776\023%\377\264\250\256\377\377\377\377"
 148      361325FF 
 148      B4A8AEFF 
 148      FFFFFF
 149 061b FFFFFFFF 		.ascii	"\377\377\377\377\377\377\377\377\377\377\377\377\377"
 149      FFFFFFFF 
 149      FFFFFFFF 
 149      FF
 150 0628 FFFFFFFF 		.ascii	"\377\377\377\377\377\377\377\377\377\377\377\377\377"
 150      FFFFFFFF 
 150      FFFFFFFF 
 150      FF
 151 0635 FFFFFFFF 		.ascii	"\377\377\377\377\377\377\377\377\377\377\377\377\377"
 151      FFFFFFFF 
 151      FFFFFFFF 
 151      FF
 152 0642 FFFFFFFF 		.ascii	"\377\377\377\377\377\377\343\337\341\3774\020\"\377"
 152      FFFFE3DF 
 152      E1FF3410 
 152      22FF
 153 0650 9F8E97FF 		.ascii	"\237\216\227\377\377\377\377\377\377\377\377\377\377"
 153      FFFFFFFF 
 153      FFFFFFFF 
 153      FF
 154 065d FFFFFFFF 		.ascii	"\377\377\377\377\377\377\377\377\377\377\377\377\377"
 154      FFFFFFFF 
ARM GAS  C:\Users\OSD\AppData\Local\Temp\ccpEP9mX.s 			page 10


 154      FFFFFFFF 
 154      FF
 155 066a FFFFEEEB 		.ascii	"\377\377\356\353\354\3779\026'\377\266\251\260\377\377"
 155      ECFF3916 
 155      27FFB6A9 
 155      B0FFFF
 156 0679 FFFFFFFF 		.ascii	"\377\377\377\377\377\377\377\377\377\377\377\377\377"
 156      FFFFFFFF 
 156      FFFFFFFF 
 156      FF
 157 0686 FFFFFFFF 		.ascii	"\377\377\377\377\377\377\377\377\377\377\377\377\377"
 157      FFFFFFFF 
 157      FFFFFFFF 
 157      FF
 158 0693 FFFFFFFF 		.ascii	"\377\377\377\377\377\377\377\377\377\377\377\377\377"
 158      FFFFFFFF 
 158      FFFFFFFF 
 158      FF
 159 06a0 FFFFFFFF 		.ascii	"\377\377\377\377\364\362\363\377X;I\377U6F\377\370\367"
 159      F4F2F3FF 
 159      583B49FF 
 159      553646FF 
 159      F8F7
 160 06b2 F8FFFFFF 		.ascii	"\370\377\377\377\377\377\377\377\377\377\377\377\377"
 160      FFFFFFFF 
 160      FFFFFFFF 
 160      FF
 161 06bf FFFFFFFF 		.ascii	"\377\377\377\377\377\377\377\377\377\377\377\377\377"
 161      FFFFFFFF 
 161      FFFFFFFF 
 161      FF
 162 06cc AFA1A8FF 		.ascii	"\257\241\250\377<\032+\377\341\333\336\377\304\272\300"
 162      3C1A2BFF 
 162      E1DBDEFF 
 162      C4BAC0
 163 06db FFCEC6CA 		.ascii	"\377\316\306\312\377\377\377\377\377\377\377\377\377"
 163      FFFFFFFF 
 163      FFFFFFFF 
 163      FF
 164 06e8 FFFFFFFF 		.ascii	"\377\377\377\377\377\377\377\377\377\377\377\377\377"
 164      FFFFFFFF 
 164      FFFFFFFF 
 164      FF
 165 06f5 FFFFFFFF 		.ascii	"\377\377\377\377\377\377\377\377\377\377\377\333\325"
 165      FFFFFFFF 
 165      FFFFFFDB 
 165      D5
 166 0702 D8FF583B 		.ascii	"\330\377X;I\377D#4\377\341\333\336\377\377\377\377\377"
 166      49FF4423 
 166      34FFE1DB 
 166      DEFFFFFF 
 166      FFFF
 167 0714 FFFFFFFF 		.ascii	"\377\377\377\377\377\377\377\377\377\377\377\377\377"
 167      FFFFFFFF 
 167      FFFFFFFF 
 167      FF
 168 0721 FFFFFFFF 		.ascii	"\377\377\377\377\377\377\377\377\377\377\377\213v\201"
ARM GAS  C:\Users\OSD\AppData\Local\Temp\ccpEP9mX.s 			page 11


 168      FFFFFFFF 
 168      FFFFFF8B 
 168      7681
 169 072f FF320E20 		.ascii	"\3772\016 \377C\"3\3774\020\"\3772\016 \377kQ^\377\302"
 169      FF432233 
 169      FF341022 
 169      FF320E20 
 169      FF6B515E 
 170 0745 B8BDFFEF 		.ascii	"\270\275\377\357\355\356\377\376\376\376\377\377\377"
 170      EDEEFFFE 
 170      FEFEFFFF 
 170      FF
 171 0752 FFFFF4F2 		.ascii	"\377\377\364\362\363\377\322\312\316\377\205q{\3776"
 171      F3FFD2CA 
 171      CEFF8571 
 171      7BFF36
 172 0761 1224FF5B 		.ascii	"\022$\377[?M\377\340\332\335\377\377\377\377\377\377"
 172      3F4DFFE0 
 172      DADDFFFF 
 172      FFFFFFFF 
 173 0771 FFFFFFFF 		.ascii	"\377\377\377\377\377\377\377\377\377\377\377\377\377"
 173      FFFFFFFF 
 173      FFFFFFFF 
 173      FF
 174 077e FFFFFFFF 		.ascii	"\377\377\377\377\377\377\377\377\377\377\377\377\377"
 174      FFFFFFFF 
 174      FFFFFFFF 
 174      FF
 175 078b FFE5E0E3 		.ascii	"\377\345\340\343\377\216{\205\377\244\225\235\377\336"
 175      FF8E7B85 
 175      FFA4959D 
 175      FFDE
 176 0799 D9DCFFC5 		.ascii	"\331\334\377\305\273\300\377aES\3774\020\"\377=\033"
 176      BBC0FF61 
 176      4553FF34 
 176      1022FF3D 
 176      1B
 177 07aa 2CFF4F30 		.ascii	",\377O0@\377R4C\377B!2\3772\016 \377K,;\377\246\227"
 177      40FF5234 
 177      43FF4221 
 177      32FF320E 
 177      20FF4B2C 
 178 07c2 9FFFFAF9 		.ascii	"\237\377\372\371\371\377\377\377\377\377\377\377\377"
 178      F9FFFFFF 
 178      FFFFFFFF 
 178      FF
 179 07cf FF       		.ascii	"\377"
 180 07d0 FFFFFFFF 		.ascii	"\377\377\377\377\377\377\377\377\377\377\377\377\377"
 180      FFFFFFFF 
 180      FFFFFFFF 
 180      FF
 181 07dd FFFFFFFF 		.ascii	"\377\377\377\377\377\377\377\377\377\377\377\377\377"
 181      FFFFFFFF 
 181      FFFFFFFF 
 181      FF
 182 07ea FFFFFFFF 		.ascii	"\377\377\377\377\377\377\377\377\377\377\377\377\377"
 182      FFFFFFFF 
ARM GAS  C:\Users\OSD\AppData\Local\Temp\ccpEP9mX.s 			page 12


 182      FFFFFFFF 
 182      FF
 183 07f7 FFFFFFFF 		.ascii	"\377\377\377\377\377\377\377\377\377\377\377\377\377"
 183      FFFFFFFF 
 183      FFFFFFFF 
 183      FF
 184 0804 FFFFFFFF 		.ascii	"\377\377\377\377\377\377\377\377\377\377\377\377\377"
 184      FFFFFFFF 
 184      FFFFFFFF 
 184      FF
 185 0811 FFFFFFFF 		.ascii	"\377\377\377\377\377\377\377\377\377\377\377\377\377"
 185      FFFFFFFF 
 185      FFFFFFFF 
 185      FF
 186 081e FFFFFFFF 		.ascii	"\377\377\377\377\377\377\377\377\377\377\377\377\377"
 186      FFFFFFFF 
 186      FFFFFFFF 
 186      FF
 187 082b FFFFFFFF 		.ascii	"\377\377\377\377\377\377\377\377\377\377\377\377\377"
 187      FFFFFFFF 
 187      FFFFFFFF 
 187      FF
 188 0838 FFFFFFFF 		.ascii	"\377\377\377\377\377\377\377\377\377\377\377\377\377"
 188      FFFFFFFF 
 188      FFFFFFFF 
 188      FF
 189 0845 FFFFFFFF 		.ascii	"\377\377\377\377\377\377\377\377\377\377\377\377\377"
 189      FFFFFFFF 
 189      FFFFFFFF 
 189      FF
 190 0852 FFFFFFFF 		.ascii	"\377\377\377\377\377\377\377\377\377\377\377\377\377"
 190      FFFFFFFF 
 190      FFFFFFFF 
 190      FF
 191 085f FFFFFFFF 		.ascii	"\377\377\377\377\377\377\377\377\377\377\377\377\377"
 191      FFFFFFFF 
 191      FFFFFFFF 
 191      FF
 192 086c FFFFFFFF 		.ascii	"\377\377\377\377\377\377\377\377\377\377\377\377\377"
 192      FFFFFFFF 
 192      FFFFFFFF 
 192      FF
 193 0879 FFFFFFFF 		.ascii	"\377\377\377\377\377\377\377\377\377\377\377\377\377"
 193      FFFFFFFF 
 193      FFFFFFFF 
 193      FF
 194 0886 FFFFFFFF 		.ascii	"\377\377\377\377\377\377\377\377\377\377\377\377\377"
 194      FFFFFFFF 
 194      FFFFFFFF 
 194      FF
 195 0893 FFFFFFFF 		.ascii	"\377\377\377\377\377\377\377\377\377\377\377\377\377"
 195      FFFFFFFF 
 195      FFFFFFFF 
 195      FF
 196 08a0 FFFFFFFF 		.ascii	"\377\377\377\377\377\377\377\377\377\377\377\377\377"
 196      FFFFFFFF 
 196      FFFFFFFF 
ARM GAS  C:\Users\OSD\AppData\Local\Temp\ccpEP9mX.s 			page 13


 196      FF
 197 08ad FFFFFFFF 		.ascii	"\377\377\377\377\377\377\377\377\377\377\377\377\377"
 197      FFFFFFFF 
 197      FFFFFFFF 
 197      FF
 198 08ba FFFFFFFF 		.ascii	"\377\377\377\377\377\377\377\377\377\377\377\377\377"
 198      FFFFFFFF 
 198      FFFFFFFF 
 198      FF
 199 08c7 FFFFFFFF 		.ascii	"\377\377\377\377\377\377\377\377\377\377\377\377\377"
 199      FFFFFFFF 
 199      FFFFFFFF 
 199      FF
 200 08d4 FFFFFFFF 		.ascii	"\377\377\377\377\377\377\377\377\377\377\377\377\377"
 200      FFFFFFFF 
 200      FFFFFFFF 
 200      FF
 201 08e1 FFFFFFFF 		.ascii	"\377\377\377\377\377\377\377\377\377\377\377\377\377"
 201      FFFFFFFF 
 201      FFFFFFFF 
 201      FF
 202 08ee FFFFFFFF 		.ascii	"\377\377\377\377\377\377\377\377\377\377\377\377\377"
 202      FFFFFFFF 
 202      FFFFFFFF 
 202      FF
 203 08fb FFFFFFFF 		.ascii	"\377\377\377\377\377"
 203      FF
 204              		.text
 205              	.Letext0:
 206              		.file 1 "c:\\tools\\gcc-arm-none-eabi\\arm-none-eabi\\include\\machine\\_default_types.h"
 207              		.file 2 "c:\\tools\\gcc-arm-none-eabi\\arm-none-eabi\\include\\sys\\_stdint.h"
 208              		.file 3 "d:\\kzc\\stm32\\h743ii_lcd\\lvgl\\src\\draw\\lv_img_buf.h"
 209              		.file 4 "d:\\kzc\\stm32\\h743ii_lcd\\lvgl\\src/core/lv_obj.h"
 210              		.file 5 "d:\\kzc\\stm32\\h743ii_lcd\\lvgl\\src/widgets/lv_bar.h"
 211              		.file 6 "d:\\kzc\\stm32\\h743ii_lcd\\lvgl\\src/extra/widgets/imgbtn/lv_imgbtn.h"
 212              		.file 7 "lvgl/demos/music/assets/img_lv_demo_music_icon_4.c"
ARM GAS  C:\Users\OSD\AppData\Local\Temp\ccpEP9mX.s 			page 14


DEFINED SYMBOLS
                            *ABS*:00000000 img_lv_demo_music_icon_4.c
C:\Users\OSD\AppData\Local\Temp\ccpEP9mX.s:24     .data.img_lv_demo_music_icon_4:00000000 img_lv_demo_music_icon_4
C:\Users\OSD\AppData\Local\Temp\ccpEP9mX.s:35     .rodata.img_lv_demo_music_icon_4_map:00000000 img_lv_demo_music_icon_4_map
C:\Users\OSD\AppData\Local\Temp\ccpEP9mX.s:21     .data.img_lv_demo_music_icon_4:00000000 $d
C:\Users\OSD\AppData\Local\Temp\ccpEP9mX.s:32     .rodata.img_lv_demo_music_icon_4_map:00000000 $d

NO UNDEFINED SYMBOLS
