ARM GAS  C:\Users\OSD\AppData\Local\Temp\ccQqP4Dl.s 			page 1


   1              		.cpu cortex-m7
   2              		.arch armv7e-m
   3              		.fpu fpv5-d16
   4              		.eabi_attribute 28, 1
   5              		.eabi_attribute 20, 1
   6              		.eabi_attribute 21, 1
   7              		.eabi_attribute 23, 3
   8              		.eabi_attribute 24, 1
   9              		.eabi_attribute 25, 1
  10              		.eabi_attribute 26, 1
  11              		.eabi_attribute 30, 1
  12              		.eabi_attribute 34, 1
  13              		.eabi_attribute 18, 4
  14              		.file	"imgbtn_left.c"
  15              		.text
  16              	.Ltext0:
  17              		.cfi_sections	.debug_frame
  18              		.global	imgbtn_left
  19              		.global	imgbtn_left_map
  20              		.section	.rodata.imgbtn_left,"a"
  21              		.align	2
  24              	imgbtn_left:
  25 0000 05       		.byte	5
  26 0001 20       		.byte	32
  27 0002 40       		.byte	64
  28 0003 06       		.byte	6
  29 0004 40060000 		.word	1600
  30 0008 00000000 		.word	imgbtn_left_map
  31              		.section	.rodata.imgbtn_left_map,"a"
  32              		.align	2
  35              	imgbtn_left_map:
  36 0000 00000000 		.ascii	"\000\000\000\000\000\000\000\000\000\000\000\000\000"
  36      00000000 
  36      00000000 
  36      00
  37 000d 3F660000 		.ascii	"?f\000\000\000\000\000\000:a\003\0008_\024\0008_#\000"
  37      00000000 
  37      3A610300 
  37      385F1400 
  37      385F2300 
  38 0021 00000000 		.ascii	"\000\000\000\000\000\000\000\0008_\000\000\000\000\000"
  38      00000000 
  38      385F0000 
  38      000000
  39 0030 00385F40 		.ascii	"\0008_@\0007^\260\0000X\340\000,U\377\000\000\000\000"
  39      00375EB0 
  39      003058E0 
  39      002C55FF 
  39      00000000 
  40 0044 00000000 		.ascii	"\000\000\000\000\000\000\000\000\0008_p\0008_\374\012"
  40      00000000 
  40      00385F70 
  40      00385FFC 
  40      0A
  41 0055 4066FF7F 		.ascii	"@f\377\177\236\263\377\334\346\356\377\0002e\000\000"
  41      9EB3FFDC 
  41      E6EEFF00 
ARM GAS  C:\Users\OSD\AppData\Local\Temp\ccQqP4Dl.s 			page 2


  41      32650000 
  42 0065 00000000 		.ascii	"\000\000\000\0008_s\0008_\377`\204\236\377\373\374\374"
  42      385F7300 
  42      385FFF60 
  42      849EFFFB 
  42      FCFC
  43 0077 FFE3F7FF 		.ascii	"\377\343\367\377\377\272\341\366\377\000\000\000\000"
  43      FFBAE1F6 
  43      FF000000 
  43      00
  44 0084 00385F40 		.ascii	"\0008_@\0008_\374b\205\236\377\361\371\375\377a\272"
  44      00385FFC 
  44      62859EFF 
  44      F1F9FDFF 
  44      61BA
  45 0096 E9FF35A7 		.ascii	"\351\3775\247\343\377*\242\341\377\0006]\003\0007^\260"
  45      E3FF2AA2 
  45      E1FF0036 
  45      5D030037 
  45      5EB0
  46 00a8 0A4065FF 		.ascii	"\012@e\377\332\355\370\377:\251\344\377(\241\341\377"
  46      DAEDF8FF 
  46      3AA9E4FF 
  46      28A1E1FF 
  47 00b8 2AA2E1FF 		.ascii	"*\242\341\377*\242\341\377\0008_\024\000/X\340\204\240"
  47      2AA2E1FF 
  47      00385F14 
  47      002F58E0 
  47      84A0
  48 00ca B4FF63BE 		.ascii	"\264\377c\276\356\377'\241\341\377*\242\341\377*\242"
  48      EEFF27A1 
  48      E1FF2AA2 
  48      E1FF2AA2 
  49 00da E1FF2AA2 		.ascii	"\341\377*\242\341\377\0008_$\000.V\377\227\311\344\377"
  49      E1FF0038 
  49      5F24002E 
  49      56FF97C9 
  49      E4FF
  50 00ec 229FE1FF 		.ascii	"\"\237\341\377*\242\341\377*\242\341\377*\242\341\377"
  50      2AA2E1FF 
  50      2AA2E1FF 
  50      2AA2E1FF 
  51 00fc 2AA2E1FF 		.ascii	"*\242\341\377\0008_'\000/V\377V\265\347\377'\241\341"
  51      00385F27 
  51      002F56FF 
  51      56B5E7FF 
  51      27A1E1
  52 010f FF2AA2E1 		.ascii	"\377*\242\341\377*\242\341\377*\242\341\377*\242\341"
  52      FF2AA2E1 
  52      FF2AA2E1 
  52      FF2AA2E1 
  53 011f FF00385F 		.ascii	"\377\0008_'\0001V\377/\244\341\377*\242\341\377*\242"
  53      27003156 
  53      FF2FA4E1 
  53      FF2AA2E1 
  53      FF2AA2
  54 0132 E1FF2AA2 		.ascii	"\341\377*\242\341\377*\242\341\377*\242\341\377\000"
ARM GAS  C:\Users\OSD\AppData\Local\Temp\ccQqP4Dl.s 			page 3


  54      E1FF2AA2 
  54      E1FF2AA2 
  54      E1FF00
  55 0141 385F2700 		.ascii	"8_'\0001V\377*\242\341\377*\242\341\377*\242\341\377"
  55      3156FF2A 
  55      A2E1FF2A 
  55      A2E1FF2A 
  55      A2E1FF
  56 0154 2AA2E1FF 		.ascii	"*\242\341\377*\242\341\377*\242\341\377\0008_'\0001"
  56      2AA2E1FF 
  56      2AA2E1FF 
  56      00385F27 
  56      0031
  57 0166 56FF2AA2 		.ascii	"V\377*\242\341\377*\242\341\377*\242\341\377*\242\341"
  57      E1FF2AA2 
  57      E1FF2AA2 
  57      E1FF2AA2 
  57      E1
  58 0177 FF2AA2E1 		.ascii	"\377*\242\341\377*\242\341\377\0008_'\0001V\377*\242"
  58      FF2AA2E1 
  58      FF00385F 
  58      27003156 
  58      FF2AA2
  59 018a E1FF2AA2 		.ascii	"\341\377*\242\341\377*\242\341\377*\242\341\377*\242"
  59      E1FF2AA2 
  59      E1FF2AA2 
  59      E1FF2AA2 
  60 019a E1FF2AA2 		.ascii	"\341\377*\242\341\377\0008_'\0001V\377*\242\341\377"
  60      E1FF0038 
  60      5F270031 
  60      56FF2AA2 
  60      E1FF
  61 01ac 2AA2E1FF 		.ascii	"*\242\341\377*\242\341\377*\242\341\377*\242\341\377"
  61      2AA2E1FF 
  61      2AA2E1FF 
  61      2AA2E1FF 
  62 01bc 2AA2E1FF 		.ascii	"*\242\341\377\0008_'\0001V\377*\242\341\377*\242\341"
  62      00385F27 
  62      003156FF 
  62      2AA2E1FF 
  62      2AA2E1
  63 01cf FF2AA2E1 		.ascii	"\377*\242\341\377*\242\341\377*\242\341\377*\242\341"
  63      FF2AA2E1 
  63      FF2AA2E1 
  63      FF2AA2E1 
  64 01df FF00385F 		.ascii	"\377\0008_'\0001V\377*\242\341\377*\242\341\377*\242"
  64      27003156 
  64      FF2AA2E1 
  64      FF2AA2E1 
  64      FF2AA2
  65 01f2 E1FF2AA2 		.ascii	"\341\377*\242\341\377*\242\341\377*\242\341\377\000"
  65      E1FF2AA2 
  65      E1FF2AA2 
  65      E1FF00
  66 0201 385F2700 		.ascii	"8_'\0001V\377*\242\341\377*\242\341\377*\242\341\377"
  66      3156FF2A 
  66      A2E1FF2A 
ARM GAS  C:\Users\OSD\AppData\Local\Temp\ccQqP4Dl.s 			page 4


  66      A2E1FF2A 
  66      A2E1FF
  67 0214 2AA2E1FF 		.ascii	"*\242\341\377*\242\341\377*\242\341\377\0008_'\0001"
  67      2AA2E1FF 
  67      2AA2E1FF 
  67      00385F27 
  67      0031
  68 0226 56FF2AA2 		.ascii	"V\377*\242\341\377*\242\341\377*\242\341\377*\242\341"
  68      E1FF2AA2 
  68      E1FF2AA2 
  68      E1FF2AA2 
  68      E1
  69 0237 FF2AA2E1 		.ascii	"\377*\242\341\377*\242\341\377\0008_'\0001V\377*\242"
  69      FF2AA2E1 
  69      FF00385F 
  69      27003156 
  69      FF2AA2
  70 024a E1FF2AA2 		.ascii	"\341\377*\242\341\377*\242\341\377*\242\341\377*\242"
  70      E1FF2AA2 
  70      E1FF2AA2 
  70      E1FF2AA2 
  71 025a E1FF2AA2 		.ascii	"\341\377*\242\341\377\0008_'\0001V\377*\242\341\377"
  71      E1FF0038 
  71      5F270031 
  71      56FF2AA2 
  71      E1FF
  72 026c 2AA2E1FF 		.ascii	"*\242\341\377*\242\341\377*\242\341\377*\242\341\377"
  72      2AA2E1FF 
  72      2AA2E1FF 
  72      2AA2E1FF 
  73 027c 2AA2E1FF 		.ascii	"*\242\341\377\0008_'\0001V\377*\242\341\377*\242\341"
  73      00385F27 
  73      003156FF 
  73      2AA2E1FF 
  73      2AA2E1
  74 028f FF2AA2E1 		.ascii	"\377*\242\341\377*\242\341\377*\242\341\377*\242\341"
  74      FF2AA2E1 
  74      FF2AA2E1 
  74      FF2AA2E1 
  75 029f FF00385F 		.ascii	"\377\0008_'\0001V\377*\242\341\377*\242\341\377*\242"
  75      27003156 
  75      FF2AA2E1 
  75      FF2AA2E1 
  75      FF2AA2
  76 02b2 E1FF2AA2 		.ascii	"\341\377*\242\341\377*\242\341\377*\242\341\377\000"
  76      E1FF2AA2 
  76      E1FF2AA2 
  76      E1FF00
  77 02c1 385F2700 		.ascii	"8_'\0001V\377*\242\341\377*\242\341\377*\242\341\377"
  77      3156FF2A 
  77      A2E1FF2A 
  77      A2E1FF2A 
  77      A2E1FF
  78 02d4 2AA2E1FF 		.ascii	"*\242\341\377*\242\341\377*\242\341\377\0008_'\0001"
  78      2AA2E1FF 
  78      2AA2E1FF 
  78      00385F27 
ARM GAS  C:\Users\OSD\AppData\Local\Temp\ccQqP4Dl.s 			page 5


  78      0031
  79 02e6 56FF2AA2 		.ascii	"V\377*\242\341\377*\242\341\377*\242\341\377*\242\341"
  79      E1FF2AA2 
  79      E1FF2AA2 
  79      E1FF2AA2 
  79      E1
  80 02f7 FF2AA2E1 		.ascii	"\377*\242\341\377*\242\341\377\0008_'\0001V\377*\242"
  80      FF2AA2E1 
  80      FF00385F 
  80      27003156 
  80      FF2AA2
  81 030a E1FF2AA2 		.ascii	"\341\377*\242\341\377*\242\341\377*\242\341\377*\242"
  81      E1FF2AA2 
  81      E1FF2AA2 
  81      E1FF2AA2 
  82 031a E1FF2AA2 		.ascii	"\341\377*\242\341\377\0008_'\0001V\377*\242\341\377"
  82      E1FF0038 
  82      5F270031 
  82      56FF2AA2 
  82      E1FF
  83 032c 2AA2E1FF 		.ascii	"*\242\341\377*\242\341\377*\242\341\377*\242\341\377"
  83      2AA2E1FF 
  83      2AA2E1FF 
  83      2AA2E1FF 
  84 033c 2AA2E1FF 		.ascii	"*\242\341\377\0008_'\0001V\377*\242\341\377*\242\341"
  84      00385F27 
  84      003156FF 
  84      2AA2E1FF 
  84      2AA2E1
  85 034f FF2AA2E1 		.ascii	"\377*\242\341\377*\242\341\377*\242\341\377*\242\341"
  85      FF2AA2E1 
  85      FF2AA2E1 
  85      FF2AA2E1 
  86 035f FF00385F 		.ascii	"\377\0008_'\0001V\377*\242\341\377*\242\341\377*\242"
  86      27003156 
  86      FF2AA2E1 
  86      FF2AA2E1 
  86      FF2AA2
  87 0372 E1FF2AA2 		.ascii	"\341\377*\242\341\377*\242\341\377*\242\341\377\000"
  87      E1FF2AA2 
  87      E1FF2AA2 
  87      E1FF00
  88 0381 385F2700 		.ascii	"8_'\0001V\377*\242\341\377*\242\341\377*\242\341\377"
  88      3156FF2A 
  88      A2E1FF2A 
  88      A2E1FF2A 
  88      A2E1FF
  89 0394 2AA2E1FF 		.ascii	"*\242\341\377*\242\341\377*\242\341\377\0008_'\0001"
  89      2AA2E1FF 
  89      2AA2E1FF 
  89      00385F27 
  89      0031
  90 03a6 56FF2AA2 		.ascii	"V\377*\242\341\377*\242\341\377*\242\341\377*\242\341"
  90      E1FF2AA2 
  90      E1FF2AA2 
  90      E1FF2AA2 
  90      E1
ARM GAS  C:\Users\OSD\AppData\Local\Temp\ccQqP4Dl.s 			page 6


  91 03b7 FF2AA2E1 		.ascii	"\377*\242\341\377*\242\341\377\0008_'\0001V\377+\243"
  91      FF2AA2E1 
  91      FF00385F 
  91      27003156 
  91      FF2BA3
  92 03ca E1FF2AA2 		.ascii	"\341\377*\242\341\377*\242\341\377*\242\341\377*\242"
  92      E1FF2AA2 
  92      E1FF2AA2 
  92      E1FF2AA2 
  93 03da E1FF2AA2 		.ascii	"\341\377*\242\341\377\0008_'\0000V\3774\246\342\377"
  93      E1FF0038 
  93      5F270030 
  93      56FF34A6 
  93      E2FF
  94 03ec 29A2E1FF 		.ascii	")\242\341\377*\242\341\377*\242\341\377*\242\341\377"
  94      2AA2E1FF 
  94      2AA2E1FF 
  94      2AA2E1FF 
  95 03fc 2AA2E1FF 		.ascii	"*\242\341\377\0008_'\0000V\377=\246\335\377)\242\341"
  95      00385F27 
  95      003056FF 
  95      3DA6DDFF 
  95      29A2E1
  96 040f FF2AA2E1 		.ascii	"\377*\242\341\377*\242\341\377*\242\341\377*\242\341"
  96      FF2AA2E1 
  96      FF2AA2E1 
  96      FF2AA2E1 
  97 041f FF00385F 		.ascii	"\377\0008_'\0002X\3771\214\276\3776\252\345\377*\242"
  97      27003258 
  97      FF318CBE 
  97      FF36AAE5 
  97      FF2AA2
  98 0432 E1FF2AA2 		.ascii	"\341\377*\242\341\377*\242\341\377*\242\341\377\000"
  98      E1FF2AA2 
  98      E1FF2AA2 
  98      E1FF00
  99 0441 385E2700 		.ascii	"8^'\0005[\377\017a\224\377J\257\344\377.\244\341\377"
  99      355BFF0F 
  99      6194FF4A 
  99      AFE4FF2E 
  99      A4E1FF
 100 0454 2AA2E1FF 		.ascii	"*\242\341\377*\242\341\377*\242\341\377\0008^'\0004"
 100      2AA2E1FF 
 100      2AA2E1FF 
 100      00385E27 
 100      0034
 101 0466 58FF0D5D 		.ascii	"X\377\015]\217\377'\177\262\377M\262\346\3775\247\343"
 101      8FFF277F 
 101      B2FF4DB2 
 101      E6FF35A7 
 101      E3
 102 0477 FF2CA3E1 		.ascii	"\377,\243\341\377*\242\341\377\0007_#\0001T\377\024"
 102      FF2AA2E1 
 102      FF00375F 
 102      23003154 
 102      FF14
 103 0489 699BFF0C 		.ascii	"i\233\377\014\\\216\377'\177\262\377O\261\345\377L\263"
ARM GAS  C:\Users\OSD\AppData\Local\Temp\ccQqP4Dl.s 			page 7


 103      5C8EFF27 
 103      7FB2FF4F 
 103      B1E5FF4C 
 103      B3
 104 049a E9FF44AD 		.ascii	"\351\377D\255\345\377\0008^\027\0001T\344\022\\\207"
 104      E5FF0038 
 104      5E170031 
 104      54E4125C 
 104      87
 105 04ab FF156797 		.ascii	"\377\025g\227\377\015]\217\377\017a\224\3770\213\276"
 105      FF0D5D8F 
 105      FF0F6194 
 105      FF308BBE 
 106 04bb FF48AADE 		.ascii	"\377H\252\336\377\0006`\007\0003W\270\0046V\377\032"
 106      FF003660 
 106      07003357 
 106      B8043656 
 106      FF1A
 107 04cd 6D9CFF16 		.ascii	"m\234\377\026h\227\377\021a\222\377\014\\\215\377\011"
 107      6897FF11 
 107      6192FF0C 
 107      5C8DFF09 
 108 04dd 5889FF00 		.ascii	"X\211\377\000\000\000\000\0000P_\000*H\377\015Kp\377"
 108      00000000 
 108      30505F00 
 108      2A48FF0D 
 108      4B70FF
 109 04f0 186B99FF 		.ascii	"\030k\231\377\030j\230\377\027i\227\377\027h\227\377"
 109      186A98FF 
 109      176997FF 
 109      176897FF 
 110 0500 00000000 		.ascii	"\000\000\000\000\000\000\000\004\000&A\310\001&A\377"
 110      00000004 
 110      002641C8 
 110      012641FF 
 111 0510 11577EFF 		.ascii	"\021W~\377\030j\227\377\030k\231\377\030j\230\377\000"
 111      186A97FF 
 111      186B99FF 
 111      186A98FF 
 111      00
 112 0521 070C0000 		.ascii	"\007\014\000\000\000\000\014\000\002\004@\000\0364\304"
 112      00000C00 
 112      02044000 
 112      1E34C4
 113 0530 00243FFF 		.ascii	"\000$?\377\010<\\\377\021W\177\377\030i\226\377\000"
 113      083C5CFF 
 113      11577FFF 
 113      186996FF 
 113      00
 114 0541 00000000 		.ascii	"\000\000\000\000\000\000\010\000\000\0004\000\000\000"
 114      00000800 
 114      00003400 
 114      0000
 115 054f 54001829 		.ascii	"T\000\030)\233\000#>\374\000$>\377\000$>\377\000\000"
 115      9B00233E 
 115      FC00243E 
 115      FF00243E 
ARM GAS  C:\Users\OSD\AppData\Local\Temp\ccQqP4Dl.s 			page 8


 115      FF0000
 116 0562 00000000 		.ascii	"\000\000\000\000\000\004\000\000\000$\000\000\000O\000"
 116      00040000 
 116      00240000 
 116      004F00
 117 0571 00005400 		.ascii	"\000\000T\000\001\002[\000\024\"\213\000\033/\260\000"
 117      01025B00 
 117      14228B00 
 117      1B2FB000 
 118 0581 00000000 		.ascii	"\000\000\000\000\000\000\000\000\000\000\017\000\000"
 118      00000000 
 118      00000F00 
 118      00
 119 058e 003B0000 		.ascii	"\000;\000\000\000W\000\000\000X\000\000\000X\000\000"
 119      00570000 
 119      00580000 
 119      00580000 
 120 059e 00570000 		.ascii	"\000W\000\000\000\000\000\000\000\000\000\000\000\003"
 120      00000000 
 120      00000000 
 120      0003
 121 05ac 0000001B 		.ascii	"\000\000\000\033\000\000\000@\000\000\000T\000\000\000"
 121      00000040 
 121      00000054 
 121      000000
 122 05bb 58000000 		.ascii	"X\000\000\000X\000\000\000\000\000\000\000\000\000\000"
 122      58000000 
 122      00000000 
 122      000000
 123 05ca 00000000 		.ascii	"\000\000\000\000\000\004\000\000\000\030\000\000\000"
 123      00040000 
 123      00180000 
 123      00
 124 05d7 34000000 		.ascii	"4\000\000\000H\000\000\000P\000\000\000\000\000\000"
 124      48000000 
 124      50000000 
 124      000000
 125 05e6 00000000 		.ascii	"\000\000\000\000\000\000\000\000\000\000\000\000\000"
 125      00000000 
 125      00000000 
 125      00
 126 05f3 03000000 		.ascii	"\003\000\000\000\013\000\000\000\033\000\000\000'\000"
 126      0B000000 
 126      1B000000 
 126      2700
 127 0601 00000000 		.ascii	"\000\000\000\000\000\000\000\000\000\000\000\000\000"
 127      00000000 
 127      00000000 
 127      00
 128 060e 00000000 		.ascii	"\000\000\000\000\000\000\000\000\000\000\000\000\000"
 128      00000000 
 128      00000000 
 128      00
 129 061b 00000000 		.ascii	"\000\000\000\000\003\000\000\000\000\000\000\000\000"
 129      03000000 
 129      00000000 
 129      00
ARM GAS  C:\Users\OSD\AppData\Local\Temp\ccQqP4Dl.s 			page 9


 130 0628 00000000 		.ascii	"\000\000\000\000\000\000\000\000\000\000\000\000\000"
 130      00000000 
 130      00000000 
 130      00
 131 0635 00000000 		.ascii	"\000\000\000\000\000\000\000\000\000\000\000"
 131      00000000 
 131      000000
 132              		.text
 133              	.Letext0:
 134              		.file 1 "c:\\tools\\gcc-arm-none-eabi\\arm-none-eabi\\include\\machine\\_default_types.h"
 135              		.file 2 "c:\\tools\\gcc-arm-none-eabi\\arm-none-eabi\\include\\sys\\_stdint.h"
 136              		.file 3 "d:\\kzc\\stm32\\h743ii_lcd\\lvgl\\src\\draw\\lv_img_buf.h"
 137              		.file 4 "lvgl/examples/assets/../../src/core/lv_obj.h"
 138              		.file 5 "lvgl/examples/assets/../../src/widgets/lv_bar.h"
 139              		.file 6 "lvgl/examples/assets/../../src/extra/widgets/imgbtn/lv_imgbtn.h"
 140              		.file 7 "lvgl/examples/assets/imgbtn_left.c"
ARM GAS  C:\Users\OSD\AppData\Local\Temp\ccQqP4Dl.s 			page 10


DEFINED SYMBOLS
                            *ABS*:00000000 imgbtn_left.c
C:\Users\OSD\AppData\Local\Temp\ccQqP4Dl.s:24     .rodata.imgbtn_left:00000000 imgbtn_left
C:\Users\OSD\AppData\Local\Temp\ccQqP4Dl.s:35     .rodata.imgbtn_left_map:00000000 imgbtn_left_map
C:\Users\OSD\AppData\Local\Temp\ccQqP4Dl.s:21     .rodata.imgbtn_left:00000000 $d
C:\Users\OSD\AppData\Local\Temp\ccQqP4Dl.s:32     .rodata.imgbtn_left_map:00000000 $d

NO UNDEFINED SYMBOLS
