ARM GAS  C:\Users\OSD\AppData\Local\Temp\ccWGEM5Y.s 			page 1


   1              		.cpu cortex-m7
   2              		.arch armv7e-m
   3              		.fpu fpv5-d16
   4              		.eabi_attribute 28, 1
   5              		.eabi_attribute 20, 1
   6              		.eabi_attribute 21, 1
   7              		.eabi_attribute 23, 3
   8              		.eabi_attribute 24, 1
   9              		.eabi_attribute 25, 1
  10              		.eabi_attribute 26, 1
  11              		.eabi_attribute 30, 1
  12              		.eabi_attribute 34, 1
  13              		.eabi_attribute 18, 4
  14              		.file	"imgbtn_mid.c"
  15              		.text
  16              	.Ltext0:
  17              		.cfi_sections	.debug_frame
  18              		.global	imgbtn_mid
  19              		.global	imgbtn_mid_map
  20              		.section	.rodata.imgbtn_mid,"a"
  21              		.align	2
  24              	imgbtn_mid:
  25 0000 05       		.byte	5
  26 0001 14       		.byte	20
  27 0002 20       		.byte	32
  28 0003 06       		.byte	6
  29 0004 D4030000 		.word	980
  30 0008 00000000 		.word	imgbtn_mid_map
  31              		.section	.rodata.imgbtn_mid_map,"a"
  32              		.align	2
  35              	imgbtn_mid_map:
  36 0000 00385F27 		.ascii	"\0008_'\0008_'\0008_'\0008_'\0008_'\000*T\377\000*T"
  36      00385F27 
  36      00385F27 
  36      00385F27 
  36      00385F27 
  37 001b FF002A54 		.ascii	"\377\000*T\377\000*T\377\000*T\377\375\376\376\377\377"
  37      FF002A54 
  37      FF002A54 
  37      FFFDFEFE 
  37      FFFF
  38 002d FFFFFFFF 		.ascii	"\377\377\377\377\377\377\377\377\377\377\377\377\377"
  38      FFFFFFFF 
  38      FFFFFFFF 
  38      FF
  39 003a FFFFAFDC 		.ascii	"\377\377\257\334\364\377\257\334\364\377\257\334\364"
  39      F4FFAFDC 
  39      F4FFAFDC 
  39      F4
  40 0047 FFAFDCF4 		.ascii	"\377\257\334\364\377\257\334\364\377'\241\340\377'\241"
  40      FFAFDCF4 
  40      FF27A1E0 
  40      FF27A1
  41 0056 E1FF27A1 		.ascii	"\341\377'\241\341\377'\241\341\377'\241\341\377*\242"
  41      E1FF27A1 
  41      E1FF27A1 
  41      E1FF2AA2 
ARM GAS  C:\Users\OSD\AppData\Local\Temp\ccWGEM5Y.s 			page 2


  42 0066 E1FF2AA2 		.ascii	"\341\377*\242\341\377*\242\341\377*\242\341\377*\242"
  42      E1FF2AA2 
  42      E1FF2AA2 
  42      E1FF2AA2 
  43 0076 E1FF2AA2 		.ascii	"\341\377*\242\341\377*\242\341\377*\242\341\377*\242"
  43      E1FF2AA2 
  43      E1FF2AA2 
  43      E1FF2AA2 
  44 0086 E1FF2AA2 		.ascii	"\341\377*\242\341\377*\242\341\377*\242\341\377*\242"
  44      E1FF2AA2 
  44      E1FF2AA2 
  44      E1FF2AA2 
  45 0096 E1FF2AA2 		.ascii	"\341\377*\242\341\377*\242\341\377*\242\341\377*\242"
  45      E1FF2AA2 
  45      E1FF2AA2 
  45      E1FF2AA2 
  46 00a6 E1FF2AA2 		.ascii	"\341\377*\242\341\377*\242\341\377*\242\341\377*\242"
  46      E1FF2AA2 
  46      E1FF2AA2 
  46      E1FF2AA2 
  47 00b6 E1FF2AA2 		.ascii	"\341\377*\242\341\377*\242\341\377*\242\341\377*\242"
  47      E1FF2AA2 
  47      E1FF2AA2 
  47      E1FF2AA2 
  48 00c6 E1FF2AA2 		.ascii	"\341\377*\242\341\377*\242\341\377*\242\341\377*\242"
  48      E1FF2AA2 
  48      E1FF2AA2 
  48      E1FF2AA2 
  49 00d6 E1FF2AA2 		.ascii	"\341\377*\242\341\377*\242\341\377*\242\341\377*\242"
  49      E1FF2AA2 
  49      E1FF2AA2 
  49      E1FF2AA2 
  50 00e6 E1FF2AA2 		.ascii	"\341\377*\242\341\377*\242\341\377*\242\341\377*\242"
  50      E1FF2AA2 
  50      E1FF2AA2 
  50      E1FF2AA2 
  51 00f6 E1FF2AA2 		.ascii	"\341\377*\242\341\377*\242\341\377*\242\341\377*\242"
  51      E1FF2AA2 
  51      E1FF2AA2 
  51      E1FF2AA2 
  52 0106 E1FF2AA2 		.ascii	"\341\377*\242\341\377*\242\341\377*\242\341\377*\242"
  52      E1FF2AA2 
  52      E1FF2AA2 
  52      E1FF2AA2 
  53 0116 E1FF2AA2 		.ascii	"\341\377*\242\341\377*\242\341\377*\242\341\377*\242"
  53      E1FF2AA2 
  53      E1FF2AA2 
  53      E1FF2AA2 
  54 0126 E1FF2AA2 		.ascii	"\341\377*\242\341\377*\242\341\377*\242\341\377*\242"
  54      E1FF2AA2 
  54      E1FF2AA2 
  54      E1FF2AA2 
  55 0136 E1FF2AA2 		.ascii	"\341\377*\242\341\377*\242\341\377*\242\341\377*\242"
  55      E1FF2AA2 
  55      E1FF2AA2 
  55      E1FF2AA2 
  56 0146 E1FF2AA2 		.ascii	"\341\377*\242\341\377*\242\341\377*\242\341\377*\242"
ARM GAS  C:\Users\OSD\AppData\Local\Temp\ccWGEM5Y.s 			page 3


  56      E1FF2AA2 
  56      E1FF2AA2 
  56      E1FF2AA2 
  57 0156 E1FF2AA2 		.ascii	"\341\377*\242\341\377*\242\341\377*\242\341\377*\242"
  57      E1FF2AA2 
  57      E1FF2AA2 
  57      E1FF2AA2 
  58 0166 E1FF2AA2 		.ascii	"\341\377*\242\341\377*\242\341\377*\242\341\377*\242"
  58      E1FF2AA2 
  58      E1FF2AA2 
  58      E1FF2AA2 
  59 0176 E1FF2AA2 		.ascii	"\341\377*\242\341\377*\242\341\377*\242\341\377*\242"
  59      E1FF2AA2 
  59      E1FF2AA2 
  59      E1FF2AA2 
  60 0186 E1FF2AA2 		.ascii	"\341\377*\242\341\377*\242\341\377*\242\341\377*\242"
  60      E1FF2AA2 
  60      E1FF2AA2 
  60      E1FF2AA2 
  61 0196 E1FF2AA2 		.ascii	"\341\377*\242\341\377*\242\341\377*\242\341\377*\242"
  61      E1FF2AA2 
  61      E1FF2AA2 
  61      E1FF2AA2 
  62 01a6 E1FF2AA2 		.ascii	"\341\377*\242\341\377*\242\341\377*\242\341\377*\242"
  62      E1FF2AA2 
  62      E1FF2AA2 
  62      E1FF2AA2 
  63 01b6 E1FF2AA2 		.ascii	"\341\377*\242\341\377*\242\341\377*\242\341\377*\242"
  63      E1FF2AA2 
  63      E1FF2AA2 
  63      E1FF2AA2 
  64 01c6 E1FF2AA2 		.ascii	"\341\377*\242\341\377*\242\341\377*\242\341\377*\242"
  64      E1FF2AA2 
  64      E1FF2AA2 
  64      E1FF2AA2 
  65 01d6 E1FF2AA2 		.ascii	"\341\377*\242\341\377*\242\341\377*\242\341\377*\242"
  65      E1FF2AA2 
  65      E1FF2AA2 
  65      E1FF2AA2 
  66 01e6 E1FF2AA2 		.ascii	"\341\377*\242\341\377*\242\341\377*\242\341\377*\242"
  66      E1FF2AA2 
  66      E1FF2AA2 
  66      E1FF2AA2 
  67 01f6 E1FF2AA2 		.ascii	"\341\377*\242\341\377*\242\341\377*\242\341\377*\242"
  67      E1FF2AA2 
  67      E1FF2AA2 
  67      E1FF2AA2 
  68 0206 E1FF2AA2 		.ascii	"\341\377*\242\341\377*\242\341\377*\242\341\377*\242"
  68      E1FF2AA2 
  68      E1FF2AA2 
  68      E1FF2AA2 
  69 0216 E1FF2AA2 		.ascii	"\341\377*\242\341\377*\242\341\377*\242\341\377*\242"
  69      E1FF2AA2 
  69      E1FF2AA2 
  69      E1FF2AA2 
  70 0226 E1FF2AA2 		.ascii	"\341\377*\242\341\377*\242\341\377*\242\341\377*\242"
  70      E1FF2AA2 
ARM GAS  C:\Users\OSD\AppData\Local\Temp\ccWGEM5Y.s 			page 4


  70      E1FF2AA2 
  70      E1FF2AA2 
  71 0236 E1FF2AA2 		.ascii	"\341\377*\242\341\377*\242\341\377*\242\341\377*\242"
  71      E1FF2AA2 
  71      E1FF2AA2 
  71      E1FF2AA2 
  72 0246 E1FF2AA2 		.ascii	"\341\377*\242\341\377*\242\341\377*\242\341\377*\242"
  72      E1FF2AA2 
  72      E1FF2AA2 
  72      E1FF2AA2 
  73 0256 E1FF2AA2 		.ascii	"\341\377*\242\341\377*\242\341\377*\242\341\377*\242"
  73      E1FF2AA2 
  73      E1FF2AA2 
  73      E1FF2AA2 
  74 0266 E1FF2AA2 		.ascii	"\341\377*\242\341\377*\242\341\377*\242\341\377*\242"
  74      E1FF2AA2 
  74      E1FF2AA2 
  74      E1FF2AA2 
  75 0276 E1FF2AA2 		.ascii	"\341\377*\242\341\377*\242\341\377*\242\341\377*\242"
  75      E1FF2AA2 
  75      E1FF2AA2 
  75      E1FF2AA2 
  76 0286 E1FF2AA2 		.ascii	"\341\377*\242\341\377*\242\341\377*\242\341\377*\242"
  76      E1FF2AA2 
  76      E1FF2AA2 
  76      E1FF2AA2 
  77 0296 E1FF2AA2 		.ascii	"\341\377*\242\341\377*\242\341\377*\242\341\377*\242"
  77      E1FF2AA2 
  77      E1FF2AA2 
  77      E1FF2AA2 
  78 02a6 E1FF2AA2 		.ascii	"\341\377*\242\341\377*\242\341\377*\242\341\377*\242"
  78      E1FF2AA2 
  78      E1FF2AA2 
  78      E1FF2AA2 
  79 02b6 E1FF2AA2 		.ascii	"\341\377*\242\341\377)\242\341\377)\242\341\377)\242"
  79      E1FF29A2 
  79      E1FF29A2 
  79      E1FF29A2 
  80 02c6 E1FF29A2 		.ascii	"\341\377)\242\341\377)\242\341\377A\254\344\377A\254"
  80      E1FF29A2 
  80      E1FF41AC 
  80      E4FF41AC 
  81 02d6 E4FF41AC 		.ascii	"\344\377A\254\344\377A\254\344\377A\254\344\377O\262"
  81      E4FF41AC 
  81      E4FF41AC 
  81      E4FF4FB2 
  82 02e6 E6FF4FB2 		.ascii	"\346\377O\262\346\377O\262\346\377O\262\346\377O\262"
  82      E6FF4FB2 
  82      E6FF4FB2 
  82      E6FF4FB2 
  83 02f6 E6FF0856 		.ascii	"\346\377\010V\210\377\010V\210\377\010V\210\377\010"
  83      88FF0856 
  83      88FF0856 
  83      88FF08
  84 0305 5688FF08 		.ascii	"V\210\377\010V\210\377\026h\227\377\026h\227\377\026"
  84      5688FF16 
  84      6897FF16 
ARM GAS  C:\Users\OSD\AppData\Local\Temp\ccWGEM5Y.s 			page 5


  84      6897FF16 
  85 0315 6897FF16 		.ascii	"h\227\377\026h\227\377\026h\227\377\030j\230\377\030"
  85      6897FF16 
  85      6897FF18 
  85      6A98FF18 
  86 0325 6A98FF18 		.ascii	"j\230\377\030j\230\377\030j\230\377\030j\230\377\031"
  86      6A98FF18 
  86      6A98FF18 
  86      6A98FF19 
  87 0335 6F9EFF1A 		.ascii	"o\236\377\032o\237\377\032o\236\377\032o\236\377\032"
  87      6F9FFF1A 
  87      6F9EFF1A 
  87      6F9EFF1A 
  88 0345 6F9EFF00 		.ascii	"o\236\377\000$>\377\000$>\377\000$>\377\000$>\377\000"
  88      243EFF00 
  88      243EFF00 
  88      243EFF00 
  88      243EFF00 
  89 0359 243EFF00 		.ascii	"$>\377\000\0363\300\000\0363\300\000\0363\300\000\036"
  89      1E33C000 
  89      1E33C000 
  89      1E33C000 
  89      1E
  90 036a 33C0001E 		.ascii	"3\300\000\0363\300\000\000\000W\000\000\000W\000\000"
  90      33C00000 
  90      00570000 
  90      00570000 
  91 037a 00570000 		.ascii	"\000W\000\000\000W\000\000\000W\000\000\000X\000\000"
  91      00570000 
  91      00570000 
  91      00580000 
  92 038a 00580000 		.ascii	"\000X\000\000\000X\000\000\000X\000\000\000X\000\000"
  92      00580000 
  92      00580000 
  92      00580000 
  93 039a 00540000 		.ascii	"\000T\000\000\000T\000\000\000T\000\000\000T\000\000"
  93      00540000 
  93      00540000 
  93      00540000 
  94 03aa 00540000 		.ascii	"\000T\000\000\000,\000\000\000,\000\000\000,\000\000"
  94      002C0000 
  94      002C0000 
  94      002C0000 
  95 03ba 002C0000 		.ascii	"\000,\000\000\000,\000\000\000\004\000\000\000\004\000"
  95      002C0000 
  95      00040000 
  95      000400
  96 03c9 00000400 		.ascii	"\000\000\004\000\000\000\004\000\000\000\004"
  96      00000400 
  96      000004
  97              		.text
  98              	.Letext0:
  99              		.file 1 "c:\\tools\\gcc-arm-none-eabi\\arm-none-eabi\\include\\machine\\_default_types.h"
 100              		.file 2 "c:\\tools\\gcc-arm-none-eabi\\arm-none-eabi\\include\\sys\\_stdint.h"
 101              		.file 3 "d:\\kzc\\stm32\\h743ii_lcd\\lvgl\\src\\draw\\lv_img_buf.h"
 102              		.file 4 "lvgl/examples/assets/../../src/core/lv_obj.h"
 103              		.file 5 "lvgl/examples/assets/../../src/widgets/lv_bar.h"
ARM GAS  C:\Users\OSD\AppData\Local\Temp\ccWGEM5Y.s 			page 6


 104              		.file 6 "lvgl/examples/assets/../../src/extra/widgets/imgbtn/lv_imgbtn.h"
 105              		.file 7 "lvgl/examples/assets/imgbtn_mid.c"
ARM GAS  C:\Users\OSD\AppData\Local\Temp\ccWGEM5Y.s 			page 7


DEFINED SYMBOLS
                            *ABS*:00000000 imgbtn_mid.c
C:\Users\OSD\AppData\Local\Temp\ccWGEM5Y.s:24     .rodata.imgbtn_mid:00000000 imgbtn_mid
C:\Users\OSD\AppData\Local\Temp\ccWGEM5Y.s:35     .rodata.imgbtn_mid_map:00000000 imgbtn_mid_map
C:\Users\OSD\AppData\Local\Temp\ccWGEM5Y.s:21     .rodata.imgbtn_mid:00000000 $d
C:\Users\OSD\AppData\Local\Temp\ccWGEM5Y.s:32     .rodata.imgbtn_mid_map:00000000 $d

NO UNDEFINED SYMBOLS
