ARM GAS  C:\Users\OSD\AppData\Local\Temp\ccwbqYgg.s 			page 1


   1              		.cpu cortex-m7
   2              		.arch armv7e-m
   3              		.fpu fpv5-d16
   4              		.eabi_attribute 28, 1
   5              		.eabi_attribute 20, 1
   6              		.eabi_attribute 21, 1
   7              		.eabi_attribute 23, 3
   8              		.eabi_attribute 24, 1
   9              		.eabi_attribute 25, 1
  10              		.eabi_attribute 26, 1
  11              		.eabi_attribute 30, 1
  12              		.eabi_attribute 34, 1
  13              		.eabi_attribute 18, 4
  14              		.file	"lv_async.c"
  15              		.text
  16              	.Ltext0:
  17              		.cfi_sections	.debug_frame
  18              		.section	.text.lv_async_timer_cb,"ax",%progbits
  19              		.align	1
  20              		.syntax unified
  21              		.thumb
  22              		.thumb_func
  24              	lv_async_timer_cb:
  25              	.LVL0:
  26              	.LFB4:
  27              		.file 1 "lvgl/src/misc/lv_async.c"
   1:lvgl/src/misc/lv_async.c **** /**
   2:lvgl/src/misc/lv_async.c ****  * @file lv_async.c
   3:lvgl/src/misc/lv_async.c ****  *
   4:lvgl/src/misc/lv_async.c ****  */
   5:lvgl/src/misc/lv_async.c **** 
   6:lvgl/src/misc/lv_async.c **** /*********************
   7:lvgl/src/misc/lv_async.c ****  *      INCLUDES
   8:lvgl/src/misc/lv_async.c ****  *********************/
   9:lvgl/src/misc/lv_async.c **** 
  10:lvgl/src/misc/lv_async.c **** #include "lv_async.h"
  11:lvgl/src/misc/lv_async.c **** #include "lv_mem.h"
  12:lvgl/src/misc/lv_async.c **** #include "lv_timer.h"
  13:lvgl/src/misc/lv_async.c **** 
  14:lvgl/src/misc/lv_async.c **** /*********************
  15:lvgl/src/misc/lv_async.c ****  *      DEFINES
  16:lvgl/src/misc/lv_async.c ****  *********************/
  17:lvgl/src/misc/lv_async.c **** 
  18:lvgl/src/misc/lv_async.c **** /**********************
  19:lvgl/src/misc/lv_async.c ****  *      TYPEDEFS
  20:lvgl/src/misc/lv_async.c ****  **********************/
  21:lvgl/src/misc/lv_async.c **** 
  22:lvgl/src/misc/lv_async.c **** typedef struct _lv_async_info_t {
  23:lvgl/src/misc/lv_async.c ****     lv_async_cb_t cb;
  24:lvgl/src/misc/lv_async.c ****     void * user_data;
  25:lvgl/src/misc/lv_async.c **** } lv_async_info_t;
  26:lvgl/src/misc/lv_async.c **** 
  27:lvgl/src/misc/lv_async.c **** /**********************
  28:lvgl/src/misc/lv_async.c ****  *  STATIC PROTOTYPES
  29:lvgl/src/misc/lv_async.c ****  **********************/
  30:lvgl/src/misc/lv_async.c **** 
  31:lvgl/src/misc/lv_async.c **** static void lv_async_timer_cb(lv_timer_t * timer);
ARM GAS  C:\Users\OSD\AppData\Local\Temp\ccwbqYgg.s 			page 2


  32:lvgl/src/misc/lv_async.c **** 
  33:lvgl/src/misc/lv_async.c **** /**********************
  34:lvgl/src/misc/lv_async.c ****  *  STATIC VARIABLES
  35:lvgl/src/misc/lv_async.c ****  **********************/
  36:lvgl/src/misc/lv_async.c **** 
  37:lvgl/src/misc/lv_async.c **** /**********************
  38:lvgl/src/misc/lv_async.c ****  *      MACROS
  39:lvgl/src/misc/lv_async.c ****  **********************/
  40:lvgl/src/misc/lv_async.c **** 
  41:lvgl/src/misc/lv_async.c **** /**********************
  42:lvgl/src/misc/lv_async.c ****  *   GLOBAL FUNCTIONS
  43:lvgl/src/misc/lv_async.c ****  **********************/
  44:lvgl/src/misc/lv_async.c **** 
  45:lvgl/src/misc/lv_async.c **** lv_res_t lv_async_call(lv_async_cb_t async_xcb, void * user_data)
  46:lvgl/src/misc/lv_async.c **** {
  47:lvgl/src/misc/lv_async.c ****     /*Allocate an info structure*/
  48:lvgl/src/misc/lv_async.c ****     lv_async_info_t * info = lv_mem_alloc(sizeof(lv_async_info_t));
  49:lvgl/src/misc/lv_async.c **** 
  50:lvgl/src/misc/lv_async.c ****     if(info == NULL)
  51:lvgl/src/misc/lv_async.c ****         return LV_RES_INV;
  52:lvgl/src/misc/lv_async.c **** 
  53:lvgl/src/misc/lv_async.c ****     /*Create a new timer*/
  54:lvgl/src/misc/lv_async.c ****     lv_timer_t * timer = lv_timer_create(lv_async_timer_cb, 0, info);
  55:lvgl/src/misc/lv_async.c **** 
  56:lvgl/src/misc/lv_async.c ****     if(timer == NULL) {
  57:lvgl/src/misc/lv_async.c ****         lv_mem_free(info);
  58:lvgl/src/misc/lv_async.c ****         return LV_RES_INV;
  59:lvgl/src/misc/lv_async.c ****     }
  60:lvgl/src/misc/lv_async.c **** 
  61:lvgl/src/misc/lv_async.c ****     info->cb = async_xcb;
  62:lvgl/src/misc/lv_async.c ****     info->user_data = user_data;
  63:lvgl/src/misc/lv_async.c **** 
  64:lvgl/src/misc/lv_async.c ****     lv_timer_set_repeat_count(timer, 1);
  65:lvgl/src/misc/lv_async.c ****     return LV_RES_OK;
  66:lvgl/src/misc/lv_async.c **** }
  67:lvgl/src/misc/lv_async.c **** 
  68:lvgl/src/misc/lv_async.c **** lv_res_t lv_async_call_cancel(lv_async_cb_t async_xcb, void * user_data)
  69:lvgl/src/misc/lv_async.c **** {
  70:lvgl/src/misc/lv_async.c ****     lv_timer_t * timer = lv_timer_get_next(NULL);
  71:lvgl/src/misc/lv_async.c ****     lv_res_t res = LV_RES_INV;
  72:lvgl/src/misc/lv_async.c **** 
  73:lvgl/src/misc/lv_async.c ****     while(timer != NULL) {
  74:lvgl/src/misc/lv_async.c ****         /*Find the next timer node*/
  75:lvgl/src/misc/lv_async.c ****         lv_timer_t * timer_next = lv_timer_get_next(timer);
  76:lvgl/src/misc/lv_async.c **** 
  77:lvgl/src/misc/lv_async.c ****         /*Find async timer callback*/
  78:lvgl/src/misc/lv_async.c ****         if(timer->timer_cb == lv_async_timer_cb) {
  79:lvgl/src/misc/lv_async.c ****             lv_async_info_t * info = (lv_async_info_t *)timer->user_data;
  80:lvgl/src/misc/lv_async.c **** 
  81:lvgl/src/misc/lv_async.c ****             /*Match user function callback and user data*/
  82:lvgl/src/misc/lv_async.c ****             if(info->cb == async_xcb && info->user_data == user_data) {
  83:lvgl/src/misc/lv_async.c ****                 lv_timer_del(timer);
  84:lvgl/src/misc/lv_async.c ****                 lv_mem_free(info);
  85:lvgl/src/misc/lv_async.c ****                 res = LV_RES_OK;
  86:lvgl/src/misc/lv_async.c ****             }
  87:lvgl/src/misc/lv_async.c ****         }
  88:lvgl/src/misc/lv_async.c **** 
ARM GAS  C:\Users\OSD\AppData\Local\Temp\ccwbqYgg.s 			page 3


  89:lvgl/src/misc/lv_async.c ****         timer = timer_next;
  90:lvgl/src/misc/lv_async.c ****     }
  91:lvgl/src/misc/lv_async.c **** 
  92:lvgl/src/misc/lv_async.c ****     return res;
  93:lvgl/src/misc/lv_async.c **** }
  94:lvgl/src/misc/lv_async.c **** 
  95:lvgl/src/misc/lv_async.c **** /**********************
  96:lvgl/src/misc/lv_async.c ****  *   STATIC FUNCTIONS
  97:lvgl/src/misc/lv_async.c ****  **********************/
  98:lvgl/src/misc/lv_async.c **** 
  99:lvgl/src/misc/lv_async.c **** static void lv_async_timer_cb(lv_timer_t * timer)
 100:lvgl/src/misc/lv_async.c **** {
  28              		.loc 1 100 1 view -0
  29              		.cfi_startproc
  30              		@ args = 0, pretend = 0, frame = 0
  31              		@ frame_needed = 0, uses_anonymous_args = 0
  32              		.loc 1 100 1 is_stmt 0 view .LVU1
  33 0000 10B5     		push	{r4, lr}
  34              		.cfi_def_cfa_offset 8
  35              		.cfi_offset 4, -8
  36              		.cfi_offset 14, -4
 101:lvgl/src/misc/lv_async.c ****     lv_async_info_t * info = (lv_async_info_t *)timer->user_data;
  37              		.loc 1 101 5 is_stmt 1 view .LVU2
  38              		.loc 1 101 23 is_stmt 0 view .LVU3
  39 0002 C468     		ldr	r4, [r0, #12]
  40              	.LVL1:
 102:lvgl/src/misc/lv_async.c **** 
 103:lvgl/src/misc/lv_async.c ****     info->cb(info->user_data);
  41              		.loc 1 103 5 is_stmt 1 view .LVU4
  42              		.loc 1 103 9 is_stmt 0 view .LVU5
  43 0004 2368     		ldr	r3, [r4]
  44              		.loc 1 103 5 view .LVU6
  45 0006 6068     		ldr	r0, [r4, #4]
  46              	.LVL2:
  47              		.loc 1 103 5 view .LVU7
  48 0008 9847     		blx	r3
  49              	.LVL3:
 104:lvgl/src/misc/lv_async.c ****     lv_mem_free(info);
  50              		.loc 1 104 5 is_stmt 1 view .LVU8
  51 000a 2046     		mov	r0, r4
  52 000c FFF7FEFF 		bl	lv_mem_free
  53              	.LVL4:
 105:lvgl/src/misc/lv_async.c **** }
  54              		.loc 1 105 1 is_stmt 0 view .LVU9
  55 0010 10BD     		pop	{r4, pc}
  56              		.loc 1 105 1 view .LVU10
  57              		.cfi_endproc
  58              	.LFE4:
  60              		.section	.text.lv_async_call,"ax",%progbits
  61              		.align	1
  62              		.global	lv_async_call
  63              		.syntax unified
  64              		.thumb
  65              		.thumb_func
  67              	lv_async_call:
  68              	.LVL5:
  69              	.LFB2:
ARM GAS  C:\Users\OSD\AppData\Local\Temp\ccwbqYgg.s 			page 4


  46:lvgl/src/misc/lv_async.c ****     /*Allocate an info structure*/
  70              		.loc 1 46 1 is_stmt 1 view -0
  71              		.cfi_startproc
  72              		@ args = 0, pretend = 0, frame = 0
  73              		@ frame_needed = 0, uses_anonymous_args = 0
  46:lvgl/src/misc/lv_async.c ****     /*Allocate an info structure*/
  74              		.loc 1 46 1 is_stmt 0 view .LVU12
  75 0000 70B5     		push	{r4, r5, r6, lr}
  76              		.cfi_def_cfa_offset 16
  77              		.cfi_offset 4, -16
  78              		.cfi_offset 5, -12
  79              		.cfi_offset 6, -8
  80              		.cfi_offset 14, -4
  81 0002 0546     		mov	r5, r0
  82 0004 0C46     		mov	r4, r1
  48:lvgl/src/misc/lv_async.c **** 
  83              		.loc 1 48 5 is_stmt 1 view .LVU13
  48:lvgl/src/misc/lv_async.c **** 
  84              		.loc 1 48 30 is_stmt 0 view .LVU14
  85 0006 0820     		movs	r0, #8
  86              	.LVL6:
  48:lvgl/src/misc/lv_async.c **** 
  87              		.loc 1 48 30 view .LVU15
  88 0008 FFF7FEFF 		bl	lv_mem_alloc
  89              	.LVL7:
  50:lvgl/src/misc/lv_async.c ****         return LV_RES_INV;
  90              		.loc 1 50 5 is_stmt 1 view .LVU16
  50:lvgl/src/misc/lv_async.c ****         return LV_RES_INV;
  91              		.loc 1 50 7 is_stmt 0 view .LVU17
  92 000c 90B1     		cbz	r0, .L6
  93 000e 0646     		mov	r6, r0
  54:lvgl/src/misc/lv_async.c **** 
  94              		.loc 1 54 5 is_stmt 1 view .LVU18
  54:lvgl/src/misc/lv_async.c **** 
  95              		.loc 1 54 26 is_stmt 0 view .LVU19
  96 0010 0246     		mov	r2, r0
  97 0012 0021     		movs	r1, #0
  98 0014 0848     		ldr	r0, .L9
  99              	.LVL8:
  54:lvgl/src/misc/lv_async.c **** 
 100              		.loc 1 54 26 view .LVU20
 101 0016 FFF7FEFF 		bl	lv_timer_create
 102              	.LVL9:
  56:lvgl/src/misc/lv_async.c ****         lv_mem_free(info);
 103              		.loc 1 56 5 is_stmt 1 view .LVU21
  56:lvgl/src/misc/lv_async.c ****         lv_mem_free(info);
 104              		.loc 1 56 7 is_stmt 0 view .LVU22
 105 001a 30B1     		cbz	r0, .L8
  61:lvgl/src/misc/lv_async.c ****     info->user_data = user_data;
 106              		.loc 1 61 5 is_stmt 1 view .LVU23
  61:lvgl/src/misc/lv_async.c ****     info->user_data = user_data;
 107              		.loc 1 61 14 is_stmt 0 view .LVU24
 108 001c 3560     		str	r5, [r6]
  62:lvgl/src/misc/lv_async.c **** 
 109              		.loc 1 62 5 is_stmt 1 view .LVU25
  62:lvgl/src/misc/lv_async.c **** 
 110              		.loc 1 62 21 is_stmt 0 view .LVU26
ARM GAS  C:\Users\OSD\AppData\Local\Temp\ccwbqYgg.s 			page 5


 111 001e 7460     		str	r4, [r6, #4]
  64:lvgl/src/misc/lv_async.c ****     return LV_RES_OK;
 112              		.loc 1 64 5 is_stmt 1 view .LVU27
 113 0020 0121     		movs	r1, #1
 114 0022 FFF7FEFF 		bl	lv_timer_set_repeat_count
 115              	.LVL10:
  65:lvgl/src/misc/lv_async.c **** }
 116              		.loc 1 65 5 view .LVU28
  65:lvgl/src/misc/lv_async.c **** }
 117              		.loc 1 65 12 is_stmt 0 view .LVU29
 118 0026 0120     		movs	r0, #1
 119              	.LVL11:
 120              	.L4:
  66:lvgl/src/misc/lv_async.c **** 
 121              		.loc 1 66 1 view .LVU30
 122 0028 70BD     		pop	{r4, r5, r6, pc}
 123              	.LVL12:
 124              	.L8:
  57:lvgl/src/misc/lv_async.c ****         return LV_RES_INV;
 125              		.loc 1 57 9 is_stmt 1 view .LVU31
 126 002a 3046     		mov	r0, r6
 127              	.LVL13:
  57:lvgl/src/misc/lv_async.c ****         return LV_RES_INV;
 128              		.loc 1 57 9 is_stmt 0 view .LVU32
 129 002c FFF7FEFF 		bl	lv_mem_free
 130              	.LVL14:
  58:lvgl/src/misc/lv_async.c ****     }
 131              		.loc 1 58 9 is_stmt 1 view .LVU33
  58:lvgl/src/misc/lv_async.c ****     }
 132              		.loc 1 58 16 is_stmt 0 view .LVU34
 133 0030 0020     		movs	r0, #0
 134 0032 F9E7     		b	.L4
 135              	.LVL15:
 136              	.L6:
  51:lvgl/src/misc/lv_async.c **** 
 137              		.loc 1 51 16 view .LVU35
 138 0034 0020     		movs	r0, #0
 139              	.LVL16:
  51:lvgl/src/misc/lv_async.c **** 
 140              		.loc 1 51 16 view .LVU36
 141 0036 F7E7     		b	.L4
 142              	.L10:
 143              		.align	2
 144              	.L9:
 145 0038 00000000 		.word	lv_async_timer_cb
 146              		.cfi_endproc
 147              	.LFE2:
 149              		.section	.text.lv_async_call_cancel,"ax",%progbits
 150              		.align	1
 151              		.global	lv_async_call_cancel
 152              		.syntax unified
 153              		.thumb
 154              		.thumb_func
 156              	lv_async_call_cancel:
 157              	.LVL17:
 158              	.LFB3:
  69:lvgl/src/misc/lv_async.c ****     lv_timer_t * timer = lv_timer_get_next(NULL);
ARM GAS  C:\Users\OSD\AppData\Local\Temp\ccwbqYgg.s 			page 6


 159              		.loc 1 69 1 is_stmt 1 view -0
 160              		.cfi_startproc
 161              		@ args = 0, pretend = 0, frame = 0
 162              		@ frame_needed = 0, uses_anonymous_args = 0
  69:lvgl/src/misc/lv_async.c ****     lv_timer_t * timer = lv_timer_get_next(NULL);
 163              		.loc 1 69 1 is_stmt 0 view .LVU38
 164 0000 2DE9F843 		push	{r3, r4, r5, r6, r7, r8, r9, lr}
 165              		.cfi_def_cfa_offset 32
 166              		.cfi_offset 3, -32
 167              		.cfi_offset 4, -28
 168              		.cfi_offset 5, -24
 169              		.cfi_offset 6, -20
 170              		.cfi_offset 7, -16
 171              		.cfi_offset 8, -12
 172              		.cfi_offset 9, -8
 173              		.cfi_offset 14, -4
 174 0004 0646     		mov	r6, r0
 175 0006 0F46     		mov	r7, r1
  70:lvgl/src/misc/lv_async.c ****     lv_res_t res = LV_RES_INV;
 176              		.loc 1 70 5 is_stmt 1 view .LVU39
  70:lvgl/src/misc/lv_async.c ****     lv_res_t res = LV_RES_INV;
 177              		.loc 1 70 26 is_stmt 0 view .LVU40
 178 0008 0020     		movs	r0, #0
 179              	.LVL18:
  70:lvgl/src/misc/lv_async.c ****     lv_res_t res = LV_RES_INV;
 180              		.loc 1 70 26 view .LVU41
 181 000a FFF7FEFF 		bl	lv_timer_get_next
 182              	.LVL19:
  70:lvgl/src/misc/lv_async.c ****     lv_res_t res = LV_RES_INV;
 183              		.loc 1 70 26 view .LVU42
 184 000e 0446     		mov	r4, r0
 185              	.LVL20:
  71:lvgl/src/misc/lv_async.c **** 
 186              		.loc 1 71 5 is_stmt 1 view .LVU43
  73:lvgl/src/misc/lv_async.c ****         /*Find the next timer node*/
 187              		.loc 1 73 5 view .LVU44
  71:lvgl/src/misc/lv_async.c **** 
 188              		.loc 1 71 14 is_stmt 0 view .LVU45
 189 0010 4FF00008 		mov	r8, #0
  73:lvgl/src/misc/lv_async.c ****         /*Find the next timer node*/
 190              		.loc 1 73 10 view .LVU46
 191 0014 00E0     		b	.L12
 192              	.LVL21:
 193              	.L13:
 194              	.LBB2:
 195              	.LBB3:
  85:lvgl/src/misc/lv_async.c ****             }
 196              		.loc 1 85 21 view .LVU47
 197 0016 2C46     		mov	r4, r5
 198              	.LVL22:
 199              	.L12:
  85:lvgl/src/misc/lv_async.c ****             }
 200              		.loc 1 85 21 view .LVU48
 201              	.LBE3:
 202              	.LBE2:
  73:lvgl/src/misc/lv_async.c ****         /*Find the next timer node*/
 203              		.loc 1 73 10 is_stmt 1 view .LVU49
ARM GAS  C:\Users\OSD\AppData\Local\Temp\ccwbqYgg.s 			page 7


 204 0018 D4B1     		cbz	r4, .L16
 205              	.LBB5:
  75:lvgl/src/misc/lv_async.c **** 
 206              		.loc 1 75 9 view .LVU50
  75:lvgl/src/misc/lv_async.c **** 
 207              		.loc 1 75 35 is_stmt 0 view .LVU51
 208 001a 2046     		mov	r0, r4
 209 001c FFF7FEFF 		bl	lv_timer_get_next
 210              	.LVL23:
 211 0020 0546     		mov	r5, r0
 212              	.LVL24:
  78:lvgl/src/misc/lv_async.c ****             lv_async_info_t * info = (lv_async_info_t *)timer->user_data;
 213              		.loc 1 78 9 is_stmt 1 view .LVU52
  78:lvgl/src/misc/lv_async.c ****             lv_async_info_t * info = (lv_async_info_t *)timer->user_data;
 214              		.loc 1 78 17 is_stmt 0 view .LVU53
 215 0022 A268     		ldr	r2, [r4, #8]
  78:lvgl/src/misc/lv_async.c ****             lv_async_info_t * info = (lv_async_info_t *)timer->user_data;
 216              		.loc 1 78 11 view .LVU54
 217 0024 0C4B     		ldr	r3, .L17
 218 0026 9A42     		cmp	r2, r3
 219 0028 F5D1     		bne	.L13
 220              	.LBB4:
  79:lvgl/src/misc/lv_async.c **** 
 221              		.loc 1 79 13 is_stmt 1 view .LVU55
  79:lvgl/src/misc/lv_async.c **** 
 222              		.loc 1 79 31 is_stmt 0 view .LVU56
 223 002a D4F80C90 		ldr	r9, [r4, #12]
 224              	.LVL25:
  82:lvgl/src/misc/lv_async.c ****                 lv_timer_del(timer);
 225              		.loc 1 82 13 is_stmt 1 view .LVU57
  82:lvgl/src/misc/lv_async.c ****                 lv_timer_del(timer);
 226              		.loc 1 82 20 is_stmt 0 view .LVU58
 227 002e D9F80030 		ldr	r3, [r9]
  82:lvgl/src/misc/lv_async.c ****                 lv_timer_del(timer);
 228              		.loc 1 82 15 view .LVU59
 229 0032 B342     		cmp	r3, r6
 230 0034 EFD1     		bne	.L13
  82:lvgl/src/misc/lv_async.c ****                 lv_timer_del(timer);
 231              		.loc 1 82 45 discriminator 1 view .LVU60
 232 0036 D9F80430 		ldr	r3, [r9, #4]
  82:lvgl/src/misc/lv_async.c ****                 lv_timer_del(timer);
 233              		.loc 1 82 38 discriminator 1 view .LVU61
 234 003a BB42     		cmp	r3, r7
 235 003c EBD1     		bne	.L13
  83:lvgl/src/misc/lv_async.c ****                 lv_mem_free(info);
 236              		.loc 1 83 17 is_stmt 1 view .LVU62
 237 003e 2046     		mov	r0, r4
 238              	.LVL26:
  83:lvgl/src/misc/lv_async.c ****                 lv_mem_free(info);
 239              		.loc 1 83 17 is_stmt 0 view .LVU63
 240 0040 FFF7FEFF 		bl	lv_timer_del
 241              	.LVL27:
  84:lvgl/src/misc/lv_async.c ****                 res = LV_RES_OK;
 242              		.loc 1 84 17 is_stmt 1 view .LVU64
 243 0044 4846     		mov	r0, r9
 244 0046 FFF7FEFF 		bl	lv_mem_free
 245              	.LVL28:
ARM GAS  C:\Users\OSD\AppData\Local\Temp\ccwbqYgg.s 			page 8


  85:lvgl/src/misc/lv_async.c ****             }
 246              		.loc 1 85 17 view .LVU65
  85:lvgl/src/misc/lv_async.c ****             }
 247              		.loc 1 85 21 is_stmt 0 view .LVU66
 248 004a 4FF00108 		mov	r8, #1
 249 004e E2E7     		b	.L13
 250              	.LVL29:
 251              	.L16:
  85:lvgl/src/misc/lv_async.c ****             }
 252              		.loc 1 85 21 view .LVU67
 253              	.LBE4:
 254              	.LBE5:
  92:lvgl/src/misc/lv_async.c **** }
 255              		.loc 1 92 5 is_stmt 1 view .LVU68
  93:lvgl/src/misc/lv_async.c **** 
 256              		.loc 1 93 1 is_stmt 0 view .LVU69
 257 0050 4046     		mov	r0, r8
 258 0052 BDE8F883 		pop	{r3, r4, r5, r6, r7, r8, r9, pc}
 259              	.LVL30:
 260              	.L18:
  93:lvgl/src/misc/lv_async.c **** 
 261              		.loc 1 93 1 view .LVU70
 262 0056 00BF     		.align	2
 263              	.L17:
 264 0058 00000000 		.word	lv_async_timer_cb
 265              		.cfi_endproc
 266              	.LFE3:
 268              		.text
 269              	.Letext0:
 270              		.file 2 "c:\\tools\\gcc-arm-none-eabi\\arm-none-eabi\\include\\machine\\_default_types.h"
 271              		.file 3 "c:\\tools\\gcc-arm-none-eabi\\arm-none-eabi\\include\\sys\\_stdint.h"
 272              		.file 4 "lvgl/src/misc/lv_types.h"
 273              		.file 5 "lvgl/src/misc/lv_async.h"
 274              		.file 6 "lvgl/src/misc/lv_timer.h"
 275              		.file 7 "lvgl/src/misc/lv_mem.h"
ARM GAS  C:\Users\OSD\AppData\Local\Temp\ccwbqYgg.s 			page 9


DEFINED SYMBOLS
                            *ABS*:00000000 lv_async.c
C:\Users\OSD\AppData\Local\Temp\ccwbqYgg.s:19     .text.lv_async_timer_cb:00000000 $t
C:\Users\OSD\AppData\Local\Temp\ccwbqYgg.s:24     .text.lv_async_timer_cb:00000000 lv_async_timer_cb
C:\Users\OSD\AppData\Local\Temp\ccwbqYgg.s:61     .text.lv_async_call:00000000 $t
C:\Users\OSD\AppData\Local\Temp\ccwbqYgg.s:67     .text.lv_async_call:00000000 lv_async_call
C:\Users\OSD\AppData\Local\Temp\ccwbqYgg.s:145    .text.lv_async_call:00000038 $d
C:\Users\OSD\AppData\Local\Temp\ccwbqYgg.s:150    .text.lv_async_call_cancel:00000000 $t
C:\Users\OSD\AppData\Local\Temp\ccwbqYgg.s:156    .text.lv_async_call_cancel:00000000 lv_async_call_cancel
C:\Users\OSD\AppData\Local\Temp\ccwbqYgg.s:264    .text.lv_async_call_cancel:00000058 $d

UNDEFINED SYMBOLS
lv_mem_free
lv_mem_alloc
lv_timer_create
lv_timer_set_repeat_count
lv_timer_get_next
lv_timer_del
