ARM GAS  C:\Users\OSD\AppData\Local\Temp\ccVlLQH3.s 			page 1


   1              		.cpu cortex-m7
   2              		.arch armv7e-m
   3              		.fpu fpv5-d16
   4              		.eabi_attribute 28, 1
   5              		.eabi_attribute 20, 1
   6              		.eabi_attribute 21, 1
   7              		.eabi_attribute 23, 3
   8              		.eabi_attribute 24, 1
   9              		.eabi_attribute 25, 1
  10              		.eabi_attribute 26, 1
  11              		.eabi_attribute 30, 1
  12              		.eabi_attribute 34, 1
  13              		.eabi_attribute 18, 4
  14              		.file	"lv_btn.c"
  15              		.text
  16              	.Ltext0:
  17              		.cfi_sections	.debug_frame
  18              		.section	.text.lv_btn_constructor,"ax",%progbits
  19              		.align	1
  20              		.syntax unified
  21              		.thumb
  22              		.thumb_func
  24              	lv_btn_constructor:
  25              	.LVL0:
  26              	.LFB167:
  27              		.file 1 "lvgl/src/widgets/lv_btn.c"
   1:lvgl/src/widgets/lv_btn.c **** /**
   2:lvgl/src/widgets/lv_btn.c ****  * @file lv_btn.c
   3:lvgl/src/widgets/lv_btn.c ****  *
   4:lvgl/src/widgets/lv_btn.c ****  */
   5:lvgl/src/widgets/lv_btn.c **** 
   6:lvgl/src/widgets/lv_btn.c **** /*********************
   7:lvgl/src/widgets/lv_btn.c ****  *      INCLUDES
   8:lvgl/src/widgets/lv_btn.c ****  *********************/
   9:lvgl/src/widgets/lv_btn.c **** 
  10:lvgl/src/widgets/lv_btn.c **** #include "lv_btn.h"
  11:lvgl/src/widgets/lv_btn.c **** #if LV_USE_BTN != 0
  12:lvgl/src/widgets/lv_btn.c **** 
  13:lvgl/src/widgets/lv_btn.c **** #include "../extra/layouts/flex/lv_flex.h"
  14:lvgl/src/widgets/lv_btn.c **** 
  15:lvgl/src/widgets/lv_btn.c **** /*********************
  16:lvgl/src/widgets/lv_btn.c ****  *      DEFINES
  17:lvgl/src/widgets/lv_btn.c ****  *********************/
  18:lvgl/src/widgets/lv_btn.c **** #define MY_CLASS &lv_btn_class
  19:lvgl/src/widgets/lv_btn.c **** 
  20:lvgl/src/widgets/lv_btn.c **** /**********************
  21:lvgl/src/widgets/lv_btn.c ****  *      TYPEDEFS
  22:lvgl/src/widgets/lv_btn.c ****  **********************/
  23:lvgl/src/widgets/lv_btn.c **** 
  24:lvgl/src/widgets/lv_btn.c **** /**********************
  25:lvgl/src/widgets/lv_btn.c ****  *  STATIC PROTOTYPES
  26:lvgl/src/widgets/lv_btn.c ****  **********************/
  27:lvgl/src/widgets/lv_btn.c **** static void lv_btn_constructor(const lv_obj_class_t * class_p, lv_obj_t * obj);
  28:lvgl/src/widgets/lv_btn.c **** 
  29:lvgl/src/widgets/lv_btn.c **** /**********************
  30:lvgl/src/widgets/lv_btn.c ****  *  STATIC VARIABLES
  31:lvgl/src/widgets/lv_btn.c ****  **********************/
ARM GAS  C:\Users\OSD\AppData\Local\Temp\ccVlLQH3.s 			page 2


  32:lvgl/src/widgets/lv_btn.c **** const lv_obj_class_t lv_btn_class  = {
  33:lvgl/src/widgets/lv_btn.c ****     .constructor_cb = lv_btn_constructor,
  34:lvgl/src/widgets/lv_btn.c ****     .width_def = LV_SIZE_CONTENT,
  35:lvgl/src/widgets/lv_btn.c ****     .height_def = LV_SIZE_CONTENT,
  36:lvgl/src/widgets/lv_btn.c ****     .group_def = LV_OBJ_CLASS_GROUP_DEF_TRUE,
  37:lvgl/src/widgets/lv_btn.c ****     .instance_size = sizeof(lv_btn_t),
  38:lvgl/src/widgets/lv_btn.c ****     .base_class = &lv_obj_class
  39:lvgl/src/widgets/lv_btn.c **** };
  40:lvgl/src/widgets/lv_btn.c **** 
  41:lvgl/src/widgets/lv_btn.c **** /**********************
  42:lvgl/src/widgets/lv_btn.c ****  *      MACROS
  43:lvgl/src/widgets/lv_btn.c ****  **********************/
  44:lvgl/src/widgets/lv_btn.c **** 
  45:lvgl/src/widgets/lv_btn.c **** /**********************
  46:lvgl/src/widgets/lv_btn.c ****  *   GLOBAL FUNCTIONS
  47:lvgl/src/widgets/lv_btn.c ****  **********************/
  48:lvgl/src/widgets/lv_btn.c **** 
  49:lvgl/src/widgets/lv_btn.c **** lv_obj_t * lv_btn_create(lv_obj_t * parent)
  50:lvgl/src/widgets/lv_btn.c **** {
  51:lvgl/src/widgets/lv_btn.c ****     LV_LOG_INFO("begin");
  52:lvgl/src/widgets/lv_btn.c ****     lv_obj_t * obj = lv_obj_class_create_obj(MY_CLASS, parent);
  53:lvgl/src/widgets/lv_btn.c ****     lv_obj_class_init_obj(obj);
  54:lvgl/src/widgets/lv_btn.c ****     return obj;
  55:lvgl/src/widgets/lv_btn.c **** }
  56:lvgl/src/widgets/lv_btn.c **** 
  57:lvgl/src/widgets/lv_btn.c **** /**********************
  58:lvgl/src/widgets/lv_btn.c ****  *   STATIC FUNCTIONS
  59:lvgl/src/widgets/lv_btn.c ****  **********************/
  60:lvgl/src/widgets/lv_btn.c **** 
  61:lvgl/src/widgets/lv_btn.c **** static void lv_btn_constructor(const lv_obj_class_t * class_p, lv_obj_t * obj)
  62:lvgl/src/widgets/lv_btn.c **** {
  28              		.loc 1 62 1 view -0
  29              		.cfi_startproc
  30              		@ args = 0, pretend = 0, frame = 0
  31              		@ frame_needed = 0, uses_anonymous_args = 0
  32              		.loc 1 62 1 is_stmt 0 view .LVU1
  33 0000 10B5     		push	{r4, lr}
  34              		.cfi_def_cfa_offset 8
  35              		.cfi_offset 4, -8
  36              		.cfi_offset 14, -4
  37 0002 0C46     		mov	r4, r1
  63:lvgl/src/widgets/lv_btn.c ****     LV_UNUSED(class_p);
  38              		.loc 1 63 5 is_stmt 1 view .LVU2
  64:lvgl/src/widgets/lv_btn.c ****     LV_TRACE_OBJ_CREATE("begin");
  39              		.loc 1 64 33 view .LVU3
  65:lvgl/src/widgets/lv_btn.c **** 
  66:lvgl/src/widgets/lv_btn.c ****     lv_obj_clear_flag(obj, LV_OBJ_FLAG_SCROLLABLE);
  40              		.loc 1 66 5 view .LVU4
  41 0004 1021     		movs	r1, #16
  42              	.LVL1:
  43              		.loc 1 66 5 is_stmt 0 view .LVU5
  44 0006 2046     		mov	r0, r4
  45              	.LVL2:
  46              		.loc 1 66 5 view .LVU6
  47 0008 FFF7FEFF 		bl	lv_obj_clear_flag
  48              	.LVL3:
  67:lvgl/src/widgets/lv_btn.c ****     lv_obj_add_flag(obj, LV_OBJ_FLAG_SCROLL_ON_FOCUS);
ARM GAS  C:\Users\OSD\AppData\Local\Temp\ccVlLQH3.s 			page 3


  49              		.loc 1 67 5 is_stmt 1 view .LVU7
  50 000c 4FF48061 		mov	r1, #1024
  51 0010 2046     		mov	r0, r4
  52 0012 FFF7FEFF 		bl	lv_obj_add_flag
  53              	.LVL4:
  68:lvgl/src/widgets/lv_btn.c **** 
  69:lvgl/src/widgets/lv_btn.c ****     LV_TRACE_OBJ_CREATE("finished");
  54              		.loc 1 69 36 view .LVU8
  70:lvgl/src/widgets/lv_btn.c **** }
  55              		.loc 1 70 1 is_stmt 0 view .LVU9
  56 0016 10BD     		pop	{r4, pc}
  57              		.loc 1 70 1 view .LVU10
  58              		.cfi_endproc
  59              	.LFE167:
  61              		.section	.text.lv_btn_create,"ax",%progbits
  62              		.align	1
  63              		.global	lv_btn_create
  64              		.syntax unified
  65              		.thumb
  66              		.thumb_func
  68              	lv_btn_create:
  69              	.LVL5:
  70              	.LFB166:
  50:lvgl/src/widgets/lv_btn.c ****     LV_LOG_INFO("begin");
  71              		.loc 1 50 1 is_stmt 1 view -0
  72              		.cfi_startproc
  73              		@ args = 0, pretend = 0, frame = 0
  74              		@ frame_needed = 0, uses_anonymous_args = 0
  50:lvgl/src/widgets/lv_btn.c ****     LV_LOG_INFO("begin");
  75              		.loc 1 50 1 is_stmt 0 view .LVU12
  76 0000 10B5     		push	{r4, lr}
  77              		.cfi_def_cfa_offset 8
  78              		.cfi_offset 4, -8
  79              		.cfi_offset 14, -4
  80 0002 0146     		mov	r1, r0
  51:lvgl/src/widgets/lv_btn.c ****     lv_obj_t * obj = lv_obj_class_create_obj(MY_CLASS, parent);
  81              		.loc 1 51 5 is_stmt 1 view .LVU13
  51:lvgl/src/widgets/lv_btn.c ****     lv_obj_t * obj = lv_obj_class_create_obj(MY_CLASS, parent);
  82              		.loc 1 51 5 view .LVU14
  51:lvgl/src/widgets/lv_btn.c ****     lv_obj_t * obj = lv_obj_class_create_obj(MY_CLASS, parent);
  83              		.loc 1 51 5 view .LVU15
  52:lvgl/src/widgets/lv_btn.c ****     lv_obj_class_init_obj(obj);
  84              		.loc 1 52 5 view .LVU16
  52:lvgl/src/widgets/lv_btn.c ****     lv_obj_class_init_obj(obj);
  85              		.loc 1 52 22 is_stmt 0 view .LVU17
  86 0004 0348     		ldr	r0, .L5
  87              	.LVL6:
  52:lvgl/src/widgets/lv_btn.c ****     lv_obj_class_init_obj(obj);
  88              		.loc 1 52 22 view .LVU18
  89 0006 FFF7FEFF 		bl	lv_obj_class_create_obj
  90              	.LVL7:
  52:lvgl/src/widgets/lv_btn.c ****     lv_obj_class_init_obj(obj);
  91              		.loc 1 52 22 view .LVU19
  92 000a 0446     		mov	r4, r0
  93              	.LVL8:
  53:lvgl/src/widgets/lv_btn.c ****     return obj;
  94              		.loc 1 53 5 is_stmt 1 view .LVU20
ARM GAS  C:\Users\OSD\AppData\Local\Temp\ccVlLQH3.s 			page 4


  95 000c FFF7FEFF 		bl	lv_obj_class_init_obj
  96              	.LVL9:
  54:lvgl/src/widgets/lv_btn.c **** }
  97              		.loc 1 54 5 view .LVU21
  55:lvgl/src/widgets/lv_btn.c **** 
  98              		.loc 1 55 1 is_stmt 0 view .LVU22
  99 0010 2046     		mov	r0, r4
 100 0012 10BD     		pop	{r4, pc}
 101              	.LVL10:
 102              	.L6:
  55:lvgl/src/widgets/lv_btn.c **** 
 103              		.loc 1 55 1 view .LVU23
 104              		.align	2
 105              	.L5:
 106 0014 00000000 		.word	.LANCHOR0
 107              		.cfi_endproc
 108              	.LFE166:
 110              		.global	lv_btn_class
 111              		.section	.rodata.lv_btn_class,"a"
 112              		.align	2
 113              		.set	.LANCHOR0,. + 0
 116              	lv_btn_class:
 117 0000 00000000 		.word	lv_obj_class
 118 0004 00000000 		.word	lv_btn_constructor
 119 0008 00000000 		.space	12
 119      00000000 
 119      00000000 
 120 0014 D127     		.short	10193
 121 0016 D127     		.short	10193
 122 0018 44       		.byte	68
 123 0019 02       		.byte	2
 124 001a 00       		.byte	0
 125 001b 00       		.space	1
 126              		.text
 127              	.Letext0:
 128              		.file 2 "c:\\tools\\gcc-arm-none-eabi\\arm-none-eabi\\include\\machine\\_default_types.h"
 129              		.file 3 "c:\\tools\\gcc-arm-none-eabi\\arm-none-eabi\\include\\sys\\_stdint.h"
 130              		.file 4 "d:\\kzc\\stm32\\h743ii_lcd\\lvgl\\src\\misc\\lv_area.h"
 131              		.file 5 "lvgl/src/widgets/../core/../misc/lv_color.h"
 132              		.file 6 "lvgl/src/widgets/../core/../misc/lv_style.h"
 133              		.file 7 "lvgl/src/widgets/../core/lv_obj.h"
 134              		.file 8 "d:\\kzc\\stm32\\h743ii_lcd\\lvgl\\src\\misc\\lv_ll.h"
 135              		.file 9 "lvgl/src/widgets/../core/lv_group.h"
 136              		.file 10 "lvgl/src/widgets/../core/lv_obj_scroll.h"
 137              		.file 11 "lvgl/src/widgets/../core/lv_obj_style.h"
 138              		.file 12 "lvgl/src/widgets/../core/lv_obj_class.h"
 139              		.file 13 "lvgl/src/widgets/../core/lv_event.h"
 140              		.file 14 "lvgl/src/widgets/lv_btn.h"
ARM GAS  C:\Users\OSD\AppData\Local\Temp\ccVlLQH3.s 			page 5


DEFINED SYMBOLS
                            *ABS*:00000000 lv_btn.c
C:\Users\OSD\AppData\Local\Temp\ccVlLQH3.s:19     .text.lv_btn_constructor:00000000 $t
C:\Users\OSD\AppData\Local\Temp\ccVlLQH3.s:24     .text.lv_btn_constructor:00000000 lv_btn_constructor
C:\Users\OSD\AppData\Local\Temp\ccVlLQH3.s:62     .text.lv_btn_create:00000000 $t
C:\Users\OSD\AppData\Local\Temp\ccVlLQH3.s:68     .text.lv_btn_create:00000000 lv_btn_create
C:\Users\OSD\AppData\Local\Temp\ccVlLQH3.s:106    .text.lv_btn_create:00000014 $d
C:\Users\OSD\AppData\Local\Temp\ccVlLQH3.s:116    .rodata.lv_btn_class:00000000 lv_btn_class
C:\Users\OSD\AppData\Local\Temp\ccVlLQH3.s:112    .rodata.lv_btn_class:00000000 $d

UNDEFINED SYMBOLS
lv_obj_clear_flag
lv_obj_add_flag
lv_obj_class_create_obj
lv_obj_class_init_obj
lv_obj_class
