ARM GAS  C:\Users\OSD\AppData\Local\Temp\ccX927JT.s 			page 1


   1              		.cpu cortex-m7
   2              		.arch armv7e-m
   3              		.fpu fpv5-d16
   4              		.eabi_attribute 28, 1
   5              		.eabi_attribute 20, 1
   6              		.eabi_attribute 21, 1
   7              		.eabi_attribute 23, 3
   8              		.eabi_attribute 24, 1
   9              		.eabi_attribute 25, 1
  10              		.eabi_attribute 26, 1
  11              		.eabi_attribute 30, 1
  12              		.eabi_attribute 34, 1
  13              		.eabi_attribute 18, 4
  14              		.file	"lv_calendar_header_dropdown.c"
  15              		.text
  16              	.Ltext0:
  17              		.cfi_sections	.debug_frame
  18              		.section	.rodata.my_constructor.str1.4,"aMS",%progbits,1
  19              		.align	2
  20              	.LC0:
  21 0000 32303233 		.ascii	"2023\0122022\0122021\0122020\0122019\0122018\012201"
  21      0A323032 
  21      320A3230 
  21      32310A32 
  21      3032300A 
  22 0021 370A3230 		.ascii	"7\0122016\0122015\0122014\0122013\0122012\0122011\012"
  22      31360A32 
  22      3031350A 
  22      32303134 
  22      0A323031 
  23 0041 32303130 		.ascii	"2010\0122009\0122008\0122007\0122006\0122005\012200"
  23      0A323030 
  23      390A3230 
  23      30380A32 
  23      3030370A 
  24 0062 340A3230 		.ascii	"4\0122003\0122002\0122001\0122000\0121999\0121998\012"
  24      30330A32 
  24      3030320A 
  24      32303031 
  24      0A323030 
  25 0082 31393937 		.ascii	"1997\0121996\0121995\0121994\0121993\0121992\012199"
  25      0A313939 
  25      360A3139 
  25      39350A31 
  25      3939340A 
  26 00a3 310A3139 		.ascii	"1\0121990\0121989\0121988\0121987\0121986\0121985\012"
  26      39300A31 
  26      3938390A 
  26      31393838 
  26      0A313938 
  27 00c3 31393834 		.ascii	"1984\0121983\0121982\0121981\0121980\0121979\012197"
  27      0A313938 
  27      330A3139 
  27      38320A31 
  27      3938310A 
  28 00e4 380A3139 		.ascii	"8\0121977\0121976\0121975\0121974\0121973\0121972\012"
  28      37370A31 
ARM GAS  C:\Users\OSD\AppData\Local\Temp\ccX927JT.s 			page 2


  28      3937360A 
  28      31393735 
  28      0A313937 
  29 0104 31393731 		.ascii	"1971\0121970\0121969\0121968\0121967\0121966\012196"
  29      0A313937 
  29      300A3139 
  29      36390A31 
  29      3936380A 
  30 0125 350A3139 		.ascii	"5\0121964\0121963\0121962\0121961\0121960\0121959\012"
  30      36340A31 
  30      3936330A 
  30      31393632 
  30      0A313936 
  31 0145 31393538 		.ascii	"1958\0121957\0121956\0121955\0121954\0121953\012195"
  31      0A313935 
  31      370A3139 
  31      35360A31 
  31      3935350A 
  32 0166 320A3139 		.ascii	"2\0121951\0121950\0121949\0121948\0121947\0121946\012"
  32      35310A31 
  32      3935300A 
  32      31393439 
  32      0A313934 
  33 0186 31393435 		.ascii	"1945\0121944\0121943\0121942\0121941\0121940\012193"
  33      0A313934 
  33      340A3139 
  33      34330A31 
  33      3934320A 
  34 01a7 390A3139 		.ascii	"9\0121938\0121937\0121936\0121935\0121934\0121933\012"
  34      33380A31 
  34      3933370A 
  34      31393336 
  34      0A313933 
  35 01c7 31393332 		.ascii	"1932\0121931\0121930\0121929\0121928\0121927\012192"
  35      0A313933 
  35      310A3139 
  35      33300A31 
  35      3932390A 
  36 01e8 360A3139 		.ascii	"6\0121925\0121924\0121923\0121922\0121921\0121920\012"
  36      32350A31 
  36      3932340A 
  36      31393233 
  36      0A313932 
  37 0208 31393139 		.ascii	"1919\0121918\0121917\0121916\0121915\0121914\012191"
  37      0A313931 
  37      380A3139 
  37      31370A31 
  37      3931360A 
  38 0229 330A3139 		.ascii	"3\0121912\0121911\0121910\0121909\0121908\0121907\012"
  38      31320A31 
  38      3931310A 
  38      31393130 
  38      0A313930 
  39 0249 31393036 		.ascii	"1906\0121905\0121904\0121903\0121902\0121901\000"
  39      0A313930 
  39      350A3139 
  39      30340A31 
ARM GAS  C:\Users\OSD\AppData\Local\Temp\ccX927JT.s 			page 3


  39      3930330A 
  40 0267 00       		.align	2
  41              	.LC1:
  42 0268 30310A30 		.ascii	"01\01202\01203\01204\01205\01206\01207\01208\01209\012"
  42      320A3033 
  42      0A30340A 
  42      30350A30 
  42      360A3037 
  43 0283 31300A31 		.ascii	"10\01211\01212\000"
  43      310A3132 
  43      00
  44              		.section	.text.my_constructor,"ax",%progbits
  45              		.align	1
  46              		.syntax unified
  47              		.thumb
  48              		.thumb_func
  50              	my_constructor:
  51              	.LVL0:
  52              	.LFB168:
  53              		.file 1 "lvgl/src/extra/widgets/calendar/lv_calendar_header_dropdown.c"
   1:lvgl/src/extra/widgets/calendar/lv_calendar_header_dropdown.c **** /**
   2:lvgl/src/extra/widgets/calendar/lv_calendar_header_dropdown.c ****  * @file lv_calendar_obj_dropdown.c
   3:lvgl/src/extra/widgets/calendar/lv_calendar_header_dropdown.c ****  *
   4:lvgl/src/extra/widgets/calendar/lv_calendar_header_dropdown.c ****  */
   5:lvgl/src/extra/widgets/calendar/lv_calendar_header_dropdown.c **** 
   6:lvgl/src/extra/widgets/calendar/lv_calendar_header_dropdown.c **** /*********************
   7:lvgl/src/extra/widgets/calendar/lv_calendar_header_dropdown.c ****  *      INCLUDES
   8:lvgl/src/extra/widgets/calendar/lv_calendar_header_dropdown.c ****  *********************/
   9:lvgl/src/extra/widgets/calendar/lv_calendar_header_dropdown.c **** #include "lv_calendar_header_dropdown.h"
  10:lvgl/src/extra/widgets/calendar/lv_calendar_header_dropdown.c **** #if LV_USE_CALENDAR_HEADER_DROPDOWN
  11:lvgl/src/extra/widgets/calendar/lv_calendar_header_dropdown.c **** 
  12:lvgl/src/extra/widgets/calendar/lv_calendar_header_dropdown.c **** #include "lv_calendar.h"
  13:lvgl/src/extra/widgets/calendar/lv_calendar_header_dropdown.c **** #include "../../../widgets/lv_dropdown.h"
  14:lvgl/src/extra/widgets/calendar/lv_calendar_header_dropdown.c **** #include "../../layouts/flex/lv_flex.h"
  15:lvgl/src/extra/widgets/calendar/lv_calendar_header_dropdown.c **** 
  16:lvgl/src/extra/widgets/calendar/lv_calendar_header_dropdown.c **** /*********************
  17:lvgl/src/extra/widgets/calendar/lv_calendar_header_dropdown.c ****  *      DEFINES
  18:lvgl/src/extra/widgets/calendar/lv_calendar_header_dropdown.c ****  *********************/
  19:lvgl/src/extra/widgets/calendar/lv_calendar_header_dropdown.c **** 
  20:lvgl/src/extra/widgets/calendar/lv_calendar_header_dropdown.c **** /**********************
  21:lvgl/src/extra/widgets/calendar/lv_calendar_header_dropdown.c ****  *      TYPEDEFS
  22:lvgl/src/extra/widgets/calendar/lv_calendar_header_dropdown.c ****  **********************/
  23:lvgl/src/extra/widgets/calendar/lv_calendar_header_dropdown.c **** 
  24:lvgl/src/extra/widgets/calendar/lv_calendar_header_dropdown.c **** /**********************
  25:lvgl/src/extra/widgets/calendar/lv_calendar_header_dropdown.c ****  *  STATIC PROTOTYPES
  26:lvgl/src/extra/widgets/calendar/lv_calendar_header_dropdown.c ****  **********************/
  27:lvgl/src/extra/widgets/calendar/lv_calendar_header_dropdown.c **** static void my_constructor(const lv_obj_class_t * class_p, lv_obj_t * obj);
  28:lvgl/src/extra/widgets/calendar/lv_calendar_header_dropdown.c **** static void year_event_cb(lv_event_t * e);
  29:lvgl/src/extra/widgets/calendar/lv_calendar_header_dropdown.c **** static void month_event_cb(lv_event_t * e);
  30:lvgl/src/extra/widgets/calendar/lv_calendar_header_dropdown.c **** static void value_changed_event_cb(lv_event_t * e);
  31:lvgl/src/extra/widgets/calendar/lv_calendar_header_dropdown.c **** 
  32:lvgl/src/extra/widgets/calendar/lv_calendar_header_dropdown.c **** /**********************
  33:lvgl/src/extra/widgets/calendar/lv_calendar_header_dropdown.c ****  *  STATIC VARIABLES
  34:lvgl/src/extra/widgets/calendar/lv_calendar_header_dropdown.c ****  **********************/
  35:lvgl/src/extra/widgets/calendar/lv_calendar_header_dropdown.c **** const lv_obj_class_t lv_calendar_header_dropdown_class = {
  36:lvgl/src/extra/widgets/calendar/lv_calendar_header_dropdown.c ****     .base_class = &lv_obj_class,
  37:lvgl/src/extra/widgets/calendar/lv_calendar_header_dropdown.c ****     .width_def = LV_PCT(100),
ARM GAS  C:\Users\OSD\AppData\Local\Temp\ccX927JT.s 			page 4


  38:lvgl/src/extra/widgets/calendar/lv_calendar_header_dropdown.c ****     .height_def = LV_SIZE_CONTENT,
  39:lvgl/src/extra/widgets/calendar/lv_calendar_header_dropdown.c ****     .constructor_cb = my_constructor
  40:lvgl/src/extra/widgets/calendar/lv_calendar_header_dropdown.c **** };
  41:lvgl/src/extra/widgets/calendar/lv_calendar_header_dropdown.c **** 
  42:lvgl/src/extra/widgets/calendar/lv_calendar_header_dropdown.c **** static const char * month_list = "01\n02\n03\n04\n05\n06\n07\n08\n09\n10\n11\n12";
  43:lvgl/src/extra/widgets/calendar/lv_calendar_header_dropdown.c **** static const char * year_list = {
  44:lvgl/src/extra/widgets/calendar/lv_calendar_header_dropdown.c ****     "2023\n2022\n2021\n"
  45:lvgl/src/extra/widgets/calendar/lv_calendar_header_dropdown.c ****     "2020\n2019\n2018\n2017\n2016\n2015\n2014\n2013\n2012\n2011\n2010\n2009\n2008\n2007\n2006\n2005
  46:lvgl/src/extra/widgets/calendar/lv_calendar_header_dropdown.c ****     "2000\n1999\n1998\n1997\n1996\n1995\n1994\n1993\n1992\n1991\n1990\n1989\n1988\n1987\n1986\n1985
  47:lvgl/src/extra/widgets/calendar/lv_calendar_header_dropdown.c ****     "1980\n1979\n1978\n1977\n1976\n1975\n1974\n1973\n1972\n1971\n1970\n1969\n1968\n1967\n1966\n1965
  48:lvgl/src/extra/widgets/calendar/lv_calendar_header_dropdown.c ****     "1960\n1959\n1958\n1957\n1956\n1955\n1954\n1953\n1952\n1951\n1950\n1949\n1948\n1947\n1946\n1945
  49:lvgl/src/extra/widgets/calendar/lv_calendar_header_dropdown.c ****     "1940\n1939\n1938\n1937\n1936\n1935\n1934\n1933\n1932\n1931\n1930\n1929\n1928\n1927\n1926\n1925
  50:lvgl/src/extra/widgets/calendar/lv_calendar_header_dropdown.c ****     "1920\n1919\n1918\n1917\n1916\n1915\n1914\n1913\n1912\n1911\n1910\n1909\n1908\n1907\n1906\n1905
  51:lvgl/src/extra/widgets/calendar/lv_calendar_header_dropdown.c **** };
  52:lvgl/src/extra/widgets/calendar/lv_calendar_header_dropdown.c **** 
  53:lvgl/src/extra/widgets/calendar/lv_calendar_header_dropdown.c **** /**********************
  54:lvgl/src/extra/widgets/calendar/lv_calendar_header_dropdown.c ****  *      MACROS
  55:lvgl/src/extra/widgets/calendar/lv_calendar_header_dropdown.c ****  **********************/
  56:lvgl/src/extra/widgets/calendar/lv_calendar_header_dropdown.c **** 
  57:lvgl/src/extra/widgets/calendar/lv_calendar_header_dropdown.c **** /**********************
  58:lvgl/src/extra/widgets/calendar/lv_calendar_header_dropdown.c ****  *   GLOBAL FUNCTIONS
  59:lvgl/src/extra/widgets/calendar/lv_calendar_header_dropdown.c ****  **********************/
  60:lvgl/src/extra/widgets/calendar/lv_calendar_header_dropdown.c **** 
  61:lvgl/src/extra/widgets/calendar/lv_calendar_header_dropdown.c **** lv_obj_t * lv_calendar_header_dropdown_create(lv_obj_t * parent)
  62:lvgl/src/extra/widgets/calendar/lv_calendar_header_dropdown.c **** {
  63:lvgl/src/extra/widgets/calendar/lv_calendar_header_dropdown.c ****     lv_obj_t * obj = lv_obj_class_create_obj(&lv_calendar_header_dropdown_class, parent);
  64:lvgl/src/extra/widgets/calendar/lv_calendar_header_dropdown.c ****     lv_obj_class_init_obj(obj);
  65:lvgl/src/extra/widgets/calendar/lv_calendar_header_dropdown.c **** 
  66:lvgl/src/extra/widgets/calendar/lv_calendar_header_dropdown.c ****     return obj;
  67:lvgl/src/extra/widgets/calendar/lv_calendar_header_dropdown.c **** }
  68:lvgl/src/extra/widgets/calendar/lv_calendar_header_dropdown.c **** 
  69:lvgl/src/extra/widgets/calendar/lv_calendar_header_dropdown.c **** void lv_calendar_header_dropdown_set_year_list(lv_obj_t * parent, const char * years_list)
  70:lvgl/src/extra/widgets/calendar/lv_calendar_header_dropdown.c **** {
  71:lvgl/src/extra/widgets/calendar/lv_calendar_header_dropdown.c ****     bool child_found = false;
  72:lvgl/src/extra/widgets/calendar/lv_calendar_header_dropdown.c ****     uint32_t idx = 0;
  73:lvgl/src/extra/widgets/calendar/lv_calendar_header_dropdown.c ****     lv_obj_t * child = NULL;
  74:lvgl/src/extra/widgets/calendar/lv_calendar_header_dropdown.c **** 
  75:lvgl/src/extra/widgets/calendar/lv_calendar_header_dropdown.c ****     const uint32_t calendar_child_count = lv_obj_get_child_cnt(parent);
  76:lvgl/src/extra/widgets/calendar/lv_calendar_header_dropdown.c **** 
  77:lvgl/src/extra/widgets/calendar/lv_calendar_header_dropdown.c ****     /* Search for the header dropdown */
  78:lvgl/src/extra/widgets/calendar/lv_calendar_header_dropdown.c ****     for(idx = 0; idx < calendar_child_count; idx++) {
  79:lvgl/src/extra/widgets/calendar/lv_calendar_header_dropdown.c ****         child = lv_obj_get_child(parent, idx);
  80:lvgl/src/extra/widgets/calendar/lv_calendar_header_dropdown.c ****         if(lv_obj_check_type(child, &lv_calendar_header_dropdown_class)) {
  81:lvgl/src/extra/widgets/calendar/lv_calendar_header_dropdown.c ****             child_found = true;
  82:lvgl/src/extra/widgets/calendar/lv_calendar_header_dropdown.c ****             break;
  83:lvgl/src/extra/widgets/calendar/lv_calendar_header_dropdown.c ****         }
  84:lvgl/src/extra/widgets/calendar/lv_calendar_header_dropdown.c ****     }
  85:lvgl/src/extra/widgets/calendar/lv_calendar_header_dropdown.c **** 
  86:lvgl/src/extra/widgets/calendar/lv_calendar_header_dropdown.c ****     if(!child_found) return;
  87:lvgl/src/extra/widgets/calendar/lv_calendar_header_dropdown.c **** 
  88:lvgl/src/extra/widgets/calendar/lv_calendar_header_dropdown.c ****     child_found = false;
  89:lvgl/src/extra/widgets/calendar/lv_calendar_header_dropdown.c ****     const uint32_t header_child_count = lv_obj_get_child_cnt(child);
  90:lvgl/src/extra/widgets/calendar/lv_calendar_header_dropdown.c **** 
  91:lvgl/src/extra/widgets/calendar/lv_calendar_header_dropdown.c ****     /* Search for the year dropdown */
  92:lvgl/src/extra/widgets/calendar/lv_calendar_header_dropdown.c ****     for(idx = 0; idx < header_child_count; idx++) {
  93:lvgl/src/extra/widgets/calendar/lv_calendar_header_dropdown.c ****         child = lv_obj_get_child(child, idx);
  94:lvgl/src/extra/widgets/calendar/lv_calendar_header_dropdown.c ****         if(lv_obj_check_type(child, &lv_dropdown_class)) {
ARM GAS  C:\Users\OSD\AppData\Local\Temp\ccX927JT.s 			page 5


  95:lvgl/src/extra/widgets/calendar/lv_calendar_header_dropdown.c ****             child_found = true;
  96:lvgl/src/extra/widgets/calendar/lv_calendar_header_dropdown.c ****             break;
  97:lvgl/src/extra/widgets/calendar/lv_calendar_header_dropdown.c ****         }
  98:lvgl/src/extra/widgets/calendar/lv_calendar_header_dropdown.c ****     }
  99:lvgl/src/extra/widgets/calendar/lv_calendar_header_dropdown.c **** 
 100:lvgl/src/extra/widgets/calendar/lv_calendar_header_dropdown.c ****     if(!child_found) return;
 101:lvgl/src/extra/widgets/calendar/lv_calendar_header_dropdown.c **** 
 102:lvgl/src/extra/widgets/calendar/lv_calendar_header_dropdown.c ****     lv_dropdown_clear_options(child);
 103:lvgl/src/extra/widgets/calendar/lv_calendar_header_dropdown.c ****     lv_dropdown_set_options(child, years_list);
 104:lvgl/src/extra/widgets/calendar/lv_calendar_header_dropdown.c **** 
 105:lvgl/src/extra/widgets/calendar/lv_calendar_header_dropdown.c ****     lv_obj_invalidate(parent);
 106:lvgl/src/extra/widgets/calendar/lv_calendar_header_dropdown.c **** }
 107:lvgl/src/extra/widgets/calendar/lv_calendar_header_dropdown.c **** 
 108:lvgl/src/extra/widgets/calendar/lv_calendar_header_dropdown.c **** /**********************
 109:lvgl/src/extra/widgets/calendar/lv_calendar_header_dropdown.c ****  *  STATIC FUNCTIONS
 110:lvgl/src/extra/widgets/calendar/lv_calendar_header_dropdown.c ****  **********************/
 111:lvgl/src/extra/widgets/calendar/lv_calendar_header_dropdown.c **** 
 112:lvgl/src/extra/widgets/calendar/lv_calendar_header_dropdown.c **** static void my_constructor(const lv_obj_class_t * class_p, lv_obj_t * obj)
 113:lvgl/src/extra/widgets/calendar/lv_calendar_header_dropdown.c **** {
  54              		.loc 1 113 1 view -0
  55              		.cfi_startproc
  56              		@ args = 0, pretend = 0, frame = 0
  57              		@ frame_needed = 0, uses_anonymous_args = 0
  58              		.loc 1 113 1 is_stmt 0 view .LVU1
  59 0000 70B5     		push	{r4, r5, r6, lr}
  60              		.cfi_def_cfa_offset 16
  61              		.cfi_offset 4, -16
  62              		.cfi_offset 5, -12
  63              		.cfi_offset 6, -8
  64              		.cfi_offset 14, -4
  65 0002 0C46     		mov	r4, r1
 114:lvgl/src/extra/widgets/calendar/lv_calendar_header_dropdown.c ****     LV_TRACE_OBJ_CREATE("begin");
  66              		.loc 1 114 33 is_stmt 1 view .LVU2
 115:lvgl/src/extra/widgets/calendar/lv_calendar_header_dropdown.c **** 
 116:lvgl/src/extra/widgets/calendar/lv_calendar_header_dropdown.c ****     LV_UNUSED(class_p);
  67              		.loc 1 116 5 view .LVU3
 117:lvgl/src/extra/widgets/calendar/lv_calendar_header_dropdown.c **** 
 118:lvgl/src/extra/widgets/calendar/lv_calendar_header_dropdown.c ****     lv_obj_t * calendar = lv_obj_get_parent(obj);
  68              		.loc 1 118 5 view .LVU4
  69              		.loc 1 118 27 is_stmt 0 view .LVU5
  70 0004 0846     		mov	r0, r1
  71              	.LVL1:
  72              		.loc 1 118 27 view .LVU6
  73 0006 FFF7FEFF 		bl	lv_obj_get_parent
  74              	.LVL2:
  75              		.loc 1 118 27 view .LVU7
  76 000a 0646     		mov	r6, r0
  77              	.LVL3:
 119:lvgl/src/extra/widgets/calendar/lv_calendar_header_dropdown.c ****     lv_obj_move_to_index(obj, 0);
  78              		.loc 1 119 5 is_stmt 1 view .LVU8
  79 000c 0021     		movs	r1, #0
  80 000e 2046     		mov	r0, r4
  81              	.LVL4:
  82              		.loc 1 119 5 is_stmt 0 view .LVU9
  83 0010 FFF7FEFF 		bl	lv_obj_move_to_index
  84              	.LVL5:
 120:lvgl/src/extra/widgets/calendar/lv_calendar_header_dropdown.c ****     lv_obj_set_flex_flow(obj, LV_FLEX_FLOW_ROW);
ARM GAS  C:\Users\OSD\AppData\Local\Temp\ccX927JT.s 			page 6


  85              		.loc 1 120 5 is_stmt 1 view .LVU10
  86 0014 0021     		movs	r1, #0
  87 0016 2046     		mov	r0, r4
  88 0018 FFF7FEFF 		bl	lv_obj_set_flex_flow
  89              	.LVL6:
 121:lvgl/src/extra/widgets/calendar/lv_calendar_header_dropdown.c **** 
 122:lvgl/src/extra/widgets/calendar/lv_calendar_header_dropdown.c ****     lv_obj_t * year_dd = lv_dropdown_create(obj);
  90              		.loc 1 122 5 view .LVU11
  91              		.loc 1 122 26 is_stmt 0 view .LVU12
  92 001c 2046     		mov	r0, r4
  93 001e FFF7FEFF 		bl	lv_dropdown_create
  94              	.LVL7:
  95 0022 0546     		mov	r5, r0
  96              	.LVL8:
 123:lvgl/src/extra/widgets/calendar/lv_calendar_header_dropdown.c ****     lv_dropdown_set_options(year_dd, year_list);
  97              		.loc 1 123 5 is_stmt 1 view .LVU13
  98 0024 1449     		ldr	r1, .L3
  99 0026 FFF7FEFF 		bl	lv_dropdown_set_options
 100              	.LVL9:
 124:lvgl/src/extra/widgets/calendar/lv_calendar_header_dropdown.c ****     lv_obj_add_event_cb(year_dd, year_event_cb, LV_EVENT_VALUE_CHANGED, calendar);
 101              		.loc 1 124 5 view .LVU14
 102 002a 3346     		mov	r3, r6
 103 002c 1C22     		movs	r2, #28
 104 002e 1349     		ldr	r1, .L3+4
 105 0030 2846     		mov	r0, r5
 106 0032 FFF7FEFF 		bl	lv_obj_add_event_cb
 107              	.LVL10:
 125:lvgl/src/extra/widgets/calendar/lv_calendar_header_dropdown.c ****     lv_obj_set_flex_grow(year_dd, 1);
 108              		.loc 1 125 5 view .LVU15
 109 0036 0121     		movs	r1, #1
 110 0038 2846     		mov	r0, r5
 111 003a FFF7FEFF 		bl	lv_obj_set_flex_grow
 112              	.LVL11:
 126:lvgl/src/extra/widgets/calendar/lv_calendar_header_dropdown.c **** 
 127:lvgl/src/extra/widgets/calendar/lv_calendar_header_dropdown.c ****     lv_obj_t * month_dd = lv_dropdown_create(obj);
 113              		.loc 1 127 5 view .LVU16
 114              		.loc 1 127 27 is_stmt 0 view .LVU17
 115 003e 2046     		mov	r0, r4
 116 0040 FFF7FEFF 		bl	lv_dropdown_create
 117              	.LVL12:
 118 0044 0546     		mov	r5, r0
 119              	.LVL13:
 128:lvgl/src/extra/widgets/calendar/lv_calendar_header_dropdown.c ****     lv_dropdown_set_options(month_dd, month_list);
 120              		.loc 1 128 5 is_stmt 1 view .LVU18
 121 0046 0E49     		ldr	r1, .L3+8
 122 0048 FFF7FEFF 		bl	lv_dropdown_set_options
 123              	.LVL14:
 129:lvgl/src/extra/widgets/calendar/lv_calendar_header_dropdown.c ****     lv_obj_add_event_cb(month_dd, month_event_cb, LV_EVENT_VALUE_CHANGED, calendar);
 124              		.loc 1 129 5 view .LVU19
 125 004c 3346     		mov	r3, r6
 126 004e 1C22     		movs	r2, #28
 127 0050 0C49     		ldr	r1, .L3+12
 128 0052 2846     		mov	r0, r5
 129 0054 FFF7FEFF 		bl	lv_obj_add_event_cb
 130              	.LVL15:
 130:lvgl/src/extra/widgets/calendar/lv_calendar_header_dropdown.c ****     lv_obj_set_flex_grow(month_dd, 1);
 131              		.loc 1 130 5 view .LVU20
ARM GAS  C:\Users\OSD\AppData\Local\Temp\ccX927JT.s 			page 7


 132 0058 0121     		movs	r1, #1
 133 005a 2846     		mov	r0, r5
 134 005c FFF7FEFF 		bl	lv_obj_set_flex_grow
 135              	.LVL16:
 131:lvgl/src/extra/widgets/calendar/lv_calendar_header_dropdown.c **** 
 132:lvgl/src/extra/widgets/calendar/lv_calendar_header_dropdown.c ****     lv_obj_add_event_cb(obj, value_changed_event_cb, LV_EVENT_VALUE_CHANGED, NULL);
 136              		.loc 1 132 5 view .LVU21
 137 0060 0023     		movs	r3, #0
 138 0062 1C22     		movs	r2, #28
 139 0064 0849     		ldr	r1, .L3+16
 140 0066 2046     		mov	r0, r4
 141 0068 FFF7FEFF 		bl	lv_obj_add_event_cb
 142              	.LVL17:
 133:lvgl/src/extra/widgets/calendar/lv_calendar_header_dropdown.c ****     /*Refresh the drop downs*/
 134:lvgl/src/extra/widgets/calendar/lv_calendar_header_dropdown.c ****     lv_event_send(obj, LV_EVENT_VALUE_CHANGED, NULL);
 143              		.loc 1 134 5 view .LVU22
 144 006c 0022     		movs	r2, #0
 145 006e 1C21     		movs	r1, #28
 146 0070 2046     		mov	r0, r4
 147 0072 FFF7FEFF 		bl	lv_event_send
 148              	.LVL18:
 135:lvgl/src/extra/widgets/calendar/lv_calendar_header_dropdown.c **** }
 149              		.loc 1 135 1 is_stmt 0 view .LVU23
 150 0076 70BD     		pop	{r4, r5, r6, pc}
 151              	.LVL19:
 152              	.L4:
 153              		.loc 1 135 1 view .LVU24
 154              		.align	2
 155              	.L3:
 156 0078 00000000 		.word	.LC0
 157 007c 00000000 		.word	year_event_cb
 158 0080 68020000 		.word	.LC1
 159 0084 00000000 		.word	month_event_cb
 160 0088 00000000 		.word	value_changed_event_cb
 161              		.cfi_endproc
 162              	.LFE168:
 164              		.section	.text.value_changed_event_cb,"ax",%progbits
 165              		.align	1
 166              		.syntax unified
 167              		.thumb
 168              		.thumb_func
 170              	value_changed_event_cb:
 171              	.LVL20:
 172              	.LFB171:
 136:lvgl/src/extra/widgets/calendar/lv_calendar_header_dropdown.c **** 
 137:lvgl/src/extra/widgets/calendar/lv_calendar_header_dropdown.c **** static void month_event_cb(lv_event_t * e)
 138:lvgl/src/extra/widgets/calendar/lv_calendar_header_dropdown.c **** {
 139:lvgl/src/extra/widgets/calendar/lv_calendar_header_dropdown.c ****     lv_obj_t * dropdown = lv_event_get_target(e);
 140:lvgl/src/extra/widgets/calendar/lv_calendar_header_dropdown.c ****     lv_obj_t * calendar = lv_event_get_user_data(e);
 141:lvgl/src/extra/widgets/calendar/lv_calendar_header_dropdown.c **** 
 142:lvgl/src/extra/widgets/calendar/lv_calendar_header_dropdown.c ****     uint16_t sel = lv_dropdown_get_selected(dropdown);
 143:lvgl/src/extra/widgets/calendar/lv_calendar_header_dropdown.c **** 
 144:lvgl/src/extra/widgets/calendar/lv_calendar_header_dropdown.c ****     const lv_calendar_date_t * d;
 145:lvgl/src/extra/widgets/calendar/lv_calendar_header_dropdown.c ****     d = lv_calendar_get_showed_date(calendar);
 146:lvgl/src/extra/widgets/calendar/lv_calendar_header_dropdown.c ****     lv_calendar_date_t newd = *d;
 147:lvgl/src/extra/widgets/calendar/lv_calendar_header_dropdown.c ****     newd.month = sel + 1;
 148:lvgl/src/extra/widgets/calendar/lv_calendar_header_dropdown.c **** 
ARM GAS  C:\Users\OSD\AppData\Local\Temp\ccX927JT.s 			page 8


 149:lvgl/src/extra/widgets/calendar/lv_calendar_header_dropdown.c ****     lv_calendar_set_showed_date(calendar, newd.year, newd.month);
 150:lvgl/src/extra/widgets/calendar/lv_calendar_header_dropdown.c **** }
 151:lvgl/src/extra/widgets/calendar/lv_calendar_header_dropdown.c **** 
 152:lvgl/src/extra/widgets/calendar/lv_calendar_header_dropdown.c **** static void year_event_cb(lv_event_t * e)
 153:lvgl/src/extra/widgets/calendar/lv_calendar_header_dropdown.c **** {
 154:lvgl/src/extra/widgets/calendar/lv_calendar_header_dropdown.c ****     lv_obj_t * dropdown = lv_event_get_target(e);
 155:lvgl/src/extra/widgets/calendar/lv_calendar_header_dropdown.c ****     lv_obj_t * calendar = lv_event_get_user_data(e);
 156:lvgl/src/extra/widgets/calendar/lv_calendar_header_dropdown.c **** 
 157:lvgl/src/extra/widgets/calendar/lv_calendar_header_dropdown.c ****     uint16_t sel = lv_dropdown_get_selected(dropdown);
 158:lvgl/src/extra/widgets/calendar/lv_calendar_header_dropdown.c **** 
 159:lvgl/src/extra/widgets/calendar/lv_calendar_header_dropdown.c ****     const lv_calendar_date_t * d;
 160:lvgl/src/extra/widgets/calendar/lv_calendar_header_dropdown.c ****     d = lv_calendar_get_showed_date(calendar);
 161:lvgl/src/extra/widgets/calendar/lv_calendar_header_dropdown.c ****     lv_calendar_date_t newd = *d;
 162:lvgl/src/extra/widgets/calendar/lv_calendar_header_dropdown.c **** 
 163:lvgl/src/extra/widgets/calendar/lv_calendar_header_dropdown.c ****     /* Get the first year on the options list
 164:lvgl/src/extra/widgets/calendar/lv_calendar_header_dropdown.c ****      * NOTE: Assumes the first 4 digits in the option list are numbers */
 165:lvgl/src/extra/widgets/calendar/lv_calendar_header_dropdown.c ****     const char * year_p = lv_dropdown_get_options(dropdown);
 166:lvgl/src/extra/widgets/calendar/lv_calendar_header_dropdown.c ****     const uint32_t year = (year_p[0] - '0') * 1000 + (year_p[1] - '0') * 100 + (year_p[2] - '0') * 
 167:lvgl/src/extra/widgets/calendar/lv_calendar_header_dropdown.c ****                           (year_p[3] - '0');
 168:lvgl/src/extra/widgets/calendar/lv_calendar_header_dropdown.c **** 
 169:lvgl/src/extra/widgets/calendar/lv_calendar_header_dropdown.c ****     newd.year = year - sel;
 170:lvgl/src/extra/widgets/calendar/lv_calendar_header_dropdown.c **** 
 171:lvgl/src/extra/widgets/calendar/lv_calendar_header_dropdown.c ****     lv_calendar_set_showed_date(calendar, newd.year, newd.month);
 172:lvgl/src/extra/widgets/calendar/lv_calendar_header_dropdown.c **** }
 173:lvgl/src/extra/widgets/calendar/lv_calendar_header_dropdown.c **** 
 174:lvgl/src/extra/widgets/calendar/lv_calendar_header_dropdown.c **** static void value_changed_event_cb(lv_event_t * e)
 175:lvgl/src/extra/widgets/calendar/lv_calendar_header_dropdown.c **** {
 173              		.loc 1 175 1 is_stmt 1 view -0
 174              		.cfi_startproc
 175              		@ args = 0, pretend = 0, frame = 0
 176              		@ frame_needed = 0, uses_anonymous_args = 0
 177              		.loc 1 175 1 is_stmt 0 view .LVU26
 178 0000 70B5     		push	{r4, r5, r6, lr}
 179              		.cfi_def_cfa_offset 16
 180              		.cfi_offset 4, -16
 181              		.cfi_offset 5, -12
 182              		.cfi_offset 6, -8
 183              		.cfi_offset 14, -4
 176:lvgl/src/extra/widgets/calendar/lv_calendar_header_dropdown.c ****     lv_obj_t * header = lv_event_get_target(e);
 184              		.loc 1 176 5 is_stmt 1 view .LVU27
 185              		.loc 1 176 25 is_stmt 0 view .LVU28
 186 0002 FFF7FEFF 		bl	lv_event_get_target
 187              	.LVL21:
 188              		.loc 1 176 25 view .LVU29
 189 0006 0546     		mov	r5, r0
 190              	.LVL22:
 177:lvgl/src/extra/widgets/calendar/lv_calendar_header_dropdown.c ****     lv_obj_t * calendar = lv_obj_get_parent(header);
 191              		.loc 1 177 5 is_stmt 1 view .LVU30
 192              		.loc 1 177 27 is_stmt 0 view .LVU31
 193 0008 FFF7FEFF 		bl	lv_obj_get_parent
 194              	.LVL23:
 178:lvgl/src/extra/widgets/calendar/lv_calendar_header_dropdown.c ****     const lv_calendar_date_t * cur_date = lv_calendar_get_showed_date(calendar);
 195              		.loc 1 178 5 is_stmt 1 view .LVU32
 196              		.loc 1 178 43 is_stmt 0 view .LVU33
 197 000c FFF7FEFF 		bl	lv_calendar_get_showed_date
 198              	.LVL24:
 199              		.loc 1 178 43 view .LVU34
ARM GAS  C:\Users\OSD\AppData\Local\Temp\ccX927JT.s 			page 9


 200 0010 0446     		mov	r4, r0
 201              	.LVL25:
 179:lvgl/src/extra/widgets/calendar/lv_calendar_header_dropdown.c **** 
 180:lvgl/src/extra/widgets/calendar/lv_calendar_header_dropdown.c ****     lv_obj_t * year_dd = lv_obj_get_child(header, 0);
 202              		.loc 1 180 5 is_stmt 1 view .LVU35
 203              		.loc 1 180 26 is_stmt 0 view .LVU36
 204 0012 0021     		movs	r1, #0
 205 0014 2846     		mov	r0, r5
 206              	.LVL26:
 207              		.loc 1 180 26 view .LVU37
 208 0016 FFF7FEFF 		bl	lv_obj_get_child
 209              	.LVL27:
 210 001a 0646     		mov	r6, r0
 211              	.LVL28:
 181:lvgl/src/extra/widgets/calendar/lv_calendar_header_dropdown.c **** 
 182:lvgl/src/extra/widgets/calendar/lv_calendar_header_dropdown.c ****     /* Get the first year on the options list
 183:lvgl/src/extra/widgets/calendar/lv_calendar_header_dropdown.c ****      * NOTE: Assumes the first 4 digits in the option list are numbers */
 184:lvgl/src/extra/widgets/calendar/lv_calendar_header_dropdown.c ****     const char * year_p = lv_dropdown_get_options(year_dd);
 212              		.loc 1 184 5 is_stmt 1 view .LVU38
 213              		.loc 1 184 27 is_stmt 0 view .LVU39
 214 001c FFF7FEFF 		bl	lv_dropdown_get_options
 215              	.LVL29:
 185:lvgl/src/extra/widgets/calendar/lv_calendar_header_dropdown.c ****     const uint32_t year = (year_p[0] - '0') * 1000 + (year_p[1] - '0') * 100 + (year_p[2] - '0') * 
 216              		.loc 1 185 5 is_stmt 1 view .LVU40
 217              		.loc 1 185 34 is_stmt 0 view .LVU41
 218 0020 0178     		ldrb	r1, [r0]	@ zero_extendqisi2
 219              		.loc 1 185 38 view .LVU42
 220 0022 A1F13003 		sub	r3, r1, #48
 221              		.loc 1 185 61 view .LVU43
 222 0026 4178     		ldrb	r1, [r0, #1]	@ zero_extendqisi2
 223              		.loc 1 185 65 view .LVU44
 224 0028 3039     		subs	r1, r1, #48
 225              		.loc 1 185 72 view .LVU45
 226 002a 6422     		movs	r2, #100
 227 002c 02FB01F1 		mul	r1, r2, r1
 228              		.loc 1 185 52 view .LVU46
 229 0030 4FF47A72 		mov	r2, #1000
 230 0034 02FB0311 		mla	r1, r2, r3, r1
 231              		.loc 1 185 87 view .LVU47
 232 0038 8378     		ldrb	r3, [r0, #2]	@ zero_extendqisi2
 233              		.loc 1 185 91 view .LVU48
 234 003a 303B     		subs	r3, r3, #48
 235              		.loc 1 185 98 view .LVU49
 236 003c 03EB8303 		add	r3, r3, r3, lsl #2
 237              		.loc 1 185 78 view .LVU50
 238 0040 01EB4301 		add	r1, r1, r3, lsl #1
 186:lvgl/src/extra/widgets/calendar/lv_calendar_header_dropdown.c ****                           (year_p[3] - '0');
 239              		.loc 1 186 34 view .LVU51
 240 0044 C378     		ldrb	r3, [r0, #3]	@ zero_extendqisi2
 241              		.loc 1 186 38 view .LVU52
 242 0046 303B     		subs	r3, r3, #48
 185:lvgl/src/extra/widgets/calendar/lv_calendar_header_dropdown.c ****     const uint32_t year = (year_p[0] - '0') * 1000 + (year_p[1] - '0') * 100 + (year_p[2] - '0') * 
 243              		.loc 1 185 103 view .LVU53
 244 0048 1944     		add	r1, r1, r3
 245              	.LVL30:
 187:lvgl/src/extra/widgets/calendar/lv_calendar_header_dropdown.c **** 
 188:lvgl/src/extra/widgets/calendar/lv_calendar_header_dropdown.c ****     lv_dropdown_set_selected(year_dd, year - cur_date->year);
ARM GAS  C:\Users\OSD\AppData\Local\Temp\ccX927JT.s 			page 10


 246              		.loc 1 188 5 is_stmt 1 view .LVU54
 247              		.loc 1 188 54 is_stmt 0 view .LVU55
 248 004a 2388     		ldrh	r3, [r4]
 249              		.loc 1 188 5 view .LVU56
 250 004c C91A     		subs	r1, r1, r3
 251              	.LVL31:
 252              		.loc 1 188 5 view .LVU57
 253 004e 89B2     		uxth	r1, r1
 254 0050 3046     		mov	r0, r6
 255              	.LVL32:
 256              		.loc 1 188 5 view .LVU58
 257 0052 FFF7FEFF 		bl	lv_dropdown_set_selected
 258              	.LVL33:
 189:lvgl/src/extra/widgets/calendar/lv_calendar_header_dropdown.c **** 
 190:lvgl/src/extra/widgets/calendar/lv_calendar_header_dropdown.c ****     lv_obj_t * month_dd = lv_obj_get_child(header, 1);
 259              		.loc 1 190 5 is_stmt 1 view .LVU59
 260              		.loc 1 190 27 is_stmt 0 view .LVU60
 261 0056 0121     		movs	r1, #1
 262 0058 2846     		mov	r0, r5
 263 005a FFF7FEFF 		bl	lv_obj_get_child
 264              	.LVL34:
 191:lvgl/src/extra/widgets/calendar/lv_calendar_header_dropdown.c ****     lv_dropdown_set_selected(month_dd, cur_date->month - 1);
 265              		.loc 1 191 5 is_stmt 1 view .LVU61
 266              		.loc 1 191 48 is_stmt 0 view .LVU62
 267 005e 94F90210 		ldrsb	r1, [r4, #2]
 268 0062 89B2     		uxth	r1, r1
 269              		.loc 1 191 5 view .LVU63
 270 0064 0139     		subs	r1, r1, #1
 271 0066 89B2     		uxth	r1, r1
 272 0068 FFF7FEFF 		bl	lv_dropdown_set_selected
 273              	.LVL35:
 192:lvgl/src/extra/widgets/calendar/lv_calendar_header_dropdown.c **** }
 274              		.loc 1 192 1 view .LVU64
 275 006c 70BD     		pop	{r4, r5, r6, pc}
 276              		.loc 1 192 1 view .LVU65
 277              		.cfi_endproc
 278              	.LFE171:
 280              		.section	.text.month_event_cb,"ax",%progbits
 281              		.align	1
 282              		.syntax unified
 283              		.thumb
 284              		.thumb_func
 286              	month_event_cb:
 287              	.LVL36:
 288              	.LFB169:
 138:lvgl/src/extra/widgets/calendar/lv_calendar_header_dropdown.c ****     lv_obj_t * dropdown = lv_event_get_target(e);
 289              		.loc 1 138 1 is_stmt 1 view -0
 290              		.cfi_startproc
 291              		@ args = 0, pretend = 0, frame = 8
 292              		@ frame_needed = 0, uses_anonymous_args = 0
 138:lvgl/src/extra/widgets/calendar/lv_calendar_header_dropdown.c ****     lv_obj_t * dropdown = lv_event_get_target(e);
 293              		.loc 1 138 1 is_stmt 0 view .LVU67
 294 0000 30B5     		push	{r4, r5, lr}
 295              		.cfi_def_cfa_offset 12
 296              		.cfi_offset 4, -12
 297              		.cfi_offset 5, -8
 298              		.cfi_offset 14, -4
ARM GAS  C:\Users\OSD\AppData\Local\Temp\ccX927JT.s 			page 11


 299 0002 83B0     		sub	sp, sp, #12
 300              		.cfi_def_cfa_offset 24
 301 0004 0546     		mov	r5, r0
 139:lvgl/src/extra/widgets/calendar/lv_calendar_header_dropdown.c ****     lv_obj_t * calendar = lv_event_get_user_data(e);
 302              		.loc 1 139 5 is_stmt 1 view .LVU68
 139:lvgl/src/extra/widgets/calendar/lv_calendar_header_dropdown.c ****     lv_obj_t * calendar = lv_event_get_user_data(e);
 303              		.loc 1 139 27 is_stmt 0 view .LVU69
 304 0006 FFF7FEFF 		bl	lv_event_get_target
 305              	.LVL37:
 139:lvgl/src/extra/widgets/calendar/lv_calendar_header_dropdown.c ****     lv_obj_t * calendar = lv_event_get_user_data(e);
 306              		.loc 1 139 27 view .LVU70
 307 000a 0446     		mov	r4, r0
 308              	.LVL38:
 140:lvgl/src/extra/widgets/calendar/lv_calendar_header_dropdown.c **** 
 309              		.loc 1 140 5 is_stmt 1 view .LVU71
 140:lvgl/src/extra/widgets/calendar/lv_calendar_header_dropdown.c **** 
 310              		.loc 1 140 27 is_stmt 0 view .LVU72
 311 000c 2846     		mov	r0, r5
 312              	.LVL39:
 140:lvgl/src/extra/widgets/calendar/lv_calendar_header_dropdown.c **** 
 313              		.loc 1 140 27 view .LVU73
 314 000e FFF7FEFF 		bl	lv_event_get_user_data
 315              	.LVL40:
 316 0012 0546     		mov	r5, r0
 317              	.LVL41:
 142:lvgl/src/extra/widgets/calendar/lv_calendar_header_dropdown.c **** 
 318              		.loc 1 142 5 is_stmt 1 view .LVU74
 142:lvgl/src/extra/widgets/calendar/lv_calendar_header_dropdown.c **** 
 319              		.loc 1 142 20 is_stmt 0 view .LVU75
 320 0014 2046     		mov	r0, r4
 321              	.LVL42:
 142:lvgl/src/extra/widgets/calendar/lv_calendar_header_dropdown.c **** 
 322              		.loc 1 142 20 view .LVU76
 323 0016 FFF7FEFF 		bl	lv_dropdown_get_selected
 324              	.LVL43:
 325 001a 0446     		mov	r4, r0
 326              	.LVL44:
 144:lvgl/src/extra/widgets/calendar/lv_calendar_header_dropdown.c ****     d = lv_calendar_get_showed_date(calendar);
 327              		.loc 1 144 5 is_stmt 1 view .LVU77
 145:lvgl/src/extra/widgets/calendar/lv_calendar_header_dropdown.c ****     lv_calendar_date_t newd = *d;
 328              		.loc 1 145 5 view .LVU78
 145:lvgl/src/extra/widgets/calendar/lv_calendar_header_dropdown.c ****     lv_calendar_date_t newd = *d;
 329              		.loc 1 145 9 is_stmt 0 view .LVU79
 330 001c 2846     		mov	r0, r5
 331 001e FFF7FEFF 		bl	lv_calendar_get_showed_date
 332              	.LVL45:
 146:lvgl/src/extra/widgets/calendar/lv_calendar_header_dropdown.c ****     newd.month = sel + 1;
 333              		.loc 1 146 5 is_stmt 1 view .LVU80
 146:lvgl/src/extra/widgets/calendar/lv_calendar_header_dropdown.c ****     newd.month = sel + 1;
 334              		.loc 1 146 24 is_stmt 0 view .LVU81
 335 0022 0068     		ldr	r0, [r0]	@ unaligned
 336              	.LVL46:
 146:lvgl/src/extra/widgets/calendar/lv_calendar_header_dropdown.c ****     newd.month = sel + 1;
 337              		.loc 1 146 24 view .LVU82
 338 0024 0190     		str	r0, [sp, #4]
 147:lvgl/src/extra/widgets/calendar/lv_calendar_header_dropdown.c **** 
 339              		.loc 1 147 5 is_stmt 1 view .LVU83
ARM GAS  C:\Users\OSD\AppData\Local\Temp\ccX927JT.s 			page 12


 147:lvgl/src/extra/widgets/calendar/lv_calendar_header_dropdown.c **** 
 340              		.loc 1 147 22 is_stmt 0 view .LVU84
 341 0026 621C     		adds	r2, r4, #1
 342 0028 52B2     		sxtb	r2, r2
 147:lvgl/src/extra/widgets/calendar/lv_calendar_header_dropdown.c **** 
 343              		.loc 1 147 16 view .LVU85
 344 002a 8DF80620 		strb	r2, [sp, #6]
 149:lvgl/src/extra/widgets/calendar/lv_calendar_header_dropdown.c **** }
 345              		.loc 1 149 5 is_stmt 1 view .LVU86
 346 002e BDF80410 		ldrh	r1, [sp, #4]
 347 0032 2846     		mov	r0, r5
 348 0034 FFF7FEFF 		bl	lv_calendar_set_showed_date
 349              	.LVL47:
 150:lvgl/src/extra/widgets/calendar/lv_calendar_header_dropdown.c **** 
 350              		.loc 1 150 1 is_stmt 0 view .LVU87
 351 0038 03B0     		add	sp, sp, #12
 352              		.cfi_def_cfa_offset 12
 353              		@ sp needed
 354 003a 30BD     		pop	{r4, r5, pc}
 150:lvgl/src/extra/widgets/calendar/lv_calendar_header_dropdown.c **** 
 355              		.loc 1 150 1 view .LVU88
 356              		.cfi_endproc
 357              	.LFE169:
 359              		.section	.text.year_event_cb,"ax",%progbits
 360              		.align	1
 361              		.syntax unified
 362              		.thumb
 363              		.thumb_func
 365              	year_event_cb:
 366              	.LVL48:
 367              	.LFB170:
 153:lvgl/src/extra/widgets/calendar/lv_calendar_header_dropdown.c ****     lv_obj_t * dropdown = lv_event_get_target(e);
 368              		.loc 1 153 1 is_stmt 1 view -0
 369              		.cfi_startproc
 370              		@ args = 0, pretend = 0, frame = 8
 371              		@ frame_needed = 0, uses_anonymous_args = 0
 153:lvgl/src/extra/widgets/calendar/lv_calendar_header_dropdown.c ****     lv_obj_t * dropdown = lv_event_get_target(e);
 372              		.loc 1 153 1 is_stmt 0 view .LVU90
 373 0000 70B5     		push	{r4, r5, r6, lr}
 374              		.cfi_def_cfa_offset 16
 375              		.cfi_offset 4, -16
 376              		.cfi_offset 5, -12
 377              		.cfi_offset 6, -8
 378              		.cfi_offset 14, -4
 379 0002 82B0     		sub	sp, sp, #8
 380              		.cfi_def_cfa_offset 24
 381 0004 0446     		mov	r4, r0
 154:lvgl/src/extra/widgets/calendar/lv_calendar_header_dropdown.c ****     lv_obj_t * calendar = lv_event_get_user_data(e);
 382              		.loc 1 154 5 is_stmt 1 view .LVU91
 154:lvgl/src/extra/widgets/calendar/lv_calendar_header_dropdown.c ****     lv_obj_t * calendar = lv_event_get_user_data(e);
 383              		.loc 1 154 27 is_stmt 0 view .LVU92
 384 0006 FFF7FEFF 		bl	lv_event_get_target
 385              	.LVL49:
 154:lvgl/src/extra/widgets/calendar/lv_calendar_header_dropdown.c ****     lv_obj_t * calendar = lv_event_get_user_data(e);
 386              		.loc 1 154 27 view .LVU93
 387 000a 0646     		mov	r6, r0
 388              	.LVL50:
ARM GAS  C:\Users\OSD\AppData\Local\Temp\ccX927JT.s 			page 13


 155:lvgl/src/extra/widgets/calendar/lv_calendar_header_dropdown.c **** 
 389              		.loc 1 155 5 is_stmt 1 view .LVU94
 155:lvgl/src/extra/widgets/calendar/lv_calendar_header_dropdown.c **** 
 390              		.loc 1 155 27 is_stmt 0 view .LVU95
 391 000c 2046     		mov	r0, r4
 392              	.LVL51:
 155:lvgl/src/extra/widgets/calendar/lv_calendar_header_dropdown.c **** 
 393              		.loc 1 155 27 view .LVU96
 394 000e FFF7FEFF 		bl	lv_event_get_user_data
 395              	.LVL52:
 396 0012 0446     		mov	r4, r0
 397              	.LVL53:
 157:lvgl/src/extra/widgets/calendar/lv_calendar_header_dropdown.c **** 
 398              		.loc 1 157 5 is_stmt 1 view .LVU97
 157:lvgl/src/extra/widgets/calendar/lv_calendar_header_dropdown.c **** 
 399              		.loc 1 157 20 is_stmt 0 view .LVU98
 400 0014 3046     		mov	r0, r6
 401              	.LVL54:
 157:lvgl/src/extra/widgets/calendar/lv_calendar_header_dropdown.c **** 
 402              		.loc 1 157 20 view .LVU99
 403 0016 FFF7FEFF 		bl	lv_dropdown_get_selected
 404              	.LVL55:
 405 001a 0546     		mov	r5, r0
 406              	.LVL56:
 159:lvgl/src/extra/widgets/calendar/lv_calendar_header_dropdown.c ****     d = lv_calendar_get_showed_date(calendar);
 407              		.loc 1 159 5 is_stmt 1 view .LVU100
 160:lvgl/src/extra/widgets/calendar/lv_calendar_header_dropdown.c ****     lv_calendar_date_t newd = *d;
 408              		.loc 1 160 5 view .LVU101
 160:lvgl/src/extra/widgets/calendar/lv_calendar_header_dropdown.c ****     lv_calendar_date_t newd = *d;
 409              		.loc 1 160 9 is_stmt 0 view .LVU102
 410 001c 2046     		mov	r0, r4
 411 001e FFF7FEFF 		bl	lv_calendar_get_showed_date
 412              	.LVL57:
 161:lvgl/src/extra/widgets/calendar/lv_calendar_header_dropdown.c **** 
 413              		.loc 1 161 5 is_stmt 1 view .LVU103
 161:lvgl/src/extra/widgets/calendar/lv_calendar_header_dropdown.c **** 
 414              		.loc 1 161 24 is_stmt 0 view .LVU104
 415 0022 0068     		ldr	r0, [r0]	@ unaligned
 416              	.LVL58:
 161:lvgl/src/extra/widgets/calendar/lv_calendar_header_dropdown.c **** 
 417              		.loc 1 161 24 view .LVU105
 418 0024 0190     		str	r0, [sp, #4]
 165:lvgl/src/extra/widgets/calendar/lv_calendar_header_dropdown.c ****     const uint32_t year = (year_p[0] - '0') * 1000 + (year_p[1] - '0') * 100 + (year_p[2] - '0') * 
 419              		.loc 1 165 5 is_stmt 1 view .LVU106
 165:lvgl/src/extra/widgets/calendar/lv_calendar_header_dropdown.c ****     const uint32_t year = (year_p[0] - '0') * 1000 + (year_p[1] - '0') * 100 + (year_p[2] - '0') * 
 420              		.loc 1 165 27 is_stmt 0 view .LVU107
 421 0026 3046     		mov	r0, r6
 422 0028 FFF7FEFF 		bl	lv_dropdown_get_options
 423              	.LVL59:
 166:lvgl/src/extra/widgets/calendar/lv_calendar_header_dropdown.c ****                           (year_p[3] - '0');
 424              		.loc 1 166 5 is_stmt 1 view .LVU108
 166:lvgl/src/extra/widgets/calendar/lv_calendar_header_dropdown.c ****                           (year_p[3] - '0');
 425              		.loc 1 166 34 is_stmt 0 view .LVU109
 426 002c 0178     		ldrb	r1, [r0]	@ zero_extendqisi2
 166:lvgl/src/extra/widgets/calendar/lv_calendar_header_dropdown.c ****                           (year_p[3] - '0');
 427              		.loc 1 166 38 view .LVU110
 428 002e A1F13003 		sub	r3, r1, #48
ARM GAS  C:\Users\OSD\AppData\Local\Temp\ccX927JT.s 			page 14


 166:lvgl/src/extra/widgets/calendar/lv_calendar_header_dropdown.c ****                           (year_p[3] - '0');
 429              		.loc 1 166 61 view .LVU111
 430 0032 4178     		ldrb	r1, [r0, #1]	@ zero_extendqisi2
 166:lvgl/src/extra/widgets/calendar/lv_calendar_header_dropdown.c ****                           (year_p[3] - '0');
 431              		.loc 1 166 65 view .LVU112
 432 0034 3039     		subs	r1, r1, #48
 166:lvgl/src/extra/widgets/calendar/lv_calendar_header_dropdown.c ****                           (year_p[3] - '0');
 433              		.loc 1 166 72 view .LVU113
 434 0036 6422     		movs	r2, #100
 435 0038 02FB01F1 		mul	r1, r2, r1
 166:lvgl/src/extra/widgets/calendar/lv_calendar_header_dropdown.c ****                           (year_p[3] - '0');
 436              		.loc 1 166 52 view .LVU114
 437 003c 4FF47A72 		mov	r2, #1000
 438 0040 02FB0311 		mla	r1, r2, r3, r1
 166:lvgl/src/extra/widgets/calendar/lv_calendar_header_dropdown.c ****                           (year_p[3] - '0');
 439              		.loc 1 166 87 view .LVU115
 440 0044 8378     		ldrb	r3, [r0, #2]	@ zero_extendqisi2
 166:lvgl/src/extra/widgets/calendar/lv_calendar_header_dropdown.c ****                           (year_p[3] - '0');
 441              		.loc 1 166 91 view .LVU116
 442 0046 303B     		subs	r3, r3, #48
 166:lvgl/src/extra/widgets/calendar/lv_calendar_header_dropdown.c ****                           (year_p[3] - '0');
 443              		.loc 1 166 98 view .LVU117
 444 0048 03EB8303 		add	r3, r3, r3, lsl #2
 166:lvgl/src/extra/widgets/calendar/lv_calendar_header_dropdown.c ****                           (year_p[3] - '0');
 445              		.loc 1 166 78 view .LVU118
 446 004c 01EB4301 		add	r1, r1, r3, lsl #1
 167:lvgl/src/extra/widgets/calendar/lv_calendar_header_dropdown.c **** 
 447              		.loc 1 167 34 view .LVU119
 448 0050 C078     		ldrb	r0, [r0, #3]	@ zero_extendqisi2
 449              	.LVL60:
 167:lvgl/src/extra/widgets/calendar/lv_calendar_header_dropdown.c **** 
 450              		.loc 1 167 38 view .LVU120
 451 0052 3038     		subs	r0, r0, #48
 166:lvgl/src/extra/widgets/calendar/lv_calendar_header_dropdown.c ****                           (year_p[3] - '0');
 452              		.loc 1 166 103 view .LVU121
 453 0054 0144     		add	r1, r1, r0
 454              	.LVL61:
 169:lvgl/src/extra/widgets/calendar/lv_calendar_header_dropdown.c **** 
 455              		.loc 1 169 5 is_stmt 1 view .LVU122
 169:lvgl/src/extra/widgets/calendar/lv_calendar_header_dropdown.c **** 
 456              		.loc 1 169 22 is_stmt 0 view .LVU123
 457 0056 491B     		subs	r1, r1, r5
 458              	.LVL62:
 169:lvgl/src/extra/widgets/calendar/lv_calendar_header_dropdown.c **** 
 459              		.loc 1 169 22 view .LVU124
 460 0058 89B2     		uxth	r1, r1
 169:lvgl/src/extra/widgets/calendar/lv_calendar_header_dropdown.c **** 
 461              		.loc 1 169 15 view .LVU125
 462 005a ADF80410 		strh	r1, [sp, #4]	@ movhi
 171:lvgl/src/extra/widgets/calendar/lv_calendar_header_dropdown.c **** }
 463              		.loc 1 171 5 is_stmt 1 view .LVU126
 464 005e 9DF90620 		ldrsb	r2, [sp, #6]
 171:lvgl/src/extra/widgets/calendar/lv_calendar_header_dropdown.c **** }
 465              		.loc 1 171 5 is_stmt 0 view .LVU127
 466 0062 2046     		mov	r0, r4
 467 0064 FFF7FEFF 		bl	lv_calendar_set_showed_date
 468              	.LVL63:
ARM GAS  C:\Users\OSD\AppData\Local\Temp\ccX927JT.s 			page 15


 172:lvgl/src/extra/widgets/calendar/lv_calendar_header_dropdown.c **** 
 469              		.loc 1 172 1 view .LVU128
 470 0068 02B0     		add	sp, sp, #8
 471              		.cfi_def_cfa_offset 16
 472              		@ sp needed
 473 006a 70BD     		pop	{r4, r5, r6, pc}
 172:lvgl/src/extra/widgets/calendar/lv_calendar_header_dropdown.c **** 
 474              		.loc 1 172 1 view .LVU129
 475              		.cfi_endproc
 476              	.LFE170:
 478              		.section	.text.lv_calendar_header_dropdown_create,"ax",%progbits
 479              		.align	1
 480              		.global	lv_calendar_header_dropdown_create
 481              		.syntax unified
 482              		.thumb
 483              		.thumb_func
 485              	lv_calendar_header_dropdown_create:
 486              	.LVL64:
 487              	.LFB166:
  62:lvgl/src/extra/widgets/calendar/lv_calendar_header_dropdown.c ****     lv_obj_t * obj = lv_obj_class_create_obj(&lv_calendar_header_dropdown_class, parent);
 488              		.loc 1 62 1 is_stmt 1 view -0
 489              		.cfi_startproc
 490              		@ args = 0, pretend = 0, frame = 0
 491              		@ frame_needed = 0, uses_anonymous_args = 0
  62:lvgl/src/extra/widgets/calendar/lv_calendar_header_dropdown.c ****     lv_obj_t * obj = lv_obj_class_create_obj(&lv_calendar_header_dropdown_class, parent);
 492              		.loc 1 62 1 is_stmt 0 view .LVU131
 493 0000 10B5     		push	{r4, lr}
 494              		.cfi_def_cfa_offset 8
 495              		.cfi_offset 4, -8
 496              		.cfi_offset 14, -4
 497 0002 0146     		mov	r1, r0
  63:lvgl/src/extra/widgets/calendar/lv_calendar_header_dropdown.c ****     lv_obj_class_init_obj(obj);
 498              		.loc 1 63 5 is_stmt 1 view .LVU132
  63:lvgl/src/extra/widgets/calendar/lv_calendar_header_dropdown.c ****     lv_obj_class_init_obj(obj);
 499              		.loc 1 63 22 is_stmt 0 view .LVU133
 500 0004 0348     		ldr	r0, .L13
 501              	.LVL65:
  63:lvgl/src/extra/widgets/calendar/lv_calendar_header_dropdown.c ****     lv_obj_class_init_obj(obj);
 502              		.loc 1 63 22 view .LVU134
 503 0006 FFF7FEFF 		bl	lv_obj_class_create_obj
 504              	.LVL66:
  63:lvgl/src/extra/widgets/calendar/lv_calendar_header_dropdown.c ****     lv_obj_class_init_obj(obj);
 505              		.loc 1 63 22 view .LVU135
 506 000a 0446     		mov	r4, r0
 507              	.LVL67:
  64:lvgl/src/extra/widgets/calendar/lv_calendar_header_dropdown.c **** 
 508              		.loc 1 64 5 is_stmt 1 view .LVU136
 509 000c FFF7FEFF 		bl	lv_obj_class_init_obj
 510              	.LVL68:
  66:lvgl/src/extra/widgets/calendar/lv_calendar_header_dropdown.c **** }
 511              		.loc 1 66 5 view .LVU137
  67:lvgl/src/extra/widgets/calendar/lv_calendar_header_dropdown.c **** 
 512              		.loc 1 67 1 is_stmt 0 view .LVU138
 513 0010 2046     		mov	r0, r4
 514 0012 10BD     		pop	{r4, pc}
 515              	.LVL69:
 516              	.L14:
ARM GAS  C:\Users\OSD\AppData\Local\Temp\ccX927JT.s 			page 16


  67:lvgl/src/extra/widgets/calendar/lv_calendar_header_dropdown.c **** 
 517              		.loc 1 67 1 view .LVU139
 518              		.align	2
 519              	.L13:
 520 0014 00000000 		.word	.LANCHOR0
 521              		.cfi_endproc
 522              	.LFE166:
 524              		.section	.text.lv_calendar_header_dropdown_set_year_list,"ax",%progbits
 525              		.align	1
 526              		.global	lv_calendar_header_dropdown_set_year_list
 527              		.syntax unified
 528              		.thumb
 529              		.thumb_func
 531              	lv_calendar_header_dropdown_set_year_list:
 532              	.LVL70:
 533              	.LFB167:
  70:lvgl/src/extra/widgets/calendar/lv_calendar_header_dropdown.c ****     bool child_found = false;
 534              		.loc 1 70 1 is_stmt 1 view -0
 535              		.cfi_startproc
 536              		@ args = 0, pretend = 0, frame = 0
 537              		@ frame_needed = 0, uses_anonymous_args = 0
  70:lvgl/src/extra/widgets/calendar/lv_calendar_header_dropdown.c ****     bool child_found = false;
 538              		.loc 1 70 1 is_stmt 0 view .LVU141
 539 0000 2DE9F041 		push	{r4, r5, r6, r7, r8, lr}
 540              		.cfi_def_cfa_offset 24
 541              		.cfi_offset 4, -24
 542              		.cfi_offset 5, -20
 543              		.cfi_offset 6, -16
 544              		.cfi_offset 7, -12
 545              		.cfi_offset 8, -8
 546              		.cfi_offset 14, -4
 547 0004 0646     		mov	r6, r0
 548 0006 0F46     		mov	r7, r1
  71:lvgl/src/extra/widgets/calendar/lv_calendar_header_dropdown.c ****     uint32_t idx = 0;
 549              		.loc 1 71 5 is_stmt 1 view .LVU142
 550              	.LVL71:
  72:lvgl/src/extra/widgets/calendar/lv_calendar_header_dropdown.c ****     lv_obj_t * child = NULL;
 551              		.loc 1 72 5 view .LVU143
  73:lvgl/src/extra/widgets/calendar/lv_calendar_header_dropdown.c **** 
 552              		.loc 1 73 5 view .LVU144
  75:lvgl/src/extra/widgets/calendar/lv_calendar_header_dropdown.c **** 
 553              		.loc 1 75 5 view .LVU145
  75:lvgl/src/extra/widgets/calendar/lv_calendar_header_dropdown.c **** 
 554              		.loc 1 75 43 is_stmt 0 view .LVU146
 555 0008 FFF7FEFF 		bl	lv_obj_get_child_cnt
 556              	.LVL72:
  75:lvgl/src/extra/widgets/calendar/lv_calendar_header_dropdown.c **** 
 557              		.loc 1 75 43 view .LVU147
 558 000c 8046     		mov	r8, r0
 559              	.LVL73:
  78:lvgl/src/extra/widgets/calendar/lv_calendar_header_dropdown.c ****         child = lv_obj_get_child(parent, idx);
 560              		.loc 1 78 5 is_stmt 1 view .LVU148
  73:lvgl/src/extra/widgets/calendar/lv_calendar_header_dropdown.c **** 
 561              		.loc 1 73 16 is_stmt 0 view .LVU149
 562 000e 0024     		movs	r4, #0
  78:lvgl/src/extra/widgets/calendar/lv_calendar_header_dropdown.c ****         child = lv_obj_get_child(parent, idx);
 563              		.loc 1 78 13 view .LVU150
ARM GAS  C:\Users\OSD\AppData\Local\Temp\ccX927JT.s 			page 17


 564 0010 2546     		mov	r5, r4
  78:lvgl/src/extra/widgets/calendar/lv_calendar_header_dropdown.c ****         child = lv_obj_get_child(parent, idx);
 565              		.loc 1 78 5 view .LVU151
 566 0012 00E0     		b	.L16
 567              	.LVL74:
 568              	.L25:
  78:lvgl/src/extra/widgets/calendar/lv_calendar_header_dropdown.c ****         child = lv_obj_get_child(parent, idx);
 569              		.loc 1 78 46 is_stmt 1 discriminator 2 view .LVU152
  78:lvgl/src/extra/widgets/calendar/lv_calendar_header_dropdown.c ****         child = lv_obj_get_child(parent, idx);
 570              		.loc 1 78 49 is_stmt 0 discriminator 2 view .LVU153
 571 0014 0135     		adds	r5, r5, #1
 572              	.LVL75:
 573              	.L16:
  78:lvgl/src/extra/widgets/calendar/lv_calendar_header_dropdown.c ****         child = lv_obj_get_child(parent, idx);
 574              		.loc 1 78 18 is_stmt 1 discriminator 1 view .LVU154
  78:lvgl/src/extra/widgets/calendar/lv_calendar_header_dropdown.c ****         child = lv_obj_get_child(parent, idx);
 575              		.loc 1 78 5 is_stmt 0 discriminator 1 view .LVU155
 576 0016 4545     		cmp	r5, r8
 577 0018 0BD2     		bcs	.L24
  79:lvgl/src/extra/widgets/calendar/lv_calendar_header_dropdown.c ****         if(lv_obj_check_type(child, &lv_calendar_header_dropdown_class)) {
 578              		.loc 1 79 9 is_stmt 1 view .LVU156
  79:lvgl/src/extra/widgets/calendar/lv_calendar_header_dropdown.c ****         if(lv_obj_check_type(child, &lv_calendar_header_dropdown_class)) {
 579              		.loc 1 79 17 is_stmt 0 view .LVU157
 580 001a 2946     		mov	r1, r5
 581 001c 3046     		mov	r0, r6
 582 001e FFF7FEFF 		bl	lv_obj_get_child
 583              	.LVL76:
 584 0022 0446     		mov	r4, r0
 585              	.LVL77:
  80:lvgl/src/extra/widgets/calendar/lv_calendar_header_dropdown.c ****             child_found = true;
 586              		.loc 1 80 9 is_stmt 1 view .LVU158
  80:lvgl/src/extra/widgets/calendar/lv_calendar_header_dropdown.c ****             child_found = true;
 587              		.loc 1 80 12 is_stmt 0 view .LVU159
 588 0024 1549     		ldr	r1, .L28
 589 0026 FFF7FEFF 		bl	lv_obj_check_type
 590              	.LVL78:
  80:lvgl/src/extra/widgets/calendar/lv_calendar_header_dropdown.c ****             child_found = true;
 591              		.loc 1 80 11 view .LVU160
 592 002a 0346     		mov	r3, r0
 593 002c 0028     		cmp	r0, #0
 594 002e F1D0     		beq	.L25
 595 0030 00E0     		b	.L17
 596              	.L24:
  71:lvgl/src/extra/widgets/calendar/lv_calendar_header_dropdown.c ****     uint32_t idx = 0;
 597              		.loc 1 71 10 view .LVU161
 598 0032 0023     		movs	r3, #0
 599              	.L17:
 600              	.LVL79:
  86:lvgl/src/extra/widgets/calendar/lv_calendar_header_dropdown.c **** 
 601              		.loc 1 86 5 is_stmt 1 view .LVU162
  86:lvgl/src/extra/widgets/calendar/lv_calendar_header_dropdown.c **** 
 602              		.loc 1 86 7 is_stmt 0 view .LVU163
 603 0034 0BB9     		cbnz	r3, .L26
 604              	.LVL80:
 605              	.L15:
 106:lvgl/src/extra/widgets/calendar/lv_calendar_header_dropdown.c **** 
 606              		.loc 1 106 1 view .LVU164
ARM GAS  C:\Users\OSD\AppData\Local\Temp\ccX927JT.s 			page 18


 607 0036 BDE8F081 		pop	{r4, r5, r6, r7, r8, pc}
 608              	.LVL81:
 609              	.L26:
  88:lvgl/src/extra/widgets/calendar/lv_calendar_header_dropdown.c ****     const uint32_t header_child_count = lv_obj_get_child_cnt(child);
 610              		.loc 1 88 5 is_stmt 1 view .LVU165
  89:lvgl/src/extra/widgets/calendar/lv_calendar_header_dropdown.c **** 
 611              		.loc 1 89 5 view .LVU166
  89:lvgl/src/extra/widgets/calendar/lv_calendar_header_dropdown.c **** 
 612              		.loc 1 89 41 is_stmt 0 view .LVU167
 613 003a 2046     		mov	r0, r4
 614 003c FFF7FEFF 		bl	lv_obj_get_child_cnt
 615              	.LVL82:
 616 0040 8046     		mov	r8, r0
 617              	.LVL83:
  92:lvgl/src/extra/widgets/calendar/lv_calendar_header_dropdown.c ****         child = lv_obj_get_child(child, idx);
 618              		.loc 1 92 5 is_stmt 1 view .LVU168
  92:lvgl/src/extra/widgets/calendar/lv_calendar_header_dropdown.c ****         child = lv_obj_get_child(child, idx);
 619              		.loc 1 92 13 is_stmt 0 view .LVU169
 620 0042 0025     		movs	r5, #0
 621              	.LVL84:
 622              	.L20:
  92:lvgl/src/extra/widgets/calendar/lv_calendar_header_dropdown.c ****         child = lv_obj_get_child(child, idx);
 623              		.loc 1 92 18 is_stmt 1 discriminator 1 view .LVU170
  92:lvgl/src/extra/widgets/calendar/lv_calendar_header_dropdown.c ****         child = lv_obj_get_child(child, idx);
 624              		.loc 1 92 5 is_stmt 0 discriminator 1 view .LVU171
 625 0044 4545     		cmp	r5, r8
 626 0046 0BD2     		bcs	.L27
  93:lvgl/src/extra/widgets/calendar/lv_calendar_header_dropdown.c ****         if(lv_obj_check_type(child, &lv_dropdown_class)) {
 627              		.loc 1 93 9 is_stmt 1 view .LVU172
  93:lvgl/src/extra/widgets/calendar/lv_calendar_header_dropdown.c ****         if(lv_obj_check_type(child, &lv_dropdown_class)) {
 628              		.loc 1 93 17 is_stmt 0 view .LVU173
 629 0048 2946     		mov	r1, r5
 630 004a 2046     		mov	r0, r4
 631 004c FFF7FEFF 		bl	lv_obj_get_child
 632              	.LVL85:
 633 0050 0446     		mov	r4, r0
 634              	.LVL86:
  94:lvgl/src/extra/widgets/calendar/lv_calendar_header_dropdown.c ****             child_found = true;
 635              		.loc 1 94 9 is_stmt 1 view .LVU174
  94:lvgl/src/extra/widgets/calendar/lv_calendar_header_dropdown.c ****             child_found = true;
 636              		.loc 1 94 12 is_stmt 0 view .LVU175
 637 0052 0B49     		ldr	r1, .L28+4
 638 0054 FFF7FEFF 		bl	lv_obj_check_type
 639              	.LVL87:
  94:lvgl/src/extra/widgets/calendar/lv_calendar_header_dropdown.c ****             child_found = true;
 640              		.loc 1 94 11 view .LVU176
 641 0058 0346     		mov	r3, r0
 642 005a 10B9     		cbnz	r0, .L21
  92:lvgl/src/extra/widgets/calendar/lv_calendar_header_dropdown.c ****         child = lv_obj_get_child(child, idx);
 643              		.loc 1 92 44 is_stmt 1 discriminator 2 view .LVU177
  92:lvgl/src/extra/widgets/calendar/lv_calendar_header_dropdown.c ****         child = lv_obj_get_child(child, idx);
 644              		.loc 1 92 47 is_stmt 0 discriminator 2 view .LVU178
 645 005c 0135     		adds	r5, r5, #1
 646              	.LVL88:
  92:lvgl/src/extra/widgets/calendar/lv_calendar_header_dropdown.c ****         child = lv_obj_get_child(child, idx);
 647              		.loc 1 92 47 discriminator 2 view .LVU179
 648 005e F1E7     		b	.L20
ARM GAS  C:\Users\OSD\AppData\Local\Temp\ccX927JT.s 			page 19


 649              	.L27:
  88:lvgl/src/extra/widgets/calendar/lv_calendar_header_dropdown.c ****     const uint32_t header_child_count = lv_obj_get_child_cnt(child);
 650              		.loc 1 88 17 view .LVU180
 651 0060 0023     		movs	r3, #0
 652              	.L21:
 653              	.LVL89:
 100:lvgl/src/extra/widgets/calendar/lv_calendar_header_dropdown.c **** 
 654              		.loc 1 100 5 is_stmt 1 view .LVU181
 100:lvgl/src/extra/widgets/calendar/lv_calendar_header_dropdown.c **** 
 655              		.loc 1 100 7 is_stmt 0 view .LVU182
 656 0062 002B     		cmp	r3, #0
 657 0064 E7D0     		beq	.L15
 102:lvgl/src/extra/widgets/calendar/lv_calendar_header_dropdown.c ****     lv_dropdown_set_options(child, years_list);
 658              		.loc 1 102 5 is_stmt 1 view .LVU183
 659 0066 2046     		mov	r0, r4
 660 0068 FFF7FEFF 		bl	lv_dropdown_clear_options
 661              	.LVL90:
 103:lvgl/src/extra/widgets/calendar/lv_calendar_header_dropdown.c **** 
 662              		.loc 1 103 5 view .LVU184
 663 006c 3946     		mov	r1, r7
 664 006e 2046     		mov	r0, r4
 665 0070 FFF7FEFF 		bl	lv_dropdown_set_options
 666              	.LVL91:
 105:lvgl/src/extra/widgets/calendar/lv_calendar_header_dropdown.c **** }
 667              		.loc 1 105 5 view .LVU185
 668 0074 3046     		mov	r0, r6
 669 0076 FFF7FEFF 		bl	lv_obj_invalidate
 670              	.LVL92:
 671 007a DCE7     		b	.L15
 672              	.L29:
 673              		.align	2
 674              	.L28:
 675 007c 00000000 		.word	.LANCHOR0
 676 0080 00000000 		.word	lv_dropdown_class
 677              		.cfi_endproc
 678              	.LFE167:
 680              		.global	lv_calendar_header_dropdown_class
 681              		.section	.rodata.lv_calendar_header_dropdown_class,"a"
 682              		.align	2
 683              		.set	.LANCHOR0,. + 0
 686              	lv_calendar_header_dropdown_class:
 687 0000 00000000 		.word	lv_obj_class
 688 0004 00000000 		.word	my_constructor
 689 0008 00000000 		.space	12
 689      00000000 
 689      00000000 
 690 0014 6420     		.short	8292
 691 0016 D127     		.short	10193
 692 0018 00000000 		.space	4
 693              		.text
 694              	.Letext0:
 695              		.file 2 "c:\\tools\\gcc-arm-none-eabi\\arm-none-eabi\\include\\machine\\_default_types.h"
 696              		.file 3 "c:\\tools\\gcc-arm-none-eabi\\arm-none-eabi\\include\\sys\\_stdint.h"
 697              		.file 4 "d:\\kzc\\stm32\\h743ii_lcd\\lvgl\\src\\misc\\lv_area.h"
 698              		.file 5 "d:\\kzc\\stm32\\h743ii_lcd\\lvgl\\src\\misc\\lv_color.h"
 699              		.file 6 "d:\\kzc\\stm32\\h743ii_lcd\\lvgl\\src\\misc\\lv_style.h"
 700              		.file 7 "d:\\kzc\\stm32\\h743ii_lcd\\lvgl\\src\\core\\lv_obj.h"
ARM GAS  C:\Users\OSD\AppData\Local\Temp\ccX927JT.s 			page 20


 701              		.file 8 "d:\\kzc\\stm32\\h743ii_lcd\\lvgl\\src\\misc\\lv_ll.h"
 702              		.file 9 "d:\\kzc\\stm32\\h743ii_lcd\\lvgl\\src\\core\\lv_group.h"
 703              		.file 10 "d:\\kzc\\stm32\\h743ii_lcd\\lvgl\\src\\core\\lv_obj_scroll.h"
 704              		.file 11 "d:\\kzc\\stm32\\h743ii_lcd\\lvgl\\src\\core\\lv_obj_style.h"
 705              		.file 12 "d:\\kzc\\stm32\\h743ii_lcd\\lvgl\\src\\core\\lv_obj_class.h"
 706              		.file 13 "d:\\kzc\\stm32\\h743ii_lcd\\lvgl\\src\\core\\lv_event.h"
 707              		.file 14 "lvgl/src/extra/widgets/calendar/lv_calendar_header_dropdown.h"
 708              		.file 15 "lvgl/src/extra/widgets/calendar/lv_calendar.h"
 709              		.file 16 "d:\\kzc\\stm32\\h743ii_lcd\\lvgl\\src\\widgets\\lv_dropdown.h"
 710              		.file 17 "lvgl/src/extra/widgets/calendar/../../layouts/flex/lv_flex.h"
 711              		.file 18 "d:\\kzc\\stm32\\h743ii_lcd\\lvgl\\src\\core\\lv_obj_tree.h"
 712              		.file 19 "d:\\kzc\\stm32\\h743ii_lcd\\lvgl\\src\\core\\lv_obj_pos.h"
ARM GAS  C:\Users\OSD\AppData\Local\Temp\ccX927JT.s 			page 21


DEFINED SYMBOLS
                            *ABS*:00000000 lv_calendar_header_dropdown.c
C:\Users\OSD\AppData\Local\Temp\ccX927JT.s:19     .rodata.my_constructor.str1.4:00000000 $d
C:\Users\OSD\AppData\Local\Temp\ccX927JT.s:45     .text.my_constructor:00000000 $t
C:\Users\OSD\AppData\Local\Temp\ccX927JT.s:50     .text.my_constructor:00000000 my_constructor
C:\Users\OSD\AppData\Local\Temp\ccX927JT.s:156    .text.my_constructor:00000078 $d
C:\Users\OSD\AppData\Local\Temp\ccX927JT.s:365    .text.year_event_cb:00000000 year_event_cb
C:\Users\OSD\AppData\Local\Temp\ccX927JT.s:286    .text.month_event_cb:00000000 month_event_cb
C:\Users\OSD\AppData\Local\Temp\ccX927JT.s:170    .text.value_changed_event_cb:00000000 value_changed_event_cb
C:\Users\OSD\AppData\Local\Temp\ccX927JT.s:165    .text.value_changed_event_cb:00000000 $t
C:\Users\OSD\AppData\Local\Temp\ccX927JT.s:281    .text.month_event_cb:00000000 $t
C:\Users\OSD\AppData\Local\Temp\ccX927JT.s:360    .text.year_event_cb:00000000 $t
C:\Users\OSD\AppData\Local\Temp\ccX927JT.s:479    .text.lv_calendar_header_dropdown_create:00000000 $t
C:\Users\OSD\AppData\Local\Temp\ccX927JT.s:485    .text.lv_calendar_header_dropdown_create:00000000 lv_calendar_header_dropdown_create
C:\Users\OSD\AppData\Local\Temp\ccX927JT.s:520    .text.lv_calendar_header_dropdown_create:00000014 $d
C:\Users\OSD\AppData\Local\Temp\ccX927JT.s:525    .text.lv_calendar_header_dropdown_set_year_list:00000000 $t
C:\Users\OSD\AppData\Local\Temp\ccX927JT.s:531    .text.lv_calendar_header_dropdown_set_year_list:00000000 lv_calendar_header_dropdown_set_year_list
C:\Users\OSD\AppData\Local\Temp\ccX927JT.s:675    .text.lv_calendar_header_dropdown_set_year_list:0000007c $d
C:\Users\OSD\AppData\Local\Temp\ccX927JT.s:686    .rodata.lv_calendar_header_dropdown_class:00000000 lv_calendar_header_dropdown_class
C:\Users\OSD\AppData\Local\Temp\ccX927JT.s:682    .rodata.lv_calendar_header_dropdown_class:00000000 $d

UNDEFINED SYMBOLS
lv_obj_get_parent
lv_obj_move_to_index
lv_obj_set_flex_flow
lv_dropdown_create
lv_dropdown_set_options
lv_obj_add_event_cb
lv_obj_set_flex_grow
lv_event_send
lv_event_get_target
lv_calendar_get_showed_date
lv_obj_get_child
lv_dropdown_get_options
lv_dropdown_set_selected
lv_event_get_user_data
lv_dropdown_get_selected
lv_calendar_set_showed_date
lv_obj_class_create_obj
lv_obj_class_init_obj
lv_obj_get_child_cnt
lv_obj_check_type
lv_dropdown_clear_options
lv_obj_invalidate
lv_dropdown_class
lv_obj_class
