ARM GAS  C:\Users\OSD\AppData\Local\Temp\cciPnoUg.s 			page 1


   1              		.cpu cortex-m7
   2              		.arch armv7e-m
   3              		.fpu fpv5-d16
   4              		.eabi_attribute 28, 1
   5              		.eabi_attribute 20, 1
   6              		.eabi_attribute 21, 1
   7              		.eabi_attribute 23, 3
   8              		.eabi_attribute 24, 1
   9              		.eabi_attribute 25, 1
  10              		.eabi_attribute 26, 1
  11              		.eabi_attribute 30, 1
  12              		.eabi_attribute 34, 1
  13              		.eabi_attribute 18, 4
  14              		.file	"lv_draw_sw_polygon.c"
  15              		.text
  16              	.Ltext0:
  17              		.cfi_sections	.debug_frame
  18              		.section	.text.lv_draw_sw_polygon,"ax",%progbits
  19              		.align	1
  20              		.global	lv_draw_sw_polygon
  21              		.syntax unified
  22              		.thumb
  23              		.thumb_func
  25              	lv_draw_sw_polygon:
  26              	.LVL0:
  27              	.LFB56:
  28              		.file 1 "lvgl/src/draw/sw/lv_draw_sw_polygon.c"
   1:lvgl/src/draw/sw/lv_draw_sw_polygon.c **** /**
   2:lvgl/src/draw/sw/lv_draw_sw_polygon.c ****  * @file lv_draw_sw_polygon.c
   3:lvgl/src/draw/sw/lv_draw_sw_polygon.c ****  *
   4:lvgl/src/draw/sw/lv_draw_sw_polygon.c ****  */
   5:lvgl/src/draw/sw/lv_draw_sw_polygon.c **** 
   6:lvgl/src/draw/sw/lv_draw_sw_polygon.c **** /*********************
   7:lvgl/src/draw/sw/lv_draw_sw_polygon.c ****  *      INCLUDES
   8:lvgl/src/draw/sw/lv_draw_sw_polygon.c ****  *********************/
   9:lvgl/src/draw/sw/lv_draw_sw_polygon.c **** #include "lv_draw_sw.h"
  10:lvgl/src/draw/sw/lv_draw_sw_polygon.c **** #include "../../misc/lv_math.h"
  11:lvgl/src/draw/sw/lv_draw_sw_polygon.c **** #include "../../misc/lv_mem.h"
  12:lvgl/src/draw/sw/lv_draw_sw_polygon.c **** #include "../../misc/lv_area.h"
  13:lvgl/src/draw/sw/lv_draw_sw_polygon.c **** #include "../../misc/lv_color.h"
  14:lvgl/src/draw/sw/lv_draw_sw_polygon.c **** #include "../lv_draw_rect.h"
  15:lvgl/src/draw/sw/lv_draw_sw_polygon.c **** 
  16:lvgl/src/draw/sw/lv_draw_sw_polygon.c **** /*********************
  17:lvgl/src/draw/sw/lv_draw_sw_polygon.c ****  *      DEFINES
  18:lvgl/src/draw/sw/lv_draw_sw_polygon.c ****  *********************/
  19:lvgl/src/draw/sw/lv_draw_sw_polygon.c **** 
  20:lvgl/src/draw/sw/lv_draw_sw_polygon.c **** /**********************
  21:lvgl/src/draw/sw/lv_draw_sw_polygon.c ****  *      TYPEDEFS
  22:lvgl/src/draw/sw/lv_draw_sw_polygon.c ****  **********************/
  23:lvgl/src/draw/sw/lv_draw_sw_polygon.c **** 
  24:lvgl/src/draw/sw/lv_draw_sw_polygon.c **** /**********************
  25:lvgl/src/draw/sw/lv_draw_sw_polygon.c ****  *  STATIC PROTOTYPES
  26:lvgl/src/draw/sw/lv_draw_sw_polygon.c ****  **********************/
  27:lvgl/src/draw/sw/lv_draw_sw_polygon.c **** 
  28:lvgl/src/draw/sw/lv_draw_sw_polygon.c **** /**********************
  29:lvgl/src/draw/sw/lv_draw_sw_polygon.c ****  *  STATIC VARIABLES
  30:lvgl/src/draw/sw/lv_draw_sw_polygon.c ****  **********************/
ARM GAS  C:\Users\OSD\AppData\Local\Temp\cciPnoUg.s 			page 2


  31:lvgl/src/draw/sw/lv_draw_sw_polygon.c **** 
  32:lvgl/src/draw/sw/lv_draw_sw_polygon.c **** /**********************
  33:lvgl/src/draw/sw/lv_draw_sw_polygon.c ****  *      MACROS
  34:lvgl/src/draw/sw/lv_draw_sw_polygon.c ****  **********************/
  35:lvgl/src/draw/sw/lv_draw_sw_polygon.c **** 
  36:lvgl/src/draw/sw/lv_draw_sw_polygon.c **** /**********************
  37:lvgl/src/draw/sw/lv_draw_sw_polygon.c ****  *   GLOBAL FUNCTIONS
  38:lvgl/src/draw/sw/lv_draw_sw_polygon.c ****  **********************/
  39:lvgl/src/draw/sw/lv_draw_sw_polygon.c **** 
  40:lvgl/src/draw/sw/lv_draw_sw_polygon.c **** /**
  41:lvgl/src/draw/sw/lv_draw_sw_polygon.c ****  * Draw a polygon. Only convex polygons are supported
  42:lvgl/src/draw/sw/lv_draw_sw_polygon.c ****  * @param points an array of points
  43:lvgl/src/draw/sw/lv_draw_sw_polygon.c ****  * @param point_cnt number of points
  44:lvgl/src/draw/sw/lv_draw_sw_polygon.c ****  * @param clip_area polygon will be drawn only in this area
  45:lvgl/src/draw/sw/lv_draw_sw_polygon.c ****  * @param draw_dsc pointer to an initialized `lv_draw_rect_dsc_t` variable
  46:lvgl/src/draw/sw/lv_draw_sw_polygon.c ****  */
  47:lvgl/src/draw/sw/lv_draw_sw_polygon.c **** void lv_draw_sw_polygon(lv_draw_ctx_t * draw_ctx, const lv_draw_rect_dsc_t * draw_dsc, const lv_poi
  48:lvgl/src/draw/sw/lv_draw_sw_polygon.c ****                         uint16_t point_cnt)
  49:lvgl/src/draw/sw/lv_draw_sw_polygon.c **** {
  29              		.loc 1 49 1 view -0
  30              		.cfi_startproc
  31              		@ args = 0, pretend = 0, frame = 40
  32              		@ frame_needed = 0, uses_anonymous_args = 0
  33              		.loc 1 49 1 is_stmt 0 view .LVU1
  34 0000 2DE9F04F 		push	{r4, r5, r6, r7, r8, r9, r10, fp, lr}
  35              		.cfi_def_cfa_offset 36
  36              		.cfi_offset 4, -36
  37              		.cfi_offset 5, -32
  38              		.cfi_offset 6, -28
  39              		.cfi_offset 7, -24
  40              		.cfi_offset 8, -20
  41              		.cfi_offset 9, -16
  42              		.cfi_offset 10, -12
  43              		.cfi_offset 11, -8
  44              		.cfi_offset 14, -4
  45 0004 8DB0     		sub	sp, sp, #52
  46              		.cfi_def_cfa_offset 88
  47 0006 0490     		str	r0, [sp, #16]
  48 0008 0691     		str	r1, [sp, #24]
  50:lvgl/src/draw/sw/lv_draw_sw_polygon.c **** #if LV_DRAW_COMPLEX
  51:lvgl/src/draw/sw/lv_draw_sw_polygon.c ****     if(point_cnt < 3) return;
  49              		.loc 1 51 5 is_stmt 1 view .LVU2
  50              		.loc 1 51 7 is_stmt 0 view .LVU3
  51 000a 022B     		cmp	r3, #2
  52 000c 40F24D81 		bls	.L1
  53 0010 1646     		mov	r6, r2
  54 0012 1F46     		mov	r7, r3
  52:lvgl/src/draw/sw/lv_draw_sw_polygon.c ****     if(points == NULL) return;
  55              		.loc 1 52 5 is_stmt 1 view .LVU4
  56              		.loc 1 52 7 is_stmt 0 view .LVU5
  57 0014 002A     		cmp	r2, #0
  58 0016 00F04881 		beq	.L1
  53:lvgl/src/draw/sw/lv_draw_sw_polygon.c **** 
  54:lvgl/src/draw/sw/lv_draw_sw_polygon.c ****     /*Join adjacent points if they are on the same coordinate*/
  55:lvgl/src/draw/sw/lv_draw_sw_polygon.c ****     lv_point_t * p = lv_mem_buf_get(point_cnt * sizeof(lv_point_t));
  59              		.loc 1 55 5 is_stmt 1 view .LVU6
  60              		.loc 1 55 22 is_stmt 0 view .LVU7
ARM GAS  C:\Users\OSD\AppData\Local\Temp\cciPnoUg.s 			page 3


  61 001a 9800     		lsls	r0, r3, #2
  62              	.LVL1:
  63              		.loc 1 55 22 view .LVU8
  64 001c FFF7FEFF 		bl	lv_mem_buf_get
  65              	.LVL2:
  56:lvgl/src/draw/sw/lv_draw_sw_polygon.c ****     if(p == NULL) return;
  66              		.loc 1 56 5 is_stmt 1 view .LVU9
  67              		.loc 1 56 7 is_stmt 0 view .LVU10
  68 0020 0446     		mov	r4, r0
  69 0022 0028     		cmp	r0, #0
  70 0024 00F04181 		beq	.L1
  57:lvgl/src/draw/sw/lv_draw_sw_polygon.c ****     uint16_t i;
  71              		.loc 1 57 5 is_stmt 1 view .LVU11
  58:lvgl/src/draw/sw/lv_draw_sw_polygon.c ****     uint16_t pcnt = 0;
  72              		.loc 1 58 5 view .LVU12
  73              	.LVL3:
  59:lvgl/src/draw/sw/lv_draw_sw_polygon.c ****     p[0] = points[0];
  74              		.loc 1 59 5 view .LVU13
  75              		.loc 1 59 10 is_stmt 0 view .LVU14
  76 0028 3368     		ldr	r3, [r6]	@ unaligned
  77 002a 0360     		str	r3, [r0]	@ unaligned
  60:lvgl/src/draw/sw/lv_draw_sw_polygon.c ****     for(i = 0; i < point_cnt - 1; i++) {
  78              		.loc 1 60 5 is_stmt 1 view .LVU15
  79              	.LVL4:
  58:lvgl/src/draw/sw/lv_draw_sw_polygon.c ****     uint16_t pcnt = 0;
  80              		.loc 1 58 14 is_stmt 0 view .LVU16
  81 002c 0025     		movs	r5, #0
  82              		.loc 1 60 11 view .LVU17
  83 002e 2946     		mov	r1, r5
  84              		.loc 1 60 5 view .LVU18
  85 0030 06E0     		b	.L3
  86              	.LVL5:
  87              	.L4:
  61:lvgl/src/draw/sw/lv_draw_sw_polygon.c ****         if(points[i].x != points[i + 1].x || points[i].y != points[i + 1].y) {
  62:lvgl/src/draw/sw/lv_draw_sw_polygon.c ****             p[pcnt] = points[i];
  88              		.loc 1 62 13 is_stmt 1 view .LVU19
  89              		.loc 1 62 21 is_stmt 0 view .LVU20
  90 0032 3358     		ldr	r3, [r6, r0]	@ unaligned
  91 0034 44F82530 		str	r3, [r4, r5, lsl #2]	@ unaligned
  63:lvgl/src/draw/sw/lv_draw_sw_polygon.c ****             pcnt++;
  92              		.loc 1 63 13 is_stmt 1 view .LVU21
  93              		.loc 1 63 17 is_stmt 0 view .LVU22
  94 0038 0135     		adds	r5, r5, #1
  95              	.LVL6:
  96              		.loc 1 63 17 view .LVU23
  97 003a ADB2     		uxth	r5, r5
  98              	.LVL7:
  99              	.L5:
  60:lvgl/src/draw/sw/lv_draw_sw_polygon.c ****     for(i = 0; i < point_cnt - 1; i++) {
 100              		.loc 1 60 35 is_stmt 1 discriminator 2 view .LVU24
  60:lvgl/src/draw/sw/lv_draw_sw_polygon.c ****     for(i = 0; i < point_cnt - 1; i++) {
 101              		.loc 1 60 36 is_stmt 0 discriminator 2 view .LVU25
 102 003c 0131     		adds	r1, r1, #1
 103              	.LVL8:
  60:lvgl/src/draw/sw/lv_draw_sw_polygon.c ****     for(i = 0; i < point_cnt - 1; i++) {
 104              		.loc 1 60 36 discriminator 2 view .LVU26
 105 003e 89B2     		uxth	r1, r1
ARM GAS  C:\Users\OSD\AppData\Local\Temp\cciPnoUg.s 			page 4


 106              	.LVL9:
 107              	.L3:
  60:lvgl/src/draw/sw/lv_draw_sw_polygon.c ****     for(i = 0; i < point_cnt - 1; i++) {
 108              		.loc 1 60 16 is_stmt 1 discriminator 1 view .LVU27
  60:lvgl/src/draw/sw/lv_draw_sw_polygon.c ****     for(i = 0; i < point_cnt - 1; i++) {
 109              		.loc 1 60 30 is_stmt 0 discriminator 1 view .LVU28
 110 0040 7B1E     		subs	r3, r7, #1
  60:lvgl/src/draw/sw/lv_draw_sw_polygon.c ****     for(i = 0; i < point_cnt - 1; i++) {
 111              		.loc 1 60 5 discriminator 1 view .LVU29
 112 0042 9942     		cmp	r1, r3
 113 0044 12DA     		bge	.L34
  61:lvgl/src/draw/sw/lv_draw_sw_polygon.c ****         if(points[i].x != points[i + 1].x || points[i].y != points[i + 1].y) {
 114              		.loc 1 61 9 is_stmt 1 view .LVU30
  61:lvgl/src/draw/sw/lv_draw_sw_polygon.c ****         if(points[i].x != points[i + 1].x || points[i].y != points[i + 1].y) {
 115              		.loc 1 61 18 is_stmt 0 view .LVU31
 116 0046 8800     		lsls	r0, r1, #2
 117 0048 06EB810E 		add	lr, r6, r1, lsl #2
  61:lvgl/src/draw/sw/lv_draw_sw_polygon.c ****         if(points[i].x != points[i + 1].x || points[i].y != points[i + 1].y) {
 118              		.loc 1 61 21 view .LVU32
 119 004c 36F92120 		ldrsh	r2, [r6, r1, lsl #2]
  61:lvgl/src/draw/sw/lv_draw_sw_polygon.c ****         if(points[i].x != points[i + 1].x || points[i].y != points[i + 1].y) {
 120              		.loc 1 61 33 view .LVU33
 121 0050 4B1C     		adds	r3, r1, #1
 122 0052 06EB830C 		add	ip, r6, r3, lsl #2
  61:lvgl/src/draw/sw/lv_draw_sw_polygon.c ****         if(points[i].x != points[i + 1].x || points[i].y != points[i + 1].y) {
 123              		.loc 1 61 40 view .LVU34
 124 0056 36F92330 		ldrsh	r3, [r6, r3, lsl #2]
  61:lvgl/src/draw/sw/lv_draw_sw_polygon.c ****         if(points[i].x != points[i + 1].x || points[i].y != points[i + 1].y) {
 125              		.loc 1 61 11 view .LVU35
 126 005a 9A42     		cmp	r2, r3
 127 005c E9D1     		bne	.L4
  61:lvgl/src/draw/sw/lv_draw_sw_polygon.c ****         if(points[i].x != points[i + 1].x || points[i].y != points[i + 1].y) {
 128              		.loc 1 61 55 discriminator 1 view .LVU36
 129 005e BEF90220 		ldrsh	r2, [lr, #2]
  61:lvgl/src/draw/sw/lv_draw_sw_polygon.c ****         if(points[i].x != points[i + 1].x || points[i].y != points[i + 1].y) {
 130              		.loc 1 61 74 discriminator 1 view .LVU37
 131 0062 BCF90230 		ldrsh	r3, [ip, #2]
  61:lvgl/src/draw/sw/lv_draw_sw_polygon.c ****         if(points[i].x != points[i + 1].x || points[i].y != points[i + 1].y) {
 132              		.loc 1 61 43 discriminator 1 view .LVU38
 133 0066 9A42     		cmp	r2, r3
 134 0068 E3D1     		bne	.L4
 135 006a E7E7     		b	.L5
 136              	.L34:
  64:lvgl/src/draw/sw/lv_draw_sw_polygon.c ****         }
  65:lvgl/src/draw/sw/lv_draw_sw_polygon.c ****     }
  66:lvgl/src/draw/sw/lv_draw_sw_polygon.c ****     /*The first and the last points are also adjacent*/
  67:lvgl/src/draw/sw/lv_draw_sw_polygon.c ****     if(points[0].x != points[point_cnt - 1].x || points[0].y != points[point_cnt - 1].y) {
 137              		.loc 1 67 5 is_stmt 1 view .LVU39
 138              		.loc 1 67 17 is_stmt 0 view .LVU40
 139 006c B6F90010 		ldrsh	r1, [r6]
 140              	.LVL10:
 141              		.loc 1 67 29 view .LVU41
 142 0070 6FF04043 		mvn	r3, #-1073741824
 143 0074 3B44     		add	r3, r3, r7
 144 0076 06EB8300 		add	r0, r6, r3, lsl #2
 145              		.loc 1 67 44 view .LVU42
 146 007a 36F92320 		ldrsh	r2, [r6, r3, lsl #2]
ARM GAS  C:\Users\OSD\AppData\Local\Temp\cciPnoUg.s 			page 5


 147              		.loc 1 67 7 view .LVU43
 148 007e 9142     		cmp	r1, r2
 149 0080 0FD0     		beq	.L35
 150              	.L7:
  68:lvgl/src/draw/sw/lv_draw_sw_polygon.c ****         p[pcnt] = points[point_cnt - 1];
 151              		.loc 1 68 9 is_stmt 1 view .LVU44
 152              		.loc 1 68 17 is_stmt 0 view .LVU45
 153 0082 56F82330 		ldr	r3, [r6, r3, lsl #2]	@ unaligned
 154 0086 44F82530 		str	r3, [r4, r5, lsl #2]	@ unaligned
  69:lvgl/src/draw/sw/lv_draw_sw_polygon.c ****         pcnt++;
 155              		.loc 1 69 9 is_stmt 1 view .LVU46
 156              		.loc 1 69 13 is_stmt 0 view .LVU47
 157 008a 0135     		adds	r5, r5, #1
 158              	.LVL11:
 159              		.loc 1 69 13 view .LVU48
 160 008c ADB2     		uxth	r5, r5
 161              	.LVL12:
 162              	.L8:
  70:lvgl/src/draw/sw/lv_draw_sw_polygon.c ****     }
  71:lvgl/src/draw/sw/lv_draw_sw_polygon.c **** 
  72:lvgl/src/draw/sw/lv_draw_sw_polygon.c ****     point_cnt = pcnt;
 163              		.loc 1 72 5 is_stmt 1 view .LVU49
  73:lvgl/src/draw/sw/lv_draw_sw_polygon.c ****     if(point_cnt < 3) {
 164              		.loc 1 73 5 view .LVU50
 165              		.loc 1 73 7 is_stmt 0 view .LVU51
 166 008e 022D     		cmp	r5, #2
 167 0090 0ED9     		bls	.L36
  74:lvgl/src/draw/sw/lv_draw_sw_polygon.c ****         lv_mem_buf_release(p);
  75:lvgl/src/draw/sw/lv_draw_sw_polygon.c ****         return;
  76:lvgl/src/draw/sw/lv_draw_sw_polygon.c ****     }
  77:lvgl/src/draw/sw/lv_draw_sw_polygon.c **** 
  78:lvgl/src/draw/sw/lv_draw_sw_polygon.c ****     lv_area_t poly_coords = {.x1 = LV_COORD_MAX, .y1 = LV_COORD_MAX, .x2 = LV_COORD_MIN, .y2 = LV_C
 168              		.loc 1 78 5 is_stmt 1 view .LVU52
 169              		.loc 1 78 15 is_stmt 0 view .LVU53
 170 0092 874B     		ldr	r3, .L44
 171 0094 93E80300 		ldm	r3, {r0, r1}
 172 0098 0CAB     		add	r3, sp, #48
 173 009a 03E90300 		stmdb	r3, {r0, r1}
  79:lvgl/src/draw/sw/lv_draw_sw_polygon.c **** 
  80:lvgl/src/draw/sw/lv_draw_sw_polygon.c ****     for(i = 0; i < point_cnt; i++) {
 174              		.loc 1 80 5 is_stmt 1 view .LVU54
 175              	.LVL13:
 176              		.loc 1 80 11 is_stmt 0 view .LVU55
 177 009e 0022     		movs	r2, #0
 178              		.loc 1 80 5 view .LVU56
 179 00a0 32E0     		b	.L10
 180              	.LVL14:
 181              	.L35:
  67:lvgl/src/draw/sw/lv_draw_sw_polygon.c ****         p[pcnt] = points[point_cnt - 1];
 182              		.loc 1 67 59 discriminator 1 view .LVU57
 183 00a2 B6F90210 		ldrsh	r1, [r6, #2]
  67:lvgl/src/draw/sw/lv_draw_sw_polygon.c ****         p[pcnt] = points[point_cnt - 1];
 184              		.loc 1 67 86 discriminator 1 view .LVU58
 185 00a6 B0F90220 		ldrsh	r2, [r0, #2]
  67:lvgl/src/draw/sw/lv_draw_sw_polygon.c ****         p[pcnt] = points[point_cnt - 1];
 186              		.loc 1 67 47 discriminator 1 view .LVU59
 187 00aa 9142     		cmp	r1, r2
ARM GAS  C:\Users\OSD\AppData\Local\Temp\cciPnoUg.s 			page 6


 188 00ac E9D1     		bne	.L7
 189 00ae EEE7     		b	.L8
 190              	.LVL15:
 191              	.L36:
  74:lvgl/src/draw/sw/lv_draw_sw_polygon.c ****         lv_mem_buf_release(p);
 192              		.loc 1 74 9 is_stmt 1 view .LVU60
 193 00b0 2046     		mov	r0, r4
 194 00b2 FFF7FEFF 		bl	lv_mem_buf_release
 195              	.LVL16:
  75:lvgl/src/draw/sw/lv_draw_sw_polygon.c ****     }
 196              		.loc 1 75 9 view .LVU61
 197 00b6 F8E0     		b	.L1
 198              	.LVL17:
 199              	.L11:
  81:lvgl/src/draw/sw/lv_draw_sw_polygon.c ****         poly_coords.x1 = LV_MIN(poly_coords.x1, p[i].x);
 200              		.loc 1 81 9 discriminator 3 view .LVU62
 201              		.loc 1 81 26 is_stmt 0 discriminator 3 view .LVU63
 202 00b8 04EB8201 		add	r1, r4, r2, lsl #2
 203 00bc 34F92230 		ldrsh	r3, [r4, r2, lsl #2]
 204 00c0 BDF92800 		ldrsh	r0, [sp, #40]
 205 00c4 8342     		cmp	r3, r0
 206 00c6 A8BF     		it	ge
 207 00c8 0346     		movge	r3, r0
 208              		.loc 1 81 24 discriminator 3 view .LVU64
 209 00ca ADF82830 		strh	r3, [sp, #40]	@ movhi
  82:lvgl/src/draw/sw/lv_draw_sw_polygon.c ****         poly_coords.y1 = LV_MIN(poly_coords.y1, p[i].y);
 210              		.loc 1 82 9 is_stmt 1 discriminator 3 view .LVU65
 211              		.loc 1 82 26 is_stmt 0 discriminator 3 view .LVU66
 212 00ce B1F90230 		ldrsh	r3, [r1, #2]
 213 00d2 BDF92A00 		ldrsh	r0, [sp, #42]
 214 00d6 8342     		cmp	r3, r0
 215 00d8 A8BF     		it	ge
 216 00da 0346     		movge	r3, r0
 217              		.loc 1 82 24 discriminator 3 view .LVU67
 218 00dc ADF82A30 		strh	r3, [sp, #42]	@ movhi
  83:lvgl/src/draw/sw/lv_draw_sw_polygon.c ****         poly_coords.x2 = LV_MAX(poly_coords.x2, p[i].x);
 219              		.loc 1 83 9 is_stmt 1 discriminator 3 view .LVU68
 220              		.loc 1 83 26 is_stmt 0 discriminator 3 view .LVU69
 221 00e0 34F92230 		ldrsh	r3, [r4, r2, lsl #2]
 222 00e4 BDF92C00 		ldrsh	r0, [sp, #44]
 223 00e8 8342     		cmp	r3, r0
 224 00ea B8BF     		it	lt
 225 00ec 0346     		movlt	r3, r0
 226              		.loc 1 83 24 discriminator 3 view .LVU70
 227 00ee ADF82C30 		strh	r3, [sp, #44]	@ movhi
  84:lvgl/src/draw/sw/lv_draw_sw_polygon.c ****         poly_coords.y2 = LV_MAX(poly_coords.y2, p[i].y);
 228              		.loc 1 84 9 is_stmt 1 discriminator 3 view .LVU71
 229              		.loc 1 84 26 is_stmt 0 discriminator 3 view .LVU72
 230 00f2 B1F90230 		ldrsh	r3, [r1, #2]
 231 00f6 BDF92E10 		ldrsh	r1, [sp, #46]
 232 00fa 8B42     		cmp	r3, r1
 233 00fc B8BF     		it	lt
 234 00fe 0B46     		movlt	r3, r1
 235              		.loc 1 84 24 discriminator 3 view .LVU73
 236 0100 ADF82E30 		strh	r3, [sp, #46]	@ movhi
  80:lvgl/src/draw/sw/lv_draw_sw_polygon.c ****         poly_coords.x1 = LV_MIN(poly_coords.x1, p[i].x);
 237              		.loc 1 80 31 is_stmt 1 discriminator 3 view .LVU74
ARM GAS  C:\Users\OSD\AppData\Local\Temp\cciPnoUg.s 			page 7


  80:lvgl/src/draw/sw/lv_draw_sw_polygon.c ****         poly_coords.x1 = LV_MIN(poly_coords.x1, p[i].x);
 238              		.loc 1 80 32 is_stmt 0 discriminator 3 view .LVU75
 239 0104 0132     		adds	r2, r2, #1
 240              	.LVL18:
  80:lvgl/src/draw/sw/lv_draw_sw_polygon.c ****         poly_coords.x1 = LV_MIN(poly_coords.x1, p[i].x);
 241              		.loc 1 80 32 discriminator 3 view .LVU76
 242 0106 92B2     		uxth	r2, r2
 243              	.LVL19:
 244              	.L10:
  80:lvgl/src/draw/sw/lv_draw_sw_polygon.c ****         poly_coords.x1 = LV_MIN(poly_coords.x1, p[i].x);
 245              		.loc 1 80 16 is_stmt 1 discriminator 1 view .LVU77
  80:lvgl/src/draw/sw/lv_draw_sw_polygon.c ****         poly_coords.x1 = LV_MIN(poly_coords.x1, p[i].x);
 246              		.loc 1 80 5 is_stmt 0 discriminator 1 view .LVU78
 247 0108 AA42     		cmp	r2, r5
 248 010a D5D3     		bcc	.L11
  85:lvgl/src/draw/sw/lv_draw_sw_polygon.c ****     }
  86:lvgl/src/draw/sw/lv_draw_sw_polygon.c **** 
  87:lvgl/src/draw/sw/lv_draw_sw_polygon.c ****     bool is_common;
 249              		.loc 1 87 5 is_stmt 1 view .LVU79
  88:lvgl/src/draw/sw/lv_draw_sw_polygon.c ****     lv_area_t clip_area;
 250              		.loc 1 88 5 view .LVU80
  89:lvgl/src/draw/sw/lv_draw_sw_polygon.c ****     is_common = _lv_area_intersect(&clip_area, &poly_coords, draw_ctx->clip_area);
 251              		.loc 1 89 5 view .LVU81
 252              		.loc 1 89 17 is_stmt 0 view .LVU82
 253 010c 049B     		ldr	r3, [sp, #16]
 254 010e 9A68     		ldr	r2, [r3, #8]
 255              	.LVL20:
 256              		.loc 1 89 17 view .LVU83
 257 0110 0AA9     		add	r1, sp, #40
 258 0112 08A8     		add	r0, sp, #32
 259 0114 FFF7FEFF 		bl	_lv_area_intersect
 260              	.LVL21:
  90:lvgl/src/draw/sw/lv_draw_sw_polygon.c ****     if(!is_common) {
 261              		.loc 1 90 5 is_stmt 1 view .LVU84
 262              		.loc 1 90 7 is_stmt 0 view .LVU85
 263 0118 0390     		str	r0, [sp, #12]
 264 011a 48B1     		cbz	r0, .L37
  91:lvgl/src/draw/sw/lv_draw_sw_polygon.c ****         lv_mem_buf_release(p);
  92:lvgl/src/draw/sw/lv_draw_sw_polygon.c ****         return;
  93:lvgl/src/draw/sw/lv_draw_sw_polygon.c ****     }
  94:lvgl/src/draw/sw/lv_draw_sw_polygon.c **** 
  95:lvgl/src/draw/sw/lv_draw_sw_polygon.c ****     const lv_area_t * clip_area_ori = draw_ctx->clip_area;
 265              		.loc 1 95 5 is_stmt 1 view .LVU86
 266              		.loc 1 95 23 is_stmt 0 view .LVU87
 267 011c 049A     		ldr	r2, [sp, #16]
 268 011e 9368     		ldr	r3, [r2, #8]
 269 0120 0793     		str	r3, [sp, #28]
 270              	.LVL22:
  96:lvgl/src/draw/sw/lv_draw_sw_polygon.c ****     draw_ctx->clip_area = &clip_area;
 271              		.loc 1 96 5 is_stmt 1 view .LVU88
 272              		.loc 1 96 25 is_stmt 0 view .LVU89
 273 0122 08AB     		add	r3, sp, #32
 274              	.LVL23:
 275              		.loc 1 96 25 view .LVU90
 276 0124 9360     		str	r3, [r2, #8]
 277              	.LVL24:
  97:lvgl/src/draw/sw/lv_draw_sw_polygon.c **** 
ARM GAS  C:\Users\OSD\AppData\Local\Temp\cciPnoUg.s 			page 8


  98:lvgl/src/draw/sw/lv_draw_sw_polygon.c ****     /*Find the lowest point*/
  99:lvgl/src/draw/sw/lv_draw_sw_polygon.c ****     lv_coord_t y_min = p[0].y;
 278              		.loc 1 99 5 is_stmt 1 view .LVU91
 279              		.loc 1 99 16 is_stmt 0 view .LVU92
 280 0126 B4F90210 		ldrsh	r1, [r4, #2]
 281              	.LVL25:
 100:lvgl/src/draw/sw/lv_draw_sw_polygon.c ****     int16_t y_min_i = 0;
 282              		.loc 1 100 5 is_stmt 1 view .LVU93
 101:lvgl/src/draw/sw/lv_draw_sw_polygon.c **** 
 102:lvgl/src/draw/sw/lv_draw_sw_polygon.c ****     for(i = 1; i < point_cnt; i++) {
 283              		.loc 1 102 5 view .LVU94
 100:lvgl/src/draw/sw/lv_draw_sw_polygon.c ****     int16_t y_min_i = 0;
 284              		.loc 1 100 13 is_stmt 0 view .LVU95
 285 012a 0026     		movs	r6, #0
 286              	.LVL26:
 287              		.loc 1 102 11 view .LVU96
 288 012c 0123     		movs	r3, #1
 289              		.loc 1 102 5 view .LVU97
 290 012e 05E0     		b	.L13
 291              	.LVL27:
 292              	.L37:
  91:lvgl/src/draw/sw/lv_draw_sw_polygon.c ****         return;
 293              		.loc 1 91 9 is_stmt 1 view .LVU98
 294 0130 2046     		mov	r0, r4
 295              	.LVL28:
  91:lvgl/src/draw/sw/lv_draw_sw_polygon.c ****         return;
 296              		.loc 1 91 9 is_stmt 0 view .LVU99
 297 0132 FFF7FEFF 		bl	lv_mem_buf_release
 298              	.LVL29:
  92:lvgl/src/draw/sw/lv_draw_sw_polygon.c ****     }
 299              		.loc 1 92 9 is_stmt 1 view .LVU100
 300 0136 B8E0     		b	.L1
 301              	.LVL30:
 302              	.L14:
 303              		.loc 1 102 31 discriminator 2 view .LVU101
 304              		.loc 1 102 32 is_stmt 0 discriminator 2 view .LVU102
 305 0138 0133     		adds	r3, r3, #1
 306              	.LVL31:
 307              		.loc 1 102 32 discriminator 2 view .LVU103
 308 013a 9BB2     		uxth	r3, r3
 309              	.LVL32:
 310              	.L13:
 311              		.loc 1 102 16 is_stmt 1 discriminator 1 view .LVU104
 312              		.loc 1 102 5 is_stmt 0 discriminator 1 view .LVU105
 313 013c AB42     		cmp	r3, r5
 314 013e 08D2     		bcs	.L38
 103:lvgl/src/draw/sw/lv_draw_sw_polygon.c ****         if(p[i].y < y_min) {
 315              		.loc 1 103 9 is_stmt 1 view .LVU106
 316              		.loc 1 103 13 is_stmt 0 view .LVU107
 317 0140 04EB8302 		add	r2, r4, r3, lsl #2
 318              		.loc 1 103 16 view .LVU108
 319 0144 B2F90220 		ldrsh	r2, [r2, #2]
 320              		.loc 1 103 11 view .LVU109
 321 0148 8A42     		cmp	r2, r1
 322 014a F5DA     		bge	.L14
 104:lvgl/src/draw/sw/lv_draw_sw_polygon.c ****             y_min = p[i].y;
 323              		.loc 1 104 13 is_stmt 1 view .LVU110
ARM GAS  C:\Users\OSD\AppData\Local\Temp\cciPnoUg.s 			page 9


 324              	.LVL33:
 105:lvgl/src/draw/sw/lv_draw_sw_polygon.c ****             y_min_i = i;
 325              		.loc 1 105 13 view .LVU111
 326              		.loc 1 105 21 is_stmt 0 view .LVU112
 327 014c 1EB2     		sxth	r6, r3
 328              	.LVL34:
 104:lvgl/src/draw/sw/lv_draw_sw_polygon.c ****             y_min = p[i].y;
 329              		.loc 1 104 19 view .LVU113
 330 014e 1146     		mov	r1, r2
 331 0150 F2E7     		b	.L14
 332              	.LVL35:
 333              	.L38:
 106:lvgl/src/draw/sw/lv_draw_sw_polygon.c ****         }
 107:lvgl/src/draw/sw/lv_draw_sw_polygon.c ****     }
 108:lvgl/src/draw/sw/lv_draw_sw_polygon.c **** 
 109:lvgl/src/draw/sw/lv_draw_sw_polygon.c ****     lv_draw_mask_line_param_t * mp = lv_mem_buf_get(sizeof(lv_draw_mask_line_param_t) * point_cnt);
 334              		.loc 1 109 5 is_stmt 1 view .LVU114
 335              		.loc 1 109 38 is_stmt 0 view .LVU115
 336 0152 AA46     		mov	r10, r5
 337 0154 2C20     		movs	r0, #44
 338              	.LVL36:
 339              		.loc 1 109 38 view .LVU116
 340 0156 05FB00F0 		mul	r0, r5, r0
 341 015a FFF7FEFF 		bl	lv_mem_buf_get
 342              	.LVL37:
 343              		.loc 1 109 38 view .LVU117
 344 015e 0590     		str	r0, [sp, #20]
 345              	.LVL38:
 110:lvgl/src/draw/sw/lv_draw_sw_polygon.c ****     lv_draw_mask_line_param_t * mp_next = mp;
 346              		.loc 1 110 5 is_stmt 1 view .LVU118
 111:lvgl/src/draw/sw/lv_draw_sw_polygon.c **** 
 112:lvgl/src/draw/sw/lv_draw_sw_polygon.c ****     int32_t i_prev_left = y_min_i;
 347              		.loc 1 112 5 view .LVU119
 348              		.loc 1 112 13 is_stmt 0 view .LVU120
 349 0160 3746     		mov	r7, r6
 350              	.LVL39:
 113:lvgl/src/draw/sw/lv_draw_sw_polygon.c ****     int32_t i_prev_right = y_min_i;
 351              		.loc 1 113 5 is_stmt 1 view .LVU121
 114:lvgl/src/draw/sw/lv_draw_sw_polygon.c ****     int32_t i_next_left;
 352              		.loc 1 114 5 view .LVU122
 115:lvgl/src/draw/sw/lv_draw_sw_polygon.c ****     int32_t i_next_right;
 353              		.loc 1 115 5 view .LVU123
 116:lvgl/src/draw/sw/lv_draw_sw_polygon.c ****     uint32_t mask_cnt = 0;
 354              		.loc 1 116 5 view .LVU124
 117:lvgl/src/draw/sw/lv_draw_sw_polygon.c **** 
 118:lvgl/src/draw/sw/lv_draw_sw_polygon.c ****     /*Get the index of the left and right points*/
 119:lvgl/src/draw/sw/lv_draw_sw_polygon.c ****     i_next_left = y_min_i - 1;
 355              		.loc 1 119 5 view .LVU125
 120:lvgl/src/draw/sw/lv_draw_sw_polygon.c ****     if(i_next_left < 0) i_next_left = point_cnt + i_next_left;
 356              		.loc 1 120 5 view .LVU126
 357              		.loc 1 120 7 is_stmt 0 view .LVU127
 358 0162 731E     		subs	r3, r6, #1
 359              	.LVL40:
 360              		.loc 1 120 7 view .LVU128
 361 0164 2AD4     		bmi	.L39
 362              	.L16:
 121:lvgl/src/draw/sw/lv_draw_sw_polygon.c **** 
ARM GAS  C:\Users\OSD\AppData\Local\Temp\cciPnoUg.s 			page 10


 122:lvgl/src/draw/sw/lv_draw_sw_polygon.c ****     i_next_right = y_min_i + 1;
 363              		.loc 1 122 5 is_stmt 1 view .LVU129
 364              		.loc 1 122 18 is_stmt 0 view .LVU130
 365 0166 7A1C     		adds	r2, r7, #1
 366              	.LVL41:
 123:lvgl/src/draw/sw/lv_draw_sw_polygon.c ****     if(i_next_right > point_cnt - 1) i_next_right = 0;
 367              		.loc 1 123 5 is_stmt 1 view .LVU131
 368              		.loc 1 123 21 is_stmt 0 view .LVU132
 369 0168 AB46     		mov	fp, r5
 370              		.loc 1 123 7 view .LVU133
 371 016a 9542     		cmp	r5, r2
 372 016c 00DC     		bgt	.L17
 373              		.loc 1 123 51 view .LVU134
 374 016e 0022     		movs	r2, #0
 375              	.LVL42:
 376              	.L17:
 124:lvgl/src/draw/sw/lv_draw_sw_polygon.c **** 
 125:lvgl/src/draw/sw/lv_draw_sw_polygon.c ****     /**
 126:lvgl/src/draw/sw/lv_draw_sw_polygon.c ****      * Check if the order of points is inverted or not.
 127:lvgl/src/draw/sw/lv_draw_sw_polygon.c ****      * The normal case is when the left point is on `y_min_i - 1`
 128:lvgl/src/draw/sw/lv_draw_sw_polygon.c ****      * Explanation:
 129:lvgl/src/draw/sw/lv_draw_sw_polygon.c ****      *   if angle(p_left) < angle(p_right) -> inverted
 130:lvgl/src/draw/sw/lv_draw_sw_polygon.c ****      *   dy_left/dx_left < dy_right/dx_right
 131:lvgl/src/draw/sw/lv_draw_sw_polygon.c ****      *   dy_left * dx_right < dy_right * dx_left
 132:lvgl/src/draw/sw/lv_draw_sw_polygon.c ****      */
 133:lvgl/src/draw/sw/lv_draw_sw_polygon.c ****     lv_coord_t dxl = p[i_next_left].x - p[y_min_i].x;
 377              		.loc 1 133 5 is_stmt 1 view .LVU135
 378              		.loc 1 133 23 is_stmt 0 view .LVU136
 379 0170 04EB830C 		add	ip, r4, r3, lsl #2
 380              		.loc 1 133 36 view .LVU137
 381 0174 34F82330 		ldrh	r3, [r4, r3, lsl #2]
 382              	.LVL43:
 383              		.loc 1 133 42 view .LVU138
 384 0178 04EB8605 		add	r5, r4, r6, lsl #2
 385              	.LVL44:
 386              		.loc 1 133 51 view .LVU139
 387 017c 34F82600 		ldrh	r0, [r4, r6, lsl #2]
 388              	.LVL45:
 389              		.loc 1 133 39 view .LVU140
 390 0180 1B1A     		subs	r3, r3, r0
 391              		.loc 1 133 16 view .LVU141
 392 0182 19B2     		sxth	r1, r3
 393              	.LVL46:
 134:lvgl/src/draw/sw/lv_draw_sw_polygon.c ****     lv_coord_t dxr = p[i_next_right].x - p[y_min_i].x;
 394              		.loc 1 134 5 is_stmt 1 view .LVU142
 395              		.loc 1 134 23 is_stmt 0 view .LVU143
 396 0184 04EB8203 		add	r3, r4, r2, lsl #2
 397              		.loc 1 134 37 view .LVU144
 398 0188 34F82220 		ldrh	r2, [r4, r2, lsl #2]
 399              	.LVL47:
 400              		.loc 1 134 40 view .LVU145
 401 018c 121A     		subs	r2, r2, r0
 402              		.loc 1 134 16 view .LVU146
 403 018e 10B2     		sxth	r0, r2
 404              	.LVL48:
 135:lvgl/src/draw/sw/lv_draw_sw_polygon.c ****     lv_coord_t dyl = p[i_next_left].y - p[y_min_i].y;
 405              		.loc 1 135 5 is_stmt 1 view .LVU147
ARM GAS  C:\Users\OSD\AppData\Local\Temp\cciPnoUg.s 			page 11


 406              		.loc 1 135 36 is_stmt 0 view .LVU148
 407 0190 BCF80220 		ldrh	r2, [ip, #2]
 408              		.loc 1 135 51 view .LVU149
 409 0194 6D88     		ldrh	r5, [r5, #2]
 410              		.loc 1 135 39 view .LVU150
 411 0196 521B     		subs	r2, r2, r5
 412              		.loc 1 135 16 view .LVU151
 413 0198 12B2     		sxth	r2, r2
 414              	.LVL49:
 136:lvgl/src/draw/sw/lv_draw_sw_polygon.c ****     lv_coord_t dyr = p[i_next_right].y - p[y_min_i].y;
 415              		.loc 1 136 5 is_stmt 1 view .LVU152
 416              		.loc 1 136 37 is_stmt 0 view .LVU153
 417 019a 5B88     		ldrh	r3, [r3, #2]
 418              		.loc 1 136 40 view .LVU154
 419 019c 5B1B     		subs	r3, r3, r5
 420              		.loc 1 136 16 view .LVU155
 421 019e 1BB2     		sxth	r3, r3
 422              	.LVL50:
 137:lvgl/src/draw/sw/lv_draw_sw_polygon.c **** 
 138:lvgl/src/draw/sw/lv_draw_sw_polygon.c ****     bool inv = false;
 423              		.loc 1 138 5 is_stmt 1 view .LVU156
 139:lvgl/src/draw/sw/lv_draw_sw_polygon.c ****     if(dyl * dxr < dyr * dxl) inv = true;
 424              		.loc 1 139 5 view .LVU157
 425              		.loc 1 139 12 is_stmt 0 view .LVU158
 426 01a0 00FB02F2 		mul	r2, r0, r2
 427              	.LVL51:
 428              		.loc 1 139 24 view .LVU159
 429 01a4 01FB03F3 		mul	r3, r1, r3
 430              	.LVL52:
 431              		.loc 1 139 7 view .LVU160
 432 01a8 9A42     		cmp	r2, r3
 433 01aa 01DB     		blt	.L18
 138:lvgl/src/draw/sw/lv_draw_sw_polygon.c ****     if(dyl * dxr < dyr * dxl) inv = true;
 434              		.loc 1 138 10 view .LVU161
 435 01ac 0023     		movs	r3, #0
 436 01ae 0393     		str	r3, [sp, #12]
 437              	.L18:
 438              	.LVL53:
 138:lvgl/src/draw/sw/lv_draw_sw_polygon.c ****     if(dyl * dxr < dyr * dxl) inv = true;
 439              		.loc 1 138 10 view .LVU162
 440 01b0 B946     		mov	r9, r7
 441 01b2 059B     		ldr	r3, [sp, #20]
 442 01b4 9E46     		mov	lr, r3
 443 01b6 4FF00008 		mov	r8, #0
 444 01ba 39E0     		b	.L28
 445              	.LVL54:
 446              	.L39:
 120:lvgl/src/draw/sw/lv_draw_sw_polygon.c **** 
 447              		.loc 1 120 25 is_stmt 1 discriminator 1 view .LVU163
 120:lvgl/src/draw/sw/lv_draw_sw_polygon.c **** 
 448              		.loc 1 120 37 is_stmt 0 discriminator 1 view .LVU164
 449 01bc 2B44     		add	r3, r3, r5
 450              	.LVL55:
 120:lvgl/src/draw/sw/lv_draw_sw_polygon.c **** 
 451              		.loc 1 120 37 discriminator 1 view .LVU165
 452 01be D2E7     		b	.L16
 453              	.LVL56:
ARM GAS  C:\Users\OSD\AppData\Local\Temp\cciPnoUg.s 			page 12


 454              	.L43:
 140:lvgl/src/draw/sw/lv_draw_sw_polygon.c **** 
 141:lvgl/src/draw/sw/lv_draw_sw_polygon.c ****     do {
 142:lvgl/src/draw/sw/lv_draw_sw_polygon.c ****         if(!inv) {
 143:lvgl/src/draw/sw/lv_draw_sw_polygon.c ****             i_next_left = i_prev_left - 1;
 144:lvgl/src/draw/sw/lv_draw_sw_polygon.c ****             if(i_next_left < 0) i_next_left = point_cnt + i_next_left;
 455              		.loc 1 144 33 is_stmt 1 discriminator 1 view .LVU166
 456              		.loc 1 144 45 is_stmt 0 discriminator 1 view .LVU167
 457 01c0 5D44     		add	r5, r5, fp
 458              	.LVL57:
 459              		.loc 1 144 45 discriminator 1 view .LVU168
 460 01c2 3AE0     		b	.L20
 461              	.LVL58:
 462              	.L19:
 145:lvgl/src/draw/sw/lv_draw_sw_polygon.c **** 
 146:lvgl/src/draw/sw/lv_draw_sw_polygon.c ****             i_next_right = i_prev_right + 1;
 147:lvgl/src/draw/sw/lv_draw_sw_polygon.c ****             if(i_next_right > point_cnt - 1) i_next_right = 0;
 148:lvgl/src/draw/sw/lv_draw_sw_polygon.c ****         }
 149:lvgl/src/draw/sw/lv_draw_sw_polygon.c ****         else {
 150:lvgl/src/draw/sw/lv_draw_sw_polygon.c ****             i_next_left = i_prev_left + 1;
 463              		.loc 1 150 13 is_stmt 1 view .LVU169
 464              		.loc 1 150 25 is_stmt 0 view .LVU170
 465 01c4 7D1C     		adds	r5, r7, #1
 466              	.LVL59:
 151:lvgl/src/draw/sw/lv_draw_sw_polygon.c ****             if(i_next_left > point_cnt - 1) i_next_left = 0;
 467              		.loc 1 151 13 is_stmt 1 view .LVU171
 468              		.loc 1 151 15 is_stmt 0 view .LVU172
 469 01c6 AB45     		cmp	fp, r5
 470 01c8 00DC     		bgt	.L22
 471              		.loc 1 151 57 view .LVU173
 472 01ca 0025     		movs	r5, #0
 473              	.LVL60:
 474              	.L22:
 152:lvgl/src/draw/sw/lv_draw_sw_polygon.c **** 
 153:lvgl/src/draw/sw/lv_draw_sw_polygon.c ****             i_next_right = i_prev_right - 1;
 475              		.loc 1 153 13 is_stmt 1 view .LVU174
 154:lvgl/src/draw/sw/lv_draw_sw_polygon.c ****             if(i_next_right < 0) i_next_right = point_cnt + i_next_right;
 476              		.loc 1 154 13 view .LVU175
 477              		.loc 1 154 15 is_stmt 0 view .LVU176
 478 01cc B9F10106 		subs	r6, r9, #1
 479              	.LVL61:
 480              		.loc 1 154 15 view .LVU177
 481 01d0 39D4     		bmi	.L40
 482              	.LVL62:
 483              	.L21:
 155:lvgl/src/draw/sw/lv_draw_sw_polygon.c ****         }
 156:lvgl/src/draw/sw/lv_draw_sw_polygon.c **** 
 157:lvgl/src/draw/sw/lv_draw_sw_polygon.c ****         if(p[i_next_left].y >= p[i_prev_left].y) {
 484              		.loc 1 157 9 is_stmt 1 view .LVU178
 485              		.loc 1 157 13 is_stmt 0 view .LVU179
 486 01d2 4FEA850C 		lsl	ip, r5, #2
 487 01d6 04EB8503 		add	r3, r4, r5, lsl #2
 488              		.loc 1 157 26 view .LVU180
 489 01da B3F90200 		ldrsh	r0, [r3, #2]
 490              		.loc 1 157 33 view .LVU181
 491 01de B900     		lsls	r1, r7, #2
 492 01e0 04EB8703 		add	r3, r4, r7, lsl #2
ARM GAS  C:\Users\OSD\AppData\Local\Temp\cciPnoUg.s 			page 13


 493              		.loc 1 157 46 view .LVU182
 494 01e4 B3F90220 		ldrsh	r2, [r3, #2]
 495              		.loc 1 157 11 view .LVU183
 496 01e8 9042     		cmp	r0, r2
 497 01ea 08DB     		blt	.L23
 158:lvgl/src/draw/sw/lv_draw_sw_polygon.c ****             if(p[i_next_left].y != p[i_prev_left].y &&
 498              		.loc 1 158 13 is_stmt 1 view .LVU184
 499              		.loc 1 158 15 is_stmt 0 view .LVU185
 500 01ec 04D0     		beq	.L24
 159:lvgl/src/draw/sw/lv_draw_sw_polygon.c ****                p[i_next_left].x != p[i_prev_left].x) {
 501              		.loc 1 159 30 discriminator 1 view .LVU186
 502 01ee 34F90C30 		ldrsh	r3, [r4, ip]
 503              		.loc 1 159 50 discriminator 1 view .LVU187
 504 01f2 615E     		ldrsh	r1, [r4, r1]
 158:lvgl/src/draw/sw/lv_draw_sw_polygon.c ****             if(p[i_next_left].y != p[i_prev_left].y &&
 505              		.loc 1 158 53 discriminator 1 view .LVU188
 506 01f4 8B42     		cmp	r3, r1
 507 01f6 28D1     		bne	.L41
 508              	.LVL63:
 509              	.L24:
 160:lvgl/src/draw/sw/lv_draw_sw_polygon.c ****                 lv_draw_mask_line_points_init(mp_next, p[i_prev_left].x, p[i_prev_left].y,
 161:lvgl/src/draw/sw/lv_draw_sw_polygon.c ****                                               p[i_next_left].x, p[i_next_left].y,
 162:lvgl/src/draw/sw/lv_draw_sw_polygon.c ****                                               LV_DRAW_MASK_LINE_SIDE_RIGHT);
 163:lvgl/src/draw/sw/lv_draw_sw_polygon.c ****                 lv_draw_mask_add(mp_next, mp);
 164:lvgl/src/draw/sw/lv_draw_sw_polygon.c ****                 mp_next++;
 165:lvgl/src/draw/sw/lv_draw_sw_polygon.c ****             }
 166:lvgl/src/draw/sw/lv_draw_sw_polygon.c ****             mask_cnt++;
 510              		.loc 1 166 13 is_stmt 1 view .LVU189
 511              		.loc 1 166 21 is_stmt 0 view .LVU190
 512 01f8 08F10108 		add	r8, r8, #1
 513              	.LVL64:
 167:lvgl/src/draw/sw/lv_draw_sw_polygon.c ****             i_prev_left = i_next_left;
 514              		.loc 1 167 13 is_stmt 1 view .LVU191
 515              		.loc 1 167 25 is_stmt 0 view .LVU192
 516 01fc 2F46     		mov	r7, r5
 517              	.LVL65:
 518              	.L23:
 168:lvgl/src/draw/sw/lv_draw_sw_polygon.c ****         }
 169:lvgl/src/draw/sw/lv_draw_sw_polygon.c **** 
 170:lvgl/src/draw/sw/lv_draw_sw_polygon.c ****         if(mask_cnt == point_cnt) break;
 519              		.loc 1 170 9 is_stmt 1 view .LVU193
 520              		.loc 1 170 11 is_stmt 0 view .LVU194
 521 01fe C245     		cmp	r10, r8
 522 0200 41D0     		beq	.L25
 171:lvgl/src/draw/sw/lv_draw_sw_polygon.c **** 
 172:lvgl/src/draw/sw/lv_draw_sw_polygon.c ****         if(p[i_next_right].y >= p[i_prev_right].y) {
 523              		.loc 1 172 9 is_stmt 1 view .LVU195
 524              		.loc 1 172 13 is_stmt 0 view .LVU196
 525 0202 B500     		lsls	r5, r6, #2
 526              	.LVL66:
 527              		.loc 1 172 13 view .LVU197
 528 0204 04EB8603 		add	r3, r4, r6, lsl #2
 529              		.loc 1 172 27 view .LVU198
 530 0208 B3F90200 		ldrsh	r0, [r3, #2]
 531              		.loc 1 172 34 view .LVU199
 532 020c 4FEA8901 		lsl	r1, r9, #2
 533 0210 04EB8903 		add	r3, r4, r9, lsl #2
ARM GAS  C:\Users\OSD\AppData\Local\Temp\cciPnoUg.s 			page 14


 534              		.loc 1 172 48 view .LVU200
 535 0214 B3F90220 		ldrsh	r2, [r3, #2]
 536              		.loc 1 172 11 view .LVU201
 537 0218 9042     		cmp	r0, r2
 538 021a 07DB     		blt	.L26
 173:lvgl/src/draw/sw/lv_draw_sw_polygon.c ****             if(p[i_next_right].y != p[i_prev_right].y &&
 539              		.loc 1 173 13 is_stmt 1 view .LVU202
 540              		.loc 1 173 15 is_stmt 0 view .LVU203
 541 021c 03D0     		beq	.L27
 174:lvgl/src/draw/sw/lv_draw_sw_polygon.c ****                p[i_next_right].x != p[i_prev_right].x) {
 542              		.loc 1 174 31 discriminator 1 view .LVU204
 543 021e 635F     		ldrsh	r3, [r4, r5]
 544              		.loc 1 174 52 discriminator 1 view .LVU205
 545 0220 615E     		ldrsh	r1, [r4, r1]
 173:lvgl/src/draw/sw/lv_draw_sw_polygon.c ****             if(p[i_next_right].y != p[i_prev_right].y &&
 546              		.loc 1 173 55 discriminator 1 view .LVU206
 547 0222 8B42     		cmp	r3, r1
 548 0224 20D1     		bne	.L42
 549              	.L27:
 175:lvgl/src/draw/sw/lv_draw_sw_polygon.c **** 
 176:lvgl/src/draw/sw/lv_draw_sw_polygon.c ****                 lv_draw_mask_line_points_init(mp_next, p[i_prev_right].x, p[i_prev_right].y,
 177:lvgl/src/draw/sw/lv_draw_sw_polygon.c ****                                               p[i_next_right].x, p[i_next_right].y,
 178:lvgl/src/draw/sw/lv_draw_sw_polygon.c ****                                               LV_DRAW_MASK_LINE_SIDE_LEFT);
 179:lvgl/src/draw/sw/lv_draw_sw_polygon.c ****                 lv_draw_mask_add(mp_next, mp);
 180:lvgl/src/draw/sw/lv_draw_sw_polygon.c ****                 mp_next++;
 181:lvgl/src/draw/sw/lv_draw_sw_polygon.c ****             }
 182:lvgl/src/draw/sw/lv_draw_sw_polygon.c ****             mask_cnt++;
 550              		.loc 1 182 13 is_stmt 1 view .LVU207
 551              		.loc 1 182 21 is_stmt 0 view .LVU208
 552 0226 08F10108 		add	r8, r8, #1
 553              	.LVL67:
 183:lvgl/src/draw/sw/lv_draw_sw_polygon.c ****             i_prev_right = i_next_right;
 554              		.loc 1 183 13 is_stmt 1 view .LVU209
 555              		.loc 1 183 26 is_stmt 0 view .LVU210
 556 022a B146     		mov	r9, r6
 557              	.LVL68:
 558              	.L26:
 184:lvgl/src/draw/sw/lv_draw_sw_polygon.c ****         }
 185:lvgl/src/draw/sw/lv_draw_sw_polygon.c **** 
 186:lvgl/src/draw/sw/lv_draw_sw_polygon.c ****     } while(mask_cnt < point_cnt);
 559              		.loc 1 186 12 is_stmt 1 view .LVU211
 560              		.loc 1 186 5 is_stmt 0 view .LVU212
 561 022c C245     		cmp	r10, r8
 562 022e 2AD9     		bls	.L25
 563              	.LVL69:
 564              	.L28:
 141:lvgl/src/draw/sw/lv_draw_sw_polygon.c ****         if(!inv) {
 565              		.loc 1 141 5 is_stmt 1 view .LVU213
 142:lvgl/src/draw/sw/lv_draw_sw_polygon.c ****             i_next_left = i_prev_left - 1;
 566              		.loc 1 142 9 view .LVU214
 142:lvgl/src/draw/sw/lv_draw_sw_polygon.c ****             i_next_left = i_prev_left - 1;
 567              		.loc 1 142 11 is_stmt 0 view .LVU215
 568 0230 039B     		ldr	r3, [sp, #12]
 569 0232 002B     		cmp	r3, #0
 570 0234 C6D1     		bne	.L19
 143:lvgl/src/draw/sw/lv_draw_sw_polygon.c ****             if(i_next_left < 0) i_next_left = point_cnt + i_next_left;
 571              		.loc 1 143 13 is_stmt 1 view .LVU216
ARM GAS  C:\Users\OSD\AppData\Local\Temp\cciPnoUg.s 			page 15


 572              	.LVL70:
 144:lvgl/src/draw/sw/lv_draw_sw_polygon.c **** 
 573              		.loc 1 144 13 view .LVU217
 144:lvgl/src/draw/sw/lv_draw_sw_polygon.c **** 
 574              		.loc 1 144 15 is_stmt 0 view .LVU218
 575 0236 7D1E     		subs	r5, r7, #1
 576              	.LVL71:
 144:lvgl/src/draw/sw/lv_draw_sw_polygon.c **** 
 577              		.loc 1 144 15 view .LVU219
 578 0238 C2D4     		bmi	.L43
 579              	.L20:
 146:lvgl/src/draw/sw/lv_draw_sw_polygon.c ****             if(i_next_right > point_cnt - 1) i_next_right = 0;
 580              		.loc 1 146 13 is_stmt 1 view .LVU220
 146:lvgl/src/draw/sw/lv_draw_sw_polygon.c ****             if(i_next_right > point_cnt - 1) i_next_right = 0;
 581              		.loc 1 146 26 is_stmt 0 view .LVU221
 582 023a 09F10106 		add	r6, r9, #1
 583              	.LVL72:
 147:lvgl/src/draw/sw/lv_draw_sw_polygon.c ****         }
 584              		.loc 1 147 13 is_stmt 1 view .LVU222
 147:lvgl/src/draw/sw/lv_draw_sw_polygon.c ****         }
 585              		.loc 1 147 15 is_stmt 0 view .LVU223
 586 023e B345     		cmp	fp, r6
 587 0240 C7DC     		bgt	.L21
 147:lvgl/src/draw/sw/lv_draw_sw_polygon.c ****         }
 588              		.loc 1 147 59 view .LVU224
 589 0242 0026     		movs	r6, #0
 590              	.LVL73:
 147:lvgl/src/draw/sw/lv_draw_sw_polygon.c ****         }
 591              		.loc 1 147 59 view .LVU225
 592 0244 C5E7     		b	.L21
 593              	.LVL74:
 594              	.L40:
 154:lvgl/src/draw/sw/lv_draw_sw_polygon.c ****         }
 595              		.loc 1 154 34 is_stmt 1 discriminator 1 view .LVU226
 154:lvgl/src/draw/sw/lv_draw_sw_polygon.c ****         }
 596              		.loc 1 154 47 is_stmt 0 discriminator 1 view .LVU227
 597 0246 5E44     		add	r6, r6, fp
 598              	.LVL75:
 154:lvgl/src/draw/sw/lv_draw_sw_polygon.c ****         }
 599              		.loc 1 154 47 discriminator 1 view .LVU228
 600 0248 C3E7     		b	.L21
 601              	.L41:
 160:lvgl/src/draw/sw/lv_draw_sw_polygon.c ****                                               p[i_next_left].x, p[i_next_left].y,
 602              		.loc 1 160 17 is_stmt 1 view .LVU229
 603 024a 0127     		movs	r7, #1
 604              	.LVL76:
 160:lvgl/src/draw/sw/lv_draw_sw_polygon.c ****                                               p[i_next_left].x, p[i_next_left].y,
 605              		.loc 1 160 17 is_stmt 0 view .LVU230
 606 024c 0197     		str	r7, [sp, #4]
 607 024e 0090     		str	r0, [sp]
 608 0250 7746     		mov	r7, lr
 609 0252 7046     		mov	r0, lr
 610 0254 FFF7FEFF 		bl	lv_draw_mask_line_points_init
 611              	.LVL77:
 163:lvgl/src/draw/sw/lv_draw_sw_polygon.c ****                 mp_next++;
 612              		.loc 1 163 17 is_stmt 1 view .LVU231
 613 0258 0599     		ldr	r1, [sp, #20]
ARM GAS  C:\Users\OSD\AppData\Local\Temp\cciPnoUg.s 			page 16


 614 025a 3846     		mov	r0, r7
 615 025c FFF7FEFF 		bl	lv_draw_mask_add
 616              	.LVL78:
 164:lvgl/src/draw/sw/lv_draw_sw_polygon.c ****             }
 617              		.loc 1 164 17 view .LVU232
 164:lvgl/src/draw/sw/lv_draw_sw_polygon.c ****             }
 618              		.loc 1 164 24 is_stmt 0 view .LVU233
 619 0260 3B46     		mov	r3, r7
 620 0262 2C33     		adds	r3, r3, #44
 621 0264 9E46     		mov	lr, r3
 622              	.LVL79:
 164:lvgl/src/draw/sw/lv_draw_sw_polygon.c ****             }
 623              		.loc 1 164 24 view .LVU234
 624 0266 C7E7     		b	.L24
 625              	.LVL80:
 626              	.L42:
 176:lvgl/src/draw/sw/lv_draw_sw_polygon.c ****                                               p[i_next_right].x, p[i_next_right].y,
 627              		.loc 1 176 17 is_stmt 1 view .LVU235
 628 0268 0025     		movs	r5, #0
 629 026a 0195     		str	r5, [sp, #4]
 630 026c 0090     		str	r0, [sp]
 631 026e 7546     		mov	r5, lr
 632 0270 7046     		mov	r0, lr
 633 0272 FFF7FEFF 		bl	lv_draw_mask_line_points_init
 634              	.LVL81:
 179:lvgl/src/draw/sw/lv_draw_sw_polygon.c ****                 mp_next++;
 635              		.loc 1 179 17 view .LVU236
 636 0276 0599     		ldr	r1, [sp, #20]
 637 0278 2846     		mov	r0, r5
 638 027a FFF7FEFF 		bl	lv_draw_mask_add
 639              	.LVL82:
 180:lvgl/src/draw/sw/lv_draw_sw_polygon.c ****             }
 640              		.loc 1 180 17 view .LVU237
 180:lvgl/src/draw/sw/lv_draw_sw_polygon.c ****             }
 641              		.loc 1 180 24 is_stmt 0 view .LVU238
 642 027e 2B46     		mov	r3, r5
 643 0280 2C33     		adds	r3, r3, #44
 644 0282 9E46     		mov	lr, r3
 645              	.LVL83:
 180:lvgl/src/draw/sw/lv_draw_sw_polygon.c ****             }
 646              		.loc 1 180 24 view .LVU239
 647 0284 CFE7     		b	.L27
 648              	.LVL84:
 649              	.L25:
 187:lvgl/src/draw/sw/lv_draw_sw_polygon.c **** 
 188:lvgl/src/draw/sw/lv_draw_sw_polygon.c ****     lv_draw_rect(draw_ctx, draw_dsc, &poly_coords);
 650              		.loc 1 188 5 is_stmt 1 view .LVU240
 651 0286 0AAA     		add	r2, sp, #40
 652 0288 0699     		ldr	r1, [sp, #24]
 653 028a 049E     		ldr	r6, [sp, #16]
 654              	.LVL85:
 655              		.loc 1 188 5 is_stmt 0 view .LVU241
 656 028c 3046     		mov	r0, r6
 657 028e FFF7FEFF 		bl	lv_draw_rect
 658              	.LVL86:
 189:lvgl/src/draw/sw/lv_draw_sw_polygon.c **** 
 190:lvgl/src/draw/sw/lv_draw_sw_polygon.c ****     lv_draw_mask_remove_custom(mp);
ARM GAS  C:\Users\OSD\AppData\Local\Temp\cciPnoUg.s 			page 17


 659              		.loc 1 190 5 is_stmt 1 view .LVU242
 660 0292 059D     		ldr	r5, [sp, #20]
 661 0294 2846     		mov	r0, r5
 662 0296 FFF7FEFF 		bl	lv_draw_mask_remove_custom
 663              	.LVL87:
 191:lvgl/src/draw/sw/lv_draw_sw_polygon.c **** 
 192:lvgl/src/draw/sw/lv_draw_sw_polygon.c ****     lv_mem_buf_release(mp);
 664              		.loc 1 192 5 view .LVU243
 665 029a 2846     		mov	r0, r5
 666 029c FFF7FEFF 		bl	lv_mem_buf_release
 667              	.LVL88:
 193:lvgl/src/draw/sw/lv_draw_sw_polygon.c ****     lv_mem_buf_release(p);
 668              		.loc 1 193 5 view .LVU244
 669 02a0 2046     		mov	r0, r4
 670 02a2 FFF7FEFF 		bl	lv_mem_buf_release
 671              	.LVL89:
 194:lvgl/src/draw/sw/lv_draw_sw_polygon.c **** 
 195:lvgl/src/draw/sw/lv_draw_sw_polygon.c ****     draw_ctx->clip_area = clip_area_ori;
 672              		.loc 1 195 5 view .LVU245
 673              		.loc 1 195 25 is_stmt 0 view .LVU246
 674 02a6 079A     		ldr	r2, [sp, #28]
 675 02a8 B260     		str	r2, [r6, #8]
 676              	.LVL90:
 677              	.L1:
 196:lvgl/src/draw/sw/lv_draw_sw_polygon.c **** #else
 197:lvgl/src/draw/sw/lv_draw_sw_polygon.c ****     LV_UNUSED(points);
 198:lvgl/src/draw/sw/lv_draw_sw_polygon.c ****     LV_UNUSED(point_cnt);
 199:lvgl/src/draw/sw/lv_draw_sw_polygon.c ****     LV_UNUSED(draw_ctx);
 200:lvgl/src/draw/sw/lv_draw_sw_polygon.c ****     LV_UNUSED(draw_dsc);
 201:lvgl/src/draw/sw/lv_draw_sw_polygon.c ****     LV_LOG_WARN("Can't draw polygon with LV_DRAW_COMPLEX == 0");
 202:lvgl/src/draw/sw/lv_draw_sw_polygon.c **** #endif /*LV_DRAW_COMPLEX*/
 203:lvgl/src/draw/sw/lv_draw_sw_polygon.c **** }
 678              		.loc 1 203 1 view .LVU247
 679 02aa 0DB0     		add	sp, sp, #52
 680              		.cfi_def_cfa_offset 36
 681              		@ sp needed
 682 02ac BDE8F08F 		pop	{r4, r5, r6, r7, r8, r9, r10, fp, pc}
 683              	.LVL91:
 684              	.L45:
 685              		.loc 1 203 1 view .LVU248
 686              		.align	2
 687              	.L44:
 688 02b0 00000000 		.word	.LANCHOR0
 689              		.cfi_endproc
 690              	.LFE56:
 692              		.section	.rodata
 693              		.align	2
 694              		.set	.LANCHOR0,. + 0
 695              	.LC0:
 696 0000 FF1F     		.short	8191
 697 0002 FF1F     		.short	8191
 698 0004 01E0     		.short	-8191
 699 0006 01E0     		.short	-8191
 700              		.text
 701              	.Letext0:
 702              		.file 2 "c:\\tools\\gcc-arm-none-eabi\\arm-none-eabi\\include\\machine\\_default_types.h"
 703              		.file 3 "c:\\tools\\gcc-arm-none-eabi\\arm-none-eabi\\include\\sys\\_stdint.h"
ARM GAS  C:\Users\OSD\AppData\Local\Temp\cciPnoUg.s 			page 18


 704              		.file 4 "lvgl/src/draw/sw/../../misc/lv_types.h"
 705              		.file 5 "c:\\tools\\gcc-arm-none-eabi\\lib\\gcc\\arm-none-eabi\\10.3.1\\include\\stddef.h"
 706              		.file 6 "lvgl/src/draw/sw/../../misc/lv_color.h"
 707              		.file 7 "lvgl/src/draw/sw/../../misc/lv_area.h"
 708              		.file 8 "lvgl/src/draw/sw/../../misc/../font/lv_font.h"
 709              		.file 9 "lvgl/src/draw/sw/../../misc/lv_txt.h"
 710              		.file 10 "lvgl/src/draw/sw/../../misc/lv_bidi.h"
 711              		.file 11 "lvgl/src/draw/sw/../../misc/lv_style.h"
 712              		.file 12 "lvgl/src/draw/sw/../lv_draw_mask.h"
 713              		.file 13 "lvgl/src/draw/sw/../lv_img_buf.h"
 714              		.file 14 "lvgl/src/draw/sw/../lv_draw_rect.h"
 715              		.file 15 "lvgl/src/draw/sw/../lv_draw_label.h"
 716              		.file 16 "lvgl/src/draw/sw/../lv_draw_img.h"
 717              		.file 17 "lvgl/src/draw/sw/../lv_draw_line.h"
 718              		.file 18 "lvgl/src/draw/sw/../lv_draw_arc.h"
 719              		.file 19 "lvgl/src/draw/sw/../lv_draw_layer.h"
 720              		.file 20 "lvgl/src/draw/sw/../lv_draw.h"
 721              		.file 21 "lvgl/src/draw/sw/../../misc/lv_mem.h"
ARM GAS  C:\Users\OSD\AppData\Local\Temp\cciPnoUg.s 			page 19


DEFINED SYMBOLS
                            *ABS*:00000000 lv_draw_sw_polygon.c
C:\Users\OSD\AppData\Local\Temp\cciPnoUg.s:19     .text.lv_draw_sw_polygon:00000000 $t
C:\Users\OSD\AppData\Local\Temp\cciPnoUg.s:25     .text.lv_draw_sw_polygon:00000000 lv_draw_sw_polygon
C:\Users\OSD\AppData\Local\Temp\cciPnoUg.s:688    .text.lv_draw_sw_polygon:000002b0 $d
C:\Users\OSD\AppData\Local\Temp\cciPnoUg.s:693    .rodata:00000000 $d

UNDEFINED SYMBOLS
lv_mem_buf_get
lv_mem_buf_release
_lv_area_intersect
lv_draw_mask_line_points_init
lv_draw_mask_add
lv_draw_rect
lv_draw_mask_remove_custom
