ARM GAS  C:\Users\OSD\AppData\Local\Temp\ccpQVTFY.s 			page 1


   1              		.cpu cortex-m7
   2              		.arch armv7e-m
   3              		.fpu fpv5-d16
   4              		.eabi_attribute 28, 1
   5              		.eabi_attribute 20, 1
   6              		.eabi_attribute 21, 1
   7              		.eabi_attribute 23, 3
   8              		.eabi_attribute 24, 1
   9              		.eabi_attribute 25, 1
  10              		.eabi_attribute 26, 1
  11              		.eabi_attribute 30, 1
  12              		.eabi_attribute 34, 1
  13              		.eabi_attribute 18, 4
  14              		.file	"lv_draw_sw_layer.c"
  15              		.text
  16              	.Ltext0:
  17              		.cfi_sections	.debug_frame
  18              		.section	.text.lv_draw_sw_layer_create,"ax",%progbits
  19              		.align	1
  20              		.global	lv_draw_sw_layer_create
  21              		.syntax unified
  22              		.thumb
  23              		.thumb_func
  25              	lv_draw_sw_layer_create:
  26              	.LVL0:
  27              	.LFB161:
  28              		.file 1 "lvgl/src/draw/sw/lv_draw_sw_layer.c"
   1:lvgl/src/draw/sw/lv_draw_sw_layer.c **** /**
   2:lvgl/src/draw/sw/lv_draw_sw_layer.c ****  * @file lv_draw_sw_layer.h
   3:lvgl/src/draw/sw/lv_draw_sw_layer.c ****  *
   4:lvgl/src/draw/sw/lv_draw_sw_layer.c ****  */
   5:lvgl/src/draw/sw/lv_draw_sw_layer.c **** 
   6:lvgl/src/draw/sw/lv_draw_sw_layer.c **** /*********************
   7:lvgl/src/draw/sw/lv_draw_sw_layer.c ****  *      INCLUDES
   8:lvgl/src/draw/sw/lv_draw_sw_layer.c ****  *********************/
   9:lvgl/src/draw/sw/lv_draw_sw_layer.c **** #include "lv_draw_sw.h"
  10:lvgl/src/draw/sw/lv_draw_sw_layer.c **** #include "../../hal/lv_hal_disp.h"
  11:lvgl/src/draw/sw/lv_draw_sw_layer.c **** #include "../../misc/lv_area.h"
  12:lvgl/src/draw/sw/lv_draw_sw_layer.c **** #include "../../core/lv_refr.h"
  13:lvgl/src/draw/sw/lv_draw_sw_layer.c **** 
  14:lvgl/src/draw/sw/lv_draw_sw_layer.c **** /*********************
  15:lvgl/src/draw/sw/lv_draw_sw_layer.c ****  *      DEFINES
  16:lvgl/src/draw/sw/lv_draw_sw_layer.c ****  *********************/
  17:lvgl/src/draw/sw/lv_draw_sw_layer.c **** 
  18:lvgl/src/draw/sw/lv_draw_sw_layer.c **** /**********************
  19:lvgl/src/draw/sw/lv_draw_sw_layer.c ****  *      TYPEDEFS
  20:lvgl/src/draw/sw/lv_draw_sw_layer.c ****  **********************/
  21:lvgl/src/draw/sw/lv_draw_sw_layer.c **** 
  22:lvgl/src/draw/sw/lv_draw_sw_layer.c **** /**********************
  23:lvgl/src/draw/sw/lv_draw_sw_layer.c ****  *  STATIC PROTOTYPES
  24:lvgl/src/draw/sw/lv_draw_sw_layer.c ****  **********************/
  25:lvgl/src/draw/sw/lv_draw_sw_layer.c **** 
  26:lvgl/src/draw/sw/lv_draw_sw_layer.c **** /**********************
  27:lvgl/src/draw/sw/lv_draw_sw_layer.c ****  *  STATIC VARIABLES
  28:lvgl/src/draw/sw/lv_draw_sw_layer.c ****  **********************/
  29:lvgl/src/draw/sw/lv_draw_sw_layer.c **** 
  30:lvgl/src/draw/sw/lv_draw_sw_layer.c **** /**********************
ARM GAS  C:\Users\OSD\AppData\Local\Temp\ccpQVTFY.s 			page 2


  31:lvgl/src/draw/sw/lv_draw_sw_layer.c ****  *  GLOBAL VARIABLES
  32:lvgl/src/draw/sw/lv_draw_sw_layer.c ****  **********************/
  33:lvgl/src/draw/sw/lv_draw_sw_layer.c **** 
  34:lvgl/src/draw/sw/lv_draw_sw_layer.c **** /**********************
  35:lvgl/src/draw/sw/lv_draw_sw_layer.c ****  *      MACROS
  36:lvgl/src/draw/sw/lv_draw_sw_layer.c ****  **********************/
  37:lvgl/src/draw/sw/lv_draw_sw_layer.c **** 
  38:lvgl/src/draw/sw/lv_draw_sw_layer.c **** /**********************
  39:lvgl/src/draw/sw/lv_draw_sw_layer.c ****  *   GLOBAL FUNCTIONS
  40:lvgl/src/draw/sw/lv_draw_sw_layer.c ****  **********************/
  41:lvgl/src/draw/sw/lv_draw_sw_layer.c **** 
  42:lvgl/src/draw/sw/lv_draw_sw_layer.c **** struct _lv_draw_layer_ctx_t * lv_draw_sw_layer_create(struct _lv_draw_ctx_t * draw_ctx, lv_draw_lay
  43:lvgl/src/draw/sw/lv_draw_sw_layer.c ****                                                       lv_draw_layer_flags_t flags)
  44:lvgl/src/draw/sw/lv_draw_sw_layer.c **** {
  29              		.loc 1 44 1 view -0
  30              		.cfi_startproc
  31              		@ args = 0, pretend = 0, frame = 0
  32              		@ frame_needed = 0, uses_anonymous_args = 0
  45:lvgl/src/draw/sw/lv_draw_sw_layer.c ****     if(LV_COLOR_SCREEN_TRANSP == 0 && (flags & LV_DRAW_LAYER_FLAG_HAS_ALPHA)) {
  33              		.loc 1 45 5 view .LVU1
  34              		.loc 1 45 7 is_stmt 0 view .LVU2
  35 0000 12F0010F 		tst	r2, #1
  36 0004 7DD1     		bne	.L7
  44:lvgl/src/draw/sw/lv_draw_sw_layer.c ****     if(LV_COLOR_SCREEN_TRANSP == 0 && (flags & LV_DRAW_LAYER_FLAG_HAS_ALPHA)) {
  37              		.loc 1 44 1 view .LVU3
  38 0006 70B5     		push	{r4, r5, r6, lr}
  39              		.cfi_def_cfa_offset 16
  40              		.cfi_offset 4, -16
  41              		.cfi_offset 5, -12
  42              		.cfi_offset 6, -8
  43              		.cfi_offset 14, -4
  44 0008 0646     		mov	r6, r0
  45 000a 0C46     		mov	r4, r1
  46 000c 1546     		mov	r5, r2
  46:lvgl/src/draw/sw/lv_draw_sw_layer.c ****         LV_LOG_WARN("Rendering this widget needs LV_COLOR_SCREEN_TRANSP 1");
  47:lvgl/src/draw/sw/lv_draw_sw_layer.c ****         return NULL;
  48:lvgl/src/draw/sw/lv_draw_sw_layer.c ****     }
  49:lvgl/src/draw/sw/lv_draw_sw_layer.c **** 
  50:lvgl/src/draw/sw/lv_draw_sw_layer.c ****     lv_draw_sw_layer_ctx_t * layer_sw_ctx = (lv_draw_sw_layer_ctx_t *) layer_ctx;
  47              		.loc 1 50 5 is_stmt 1 view .LVU4
  48              	.LVL1:
  51:lvgl/src/draw/sw/lv_draw_sw_layer.c ****     uint32_t px_size = flags & LV_DRAW_LAYER_FLAG_HAS_ALPHA ? LV_IMG_PX_SIZE_ALPHA_BYTE : sizeof(lv
  49              		.loc 1 51 5 view .LVU5
  52:lvgl/src/draw/sw/lv_draw_sw_layer.c ****     if(flags & LV_DRAW_LAYER_FLAG_CAN_SUBDIVIDE) {
  50              		.loc 1 52 5 view .LVU6
  51              		.loc 1 52 7 is_stmt 0 view .LVU7
  52 000e 12F0020F 		tst	r2, #2
  53 0012 45D0     		beq	.L3
  54              	.LBB10:
  53:lvgl/src/draw/sw/lv_draw_sw_layer.c ****         layer_sw_ctx->buf_size_bytes = LV_LAYER_SIMPLE_BUF_SIZE;
  55              		.loc 1 53 9 is_stmt 1 view .LVU8
  56              		.loc 1 53 38 is_stmt 0 view .LVU9
  57 0014 8B6A     		ldr	r3, [r1, #40]
  58 0016 4FF4C042 		mov	r2, #24576
  59              	.LVL2:
  60              		.loc 1 53 38 view .LVU10
  61 001a 62F31E03 		bfi	r3, r2, #0, #31
ARM GAS  C:\Users\OSD\AppData\Local\Temp\ccpQVTFY.s 			page 3


  62 001e 8B62     		str	r3, [r1, #40]
  54:lvgl/src/draw/sw/lv_draw_sw_layer.c ****         uint32_t full_size = lv_area_get_size(&layer_sw_ctx->base_draw.area_full) * px_size;
  63              		.loc 1 54 9 is_stmt 1 view .LVU11
  64              		.loc 1 54 30 is_stmt 0 view .LVU12
  65 0020 0846     		mov	r0, r1
  66              	.LVL3:
  67              		.loc 1 54 30 view .LVU13
  68 0022 FFF7FEFF 		bl	lv_area_get_size
  69              	.LVL4:
  70              		.loc 1 54 18 view .LVU14
  71 0026 8200     		lsls	r2, r0, #2
  72              	.LVL5:
  55:lvgl/src/draw/sw/lv_draw_sw_layer.c ****         if(layer_sw_ctx->buf_size_bytes > full_size) layer_sw_ctx->buf_size_bytes = full_size;
  73              		.loc 1 55 9 is_stmt 1 view .LVU15
  74              		.loc 1 55 24 is_stmt 0 view .LVU16
  75 0028 A36A     		ldr	r3, [r4, #40]
  76 002a C3F31E03 		ubfx	r3, r3, #0, #31
  77              		.loc 1 55 11 view .LVU17
  78 002e B3EB800F 		cmp	r3, r0, lsl #2
  79 0032 03D9     		bls	.L4
  80              		.loc 1 55 54 is_stmt 1 discriminator 1 view .LVU18
  81              		.loc 1 55 83 is_stmt 0 discriminator 1 view .LVU19
  82 0034 A36A     		ldr	r3, [r4, #40]
  83 0036 62F31E03 		bfi	r3, r2, #0, #31
  84 003a A362     		str	r3, [r4, #40]
  85              	.L4:
  56:lvgl/src/draw/sw/lv_draw_sw_layer.c ****         layer_sw_ctx->base_draw.buf = lv_mem_alloc(layer_sw_ctx->buf_size_bytes);
  86              		.loc 1 56 9 is_stmt 1 view .LVU20
  87              		.loc 1 56 64 is_stmt 0 view .LVU21
  88 003c A06A     		ldr	r0, [r4, #40]
  89              		.loc 1 56 39 view .LVU22
  90 003e 20F00040 		bic	r0, r0, #-2147483648
  91 0042 FFF7FEFF 		bl	lv_mem_alloc
  92              	.LVL6:
  93              		.loc 1 56 37 view .LVU23
  94 0046 6061     		str	r0, [r4, #20]
  57:lvgl/src/draw/sw/lv_draw_sw_layer.c ****         if(layer_sw_ctx->base_draw.buf == NULL) {
  95              		.loc 1 57 9 is_stmt 1 view .LVU24
  96              		.loc 1 57 11 is_stmt 0 view .LVU25
  97 0048 E0B1     		cbz	r0, .L12
  98              	.L5:
  58:lvgl/src/draw/sw/lv_draw_sw_layer.c ****             LV_LOG_WARN("Cannot allocate %"LV_PRIu32" bytes for layer buffer. Allocating %"LV_PRIu3
  59:lvgl/src/draw/sw/lv_draw_sw_layer.c ****                         (uint32_t)layer_sw_ctx->buf_size_bytes, (uint32_t)LV_LAYER_SIMPLE_FALLBACK_
  60:lvgl/src/draw/sw/lv_draw_sw_layer.c ****             layer_sw_ctx->buf_size_bytes = LV_LAYER_SIMPLE_FALLBACK_BUF_SIZE;
  61:lvgl/src/draw/sw/lv_draw_sw_layer.c ****             layer_sw_ctx->base_draw.buf = lv_mem_alloc(layer_sw_ctx->buf_size_bytes);
  62:lvgl/src/draw/sw/lv_draw_sw_layer.c ****             if(layer_sw_ctx->base_draw.buf == NULL) {
  63:lvgl/src/draw/sw/lv_draw_sw_layer.c ****                 return NULL;
  64:lvgl/src/draw/sw/lv_draw_sw_layer.c ****             }
  65:lvgl/src/draw/sw/lv_draw_sw_layer.c ****         }
  66:lvgl/src/draw/sw/lv_draw_sw_layer.c ****         layer_sw_ctx->base_draw.area_act = layer_sw_ctx->base_draw.area_full;
  99              		.loc 1 66 9 is_stmt 1 view .LVU26
 100              		.loc 1 66 42 is_stmt 0 view .LVU27
 101 004a 04F10803 		add	r3, r4, #8
 102 004e 94E80300 		ldm	r4, {r0, r1}
 103 0052 83E80300 		stm	r3, {r0, r1}
  67:lvgl/src/draw/sw/lv_draw_sw_layer.c ****         layer_sw_ctx->base_draw.area_act.y2 = layer_sw_ctx->base_draw.area_full.y1;
 104              		.loc 1 67 9 is_stmt 1 view .LVU28
ARM GAS  C:\Users\OSD\AppData\Local\Temp\ccpQVTFY.s 			page 4


 105              		.loc 1 67 80 is_stmt 0 view .LVU29
 106 0056 B4F90230 		ldrsh	r3, [r4, #2]
 107              		.loc 1 67 45 view .LVU30
 108 005a E381     		strh	r3, [r4, #14]	@ movhi
  68:lvgl/src/draw/sw/lv_draw_sw_layer.c ****         lv_coord_t w = lv_area_get_width(&layer_sw_ctx->base_draw.area_act);
 109              		.loc 1 68 9 is_stmt 1 view .LVU31
 110              	.LVL7:
 111              	.LBB11:
 112              	.LBI11:
 113              		.file 2 "lvgl/src/draw/sw/../../misc/lv_area.h"
   1:lvgl/src/draw/sw/../../misc/lv_area.h **** /**
   2:lvgl/src/draw/sw/../../misc/lv_area.h ****  * @file lv_area.h
   3:lvgl/src/draw/sw/../../misc/lv_area.h ****  *
   4:lvgl/src/draw/sw/../../misc/lv_area.h ****  */
   5:lvgl/src/draw/sw/../../misc/lv_area.h **** 
   6:lvgl/src/draw/sw/../../misc/lv_area.h **** #ifndef LV_AREA_H
   7:lvgl/src/draw/sw/../../misc/lv_area.h **** #define LV_AREA_H
   8:lvgl/src/draw/sw/../../misc/lv_area.h **** 
   9:lvgl/src/draw/sw/../../misc/lv_area.h **** #ifdef __cplusplus
  10:lvgl/src/draw/sw/../../misc/lv_area.h **** extern "C" {
  11:lvgl/src/draw/sw/../../misc/lv_area.h **** #endif
  12:lvgl/src/draw/sw/../../misc/lv_area.h **** 
  13:lvgl/src/draw/sw/../../misc/lv_area.h **** /*********************
  14:lvgl/src/draw/sw/../../misc/lv_area.h ****  *      INCLUDES
  15:lvgl/src/draw/sw/../../misc/lv_area.h ****  *********************/
  16:lvgl/src/draw/sw/../../misc/lv_area.h **** #include "../lv_conf_internal.h"
  17:lvgl/src/draw/sw/../../misc/lv_area.h **** #include <stdbool.h>
  18:lvgl/src/draw/sw/../../misc/lv_area.h **** #include <stdint.h>
  19:lvgl/src/draw/sw/../../misc/lv_area.h **** 
  20:lvgl/src/draw/sw/../../misc/lv_area.h **** /*********************
  21:lvgl/src/draw/sw/../../misc/lv_area.h ****  *      DEFINES
  22:lvgl/src/draw/sw/../../misc/lv_area.h ****  *********************/
  23:lvgl/src/draw/sw/../../misc/lv_area.h **** 
  24:lvgl/src/draw/sw/../../misc/lv_area.h **** #if LV_USE_LARGE_COORD
  25:lvgl/src/draw/sw/../../misc/lv_area.h **** typedef int32_t lv_coord_t;
  26:lvgl/src/draw/sw/../../misc/lv_area.h **** #else
  27:lvgl/src/draw/sw/../../misc/lv_area.h **** typedef int16_t lv_coord_t;
  28:lvgl/src/draw/sw/../../misc/lv_area.h **** #endif
  29:lvgl/src/draw/sw/../../misc/lv_area.h **** 
  30:lvgl/src/draw/sw/../../misc/lv_area.h **** /**********************
  31:lvgl/src/draw/sw/../../misc/lv_area.h ****  *      TYPEDEFS
  32:lvgl/src/draw/sw/../../misc/lv_area.h ****  **********************/
  33:lvgl/src/draw/sw/../../misc/lv_area.h **** 
  34:lvgl/src/draw/sw/../../misc/lv_area.h **** /**
  35:lvgl/src/draw/sw/../../misc/lv_area.h ****  * Represents a point on the screen.
  36:lvgl/src/draw/sw/../../misc/lv_area.h ****  */
  37:lvgl/src/draw/sw/../../misc/lv_area.h **** typedef struct {
  38:lvgl/src/draw/sw/../../misc/lv_area.h ****     lv_coord_t x;
  39:lvgl/src/draw/sw/../../misc/lv_area.h ****     lv_coord_t y;
  40:lvgl/src/draw/sw/../../misc/lv_area.h **** } lv_point_t;
  41:lvgl/src/draw/sw/../../misc/lv_area.h **** 
  42:lvgl/src/draw/sw/../../misc/lv_area.h **** /** Represents an area of the screen.*/
  43:lvgl/src/draw/sw/../../misc/lv_area.h **** typedef struct {
  44:lvgl/src/draw/sw/../../misc/lv_area.h ****     lv_coord_t x1;
  45:lvgl/src/draw/sw/../../misc/lv_area.h ****     lv_coord_t y1;
  46:lvgl/src/draw/sw/../../misc/lv_area.h ****     lv_coord_t x2;
  47:lvgl/src/draw/sw/../../misc/lv_area.h ****     lv_coord_t y2;
ARM GAS  C:\Users\OSD\AppData\Local\Temp\ccpQVTFY.s 			page 5


  48:lvgl/src/draw/sw/../../misc/lv_area.h **** } lv_area_t;
  49:lvgl/src/draw/sw/../../misc/lv_area.h **** 
  50:lvgl/src/draw/sw/../../misc/lv_area.h **** /** Alignments*/
  51:lvgl/src/draw/sw/../../misc/lv_area.h **** enum {
  52:lvgl/src/draw/sw/../../misc/lv_area.h ****     LV_ALIGN_DEFAULT = 0,
  53:lvgl/src/draw/sw/../../misc/lv_area.h ****     LV_ALIGN_TOP_LEFT,
  54:lvgl/src/draw/sw/../../misc/lv_area.h ****     LV_ALIGN_TOP_MID,
  55:lvgl/src/draw/sw/../../misc/lv_area.h ****     LV_ALIGN_TOP_RIGHT,
  56:lvgl/src/draw/sw/../../misc/lv_area.h ****     LV_ALIGN_BOTTOM_LEFT,
  57:lvgl/src/draw/sw/../../misc/lv_area.h ****     LV_ALIGN_BOTTOM_MID,
  58:lvgl/src/draw/sw/../../misc/lv_area.h ****     LV_ALIGN_BOTTOM_RIGHT,
  59:lvgl/src/draw/sw/../../misc/lv_area.h ****     LV_ALIGN_LEFT_MID,
  60:lvgl/src/draw/sw/../../misc/lv_area.h ****     LV_ALIGN_RIGHT_MID,
  61:lvgl/src/draw/sw/../../misc/lv_area.h ****     LV_ALIGN_CENTER,
  62:lvgl/src/draw/sw/../../misc/lv_area.h **** 
  63:lvgl/src/draw/sw/../../misc/lv_area.h ****     LV_ALIGN_OUT_TOP_LEFT,
  64:lvgl/src/draw/sw/../../misc/lv_area.h ****     LV_ALIGN_OUT_TOP_MID,
  65:lvgl/src/draw/sw/../../misc/lv_area.h ****     LV_ALIGN_OUT_TOP_RIGHT,
  66:lvgl/src/draw/sw/../../misc/lv_area.h ****     LV_ALIGN_OUT_BOTTOM_LEFT,
  67:lvgl/src/draw/sw/../../misc/lv_area.h ****     LV_ALIGN_OUT_BOTTOM_MID,
  68:lvgl/src/draw/sw/../../misc/lv_area.h ****     LV_ALIGN_OUT_BOTTOM_RIGHT,
  69:lvgl/src/draw/sw/../../misc/lv_area.h ****     LV_ALIGN_OUT_LEFT_TOP,
  70:lvgl/src/draw/sw/../../misc/lv_area.h ****     LV_ALIGN_OUT_LEFT_MID,
  71:lvgl/src/draw/sw/../../misc/lv_area.h ****     LV_ALIGN_OUT_LEFT_BOTTOM,
  72:lvgl/src/draw/sw/../../misc/lv_area.h ****     LV_ALIGN_OUT_RIGHT_TOP,
  73:lvgl/src/draw/sw/../../misc/lv_area.h ****     LV_ALIGN_OUT_RIGHT_MID,
  74:lvgl/src/draw/sw/../../misc/lv_area.h ****     LV_ALIGN_OUT_RIGHT_BOTTOM,
  75:lvgl/src/draw/sw/../../misc/lv_area.h **** };
  76:lvgl/src/draw/sw/../../misc/lv_area.h **** typedef uint8_t lv_align_t;
  77:lvgl/src/draw/sw/../../misc/lv_area.h **** 
  78:lvgl/src/draw/sw/../../misc/lv_area.h **** enum {
  79:lvgl/src/draw/sw/../../misc/lv_area.h ****     LV_DIR_NONE     = 0x00,
  80:lvgl/src/draw/sw/../../misc/lv_area.h ****     LV_DIR_LEFT     = (1 << 0),
  81:lvgl/src/draw/sw/../../misc/lv_area.h ****     LV_DIR_RIGHT    = (1 << 1),
  82:lvgl/src/draw/sw/../../misc/lv_area.h ****     LV_DIR_TOP      = (1 << 2),
  83:lvgl/src/draw/sw/../../misc/lv_area.h ****     LV_DIR_BOTTOM   = (1 << 3),
  84:lvgl/src/draw/sw/../../misc/lv_area.h ****     LV_DIR_HOR      = LV_DIR_LEFT | LV_DIR_RIGHT,
  85:lvgl/src/draw/sw/../../misc/lv_area.h ****     LV_DIR_VER      = LV_DIR_TOP | LV_DIR_BOTTOM,
  86:lvgl/src/draw/sw/../../misc/lv_area.h ****     LV_DIR_ALL      = LV_DIR_HOR | LV_DIR_VER,
  87:lvgl/src/draw/sw/../../misc/lv_area.h **** };
  88:lvgl/src/draw/sw/../../misc/lv_area.h **** 
  89:lvgl/src/draw/sw/../../misc/lv_area.h **** typedef uint8_t lv_dir_t;
  90:lvgl/src/draw/sw/../../misc/lv_area.h **** 
  91:lvgl/src/draw/sw/../../misc/lv_area.h **** /**********************
  92:lvgl/src/draw/sw/../../misc/lv_area.h ****  * GLOBAL PROTOTYPES
  93:lvgl/src/draw/sw/../../misc/lv_area.h ****  **********************/
  94:lvgl/src/draw/sw/../../misc/lv_area.h **** 
  95:lvgl/src/draw/sw/../../misc/lv_area.h **** /**
  96:lvgl/src/draw/sw/../../misc/lv_area.h ****  * Initialize an area
  97:lvgl/src/draw/sw/../../misc/lv_area.h ****  * @param area_p pointer to an area
  98:lvgl/src/draw/sw/../../misc/lv_area.h ****  * @param x1 left coordinate of the area
  99:lvgl/src/draw/sw/../../misc/lv_area.h ****  * @param y1 top coordinate of the area
 100:lvgl/src/draw/sw/../../misc/lv_area.h ****  * @param x2 right coordinate of the area
 101:lvgl/src/draw/sw/../../misc/lv_area.h ****  * @param y2 bottom coordinate of the area
 102:lvgl/src/draw/sw/../../misc/lv_area.h ****  */
 103:lvgl/src/draw/sw/../../misc/lv_area.h **** void lv_area_set(lv_area_t * area_p, lv_coord_t x1, lv_coord_t y1, lv_coord_t x2, lv_coord_t y2);
 104:lvgl/src/draw/sw/../../misc/lv_area.h **** 
ARM GAS  C:\Users\OSD\AppData\Local\Temp\ccpQVTFY.s 			page 6


 105:lvgl/src/draw/sw/../../misc/lv_area.h **** /**
 106:lvgl/src/draw/sw/../../misc/lv_area.h ****  * Copy an area
 107:lvgl/src/draw/sw/../../misc/lv_area.h ****  * @param dest pointer to the destination area
 108:lvgl/src/draw/sw/../../misc/lv_area.h ****  * @param src pointer to the source area
 109:lvgl/src/draw/sw/../../misc/lv_area.h ****  */
 110:lvgl/src/draw/sw/../../misc/lv_area.h **** inline static void lv_area_copy(lv_area_t * dest, const lv_area_t * src)
 111:lvgl/src/draw/sw/../../misc/lv_area.h **** {
 112:lvgl/src/draw/sw/../../misc/lv_area.h ****     dest->x1 = src->x1;
 113:lvgl/src/draw/sw/../../misc/lv_area.h ****     dest->y1 = src->y1;
 114:lvgl/src/draw/sw/../../misc/lv_area.h ****     dest->x2 = src->x2;
 115:lvgl/src/draw/sw/../../misc/lv_area.h ****     dest->y2 = src->y2;
 116:lvgl/src/draw/sw/../../misc/lv_area.h **** }
 117:lvgl/src/draw/sw/../../misc/lv_area.h **** 
 118:lvgl/src/draw/sw/../../misc/lv_area.h **** /**
 119:lvgl/src/draw/sw/../../misc/lv_area.h ****  * Get the width of an area
 120:lvgl/src/draw/sw/../../misc/lv_area.h ****  * @param area_p pointer to an area
 121:lvgl/src/draw/sw/../../misc/lv_area.h ****  * @return the width of the area (if x1 == x2 -> width = 1)
 122:lvgl/src/draw/sw/../../misc/lv_area.h ****  */
 123:lvgl/src/draw/sw/../../misc/lv_area.h **** static inline lv_coord_t lv_area_get_width(const lv_area_t * area_p)
 114              		.loc 2 123 26 view .LVU32
 115              	.LBB12:
 124:lvgl/src/draw/sw/../../misc/lv_area.h **** {
 125:lvgl/src/draw/sw/../../misc/lv_area.h ****     return (lv_coord_t)(area_p->x2 - area_p->x1 + 1);
 116              		.loc 2 125 5 view .LVU33
 117              		.loc 2 125 31 is_stmt 0 view .LVU34
 118 005c A389     		ldrh	r3, [r4, #12]
 119              		.loc 2 125 44 view .LVU35
 120 005e 2289     		ldrh	r2, [r4, #8]
 121              		.loc 2 125 36 view .LVU36
 122 0060 9B1A     		subs	r3, r3, r2
 123 0062 9BB2     		uxth	r3, r3
 124              		.loc 2 125 49 view .LVU37
 125 0064 0133     		adds	r3, r3, #1
 126              		.loc 2 125 12 view .LVU38
 127 0066 1AB2     		sxth	r2, r3
 128              	.LVL8:
 129              		.loc 2 125 12 view .LVU39
 130              	.LBE12:
 131              	.LBE11:
  69:lvgl/src/draw/sw/lv_draw_sw_layer.c ****         layer_sw_ctx->base_draw.max_row_with_alpha = layer_sw_ctx->buf_size_bytes / w / LV_IMG_PX_S
 132              		.loc 1 69 9 is_stmt 1 view .LVU40
 133              		.loc 1 69 66 is_stmt 0 view .LVU41
 134 0068 A36A     		ldr	r3, [r4, #40]
 135 006a C3F31E03 		ubfx	r3, r3, #0, #31
 136              		.loc 1 69 83 view .LVU42
 137 006e 93FBF2F3 		sdiv	r3, r3, r2
 138              		.loc 1 69 87 view .LVU43
 139 0072 1A46     		mov	r2, r3
 140              	.LVL9:
 141              		.loc 1 69 87 view .LVU44
 142 0074 002B     		cmp	r3, #0
 143 0076 11DB     		blt	.L13
 144              	.L6:
 145 0078 9210     		asrs	r2, r2, #2
 146              		.loc 1 69 52 view .LVU45
 147 007a 2282     		strh	r2, [r4, #16]	@ movhi
  70:lvgl/src/draw/sw/lv_draw_sw_layer.c ****         layer_sw_ctx->base_draw.max_row_with_no_alpha = layer_sw_ctx->buf_size_bytes / w / sizeof(l
ARM GAS  C:\Users\OSD\AppData\Local\Temp\ccpQVTFY.s 			page 7


 148              		.loc 1 70 9 is_stmt 1 view .LVU46
 149              		.loc 1 70 90 is_stmt 0 view .LVU47
 150 007c 9B08     		lsrs	r3, r3, #2
 151              		.loc 1 70 55 view .LVU48
 152 007e 6382     		strh	r3, [r4, #18]	@ movhi
 153              	.LBE10:
  71:lvgl/src/draw/sw/lv_draw_sw_layer.c ****     }
  72:lvgl/src/draw/sw/lv_draw_sw_layer.c ****     else {
  73:lvgl/src/draw/sw/lv_draw_sw_layer.c ****         layer_sw_ctx->base_draw.area_act = layer_sw_ctx->base_draw.area_full;
  74:lvgl/src/draw/sw/lv_draw_sw_layer.c ****         layer_sw_ctx->buf_size_bytes = lv_area_get_size(&layer_sw_ctx->base_draw.area_full) * px_si
  75:lvgl/src/draw/sw/lv_draw_sw_layer.c ****         layer_sw_ctx->base_draw.buf = lv_mem_alloc(layer_sw_ctx->buf_size_bytes);
  76:lvgl/src/draw/sw/lv_draw_sw_layer.c ****         lv_memset_00(layer_sw_ctx->base_draw.buf, layer_sw_ctx->buf_size_bytes);
  77:lvgl/src/draw/sw/lv_draw_sw_layer.c ****         layer_sw_ctx->has_alpha = flags & LV_DRAW_LAYER_FLAG_HAS_ALPHA ? 1 : 0;
  78:lvgl/src/draw/sw/lv_draw_sw_layer.c ****         if(layer_sw_ctx->base_draw.buf == NULL) {
  79:lvgl/src/draw/sw/lv_draw_sw_layer.c ****             return NULL;
  80:lvgl/src/draw/sw/lv_draw_sw_layer.c ****         }
  81:lvgl/src/draw/sw/lv_draw_sw_layer.c **** 
  82:lvgl/src/draw/sw/lv_draw_sw_layer.c ****         draw_ctx->buf = layer_sw_ctx->base_draw.buf;
  83:lvgl/src/draw/sw/lv_draw_sw_layer.c ****         draw_ctx->buf_area = &layer_sw_ctx->base_draw.area_act;
  84:lvgl/src/draw/sw/lv_draw_sw_layer.c ****         draw_ctx->clip_area = &layer_sw_ctx->base_draw.area_act;
  85:lvgl/src/draw/sw/lv_draw_sw_layer.c **** 
  86:lvgl/src/draw/sw/lv_draw_sw_layer.c ****         lv_disp_t * disp_refr = _lv_refr_get_disp_refreshing();
  87:lvgl/src/draw/sw/lv_draw_sw_layer.c ****         disp_refr->driver->screen_transp = flags & LV_DRAW_LAYER_FLAG_HAS_ALPHA ? 1 : 0;
  88:lvgl/src/draw/sw/lv_draw_sw_layer.c ****     }
  89:lvgl/src/draw/sw/lv_draw_sw_layer.c **** 
  90:lvgl/src/draw/sw/lv_draw_sw_layer.c ****     return layer_ctx;
 154              		.loc 1 90 12 view .LVU49
 155 0080 2046     		mov	r0, r4
 156              	.LVL10:
 157              	.L1:
  91:lvgl/src/draw/sw/lv_draw_sw_layer.c **** }
 158              		.loc 1 91 1 view .LVU50
 159 0082 70BD     		pop	{r4, r5, r6, pc}
 160              	.LVL11:
 161              	.L12:
 162              	.LBB13:
  58:lvgl/src/draw/sw/lv_draw_sw_layer.c ****                         (uint32_t)layer_sw_ctx->buf_size_bytes, (uint32_t)LV_LAYER_SIMPLE_FALLBACK_
 163              		.loc 1 58 13 is_stmt 1 view .LVU51
  58:lvgl/src/draw/sw/lv_draw_sw_layer.c ****                         (uint32_t)layer_sw_ctx->buf_size_bytes, (uint32_t)LV_LAYER_SIMPLE_FALLBACK_
 164              		.loc 1 58 13 view .LVU52
  58:lvgl/src/draw/sw/lv_draw_sw_layer.c ****                         (uint32_t)layer_sw_ctx->buf_size_bytes, (uint32_t)LV_LAYER_SIMPLE_FALLBACK_
 165              		.loc 1 58 13 view .LVU53
  60:lvgl/src/draw/sw/lv_draw_sw_layer.c ****             layer_sw_ctx->base_draw.buf = lv_mem_alloc(layer_sw_ctx->buf_size_bytes);
 166              		.loc 1 60 13 view .LVU54
  60:lvgl/src/draw/sw/lv_draw_sw_layer.c ****             layer_sw_ctx->base_draw.buf = lv_mem_alloc(layer_sw_ctx->buf_size_bytes);
 167              		.loc 1 60 42 is_stmt 0 view .LVU55
 168 0084 A36A     		ldr	r3, [r4, #40]
 169 0086 4FF44060 		mov	r0, #3072
 170 008a 60F31E03 		bfi	r3, r0, #0, #31
 171 008e A362     		str	r3, [r4, #40]
  61:lvgl/src/draw/sw/lv_draw_sw_layer.c ****             if(layer_sw_ctx->base_draw.buf == NULL) {
 172              		.loc 1 61 13 is_stmt 1 view .LVU56
  61:lvgl/src/draw/sw/lv_draw_sw_layer.c ****             if(layer_sw_ctx->base_draw.buf == NULL) {
 173              		.loc 1 61 43 is_stmt 0 view .LVU57
 174 0090 FFF7FEFF 		bl	lv_mem_alloc
 175              	.LVL12:
  61:lvgl/src/draw/sw/lv_draw_sw_layer.c ****             if(layer_sw_ctx->base_draw.buf == NULL) {
ARM GAS  C:\Users\OSD\AppData\Local\Temp\ccpQVTFY.s 			page 8


 176              		.loc 1 61 41 view .LVU58
 177 0094 6061     		str	r0, [r4, #20]
  62:lvgl/src/draw/sw/lv_draw_sw_layer.c ****                 return NULL;
 178              		.loc 1 62 13 is_stmt 1 view .LVU59
  62:lvgl/src/draw/sw/lv_draw_sw_layer.c ****                 return NULL;
 179              		.loc 1 62 15 is_stmt 0 view .LVU60
 180 0096 0028     		cmp	r0, #0
 181 0098 D7D1     		bne	.L5
 182 009a F2E7     		b	.L1
 183              	.LVL13:
 184              	.L13:
  69:lvgl/src/draw/sw/lv_draw_sw_layer.c ****         layer_sw_ctx->base_draw.max_row_with_no_alpha = layer_sw_ctx->buf_size_bytes / w / sizeof(l
 185              		.loc 1 69 87 view .LVU61
 186 009c DA1C     		adds	r2, r3, #3
 187 009e EBE7     		b	.L6
 188              	.LVL14:
 189              	.L3:
  69:lvgl/src/draw/sw/lv_draw_sw_layer.c ****         layer_sw_ctx->base_draw.max_row_with_no_alpha = layer_sw_ctx->buf_size_bytes / w / sizeof(l
 190              		.loc 1 69 87 view .LVU62
 191              	.LBE13:
 192              	.LBB14:
  73:lvgl/src/draw/sw/lv_draw_sw_layer.c ****         layer_sw_ctx->buf_size_bytes = lv_area_get_size(&layer_sw_ctx->base_draw.area_full) * px_si
 193              		.loc 1 73 9 is_stmt 1 view .LVU63
  73:lvgl/src/draw/sw/lv_draw_sw_layer.c ****         layer_sw_ctx->buf_size_bytes = lv_area_get_size(&layer_sw_ctx->base_draw.area_full) * px_si
 194              		.loc 1 73 42 is_stmt 0 view .LVU64
 195 00a0 01F10803 		add	r3, r1, #8
 196 00a4 D1E90001 		ldrd	r0, r1, [r1]
 197              	.LVL15:
  73:lvgl/src/draw/sw/lv_draw_sw_layer.c ****         layer_sw_ctx->buf_size_bytes = lv_area_get_size(&layer_sw_ctx->base_draw.area_full) * px_si
 198              		.loc 1 73 42 view .LVU65
 199 00a8 83E80300 		stm	r3, {r0, r1}
  74:lvgl/src/draw/sw/lv_draw_sw_layer.c ****         layer_sw_ctx->base_draw.buf = lv_mem_alloc(layer_sw_ctx->buf_size_bytes);
 200              		.loc 1 74 9 is_stmt 1 view .LVU66
  74:lvgl/src/draw/sw/lv_draw_sw_layer.c ****         layer_sw_ctx->base_draw.buf = lv_mem_alloc(layer_sw_ctx->buf_size_bytes);
 201              		.loc 1 74 40 is_stmt 0 view .LVU67
 202 00ac 2046     		mov	r0, r4
 203 00ae FFF7FEFF 		bl	lv_area_get_size
 204              	.LVL16:
  74:lvgl/src/draw/sw/lv_draw_sw_layer.c ****         layer_sw_ctx->base_draw.buf = lv_mem_alloc(layer_sw_ctx->buf_size_bytes);
 205              		.loc 1 74 93 view .LVU68
 206 00b2 8000     		lsls	r0, r0, #2
 207 00b4 20F00040 		bic	r0, r0, #-2147483648
  74:lvgl/src/draw/sw/lv_draw_sw_layer.c ****         layer_sw_ctx->base_draw.buf = lv_mem_alloc(layer_sw_ctx->buf_size_bytes);
 208              		.loc 1 74 38 view .LVU69
 209 00b8 A36A     		ldr	r3, [r4, #40]
 210 00ba 60F31E03 		bfi	r3, r0, #0, #31
 211 00be A362     		str	r3, [r4, #40]
  75:lvgl/src/draw/sw/lv_draw_sw_layer.c ****         lv_memset_00(layer_sw_ctx->base_draw.buf, layer_sw_ctx->buf_size_bytes);
 212              		.loc 1 75 9 is_stmt 1 view .LVU70
  75:lvgl/src/draw/sw/lv_draw_sw_layer.c ****         lv_memset_00(layer_sw_ctx->base_draw.buf, layer_sw_ctx->buf_size_bytes);
 213              		.loc 1 75 39 is_stmt 0 view .LVU71
 214 00c0 FFF7FEFF 		bl	lv_mem_alloc
 215              	.LVL17:
  75:lvgl/src/draw/sw/lv_draw_sw_layer.c ****         lv_memset_00(layer_sw_ctx->base_draw.buf, layer_sw_ctx->buf_size_bytes);
 216              		.loc 1 75 37 view .LVU72
 217 00c4 6061     		str	r0, [r4, #20]
  76:lvgl/src/draw/sw/lv_draw_sw_layer.c ****         layer_sw_ctx->has_alpha = flags & LV_DRAW_LAYER_FLAG_HAS_ALPHA ? 1 : 0;
ARM GAS  C:\Users\OSD\AppData\Local\Temp\ccpQVTFY.s 			page 9


 218              		.loc 1 76 9 is_stmt 1 view .LVU73
  76:lvgl/src/draw/sw/lv_draw_sw_layer.c ****         layer_sw_ctx->has_alpha = flags & LV_DRAW_LAYER_FLAG_HAS_ALPHA ? 1 : 0;
 219              		.loc 1 76 63 is_stmt 0 view .LVU74
 220 00c6 A16A     		ldr	r1, [r4, #40]
  76:lvgl/src/draw/sw/lv_draw_sw_layer.c ****         layer_sw_ctx->has_alpha = flags & LV_DRAW_LAYER_FLAG_HAS_ALPHA ? 1 : 0;
 221              		.loc 1 76 9 view .LVU75
 222 00c8 21F00041 		bic	r1, r1, #-2147483648
 223 00cc FFF7FEFF 		bl	lv_memset_00
 224              	.LVL18:
  77:lvgl/src/draw/sw/lv_draw_sw_layer.c ****         if(layer_sw_ctx->base_draw.buf == NULL) {
 225              		.loc 1 77 9 is_stmt 1 view .LVU76
  77:lvgl/src/draw/sw/lv_draw_sw_layer.c ****         if(layer_sw_ctx->base_draw.buf == NULL) {
 226              		.loc 1 77 76 is_stmt 0 view .LVU77
 227 00d0 05F00105 		and	r5, r5, #1
  77:lvgl/src/draw/sw/lv_draw_sw_layer.c ****         if(layer_sw_ctx->base_draw.buf == NULL) {
 228              		.loc 1 77 33 view .LVU78
 229 00d4 94F82B30 		ldrb	r3, [r4, #43]	@ zero_extendqisi2
 230 00d8 65F3C713 		bfi	r3, r5, #7, #1
 231 00dc 84F82B30 		strb	r3, [r4, #43]
  78:lvgl/src/draw/sw/lv_draw_sw_layer.c ****             return NULL;
 232              		.loc 1 78 9 is_stmt 1 view .LVU79
  78:lvgl/src/draw/sw/lv_draw_sw_layer.c ****             return NULL;
 233              		.loc 1 78 35 is_stmt 0 view .LVU80
 234 00e0 6069     		ldr	r0, [r4, #20]
  78:lvgl/src/draw/sw/lv_draw_sw_layer.c ****             return NULL;
 235              		.loc 1 78 11 view .LVU81
 236 00e2 0028     		cmp	r0, #0
 237 00e4 CDD0     		beq	.L1
  82:lvgl/src/draw/sw/lv_draw_sw_layer.c ****         draw_ctx->buf_area = &layer_sw_ctx->base_draw.area_act;
 238              		.loc 1 82 9 is_stmt 1 view .LVU82
  82:lvgl/src/draw/sw/lv_draw_sw_layer.c ****         draw_ctx->buf_area = &layer_sw_ctx->base_draw.area_act;
 239              		.loc 1 82 23 is_stmt 0 view .LVU83
 240 00e6 3060     		str	r0, [r6]
  83:lvgl/src/draw/sw/lv_draw_sw_layer.c ****         draw_ctx->clip_area = &layer_sw_ctx->base_draw.area_act;
 241              		.loc 1 83 9 is_stmt 1 view .LVU84
  83:lvgl/src/draw/sw/lv_draw_sw_layer.c ****         draw_ctx->clip_area = &layer_sw_ctx->base_draw.area_act;
 242              		.loc 1 83 30 is_stmt 0 view .LVU85
 243 00e8 04F10803 		add	r3, r4, #8
  83:lvgl/src/draw/sw/lv_draw_sw_layer.c ****         draw_ctx->clip_area = &layer_sw_ctx->base_draw.area_act;
 244              		.loc 1 83 28 view .LVU86
 245 00ec 7360     		str	r3, [r6, #4]
  84:lvgl/src/draw/sw/lv_draw_sw_layer.c **** 
 246              		.loc 1 84 9 is_stmt 1 view .LVU87
  84:lvgl/src/draw/sw/lv_draw_sw_layer.c **** 
 247              		.loc 1 84 29 is_stmt 0 view .LVU88
 248 00ee B360     		str	r3, [r6, #8]
  86:lvgl/src/draw/sw/lv_draw_sw_layer.c ****         disp_refr->driver->screen_transp = flags & LV_DRAW_LAYER_FLAG_HAS_ALPHA ? 1 : 0;
 249              		.loc 1 86 9 is_stmt 1 view .LVU89
  86:lvgl/src/draw/sw/lv_draw_sw_layer.c ****         disp_refr->driver->screen_transp = flags & LV_DRAW_LAYER_FLAG_HAS_ALPHA ? 1 : 0;
 250              		.loc 1 86 33 is_stmt 0 view .LVU90
 251 00f0 FFF7FEFF 		bl	_lv_refr_get_disp_refreshing
 252              	.LVL19:
  87:lvgl/src/draw/sw/lv_draw_sw_layer.c ****     }
 253              		.loc 1 87 9 is_stmt 1 view .LVU91
  87:lvgl/src/draw/sw/lv_draw_sw_layer.c ****     }
 254              		.loc 1 87 18 is_stmt 0 view .LVU92
 255 00f4 0368     		ldr	r3, [r0]
ARM GAS  C:\Users\OSD\AppData\Local\Temp\ccpQVTFY.s 			page 10


  87:lvgl/src/draw/sw/lv_draw_sw_layer.c ****     }
 256              		.loc 1 87 42 view .LVU93
 257 00f6 1A7C     		ldrb	r2, [r3, #16]	@ zero_extendqisi2
 258 00f8 65F38612 		bfi	r2, r5, #6, #1
 259 00fc 1A74     		strb	r2, [r3, #16]
 260              	.LBE14:
  90:lvgl/src/draw/sw/lv_draw_sw_layer.c **** }
 261              		.loc 1 90 12 view .LVU94
 262 00fe 2046     		mov	r0, r4
 263              	.LVL20:
  90:lvgl/src/draw/sw/lv_draw_sw_layer.c **** }
 264              		.loc 1 90 12 view .LVU95
 265 0100 BFE7     		b	.L1
 266              	.LVL21:
 267              	.L7:
 268              		.cfi_def_cfa_offset 0
 269              		.cfi_restore 4
 270              		.cfi_restore 5
 271              		.cfi_restore 6
 272              		.cfi_restore 14
  47:lvgl/src/draw/sw/lv_draw_sw_layer.c ****     }
 273              		.loc 1 47 16 view .LVU96
 274 0102 0020     		movs	r0, #0
 275              	.LVL22:
 276              		.loc 1 91 1 view .LVU97
 277 0104 7047     		bx	lr
 278              		.cfi_endproc
 279              	.LFE161:
 281              		.section	.text.lv_draw_sw_layer_adjust,"ax",%progbits
 282              		.align	1
 283              		.global	lv_draw_sw_layer_adjust
 284              		.syntax unified
 285              		.thumb
 286              		.thumb_func
 288              	lv_draw_sw_layer_adjust:
 289              	.LVL23:
 290              	.LFB162:
  92:lvgl/src/draw/sw/lv_draw_sw_layer.c **** 
  93:lvgl/src/draw/sw/lv_draw_sw_layer.c **** void lv_draw_sw_layer_adjust(struct _lv_draw_ctx_t * draw_ctx, struct _lv_draw_layer_ctx_t * layer_
  94:lvgl/src/draw/sw/lv_draw_sw_layer.c ****                              lv_draw_layer_flags_t flags)
  95:lvgl/src/draw/sw/lv_draw_sw_layer.c **** {
 291              		.loc 1 95 1 is_stmt 1 view -0
 292              		.cfi_startproc
 293              		@ args = 0, pretend = 0, frame = 0
 294              		@ frame_needed = 0, uses_anonymous_args = 0
 295              		.loc 1 95 1 is_stmt 0 view .LVU99
 296 0000 F8B5     		push	{r3, r4, r5, r6, r7, lr}
 297              		.cfi_def_cfa_offset 24
 298              		.cfi_offset 3, -24
 299              		.cfi_offset 4, -20
 300              		.cfi_offset 5, -16
 301              		.cfi_offset 6, -12
 302              		.cfi_offset 7, -8
 303              		.cfi_offset 14, -4
 304 0002 0546     		mov	r5, r0
 305 0004 0C46     		mov	r4, r1
 306 0006 1746     		mov	r7, r2
ARM GAS  C:\Users\OSD\AppData\Local\Temp\ccpQVTFY.s 			page 11


  96:lvgl/src/draw/sw/lv_draw_sw_layer.c **** 
  97:lvgl/src/draw/sw/lv_draw_sw_layer.c ****     lv_draw_sw_layer_ctx_t * layer_sw_ctx = (lv_draw_sw_layer_ctx_t *) layer_ctx;
 307              		.loc 1 97 5 is_stmt 1 view .LVU100
 308              	.LVL24:
  98:lvgl/src/draw/sw/lv_draw_sw_layer.c ****     lv_disp_t * disp_refr = _lv_refr_get_disp_refreshing();
 309              		.loc 1 98 5 view .LVU101
 310              		.loc 1 98 29 is_stmt 0 view .LVU102
 311 0008 FFF7FEFF 		bl	_lv_refr_get_disp_refreshing
 312              	.LVL25:
 313              		.loc 1 98 29 view .LVU103
 314 000c 0646     		mov	r6, r0
 315              	.LVL26:
  99:lvgl/src/draw/sw/lv_draw_sw_layer.c ****     if(flags & LV_DRAW_LAYER_FLAG_HAS_ALPHA) {
 316              		.loc 1 99 5 is_stmt 1 view .LVU104
 317              		.loc 1 99 7 is_stmt 0 view .LVU105
 318 000e 17F0010F 		tst	r7, #1
 319 0012 10D1     		bne	.L18
 100:lvgl/src/draw/sw/lv_draw_sw_layer.c ****         lv_memset_00(layer_ctx->buf, layer_sw_ctx->buf_size_bytes);
 101:lvgl/src/draw/sw/lv_draw_sw_layer.c ****         layer_sw_ctx->has_alpha = 1;
 102:lvgl/src/draw/sw/lv_draw_sw_layer.c ****         disp_refr->driver->screen_transp = 1;
 103:lvgl/src/draw/sw/lv_draw_sw_layer.c ****     }
 104:lvgl/src/draw/sw/lv_draw_sw_layer.c ****     else {
 105:lvgl/src/draw/sw/lv_draw_sw_layer.c ****         layer_sw_ctx->has_alpha = 0;
 320              		.loc 1 105 9 is_stmt 1 view .LVU106
 321              		.loc 1 105 33 is_stmt 0 view .LVU107
 322 0014 94F82B30 		ldrb	r3, [r4, #43]	@ zero_extendqisi2
 323 0018 6FF3C713 		bfc	r3, #7, #1
 324 001c 84F82B30 		strb	r3, [r4, #43]
 106:lvgl/src/draw/sw/lv_draw_sw_layer.c ****         disp_refr->driver->screen_transp = 0;
 325              		.loc 1 106 9 is_stmt 1 view .LVU108
 326              		.loc 1 106 18 is_stmt 0 view .LVU109
 327 0020 0368     		ldr	r3, [r0]
 328              		.loc 1 106 42 view .LVU110
 329 0022 1A7C     		ldrb	r2, [r3, #16]	@ zero_extendqisi2
 330 0024 6FF38612 		bfc	r2, #6, #1
 331 0028 1A74     		strb	r2, [r3, #16]
 332              	.LVL27:
 333              	.L16:
 107:lvgl/src/draw/sw/lv_draw_sw_layer.c ****     }
 108:lvgl/src/draw/sw/lv_draw_sw_layer.c **** 
 109:lvgl/src/draw/sw/lv_draw_sw_layer.c ****     draw_ctx->buf = layer_ctx->buf;
 334              		.loc 1 109 5 is_stmt 1 view .LVU111
 335              		.loc 1 109 30 is_stmt 0 view .LVU112
 336 002a 6369     		ldr	r3, [r4, #20]
 337              		.loc 1 109 19 view .LVU113
 338 002c 2B60     		str	r3, [r5]
 110:lvgl/src/draw/sw/lv_draw_sw_layer.c ****     draw_ctx->buf_area = &layer_ctx->area_act;
 339              		.loc 1 110 5 is_stmt 1 view .LVU114
 340              		.loc 1 110 26 is_stmt 0 view .LVU115
 341 002e 0834     		adds	r4, r4, #8
 342              	.LVL28:
 343              		.loc 1 110 24 view .LVU116
 344 0030 6C60     		str	r4, [r5, #4]
 111:lvgl/src/draw/sw/lv_draw_sw_layer.c ****     draw_ctx->clip_area = &layer_ctx->area_act;
 345              		.loc 1 111 5 is_stmt 1 view .LVU117
 346              		.loc 1 111 25 is_stmt 0 view .LVU118
 347 0032 AC60     		str	r4, [r5, #8]
ARM GAS  C:\Users\OSD\AppData\Local\Temp\ccpQVTFY.s 			page 12


 112:lvgl/src/draw/sw/lv_draw_sw_layer.c **** }
 348              		.loc 1 112 1 view .LVU119
 349 0034 F8BD     		pop	{r3, r4, r5, r6, r7, pc}
 350              	.LVL29:
 351              	.L18:
 100:lvgl/src/draw/sw/lv_draw_sw_layer.c ****         layer_sw_ctx->has_alpha = 1;
 352              		.loc 1 100 9 is_stmt 1 view .LVU120
 100:lvgl/src/draw/sw/lv_draw_sw_layer.c ****         layer_sw_ctx->has_alpha = 1;
 353              		.loc 1 100 50 is_stmt 0 view .LVU121
 354 0036 A16A     		ldr	r1, [r4, #40]
 100:lvgl/src/draw/sw/lv_draw_sw_layer.c ****         layer_sw_ctx->has_alpha = 1;
 355              		.loc 1 100 9 view .LVU122
 356 0038 21F00041 		bic	r1, r1, #-2147483648
 357 003c 6069     		ldr	r0, [r4, #20]
 358              	.LVL30:
 100:lvgl/src/draw/sw/lv_draw_sw_layer.c ****         layer_sw_ctx->has_alpha = 1;
 359              		.loc 1 100 9 view .LVU123
 360 003e FFF7FEFF 		bl	lv_memset_00
 361              	.LVL31:
 101:lvgl/src/draw/sw/lv_draw_sw_layer.c ****         disp_refr->driver->screen_transp = 1;
 362              		.loc 1 101 9 is_stmt 1 view .LVU124
 101:lvgl/src/draw/sw/lv_draw_sw_layer.c ****         disp_refr->driver->screen_transp = 1;
 363              		.loc 1 101 33 is_stmt 0 view .LVU125
 364 0042 94F82B30 		ldrb	r3, [r4, #43]	@ zero_extendqisi2
 365 0046 43F08003 		orr	r3, r3, #128
 366 004a 84F82B30 		strb	r3, [r4, #43]
 102:lvgl/src/draw/sw/lv_draw_sw_layer.c ****     }
 367              		.loc 1 102 9 is_stmt 1 view .LVU126
 102:lvgl/src/draw/sw/lv_draw_sw_layer.c ****     }
 368              		.loc 1 102 18 is_stmt 0 view .LVU127
 369 004e 3268     		ldr	r2, [r6]
 102:lvgl/src/draw/sw/lv_draw_sw_layer.c ****     }
 370              		.loc 1 102 42 view .LVU128
 371 0050 137C     		ldrb	r3, [r2, #16]	@ zero_extendqisi2
 372 0052 43F04003 		orr	r3, r3, #64
 373 0056 1374     		strb	r3, [r2, #16]
 374 0058 E7E7     		b	.L16
 375              		.cfi_endproc
 376              	.LFE162:
 378              		.section	.text.lv_draw_sw_layer_blend,"ax",%progbits
 379              		.align	1
 380              		.global	lv_draw_sw_layer_blend
 381              		.syntax unified
 382              		.thumb
 383              		.thumb_func
 385              	lv_draw_sw_layer_blend:
 386              	.LVL32:
 387              	.LFB163:
 113:lvgl/src/draw/sw/lv_draw_sw_layer.c **** 
 114:lvgl/src/draw/sw/lv_draw_sw_layer.c **** void lv_draw_sw_layer_blend(struct _lv_draw_ctx_t * draw_ctx, struct _lv_draw_layer_ctx_t * layer_c
 115:lvgl/src/draw/sw/lv_draw_sw_layer.c ****                             const lv_draw_img_dsc_t * draw_dsc)
 116:lvgl/src/draw/sw/lv_draw_sw_layer.c **** {
 388              		.loc 1 116 1 is_stmt 1 view -0
 389              		.cfi_startproc
 390              		@ args = 0, pretend = 0, frame = 16
 391              		@ frame_needed = 0, uses_anonymous_args = 0
 392              		.loc 1 116 1 is_stmt 0 view .LVU130
ARM GAS  C:\Users\OSD\AppData\Local\Temp\ccpQVTFY.s 			page 13


 393 0000 70B5     		push	{r4, r5, r6, lr}
 394              		.cfi_def_cfa_offset 16
 395              		.cfi_offset 4, -16
 396              		.cfi_offset 5, -12
 397              		.cfi_offset 6, -8
 398              		.cfi_offset 14, -4
 399 0002 84B0     		sub	sp, sp, #16
 400              		.cfi_def_cfa_offset 32
 401 0004 0446     		mov	r4, r0
 402 0006 0D46     		mov	r5, r1
 403 0008 1646     		mov	r6, r2
 117:lvgl/src/draw/sw/lv_draw_sw_layer.c ****     lv_draw_sw_layer_ctx_t * layer_sw_ctx = (lv_draw_sw_layer_ctx_t *) layer_ctx;
 404              		.loc 1 117 5 is_stmt 1 view .LVU131
 405              	.LVL33:
 118:lvgl/src/draw/sw/lv_draw_sw_layer.c **** 
 119:lvgl/src/draw/sw/lv_draw_sw_layer.c ****     lv_img_dsc_t img;
 406              		.loc 1 119 5 view .LVU132
 120:lvgl/src/draw/sw/lv_draw_sw_layer.c ****     img.data = draw_ctx->buf;
 407              		.loc 1 120 5 view .LVU133
 408              		.loc 1 120 24 is_stmt 0 view .LVU134
 409 000a 0368     		ldr	r3, [r0]
 410              		.loc 1 120 14 view .LVU135
 411 000c 0393     		str	r3, [sp, #12]
 121:lvgl/src/draw/sw/lv_draw_sw_layer.c ****     img.header.always_zero = 0;
 412              		.loc 1 121 5 is_stmt 1 view .LVU136
 413              		.loc 1 121 28 is_stmt 0 view .LVU137
 414 000e 9DF80430 		ldrb	r3, [sp, #4]	@ zero_extendqisi2
 415 0012 6FF34713 		bfc	r3, #5, #3
 416 0016 8DF80430 		strb	r3, [sp, #4]
 122:lvgl/src/draw/sw/lv_draw_sw_layer.c ****     img.header.w = lv_area_get_width(draw_ctx->buf_area);
 417              		.loc 1 122 5 is_stmt 1 view .LVU138
 418              		.loc 1 122 46 is_stmt 0 view .LVU139
 419 001a 4268     		ldr	r2, [r0, #4]
 420              	.LVL34:
 421              	.LBB15:
 422              	.LBI15:
 123:lvgl/src/draw/sw/../../misc/lv_area.h **** {
 423              		.loc 2 123 26 is_stmt 1 view .LVU140
 424              	.LBB16:
 425              		.loc 2 125 5 view .LVU141
 426              		.loc 2 125 31 is_stmt 0 view .LVU142
 427 001c 9388     		ldrh	r3, [r2, #4]
 428              		.loc 2 125 44 view .LVU143
 429 001e 1188     		ldrh	r1, [r2]
 430              	.LVL35:
 431              		.loc 2 125 36 view .LVU144
 432 0020 5B1A     		subs	r3, r3, r1
 433 0022 9BB2     		uxth	r3, r3
 434              		.loc 2 125 49 view .LVU145
 435 0024 0133     		adds	r3, r3, #1
 436              	.LVL36:
 437              		.loc 2 125 49 view .LVU146
 438              	.LBE16:
 439              	.LBE15:
 440              		.loc 1 122 18 view .LVU147
 441 0026 0199     		ldr	r1, [sp, #4]
 442 0028 63F39421 		bfi	r1, r3, #10, #11
ARM GAS  C:\Users\OSD\AppData\Local\Temp\ccpQVTFY.s 			page 14


 443 002c 0191     		str	r1, [sp, #4]
 123:lvgl/src/draw/sw/lv_draw_sw_layer.c ****     img.header.h = lv_area_get_height(draw_ctx->buf_area);
 444              		.loc 1 123 5 is_stmt 1 view .LVU148
 445              	.LVL37:
 446              	.LBB17:
 447              	.LBI17:
 126:lvgl/src/draw/sw/../../misc/lv_area.h **** }
 127:lvgl/src/draw/sw/../../misc/lv_area.h **** 
 128:lvgl/src/draw/sw/../../misc/lv_area.h **** /**
 129:lvgl/src/draw/sw/../../misc/lv_area.h ****  * Get the height of an area
 130:lvgl/src/draw/sw/../../misc/lv_area.h ****  * @param area_p pointer to an area
 131:lvgl/src/draw/sw/../../misc/lv_area.h ****  * @return the height of the area (if y1 == y2 -> height = 1)
 132:lvgl/src/draw/sw/../../misc/lv_area.h ****  */
 133:lvgl/src/draw/sw/../../misc/lv_area.h **** static inline lv_coord_t lv_area_get_height(const lv_area_t * area_p)
 448              		.loc 2 133 26 view .LVU149
 449              	.LBB18:
 134:lvgl/src/draw/sw/../../misc/lv_area.h **** {
 135:lvgl/src/draw/sw/../../misc/lv_area.h ****     return (lv_coord_t)(area_p->y2 - area_p->y1 + 1);
 450              		.loc 2 135 5 view .LVU150
 451              		.loc 2 135 31 is_stmt 0 view .LVU151
 452 002e D388     		ldrh	r3, [r2, #6]
 453              		.loc 2 135 44 view .LVU152
 454 0030 5288     		ldrh	r2, [r2, #2]
 455              	.LVL38:
 456              		.loc 2 135 36 view .LVU153
 457 0032 9B1A     		subs	r3, r3, r2
 458 0034 9BB2     		uxth	r3, r3
 459              		.loc 2 135 49 view .LVU154
 460 0036 0133     		adds	r3, r3, #1
 461              		.loc 2 135 49 view .LVU155
 462              	.LBE18:
 463              	.LBE17:
 464              		.loc 1 123 18 view .LVU156
 465 0038 BDF80620 		ldrh	r2, [sp, #6]
 466 003c 63F34F12 		bfi	r2, r3, #5, #11
 467 0040 ADF80620 		strh	r2, [sp, #6]	@ movhi
 124:lvgl/src/draw/sw/lv_draw_sw_layer.c ****     img.header.cf = layer_sw_ctx->has_alpha ? LV_IMG_CF_TRUE_COLOR_ALPHA : LV_IMG_CF_TRUE_COLOR;
 468              		.loc 1 124 5 is_stmt 1 view .LVU157
 469              		.loc 1 124 74 is_stmt 0 view .LVU158
 470 0044 95F92B30 		ldrsb	r3, [r5, #43]
 471 0048 002B     		cmp	r3, #0
 472 004a 24DB     		blt	.L23
 473 004c 0422     		movs	r2, #4
 474              	.L20:
 475              		.loc 1 124 19 discriminator 4 view .LVU159
 476 004e 9DF80430 		ldrb	r3, [sp, #4]	@ zero_extendqisi2
 477 0052 62F30403 		bfi	r3, r2, #0, #5
 478 0056 8DF80430 		strb	r3, [sp, #4]
 125:lvgl/src/draw/sw/lv_draw_sw_layer.c **** 
 126:lvgl/src/draw/sw/lv_draw_sw_layer.c ****     /*Restore the original draw_ctx*/
 127:lvgl/src/draw/sw/lv_draw_sw_layer.c ****     draw_ctx->buf = layer_ctx->original.buf;
 479              		.loc 1 127 5 is_stmt 1 discriminator 4 view .LVU160
 480              		.loc 1 127 40 is_stmt 0 discriminator 4 view .LVU161
 481 005a 2B6A     		ldr	r3, [r5, #32]
 482              		.loc 1 127 19 discriminator 4 view .LVU162
 483 005c 2360     		str	r3, [r4]
 128:lvgl/src/draw/sw/lv_draw_sw_layer.c ****     draw_ctx->buf_area = layer_ctx->original.buf_area;
ARM GAS  C:\Users\OSD\AppData\Local\Temp\ccpQVTFY.s 			page 15


 484              		.loc 1 128 5 is_stmt 1 discriminator 4 view .LVU163
 485              		.loc 1 128 45 is_stmt 0 discriminator 4 view .LVU164
 486 005e EB69     		ldr	r3, [r5, #28]
 487              		.loc 1 128 24 discriminator 4 view .LVU165
 488 0060 6360     		str	r3, [r4, #4]
 129:lvgl/src/draw/sw/lv_draw_sw_layer.c ****     draw_ctx->clip_area = layer_ctx->original.clip_area;
 489              		.loc 1 129 5 is_stmt 1 discriminator 4 view .LVU166
 490              		.loc 1 129 46 is_stmt 0 discriminator 4 view .LVU167
 491 0062 AB69     		ldr	r3, [r5, #24]
 492              		.loc 1 129 25 discriminator 4 view .LVU168
 493 0064 A360     		str	r3, [r4, #8]
 130:lvgl/src/draw/sw/lv_draw_sw_layer.c ****     lv_disp_t * disp_refr = _lv_refr_get_disp_refreshing();
 494              		.loc 1 130 5 is_stmt 1 discriminator 4 view .LVU169
 495              		.loc 1 130 29 is_stmt 0 discriminator 4 view .LVU170
 496 0066 FFF7FEFF 		bl	_lv_refr_get_disp_refreshing
 497              	.LVL39:
 131:lvgl/src/draw/sw/lv_draw_sw_layer.c ****     disp_refr->driver->screen_transp = layer_ctx->original.screen_transp;
 498              		.loc 1 131 5 is_stmt 1 discriminator 4 view .LVU171
 499              		.loc 1 131 14 is_stmt 0 discriminator 4 view .LVU172
 500 006a 0368     		ldr	r3, [r0]
 501              		.loc 1 131 59 discriminator 4 view .LVU173
 502 006c 95F82410 		ldrb	r1, [r5, #36]	@ zero_extendqisi2
 503              		.loc 1 131 38 discriminator 4 view .LVU174
 504 0070 1A7C     		ldrb	r2, [r3, #16]	@ zero_extendqisi2
 505 0072 61F38612 		bfi	r2, r1, #6, #1
 506 0076 1A74     		strb	r2, [r3, #16]
 132:lvgl/src/draw/sw/lv_draw_sw_layer.c **** 
 133:lvgl/src/draw/sw/lv_draw_sw_layer.c ****     /*Blend the layer*/
 134:lvgl/src/draw/sw/lv_draw_sw_layer.c ****     lv_draw_img(draw_ctx, draw_dsc, &layer_ctx->area_act, &img);
 507              		.loc 1 134 5 is_stmt 1 discriminator 4 view .LVU175
 508 0078 01AB     		add	r3, sp, #4
 509 007a 05F10802 		add	r2, r5, #8
 510 007e 3146     		mov	r1, r6
 511 0080 2046     		mov	r0, r4
 512              	.LVL40:
 513              		.loc 1 134 5 is_stmt 0 discriminator 4 view .LVU176
 514 0082 FFF7FEFF 		bl	lv_draw_img
 515              	.LVL41:
 135:lvgl/src/draw/sw/lv_draw_sw_layer.c ****     lv_draw_wait_for_finish(draw_ctx);
 516              		.loc 1 135 5 is_stmt 1 discriminator 4 view .LVU177
 517 0086 2046     		mov	r0, r4
 518 0088 FFF7FEFF 		bl	lv_draw_wait_for_finish
 519              	.LVL42:
 136:lvgl/src/draw/sw/lv_draw_sw_layer.c ****     lv_img_cache_invalidate_src(&img);
 520              		.loc 1 136 5 discriminator 4 view .LVU178
 521 008c 01A8     		add	r0, sp, #4
 522 008e FFF7FEFF 		bl	lv_img_cache_invalidate_src
 523              	.LVL43:
 137:lvgl/src/draw/sw/lv_draw_sw_layer.c **** }
 524              		.loc 1 137 1 is_stmt 0 discriminator 4 view .LVU179
 525 0092 04B0     		add	sp, sp, #16
 526              		.cfi_remember_state
 527              		.cfi_def_cfa_offset 16
 528              		@ sp needed
 529 0094 70BD     		pop	{r4, r5, r6, pc}
 530              	.LVL44:
 531              	.L23:
ARM GAS  C:\Users\OSD\AppData\Local\Temp\ccpQVTFY.s 			page 16


 532              		.cfi_restore_state
 124:lvgl/src/draw/sw/lv_draw_sw_layer.c **** 
 533              		.loc 1 124 74 view .LVU180
 534 0096 0522     		movs	r2, #5
 535 0098 D9E7     		b	.L20
 536              		.cfi_endproc
 537              	.LFE163:
 539              		.section	.text.lv_draw_sw_layer_destroy,"ax",%progbits
 540              		.align	1
 541              		.global	lv_draw_sw_layer_destroy
 542              		.syntax unified
 543              		.thumb
 544              		.thumb_func
 546              	lv_draw_sw_layer_destroy:
 547              	.LVL45:
 548              	.LFB164:
 138:lvgl/src/draw/sw/lv_draw_sw_layer.c **** 
 139:lvgl/src/draw/sw/lv_draw_sw_layer.c **** void lv_draw_sw_layer_destroy(lv_draw_ctx_t * draw_ctx, lv_draw_layer_ctx_t * layer_ctx)
 140:lvgl/src/draw/sw/lv_draw_sw_layer.c **** {
 549              		.loc 1 140 1 is_stmt 1 view -0
 550              		.cfi_startproc
 551              		@ args = 0, pretend = 0, frame = 0
 552              		@ frame_needed = 0, uses_anonymous_args = 0
 553              		.loc 1 140 1 is_stmt 0 view .LVU182
 554 0000 08B5     		push	{r3, lr}
 555              		.cfi_def_cfa_offset 8
 556              		.cfi_offset 3, -8
 557              		.cfi_offset 14, -4
 141:lvgl/src/draw/sw/lv_draw_sw_layer.c ****     LV_UNUSED(draw_ctx);
 558              		.loc 1 141 5 is_stmt 1 view .LVU183
 142:lvgl/src/draw/sw/lv_draw_sw_layer.c **** 
 143:lvgl/src/draw/sw/lv_draw_sw_layer.c ****     lv_mem_free(layer_ctx->buf);
 559              		.loc 1 143 5 view .LVU184
 560 0002 4869     		ldr	r0, [r1, #20]
 561              	.LVL46:
 562              		.loc 1 143 5 is_stmt 0 view .LVU185
 563 0004 FFF7FEFF 		bl	lv_mem_free
 564              	.LVL47:
 144:lvgl/src/draw/sw/lv_draw_sw_layer.c **** }
 565              		.loc 1 144 1 view .LVU186
 566 0008 08BD     		pop	{r3, pc}
 567              		.cfi_endproc
 568              	.LFE164:
 570              		.text
 571              	.Letext0:
 572              		.file 3 "c:\\tools\\gcc-arm-none-eabi\\arm-none-eabi\\include\\machine\\_default_types.h"
 573              		.file 4 "c:\\tools\\gcc-arm-none-eabi\\arm-none-eabi\\include\\sys\\_stdint.h"
 574              		.file 5 "lvgl/src/draw/sw/../../misc/lv_types.h"
 575              		.file 6 "c:\\tools\\gcc-arm-none-eabi\\lib\\gcc\\arm-none-eabi\\10.3.1\\include\\stddef.h"
 576              		.file 7 "lvgl/src/draw/sw/../../misc/lv_color.h"
 577              		.file 8 "lvgl/src/draw/sw/../../misc/../font/lv_font.h"
 578              		.file 9 "lvgl/src/draw/sw/../../misc/lv_txt.h"
 579              		.file 10 "lvgl/src/draw/sw/../../misc/lv_bidi.h"
 580              		.file 11 "lvgl/src/draw/sw/../../misc/lv_style.h"
 581              		.file 12 "lvgl/src/draw/sw/../lv_img_buf.h"
 582              		.file 13 "lvgl/src/draw/sw/../../core/lv_obj.h"
 583              		.file 14 "lvgl/src/draw/sw/../lv_draw_rect.h"
ARM GAS  C:\Users\OSD\AppData\Local\Temp\ccpQVTFY.s 			page 17


 584              		.file 15 "lvgl/src/draw/sw/../lv_draw_label.h"
 585              		.file 16 "lvgl/src/draw/sw/../lv_draw_img.h"
 586              		.file 17 "lvgl/src/draw/sw/../lv_draw_line.h"
 587              		.file 18 "lvgl/src/draw/sw/../lv_draw_arc.h"
 588              		.file 19 "lvgl/src/draw/sw/../lv_draw_layer.h"
 589              		.file 20 "lvgl/src/draw/sw/../lv_draw.h"
 590              		.file 21 "lvgl/src/draw/sw/../../hal/../misc/lv_timer.h"
 591              		.file 22 "lvgl/src/draw/sw/../../hal/lv_hal_disp.h"
 592              		.file 23 "lvgl/src/draw/sw/../../core/lv_group.h"
 593              		.file 24 "lvgl/src/draw/sw/../../hal/../misc/lv_ll.h"
 594              		.file 25 "lvgl/src/draw/sw/lv_draw_sw.h"
 595              		.file 26 "lvgl/src/draw/sw/../../core/lv_obj_scroll.h"
 596              		.file 27 "lvgl/src/draw/sw/../../core/lv_obj_style.h"
 597              		.file 28 "lvgl/src/draw/sw/../../core/lv_obj_class.h"
 598              		.file 29 "lvgl/src/draw/sw/../../core/lv_event.h"
 599              		.file 30 "lvgl/src/draw/sw/../../misc/lv_mem.h"
 600              		.file 31 "lvgl/src/draw/sw/../../core/lv_refr.h"
 601              		.file 32 "lvgl/src/draw/sw/../lv_img_cache.h"
ARM GAS  C:\Users\OSD\AppData\Local\Temp\ccpQVTFY.s 			page 18


DEFINED SYMBOLS
                            *ABS*:00000000 lv_draw_sw_layer.c
C:\Users\OSD\AppData\Local\Temp\ccpQVTFY.s:19     .text.lv_draw_sw_layer_create:00000000 $t
C:\Users\OSD\AppData\Local\Temp\ccpQVTFY.s:25     .text.lv_draw_sw_layer_create:00000000 lv_draw_sw_layer_create
C:\Users\OSD\AppData\Local\Temp\ccpQVTFY.s:282    .text.lv_draw_sw_layer_adjust:00000000 $t
C:\Users\OSD\AppData\Local\Temp\ccpQVTFY.s:288    .text.lv_draw_sw_layer_adjust:00000000 lv_draw_sw_layer_adjust
C:\Users\OSD\AppData\Local\Temp\ccpQVTFY.s:379    .text.lv_draw_sw_layer_blend:00000000 $t
C:\Users\OSD\AppData\Local\Temp\ccpQVTFY.s:385    .text.lv_draw_sw_layer_blend:00000000 lv_draw_sw_layer_blend
C:\Users\OSD\AppData\Local\Temp\ccpQVTFY.s:540    .text.lv_draw_sw_layer_destroy:00000000 $t
C:\Users\OSD\AppData\Local\Temp\ccpQVTFY.s:546    .text.lv_draw_sw_layer_destroy:00000000 lv_draw_sw_layer_destroy

UNDEFINED SYMBOLS
lv_area_get_size
lv_mem_alloc
lv_memset_00
_lv_refr_get_disp_refreshing
lv_draw_img
lv_draw_wait_for_finish
lv_img_cache_invalidate_src
lv_mem_free
