ARM GAS  C:\Users\OSD\AppData\Local\Temp\ccKVAULV.s 			page 1


   1              		.cpu cortex-m7
   2              		.arch armv7e-m
   3              		.fpu fpv5-d16
   4              		.eabi_attribute 28, 1
   5              		.eabi_attribute 20, 1
   6              		.eabi_attribute 21, 1
   7              		.eabi_attribute 23, 3
   8              		.eabi_attribute 24, 1
   9              		.eabi_attribute 25, 1
  10              		.eabi_attribute 26, 1
  11              		.eabi_attribute 30, 1
  12              		.eabi_attribute 34, 1
  13              		.eabi_attribute 18, 4
  14              		.file	"lv_example_get_started_1.c"
  15              		.text
  16              	.Ltext0:
  17              		.cfi_sections	.debug_frame
  18              		.section	.rodata.btn_event_cb.str1.4,"aMS",%progbits,1
  19              		.align	2
  20              	.LC0:
  21 0000 42757474 		.ascii	"Button: %d\000"
  21      6F6E3A20 
  21      256400
  22              		.section	.text.btn_event_cb,"ax",%progbits
  23              		.align	1
  24              		.syntax unified
  25              		.thumb
  26              		.thumb_func
  28              	btn_event_cb:
  29              	.LVL0:
  30              	.LFB204:
  31              		.file 1 "lvgl/examples/get_started/lv_example_get_started_1.c"
   1:lvgl/examples/get_started/lv_example_get_started_1.c **** #include "../lv_examples.h"
   2:lvgl/examples/get_started/lv_example_get_started_1.c **** #if LV_BUILD_EXAMPLES && LV_USE_BTN
   3:lvgl/examples/get_started/lv_example_get_started_1.c **** 
   4:lvgl/examples/get_started/lv_example_get_started_1.c **** static void btn_event_cb(lv_event_t * e)
   5:lvgl/examples/get_started/lv_example_get_started_1.c **** {
  32              		.loc 1 5 1 view -0
  33              		.cfi_startproc
  34              		@ args = 0, pretend = 0, frame = 0
  35              		@ frame_needed = 0, uses_anonymous_args = 0
  36              		.loc 1 5 1 is_stmt 0 view .LVU1
  37 0000 38B5     		push	{r3, r4, r5, lr}
  38              		.cfi_def_cfa_offset 16
  39              		.cfi_offset 3, -16
  40              		.cfi_offset 4, -12
  41              		.cfi_offset 5, -8
  42              		.cfi_offset 14, -4
  43 0002 0546     		mov	r5, r0
   6:lvgl/examples/get_started/lv_example_get_started_1.c ****     lv_event_code_t code = lv_event_get_code(e);
  44              		.loc 1 6 5 is_stmt 1 view .LVU2
  45              		.loc 1 6 28 is_stmt 0 view .LVU3
  46 0004 FFF7FEFF 		bl	lv_event_get_code
  47              	.LVL1:
  48              		.loc 1 6 28 view .LVU4
  49 0008 0446     		mov	r4, r0
  50              	.LVL2:
ARM GAS  C:\Users\OSD\AppData\Local\Temp\ccKVAULV.s 			page 2


   7:lvgl/examples/get_started/lv_example_get_started_1.c ****     lv_obj_t * btn = lv_event_get_target(e);
  51              		.loc 1 7 5 is_stmt 1 view .LVU5
  52              		.loc 1 7 22 is_stmt 0 view .LVU6
  53 000a 2846     		mov	r0, r5
  54 000c FFF7FEFF 		bl	lv_event_get_target
  55              	.LVL3:
   8:lvgl/examples/get_started/lv_example_get_started_1.c ****     if(code == LV_EVENT_CLICKED) {
  56              		.loc 1 8 5 is_stmt 1 view .LVU7
  57              		.loc 1 8 7 is_stmt 0 view .LVU8
  58 0010 072C     		cmp	r4, #7
  59 0012 00D0     		beq	.L4
  60              	.LVL4:
  61              	.L1:
   9:lvgl/examples/get_started/lv_example_get_started_1.c ****         static uint8_t cnt = 0;
  10:lvgl/examples/get_started/lv_example_get_started_1.c ****         cnt++;
  11:lvgl/examples/get_started/lv_example_get_started_1.c **** 
  12:lvgl/examples/get_started/lv_example_get_started_1.c ****         /*Get the first child of the button which is the label and change its text*/
  13:lvgl/examples/get_started/lv_example_get_started_1.c ****         lv_obj_t * label = lv_obj_get_child(btn, 0);
  14:lvgl/examples/get_started/lv_example_get_started_1.c ****         lv_label_set_text_fmt(label, "Button: %d", cnt);
  15:lvgl/examples/get_started/lv_example_get_started_1.c ****     }
  16:lvgl/examples/get_started/lv_example_get_started_1.c **** }
  62              		.loc 1 16 1 view .LVU9
  63 0014 38BD     		pop	{r3, r4, r5, pc}
  64              	.LVL5:
  65              	.L4:
  66              	.LBB4:
   9:lvgl/examples/get_started/lv_example_get_started_1.c ****         static uint8_t cnt = 0;
  67              		.loc 1 9 9 is_stmt 1 view .LVU10
  10:lvgl/examples/get_started/lv_example_get_started_1.c **** 
  68              		.loc 1 10 9 view .LVU11
  10:lvgl/examples/get_started/lv_example_get_started_1.c **** 
  69              		.loc 1 10 12 is_stmt 0 view .LVU12
  70 0016 064C     		ldr	r4, .L5
  71              	.LVL6:
  10:lvgl/examples/get_started/lv_example_get_started_1.c **** 
  72              		.loc 1 10 12 view .LVU13
  73 0018 2378     		ldrb	r3, [r4]	@ zero_extendqisi2
  74 001a 0133     		adds	r3, r3, #1
  75 001c 2370     		strb	r3, [r4]
  13:lvgl/examples/get_started/lv_example_get_started_1.c ****         lv_label_set_text_fmt(label, "Button: %d", cnt);
  76              		.loc 1 13 9 is_stmt 1 view .LVU14
  13:lvgl/examples/get_started/lv_example_get_started_1.c ****         lv_label_set_text_fmt(label, "Button: %d", cnt);
  77              		.loc 1 13 28 is_stmt 0 view .LVU15
  78 001e 0021     		movs	r1, #0
  79 0020 FFF7FEFF 		bl	lv_obj_get_child
  80              	.LVL7:
  14:lvgl/examples/get_started/lv_example_get_started_1.c ****     }
  81              		.loc 1 14 9 is_stmt 1 view .LVU16
  82 0024 2278     		ldrb	r2, [r4]	@ zero_extendqisi2
  83 0026 0349     		ldr	r1, .L5+4
  84 0028 FFF7FEFF 		bl	lv_label_set_text_fmt
  85              	.LVL8:
  14:lvgl/examples/get_started/lv_example_get_started_1.c ****     }
  86              		.loc 1 14 9 is_stmt 0 view .LVU17
  87              	.LBE4:
  88              		.loc 1 16 1 view .LVU18
  89 002c F2E7     		b	.L1
ARM GAS  C:\Users\OSD\AppData\Local\Temp\ccKVAULV.s 			page 3


  90              	.L6:
  91 002e 00BF     		.align	2
  92              	.L5:
  93 0030 00000000 		.word	.LANCHOR0
  94 0034 00000000 		.word	.LC0
  95              		.cfi_endproc
  96              	.LFE204:
  98              		.section	.rodata.lv_example_get_started_1.str1.4,"aMS",%progbits,1
  99              		.align	2
 100              	.LC1:
 101 0000 42757474 		.ascii	"Button\000"
 101      6F6E00
 102              		.section	.text.lv_example_get_started_1,"ax",%progbits
 103              		.align	1
 104              		.global	lv_example_get_started_1
 105              		.syntax unified
 106              		.thumb
 107              		.thumb_func
 109              	lv_example_get_started_1:
 110              	.LFB205:
  17:lvgl/examples/get_started/lv_example_get_started_1.c **** 
  18:lvgl/examples/get_started/lv_example_get_started_1.c **** /**
  19:lvgl/examples/get_started/lv_example_get_started_1.c ****  * Create a button with a label and react on click event.
  20:lvgl/examples/get_started/lv_example_get_started_1.c ****  */
  21:lvgl/examples/get_started/lv_example_get_started_1.c **** void lv_example_get_started_1(void)
  22:lvgl/examples/get_started/lv_example_get_started_1.c **** {
 111              		.loc 1 22 1 is_stmt 1 view -0
 112              		.cfi_startproc
 113              		@ args = 0, pretend = 0, frame = 0
 114              		@ frame_needed = 0, uses_anonymous_args = 0
 115 0000 10B5     		push	{r4, lr}
 116              		.cfi_def_cfa_offset 8
 117              		.cfi_offset 4, -8
 118              		.cfi_offset 14, -4
  23:lvgl/examples/get_started/lv_example_get_started_1.c ****     lv_obj_t * btn = lv_btn_create(lv_scr_act());     /*Add a button the current screen*/
 119              		.loc 1 23 5 view .LVU20
 120              	.LBB9:
 121              	.LBI9:
 122              		.file 2 "d:\\kzc\\stm32\\h743ii_lcd\\lvgl\\src/core/lv_disp.h"
   1:d:\kzc\stm32\h743ii_lcd\lvgl\src/core\lv_disp.h **** /**
   2:d:\kzc\stm32\h743ii_lcd\lvgl\src/core\lv_disp.h ****  * @file lv_disp.h
   3:d:\kzc\stm32\h743ii_lcd\lvgl\src/core\lv_disp.h ****  *
   4:d:\kzc\stm32\h743ii_lcd\lvgl\src/core\lv_disp.h ****  */
   5:d:\kzc\stm32\h743ii_lcd\lvgl\src/core\lv_disp.h **** 
   6:d:\kzc\stm32\h743ii_lcd\lvgl\src/core\lv_disp.h **** #ifndef LV_DISP_H
   7:d:\kzc\stm32\h743ii_lcd\lvgl\src/core\lv_disp.h **** #define LV_DISP_H
   8:d:\kzc\stm32\h743ii_lcd\lvgl\src/core\lv_disp.h **** 
   9:d:\kzc\stm32\h743ii_lcd\lvgl\src/core\lv_disp.h **** #ifdef __cplusplus
  10:d:\kzc\stm32\h743ii_lcd\lvgl\src/core\lv_disp.h **** extern "C" {
  11:d:\kzc\stm32\h743ii_lcd\lvgl\src/core\lv_disp.h **** #endif
  12:d:\kzc\stm32\h743ii_lcd\lvgl\src/core\lv_disp.h **** 
  13:d:\kzc\stm32\h743ii_lcd\lvgl\src/core\lv_disp.h **** /*********************
  14:d:\kzc\stm32\h743ii_lcd\lvgl\src/core\lv_disp.h ****  *      INCLUDES
  15:d:\kzc\stm32\h743ii_lcd\lvgl\src/core\lv_disp.h ****  *********************/
  16:d:\kzc\stm32\h743ii_lcd\lvgl\src/core\lv_disp.h **** #include "../hal/lv_hal.h"
  17:d:\kzc\stm32\h743ii_lcd\lvgl\src/core\lv_disp.h **** #include "lv_obj.h"
  18:d:\kzc\stm32\h743ii_lcd\lvgl\src/core\lv_disp.h **** #include "lv_theme.h"
ARM GAS  C:\Users\OSD\AppData\Local\Temp\ccKVAULV.s 			page 4


  19:d:\kzc\stm32\h743ii_lcd\lvgl\src/core\lv_disp.h **** 
  20:d:\kzc\stm32\h743ii_lcd\lvgl\src/core\lv_disp.h **** /*********************
  21:d:\kzc\stm32\h743ii_lcd\lvgl\src/core\lv_disp.h ****  *      DEFINES
  22:d:\kzc\stm32\h743ii_lcd\lvgl\src/core\lv_disp.h ****  *********************/
  23:d:\kzc\stm32\h743ii_lcd\lvgl\src/core\lv_disp.h **** 
  24:d:\kzc\stm32\h743ii_lcd\lvgl\src/core\lv_disp.h **** /**********************
  25:d:\kzc\stm32\h743ii_lcd\lvgl\src/core\lv_disp.h ****  *      TYPEDEFS
  26:d:\kzc\stm32\h743ii_lcd\lvgl\src/core\lv_disp.h ****  **********************/
  27:d:\kzc\stm32\h743ii_lcd\lvgl\src/core\lv_disp.h **** 
  28:d:\kzc\stm32\h743ii_lcd\lvgl\src/core\lv_disp.h **** typedef enum {
  29:d:\kzc\stm32\h743ii_lcd\lvgl\src/core\lv_disp.h ****     LV_SCR_LOAD_ANIM_NONE,
  30:d:\kzc\stm32\h743ii_lcd\lvgl\src/core\lv_disp.h ****     LV_SCR_LOAD_ANIM_OVER_LEFT,
  31:d:\kzc\stm32\h743ii_lcd\lvgl\src/core\lv_disp.h ****     LV_SCR_LOAD_ANIM_OVER_RIGHT,
  32:d:\kzc\stm32\h743ii_lcd\lvgl\src/core\lv_disp.h ****     LV_SCR_LOAD_ANIM_OVER_TOP,
  33:d:\kzc\stm32\h743ii_lcd\lvgl\src/core\lv_disp.h ****     LV_SCR_LOAD_ANIM_OVER_BOTTOM,
  34:d:\kzc\stm32\h743ii_lcd\lvgl\src/core\lv_disp.h ****     LV_SCR_LOAD_ANIM_MOVE_LEFT,
  35:d:\kzc\stm32\h743ii_lcd\lvgl\src/core\lv_disp.h ****     LV_SCR_LOAD_ANIM_MOVE_RIGHT,
  36:d:\kzc\stm32\h743ii_lcd\lvgl\src/core\lv_disp.h ****     LV_SCR_LOAD_ANIM_MOVE_TOP,
  37:d:\kzc\stm32\h743ii_lcd\lvgl\src/core\lv_disp.h ****     LV_SCR_LOAD_ANIM_MOVE_BOTTOM,
  38:d:\kzc\stm32\h743ii_lcd\lvgl\src/core\lv_disp.h ****     LV_SCR_LOAD_ANIM_FADE_IN,
  39:d:\kzc\stm32\h743ii_lcd\lvgl\src/core\lv_disp.h ****     LV_SCR_LOAD_ANIM_FADE_ON = LV_SCR_LOAD_ANIM_FADE_IN, /*For backward compatibility*/
  40:d:\kzc\stm32\h743ii_lcd\lvgl\src/core\lv_disp.h ****     LV_SCR_LOAD_ANIM_FADE_OUT,
  41:d:\kzc\stm32\h743ii_lcd\lvgl\src/core\lv_disp.h ****     LV_SCR_LOAD_ANIM_OUT_LEFT,
  42:d:\kzc\stm32\h743ii_lcd\lvgl\src/core\lv_disp.h ****     LV_SCR_LOAD_ANIM_OUT_RIGHT,
  43:d:\kzc\stm32\h743ii_lcd\lvgl\src/core\lv_disp.h ****     LV_SCR_LOAD_ANIM_OUT_TOP,
  44:d:\kzc\stm32\h743ii_lcd\lvgl\src/core\lv_disp.h ****     LV_SCR_LOAD_ANIM_OUT_BOTTOM,
  45:d:\kzc\stm32\h743ii_lcd\lvgl\src/core\lv_disp.h **** } lv_scr_load_anim_t;
  46:d:\kzc\stm32\h743ii_lcd\lvgl\src/core\lv_disp.h **** 
  47:d:\kzc\stm32\h743ii_lcd\lvgl\src/core\lv_disp.h **** /**********************
  48:d:\kzc\stm32\h743ii_lcd\lvgl\src/core\lv_disp.h ****  * GLOBAL PROTOTYPES
  49:d:\kzc\stm32\h743ii_lcd\lvgl\src/core\lv_disp.h ****  **********************/
  50:d:\kzc\stm32\h743ii_lcd\lvgl\src/core\lv_disp.h **** 
  51:d:\kzc\stm32\h743ii_lcd\lvgl\src/core\lv_disp.h **** /**
  52:d:\kzc\stm32\h743ii_lcd\lvgl\src/core\lv_disp.h ****  * Return with a pointer to the active screen
  53:d:\kzc\stm32\h743ii_lcd\lvgl\src/core\lv_disp.h ****  * @param disp pointer to display which active screen should be get. (NULL to use the default
  54:d:\kzc\stm32\h743ii_lcd\lvgl\src/core\lv_disp.h ****  * screen)
  55:d:\kzc\stm32\h743ii_lcd\lvgl\src/core\lv_disp.h ****  * @return pointer to the active screen object (loaded by 'lv_scr_load()')
  56:d:\kzc\stm32\h743ii_lcd\lvgl\src/core\lv_disp.h ****  */
  57:d:\kzc\stm32\h743ii_lcd\lvgl\src/core\lv_disp.h **** lv_obj_t * lv_disp_get_scr_act(lv_disp_t * disp);
  58:d:\kzc\stm32\h743ii_lcd\lvgl\src/core\lv_disp.h **** 
  59:d:\kzc\stm32\h743ii_lcd\lvgl\src/core\lv_disp.h **** /**
  60:d:\kzc\stm32\h743ii_lcd\lvgl\src/core\lv_disp.h ****  * Return with a pointer to the previous screen. Only used during screen transitions.
  61:d:\kzc\stm32\h743ii_lcd\lvgl\src/core\lv_disp.h ****  * @param disp pointer to display which previous screen should be get. (NULL to use the default
  62:d:\kzc\stm32\h743ii_lcd\lvgl\src/core\lv_disp.h ****  * screen)
  63:d:\kzc\stm32\h743ii_lcd\lvgl\src/core\lv_disp.h ****  * @return pointer to the previous screen object or NULL if not used now
  64:d:\kzc\stm32\h743ii_lcd\lvgl\src/core\lv_disp.h ****  */
  65:d:\kzc\stm32\h743ii_lcd\lvgl\src/core\lv_disp.h **** lv_obj_t * lv_disp_get_scr_prev(lv_disp_t * disp);
  66:d:\kzc\stm32\h743ii_lcd\lvgl\src/core\lv_disp.h **** 
  67:d:\kzc\stm32\h743ii_lcd\lvgl\src/core\lv_disp.h **** /**
  68:d:\kzc\stm32\h743ii_lcd\lvgl\src/core\lv_disp.h ****  * Make a screen active
  69:d:\kzc\stm32\h743ii_lcd\lvgl\src/core\lv_disp.h ****  * @param scr pointer to a screen
  70:d:\kzc\stm32\h743ii_lcd\lvgl\src/core\lv_disp.h ****  */
  71:d:\kzc\stm32\h743ii_lcd\lvgl\src/core\lv_disp.h **** void lv_disp_load_scr(lv_obj_t * scr);
  72:d:\kzc\stm32\h743ii_lcd\lvgl\src/core\lv_disp.h **** 
  73:d:\kzc\stm32\h743ii_lcd\lvgl\src/core\lv_disp.h **** /**
  74:d:\kzc\stm32\h743ii_lcd\lvgl\src/core\lv_disp.h ****  * Return with the top layer. (Same on every screen and it is above the normal screen layer)
  75:d:\kzc\stm32\h743ii_lcd\lvgl\src/core\lv_disp.h ****  * @param disp pointer to display which top layer should be get. (NULL to use the default screen)
ARM GAS  C:\Users\OSD\AppData\Local\Temp\ccKVAULV.s 			page 5


  76:d:\kzc\stm32\h743ii_lcd\lvgl\src/core\lv_disp.h ****  * @return pointer to the top layer object (transparent screen sized lv_obj)
  77:d:\kzc\stm32\h743ii_lcd\lvgl\src/core\lv_disp.h ****  */
  78:d:\kzc\stm32\h743ii_lcd\lvgl\src/core\lv_disp.h **** lv_obj_t * lv_disp_get_layer_top(lv_disp_t * disp);
  79:d:\kzc\stm32\h743ii_lcd\lvgl\src/core\lv_disp.h **** 
  80:d:\kzc\stm32\h743ii_lcd\lvgl\src/core\lv_disp.h **** /**
  81:d:\kzc\stm32\h743ii_lcd\lvgl\src/core\lv_disp.h ****  * Return with the sys. layer. (Same on every screen and it is above the normal screen and the top
  82:d:\kzc\stm32\h743ii_lcd\lvgl\src/core\lv_disp.h ****  * layer)
  83:d:\kzc\stm32\h743ii_lcd\lvgl\src/core\lv_disp.h ****  * @param disp pointer to display which sys. layer should be retrieved. (NULL to use the default sc
  84:d:\kzc\stm32\h743ii_lcd\lvgl\src/core\lv_disp.h ****  * @return pointer to the sys layer object (transparent screen sized lv_obj)
  85:d:\kzc\stm32\h743ii_lcd\lvgl\src/core\lv_disp.h ****  */
  86:d:\kzc\stm32\h743ii_lcd\lvgl\src/core\lv_disp.h **** lv_obj_t * lv_disp_get_layer_sys(lv_disp_t * disp);
  87:d:\kzc\stm32\h743ii_lcd\lvgl\src/core\lv_disp.h **** 
  88:d:\kzc\stm32\h743ii_lcd\lvgl\src/core\lv_disp.h **** /**
  89:d:\kzc\stm32\h743ii_lcd\lvgl\src/core\lv_disp.h ****  * Set the theme of a display
  90:d:\kzc\stm32\h743ii_lcd\lvgl\src/core\lv_disp.h ****  * @param disp pointer to a display
  91:d:\kzc\stm32\h743ii_lcd\lvgl\src/core\lv_disp.h ****  */
  92:d:\kzc\stm32\h743ii_lcd\lvgl\src/core\lv_disp.h **** void lv_disp_set_theme(lv_disp_t * disp, lv_theme_t * th);
  93:d:\kzc\stm32\h743ii_lcd\lvgl\src/core\lv_disp.h **** 
  94:d:\kzc\stm32\h743ii_lcd\lvgl\src/core\lv_disp.h **** /**
  95:d:\kzc\stm32\h743ii_lcd\lvgl\src/core\lv_disp.h ****  * Get the theme of a display
  96:d:\kzc\stm32\h743ii_lcd\lvgl\src/core\lv_disp.h ****  * @param disp pointer to a display
  97:d:\kzc\stm32\h743ii_lcd\lvgl\src/core\lv_disp.h ****  * @return the display's theme (can be NULL)
  98:d:\kzc\stm32\h743ii_lcd\lvgl\src/core\lv_disp.h ****  */
  99:d:\kzc\stm32\h743ii_lcd\lvgl\src/core\lv_disp.h **** lv_theme_t * lv_disp_get_theme(lv_disp_t * disp);
 100:d:\kzc\stm32\h743ii_lcd\lvgl\src/core\lv_disp.h **** 
 101:d:\kzc\stm32\h743ii_lcd\lvgl\src/core\lv_disp.h **** /**
 102:d:\kzc\stm32\h743ii_lcd\lvgl\src/core\lv_disp.h ****  * Set the background color of a display
 103:d:\kzc\stm32\h743ii_lcd\lvgl\src/core\lv_disp.h ****  * @param disp pointer to a display
 104:d:\kzc\stm32\h743ii_lcd\lvgl\src/core\lv_disp.h ****  * @param color color of the background
 105:d:\kzc\stm32\h743ii_lcd\lvgl\src/core\lv_disp.h ****  */
 106:d:\kzc\stm32\h743ii_lcd\lvgl\src/core\lv_disp.h **** void lv_disp_set_bg_color(lv_disp_t * disp, lv_color_t color);
 107:d:\kzc\stm32\h743ii_lcd\lvgl\src/core\lv_disp.h **** 
 108:d:\kzc\stm32\h743ii_lcd\lvgl\src/core\lv_disp.h **** /**
 109:d:\kzc\stm32\h743ii_lcd\lvgl\src/core\lv_disp.h ****  * Set the background image of a display
 110:d:\kzc\stm32\h743ii_lcd\lvgl\src/core\lv_disp.h ****  * @param disp pointer to a display
 111:d:\kzc\stm32\h743ii_lcd\lvgl\src/core\lv_disp.h ****  * @param img_src path to file or pointer to an `lv_img_dsc_t` variable
 112:d:\kzc\stm32\h743ii_lcd\lvgl\src/core\lv_disp.h ****  */
 113:d:\kzc\stm32\h743ii_lcd\lvgl\src/core\lv_disp.h **** void lv_disp_set_bg_image(lv_disp_t * disp, const void  * img_src);
 114:d:\kzc\stm32\h743ii_lcd\lvgl\src/core\lv_disp.h **** 
 115:d:\kzc\stm32\h743ii_lcd\lvgl\src/core\lv_disp.h **** /**
 116:d:\kzc\stm32\h743ii_lcd\lvgl\src/core\lv_disp.h ****  * Set opacity of the background
 117:d:\kzc\stm32\h743ii_lcd\lvgl\src/core\lv_disp.h ****  * @param disp pointer to a display
 118:d:\kzc\stm32\h743ii_lcd\lvgl\src/core\lv_disp.h ****  * @param opa opacity (0..255)
 119:d:\kzc\stm32\h743ii_lcd\lvgl\src/core\lv_disp.h ****  */
 120:d:\kzc\stm32\h743ii_lcd\lvgl\src/core\lv_disp.h **** void lv_disp_set_bg_opa(lv_disp_t * disp, lv_opa_t opa);
 121:d:\kzc\stm32\h743ii_lcd\lvgl\src/core\lv_disp.h **** 
 122:d:\kzc\stm32\h743ii_lcd\lvgl\src/core\lv_disp.h **** /**
 123:d:\kzc\stm32\h743ii_lcd\lvgl\src/core\lv_disp.h ****  * Switch screen with animation
 124:d:\kzc\stm32\h743ii_lcd\lvgl\src/core\lv_disp.h ****  * @param scr pointer to the new screen to load
 125:d:\kzc\stm32\h743ii_lcd\lvgl\src/core\lv_disp.h ****  * @param anim_type type of the animation from `lv_scr_load_anim_t`, e.g. `LV_SCR_LOAD_ANIM_MOVE_LE
 126:d:\kzc\stm32\h743ii_lcd\lvgl\src/core\lv_disp.h ****  * @param time time of the animation
 127:d:\kzc\stm32\h743ii_lcd\lvgl\src/core\lv_disp.h ****  * @param delay delay before the transition
 128:d:\kzc\stm32\h743ii_lcd\lvgl\src/core\lv_disp.h ****  * @param auto_del true: automatically delete the old screen
 129:d:\kzc\stm32\h743ii_lcd\lvgl\src/core\lv_disp.h ****  */
 130:d:\kzc\stm32\h743ii_lcd\lvgl\src/core\lv_disp.h **** void lv_scr_load_anim(lv_obj_t * scr, lv_scr_load_anim_t anim_type, uint32_t time, uint32_t delay, 
 131:d:\kzc\stm32\h743ii_lcd\lvgl\src/core\lv_disp.h **** 
 132:d:\kzc\stm32\h743ii_lcd\lvgl\src/core\lv_disp.h **** /**
ARM GAS  C:\Users\OSD\AppData\Local\Temp\ccKVAULV.s 			page 6


 133:d:\kzc\stm32\h743ii_lcd\lvgl\src/core\lv_disp.h ****  * Get elapsed time since last user activity on a display (e.g. click)
 134:d:\kzc\stm32\h743ii_lcd\lvgl\src/core\lv_disp.h ****  * @param disp pointer to a display (NULL to get the overall smallest inactivity)
 135:d:\kzc\stm32\h743ii_lcd\lvgl\src/core\lv_disp.h ****  * @return elapsed ticks (milliseconds) since the last activity
 136:d:\kzc\stm32\h743ii_lcd\lvgl\src/core\lv_disp.h ****  */
 137:d:\kzc\stm32\h743ii_lcd\lvgl\src/core\lv_disp.h **** uint32_t lv_disp_get_inactive_time(const lv_disp_t * disp);
 138:d:\kzc\stm32\h743ii_lcd\lvgl\src/core\lv_disp.h **** 
 139:d:\kzc\stm32\h743ii_lcd\lvgl\src/core\lv_disp.h **** /**
 140:d:\kzc\stm32\h743ii_lcd\lvgl\src/core\lv_disp.h ****  * Manually trigger an activity on a display
 141:d:\kzc\stm32\h743ii_lcd\lvgl\src/core\lv_disp.h ****  * @param disp pointer to a display (NULL to use the default display)
 142:d:\kzc\stm32\h743ii_lcd\lvgl\src/core\lv_disp.h ****  */
 143:d:\kzc\stm32\h743ii_lcd\lvgl\src/core\lv_disp.h **** void lv_disp_trig_activity(lv_disp_t * disp);
 144:d:\kzc\stm32\h743ii_lcd\lvgl\src/core\lv_disp.h **** 
 145:d:\kzc\stm32\h743ii_lcd\lvgl\src/core\lv_disp.h **** /**
 146:d:\kzc\stm32\h743ii_lcd\lvgl\src/core\lv_disp.h ****  * Clean any CPU cache that is related to the display.
 147:d:\kzc\stm32\h743ii_lcd\lvgl\src/core\lv_disp.h ****  * @param disp pointer to a display (NULL to use the default display)
 148:d:\kzc\stm32\h743ii_lcd\lvgl\src/core\lv_disp.h ****  */
 149:d:\kzc\stm32\h743ii_lcd\lvgl\src/core\lv_disp.h **** void lv_disp_clean_dcache(lv_disp_t * disp);
 150:d:\kzc\stm32\h743ii_lcd\lvgl\src/core\lv_disp.h **** 
 151:d:\kzc\stm32\h743ii_lcd\lvgl\src/core\lv_disp.h **** /**
 152:d:\kzc\stm32\h743ii_lcd\lvgl\src/core\lv_disp.h ****  * Temporarily enable and disable the invalidation of the display.
 153:d:\kzc\stm32\h743ii_lcd\lvgl\src/core\lv_disp.h ****  * @param disp pointer to a display (NULL to use the default display)
 154:d:\kzc\stm32\h743ii_lcd\lvgl\src/core\lv_disp.h ****  * @param en true: enable invalidation; false: invalidation
 155:d:\kzc\stm32\h743ii_lcd\lvgl\src/core\lv_disp.h ****  */
 156:d:\kzc\stm32\h743ii_lcd\lvgl\src/core\lv_disp.h **** void lv_disp_enable_invalidation(lv_disp_t * disp, bool en);
 157:d:\kzc\stm32\h743ii_lcd\lvgl\src/core\lv_disp.h **** 
 158:d:\kzc\stm32\h743ii_lcd\lvgl\src/core\lv_disp.h **** /**
 159:d:\kzc\stm32\h743ii_lcd\lvgl\src/core\lv_disp.h ****  * Get display invalidation is enabled.
 160:d:\kzc\stm32\h743ii_lcd\lvgl\src/core\lv_disp.h ****  * @param disp pointer to a display (NULL to use the default display)
 161:d:\kzc\stm32\h743ii_lcd\lvgl\src/core\lv_disp.h ****  * @return return true if invalidation is enabled
 162:d:\kzc\stm32\h743ii_lcd\lvgl\src/core\lv_disp.h ****  */
 163:d:\kzc\stm32\h743ii_lcd\lvgl\src/core\lv_disp.h **** bool lv_disp_is_invalidation_enabled(lv_disp_t * disp);
 164:d:\kzc\stm32\h743ii_lcd\lvgl\src/core\lv_disp.h **** 
 165:d:\kzc\stm32\h743ii_lcd\lvgl\src/core\lv_disp.h **** /**
 166:d:\kzc\stm32\h743ii_lcd\lvgl\src/core\lv_disp.h ****  * Get a pointer to the screen refresher timer to
 167:d:\kzc\stm32\h743ii_lcd\lvgl\src/core\lv_disp.h ****  * modify its parameters with `lv_timer_...` functions.
 168:d:\kzc\stm32\h743ii_lcd\lvgl\src/core\lv_disp.h ****  * @param disp pointer to a display
 169:d:\kzc\stm32\h743ii_lcd\lvgl\src/core\lv_disp.h ****  * @return pointer to the display refresher timer. (NULL on error)
 170:d:\kzc\stm32\h743ii_lcd\lvgl\src/core\lv_disp.h ****  */
 171:d:\kzc\stm32\h743ii_lcd\lvgl\src/core\lv_disp.h **** lv_timer_t * _lv_disp_get_refr_timer(lv_disp_t * disp);
 172:d:\kzc\stm32\h743ii_lcd\lvgl\src/core\lv_disp.h **** 
 173:d:\kzc\stm32\h743ii_lcd\lvgl\src/core\lv_disp.h **** /*------------------------------------------------
 174:d:\kzc\stm32\h743ii_lcd\lvgl\src/core\lv_disp.h ****  * To improve backward compatibility
 175:d:\kzc\stm32\h743ii_lcd\lvgl\src/core\lv_disp.h ****  * Recommended only if you have one display
 176:d:\kzc\stm32\h743ii_lcd\lvgl\src/core\lv_disp.h ****  *------------------------------------------------*/
 177:d:\kzc\stm32\h743ii_lcd\lvgl\src/core\lv_disp.h **** 
 178:d:\kzc\stm32\h743ii_lcd\lvgl\src/core\lv_disp.h **** /**
 179:d:\kzc\stm32\h743ii_lcd\lvgl\src/core\lv_disp.h ****  * Get the active screen of the default display
 180:d:\kzc\stm32\h743ii_lcd\lvgl\src/core\lv_disp.h ****  * @return pointer to the active screen
 181:d:\kzc\stm32\h743ii_lcd\lvgl\src/core\lv_disp.h ****  */
 182:d:\kzc\stm32\h743ii_lcd\lvgl\src/core\lv_disp.h **** static inline lv_obj_t * lv_scr_act(void)
 123              		.loc 2 182 26 view .LVU21
 124              	.LBB10:
 183:d:\kzc\stm32\h743ii_lcd\lvgl\src/core\lv_disp.h **** {
 184:d:\kzc\stm32\h743ii_lcd\lvgl\src/core\lv_disp.h ****     return lv_disp_get_scr_act(lv_disp_get_default());
 125              		.loc 2 184 5 view .LVU22
 126              		.loc 2 184 12 is_stmt 0 view .LVU23
 127 0002 FFF7FEFF 		bl	lv_disp_get_default
ARM GAS  C:\Users\OSD\AppData\Local\Temp\ccKVAULV.s 			page 7


 128              	.LVL9:
 129 0006 FFF7FEFF 		bl	lv_disp_get_scr_act
 130              	.LVL10:
 131              	.LBE10:
 132              	.LBE9:
 133              		.loc 1 23 22 view .LVU24
 134 000a FFF7FEFF 		bl	lv_btn_create
 135              	.LVL11:
 136 000e 0446     		mov	r4, r0
 137              	.LVL12:
  24:lvgl/examples/get_started/lv_example_get_started_1.c ****     lv_obj_set_pos(btn, 10, 10);                            /*Set its position*/
 138              		.loc 1 24 5 is_stmt 1 view .LVU25
 139 0010 0A22     		movs	r2, #10
 140 0012 1146     		mov	r1, r2
 141 0014 FFF7FEFF 		bl	lv_obj_set_pos
 142              	.LVL13:
  25:lvgl/examples/get_started/lv_example_get_started_1.c ****     lv_obj_set_size(btn, 120, 50);                          /*Set its size*/
 143              		.loc 1 25 5 view .LVU26
 144 0018 3222     		movs	r2, #50
 145 001a 7821     		movs	r1, #120
 146 001c 2046     		mov	r0, r4
 147 001e FFF7FEFF 		bl	lv_obj_set_size
 148              	.LVL14:
  26:lvgl/examples/get_started/lv_example_get_started_1.c ****     lv_obj_add_event_cb(btn, btn_event_cb, LV_EVENT_ALL, NULL);           /*Assign a callback to th
 149              		.loc 1 26 5 view .LVU27
 150 0022 0023     		movs	r3, #0
 151 0024 1A46     		mov	r2, r3
 152 0026 0949     		ldr	r1, .L9
 153 0028 2046     		mov	r0, r4
 154 002a FFF7FEFF 		bl	lv_obj_add_event_cb
 155              	.LVL15:
  27:lvgl/examples/get_started/lv_example_get_started_1.c **** 
  28:lvgl/examples/get_started/lv_example_get_started_1.c ****     lv_obj_t * label = lv_label_create(btn);          /*Add a label to the button*/
 156              		.loc 1 28 5 view .LVU28
 157              		.loc 1 28 24 is_stmt 0 view .LVU29
 158 002e 2046     		mov	r0, r4
 159 0030 FFF7FEFF 		bl	lv_label_create
 160              	.LVL16:
 161 0034 0446     		mov	r4, r0
 162              	.LVL17:
  29:lvgl/examples/get_started/lv_example_get_started_1.c ****     lv_label_set_text(label, "Button");                     /*Set the labels text*/
 163              		.loc 1 29 5 is_stmt 1 view .LVU30
 164 0036 0649     		ldr	r1, .L9+4
 165 0038 FFF7FEFF 		bl	lv_label_set_text
 166              	.LVL18:
  30:lvgl/examples/get_started/lv_example_get_started_1.c ****     lv_obj_center(label);
 167              		.loc 1 30 5 view .LVU31
 168              	.LBB11:
 169              	.LBI11:
 170              		.file 3 "d:\\kzc\\stm32\\h743ii_lcd\\lvgl\\src\\core\\lv_obj_pos.h"
   1:d:\kzc\stm32\h743ii_lcd\lvgl\src/core\lv_obj_pos.h **** /**
   2:d:\kzc\stm32\h743ii_lcd\lvgl\src/core\lv_obj_pos.h ****  * @file lv_obj_pos.h
   3:d:\kzc\stm32\h743ii_lcd\lvgl\src/core\lv_obj_pos.h ****  *
   4:d:\kzc\stm32\h743ii_lcd\lvgl\src/core\lv_obj_pos.h ****  */
   5:d:\kzc\stm32\h743ii_lcd\lvgl\src/core\lv_obj_pos.h **** 
   6:d:\kzc\stm32\h743ii_lcd\lvgl\src/core\lv_obj_pos.h **** #ifndef LV_OBJ_POS_H
   7:d:\kzc\stm32\h743ii_lcd\lvgl\src/core\lv_obj_pos.h **** #define LV_OBJ_POS_H
ARM GAS  C:\Users\OSD\AppData\Local\Temp\ccKVAULV.s 			page 8


   8:d:\kzc\stm32\h743ii_lcd\lvgl\src/core\lv_obj_pos.h **** 
   9:d:\kzc\stm32\h743ii_lcd\lvgl\src/core\lv_obj_pos.h **** #ifdef __cplusplus
  10:d:\kzc\stm32\h743ii_lcd\lvgl\src/core\lv_obj_pos.h **** extern "C" {
  11:d:\kzc\stm32\h743ii_lcd\lvgl\src/core\lv_obj_pos.h **** #endif
  12:d:\kzc\stm32\h743ii_lcd\lvgl\src/core\lv_obj_pos.h **** 
  13:d:\kzc\stm32\h743ii_lcd\lvgl\src/core\lv_obj_pos.h **** /*********************
  14:d:\kzc\stm32\h743ii_lcd\lvgl\src/core\lv_obj_pos.h ****  *      INCLUDES
  15:d:\kzc\stm32\h743ii_lcd\lvgl\src/core\lv_obj_pos.h ****  *********************/
  16:d:\kzc\stm32\h743ii_lcd\lvgl\src/core\lv_obj_pos.h **** #include "../misc/lv_area.h"
  17:d:\kzc\stm32\h743ii_lcd\lvgl\src/core\lv_obj_pos.h **** 
  18:d:\kzc\stm32\h743ii_lcd\lvgl\src/core\lv_obj_pos.h **** /*********************
  19:d:\kzc\stm32\h743ii_lcd\lvgl\src/core\lv_obj_pos.h ****  *      DEFINES
  20:d:\kzc\stm32\h743ii_lcd\lvgl\src/core\lv_obj_pos.h ****  *********************/
  21:d:\kzc\stm32\h743ii_lcd\lvgl\src/core\lv_obj_pos.h **** 
  22:d:\kzc\stm32\h743ii_lcd\lvgl\src/core\lv_obj_pos.h **** /**********************
  23:d:\kzc\stm32\h743ii_lcd\lvgl\src/core\lv_obj_pos.h ****  *      TYPEDEFS
  24:d:\kzc\stm32\h743ii_lcd\lvgl\src/core\lv_obj_pos.h ****  **********************/
  25:d:\kzc\stm32\h743ii_lcd\lvgl\src/core\lv_obj_pos.h **** struct _lv_obj_t;
  26:d:\kzc\stm32\h743ii_lcd\lvgl\src/core\lv_obj_pos.h **** 
  27:d:\kzc\stm32\h743ii_lcd\lvgl\src/core\lv_obj_pos.h **** typedef void (*lv_layout_update_cb_t)(struct _lv_obj_t *, void * user_data);
  28:d:\kzc\stm32\h743ii_lcd\lvgl\src/core\lv_obj_pos.h **** typedef struct {
  29:d:\kzc\stm32\h743ii_lcd\lvgl\src/core\lv_obj_pos.h ****     lv_layout_update_cb_t cb;
  30:d:\kzc\stm32\h743ii_lcd\lvgl\src/core\lv_obj_pos.h ****     void * user_data;
  31:d:\kzc\stm32\h743ii_lcd\lvgl\src/core\lv_obj_pos.h **** } lv_layout_dsc_t;
  32:d:\kzc\stm32\h743ii_lcd\lvgl\src/core\lv_obj_pos.h **** 
  33:d:\kzc\stm32\h743ii_lcd\lvgl\src/core\lv_obj_pos.h **** /**********************
  34:d:\kzc\stm32\h743ii_lcd\lvgl\src/core\lv_obj_pos.h ****  * GLOBAL PROTOTYPES
  35:d:\kzc\stm32\h743ii_lcd\lvgl\src/core\lv_obj_pos.h ****  **********************/
  36:d:\kzc\stm32\h743ii_lcd\lvgl\src/core\lv_obj_pos.h **** 
  37:d:\kzc\stm32\h743ii_lcd\lvgl\src/core\lv_obj_pos.h **** /**
  38:d:\kzc\stm32\h743ii_lcd\lvgl\src/core\lv_obj_pos.h ****  * Set the position of an object relative to the set alignment.
  39:d:\kzc\stm32\h743ii_lcd\lvgl\src/core\lv_obj_pos.h ****  * @param obj       pointer to an object
  40:d:\kzc\stm32\h743ii_lcd\lvgl\src/core\lv_obj_pos.h ****  * @param x         new x coordinate
  41:d:\kzc\stm32\h743ii_lcd\lvgl\src/core\lv_obj_pos.h ****  * @param y         new y coordinate
  42:d:\kzc\stm32\h743ii_lcd\lvgl\src/core\lv_obj_pos.h ****  * @note            With default alignment it's the distance from the top left corner
  43:d:\kzc\stm32\h743ii_lcd\lvgl\src/core\lv_obj_pos.h ****  * @note            E.g. LV_ALIGN_CENTER alignment it's the offset from the center of the parent
  44:d:\kzc\stm32\h743ii_lcd\lvgl\src/core\lv_obj_pos.h ****  * @note            The position is interpreted on the content area of the parent
  45:d:\kzc\stm32\h743ii_lcd\lvgl\src/core\lv_obj_pos.h ****  * @note            The values can be set in pixel or in percentage of parent size with `lv_pct(v)`
  46:d:\kzc\stm32\h743ii_lcd\lvgl\src/core\lv_obj_pos.h ****  */
  47:d:\kzc\stm32\h743ii_lcd\lvgl\src/core\lv_obj_pos.h **** void lv_obj_set_pos(struct _lv_obj_t * obj, lv_coord_t x, lv_coord_t y);
  48:d:\kzc\stm32\h743ii_lcd\lvgl\src/core\lv_obj_pos.h **** 
  49:d:\kzc\stm32\h743ii_lcd\lvgl\src/core\lv_obj_pos.h **** /**
  50:d:\kzc\stm32\h743ii_lcd\lvgl\src/core\lv_obj_pos.h ****  * Set the x coordinate of an object
  51:d:\kzc\stm32\h743ii_lcd\lvgl\src/core\lv_obj_pos.h ****  * @param obj       pointer to an object
  52:d:\kzc\stm32\h743ii_lcd\lvgl\src/core\lv_obj_pos.h ****  * @param x         new x coordinate
  53:d:\kzc\stm32\h743ii_lcd\lvgl\src/core\lv_obj_pos.h ****  * @note            With default alignment it's the distance from the top left corner
  54:d:\kzc\stm32\h743ii_lcd\lvgl\src/core\lv_obj_pos.h ****  * @note            E.g. LV_ALIGN_CENTER alignment it's the offset from the center of the parent
  55:d:\kzc\stm32\h743ii_lcd\lvgl\src/core\lv_obj_pos.h ****  * @note            The position is interpreted on the content area of the parent
  56:d:\kzc\stm32\h743ii_lcd\lvgl\src/core\lv_obj_pos.h ****  * @note            The values can be set in pixel or in percentage of parent size with `lv_pct(v)`
  57:d:\kzc\stm32\h743ii_lcd\lvgl\src/core\lv_obj_pos.h ****  */
  58:d:\kzc\stm32\h743ii_lcd\lvgl\src/core\lv_obj_pos.h **** void lv_obj_set_x(struct _lv_obj_t * obj, lv_coord_t x);
  59:d:\kzc\stm32\h743ii_lcd\lvgl\src/core\lv_obj_pos.h **** 
  60:d:\kzc\stm32\h743ii_lcd\lvgl\src/core\lv_obj_pos.h **** /**
  61:d:\kzc\stm32\h743ii_lcd\lvgl\src/core\lv_obj_pos.h ****  * Set the y coordinate of an object
  62:d:\kzc\stm32\h743ii_lcd\lvgl\src/core\lv_obj_pos.h ****  * @param obj       pointer to an object
  63:d:\kzc\stm32\h743ii_lcd\lvgl\src/core\lv_obj_pos.h ****  * @param y         new y coordinate
  64:d:\kzc\stm32\h743ii_lcd\lvgl\src/core\lv_obj_pos.h ****  * @note            With default alignment it's the distance from the top left corner
ARM GAS  C:\Users\OSD\AppData\Local\Temp\ccKVAULV.s 			page 9


  65:d:\kzc\stm32\h743ii_lcd\lvgl\src/core\lv_obj_pos.h ****  * @note            E.g. LV_ALIGN_CENTER alignment it's the offset from the center of the parent
  66:d:\kzc\stm32\h743ii_lcd\lvgl\src/core\lv_obj_pos.h ****  * @note            The position is interpreted on the content area of the parent
  67:d:\kzc\stm32\h743ii_lcd\lvgl\src/core\lv_obj_pos.h ****  * @note            The values can be set in pixel or in percentage of parent size with `lv_pct(v)`
  68:d:\kzc\stm32\h743ii_lcd\lvgl\src/core\lv_obj_pos.h ****  */
  69:d:\kzc\stm32\h743ii_lcd\lvgl\src/core\lv_obj_pos.h **** void lv_obj_set_y(struct _lv_obj_t * obj, lv_coord_t y);
  70:d:\kzc\stm32\h743ii_lcd\lvgl\src/core\lv_obj_pos.h **** 
  71:d:\kzc\stm32\h743ii_lcd\lvgl\src/core\lv_obj_pos.h **** /**
  72:d:\kzc\stm32\h743ii_lcd\lvgl\src/core\lv_obj_pos.h ****  * Set the size of an object.
  73:d:\kzc\stm32\h743ii_lcd\lvgl\src/core\lv_obj_pos.h ****  * @param obj       pointer to an object
  74:d:\kzc\stm32\h743ii_lcd\lvgl\src/core\lv_obj_pos.h ****  * @param w         the new width
  75:d:\kzc\stm32\h743ii_lcd\lvgl\src/core\lv_obj_pos.h ****  * @param h         the new height
  76:d:\kzc\stm32\h743ii_lcd\lvgl\src/core\lv_obj_pos.h ****  * @note            possible values are:
  77:d:\kzc\stm32\h743ii_lcd\lvgl\src/core\lv_obj_pos.h ****  *                  pixel               simple set the size accordingly
  78:d:\kzc\stm32\h743ii_lcd\lvgl\src/core\lv_obj_pos.h ****  *                  LV_SIZE_CONTENT     set the size to involve all children in the given direction
  79:d:\kzc\stm32\h743ii_lcd\lvgl\src/core\lv_obj_pos.h ****  *                  LV_SIZE_PCT(x)     to set size in percentage of the parent's content area size 
  80:d:\kzc\stm32\h743ii_lcd\lvgl\src/core\lv_obj_pos.h ****  *                                      x should be in [0..1000]% range
  81:d:\kzc\stm32\h743ii_lcd\lvgl\src/core\lv_obj_pos.h ****  */
  82:d:\kzc\stm32\h743ii_lcd\lvgl\src/core\lv_obj_pos.h **** void lv_obj_set_size(struct _lv_obj_t * obj, lv_coord_t w, lv_coord_t h);
  83:d:\kzc\stm32\h743ii_lcd\lvgl\src/core\lv_obj_pos.h **** 
  84:d:\kzc\stm32\h743ii_lcd\lvgl\src/core\lv_obj_pos.h **** /**
  85:d:\kzc\stm32\h743ii_lcd\lvgl\src/core\lv_obj_pos.h ****  * Recalculate the size of the object
  86:d:\kzc\stm32\h743ii_lcd\lvgl\src/core\lv_obj_pos.h ****  * @param obj       pointer to an object
  87:d:\kzc\stm32\h743ii_lcd\lvgl\src/core\lv_obj_pos.h ****  * @return          true: the size has been changed
  88:d:\kzc\stm32\h743ii_lcd\lvgl\src/core\lv_obj_pos.h ****  */
  89:d:\kzc\stm32\h743ii_lcd\lvgl\src/core\lv_obj_pos.h **** bool lv_obj_refr_size(struct _lv_obj_t * obj);
  90:d:\kzc\stm32\h743ii_lcd\lvgl\src/core\lv_obj_pos.h **** 
  91:d:\kzc\stm32\h743ii_lcd\lvgl\src/core\lv_obj_pos.h **** /**
  92:d:\kzc\stm32\h743ii_lcd\lvgl\src/core\lv_obj_pos.h ****  * Set the width of an object
  93:d:\kzc\stm32\h743ii_lcd\lvgl\src/core\lv_obj_pos.h ****  * @param obj       pointer to an object
  94:d:\kzc\stm32\h743ii_lcd\lvgl\src/core\lv_obj_pos.h ****  * @param w         the new width
  95:d:\kzc\stm32\h743ii_lcd\lvgl\src/core\lv_obj_pos.h ****  * @note            possible values are:
  96:d:\kzc\stm32\h743ii_lcd\lvgl\src/core\lv_obj_pos.h ****  *                  pixel               simple set the size accordingly
  97:d:\kzc\stm32\h743ii_lcd\lvgl\src/core\lv_obj_pos.h ****  *                  LV_SIZE_CONTENT     set the size to involve all children in the given direction
  98:d:\kzc\stm32\h743ii_lcd\lvgl\src/core\lv_obj_pos.h ****  *                  lv_pct(x)           to set size in percentage of the parent's content area size
  99:d:\kzc\stm32\h743ii_lcd\lvgl\src/core\lv_obj_pos.h ****  *                                      x should be in [0..1000]% range
 100:d:\kzc\stm32\h743ii_lcd\lvgl\src/core\lv_obj_pos.h ****  */
 101:d:\kzc\stm32\h743ii_lcd\lvgl\src/core\lv_obj_pos.h **** void lv_obj_set_width(struct _lv_obj_t * obj, lv_coord_t w);
 102:d:\kzc\stm32\h743ii_lcd\lvgl\src/core\lv_obj_pos.h **** 
 103:d:\kzc\stm32\h743ii_lcd\lvgl\src/core\lv_obj_pos.h **** /**
 104:d:\kzc\stm32\h743ii_lcd\lvgl\src/core\lv_obj_pos.h ****  * Set the height of an object
 105:d:\kzc\stm32\h743ii_lcd\lvgl\src/core\lv_obj_pos.h ****  * @param obj       pointer to an object
 106:d:\kzc\stm32\h743ii_lcd\lvgl\src/core\lv_obj_pos.h ****  * @param h         the new height
 107:d:\kzc\stm32\h743ii_lcd\lvgl\src/core\lv_obj_pos.h ****  * @note            possible values are:
 108:d:\kzc\stm32\h743ii_lcd\lvgl\src/core\lv_obj_pos.h ****  *                  pixel               simple set the size accordingly
 109:d:\kzc\stm32\h743ii_lcd\lvgl\src/core\lv_obj_pos.h ****  *                  LV_SIZE_CONTENT     set the size to involve all children in the given direction
 110:d:\kzc\stm32\h743ii_lcd\lvgl\src/core\lv_obj_pos.h ****  *                  lv_pct(x)           to set size in percentage of the parent's content area size
 111:d:\kzc\stm32\h743ii_lcd\lvgl\src/core\lv_obj_pos.h ****  *                                      x should be in [0..1000]% range
 112:d:\kzc\stm32\h743ii_lcd\lvgl\src/core\lv_obj_pos.h ****  */
 113:d:\kzc\stm32\h743ii_lcd\lvgl\src/core\lv_obj_pos.h **** void lv_obj_set_height(struct _lv_obj_t * obj, lv_coord_t h);
 114:d:\kzc\stm32\h743ii_lcd\lvgl\src/core\lv_obj_pos.h **** 
 115:d:\kzc\stm32\h743ii_lcd\lvgl\src/core\lv_obj_pos.h **** /**
 116:d:\kzc\stm32\h743ii_lcd\lvgl\src/core\lv_obj_pos.h ****  * Set the width reduced by the left and right padding and the border width.
 117:d:\kzc\stm32\h743ii_lcd\lvgl\src/core\lv_obj_pos.h ****  * @param obj       pointer to an object
 118:d:\kzc\stm32\h743ii_lcd\lvgl\src/core\lv_obj_pos.h ****  * @param w         the width without paddings in pixels
 119:d:\kzc\stm32\h743ii_lcd\lvgl\src/core\lv_obj_pos.h ****  */
 120:d:\kzc\stm32\h743ii_lcd\lvgl\src/core\lv_obj_pos.h **** void lv_obj_set_content_width(struct _lv_obj_t * obj, lv_coord_t w);
 121:d:\kzc\stm32\h743ii_lcd\lvgl\src/core\lv_obj_pos.h **** 
ARM GAS  C:\Users\OSD\AppData\Local\Temp\ccKVAULV.s 			page 10


 122:d:\kzc\stm32\h743ii_lcd\lvgl\src/core\lv_obj_pos.h **** /**
 123:d:\kzc\stm32\h743ii_lcd\lvgl\src/core\lv_obj_pos.h ****  * Set the height reduced by the top and bottom padding and the border width.
 124:d:\kzc\stm32\h743ii_lcd\lvgl\src/core\lv_obj_pos.h ****  * @param obj       pointer to an object
 125:d:\kzc\stm32\h743ii_lcd\lvgl\src/core\lv_obj_pos.h ****  * @param h         the height without paddings in pixels
 126:d:\kzc\stm32\h743ii_lcd\lvgl\src/core\lv_obj_pos.h ****  */
 127:d:\kzc\stm32\h743ii_lcd\lvgl\src/core\lv_obj_pos.h **** void lv_obj_set_content_height(struct _lv_obj_t * obj, lv_coord_t h);
 128:d:\kzc\stm32\h743ii_lcd\lvgl\src/core\lv_obj_pos.h **** 
 129:d:\kzc\stm32\h743ii_lcd\lvgl\src/core\lv_obj_pos.h **** /**
 130:d:\kzc\stm32\h743ii_lcd\lvgl\src/core\lv_obj_pos.h ****  * Set a layout for an object
 131:d:\kzc\stm32\h743ii_lcd\lvgl\src/core\lv_obj_pos.h ****  * @param obj       pointer to an object
 132:d:\kzc\stm32\h743ii_lcd\lvgl\src/core\lv_obj_pos.h ****  * @param layout    pointer to a layout descriptor to set
 133:d:\kzc\stm32\h743ii_lcd\lvgl\src/core\lv_obj_pos.h ****  */
 134:d:\kzc\stm32\h743ii_lcd\lvgl\src/core\lv_obj_pos.h **** void lv_obj_set_layout(struct _lv_obj_t * obj, uint32_t layout);
 135:d:\kzc\stm32\h743ii_lcd\lvgl\src/core\lv_obj_pos.h **** 
 136:d:\kzc\stm32\h743ii_lcd\lvgl\src/core\lv_obj_pos.h **** /**
 137:d:\kzc\stm32\h743ii_lcd\lvgl\src/core\lv_obj_pos.h ****  * Test whether the and object is positioned by a layout or not
 138:d:\kzc\stm32\h743ii_lcd\lvgl\src/core\lv_obj_pos.h ****  * @param obj       pointer to an object to test
 139:d:\kzc\stm32\h743ii_lcd\lvgl\src/core\lv_obj_pos.h ****  * @return true:    positioned by a layout; false: not positioned by a layout
 140:d:\kzc\stm32\h743ii_lcd\lvgl\src/core\lv_obj_pos.h ****  */
 141:d:\kzc\stm32\h743ii_lcd\lvgl\src/core\lv_obj_pos.h **** bool lv_obj_is_layout_positioned(const struct _lv_obj_t * obj);
 142:d:\kzc\stm32\h743ii_lcd\lvgl\src/core\lv_obj_pos.h **** 
 143:d:\kzc\stm32\h743ii_lcd\lvgl\src/core\lv_obj_pos.h **** /**
 144:d:\kzc\stm32\h743ii_lcd\lvgl\src/core\lv_obj_pos.h ****  * Mark the object for layout update.
 145:d:\kzc\stm32\h743ii_lcd\lvgl\src/core\lv_obj_pos.h ****  * @param obj      pointer to an object whose children needs to be updated
 146:d:\kzc\stm32\h743ii_lcd\lvgl\src/core\lv_obj_pos.h ****  */
 147:d:\kzc\stm32\h743ii_lcd\lvgl\src/core\lv_obj_pos.h **** void lv_obj_mark_layout_as_dirty(struct _lv_obj_t * obj);
 148:d:\kzc\stm32\h743ii_lcd\lvgl\src/core\lv_obj_pos.h **** 
 149:d:\kzc\stm32\h743ii_lcd\lvgl\src/core\lv_obj_pos.h **** /**
 150:d:\kzc\stm32\h743ii_lcd\lvgl\src/core\lv_obj_pos.h ****  * Update the layout of an object.
 151:d:\kzc\stm32\h743ii_lcd\lvgl\src/core\lv_obj_pos.h ****  * @param obj      pointer to an object whose children needs to be updated
 152:d:\kzc\stm32\h743ii_lcd\lvgl\src/core\lv_obj_pos.h ****  */
 153:d:\kzc\stm32\h743ii_lcd\lvgl\src/core\lv_obj_pos.h **** void lv_obj_update_layout(const struct _lv_obj_t * obj);
 154:d:\kzc\stm32\h743ii_lcd\lvgl\src/core\lv_obj_pos.h **** 
 155:d:\kzc\stm32\h743ii_lcd\lvgl\src/core\lv_obj_pos.h **** /**
 156:d:\kzc\stm32\h743ii_lcd\lvgl\src/core\lv_obj_pos.h ****  * Register a new layout
 157:d:\kzc\stm32\h743ii_lcd\lvgl\src/core\lv_obj_pos.h ****  * @param cb        the layout update callback
 158:d:\kzc\stm32\h743ii_lcd\lvgl\src/core\lv_obj_pos.h ****  * @param user_data custom data that will be passed to `cb`
 159:d:\kzc\stm32\h743ii_lcd\lvgl\src/core\lv_obj_pos.h ****  * @return          the ID of the new layout
 160:d:\kzc\stm32\h743ii_lcd\lvgl\src/core\lv_obj_pos.h ****  */
 161:d:\kzc\stm32\h743ii_lcd\lvgl\src/core\lv_obj_pos.h **** uint32_t lv_layout_register(lv_layout_update_cb_t cb, void * user_data);
 162:d:\kzc\stm32\h743ii_lcd\lvgl\src/core\lv_obj_pos.h **** 
 163:d:\kzc\stm32\h743ii_lcd\lvgl\src/core\lv_obj_pos.h **** /**
 164:d:\kzc\stm32\h743ii_lcd\lvgl\src/core\lv_obj_pos.h ****  * Change the alignment of an object.
 165:d:\kzc\stm32\h743ii_lcd\lvgl\src/core\lv_obj_pos.h ****  * @param obj       pointer to an object to align
 166:d:\kzc\stm32\h743ii_lcd\lvgl\src/core\lv_obj_pos.h ****  * @param align     type of alignment (see 'lv_align_t' enum) `LV_ALIGN_OUT_...` can't be used.
 167:d:\kzc\stm32\h743ii_lcd\lvgl\src/core\lv_obj_pos.h ****  */
 168:d:\kzc\stm32\h743ii_lcd\lvgl\src/core\lv_obj_pos.h **** void lv_obj_set_align(struct _lv_obj_t * obj, lv_align_t align);
 169:d:\kzc\stm32\h743ii_lcd\lvgl\src/core\lv_obj_pos.h **** 
 170:d:\kzc\stm32\h743ii_lcd\lvgl\src/core\lv_obj_pos.h **** /**
 171:d:\kzc\stm32\h743ii_lcd\lvgl\src/core\lv_obj_pos.h ****  * Change the alignment of an object and set new coordinates.
 172:d:\kzc\stm32\h743ii_lcd\lvgl\src/core\lv_obj_pos.h ****  * Equivalent to:
 173:d:\kzc\stm32\h743ii_lcd\lvgl\src/core\lv_obj_pos.h ****  * lv_obj_set_align(obj, align);
 174:d:\kzc\stm32\h743ii_lcd\lvgl\src/core\lv_obj_pos.h ****  * lv_obj_set_pos(obj, x_ofs, y_ofs);
 175:d:\kzc\stm32\h743ii_lcd\lvgl\src/core\lv_obj_pos.h ****  * @param obj       pointer to an object to align
 176:d:\kzc\stm32\h743ii_lcd\lvgl\src/core\lv_obj_pos.h ****  * @param align     type of alignment (see 'lv_align_t' enum) `LV_ALIGN_OUT_...` can't be used.
 177:d:\kzc\stm32\h743ii_lcd\lvgl\src/core\lv_obj_pos.h ****  * @param x_ofs     x coordinate offset after alignment
 178:d:\kzc\stm32\h743ii_lcd\lvgl\src/core\lv_obj_pos.h ****  * @param y_ofs     y coordinate offset after alignment
ARM GAS  C:\Users\OSD\AppData\Local\Temp\ccKVAULV.s 			page 11


 179:d:\kzc\stm32\h743ii_lcd\lvgl\src/core\lv_obj_pos.h ****  */
 180:d:\kzc\stm32\h743ii_lcd\lvgl\src/core\lv_obj_pos.h **** void lv_obj_align(struct _lv_obj_t * obj, lv_align_t align, lv_coord_t x_ofs, lv_coord_t y_ofs);
 181:d:\kzc\stm32\h743ii_lcd\lvgl\src/core\lv_obj_pos.h **** 
 182:d:\kzc\stm32\h743ii_lcd\lvgl\src/core\lv_obj_pos.h **** /**
 183:d:\kzc\stm32\h743ii_lcd\lvgl\src/core\lv_obj_pos.h ****  * Align an object to an other object.
 184:d:\kzc\stm32\h743ii_lcd\lvgl\src/core\lv_obj_pos.h ****  * @param obj       pointer to an object to align
 185:d:\kzc\stm32\h743ii_lcd\lvgl\src/core\lv_obj_pos.h ****  * @param base      pointer to an other object (if NULL `obj`s parent is used). 'obj' will be align
 186:d:\kzc\stm32\h743ii_lcd\lvgl\src/core\lv_obj_pos.h ****  * @param align     type of alignment (see 'lv_align_t' enum)
 187:d:\kzc\stm32\h743ii_lcd\lvgl\src/core\lv_obj_pos.h ****  * @param x_ofs     x coordinate offset after alignment
 188:d:\kzc\stm32\h743ii_lcd\lvgl\src/core\lv_obj_pos.h ****  * @param y_ofs     y coordinate offset after alignment
 189:d:\kzc\stm32\h743ii_lcd\lvgl\src/core\lv_obj_pos.h ****  * @note            if the position or size of `base` changes `obj` needs to be aligned manually ag
 190:d:\kzc\stm32\h743ii_lcd\lvgl\src/core\lv_obj_pos.h ****  */
 191:d:\kzc\stm32\h743ii_lcd\lvgl\src/core\lv_obj_pos.h **** void lv_obj_align_to(struct _lv_obj_t * obj, const struct _lv_obj_t * base, lv_align_t align, lv_co
 192:d:\kzc\stm32\h743ii_lcd\lvgl\src/core\lv_obj_pos.h ****                      lv_coord_t y_ofs);
 193:d:\kzc\stm32\h743ii_lcd\lvgl\src/core\lv_obj_pos.h **** 
 194:d:\kzc\stm32\h743ii_lcd\lvgl\src/core\lv_obj_pos.h **** /**
 195:d:\kzc\stm32\h743ii_lcd\lvgl\src/core\lv_obj_pos.h ****  * Align an object to the center on its parent.
 196:d:\kzc\stm32\h743ii_lcd\lvgl\src/core\lv_obj_pos.h ****  * @param obj       pointer to an object to align
 197:d:\kzc\stm32\h743ii_lcd\lvgl\src/core\lv_obj_pos.h ****  * @note            if the parent size changes `obj` needs to be aligned manually again
 198:d:\kzc\stm32\h743ii_lcd\lvgl\src/core\lv_obj_pos.h ****  */
 199:d:\kzc\stm32\h743ii_lcd\lvgl\src/core\lv_obj_pos.h **** static inline void lv_obj_center(struct _lv_obj_t * obj)
 171              		.loc 3 199 20 view .LVU32
 172              	.LBB12:
 200:d:\kzc\stm32\h743ii_lcd\lvgl\src/core\lv_obj_pos.h **** {
 201:d:\kzc\stm32\h743ii_lcd\lvgl\src/core\lv_obj_pos.h ****     lv_obj_align(obj, LV_ALIGN_CENTER, 0, 0);
 173              		.loc 3 201 5 view .LVU33
 174 003c 0023     		movs	r3, #0
 175 003e 1A46     		mov	r2, r3
 176 0040 0921     		movs	r1, #9
 177 0042 2046     		mov	r0, r4
 178 0044 FFF7FEFF 		bl	lv_obj_align
 179              	.LVL19:
 180              		.loc 3 201 5 is_stmt 0 view .LVU34
 181              	.LBE12:
 182              	.LBE11:
  31:lvgl/examples/get_started/lv_example_get_started_1.c **** }
 183              		.loc 1 31 1 view .LVU35
 184 0048 10BD     		pop	{r4, pc}
 185              	.LVL20:
 186              	.L10:
 187              		.loc 1 31 1 view .LVU36
 188 004a 00BF     		.align	2
 189              	.L9:
 190 004c 00000000 		.word	btn_event_cb
 191 0050 00000000 		.word	.LC1
 192              		.cfi_endproc
 193              	.LFE205:
 195              		.section	.bss.cnt.0,"aw",%nobits
 196              		.set	.LANCHOR0,. + 0
 199              	cnt.0:
 200 0000 00       		.space	1
 201              		.text
 202              	.Letext0:
 203              		.file 4 "c:\\tools\\gcc-arm-none-eabi\\arm-none-eabi\\include\\machine\\_default_types.h"
 204              		.file 5 "c:\\tools\\gcc-arm-none-eabi\\arm-none-eabi\\include\\sys\\_stdint.h"
 205              		.file 6 "d:\\kzc\\stm32\\h743ii_lcd\\lvgl\\src\\misc\\lv_area.h"
 206              		.file 7 "d:\\kzc\\stm32\\h743ii_lcd\\lvgl\\src\\misc\\lv_color.h"
ARM GAS  C:\Users\OSD\AppData\Local\Temp\ccKVAULV.s 			page 12


 207              		.file 8 "d:\\kzc\\stm32\\h743ii_lcd\\lvgl\\src\\misc\\lv_style.h"
 208              		.file 9 "d:\\kzc\\stm32\\h743ii_lcd\\lvgl\\src/core/lv_obj.h"
 209              		.file 10 "d:\\kzc\\stm32\\h743ii_lcd\\lvgl\\src\\misc\\lv_ll.h"
 210              		.file 11 "d:\\kzc\\stm32\\h743ii_lcd\\lvgl\\src/core/lv_group.h"
 211              		.file 12 "d:\\kzc\\stm32\\h743ii_lcd\\lvgl\\src/core/lv_obj_scroll.h"
 212              		.file 13 "d:\\kzc\\stm32\\h743ii_lcd\\lvgl\\src/core/lv_obj_style.h"
 213              		.file 14 "d:\\kzc\\stm32\\h743ii_lcd\\lvgl\\src/core/lv_obj_class.h"
 214              		.file 15 "d:\\kzc\\stm32\\h743ii_lcd\\lvgl\\src/core/lv_event.h"
 215              		.file 16 "d:\\kzc\\stm32\\h743ii_lcd\\lvgl\\src/hal/lv_hal_disp.h"
 216              		.file 17 "d:\\kzc\\stm32\\h743ii_lcd\\lvgl\\src/widgets/lv_btn.h"
 217              		.file 18 "d:\\kzc\\stm32\\h743ii_lcd\\lvgl\\src/widgets/lv_label.h"
 218              		.file 19 "d:\\kzc\\stm32\\h743ii_lcd\\lvgl\\src/core/lv_obj_tree.h"
ARM GAS  C:\Users\OSD\AppData\Local\Temp\ccKVAULV.s 			page 13


DEFINED SYMBOLS
                            *ABS*:00000000 lv_example_get_started_1.c
C:\Users\OSD\AppData\Local\Temp\ccKVAULV.s:19     .rodata.btn_event_cb.str1.4:00000000 $d
C:\Users\OSD\AppData\Local\Temp\ccKVAULV.s:23     .text.btn_event_cb:00000000 $t
C:\Users\OSD\AppData\Local\Temp\ccKVAULV.s:28     .text.btn_event_cb:00000000 btn_event_cb
C:\Users\OSD\AppData\Local\Temp\ccKVAULV.s:93     .text.btn_event_cb:00000030 $d
C:\Users\OSD\AppData\Local\Temp\ccKVAULV.s:99     .rodata.lv_example_get_started_1.str1.4:00000000 $d
C:\Users\OSD\AppData\Local\Temp\ccKVAULV.s:103    .text.lv_example_get_started_1:00000000 $t
C:\Users\OSD\AppData\Local\Temp\ccKVAULV.s:109    .text.lv_example_get_started_1:00000000 lv_example_get_started_1
C:\Users\OSD\AppData\Local\Temp\ccKVAULV.s:190    .text.lv_example_get_started_1:0000004c $d
C:\Users\OSD\AppData\Local\Temp\ccKVAULV.s:199    .bss.cnt.0:00000000 cnt.0
C:\Users\OSD\AppData\Local\Temp\ccKVAULV.s:200    .bss.cnt.0:00000000 $d

UNDEFINED SYMBOLS
lv_event_get_code
lv_event_get_target
lv_obj_get_child
lv_label_set_text_fmt
lv_disp_get_default
lv_disp_get_scr_act
lv_btn_create
lv_obj_set_pos
lv_obj_set_size
lv_obj_add_event_cb
lv_label_create
lv_label_set_text
lv_obj_align
