ARM GAS  C:\Users\OSD\AppData\Local\Temp\ccpTO0Re.s 			page 1


   1              		.cpu cortex-m7
   2              		.arch armv7e-m
   3              		.fpu fpv5-d16
   4              		.eabi_attribute 28, 1
   5              		.eabi_attribute 20, 1
   6              		.eabi_attribute 21, 1
   7              		.eabi_attribute 23, 3
   8              		.eabi_attribute 24, 1
   9              		.eabi_attribute 25, 1
  10              		.eabi_attribute 26, 1
  11              		.eabi_attribute 30, 1
  12              		.eabi_attribute 34, 1
  13              		.eabi_attribute 18, 4
  14              		.file	"lv_example_style_6.c"
  15              		.text
  16              	.Ltext0:
  17              		.cfi_sections	.debug_frame
  18              		.section	.text.lv_example_style_6,"ax",%progbits
  19              		.align	1
  20              		.global	lv_example_style_6
  21              		.syntax unified
  22              		.thumb
  23              		.thumb_func
  25              	lv_example_style_6:
  26              	.LFB204:
  27              		.file 1 "lvgl/examples/styles/lv_example_style_6.c"
   1:lvgl/examples/styles/lv_example_style_6.c **** #include "../lv_examples.h"
   2:lvgl/examples/styles/lv_example_style_6.c **** #if LV_BUILD_EXAMPLES && LV_USE_IMG
   3:lvgl/examples/styles/lv_example_style_6.c **** 
   4:lvgl/examples/styles/lv_example_style_6.c **** /**
   5:lvgl/examples/styles/lv_example_style_6.c ****  * Using the Image style properties
   6:lvgl/examples/styles/lv_example_style_6.c ****  */
   7:lvgl/examples/styles/lv_example_style_6.c **** void lv_example_style_6(void)
   8:lvgl/examples/styles/lv_example_style_6.c **** {
  28              		.loc 1 8 1 view -0
  29              		.cfi_startproc
  30              		@ args = 0, pretend = 0, frame = 0
  31              		@ frame_needed = 0, uses_anonymous_args = 0
  32 0000 38B5     		push	{r3, r4, r5, lr}
  33              		.cfi_def_cfa_offset 16
  34              		.cfi_offset 3, -16
  35              		.cfi_offset 4, -12
  36              		.cfi_offset 5, -8
  37              		.cfi_offset 14, -4
   9:lvgl/examples/styles/lv_example_style_6.c ****     static lv_style_t style;
  38              		.loc 1 9 5 view .LVU1
  10:lvgl/examples/styles/lv_example_style_6.c ****     lv_style_init(&style);
  39              		.loc 1 10 5 view .LVU2
  40 0002 224C     		ldr	r4, .L3
  41 0004 2046     		mov	r0, r4
  42 0006 FFF7FEFF 		bl	lv_style_init
  43              	.LVL0:
  11:lvgl/examples/styles/lv_example_style_6.c **** 
  12:lvgl/examples/styles/lv_example_style_6.c ****     /*Set a background color and a radius*/
  13:lvgl/examples/styles/lv_example_style_6.c ****     lv_style_set_radius(&style, 5);
  44              		.loc 1 13 5 view .LVU3
  45 000a 0521     		movs	r1, #5
ARM GAS  C:\Users\OSD\AppData\Local\Temp\ccpTO0Re.s 			page 2


  46 000c 2046     		mov	r0, r4
  47 000e FFF7FEFF 		bl	lv_style_set_radius
  48              	.LVL1:
  14:lvgl/examples/styles/lv_example_style_6.c ****     lv_style_set_bg_opa(&style, LV_OPA_COVER);
  49              		.loc 1 14 5 view .LVU4
  50 0012 FF21     		movs	r1, #255
  51 0014 2046     		mov	r0, r4
  52 0016 FFF7FEFF 		bl	lv_style_set_bg_opa
  53              	.LVL2:
  15:lvgl/examples/styles/lv_example_style_6.c ****     lv_style_set_bg_color(&style, lv_palette_lighten(LV_PALETTE_GREY, 3));
  54              		.loc 1 15 5 view .LVU5
  55 001a 0321     		movs	r1, #3
  56 001c 1220     		movs	r0, #18
  57 001e FFF7FEFF 		bl	lv_palette_lighten
  58              	.LVL3:
  59 0022 0146     		mov	r1, r0
  60 0024 2046     		mov	r0, r4
  61 0026 FFF7FEFF 		bl	lv_style_set_bg_color
  62              	.LVL4:
  16:lvgl/examples/styles/lv_example_style_6.c ****     lv_style_set_border_width(&style, 2);
  63              		.loc 1 16 5 view .LVU6
  64 002a 0221     		movs	r1, #2
  65 002c 2046     		mov	r0, r4
  66 002e FFF7FEFF 		bl	lv_style_set_border_width
  67              	.LVL5:
  17:lvgl/examples/styles/lv_example_style_6.c ****     lv_style_set_border_color(&style, lv_palette_main(LV_PALETTE_BLUE));
  68              		.loc 1 17 5 view .LVU7
  69 0032 0520     		movs	r0, #5
  70 0034 FFF7FEFF 		bl	lv_palette_main
  71              	.LVL6:
  72 0038 0146     		mov	r1, r0
  73 003a 2046     		mov	r0, r4
  74 003c FFF7FEFF 		bl	lv_style_set_border_color
  75              	.LVL7:
  18:lvgl/examples/styles/lv_example_style_6.c **** 
  19:lvgl/examples/styles/lv_example_style_6.c ****     lv_style_set_img_recolor(&style, lv_palette_main(LV_PALETTE_BLUE));
  76              		.loc 1 19 5 view .LVU8
  77 0040 0520     		movs	r0, #5
  78 0042 FFF7FEFF 		bl	lv_palette_main
  79              	.LVL8:
  80 0046 0146     		mov	r1, r0
  81 0048 2046     		mov	r0, r4
  82 004a FFF7FEFF 		bl	lv_style_set_img_recolor
  83              	.LVL9:
  20:lvgl/examples/styles/lv_example_style_6.c ****     lv_style_set_img_recolor_opa(&style, LV_OPA_50);
  84              		.loc 1 20 5 view .LVU9
  85 004e 7F21     		movs	r1, #127
  86 0050 2046     		mov	r0, r4
  87 0052 FFF7FEFF 		bl	lv_style_set_img_recolor_opa
  88              	.LVL10:
  21:lvgl/examples/styles/lv_example_style_6.c ****     lv_style_set_transform_angle(&style, 300);
  89              		.loc 1 21 5 view .LVU10
  90 0056 4FF49671 		mov	r1, #300
  91 005a 2046     		mov	r0, r4
  92 005c FFF7FEFF 		bl	lv_style_set_transform_angle
  93              	.LVL11:
  22:lvgl/examples/styles/lv_example_style_6.c **** 
ARM GAS  C:\Users\OSD\AppData\Local\Temp\ccpTO0Re.s 			page 3


  23:lvgl/examples/styles/lv_example_style_6.c ****     /*Create an object with the new style*/
  24:lvgl/examples/styles/lv_example_style_6.c ****     lv_obj_t * obj = lv_img_create(lv_scr_act());
  94              		.loc 1 24 5 view .LVU11
  95              	.LBB8:
  96              	.LBI8:
  97              		.file 2 "lvgl/examples/styles/../../src/core/lv_disp.h"
   1:lvgl/examples/styles/../../src/core/lv_disp.h **** /**
   2:lvgl/examples/styles/../../src/core/lv_disp.h ****  * @file lv_disp.h
   3:lvgl/examples/styles/../../src/core/lv_disp.h ****  *
   4:lvgl/examples/styles/../../src/core/lv_disp.h ****  */
   5:lvgl/examples/styles/../../src/core/lv_disp.h **** 
   6:lvgl/examples/styles/../../src/core/lv_disp.h **** #ifndef LV_DISP_H
   7:lvgl/examples/styles/../../src/core/lv_disp.h **** #define LV_DISP_H
   8:lvgl/examples/styles/../../src/core/lv_disp.h **** 
   9:lvgl/examples/styles/../../src/core/lv_disp.h **** #ifdef __cplusplus
  10:lvgl/examples/styles/../../src/core/lv_disp.h **** extern "C" {
  11:lvgl/examples/styles/../../src/core/lv_disp.h **** #endif
  12:lvgl/examples/styles/../../src/core/lv_disp.h **** 
  13:lvgl/examples/styles/../../src/core/lv_disp.h **** /*********************
  14:lvgl/examples/styles/../../src/core/lv_disp.h ****  *      INCLUDES
  15:lvgl/examples/styles/../../src/core/lv_disp.h ****  *********************/
  16:lvgl/examples/styles/../../src/core/lv_disp.h **** #include "../hal/lv_hal.h"
  17:lvgl/examples/styles/../../src/core/lv_disp.h **** #include "lv_obj.h"
  18:lvgl/examples/styles/../../src/core/lv_disp.h **** #include "lv_theme.h"
  19:lvgl/examples/styles/../../src/core/lv_disp.h **** 
  20:lvgl/examples/styles/../../src/core/lv_disp.h **** /*********************
  21:lvgl/examples/styles/../../src/core/lv_disp.h ****  *      DEFINES
  22:lvgl/examples/styles/../../src/core/lv_disp.h ****  *********************/
  23:lvgl/examples/styles/../../src/core/lv_disp.h **** 
  24:lvgl/examples/styles/../../src/core/lv_disp.h **** /**********************
  25:lvgl/examples/styles/../../src/core/lv_disp.h ****  *      TYPEDEFS
  26:lvgl/examples/styles/../../src/core/lv_disp.h ****  **********************/
  27:lvgl/examples/styles/../../src/core/lv_disp.h **** 
  28:lvgl/examples/styles/../../src/core/lv_disp.h **** typedef enum {
  29:lvgl/examples/styles/../../src/core/lv_disp.h ****     LV_SCR_LOAD_ANIM_NONE,
  30:lvgl/examples/styles/../../src/core/lv_disp.h ****     LV_SCR_LOAD_ANIM_OVER_LEFT,
  31:lvgl/examples/styles/../../src/core/lv_disp.h ****     LV_SCR_LOAD_ANIM_OVER_RIGHT,
  32:lvgl/examples/styles/../../src/core/lv_disp.h ****     LV_SCR_LOAD_ANIM_OVER_TOP,
  33:lvgl/examples/styles/../../src/core/lv_disp.h ****     LV_SCR_LOAD_ANIM_OVER_BOTTOM,
  34:lvgl/examples/styles/../../src/core/lv_disp.h ****     LV_SCR_LOAD_ANIM_MOVE_LEFT,
  35:lvgl/examples/styles/../../src/core/lv_disp.h ****     LV_SCR_LOAD_ANIM_MOVE_RIGHT,
  36:lvgl/examples/styles/../../src/core/lv_disp.h ****     LV_SCR_LOAD_ANIM_MOVE_TOP,
  37:lvgl/examples/styles/../../src/core/lv_disp.h ****     LV_SCR_LOAD_ANIM_MOVE_BOTTOM,
  38:lvgl/examples/styles/../../src/core/lv_disp.h ****     LV_SCR_LOAD_ANIM_FADE_IN,
  39:lvgl/examples/styles/../../src/core/lv_disp.h ****     LV_SCR_LOAD_ANIM_FADE_ON = LV_SCR_LOAD_ANIM_FADE_IN, /*For backward compatibility*/
  40:lvgl/examples/styles/../../src/core/lv_disp.h ****     LV_SCR_LOAD_ANIM_FADE_OUT,
  41:lvgl/examples/styles/../../src/core/lv_disp.h ****     LV_SCR_LOAD_ANIM_OUT_LEFT,
  42:lvgl/examples/styles/../../src/core/lv_disp.h ****     LV_SCR_LOAD_ANIM_OUT_RIGHT,
  43:lvgl/examples/styles/../../src/core/lv_disp.h ****     LV_SCR_LOAD_ANIM_OUT_TOP,
  44:lvgl/examples/styles/../../src/core/lv_disp.h ****     LV_SCR_LOAD_ANIM_OUT_BOTTOM,
  45:lvgl/examples/styles/../../src/core/lv_disp.h **** } lv_scr_load_anim_t;
  46:lvgl/examples/styles/../../src/core/lv_disp.h **** 
  47:lvgl/examples/styles/../../src/core/lv_disp.h **** /**********************
  48:lvgl/examples/styles/../../src/core/lv_disp.h ****  * GLOBAL PROTOTYPES
  49:lvgl/examples/styles/../../src/core/lv_disp.h ****  **********************/
  50:lvgl/examples/styles/../../src/core/lv_disp.h **** 
  51:lvgl/examples/styles/../../src/core/lv_disp.h **** /**
ARM GAS  C:\Users\OSD\AppData\Local\Temp\ccpTO0Re.s 			page 4


  52:lvgl/examples/styles/../../src/core/lv_disp.h ****  * Return with a pointer to the active screen
  53:lvgl/examples/styles/../../src/core/lv_disp.h ****  * @param disp pointer to display which active screen should be get. (NULL to use the default
  54:lvgl/examples/styles/../../src/core/lv_disp.h ****  * screen)
  55:lvgl/examples/styles/../../src/core/lv_disp.h ****  * @return pointer to the active screen object (loaded by 'lv_scr_load()')
  56:lvgl/examples/styles/../../src/core/lv_disp.h ****  */
  57:lvgl/examples/styles/../../src/core/lv_disp.h **** lv_obj_t * lv_disp_get_scr_act(lv_disp_t * disp);
  58:lvgl/examples/styles/../../src/core/lv_disp.h **** 
  59:lvgl/examples/styles/../../src/core/lv_disp.h **** /**
  60:lvgl/examples/styles/../../src/core/lv_disp.h ****  * Return with a pointer to the previous screen. Only used during screen transitions.
  61:lvgl/examples/styles/../../src/core/lv_disp.h ****  * @param disp pointer to display which previous screen should be get. (NULL to use the default
  62:lvgl/examples/styles/../../src/core/lv_disp.h ****  * screen)
  63:lvgl/examples/styles/../../src/core/lv_disp.h ****  * @return pointer to the previous screen object or NULL if not used now
  64:lvgl/examples/styles/../../src/core/lv_disp.h ****  */
  65:lvgl/examples/styles/../../src/core/lv_disp.h **** lv_obj_t * lv_disp_get_scr_prev(lv_disp_t * disp);
  66:lvgl/examples/styles/../../src/core/lv_disp.h **** 
  67:lvgl/examples/styles/../../src/core/lv_disp.h **** /**
  68:lvgl/examples/styles/../../src/core/lv_disp.h ****  * Make a screen active
  69:lvgl/examples/styles/../../src/core/lv_disp.h ****  * @param scr pointer to a screen
  70:lvgl/examples/styles/../../src/core/lv_disp.h ****  */
  71:lvgl/examples/styles/../../src/core/lv_disp.h **** void lv_disp_load_scr(lv_obj_t * scr);
  72:lvgl/examples/styles/../../src/core/lv_disp.h **** 
  73:lvgl/examples/styles/../../src/core/lv_disp.h **** /**
  74:lvgl/examples/styles/../../src/core/lv_disp.h ****  * Return with the top layer. (Same on every screen and it is above the normal screen layer)
  75:lvgl/examples/styles/../../src/core/lv_disp.h ****  * @param disp pointer to display which top layer should be get. (NULL to use the default screen)
  76:lvgl/examples/styles/../../src/core/lv_disp.h ****  * @return pointer to the top layer object (transparent screen sized lv_obj)
  77:lvgl/examples/styles/../../src/core/lv_disp.h ****  */
  78:lvgl/examples/styles/../../src/core/lv_disp.h **** lv_obj_t * lv_disp_get_layer_top(lv_disp_t * disp);
  79:lvgl/examples/styles/../../src/core/lv_disp.h **** 
  80:lvgl/examples/styles/../../src/core/lv_disp.h **** /**
  81:lvgl/examples/styles/../../src/core/lv_disp.h ****  * Return with the sys. layer. (Same on every screen and it is above the normal screen and the top
  82:lvgl/examples/styles/../../src/core/lv_disp.h ****  * layer)
  83:lvgl/examples/styles/../../src/core/lv_disp.h ****  * @param disp pointer to display which sys. layer should be retrieved. (NULL to use the default sc
  84:lvgl/examples/styles/../../src/core/lv_disp.h ****  * @return pointer to the sys layer object (transparent screen sized lv_obj)
  85:lvgl/examples/styles/../../src/core/lv_disp.h ****  */
  86:lvgl/examples/styles/../../src/core/lv_disp.h **** lv_obj_t * lv_disp_get_layer_sys(lv_disp_t * disp);
  87:lvgl/examples/styles/../../src/core/lv_disp.h **** 
  88:lvgl/examples/styles/../../src/core/lv_disp.h **** /**
  89:lvgl/examples/styles/../../src/core/lv_disp.h ****  * Set the theme of a display
  90:lvgl/examples/styles/../../src/core/lv_disp.h ****  * @param disp pointer to a display
  91:lvgl/examples/styles/../../src/core/lv_disp.h ****  */
  92:lvgl/examples/styles/../../src/core/lv_disp.h **** void lv_disp_set_theme(lv_disp_t * disp, lv_theme_t * th);
  93:lvgl/examples/styles/../../src/core/lv_disp.h **** 
  94:lvgl/examples/styles/../../src/core/lv_disp.h **** /**
  95:lvgl/examples/styles/../../src/core/lv_disp.h ****  * Get the theme of a display
  96:lvgl/examples/styles/../../src/core/lv_disp.h ****  * @param disp pointer to a display
  97:lvgl/examples/styles/../../src/core/lv_disp.h ****  * @return the display's theme (can be NULL)
  98:lvgl/examples/styles/../../src/core/lv_disp.h ****  */
  99:lvgl/examples/styles/../../src/core/lv_disp.h **** lv_theme_t * lv_disp_get_theme(lv_disp_t * disp);
 100:lvgl/examples/styles/../../src/core/lv_disp.h **** 
 101:lvgl/examples/styles/../../src/core/lv_disp.h **** /**
 102:lvgl/examples/styles/../../src/core/lv_disp.h ****  * Set the background color of a display
 103:lvgl/examples/styles/../../src/core/lv_disp.h ****  * @param disp pointer to a display
 104:lvgl/examples/styles/../../src/core/lv_disp.h ****  * @param color color of the background
 105:lvgl/examples/styles/../../src/core/lv_disp.h ****  */
 106:lvgl/examples/styles/../../src/core/lv_disp.h **** void lv_disp_set_bg_color(lv_disp_t * disp, lv_color_t color);
 107:lvgl/examples/styles/../../src/core/lv_disp.h **** 
 108:lvgl/examples/styles/../../src/core/lv_disp.h **** /**
ARM GAS  C:\Users\OSD\AppData\Local\Temp\ccpTO0Re.s 			page 5


 109:lvgl/examples/styles/../../src/core/lv_disp.h ****  * Set the background image of a display
 110:lvgl/examples/styles/../../src/core/lv_disp.h ****  * @param disp pointer to a display
 111:lvgl/examples/styles/../../src/core/lv_disp.h ****  * @param img_src path to file or pointer to an `lv_img_dsc_t` variable
 112:lvgl/examples/styles/../../src/core/lv_disp.h ****  */
 113:lvgl/examples/styles/../../src/core/lv_disp.h **** void lv_disp_set_bg_image(lv_disp_t * disp, const void  * img_src);
 114:lvgl/examples/styles/../../src/core/lv_disp.h **** 
 115:lvgl/examples/styles/../../src/core/lv_disp.h **** /**
 116:lvgl/examples/styles/../../src/core/lv_disp.h ****  * Set opacity of the background
 117:lvgl/examples/styles/../../src/core/lv_disp.h ****  * @param disp pointer to a display
 118:lvgl/examples/styles/../../src/core/lv_disp.h ****  * @param opa opacity (0..255)
 119:lvgl/examples/styles/../../src/core/lv_disp.h ****  */
 120:lvgl/examples/styles/../../src/core/lv_disp.h **** void lv_disp_set_bg_opa(lv_disp_t * disp, lv_opa_t opa);
 121:lvgl/examples/styles/../../src/core/lv_disp.h **** 
 122:lvgl/examples/styles/../../src/core/lv_disp.h **** /**
 123:lvgl/examples/styles/../../src/core/lv_disp.h ****  * Switch screen with animation
 124:lvgl/examples/styles/../../src/core/lv_disp.h ****  * @param scr pointer to the new screen to load
 125:lvgl/examples/styles/../../src/core/lv_disp.h ****  * @param anim_type type of the animation from `lv_scr_load_anim_t`, e.g. `LV_SCR_LOAD_ANIM_MOVE_LE
 126:lvgl/examples/styles/../../src/core/lv_disp.h ****  * @param time time of the animation
 127:lvgl/examples/styles/../../src/core/lv_disp.h ****  * @param delay delay before the transition
 128:lvgl/examples/styles/../../src/core/lv_disp.h ****  * @param auto_del true: automatically delete the old screen
 129:lvgl/examples/styles/../../src/core/lv_disp.h ****  */
 130:lvgl/examples/styles/../../src/core/lv_disp.h **** void lv_scr_load_anim(lv_obj_t * scr, lv_scr_load_anim_t anim_type, uint32_t time, uint32_t delay, 
 131:lvgl/examples/styles/../../src/core/lv_disp.h **** 
 132:lvgl/examples/styles/../../src/core/lv_disp.h **** /**
 133:lvgl/examples/styles/../../src/core/lv_disp.h ****  * Get elapsed time since last user activity on a display (e.g. click)
 134:lvgl/examples/styles/../../src/core/lv_disp.h ****  * @param disp pointer to a display (NULL to get the overall smallest inactivity)
 135:lvgl/examples/styles/../../src/core/lv_disp.h ****  * @return elapsed ticks (milliseconds) since the last activity
 136:lvgl/examples/styles/../../src/core/lv_disp.h ****  */
 137:lvgl/examples/styles/../../src/core/lv_disp.h **** uint32_t lv_disp_get_inactive_time(const lv_disp_t * disp);
 138:lvgl/examples/styles/../../src/core/lv_disp.h **** 
 139:lvgl/examples/styles/../../src/core/lv_disp.h **** /**
 140:lvgl/examples/styles/../../src/core/lv_disp.h ****  * Manually trigger an activity on a display
 141:lvgl/examples/styles/../../src/core/lv_disp.h ****  * @param disp pointer to a display (NULL to use the default display)
 142:lvgl/examples/styles/../../src/core/lv_disp.h ****  */
 143:lvgl/examples/styles/../../src/core/lv_disp.h **** void lv_disp_trig_activity(lv_disp_t * disp);
 144:lvgl/examples/styles/../../src/core/lv_disp.h **** 
 145:lvgl/examples/styles/../../src/core/lv_disp.h **** /**
 146:lvgl/examples/styles/../../src/core/lv_disp.h ****  * Clean any CPU cache that is related to the display.
 147:lvgl/examples/styles/../../src/core/lv_disp.h ****  * @param disp pointer to a display (NULL to use the default display)
 148:lvgl/examples/styles/../../src/core/lv_disp.h ****  */
 149:lvgl/examples/styles/../../src/core/lv_disp.h **** void lv_disp_clean_dcache(lv_disp_t * disp);
 150:lvgl/examples/styles/../../src/core/lv_disp.h **** 
 151:lvgl/examples/styles/../../src/core/lv_disp.h **** /**
 152:lvgl/examples/styles/../../src/core/lv_disp.h ****  * Temporarily enable and disable the invalidation of the display.
 153:lvgl/examples/styles/../../src/core/lv_disp.h ****  * @param disp pointer to a display (NULL to use the default display)
 154:lvgl/examples/styles/../../src/core/lv_disp.h ****  * @param en true: enable invalidation; false: invalidation
 155:lvgl/examples/styles/../../src/core/lv_disp.h ****  */
 156:lvgl/examples/styles/../../src/core/lv_disp.h **** void lv_disp_enable_invalidation(lv_disp_t * disp, bool en);
 157:lvgl/examples/styles/../../src/core/lv_disp.h **** 
 158:lvgl/examples/styles/../../src/core/lv_disp.h **** /**
 159:lvgl/examples/styles/../../src/core/lv_disp.h ****  * Get display invalidation is enabled.
 160:lvgl/examples/styles/../../src/core/lv_disp.h ****  * @param disp pointer to a display (NULL to use the default display)
 161:lvgl/examples/styles/../../src/core/lv_disp.h ****  * @return return true if invalidation is enabled
 162:lvgl/examples/styles/../../src/core/lv_disp.h ****  */
 163:lvgl/examples/styles/../../src/core/lv_disp.h **** bool lv_disp_is_invalidation_enabled(lv_disp_t * disp);
 164:lvgl/examples/styles/../../src/core/lv_disp.h **** 
 165:lvgl/examples/styles/../../src/core/lv_disp.h **** /**
ARM GAS  C:\Users\OSD\AppData\Local\Temp\ccpTO0Re.s 			page 6


 166:lvgl/examples/styles/../../src/core/lv_disp.h ****  * Get a pointer to the screen refresher timer to
 167:lvgl/examples/styles/../../src/core/lv_disp.h ****  * modify its parameters with `lv_timer_...` functions.
 168:lvgl/examples/styles/../../src/core/lv_disp.h ****  * @param disp pointer to a display
 169:lvgl/examples/styles/../../src/core/lv_disp.h ****  * @return pointer to the display refresher timer. (NULL on error)
 170:lvgl/examples/styles/../../src/core/lv_disp.h ****  */
 171:lvgl/examples/styles/../../src/core/lv_disp.h **** lv_timer_t * _lv_disp_get_refr_timer(lv_disp_t * disp);
 172:lvgl/examples/styles/../../src/core/lv_disp.h **** 
 173:lvgl/examples/styles/../../src/core/lv_disp.h **** /*------------------------------------------------
 174:lvgl/examples/styles/../../src/core/lv_disp.h ****  * To improve backward compatibility
 175:lvgl/examples/styles/../../src/core/lv_disp.h ****  * Recommended only if you have one display
 176:lvgl/examples/styles/../../src/core/lv_disp.h ****  *------------------------------------------------*/
 177:lvgl/examples/styles/../../src/core/lv_disp.h **** 
 178:lvgl/examples/styles/../../src/core/lv_disp.h **** /**
 179:lvgl/examples/styles/../../src/core/lv_disp.h ****  * Get the active screen of the default display
 180:lvgl/examples/styles/../../src/core/lv_disp.h ****  * @return pointer to the active screen
 181:lvgl/examples/styles/../../src/core/lv_disp.h ****  */
 182:lvgl/examples/styles/../../src/core/lv_disp.h **** static inline lv_obj_t * lv_scr_act(void)
  98              		.loc 2 182 26 view .LVU12
  99              	.LBB9:
 183:lvgl/examples/styles/../../src/core/lv_disp.h **** {
 184:lvgl/examples/styles/../../src/core/lv_disp.h ****     return lv_disp_get_scr_act(lv_disp_get_default());
 100              		.loc 2 184 5 view .LVU13
 101              		.loc 2 184 12 is_stmt 0 view .LVU14
 102 0060 FFF7FEFF 		bl	lv_disp_get_default
 103              	.LVL12:
 104 0064 FFF7FEFF 		bl	lv_disp_get_scr_act
 105              	.LVL13:
 106              	.LBE9:
 107              	.LBE8:
 108              		.loc 1 24 22 view .LVU15
 109 0068 FFF7FEFF 		bl	lv_img_create
 110              	.LVL14:
 111 006c 0546     		mov	r5, r0
 112              	.LVL15:
  25:lvgl/examples/styles/lv_example_style_6.c ****     lv_obj_add_style(obj, &style, 0);
 113              		.loc 1 25 5 is_stmt 1 view .LVU16
 114 006e 0022     		movs	r2, #0
 115 0070 2146     		mov	r1, r4
 116 0072 FFF7FEFF 		bl	lv_obj_add_style
 117              	.LVL16:
  26:lvgl/examples/styles/lv_example_style_6.c **** 
  27:lvgl/examples/styles/lv_example_style_6.c ****     LV_IMG_DECLARE(img_cogwheel_argb);
 118              		.loc 1 27 5 view .LVU17
 119              		.loc 1 27 38 view .LVU18
  28:lvgl/examples/styles/lv_example_style_6.c ****     lv_img_set_src(obj, &img_cogwheel_argb);
 120              		.loc 1 28 5 view .LVU19
 121 0076 0649     		ldr	r1, .L3+4
 122 0078 2846     		mov	r0, r5
 123 007a FFF7FEFF 		bl	lv_img_set_src
 124              	.LVL17:
  29:lvgl/examples/styles/lv_example_style_6.c **** 
  30:lvgl/examples/styles/lv_example_style_6.c ****     lv_obj_center(obj);
 125              		.loc 1 30 5 view .LVU20
 126              	.LBB10:
 127              	.LBI10:
 128              		.file 3 "d:\\kzc\\stm32\\h743ii_lcd\\lvgl\\src\\core\\lv_obj_pos.h"
   1:d:\kzc\stm32\h743ii_lcd\lvgl\src\core\lv_obj_pos.h **** /**
ARM GAS  C:\Users\OSD\AppData\Local\Temp\ccpTO0Re.s 			page 7


   2:d:\kzc\stm32\h743ii_lcd\lvgl\src\core\lv_obj_pos.h ****  * @file lv_obj_pos.h
   3:d:\kzc\stm32\h743ii_lcd\lvgl\src\core\lv_obj_pos.h ****  *
   4:d:\kzc\stm32\h743ii_lcd\lvgl\src\core\lv_obj_pos.h ****  */
   5:d:\kzc\stm32\h743ii_lcd\lvgl\src\core\lv_obj_pos.h **** 
   6:d:\kzc\stm32\h743ii_lcd\lvgl\src\core\lv_obj_pos.h **** #ifndef LV_OBJ_POS_H
   7:d:\kzc\stm32\h743ii_lcd\lvgl\src\core\lv_obj_pos.h **** #define LV_OBJ_POS_H
   8:d:\kzc\stm32\h743ii_lcd\lvgl\src\core\lv_obj_pos.h **** 
   9:d:\kzc\stm32\h743ii_lcd\lvgl\src\core\lv_obj_pos.h **** #ifdef __cplusplus
  10:d:\kzc\stm32\h743ii_lcd\lvgl\src\core\lv_obj_pos.h **** extern "C" {
  11:d:\kzc\stm32\h743ii_lcd\lvgl\src\core\lv_obj_pos.h **** #endif
  12:d:\kzc\stm32\h743ii_lcd\lvgl\src\core\lv_obj_pos.h **** 
  13:d:\kzc\stm32\h743ii_lcd\lvgl\src\core\lv_obj_pos.h **** /*********************
  14:d:\kzc\stm32\h743ii_lcd\lvgl\src\core\lv_obj_pos.h ****  *      INCLUDES
  15:d:\kzc\stm32\h743ii_lcd\lvgl\src\core\lv_obj_pos.h ****  *********************/
  16:d:\kzc\stm32\h743ii_lcd\lvgl\src\core\lv_obj_pos.h **** #include "../misc/lv_area.h"
  17:d:\kzc\stm32\h743ii_lcd\lvgl\src\core\lv_obj_pos.h **** 
  18:d:\kzc\stm32\h743ii_lcd\lvgl\src\core\lv_obj_pos.h **** /*********************
  19:d:\kzc\stm32\h743ii_lcd\lvgl\src\core\lv_obj_pos.h ****  *      DEFINES
  20:d:\kzc\stm32\h743ii_lcd\lvgl\src\core\lv_obj_pos.h ****  *********************/
  21:d:\kzc\stm32\h743ii_lcd\lvgl\src\core\lv_obj_pos.h **** 
  22:d:\kzc\stm32\h743ii_lcd\lvgl\src\core\lv_obj_pos.h **** /**********************
  23:d:\kzc\stm32\h743ii_lcd\lvgl\src\core\lv_obj_pos.h ****  *      TYPEDEFS
  24:d:\kzc\stm32\h743ii_lcd\lvgl\src\core\lv_obj_pos.h ****  **********************/
  25:d:\kzc\stm32\h743ii_lcd\lvgl\src\core\lv_obj_pos.h **** struct _lv_obj_t;
  26:d:\kzc\stm32\h743ii_lcd\lvgl\src\core\lv_obj_pos.h **** 
  27:d:\kzc\stm32\h743ii_lcd\lvgl\src\core\lv_obj_pos.h **** typedef void (*lv_layout_update_cb_t)(struct _lv_obj_t *, void * user_data);
  28:d:\kzc\stm32\h743ii_lcd\lvgl\src\core\lv_obj_pos.h **** typedef struct {
  29:d:\kzc\stm32\h743ii_lcd\lvgl\src\core\lv_obj_pos.h ****     lv_layout_update_cb_t cb;
  30:d:\kzc\stm32\h743ii_lcd\lvgl\src\core\lv_obj_pos.h ****     void * user_data;
  31:d:\kzc\stm32\h743ii_lcd\lvgl\src\core\lv_obj_pos.h **** } lv_layout_dsc_t;
  32:d:\kzc\stm32\h743ii_lcd\lvgl\src\core\lv_obj_pos.h **** 
  33:d:\kzc\stm32\h743ii_lcd\lvgl\src\core\lv_obj_pos.h **** /**********************
  34:d:\kzc\stm32\h743ii_lcd\lvgl\src\core\lv_obj_pos.h ****  * GLOBAL PROTOTYPES
  35:d:\kzc\stm32\h743ii_lcd\lvgl\src\core\lv_obj_pos.h ****  **********************/
  36:d:\kzc\stm32\h743ii_lcd\lvgl\src\core\lv_obj_pos.h **** 
  37:d:\kzc\stm32\h743ii_lcd\lvgl\src\core\lv_obj_pos.h **** /**
  38:d:\kzc\stm32\h743ii_lcd\lvgl\src\core\lv_obj_pos.h ****  * Set the position of an object relative to the set alignment.
  39:d:\kzc\stm32\h743ii_lcd\lvgl\src\core\lv_obj_pos.h ****  * @param obj       pointer to an object
  40:d:\kzc\stm32\h743ii_lcd\lvgl\src\core\lv_obj_pos.h ****  * @param x         new x coordinate
  41:d:\kzc\stm32\h743ii_lcd\lvgl\src\core\lv_obj_pos.h ****  * @param y         new y coordinate
  42:d:\kzc\stm32\h743ii_lcd\lvgl\src\core\lv_obj_pos.h ****  * @note            With default alignment it's the distance from the top left corner
  43:d:\kzc\stm32\h743ii_lcd\lvgl\src\core\lv_obj_pos.h ****  * @note            E.g. LV_ALIGN_CENTER alignment it's the offset from the center of the parent
  44:d:\kzc\stm32\h743ii_lcd\lvgl\src\core\lv_obj_pos.h ****  * @note            The position is interpreted on the content area of the parent
  45:d:\kzc\stm32\h743ii_lcd\lvgl\src\core\lv_obj_pos.h ****  * @note            The values can be set in pixel or in percentage of parent size with `lv_pct(v)`
  46:d:\kzc\stm32\h743ii_lcd\lvgl\src\core\lv_obj_pos.h ****  */
  47:d:\kzc\stm32\h743ii_lcd\lvgl\src\core\lv_obj_pos.h **** void lv_obj_set_pos(struct _lv_obj_t * obj, lv_coord_t x, lv_coord_t y);
  48:d:\kzc\stm32\h743ii_lcd\lvgl\src\core\lv_obj_pos.h **** 
  49:d:\kzc\stm32\h743ii_lcd\lvgl\src\core\lv_obj_pos.h **** /**
  50:d:\kzc\stm32\h743ii_lcd\lvgl\src\core\lv_obj_pos.h ****  * Set the x coordinate of an object
  51:d:\kzc\stm32\h743ii_lcd\lvgl\src\core\lv_obj_pos.h ****  * @param obj       pointer to an object
  52:d:\kzc\stm32\h743ii_lcd\lvgl\src\core\lv_obj_pos.h ****  * @param x         new x coordinate
  53:d:\kzc\stm32\h743ii_lcd\lvgl\src\core\lv_obj_pos.h ****  * @note            With default alignment it's the distance from the top left corner
  54:d:\kzc\stm32\h743ii_lcd\lvgl\src\core\lv_obj_pos.h ****  * @note            E.g. LV_ALIGN_CENTER alignment it's the offset from the center of the parent
  55:d:\kzc\stm32\h743ii_lcd\lvgl\src\core\lv_obj_pos.h ****  * @note            The position is interpreted on the content area of the parent
  56:d:\kzc\stm32\h743ii_lcd\lvgl\src\core\lv_obj_pos.h ****  * @note            The values can be set in pixel or in percentage of parent size with `lv_pct(v)`
  57:d:\kzc\stm32\h743ii_lcd\lvgl\src\core\lv_obj_pos.h ****  */
  58:d:\kzc\stm32\h743ii_lcd\lvgl\src\core\lv_obj_pos.h **** void lv_obj_set_x(struct _lv_obj_t * obj, lv_coord_t x);
ARM GAS  C:\Users\OSD\AppData\Local\Temp\ccpTO0Re.s 			page 8


  59:d:\kzc\stm32\h743ii_lcd\lvgl\src\core\lv_obj_pos.h **** 
  60:d:\kzc\stm32\h743ii_lcd\lvgl\src\core\lv_obj_pos.h **** /**
  61:d:\kzc\stm32\h743ii_lcd\lvgl\src\core\lv_obj_pos.h ****  * Set the y coordinate of an object
  62:d:\kzc\stm32\h743ii_lcd\lvgl\src\core\lv_obj_pos.h ****  * @param obj       pointer to an object
  63:d:\kzc\stm32\h743ii_lcd\lvgl\src\core\lv_obj_pos.h ****  * @param y         new y coordinate
  64:d:\kzc\stm32\h743ii_lcd\lvgl\src\core\lv_obj_pos.h ****  * @note            With default alignment it's the distance from the top left corner
  65:d:\kzc\stm32\h743ii_lcd\lvgl\src\core\lv_obj_pos.h ****  * @note            E.g. LV_ALIGN_CENTER alignment it's the offset from the center of the parent
  66:d:\kzc\stm32\h743ii_lcd\lvgl\src\core\lv_obj_pos.h ****  * @note            The position is interpreted on the content area of the parent
  67:d:\kzc\stm32\h743ii_lcd\lvgl\src\core\lv_obj_pos.h ****  * @note            The values can be set in pixel or in percentage of parent size with `lv_pct(v)`
  68:d:\kzc\stm32\h743ii_lcd\lvgl\src\core\lv_obj_pos.h ****  */
  69:d:\kzc\stm32\h743ii_lcd\lvgl\src\core\lv_obj_pos.h **** void lv_obj_set_y(struct _lv_obj_t * obj, lv_coord_t y);
  70:d:\kzc\stm32\h743ii_lcd\lvgl\src\core\lv_obj_pos.h **** 
  71:d:\kzc\stm32\h743ii_lcd\lvgl\src\core\lv_obj_pos.h **** /**
  72:d:\kzc\stm32\h743ii_lcd\lvgl\src\core\lv_obj_pos.h ****  * Set the size of an object.
  73:d:\kzc\stm32\h743ii_lcd\lvgl\src\core\lv_obj_pos.h ****  * @param obj       pointer to an object
  74:d:\kzc\stm32\h743ii_lcd\lvgl\src\core\lv_obj_pos.h ****  * @param w         the new width
  75:d:\kzc\stm32\h743ii_lcd\lvgl\src\core\lv_obj_pos.h ****  * @param h         the new height
  76:d:\kzc\stm32\h743ii_lcd\lvgl\src\core\lv_obj_pos.h ****  * @note            possible values are:
  77:d:\kzc\stm32\h743ii_lcd\lvgl\src\core\lv_obj_pos.h ****  *                  pixel               simple set the size accordingly
  78:d:\kzc\stm32\h743ii_lcd\lvgl\src\core\lv_obj_pos.h ****  *                  LV_SIZE_CONTENT     set the size to involve all children in the given direction
  79:d:\kzc\stm32\h743ii_lcd\lvgl\src\core\lv_obj_pos.h ****  *                  LV_SIZE_PCT(x)     to set size in percentage of the parent's content area size 
  80:d:\kzc\stm32\h743ii_lcd\lvgl\src\core\lv_obj_pos.h ****  *                                      x should be in [0..1000]% range
  81:d:\kzc\stm32\h743ii_lcd\lvgl\src\core\lv_obj_pos.h ****  */
  82:d:\kzc\stm32\h743ii_lcd\lvgl\src\core\lv_obj_pos.h **** void lv_obj_set_size(struct _lv_obj_t * obj, lv_coord_t w, lv_coord_t h);
  83:d:\kzc\stm32\h743ii_lcd\lvgl\src\core\lv_obj_pos.h **** 
  84:d:\kzc\stm32\h743ii_lcd\lvgl\src\core\lv_obj_pos.h **** /**
  85:d:\kzc\stm32\h743ii_lcd\lvgl\src\core\lv_obj_pos.h ****  * Recalculate the size of the object
  86:d:\kzc\stm32\h743ii_lcd\lvgl\src\core\lv_obj_pos.h ****  * @param obj       pointer to an object
  87:d:\kzc\stm32\h743ii_lcd\lvgl\src\core\lv_obj_pos.h ****  * @return          true: the size has been changed
  88:d:\kzc\stm32\h743ii_lcd\lvgl\src\core\lv_obj_pos.h ****  */
  89:d:\kzc\stm32\h743ii_lcd\lvgl\src\core\lv_obj_pos.h **** bool lv_obj_refr_size(struct _lv_obj_t * obj);
  90:d:\kzc\stm32\h743ii_lcd\lvgl\src\core\lv_obj_pos.h **** 
  91:d:\kzc\stm32\h743ii_lcd\lvgl\src\core\lv_obj_pos.h **** /**
  92:d:\kzc\stm32\h743ii_lcd\lvgl\src\core\lv_obj_pos.h ****  * Set the width of an object
  93:d:\kzc\stm32\h743ii_lcd\lvgl\src\core\lv_obj_pos.h ****  * @param obj       pointer to an object
  94:d:\kzc\stm32\h743ii_lcd\lvgl\src\core\lv_obj_pos.h ****  * @param w         the new width
  95:d:\kzc\stm32\h743ii_lcd\lvgl\src\core\lv_obj_pos.h ****  * @note            possible values are:
  96:d:\kzc\stm32\h743ii_lcd\lvgl\src\core\lv_obj_pos.h ****  *                  pixel               simple set the size accordingly
  97:d:\kzc\stm32\h743ii_lcd\lvgl\src\core\lv_obj_pos.h ****  *                  LV_SIZE_CONTENT     set the size to involve all children in the given direction
  98:d:\kzc\stm32\h743ii_lcd\lvgl\src\core\lv_obj_pos.h ****  *                  lv_pct(x)           to set size in percentage of the parent's content area size
  99:d:\kzc\stm32\h743ii_lcd\lvgl\src\core\lv_obj_pos.h ****  *                                      x should be in [0..1000]% range
 100:d:\kzc\stm32\h743ii_lcd\lvgl\src\core\lv_obj_pos.h ****  */
 101:d:\kzc\stm32\h743ii_lcd\lvgl\src\core\lv_obj_pos.h **** void lv_obj_set_width(struct _lv_obj_t * obj, lv_coord_t w);
 102:d:\kzc\stm32\h743ii_lcd\lvgl\src\core\lv_obj_pos.h **** 
 103:d:\kzc\stm32\h743ii_lcd\lvgl\src\core\lv_obj_pos.h **** /**
 104:d:\kzc\stm32\h743ii_lcd\lvgl\src\core\lv_obj_pos.h ****  * Set the height of an object
 105:d:\kzc\stm32\h743ii_lcd\lvgl\src\core\lv_obj_pos.h ****  * @param obj       pointer to an object
 106:d:\kzc\stm32\h743ii_lcd\lvgl\src\core\lv_obj_pos.h ****  * @param h         the new height
 107:d:\kzc\stm32\h743ii_lcd\lvgl\src\core\lv_obj_pos.h ****  * @note            possible values are:
 108:d:\kzc\stm32\h743ii_lcd\lvgl\src\core\lv_obj_pos.h ****  *                  pixel               simple set the size accordingly
 109:d:\kzc\stm32\h743ii_lcd\lvgl\src\core\lv_obj_pos.h ****  *                  LV_SIZE_CONTENT     set the size to involve all children in the given direction
 110:d:\kzc\stm32\h743ii_lcd\lvgl\src\core\lv_obj_pos.h ****  *                  lv_pct(x)           to set size in percentage of the parent's content area size
 111:d:\kzc\stm32\h743ii_lcd\lvgl\src\core\lv_obj_pos.h ****  *                                      x should be in [0..1000]% range
 112:d:\kzc\stm32\h743ii_lcd\lvgl\src\core\lv_obj_pos.h ****  */
 113:d:\kzc\stm32\h743ii_lcd\lvgl\src\core\lv_obj_pos.h **** void lv_obj_set_height(struct _lv_obj_t * obj, lv_coord_t h);
 114:d:\kzc\stm32\h743ii_lcd\lvgl\src\core\lv_obj_pos.h **** 
 115:d:\kzc\stm32\h743ii_lcd\lvgl\src\core\lv_obj_pos.h **** /**
ARM GAS  C:\Users\OSD\AppData\Local\Temp\ccpTO0Re.s 			page 9


 116:d:\kzc\stm32\h743ii_lcd\lvgl\src\core\lv_obj_pos.h ****  * Set the width reduced by the left and right padding and the border width.
 117:d:\kzc\stm32\h743ii_lcd\lvgl\src\core\lv_obj_pos.h ****  * @param obj       pointer to an object
 118:d:\kzc\stm32\h743ii_lcd\lvgl\src\core\lv_obj_pos.h ****  * @param w         the width without paddings in pixels
 119:d:\kzc\stm32\h743ii_lcd\lvgl\src\core\lv_obj_pos.h ****  */
 120:d:\kzc\stm32\h743ii_lcd\lvgl\src\core\lv_obj_pos.h **** void lv_obj_set_content_width(struct _lv_obj_t * obj, lv_coord_t w);
 121:d:\kzc\stm32\h743ii_lcd\lvgl\src\core\lv_obj_pos.h **** 
 122:d:\kzc\stm32\h743ii_lcd\lvgl\src\core\lv_obj_pos.h **** /**
 123:d:\kzc\stm32\h743ii_lcd\lvgl\src\core\lv_obj_pos.h ****  * Set the height reduced by the top and bottom padding and the border width.
 124:d:\kzc\stm32\h743ii_lcd\lvgl\src\core\lv_obj_pos.h ****  * @param obj       pointer to an object
 125:d:\kzc\stm32\h743ii_lcd\lvgl\src\core\lv_obj_pos.h ****  * @param h         the height without paddings in pixels
 126:d:\kzc\stm32\h743ii_lcd\lvgl\src\core\lv_obj_pos.h ****  */
 127:d:\kzc\stm32\h743ii_lcd\lvgl\src\core\lv_obj_pos.h **** void lv_obj_set_content_height(struct _lv_obj_t * obj, lv_coord_t h);
 128:d:\kzc\stm32\h743ii_lcd\lvgl\src\core\lv_obj_pos.h **** 
 129:d:\kzc\stm32\h743ii_lcd\lvgl\src\core\lv_obj_pos.h **** /**
 130:d:\kzc\stm32\h743ii_lcd\lvgl\src\core\lv_obj_pos.h ****  * Set a layout for an object
 131:d:\kzc\stm32\h743ii_lcd\lvgl\src\core\lv_obj_pos.h ****  * @param obj       pointer to an object
 132:d:\kzc\stm32\h743ii_lcd\lvgl\src\core\lv_obj_pos.h ****  * @param layout    pointer to a layout descriptor to set
 133:d:\kzc\stm32\h743ii_lcd\lvgl\src\core\lv_obj_pos.h ****  */
 134:d:\kzc\stm32\h743ii_lcd\lvgl\src\core\lv_obj_pos.h **** void lv_obj_set_layout(struct _lv_obj_t * obj, uint32_t layout);
 135:d:\kzc\stm32\h743ii_lcd\lvgl\src\core\lv_obj_pos.h **** 
 136:d:\kzc\stm32\h743ii_lcd\lvgl\src\core\lv_obj_pos.h **** /**
 137:d:\kzc\stm32\h743ii_lcd\lvgl\src\core\lv_obj_pos.h ****  * Test whether the and object is positioned by a layout or not
 138:d:\kzc\stm32\h743ii_lcd\lvgl\src\core\lv_obj_pos.h ****  * @param obj       pointer to an object to test
 139:d:\kzc\stm32\h743ii_lcd\lvgl\src\core\lv_obj_pos.h ****  * @return true:    positioned by a layout; false: not positioned by a layout
 140:d:\kzc\stm32\h743ii_lcd\lvgl\src\core\lv_obj_pos.h ****  */
 141:d:\kzc\stm32\h743ii_lcd\lvgl\src\core\lv_obj_pos.h **** bool lv_obj_is_layout_positioned(const struct _lv_obj_t * obj);
 142:d:\kzc\stm32\h743ii_lcd\lvgl\src\core\lv_obj_pos.h **** 
 143:d:\kzc\stm32\h743ii_lcd\lvgl\src\core\lv_obj_pos.h **** /**
 144:d:\kzc\stm32\h743ii_lcd\lvgl\src\core\lv_obj_pos.h ****  * Mark the object for layout update.
 145:d:\kzc\stm32\h743ii_lcd\lvgl\src\core\lv_obj_pos.h ****  * @param obj      pointer to an object whose children needs to be updated
 146:d:\kzc\stm32\h743ii_lcd\lvgl\src\core\lv_obj_pos.h ****  */
 147:d:\kzc\stm32\h743ii_lcd\lvgl\src\core\lv_obj_pos.h **** void lv_obj_mark_layout_as_dirty(struct _lv_obj_t * obj);
 148:d:\kzc\stm32\h743ii_lcd\lvgl\src\core\lv_obj_pos.h **** 
 149:d:\kzc\stm32\h743ii_lcd\lvgl\src\core\lv_obj_pos.h **** /**
 150:d:\kzc\stm32\h743ii_lcd\lvgl\src\core\lv_obj_pos.h ****  * Update the layout of an object.
 151:d:\kzc\stm32\h743ii_lcd\lvgl\src\core\lv_obj_pos.h ****  * @param obj      pointer to an object whose children needs to be updated
 152:d:\kzc\stm32\h743ii_lcd\lvgl\src\core\lv_obj_pos.h ****  */
 153:d:\kzc\stm32\h743ii_lcd\lvgl\src\core\lv_obj_pos.h **** void lv_obj_update_layout(const struct _lv_obj_t * obj);
 154:d:\kzc\stm32\h743ii_lcd\lvgl\src\core\lv_obj_pos.h **** 
 155:d:\kzc\stm32\h743ii_lcd\lvgl\src\core\lv_obj_pos.h **** /**
 156:d:\kzc\stm32\h743ii_lcd\lvgl\src\core\lv_obj_pos.h ****  * Register a new layout
 157:d:\kzc\stm32\h743ii_lcd\lvgl\src\core\lv_obj_pos.h ****  * @param cb        the layout update callback
 158:d:\kzc\stm32\h743ii_lcd\lvgl\src\core\lv_obj_pos.h ****  * @param user_data custom data that will be passed to `cb`
 159:d:\kzc\stm32\h743ii_lcd\lvgl\src\core\lv_obj_pos.h ****  * @return          the ID of the new layout
 160:d:\kzc\stm32\h743ii_lcd\lvgl\src\core\lv_obj_pos.h ****  */
 161:d:\kzc\stm32\h743ii_lcd\lvgl\src\core\lv_obj_pos.h **** uint32_t lv_layout_register(lv_layout_update_cb_t cb, void * user_data);
 162:d:\kzc\stm32\h743ii_lcd\lvgl\src\core\lv_obj_pos.h **** 
 163:d:\kzc\stm32\h743ii_lcd\lvgl\src\core\lv_obj_pos.h **** /**
 164:d:\kzc\stm32\h743ii_lcd\lvgl\src\core\lv_obj_pos.h ****  * Change the alignment of an object.
 165:d:\kzc\stm32\h743ii_lcd\lvgl\src\core\lv_obj_pos.h ****  * @param obj       pointer to an object to align
 166:d:\kzc\stm32\h743ii_lcd\lvgl\src\core\lv_obj_pos.h ****  * @param align     type of alignment (see 'lv_align_t' enum) `LV_ALIGN_OUT_...` can't be used.
 167:d:\kzc\stm32\h743ii_lcd\lvgl\src\core\lv_obj_pos.h ****  */
 168:d:\kzc\stm32\h743ii_lcd\lvgl\src\core\lv_obj_pos.h **** void lv_obj_set_align(struct _lv_obj_t * obj, lv_align_t align);
 169:d:\kzc\stm32\h743ii_lcd\lvgl\src\core\lv_obj_pos.h **** 
 170:d:\kzc\stm32\h743ii_lcd\lvgl\src\core\lv_obj_pos.h **** /**
 171:d:\kzc\stm32\h743ii_lcd\lvgl\src\core\lv_obj_pos.h ****  * Change the alignment of an object and set new coordinates.
 172:d:\kzc\stm32\h743ii_lcd\lvgl\src\core\lv_obj_pos.h ****  * Equivalent to:
ARM GAS  C:\Users\OSD\AppData\Local\Temp\ccpTO0Re.s 			page 10


 173:d:\kzc\stm32\h743ii_lcd\lvgl\src\core\lv_obj_pos.h ****  * lv_obj_set_align(obj, align);
 174:d:\kzc\stm32\h743ii_lcd\lvgl\src\core\lv_obj_pos.h ****  * lv_obj_set_pos(obj, x_ofs, y_ofs);
 175:d:\kzc\stm32\h743ii_lcd\lvgl\src\core\lv_obj_pos.h ****  * @param obj       pointer to an object to align
 176:d:\kzc\stm32\h743ii_lcd\lvgl\src\core\lv_obj_pos.h ****  * @param align     type of alignment (see 'lv_align_t' enum) `LV_ALIGN_OUT_...` can't be used.
 177:d:\kzc\stm32\h743ii_lcd\lvgl\src\core\lv_obj_pos.h ****  * @param x_ofs     x coordinate offset after alignment
 178:d:\kzc\stm32\h743ii_lcd\lvgl\src\core\lv_obj_pos.h ****  * @param y_ofs     y coordinate offset after alignment
 179:d:\kzc\stm32\h743ii_lcd\lvgl\src\core\lv_obj_pos.h ****  */
 180:d:\kzc\stm32\h743ii_lcd\lvgl\src\core\lv_obj_pos.h **** void lv_obj_align(struct _lv_obj_t * obj, lv_align_t align, lv_coord_t x_ofs, lv_coord_t y_ofs);
 181:d:\kzc\stm32\h743ii_lcd\lvgl\src\core\lv_obj_pos.h **** 
 182:d:\kzc\stm32\h743ii_lcd\lvgl\src\core\lv_obj_pos.h **** /**
 183:d:\kzc\stm32\h743ii_lcd\lvgl\src\core\lv_obj_pos.h ****  * Align an object to an other object.
 184:d:\kzc\stm32\h743ii_lcd\lvgl\src\core\lv_obj_pos.h ****  * @param obj       pointer to an object to align
 185:d:\kzc\stm32\h743ii_lcd\lvgl\src\core\lv_obj_pos.h ****  * @param base      pointer to an other object (if NULL `obj`s parent is used). 'obj' will be align
 186:d:\kzc\stm32\h743ii_lcd\lvgl\src\core\lv_obj_pos.h ****  * @param align     type of alignment (see 'lv_align_t' enum)
 187:d:\kzc\stm32\h743ii_lcd\lvgl\src\core\lv_obj_pos.h ****  * @param x_ofs     x coordinate offset after alignment
 188:d:\kzc\stm32\h743ii_lcd\lvgl\src\core\lv_obj_pos.h ****  * @param y_ofs     y coordinate offset after alignment
 189:d:\kzc\stm32\h743ii_lcd\lvgl\src\core\lv_obj_pos.h ****  * @note            if the position or size of `base` changes `obj` needs to be aligned manually ag
 190:d:\kzc\stm32\h743ii_lcd\lvgl\src\core\lv_obj_pos.h ****  */
 191:d:\kzc\stm32\h743ii_lcd\lvgl\src\core\lv_obj_pos.h **** void lv_obj_align_to(struct _lv_obj_t * obj, const struct _lv_obj_t * base, lv_align_t align, lv_co
 192:d:\kzc\stm32\h743ii_lcd\lvgl\src\core\lv_obj_pos.h ****                      lv_coord_t y_ofs);
 193:d:\kzc\stm32\h743ii_lcd\lvgl\src\core\lv_obj_pos.h **** 
 194:d:\kzc\stm32\h743ii_lcd\lvgl\src\core\lv_obj_pos.h **** /**
 195:d:\kzc\stm32\h743ii_lcd\lvgl\src\core\lv_obj_pos.h ****  * Align an object to the center on its parent.
 196:d:\kzc\stm32\h743ii_lcd\lvgl\src\core\lv_obj_pos.h ****  * @param obj       pointer to an object to align
 197:d:\kzc\stm32\h743ii_lcd\lvgl\src\core\lv_obj_pos.h ****  * @note            if the parent size changes `obj` needs to be aligned manually again
 198:d:\kzc\stm32\h743ii_lcd\lvgl\src\core\lv_obj_pos.h ****  */
 199:d:\kzc\stm32\h743ii_lcd\lvgl\src\core\lv_obj_pos.h **** static inline void lv_obj_center(struct _lv_obj_t * obj)
 129              		.loc 3 199 20 view .LVU21
 130              	.LBB11:
 200:d:\kzc\stm32\h743ii_lcd\lvgl\src\core\lv_obj_pos.h **** {
 201:d:\kzc\stm32\h743ii_lcd\lvgl\src\core\lv_obj_pos.h ****     lv_obj_align(obj, LV_ALIGN_CENTER, 0, 0);
 131              		.loc 3 201 5 view .LVU22
 132 007e 0023     		movs	r3, #0
 133 0080 1A46     		mov	r2, r3
 134 0082 0921     		movs	r1, #9
 135 0084 2846     		mov	r0, r5
 136 0086 FFF7FEFF 		bl	lv_obj_align
 137              	.LVL18:
 138              		.loc 3 201 5 is_stmt 0 view .LVU23
 139              	.LBE11:
 140              	.LBE10:
  31:lvgl/examples/styles/lv_example_style_6.c **** }
 141              		.loc 1 31 1 view .LVU24
 142 008a 38BD     		pop	{r3, r4, r5, pc}
 143              	.LVL19:
 144              	.L4:
 145              		.loc 1 31 1 view .LVU25
 146              		.align	2
 147              	.L3:
 148 008c 00000000 		.word	.LANCHOR0
 149 0090 00000000 		.word	img_cogwheel_argb
 150              		.cfi_endproc
 151              	.LFE204:
 153              		.section	.bss.style.0,"aw",%nobits
 154              		.align	2
 155              		.set	.LANCHOR0,. + 0
 158              	style.0:
ARM GAS  C:\Users\OSD\AppData\Local\Temp\ccpTO0Re.s 			page 11


 159 0000 00000000 		.space	8
 159      00000000 
 160              		.text
 161              	.Letext0:
 162              		.file 4 "c:\\tools\\gcc-arm-none-eabi\\arm-none-eabi\\include\\machine\\_default_types.h"
 163              		.file 5 "c:\\tools\\gcc-arm-none-eabi\\arm-none-eabi\\include\\sys\\_stdint.h"
 164              		.file 6 "d:\\kzc\\stm32\\h743ii_lcd\\lvgl\\src\\misc\\lv_area.h"
 165              		.file 7 "d:\\kzc\\stm32\\h743ii_lcd\\lvgl\\src\\misc\\lv_color.h"
 166              		.file 8 "d:\\kzc\\stm32\\h743ii_lcd\\lvgl\\src\\misc\\lv_style.h"
 167              		.file 9 "d:\\kzc\\stm32\\h743ii_lcd\\lvgl\\src\\draw\\lv_img_buf.h"
 168              		.file 10 "lvgl/examples/styles/../../src/core/lv_obj.h"
 169              		.file 11 "d:\\kzc\\stm32\\h743ii_lcd\\lvgl\\src\\misc\\lv_ll.h"
 170              		.file 12 "lvgl/examples/styles/../../src/core/lv_group.h"
 171              		.file 13 "lvgl/examples/styles/../../src/core/lv_obj_scroll.h"
 172              		.file 14 "lvgl/examples/styles/../../src/core/lv_obj_style.h"
 173              		.file 15 "lvgl/examples/styles/../../src/core/lv_obj_class.h"
 174              		.file 16 "lvgl/examples/styles/../../src/core/lv_event.h"
 175              		.file 17 "lvgl/examples/styles/../../src/hal/lv_hal_disp.h"
 176              		.file 18 "d:\\kzc\\stm32\\h743ii_lcd\\lvgl\\src\\misc\\lv_style_gen.h"
 177              		.file 19 "lvgl/examples/styles/../../src/widgets/lv_img.h"
ARM GAS  C:\Users\OSD\AppData\Local\Temp\ccpTO0Re.s 			page 12


DEFINED SYMBOLS
                            *ABS*:00000000 lv_example_style_6.c
C:\Users\OSD\AppData\Local\Temp\ccpTO0Re.s:19     .text.lv_example_style_6:00000000 $t
C:\Users\OSD\AppData\Local\Temp\ccpTO0Re.s:25     .text.lv_example_style_6:00000000 lv_example_style_6
C:\Users\OSD\AppData\Local\Temp\ccpTO0Re.s:148    .text.lv_example_style_6:0000008c $d
C:\Users\OSD\AppData\Local\Temp\ccpTO0Re.s:154    .bss.style.0:00000000 $d
C:\Users\OSD\AppData\Local\Temp\ccpTO0Re.s:158    .bss.style.0:00000000 style.0

UNDEFINED SYMBOLS
lv_style_init
lv_style_set_radius
lv_style_set_bg_opa
lv_palette_lighten
lv_style_set_bg_color
lv_style_set_border_width
lv_palette_main
lv_style_set_border_color
lv_style_set_img_recolor
lv_style_set_img_recolor_opa
lv_style_set_transform_angle
lv_disp_get_default
lv_disp_get_scr_act
lv_img_create
lv_obj_add_style
lv_img_set_src
lv_obj_align
img_cogwheel_argb
