ARM GAS  C:\Users\OSD\AppData\Local\Temp\cc8SEjXE.s 			page 1


   1              		.cpu cortex-m7
   2              		.arch armv7e-m
   3              		.fpu fpv5-d16
   4              		.eabi_attribute 28, 1
   5              		.eabi_attribute 20, 1
   6              		.eabi_attribute 21, 1
   7              		.eabi_attribute 23, 3
   8              		.eabi_attribute 24, 1
   9              		.eabi_attribute 25, 1
  10              		.eabi_attribute 26, 1
  11              		.eabi_attribute 30, 1
  12              		.eabi_attribute 34, 1
  13              		.eabi_attribute 18, 4
  14              		.file	"lv_example_bar_3.c"
  15              		.text
  16              	.Ltext0:
  17              		.cfi_sections	.debug_frame
  18              		.section	.text.set_temp,"ax",%progbits
  19              		.align	1
  20              		.syntax unified
  21              		.thumb
  22              		.thumb_func
  24              	set_temp:
  25              	.LVL0:
  26              	.LFB204:
  27              		.file 1 "lvgl/examples/widgets/bar/lv_example_bar_3.c"
   1:lvgl/examples/widgets/bar/lv_example_bar_3.c **** #include "../../lv_examples.h"
   2:lvgl/examples/widgets/bar/lv_example_bar_3.c **** #if LV_USE_BAR && LV_BUILD_EXAMPLES
   3:lvgl/examples/widgets/bar/lv_example_bar_3.c **** 
   4:lvgl/examples/widgets/bar/lv_example_bar_3.c **** static void set_temp(void * bar, int32_t temp)
   5:lvgl/examples/widgets/bar/lv_example_bar_3.c **** {
  28              		.loc 1 5 1 view -0
  29              		.cfi_startproc
  30              		@ args = 0, pretend = 0, frame = 0
  31              		@ frame_needed = 0, uses_anonymous_args = 0
  32              		.loc 1 5 1 is_stmt 0 view .LVU1
  33 0000 08B5     		push	{r3, lr}
  34              		.cfi_def_cfa_offset 8
  35              		.cfi_offset 3, -8
  36              		.cfi_offset 14, -4
   6:lvgl/examples/widgets/bar/lv_example_bar_3.c ****     lv_bar_set_value(bar, temp, LV_ANIM_ON);
  37              		.loc 1 6 5 is_stmt 1 view .LVU2
  38 0002 0122     		movs	r2, #1
  39 0004 FFF7FEFF 		bl	lv_bar_set_value
  40              	.LVL1:
   7:lvgl/examples/widgets/bar/lv_example_bar_3.c **** }
  41              		.loc 1 7 1 is_stmt 0 view .LVU3
  42 0008 08BD     		pop	{r3, pc}
  43              		.cfi_endproc
  44              	.LFE204:
  46              		.section	.text.lv_example_bar_3,"ax",%progbits
  47              		.align	1
  48              		.global	lv_example_bar_3
  49              		.syntax unified
  50              		.thumb
  51              		.thumb_func
  53              	lv_example_bar_3:
ARM GAS  C:\Users\OSD\AppData\Local\Temp\cc8SEjXE.s 			page 2


  54              	.LFB205:
   8:lvgl/examples/widgets/bar/lv_example_bar_3.c **** 
   9:lvgl/examples/widgets/bar/lv_example_bar_3.c **** /**
  10:lvgl/examples/widgets/bar/lv_example_bar_3.c ****  * A temperature meter example
  11:lvgl/examples/widgets/bar/lv_example_bar_3.c ****  */
  12:lvgl/examples/widgets/bar/lv_example_bar_3.c **** void lv_example_bar_3(void)
  13:lvgl/examples/widgets/bar/lv_example_bar_3.c **** {
  55              		.loc 1 13 1 is_stmt 1 view -0
  56              		.cfi_startproc
  57              		@ args = 0, pretend = 0, frame = 72
  58              		@ frame_needed = 0, uses_anonymous_args = 0
  59 0000 30B5     		push	{r4, r5, lr}
  60              		.cfi_def_cfa_offset 12
  61              		.cfi_offset 4, -12
  62              		.cfi_offset 5, -8
  63              		.cfi_offset 14, -4
  64 0002 93B0     		sub	sp, sp, #76
  65              		.cfi_def_cfa_offset 88
  14:lvgl/examples/widgets/bar/lv_example_bar_3.c ****     static lv_style_t style_indic;
  66              		.loc 1 14 5 view .LVU5
  15:lvgl/examples/widgets/bar/lv_example_bar_3.c **** 
  16:lvgl/examples/widgets/bar/lv_example_bar_3.c ****     lv_style_init(&style_indic);
  67              		.loc 1 16 5 view .LVU6
  68 0004 274D     		ldr	r5, .L5
  69 0006 2846     		mov	r0, r5
  70 0008 FFF7FEFF 		bl	lv_style_init
  71              	.LVL2:
  17:lvgl/examples/widgets/bar/lv_example_bar_3.c ****     lv_style_set_bg_opa(&style_indic, LV_OPA_COVER);
  72              		.loc 1 17 5 view .LVU7
  73 000c FF21     		movs	r1, #255
  74 000e 2846     		mov	r0, r5
  75 0010 FFF7FEFF 		bl	lv_style_set_bg_opa
  76              	.LVL3:
  18:lvgl/examples/widgets/bar/lv_example_bar_3.c ****     lv_style_set_bg_color(&style_indic, lv_palette_main(LV_PALETTE_RED));
  77              		.loc 1 18 5 view .LVU8
  78 0014 0020     		movs	r0, #0
  79 0016 FFF7FEFF 		bl	lv_palette_main
  80              	.LVL4:
  81 001a 0146     		mov	r1, r0
  82 001c 2846     		mov	r0, r5
  83 001e FFF7FEFF 		bl	lv_style_set_bg_color
  84              	.LVL5:
  19:lvgl/examples/widgets/bar/lv_example_bar_3.c ****     lv_style_set_bg_grad_color(&style_indic, lv_palette_main(LV_PALETTE_BLUE));
  85              		.loc 1 19 5 view .LVU9
  86 0022 0520     		movs	r0, #5
  87 0024 FFF7FEFF 		bl	lv_palette_main
  88              	.LVL6:
  89 0028 0146     		mov	r1, r0
  90 002a 2846     		mov	r0, r5
  91 002c FFF7FEFF 		bl	lv_style_set_bg_grad_color
  92              	.LVL7:
  20:lvgl/examples/widgets/bar/lv_example_bar_3.c ****     lv_style_set_bg_grad_dir(&style_indic, LV_GRAD_DIR_VER);
  93              		.loc 1 20 5 view .LVU10
  94 0030 0121     		movs	r1, #1
  95 0032 2846     		mov	r0, r5
  96 0034 FFF7FEFF 		bl	lv_style_set_bg_grad_dir
  97              	.LVL8:
ARM GAS  C:\Users\OSD\AppData\Local\Temp\cc8SEjXE.s 			page 3


  21:lvgl/examples/widgets/bar/lv_example_bar_3.c **** 
  22:lvgl/examples/widgets/bar/lv_example_bar_3.c ****     lv_obj_t * bar = lv_bar_create(lv_scr_act());
  98              		.loc 1 22 5 view .LVU11
  99              	.LBB32:
 100              	.LBI32:
 101              		.file 2 "d:\\kzc\\stm32\\h743ii_lcd\\lvgl\\src/core/lv_disp.h"
   1:d:\kzc\stm32\h743ii_lcd\lvgl\src/core\lv_disp.h **** /**
   2:d:\kzc\stm32\h743ii_lcd\lvgl\src/core\lv_disp.h ****  * @file lv_disp.h
   3:d:\kzc\stm32\h743ii_lcd\lvgl\src/core\lv_disp.h ****  *
   4:d:\kzc\stm32\h743ii_lcd\lvgl\src/core\lv_disp.h ****  */
   5:d:\kzc\stm32\h743ii_lcd\lvgl\src/core\lv_disp.h **** 
   6:d:\kzc\stm32\h743ii_lcd\lvgl\src/core\lv_disp.h **** #ifndef LV_DISP_H
   7:d:\kzc\stm32\h743ii_lcd\lvgl\src/core\lv_disp.h **** #define LV_DISP_H
   8:d:\kzc\stm32\h743ii_lcd\lvgl\src/core\lv_disp.h **** 
   9:d:\kzc\stm32\h743ii_lcd\lvgl\src/core\lv_disp.h **** #ifdef __cplusplus
  10:d:\kzc\stm32\h743ii_lcd\lvgl\src/core\lv_disp.h **** extern "C" {
  11:d:\kzc\stm32\h743ii_lcd\lvgl\src/core\lv_disp.h **** #endif
  12:d:\kzc\stm32\h743ii_lcd\lvgl\src/core\lv_disp.h **** 
  13:d:\kzc\stm32\h743ii_lcd\lvgl\src/core\lv_disp.h **** /*********************
  14:d:\kzc\stm32\h743ii_lcd\lvgl\src/core\lv_disp.h ****  *      INCLUDES
  15:d:\kzc\stm32\h743ii_lcd\lvgl\src/core\lv_disp.h ****  *********************/
  16:d:\kzc\stm32\h743ii_lcd\lvgl\src/core\lv_disp.h **** #include "../hal/lv_hal.h"
  17:d:\kzc\stm32\h743ii_lcd\lvgl\src/core\lv_disp.h **** #include "lv_obj.h"
  18:d:\kzc\stm32\h743ii_lcd\lvgl\src/core\lv_disp.h **** #include "lv_theme.h"
  19:d:\kzc\stm32\h743ii_lcd\lvgl\src/core\lv_disp.h **** 
  20:d:\kzc\stm32\h743ii_lcd\lvgl\src/core\lv_disp.h **** /*********************
  21:d:\kzc\stm32\h743ii_lcd\lvgl\src/core\lv_disp.h ****  *      DEFINES
  22:d:\kzc\stm32\h743ii_lcd\lvgl\src/core\lv_disp.h ****  *********************/
  23:d:\kzc\stm32\h743ii_lcd\lvgl\src/core\lv_disp.h **** 
  24:d:\kzc\stm32\h743ii_lcd\lvgl\src/core\lv_disp.h **** /**********************
  25:d:\kzc\stm32\h743ii_lcd\lvgl\src/core\lv_disp.h ****  *      TYPEDEFS
  26:d:\kzc\stm32\h743ii_lcd\lvgl\src/core\lv_disp.h ****  **********************/
  27:d:\kzc\stm32\h743ii_lcd\lvgl\src/core\lv_disp.h **** 
  28:d:\kzc\stm32\h743ii_lcd\lvgl\src/core\lv_disp.h **** typedef enum {
  29:d:\kzc\stm32\h743ii_lcd\lvgl\src/core\lv_disp.h ****     LV_SCR_LOAD_ANIM_NONE,
  30:d:\kzc\stm32\h743ii_lcd\lvgl\src/core\lv_disp.h ****     LV_SCR_LOAD_ANIM_OVER_LEFT,
  31:d:\kzc\stm32\h743ii_lcd\lvgl\src/core\lv_disp.h ****     LV_SCR_LOAD_ANIM_OVER_RIGHT,
  32:d:\kzc\stm32\h743ii_lcd\lvgl\src/core\lv_disp.h ****     LV_SCR_LOAD_ANIM_OVER_TOP,
  33:d:\kzc\stm32\h743ii_lcd\lvgl\src/core\lv_disp.h ****     LV_SCR_LOAD_ANIM_OVER_BOTTOM,
  34:d:\kzc\stm32\h743ii_lcd\lvgl\src/core\lv_disp.h ****     LV_SCR_LOAD_ANIM_MOVE_LEFT,
  35:d:\kzc\stm32\h743ii_lcd\lvgl\src/core\lv_disp.h ****     LV_SCR_LOAD_ANIM_MOVE_RIGHT,
  36:d:\kzc\stm32\h743ii_lcd\lvgl\src/core\lv_disp.h ****     LV_SCR_LOAD_ANIM_MOVE_TOP,
  37:d:\kzc\stm32\h743ii_lcd\lvgl\src/core\lv_disp.h ****     LV_SCR_LOAD_ANIM_MOVE_BOTTOM,
  38:d:\kzc\stm32\h743ii_lcd\lvgl\src/core\lv_disp.h ****     LV_SCR_LOAD_ANIM_FADE_IN,
  39:d:\kzc\stm32\h743ii_lcd\lvgl\src/core\lv_disp.h ****     LV_SCR_LOAD_ANIM_FADE_ON = LV_SCR_LOAD_ANIM_FADE_IN, /*For backward compatibility*/
  40:d:\kzc\stm32\h743ii_lcd\lvgl\src/core\lv_disp.h ****     LV_SCR_LOAD_ANIM_FADE_OUT,
  41:d:\kzc\stm32\h743ii_lcd\lvgl\src/core\lv_disp.h ****     LV_SCR_LOAD_ANIM_OUT_LEFT,
  42:d:\kzc\stm32\h743ii_lcd\lvgl\src/core\lv_disp.h ****     LV_SCR_LOAD_ANIM_OUT_RIGHT,
  43:d:\kzc\stm32\h743ii_lcd\lvgl\src/core\lv_disp.h ****     LV_SCR_LOAD_ANIM_OUT_TOP,
  44:d:\kzc\stm32\h743ii_lcd\lvgl\src/core\lv_disp.h ****     LV_SCR_LOAD_ANIM_OUT_BOTTOM,
  45:d:\kzc\stm32\h743ii_lcd\lvgl\src/core\lv_disp.h **** } lv_scr_load_anim_t;
  46:d:\kzc\stm32\h743ii_lcd\lvgl\src/core\lv_disp.h **** 
  47:d:\kzc\stm32\h743ii_lcd\lvgl\src/core\lv_disp.h **** /**********************
  48:d:\kzc\stm32\h743ii_lcd\lvgl\src/core\lv_disp.h ****  * GLOBAL PROTOTYPES
  49:d:\kzc\stm32\h743ii_lcd\lvgl\src/core\lv_disp.h ****  **********************/
  50:d:\kzc\stm32\h743ii_lcd\lvgl\src/core\lv_disp.h **** 
  51:d:\kzc\stm32\h743ii_lcd\lvgl\src/core\lv_disp.h **** /**
ARM GAS  C:\Users\OSD\AppData\Local\Temp\cc8SEjXE.s 			page 4


  52:d:\kzc\stm32\h743ii_lcd\lvgl\src/core\lv_disp.h ****  * Return with a pointer to the active screen
  53:d:\kzc\stm32\h743ii_lcd\lvgl\src/core\lv_disp.h ****  * @param disp pointer to display which active screen should be get. (NULL to use the default
  54:d:\kzc\stm32\h743ii_lcd\lvgl\src/core\lv_disp.h ****  * screen)
  55:d:\kzc\stm32\h743ii_lcd\lvgl\src/core\lv_disp.h ****  * @return pointer to the active screen object (loaded by 'lv_scr_load()')
  56:d:\kzc\stm32\h743ii_lcd\lvgl\src/core\lv_disp.h ****  */
  57:d:\kzc\stm32\h743ii_lcd\lvgl\src/core\lv_disp.h **** lv_obj_t * lv_disp_get_scr_act(lv_disp_t * disp);
  58:d:\kzc\stm32\h743ii_lcd\lvgl\src/core\lv_disp.h **** 
  59:d:\kzc\stm32\h743ii_lcd\lvgl\src/core\lv_disp.h **** /**
  60:d:\kzc\stm32\h743ii_lcd\lvgl\src/core\lv_disp.h ****  * Return with a pointer to the previous screen. Only used during screen transitions.
  61:d:\kzc\stm32\h743ii_lcd\lvgl\src/core\lv_disp.h ****  * @param disp pointer to display which previous screen should be get. (NULL to use the default
  62:d:\kzc\stm32\h743ii_lcd\lvgl\src/core\lv_disp.h ****  * screen)
  63:d:\kzc\stm32\h743ii_lcd\lvgl\src/core\lv_disp.h ****  * @return pointer to the previous screen object or NULL if not used now
  64:d:\kzc\stm32\h743ii_lcd\lvgl\src/core\lv_disp.h ****  */
  65:d:\kzc\stm32\h743ii_lcd\lvgl\src/core\lv_disp.h **** lv_obj_t * lv_disp_get_scr_prev(lv_disp_t * disp);
  66:d:\kzc\stm32\h743ii_lcd\lvgl\src/core\lv_disp.h **** 
  67:d:\kzc\stm32\h743ii_lcd\lvgl\src/core\lv_disp.h **** /**
  68:d:\kzc\stm32\h743ii_lcd\lvgl\src/core\lv_disp.h ****  * Make a screen active
  69:d:\kzc\stm32\h743ii_lcd\lvgl\src/core\lv_disp.h ****  * @param scr pointer to a screen
  70:d:\kzc\stm32\h743ii_lcd\lvgl\src/core\lv_disp.h ****  */
  71:d:\kzc\stm32\h743ii_lcd\lvgl\src/core\lv_disp.h **** void lv_disp_load_scr(lv_obj_t * scr);
  72:d:\kzc\stm32\h743ii_lcd\lvgl\src/core\lv_disp.h **** 
  73:d:\kzc\stm32\h743ii_lcd\lvgl\src/core\lv_disp.h **** /**
  74:d:\kzc\stm32\h743ii_lcd\lvgl\src/core\lv_disp.h ****  * Return with the top layer. (Same on every screen and it is above the normal screen layer)
  75:d:\kzc\stm32\h743ii_lcd\lvgl\src/core\lv_disp.h ****  * @param disp pointer to display which top layer should be get. (NULL to use the default screen)
  76:d:\kzc\stm32\h743ii_lcd\lvgl\src/core\lv_disp.h ****  * @return pointer to the top layer object (transparent screen sized lv_obj)
  77:d:\kzc\stm32\h743ii_lcd\lvgl\src/core\lv_disp.h ****  */
  78:d:\kzc\stm32\h743ii_lcd\lvgl\src/core\lv_disp.h **** lv_obj_t * lv_disp_get_layer_top(lv_disp_t * disp);
  79:d:\kzc\stm32\h743ii_lcd\lvgl\src/core\lv_disp.h **** 
  80:d:\kzc\stm32\h743ii_lcd\lvgl\src/core\lv_disp.h **** /**
  81:d:\kzc\stm32\h743ii_lcd\lvgl\src/core\lv_disp.h ****  * Return with the sys. layer. (Same on every screen and it is above the normal screen and the top
  82:d:\kzc\stm32\h743ii_lcd\lvgl\src/core\lv_disp.h ****  * layer)
  83:d:\kzc\stm32\h743ii_lcd\lvgl\src/core\lv_disp.h ****  * @param disp pointer to display which sys. layer should be retrieved. (NULL to use the default sc
  84:d:\kzc\stm32\h743ii_lcd\lvgl\src/core\lv_disp.h ****  * @return pointer to the sys layer object (transparent screen sized lv_obj)
  85:d:\kzc\stm32\h743ii_lcd\lvgl\src/core\lv_disp.h ****  */
  86:d:\kzc\stm32\h743ii_lcd\lvgl\src/core\lv_disp.h **** lv_obj_t * lv_disp_get_layer_sys(lv_disp_t * disp);
  87:d:\kzc\stm32\h743ii_lcd\lvgl\src/core\lv_disp.h **** 
  88:d:\kzc\stm32\h743ii_lcd\lvgl\src/core\lv_disp.h **** /**
  89:d:\kzc\stm32\h743ii_lcd\lvgl\src/core\lv_disp.h ****  * Set the theme of a display
  90:d:\kzc\stm32\h743ii_lcd\lvgl\src/core\lv_disp.h ****  * @param disp pointer to a display
  91:d:\kzc\stm32\h743ii_lcd\lvgl\src/core\lv_disp.h ****  */
  92:d:\kzc\stm32\h743ii_lcd\lvgl\src/core\lv_disp.h **** void lv_disp_set_theme(lv_disp_t * disp, lv_theme_t * th);
  93:d:\kzc\stm32\h743ii_lcd\lvgl\src/core\lv_disp.h **** 
  94:d:\kzc\stm32\h743ii_lcd\lvgl\src/core\lv_disp.h **** /**
  95:d:\kzc\stm32\h743ii_lcd\lvgl\src/core\lv_disp.h ****  * Get the theme of a display
  96:d:\kzc\stm32\h743ii_lcd\lvgl\src/core\lv_disp.h ****  * @param disp pointer to a display
  97:d:\kzc\stm32\h743ii_lcd\lvgl\src/core\lv_disp.h ****  * @return the display's theme (can be NULL)
  98:d:\kzc\stm32\h743ii_lcd\lvgl\src/core\lv_disp.h ****  */
  99:d:\kzc\stm32\h743ii_lcd\lvgl\src/core\lv_disp.h **** lv_theme_t * lv_disp_get_theme(lv_disp_t * disp);
 100:d:\kzc\stm32\h743ii_lcd\lvgl\src/core\lv_disp.h **** 
 101:d:\kzc\stm32\h743ii_lcd\lvgl\src/core\lv_disp.h **** /**
 102:d:\kzc\stm32\h743ii_lcd\lvgl\src/core\lv_disp.h ****  * Set the background color of a display
 103:d:\kzc\stm32\h743ii_lcd\lvgl\src/core\lv_disp.h ****  * @param disp pointer to a display
 104:d:\kzc\stm32\h743ii_lcd\lvgl\src/core\lv_disp.h ****  * @param color color of the background
 105:d:\kzc\stm32\h743ii_lcd\lvgl\src/core\lv_disp.h ****  */
 106:d:\kzc\stm32\h743ii_lcd\lvgl\src/core\lv_disp.h **** void lv_disp_set_bg_color(lv_disp_t * disp, lv_color_t color);
 107:d:\kzc\stm32\h743ii_lcd\lvgl\src/core\lv_disp.h **** 
 108:d:\kzc\stm32\h743ii_lcd\lvgl\src/core\lv_disp.h **** /**
ARM GAS  C:\Users\OSD\AppData\Local\Temp\cc8SEjXE.s 			page 5


 109:d:\kzc\stm32\h743ii_lcd\lvgl\src/core\lv_disp.h ****  * Set the background image of a display
 110:d:\kzc\stm32\h743ii_lcd\lvgl\src/core\lv_disp.h ****  * @param disp pointer to a display
 111:d:\kzc\stm32\h743ii_lcd\lvgl\src/core\lv_disp.h ****  * @param img_src path to file or pointer to an `lv_img_dsc_t` variable
 112:d:\kzc\stm32\h743ii_lcd\lvgl\src/core\lv_disp.h ****  */
 113:d:\kzc\stm32\h743ii_lcd\lvgl\src/core\lv_disp.h **** void lv_disp_set_bg_image(lv_disp_t * disp, const void  * img_src);
 114:d:\kzc\stm32\h743ii_lcd\lvgl\src/core\lv_disp.h **** 
 115:d:\kzc\stm32\h743ii_lcd\lvgl\src/core\lv_disp.h **** /**
 116:d:\kzc\stm32\h743ii_lcd\lvgl\src/core\lv_disp.h ****  * Set opacity of the background
 117:d:\kzc\stm32\h743ii_lcd\lvgl\src/core\lv_disp.h ****  * @param disp pointer to a display
 118:d:\kzc\stm32\h743ii_lcd\lvgl\src/core\lv_disp.h ****  * @param opa opacity (0..255)
 119:d:\kzc\stm32\h743ii_lcd\lvgl\src/core\lv_disp.h ****  */
 120:d:\kzc\stm32\h743ii_lcd\lvgl\src/core\lv_disp.h **** void lv_disp_set_bg_opa(lv_disp_t * disp, lv_opa_t opa);
 121:d:\kzc\stm32\h743ii_lcd\lvgl\src/core\lv_disp.h **** 
 122:d:\kzc\stm32\h743ii_lcd\lvgl\src/core\lv_disp.h **** /**
 123:d:\kzc\stm32\h743ii_lcd\lvgl\src/core\lv_disp.h ****  * Switch screen with animation
 124:d:\kzc\stm32\h743ii_lcd\lvgl\src/core\lv_disp.h ****  * @param scr pointer to the new screen to load
 125:d:\kzc\stm32\h743ii_lcd\lvgl\src/core\lv_disp.h ****  * @param anim_type type of the animation from `lv_scr_load_anim_t`, e.g. `LV_SCR_LOAD_ANIM_MOVE_LE
 126:d:\kzc\stm32\h743ii_lcd\lvgl\src/core\lv_disp.h ****  * @param time time of the animation
 127:d:\kzc\stm32\h743ii_lcd\lvgl\src/core\lv_disp.h ****  * @param delay delay before the transition
 128:d:\kzc\stm32\h743ii_lcd\lvgl\src/core\lv_disp.h ****  * @param auto_del true: automatically delete the old screen
 129:d:\kzc\stm32\h743ii_lcd\lvgl\src/core\lv_disp.h ****  */
 130:d:\kzc\stm32\h743ii_lcd\lvgl\src/core\lv_disp.h **** void lv_scr_load_anim(lv_obj_t * scr, lv_scr_load_anim_t anim_type, uint32_t time, uint32_t delay, 
 131:d:\kzc\stm32\h743ii_lcd\lvgl\src/core\lv_disp.h **** 
 132:d:\kzc\stm32\h743ii_lcd\lvgl\src/core\lv_disp.h **** /**
 133:d:\kzc\stm32\h743ii_lcd\lvgl\src/core\lv_disp.h ****  * Get elapsed time since last user activity on a display (e.g. click)
 134:d:\kzc\stm32\h743ii_lcd\lvgl\src/core\lv_disp.h ****  * @param disp pointer to a display (NULL to get the overall smallest inactivity)
 135:d:\kzc\stm32\h743ii_lcd\lvgl\src/core\lv_disp.h ****  * @return elapsed ticks (milliseconds) since the last activity
 136:d:\kzc\stm32\h743ii_lcd\lvgl\src/core\lv_disp.h ****  */
 137:d:\kzc\stm32\h743ii_lcd\lvgl\src/core\lv_disp.h **** uint32_t lv_disp_get_inactive_time(const lv_disp_t * disp);
 138:d:\kzc\stm32\h743ii_lcd\lvgl\src/core\lv_disp.h **** 
 139:d:\kzc\stm32\h743ii_lcd\lvgl\src/core\lv_disp.h **** /**
 140:d:\kzc\stm32\h743ii_lcd\lvgl\src/core\lv_disp.h ****  * Manually trigger an activity on a display
 141:d:\kzc\stm32\h743ii_lcd\lvgl\src/core\lv_disp.h ****  * @param disp pointer to a display (NULL to use the default display)
 142:d:\kzc\stm32\h743ii_lcd\lvgl\src/core\lv_disp.h ****  */
 143:d:\kzc\stm32\h743ii_lcd\lvgl\src/core\lv_disp.h **** void lv_disp_trig_activity(lv_disp_t * disp);
 144:d:\kzc\stm32\h743ii_lcd\lvgl\src/core\lv_disp.h **** 
 145:d:\kzc\stm32\h743ii_lcd\lvgl\src/core\lv_disp.h **** /**
 146:d:\kzc\stm32\h743ii_lcd\lvgl\src/core\lv_disp.h ****  * Clean any CPU cache that is related to the display.
 147:d:\kzc\stm32\h743ii_lcd\lvgl\src/core\lv_disp.h ****  * @param disp pointer to a display (NULL to use the default display)
 148:d:\kzc\stm32\h743ii_lcd\lvgl\src/core\lv_disp.h ****  */
 149:d:\kzc\stm32\h743ii_lcd\lvgl\src/core\lv_disp.h **** void lv_disp_clean_dcache(lv_disp_t * disp);
 150:d:\kzc\stm32\h743ii_lcd\lvgl\src/core\lv_disp.h **** 
 151:d:\kzc\stm32\h743ii_lcd\lvgl\src/core\lv_disp.h **** /**
 152:d:\kzc\stm32\h743ii_lcd\lvgl\src/core\lv_disp.h ****  * Temporarily enable and disable the invalidation of the display.
 153:d:\kzc\stm32\h743ii_lcd\lvgl\src/core\lv_disp.h ****  * @param disp pointer to a display (NULL to use the default display)
 154:d:\kzc\stm32\h743ii_lcd\lvgl\src/core\lv_disp.h ****  * @param en true: enable invalidation; false: invalidation
 155:d:\kzc\stm32\h743ii_lcd\lvgl\src/core\lv_disp.h ****  */
 156:d:\kzc\stm32\h743ii_lcd\lvgl\src/core\lv_disp.h **** void lv_disp_enable_invalidation(lv_disp_t * disp, bool en);
 157:d:\kzc\stm32\h743ii_lcd\lvgl\src/core\lv_disp.h **** 
 158:d:\kzc\stm32\h743ii_lcd\lvgl\src/core\lv_disp.h **** /**
 159:d:\kzc\stm32\h743ii_lcd\lvgl\src/core\lv_disp.h ****  * Get display invalidation is enabled.
 160:d:\kzc\stm32\h743ii_lcd\lvgl\src/core\lv_disp.h ****  * @param disp pointer to a display (NULL to use the default display)
 161:d:\kzc\stm32\h743ii_lcd\lvgl\src/core\lv_disp.h ****  * @return return true if invalidation is enabled
 162:d:\kzc\stm32\h743ii_lcd\lvgl\src/core\lv_disp.h ****  */
 163:d:\kzc\stm32\h743ii_lcd\lvgl\src/core\lv_disp.h **** bool lv_disp_is_invalidation_enabled(lv_disp_t * disp);
 164:d:\kzc\stm32\h743ii_lcd\lvgl\src/core\lv_disp.h **** 
 165:d:\kzc\stm32\h743ii_lcd\lvgl\src/core\lv_disp.h **** /**
ARM GAS  C:\Users\OSD\AppData\Local\Temp\cc8SEjXE.s 			page 6


 166:d:\kzc\stm32\h743ii_lcd\lvgl\src/core\lv_disp.h ****  * Get a pointer to the screen refresher timer to
 167:d:\kzc\stm32\h743ii_lcd\lvgl\src/core\lv_disp.h ****  * modify its parameters with `lv_timer_...` functions.
 168:d:\kzc\stm32\h743ii_lcd\lvgl\src/core\lv_disp.h ****  * @param disp pointer to a display
 169:d:\kzc\stm32\h743ii_lcd\lvgl\src/core\lv_disp.h ****  * @return pointer to the display refresher timer. (NULL on error)
 170:d:\kzc\stm32\h743ii_lcd\lvgl\src/core\lv_disp.h ****  */
 171:d:\kzc\stm32\h743ii_lcd\lvgl\src/core\lv_disp.h **** lv_timer_t * _lv_disp_get_refr_timer(lv_disp_t * disp);
 172:d:\kzc\stm32\h743ii_lcd\lvgl\src/core\lv_disp.h **** 
 173:d:\kzc\stm32\h743ii_lcd\lvgl\src/core\lv_disp.h **** /*------------------------------------------------
 174:d:\kzc\stm32\h743ii_lcd\lvgl\src/core\lv_disp.h ****  * To improve backward compatibility
 175:d:\kzc\stm32\h743ii_lcd\lvgl\src/core\lv_disp.h ****  * Recommended only if you have one display
 176:d:\kzc\stm32\h743ii_lcd\lvgl\src/core\lv_disp.h ****  *------------------------------------------------*/
 177:d:\kzc\stm32\h743ii_lcd\lvgl\src/core\lv_disp.h **** 
 178:d:\kzc\stm32\h743ii_lcd\lvgl\src/core\lv_disp.h **** /**
 179:d:\kzc\stm32\h743ii_lcd\lvgl\src/core\lv_disp.h ****  * Get the active screen of the default display
 180:d:\kzc\stm32\h743ii_lcd\lvgl\src/core\lv_disp.h ****  * @return pointer to the active screen
 181:d:\kzc\stm32\h743ii_lcd\lvgl\src/core\lv_disp.h ****  */
 182:d:\kzc\stm32\h743ii_lcd\lvgl\src/core\lv_disp.h **** static inline lv_obj_t * lv_scr_act(void)
 102              		.loc 2 182 26 view .LVU12
 103              	.LBB33:
 183:d:\kzc\stm32\h743ii_lcd\lvgl\src/core\lv_disp.h **** {
 184:d:\kzc\stm32\h743ii_lcd\lvgl\src/core\lv_disp.h ****     return lv_disp_get_scr_act(lv_disp_get_default());
 104              		.loc 2 184 5 view .LVU13
 105              		.loc 2 184 12 is_stmt 0 view .LVU14
 106 0038 FFF7FEFF 		bl	lv_disp_get_default
 107              	.LVL9:
 108 003c FFF7FEFF 		bl	lv_disp_get_scr_act
 109              	.LVL10:
 110              	.LBE33:
 111              	.LBE32:
 112              		.loc 1 22 22 view .LVU15
 113 0040 FFF7FEFF 		bl	lv_bar_create
 114              	.LVL11:
 115 0044 0446     		mov	r4, r0
 116              	.LVL12:
  23:lvgl/examples/widgets/bar/lv_example_bar_3.c ****     lv_obj_add_style(bar, &style_indic, LV_PART_INDICATOR);
 117              		.loc 1 23 5 is_stmt 1 view .LVU16
 118 0046 4FF40032 		mov	r2, #131072
 119 004a 2946     		mov	r1, r5
 120 004c FFF7FEFF 		bl	lv_obj_add_style
 121              	.LVL13:
  24:lvgl/examples/widgets/bar/lv_example_bar_3.c ****     lv_obj_set_size(bar, 20, 200);
 122              		.loc 1 24 5 view .LVU17
 123 0050 C822     		movs	r2, #200
 124 0052 1421     		movs	r1, #20
 125 0054 2046     		mov	r0, r4
 126 0056 FFF7FEFF 		bl	lv_obj_set_size
 127              	.LVL14:
  25:lvgl/examples/widgets/bar/lv_example_bar_3.c ****     lv_obj_center(bar);
 128              		.loc 1 25 5 view .LVU18
 129              	.LBB34:
 130              	.LBI34:
 131              		.file 3 "d:\\kzc\\stm32\\h743ii_lcd\\lvgl\\src\\core\\lv_obj_pos.h"
   1:d:\kzc\stm32\h743ii_lcd\lvgl\src/core\lv_obj_pos.h **** /**
   2:d:\kzc\stm32\h743ii_lcd\lvgl\src/core\lv_obj_pos.h ****  * @file lv_obj_pos.h
   3:d:\kzc\stm32\h743ii_lcd\lvgl\src/core\lv_obj_pos.h ****  *
   4:d:\kzc\stm32\h743ii_lcd\lvgl\src/core\lv_obj_pos.h ****  */
   5:d:\kzc\stm32\h743ii_lcd\lvgl\src/core\lv_obj_pos.h **** 
ARM GAS  C:\Users\OSD\AppData\Local\Temp\cc8SEjXE.s 			page 7


   6:d:\kzc\stm32\h743ii_lcd\lvgl\src/core\lv_obj_pos.h **** #ifndef LV_OBJ_POS_H
   7:d:\kzc\stm32\h743ii_lcd\lvgl\src/core\lv_obj_pos.h **** #define LV_OBJ_POS_H
   8:d:\kzc\stm32\h743ii_lcd\lvgl\src/core\lv_obj_pos.h **** 
   9:d:\kzc\stm32\h743ii_lcd\lvgl\src/core\lv_obj_pos.h **** #ifdef __cplusplus
  10:d:\kzc\stm32\h743ii_lcd\lvgl\src/core\lv_obj_pos.h **** extern "C" {
  11:d:\kzc\stm32\h743ii_lcd\lvgl\src/core\lv_obj_pos.h **** #endif
  12:d:\kzc\stm32\h743ii_lcd\lvgl\src/core\lv_obj_pos.h **** 
  13:d:\kzc\stm32\h743ii_lcd\lvgl\src/core\lv_obj_pos.h **** /*********************
  14:d:\kzc\stm32\h743ii_lcd\lvgl\src/core\lv_obj_pos.h ****  *      INCLUDES
  15:d:\kzc\stm32\h743ii_lcd\lvgl\src/core\lv_obj_pos.h ****  *********************/
  16:d:\kzc\stm32\h743ii_lcd\lvgl\src/core\lv_obj_pos.h **** #include "../misc/lv_area.h"
  17:d:\kzc\stm32\h743ii_lcd\lvgl\src/core\lv_obj_pos.h **** 
  18:d:\kzc\stm32\h743ii_lcd\lvgl\src/core\lv_obj_pos.h **** /*********************
  19:d:\kzc\stm32\h743ii_lcd\lvgl\src/core\lv_obj_pos.h ****  *      DEFINES
  20:d:\kzc\stm32\h743ii_lcd\lvgl\src/core\lv_obj_pos.h ****  *********************/
  21:d:\kzc\stm32\h743ii_lcd\lvgl\src/core\lv_obj_pos.h **** 
  22:d:\kzc\stm32\h743ii_lcd\lvgl\src/core\lv_obj_pos.h **** /**********************
  23:d:\kzc\stm32\h743ii_lcd\lvgl\src/core\lv_obj_pos.h ****  *      TYPEDEFS
  24:d:\kzc\stm32\h743ii_lcd\lvgl\src/core\lv_obj_pos.h ****  **********************/
  25:d:\kzc\stm32\h743ii_lcd\lvgl\src/core\lv_obj_pos.h **** struct _lv_obj_t;
  26:d:\kzc\stm32\h743ii_lcd\lvgl\src/core\lv_obj_pos.h **** 
  27:d:\kzc\stm32\h743ii_lcd\lvgl\src/core\lv_obj_pos.h **** typedef void (*lv_layout_update_cb_t)(struct _lv_obj_t *, void * user_data);
  28:d:\kzc\stm32\h743ii_lcd\lvgl\src/core\lv_obj_pos.h **** typedef struct {
  29:d:\kzc\stm32\h743ii_lcd\lvgl\src/core\lv_obj_pos.h ****     lv_layout_update_cb_t cb;
  30:d:\kzc\stm32\h743ii_lcd\lvgl\src/core\lv_obj_pos.h ****     void * user_data;
  31:d:\kzc\stm32\h743ii_lcd\lvgl\src/core\lv_obj_pos.h **** } lv_layout_dsc_t;
  32:d:\kzc\stm32\h743ii_lcd\lvgl\src/core\lv_obj_pos.h **** 
  33:d:\kzc\stm32\h743ii_lcd\lvgl\src/core\lv_obj_pos.h **** /**********************
  34:d:\kzc\stm32\h743ii_lcd\lvgl\src/core\lv_obj_pos.h ****  * GLOBAL PROTOTYPES
  35:d:\kzc\stm32\h743ii_lcd\lvgl\src/core\lv_obj_pos.h ****  **********************/
  36:d:\kzc\stm32\h743ii_lcd\lvgl\src/core\lv_obj_pos.h **** 
  37:d:\kzc\stm32\h743ii_lcd\lvgl\src/core\lv_obj_pos.h **** /**
  38:d:\kzc\stm32\h743ii_lcd\lvgl\src/core\lv_obj_pos.h ****  * Set the position of an object relative to the set alignment.
  39:d:\kzc\stm32\h743ii_lcd\lvgl\src/core\lv_obj_pos.h ****  * @param obj       pointer to an object
  40:d:\kzc\stm32\h743ii_lcd\lvgl\src/core\lv_obj_pos.h ****  * @param x         new x coordinate
  41:d:\kzc\stm32\h743ii_lcd\lvgl\src/core\lv_obj_pos.h ****  * @param y         new y coordinate
  42:d:\kzc\stm32\h743ii_lcd\lvgl\src/core\lv_obj_pos.h ****  * @note            With default alignment it's the distance from the top left corner
  43:d:\kzc\stm32\h743ii_lcd\lvgl\src/core\lv_obj_pos.h ****  * @note            E.g. LV_ALIGN_CENTER alignment it's the offset from the center of the parent
  44:d:\kzc\stm32\h743ii_lcd\lvgl\src/core\lv_obj_pos.h ****  * @note            The position is interpreted on the content area of the parent
  45:d:\kzc\stm32\h743ii_lcd\lvgl\src/core\lv_obj_pos.h ****  * @note            The values can be set in pixel or in percentage of parent size with `lv_pct(v)`
  46:d:\kzc\stm32\h743ii_lcd\lvgl\src/core\lv_obj_pos.h ****  */
  47:d:\kzc\stm32\h743ii_lcd\lvgl\src/core\lv_obj_pos.h **** void lv_obj_set_pos(struct _lv_obj_t * obj, lv_coord_t x, lv_coord_t y);
  48:d:\kzc\stm32\h743ii_lcd\lvgl\src/core\lv_obj_pos.h **** 
  49:d:\kzc\stm32\h743ii_lcd\lvgl\src/core\lv_obj_pos.h **** /**
  50:d:\kzc\stm32\h743ii_lcd\lvgl\src/core\lv_obj_pos.h ****  * Set the x coordinate of an object
  51:d:\kzc\stm32\h743ii_lcd\lvgl\src/core\lv_obj_pos.h ****  * @param obj       pointer to an object
  52:d:\kzc\stm32\h743ii_lcd\lvgl\src/core\lv_obj_pos.h ****  * @param x         new x coordinate
  53:d:\kzc\stm32\h743ii_lcd\lvgl\src/core\lv_obj_pos.h ****  * @note            With default alignment it's the distance from the top left corner
  54:d:\kzc\stm32\h743ii_lcd\lvgl\src/core\lv_obj_pos.h ****  * @note            E.g. LV_ALIGN_CENTER alignment it's the offset from the center of the parent
  55:d:\kzc\stm32\h743ii_lcd\lvgl\src/core\lv_obj_pos.h ****  * @note            The position is interpreted on the content area of the parent
  56:d:\kzc\stm32\h743ii_lcd\lvgl\src/core\lv_obj_pos.h ****  * @note            The values can be set in pixel or in percentage of parent size with `lv_pct(v)`
  57:d:\kzc\stm32\h743ii_lcd\lvgl\src/core\lv_obj_pos.h ****  */
  58:d:\kzc\stm32\h743ii_lcd\lvgl\src/core\lv_obj_pos.h **** void lv_obj_set_x(struct _lv_obj_t * obj, lv_coord_t x);
  59:d:\kzc\stm32\h743ii_lcd\lvgl\src/core\lv_obj_pos.h **** 
  60:d:\kzc\stm32\h743ii_lcd\lvgl\src/core\lv_obj_pos.h **** /**
  61:d:\kzc\stm32\h743ii_lcd\lvgl\src/core\lv_obj_pos.h ****  * Set the y coordinate of an object
  62:d:\kzc\stm32\h743ii_lcd\lvgl\src/core\lv_obj_pos.h ****  * @param obj       pointer to an object
ARM GAS  C:\Users\OSD\AppData\Local\Temp\cc8SEjXE.s 			page 8


  63:d:\kzc\stm32\h743ii_lcd\lvgl\src/core\lv_obj_pos.h ****  * @param y         new y coordinate
  64:d:\kzc\stm32\h743ii_lcd\lvgl\src/core\lv_obj_pos.h ****  * @note            With default alignment it's the distance from the top left corner
  65:d:\kzc\stm32\h743ii_lcd\lvgl\src/core\lv_obj_pos.h ****  * @note            E.g. LV_ALIGN_CENTER alignment it's the offset from the center of the parent
  66:d:\kzc\stm32\h743ii_lcd\lvgl\src/core\lv_obj_pos.h ****  * @note            The position is interpreted on the content area of the parent
  67:d:\kzc\stm32\h743ii_lcd\lvgl\src/core\lv_obj_pos.h ****  * @note            The values can be set in pixel or in percentage of parent size with `lv_pct(v)`
  68:d:\kzc\stm32\h743ii_lcd\lvgl\src/core\lv_obj_pos.h ****  */
  69:d:\kzc\stm32\h743ii_lcd\lvgl\src/core\lv_obj_pos.h **** void lv_obj_set_y(struct _lv_obj_t * obj, lv_coord_t y);
  70:d:\kzc\stm32\h743ii_lcd\lvgl\src/core\lv_obj_pos.h **** 
  71:d:\kzc\stm32\h743ii_lcd\lvgl\src/core\lv_obj_pos.h **** /**
  72:d:\kzc\stm32\h743ii_lcd\lvgl\src/core\lv_obj_pos.h ****  * Set the size of an object.
  73:d:\kzc\stm32\h743ii_lcd\lvgl\src/core\lv_obj_pos.h ****  * @param obj       pointer to an object
  74:d:\kzc\stm32\h743ii_lcd\lvgl\src/core\lv_obj_pos.h ****  * @param w         the new width
  75:d:\kzc\stm32\h743ii_lcd\lvgl\src/core\lv_obj_pos.h ****  * @param h         the new height
  76:d:\kzc\stm32\h743ii_lcd\lvgl\src/core\lv_obj_pos.h ****  * @note            possible values are:
  77:d:\kzc\stm32\h743ii_lcd\lvgl\src/core\lv_obj_pos.h ****  *                  pixel               simple set the size accordingly
  78:d:\kzc\stm32\h743ii_lcd\lvgl\src/core\lv_obj_pos.h ****  *                  LV_SIZE_CONTENT     set the size to involve all children in the given direction
  79:d:\kzc\stm32\h743ii_lcd\lvgl\src/core\lv_obj_pos.h ****  *                  LV_SIZE_PCT(x)     to set size in percentage of the parent's content area size 
  80:d:\kzc\stm32\h743ii_lcd\lvgl\src/core\lv_obj_pos.h ****  *                                      x should be in [0..1000]% range
  81:d:\kzc\stm32\h743ii_lcd\lvgl\src/core\lv_obj_pos.h ****  */
  82:d:\kzc\stm32\h743ii_lcd\lvgl\src/core\lv_obj_pos.h **** void lv_obj_set_size(struct _lv_obj_t * obj, lv_coord_t w, lv_coord_t h);
  83:d:\kzc\stm32\h743ii_lcd\lvgl\src/core\lv_obj_pos.h **** 
  84:d:\kzc\stm32\h743ii_lcd\lvgl\src/core\lv_obj_pos.h **** /**
  85:d:\kzc\stm32\h743ii_lcd\lvgl\src/core\lv_obj_pos.h ****  * Recalculate the size of the object
  86:d:\kzc\stm32\h743ii_lcd\lvgl\src/core\lv_obj_pos.h ****  * @param obj       pointer to an object
  87:d:\kzc\stm32\h743ii_lcd\lvgl\src/core\lv_obj_pos.h ****  * @return          true: the size has been changed
  88:d:\kzc\stm32\h743ii_lcd\lvgl\src/core\lv_obj_pos.h ****  */
  89:d:\kzc\stm32\h743ii_lcd\lvgl\src/core\lv_obj_pos.h **** bool lv_obj_refr_size(struct _lv_obj_t * obj);
  90:d:\kzc\stm32\h743ii_lcd\lvgl\src/core\lv_obj_pos.h **** 
  91:d:\kzc\stm32\h743ii_lcd\lvgl\src/core\lv_obj_pos.h **** /**
  92:d:\kzc\stm32\h743ii_lcd\lvgl\src/core\lv_obj_pos.h ****  * Set the width of an object
  93:d:\kzc\stm32\h743ii_lcd\lvgl\src/core\lv_obj_pos.h ****  * @param obj       pointer to an object
  94:d:\kzc\stm32\h743ii_lcd\lvgl\src/core\lv_obj_pos.h ****  * @param w         the new width
  95:d:\kzc\stm32\h743ii_lcd\lvgl\src/core\lv_obj_pos.h ****  * @note            possible values are:
  96:d:\kzc\stm32\h743ii_lcd\lvgl\src/core\lv_obj_pos.h ****  *                  pixel               simple set the size accordingly
  97:d:\kzc\stm32\h743ii_lcd\lvgl\src/core\lv_obj_pos.h ****  *                  LV_SIZE_CONTENT     set the size to involve all children in the given direction
  98:d:\kzc\stm32\h743ii_lcd\lvgl\src/core\lv_obj_pos.h ****  *                  lv_pct(x)           to set size in percentage of the parent's content area size
  99:d:\kzc\stm32\h743ii_lcd\lvgl\src/core\lv_obj_pos.h ****  *                                      x should be in [0..1000]% range
 100:d:\kzc\stm32\h743ii_lcd\lvgl\src/core\lv_obj_pos.h ****  */
 101:d:\kzc\stm32\h743ii_lcd\lvgl\src/core\lv_obj_pos.h **** void lv_obj_set_width(struct _lv_obj_t * obj, lv_coord_t w);
 102:d:\kzc\stm32\h743ii_lcd\lvgl\src/core\lv_obj_pos.h **** 
 103:d:\kzc\stm32\h743ii_lcd\lvgl\src/core\lv_obj_pos.h **** /**
 104:d:\kzc\stm32\h743ii_lcd\lvgl\src/core\lv_obj_pos.h ****  * Set the height of an object
 105:d:\kzc\stm32\h743ii_lcd\lvgl\src/core\lv_obj_pos.h ****  * @param obj       pointer to an object
 106:d:\kzc\stm32\h743ii_lcd\lvgl\src/core\lv_obj_pos.h ****  * @param h         the new height
 107:d:\kzc\stm32\h743ii_lcd\lvgl\src/core\lv_obj_pos.h ****  * @note            possible values are:
 108:d:\kzc\stm32\h743ii_lcd\lvgl\src/core\lv_obj_pos.h ****  *                  pixel               simple set the size accordingly
 109:d:\kzc\stm32\h743ii_lcd\lvgl\src/core\lv_obj_pos.h ****  *                  LV_SIZE_CONTENT     set the size to involve all children in the given direction
 110:d:\kzc\stm32\h743ii_lcd\lvgl\src/core\lv_obj_pos.h ****  *                  lv_pct(x)           to set size in percentage of the parent's content area size
 111:d:\kzc\stm32\h743ii_lcd\lvgl\src/core\lv_obj_pos.h ****  *                                      x should be in [0..1000]% range
 112:d:\kzc\stm32\h743ii_lcd\lvgl\src/core\lv_obj_pos.h ****  */
 113:d:\kzc\stm32\h743ii_lcd\lvgl\src/core\lv_obj_pos.h **** void lv_obj_set_height(struct _lv_obj_t * obj, lv_coord_t h);
 114:d:\kzc\stm32\h743ii_lcd\lvgl\src/core\lv_obj_pos.h **** 
 115:d:\kzc\stm32\h743ii_lcd\lvgl\src/core\lv_obj_pos.h **** /**
 116:d:\kzc\stm32\h743ii_lcd\lvgl\src/core\lv_obj_pos.h ****  * Set the width reduced by the left and right padding and the border width.
 117:d:\kzc\stm32\h743ii_lcd\lvgl\src/core\lv_obj_pos.h ****  * @param obj       pointer to an object
 118:d:\kzc\stm32\h743ii_lcd\lvgl\src/core\lv_obj_pos.h ****  * @param w         the width without paddings in pixels
 119:d:\kzc\stm32\h743ii_lcd\lvgl\src/core\lv_obj_pos.h ****  */
ARM GAS  C:\Users\OSD\AppData\Local\Temp\cc8SEjXE.s 			page 9


 120:d:\kzc\stm32\h743ii_lcd\lvgl\src/core\lv_obj_pos.h **** void lv_obj_set_content_width(struct _lv_obj_t * obj, lv_coord_t w);
 121:d:\kzc\stm32\h743ii_lcd\lvgl\src/core\lv_obj_pos.h **** 
 122:d:\kzc\stm32\h743ii_lcd\lvgl\src/core\lv_obj_pos.h **** /**
 123:d:\kzc\stm32\h743ii_lcd\lvgl\src/core\lv_obj_pos.h ****  * Set the height reduced by the top and bottom padding and the border width.
 124:d:\kzc\stm32\h743ii_lcd\lvgl\src/core\lv_obj_pos.h ****  * @param obj       pointer to an object
 125:d:\kzc\stm32\h743ii_lcd\lvgl\src/core\lv_obj_pos.h ****  * @param h         the height without paddings in pixels
 126:d:\kzc\stm32\h743ii_lcd\lvgl\src/core\lv_obj_pos.h ****  */
 127:d:\kzc\stm32\h743ii_lcd\lvgl\src/core\lv_obj_pos.h **** void lv_obj_set_content_height(struct _lv_obj_t * obj, lv_coord_t h);
 128:d:\kzc\stm32\h743ii_lcd\lvgl\src/core\lv_obj_pos.h **** 
 129:d:\kzc\stm32\h743ii_lcd\lvgl\src/core\lv_obj_pos.h **** /**
 130:d:\kzc\stm32\h743ii_lcd\lvgl\src/core\lv_obj_pos.h ****  * Set a layout for an object
 131:d:\kzc\stm32\h743ii_lcd\lvgl\src/core\lv_obj_pos.h ****  * @param obj       pointer to an object
 132:d:\kzc\stm32\h743ii_lcd\lvgl\src/core\lv_obj_pos.h ****  * @param layout    pointer to a layout descriptor to set
 133:d:\kzc\stm32\h743ii_lcd\lvgl\src/core\lv_obj_pos.h ****  */
 134:d:\kzc\stm32\h743ii_lcd\lvgl\src/core\lv_obj_pos.h **** void lv_obj_set_layout(struct _lv_obj_t * obj, uint32_t layout);
 135:d:\kzc\stm32\h743ii_lcd\lvgl\src/core\lv_obj_pos.h **** 
 136:d:\kzc\stm32\h743ii_lcd\lvgl\src/core\lv_obj_pos.h **** /**
 137:d:\kzc\stm32\h743ii_lcd\lvgl\src/core\lv_obj_pos.h ****  * Test whether the and object is positioned by a layout or not
 138:d:\kzc\stm32\h743ii_lcd\lvgl\src/core\lv_obj_pos.h ****  * @param obj       pointer to an object to test
 139:d:\kzc\stm32\h743ii_lcd\lvgl\src/core\lv_obj_pos.h ****  * @return true:    positioned by a layout; false: not positioned by a layout
 140:d:\kzc\stm32\h743ii_lcd\lvgl\src/core\lv_obj_pos.h ****  */
 141:d:\kzc\stm32\h743ii_lcd\lvgl\src/core\lv_obj_pos.h **** bool lv_obj_is_layout_positioned(const struct _lv_obj_t * obj);
 142:d:\kzc\stm32\h743ii_lcd\lvgl\src/core\lv_obj_pos.h **** 
 143:d:\kzc\stm32\h743ii_lcd\lvgl\src/core\lv_obj_pos.h **** /**
 144:d:\kzc\stm32\h743ii_lcd\lvgl\src/core\lv_obj_pos.h ****  * Mark the object for layout update.
 145:d:\kzc\stm32\h743ii_lcd\lvgl\src/core\lv_obj_pos.h ****  * @param obj      pointer to an object whose children needs to be updated
 146:d:\kzc\stm32\h743ii_lcd\lvgl\src/core\lv_obj_pos.h ****  */
 147:d:\kzc\stm32\h743ii_lcd\lvgl\src/core\lv_obj_pos.h **** void lv_obj_mark_layout_as_dirty(struct _lv_obj_t * obj);
 148:d:\kzc\stm32\h743ii_lcd\lvgl\src/core\lv_obj_pos.h **** 
 149:d:\kzc\stm32\h743ii_lcd\lvgl\src/core\lv_obj_pos.h **** /**
 150:d:\kzc\stm32\h743ii_lcd\lvgl\src/core\lv_obj_pos.h ****  * Update the layout of an object.
 151:d:\kzc\stm32\h743ii_lcd\lvgl\src/core\lv_obj_pos.h ****  * @param obj      pointer to an object whose children needs to be updated
 152:d:\kzc\stm32\h743ii_lcd\lvgl\src/core\lv_obj_pos.h ****  */
 153:d:\kzc\stm32\h743ii_lcd\lvgl\src/core\lv_obj_pos.h **** void lv_obj_update_layout(const struct _lv_obj_t * obj);
 154:d:\kzc\stm32\h743ii_lcd\lvgl\src/core\lv_obj_pos.h **** 
 155:d:\kzc\stm32\h743ii_lcd\lvgl\src/core\lv_obj_pos.h **** /**
 156:d:\kzc\stm32\h743ii_lcd\lvgl\src/core\lv_obj_pos.h ****  * Register a new layout
 157:d:\kzc\stm32\h743ii_lcd\lvgl\src/core\lv_obj_pos.h ****  * @param cb        the layout update callback
 158:d:\kzc\stm32\h743ii_lcd\lvgl\src/core\lv_obj_pos.h ****  * @param user_data custom data that will be passed to `cb`
 159:d:\kzc\stm32\h743ii_lcd\lvgl\src/core\lv_obj_pos.h ****  * @return          the ID of the new layout
 160:d:\kzc\stm32\h743ii_lcd\lvgl\src/core\lv_obj_pos.h ****  */
 161:d:\kzc\stm32\h743ii_lcd\lvgl\src/core\lv_obj_pos.h **** uint32_t lv_layout_register(lv_layout_update_cb_t cb, void * user_data);
 162:d:\kzc\stm32\h743ii_lcd\lvgl\src/core\lv_obj_pos.h **** 
 163:d:\kzc\stm32\h743ii_lcd\lvgl\src/core\lv_obj_pos.h **** /**
 164:d:\kzc\stm32\h743ii_lcd\lvgl\src/core\lv_obj_pos.h ****  * Change the alignment of an object.
 165:d:\kzc\stm32\h743ii_lcd\lvgl\src/core\lv_obj_pos.h ****  * @param obj       pointer to an object to align
 166:d:\kzc\stm32\h743ii_lcd\lvgl\src/core\lv_obj_pos.h ****  * @param align     type of alignment (see 'lv_align_t' enum) `LV_ALIGN_OUT_...` can't be used.
 167:d:\kzc\stm32\h743ii_lcd\lvgl\src/core\lv_obj_pos.h ****  */
 168:d:\kzc\stm32\h743ii_lcd\lvgl\src/core\lv_obj_pos.h **** void lv_obj_set_align(struct _lv_obj_t * obj, lv_align_t align);
 169:d:\kzc\stm32\h743ii_lcd\lvgl\src/core\lv_obj_pos.h **** 
 170:d:\kzc\stm32\h743ii_lcd\lvgl\src/core\lv_obj_pos.h **** /**
 171:d:\kzc\stm32\h743ii_lcd\lvgl\src/core\lv_obj_pos.h ****  * Change the alignment of an object and set new coordinates.
 172:d:\kzc\stm32\h743ii_lcd\lvgl\src/core\lv_obj_pos.h ****  * Equivalent to:
 173:d:\kzc\stm32\h743ii_lcd\lvgl\src/core\lv_obj_pos.h ****  * lv_obj_set_align(obj, align);
 174:d:\kzc\stm32\h743ii_lcd\lvgl\src/core\lv_obj_pos.h ****  * lv_obj_set_pos(obj, x_ofs, y_ofs);
 175:d:\kzc\stm32\h743ii_lcd\lvgl\src/core\lv_obj_pos.h ****  * @param obj       pointer to an object to align
 176:d:\kzc\stm32\h743ii_lcd\lvgl\src/core\lv_obj_pos.h ****  * @param align     type of alignment (see 'lv_align_t' enum) `LV_ALIGN_OUT_...` can't be used.
ARM GAS  C:\Users\OSD\AppData\Local\Temp\cc8SEjXE.s 			page 10


 177:d:\kzc\stm32\h743ii_lcd\lvgl\src/core\lv_obj_pos.h ****  * @param x_ofs     x coordinate offset after alignment
 178:d:\kzc\stm32\h743ii_lcd\lvgl\src/core\lv_obj_pos.h ****  * @param y_ofs     y coordinate offset after alignment
 179:d:\kzc\stm32\h743ii_lcd\lvgl\src/core\lv_obj_pos.h ****  */
 180:d:\kzc\stm32\h743ii_lcd\lvgl\src/core\lv_obj_pos.h **** void lv_obj_align(struct _lv_obj_t * obj, lv_align_t align, lv_coord_t x_ofs, lv_coord_t y_ofs);
 181:d:\kzc\stm32\h743ii_lcd\lvgl\src/core\lv_obj_pos.h **** 
 182:d:\kzc\stm32\h743ii_lcd\lvgl\src/core\lv_obj_pos.h **** /**
 183:d:\kzc\stm32\h743ii_lcd\lvgl\src/core\lv_obj_pos.h ****  * Align an object to an other object.
 184:d:\kzc\stm32\h743ii_lcd\lvgl\src/core\lv_obj_pos.h ****  * @param obj       pointer to an object to align
 185:d:\kzc\stm32\h743ii_lcd\lvgl\src/core\lv_obj_pos.h ****  * @param base      pointer to an other object (if NULL `obj`s parent is used). 'obj' will be align
 186:d:\kzc\stm32\h743ii_lcd\lvgl\src/core\lv_obj_pos.h ****  * @param align     type of alignment (see 'lv_align_t' enum)
 187:d:\kzc\stm32\h743ii_lcd\lvgl\src/core\lv_obj_pos.h ****  * @param x_ofs     x coordinate offset after alignment
 188:d:\kzc\stm32\h743ii_lcd\lvgl\src/core\lv_obj_pos.h ****  * @param y_ofs     y coordinate offset after alignment
 189:d:\kzc\stm32\h743ii_lcd\lvgl\src/core\lv_obj_pos.h ****  * @note            if the position or size of `base` changes `obj` needs to be aligned manually ag
 190:d:\kzc\stm32\h743ii_lcd\lvgl\src/core\lv_obj_pos.h ****  */
 191:d:\kzc\stm32\h743ii_lcd\lvgl\src/core\lv_obj_pos.h **** void lv_obj_align_to(struct _lv_obj_t * obj, const struct _lv_obj_t * base, lv_align_t align, lv_co
 192:d:\kzc\stm32\h743ii_lcd\lvgl\src/core\lv_obj_pos.h ****                      lv_coord_t y_ofs);
 193:d:\kzc\stm32\h743ii_lcd\lvgl\src/core\lv_obj_pos.h **** 
 194:d:\kzc\stm32\h743ii_lcd\lvgl\src/core\lv_obj_pos.h **** /**
 195:d:\kzc\stm32\h743ii_lcd\lvgl\src/core\lv_obj_pos.h ****  * Align an object to the center on its parent.
 196:d:\kzc\stm32\h743ii_lcd\lvgl\src/core\lv_obj_pos.h ****  * @param obj       pointer to an object to align
 197:d:\kzc\stm32\h743ii_lcd\lvgl\src/core\lv_obj_pos.h ****  * @note            if the parent size changes `obj` needs to be aligned manually again
 198:d:\kzc\stm32\h743ii_lcd\lvgl\src/core\lv_obj_pos.h ****  */
 199:d:\kzc\stm32\h743ii_lcd\lvgl\src/core\lv_obj_pos.h **** static inline void lv_obj_center(struct _lv_obj_t * obj)
 132              		.loc 3 199 20 view .LVU19
 133              	.LBB35:
 200:d:\kzc\stm32\h743ii_lcd\lvgl\src/core\lv_obj_pos.h **** {
 201:d:\kzc\stm32\h743ii_lcd\lvgl\src/core\lv_obj_pos.h ****     lv_obj_align(obj, LV_ALIGN_CENTER, 0, 0);
 134              		.loc 3 201 5 view .LVU20
 135 005a 0023     		movs	r3, #0
 136 005c 1A46     		mov	r2, r3
 137 005e 0921     		movs	r1, #9
 138 0060 2046     		mov	r0, r4
 139 0062 FFF7FEFF 		bl	lv_obj_align
 140              	.LVL15:
 141              		.loc 3 201 5 is_stmt 0 view .LVU21
 142              	.LBE35:
 143              	.LBE34:
  26:lvgl/examples/widgets/bar/lv_example_bar_3.c ****     lv_bar_set_range(bar, -20, 40);
 144              		.loc 1 26 5 is_stmt 1 view .LVU22
 145 0066 2822     		movs	r2, #40
 146 0068 6FF01301 		mvn	r1, #19
 147 006c 2046     		mov	r0, r4
 148 006e FFF7FEFF 		bl	lv_bar_set_range
 149              	.LVL16:
  27:lvgl/examples/widgets/bar/lv_example_bar_3.c **** 
  28:lvgl/examples/widgets/bar/lv_example_bar_3.c ****     lv_anim_t a;
 150              		.loc 1 28 5 view .LVU23
  29:lvgl/examples/widgets/bar/lv_example_bar_3.c ****     lv_anim_init(&a);
 151              		.loc 1 29 5 view .LVU24
 152 0072 01A8     		add	r0, sp, #4
 153 0074 FFF7FEFF 		bl	lv_anim_init
 154              	.LVL17:
  30:lvgl/examples/widgets/bar/lv_example_bar_3.c ****     lv_anim_set_exec_cb(&a, set_temp);
 155              		.loc 1 30 5 view .LVU25
 156              	.LBB36:
 157              	.LBI36:
 158              		.file 4 "d:\\kzc\\stm32\\h743ii_lcd\\lvgl\\src/misc/lv_anim.h"
ARM GAS  C:\Users\OSD\AppData\Local\Temp\cc8SEjXE.s 			page 11


   1:d:\kzc\stm32\h743ii_lcd\lvgl\src/misc\lv_anim.h **** /**
   2:d:\kzc\stm32\h743ii_lcd\lvgl\src/misc\lv_anim.h ****  * @file lv_anim.h
   3:d:\kzc\stm32\h743ii_lcd\lvgl\src/misc\lv_anim.h ****  *
   4:d:\kzc\stm32\h743ii_lcd\lvgl\src/misc\lv_anim.h ****  */
   5:d:\kzc\stm32\h743ii_lcd\lvgl\src/misc\lv_anim.h **** 
   6:d:\kzc\stm32\h743ii_lcd\lvgl\src/misc\lv_anim.h **** #ifndef LV_ANIM_H
   7:d:\kzc\stm32\h743ii_lcd\lvgl\src/misc\lv_anim.h **** #define LV_ANIM_H
   8:d:\kzc\stm32\h743ii_lcd\lvgl\src/misc\lv_anim.h **** 
   9:d:\kzc\stm32\h743ii_lcd\lvgl\src/misc\lv_anim.h **** #ifdef __cplusplus
  10:d:\kzc\stm32\h743ii_lcd\lvgl\src/misc\lv_anim.h **** extern "C" {
  11:d:\kzc\stm32\h743ii_lcd\lvgl\src/misc\lv_anim.h **** #endif
  12:d:\kzc\stm32\h743ii_lcd\lvgl\src/misc\lv_anim.h **** 
  13:d:\kzc\stm32\h743ii_lcd\lvgl\src/misc\lv_anim.h **** /*********************
  14:d:\kzc\stm32\h743ii_lcd\lvgl\src/misc\lv_anim.h ****  *      INCLUDES
  15:d:\kzc\stm32\h743ii_lcd\lvgl\src/misc\lv_anim.h ****  *********************/
  16:d:\kzc\stm32\h743ii_lcd\lvgl\src/misc\lv_anim.h **** #include "../lv_conf_internal.h"
  17:d:\kzc\stm32\h743ii_lcd\lvgl\src/misc\lv_anim.h **** 
  18:d:\kzc\stm32\h743ii_lcd\lvgl\src/misc\lv_anim.h **** #include <stdint.h>
  19:d:\kzc\stm32\h743ii_lcd\lvgl\src/misc\lv_anim.h **** #include <stdbool.h>
  20:d:\kzc\stm32\h743ii_lcd\lvgl\src/misc\lv_anim.h **** #include <stddef.h>
  21:d:\kzc\stm32\h743ii_lcd\lvgl\src/misc\lv_anim.h **** 
  22:d:\kzc\stm32\h743ii_lcd\lvgl\src/misc\lv_anim.h **** /*********************
  23:d:\kzc\stm32\h743ii_lcd\lvgl\src/misc\lv_anim.h ****  *      DEFINES
  24:d:\kzc\stm32\h743ii_lcd\lvgl\src/misc\lv_anim.h ****  *********************/
  25:d:\kzc\stm32\h743ii_lcd\lvgl\src/misc\lv_anim.h **** 
  26:d:\kzc\stm32\h743ii_lcd\lvgl\src/misc\lv_anim.h **** #define LV_ANIM_REPEAT_INFINITE      0xFFFF
  27:d:\kzc\stm32\h743ii_lcd\lvgl\src/misc\lv_anim.h **** #define LV_ANIM_PLAYTIME_INFINITE    0xFFFFFFFF
  28:d:\kzc\stm32\h743ii_lcd\lvgl\src/misc\lv_anim.h **** 
  29:d:\kzc\stm32\h743ii_lcd\lvgl\src/misc\lv_anim.h **** LV_EXPORT_CONST_INT(LV_ANIM_REPEAT_INFINITE);
  30:d:\kzc\stm32\h743ii_lcd\lvgl\src/misc\lv_anim.h **** LV_EXPORT_CONST_INT(LV_ANIM_PLAYTIME_INFINITE);
  31:d:\kzc\stm32\h743ii_lcd\lvgl\src/misc\lv_anim.h **** 
  32:d:\kzc\stm32\h743ii_lcd\lvgl\src/misc\lv_anim.h **** /**********************
  33:d:\kzc\stm32\h743ii_lcd\lvgl\src/misc\lv_anim.h ****  *      TYPEDEFS
  34:d:\kzc\stm32\h743ii_lcd\lvgl\src/misc\lv_anim.h ****  **********************/
  35:d:\kzc\stm32\h743ii_lcd\lvgl\src/misc\lv_anim.h **** 
  36:d:\kzc\stm32\h743ii_lcd\lvgl\src/misc\lv_anim.h **** /** Can be used to indicate if animations are enabled or disabled in a case*/
  37:d:\kzc\stm32\h743ii_lcd\lvgl\src/misc\lv_anim.h **** typedef enum {
  38:d:\kzc\stm32\h743ii_lcd\lvgl\src/misc\lv_anim.h ****     LV_ANIM_OFF,
  39:d:\kzc\stm32\h743ii_lcd\lvgl\src/misc\lv_anim.h ****     LV_ANIM_ON,
  40:d:\kzc\stm32\h743ii_lcd\lvgl\src/misc\lv_anim.h **** } lv_anim_enable_t;
  41:d:\kzc\stm32\h743ii_lcd\lvgl\src/misc\lv_anim.h **** 
  42:d:\kzc\stm32\h743ii_lcd\lvgl\src/misc\lv_anim.h **** struct _lv_anim_t;
  43:d:\kzc\stm32\h743ii_lcd\lvgl\src/misc\lv_anim.h **** struct _lv_timer_t;
  44:d:\kzc\stm32\h743ii_lcd\lvgl\src/misc\lv_anim.h **** 
  45:d:\kzc\stm32\h743ii_lcd\lvgl\src/misc\lv_anim.h **** /** Get the current value during an animation*/
  46:d:\kzc\stm32\h743ii_lcd\lvgl\src/misc\lv_anim.h **** typedef int32_t (*lv_anim_path_cb_t)(const struct _lv_anim_t *);
  47:d:\kzc\stm32\h743ii_lcd\lvgl\src/misc\lv_anim.h **** 
  48:d:\kzc\stm32\h743ii_lcd\lvgl\src/misc\lv_anim.h **** /** Generic prototype of "animator" functions.
  49:d:\kzc\stm32\h743ii_lcd\lvgl\src/misc\lv_anim.h ****  * First parameter is the variable to animate.
  50:d:\kzc\stm32\h743ii_lcd\lvgl\src/misc\lv_anim.h ****  * Second parameter is the value to set.
  51:d:\kzc\stm32\h743ii_lcd\lvgl\src/misc\lv_anim.h ****  * Compatible with `lv_xxx_set_yyy(obj, value)` functions
  52:d:\kzc\stm32\h743ii_lcd\lvgl\src/misc\lv_anim.h ****  * The `x` in `_xcb_t` means it's not a fully generic prototype because
  53:d:\kzc\stm32\h743ii_lcd\lvgl\src/misc\lv_anim.h ****  * it doesn't receive `lv_anim_t *` as its first argument*/
  54:d:\kzc\stm32\h743ii_lcd\lvgl\src/misc\lv_anim.h **** typedef void (*lv_anim_exec_xcb_t)(void *, int32_t);
  55:d:\kzc\stm32\h743ii_lcd\lvgl\src/misc\lv_anim.h **** 
  56:d:\kzc\stm32\h743ii_lcd\lvgl\src/misc\lv_anim.h **** /** Same as `lv_anim_exec_xcb_t` but receives `lv_anim_t *` as the first parameter.
  57:d:\kzc\stm32\h743ii_lcd\lvgl\src/misc\lv_anim.h ****  * It's more consistent but less convenient. Might be used by binding generator functions.*/
ARM GAS  C:\Users\OSD\AppData\Local\Temp\cc8SEjXE.s 			page 12


  58:d:\kzc\stm32\h743ii_lcd\lvgl\src/misc\lv_anim.h **** typedef void (*lv_anim_custom_exec_cb_t)(struct _lv_anim_t *, int32_t);
  59:d:\kzc\stm32\h743ii_lcd\lvgl\src/misc\lv_anim.h **** 
  60:d:\kzc\stm32\h743ii_lcd\lvgl\src/misc\lv_anim.h **** /** Callback to call when the animation is ready*/
  61:d:\kzc\stm32\h743ii_lcd\lvgl\src/misc\lv_anim.h **** typedef void (*lv_anim_ready_cb_t)(struct _lv_anim_t *);
  62:d:\kzc\stm32\h743ii_lcd\lvgl\src/misc\lv_anim.h **** 
  63:d:\kzc\stm32\h743ii_lcd\lvgl\src/misc\lv_anim.h **** /** Callback to call when the animation really stars (considering `delay`)*/
  64:d:\kzc\stm32\h743ii_lcd\lvgl\src/misc\lv_anim.h **** typedef void (*lv_anim_start_cb_t)(struct _lv_anim_t *);
  65:d:\kzc\stm32\h743ii_lcd\lvgl\src/misc\lv_anim.h **** 
  66:d:\kzc\stm32\h743ii_lcd\lvgl\src/misc\lv_anim.h **** /** Callback used when the animation values are relative to get the current value*/
  67:d:\kzc\stm32\h743ii_lcd\lvgl\src/misc\lv_anim.h **** typedef int32_t (*lv_anim_get_value_cb_t)(struct _lv_anim_t *);
  68:d:\kzc\stm32\h743ii_lcd\lvgl\src/misc\lv_anim.h **** 
  69:d:\kzc\stm32\h743ii_lcd\lvgl\src/misc\lv_anim.h **** /** Callback used when the animation is deleted*/
  70:d:\kzc\stm32\h743ii_lcd\lvgl\src/misc\lv_anim.h **** typedef void (*lv_anim_deleted_cb_t)(struct _lv_anim_t *);
  71:d:\kzc\stm32\h743ii_lcd\lvgl\src/misc\lv_anim.h **** 
  72:d:\kzc\stm32\h743ii_lcd\lvgl\src/misc\lv_anim.h **** /** Describes an animation*/
  73:d:\kzc\stm32\h743ii_lcd\lvgl\src/misc\lv_anim.h **** typedef struct _lv_anim_t {
  74:d:\kzc\stm32\h743ii_lcd\lvgl\src/misc\lv_anim.h ****     void * var;                          /**<Variable to animate*/
  75:d:\kzc\stm32\h743ii_lcd\lvgl\src/misc\lv_anim.h ****     lv_anim_exec_xcb_t exec_cb;          /**< Function to execute to animate*/
  76:d:\kzc\stm32\h743ii_lcd\lvgl\src/misc\lv_anim.h ****     lv_anim_start_cb_t start_cb;         /**< Call it when the animation is starts (considering `de
  77:d:\kzc\stm32\h743ii_lcd\lvgl\src/misc\lv_anim.h ****     lv_anim_ready_cb_t ready_cb;         /**< Call it when the animation is ready*/
  78:d:\kzc\stm32\h743ii_lcd\lvgl\src/misc\lv_anim.h ****     lv_anim_deleted_cb_t deleted_cb;     /**< Call it when the animation is deleted*/
  79:d:\kzc\stm32\h743ii_lcd\lvgl\src/misc\lv_anim.h ****     lv_anim_get_value_cb_t get_value_cb; /**< Get the current value in relative mode*/
  80:d:\kzc\stm32\h743ii_lcd\lvgl\src/misc\lv_anim.h **** #if LV_USE_USER_DATA
  81:d:\kzc\stm32\h743ii_lcd\lvgl\src/misc\lv_anim.h ****     void * user_data; /**< Custom user data*/
  82:d:\kzc\stm32\h743ii_lcd\lvgl\src/misc\lv_anim.h **** #endif
  83:d:\kzc\stm32\h743ii_lcd\lvgl\src/misc\lv_anim.h ****     lv_anim_path_cb_t path_cb;         /**< Describe the path (curve) of animations*/
  84:d:\kzc\stm32\h743ii_lcd\lvgl\src/misc\lv_anim.h ****     int32_t start_value;               /**< Start value*/
  85:d:\kzc\stm32\h743ii_lcd\lvgl\src/misc\lv_anim.h ****     int32_t current_value;             /**< Current value*/
  86:d:\kzc\stm32\h743ii_lcd\lvgl\src/misc\lv_anim.h ****     int32_t end_value;                 /**< End value*/
  87:d:\kzc\stm32\h743ii_lcd\lvgl\src/misc\lv_anim.h ****     int32_t time;                /**< Animation time in ms*/
  88:d:\kzc\stm32\h743ii_lcd\lvgl\src/misc\lv_anim.h ****     int32_t act_time;            /**< Current time in animation. Set to negative to make delay.*/
  89:d:\kzc\stm32\h743ii_lcd\lvgl\src/misc\lv_anim.h ****     uint32_t playback_delay;     /**< Wait before play back*/
  90:d:\kzc\stm32\h743ii_lcd\lvgl\src/misc\lv_anim.h ****     uint32_t playback_time;      /**< Duration of playback animation*/
  91:d:\kzc\stm32\h743ii_lcd\lvgl\src/misc\lv_anim.h ****     uint32_t repeat_delay;       /**< Wait before repeat*/
  92:d:\kzc\stm32\h743ii_lcd\lvgl\src/misc\lv_anim.h ****     uint16_t repeat_cnt;         /**< Repeat count for the animation*/
  93:d:\kzc\stm32\h743ii_lcd\lvgl\src/misc\lv_anim.h ****     uint8_t early_apply  : 1;    /**< 1: Apply start value immediately even is there is `delay`*/
  94:d:\kzc\stm32\h743ii_lcd\lvgl\src/misc\lv_anim.h **** 
  95:d:\kzc\stm32\h743ii_lcd\lvgl\src/misc\lv_anim.h ****     /*Animation system use these - user shouldn't set*/
  96:d:\kzc\stm32\h743ii_lcd\lvgl\src/misc\lv_anim.h ****     uint8_t playback_now : 1; /**< Play back is in progress*/
  97:d:\kzc\stm32\h743ii_lcd\lvgl\src/misc\lv_anim.h ****     uint8_t run_round : 1;    /**< Indicates the animation has run in this round*/
  98:d:\kzc\stm32\h743ii_lcd\lvgl\src/misc\lv_anim.h ****     uint8_t start_cb_called : 1;    /**< Indicates that the `start_cb` was already called*/
  99:d:\kzc\stm32\h743ii_lcd\lvgl\src/misc\lv_anim.h **** } lv_anim_t;
 100:d:\kzc\stm32\h743ii_lcd\lvgl\src/misc\lv_anim.h **** 
 101:d:\kzc\stm32\h743ii_lcd\lvgl\src/misc\lv_anim.h **** /**********************
 102:d:\kzc\stm32\h743ii_lcd\lvgl\src/misc\lv_anim.h ****  * GLOBAL PROTOTYPES
 103:d:\kzc\stm32\h743ii_lcd\lvgl\src/misc\lv_anim.h ****  **********************/
 104:d:\kzc\stm32\h743ii_lcd\lvgl\src/misc\lv_anim.h **** 
 105:d:\kzc\stm32\h743ii_lcd\lvgl\src/misc\lv_anim.h **** /**
 106:d:\kzc\stm32\h743ii_lcd\lvgl\src/misc\lv_anim.h ****  * Init. the animation module
 107:d:\kzc\stm32\h743ii_lcd\lvgl\src/misc\lv_anim.h ****  */
 108:d:\kzc\stm32\h743ii_lcd\lvgl\src/misc\lv_anim.h **** void _lv_anim_core_init(void);
 109:d:\kzc\stm32\h743ii_lcd\lvgl\src/misc\lv_anim.h **** 
 110:d:\kzc\stm32\h743ii_lcd\lvgl\src/misc\lv_anim.h **** /**
 111:d:\kzc\stm32\h743ii_lcd\lvgl\src/misc\lv_anim.h ****  * Initialize an animation variable.
 112:d:\kzc\stm32\h743ii_lcd\lvgl\src/misc\lv_anim.h ****  * E.g.:
 113:d:\kzc\stm32\h743ii_lcd\lvgl\src/misc\lv_anim.h ****  * lv_anim_t a;
 114:d:\kzc\stm32\h743ii_lcd\lvgl\src/misc\lv_anim.h ****  * lv_anim_init(&a);
ARM GAS  C:\Users\OSD\AppData\Local\Temp\cc8SEjXE.s 			page 13


 115:d:\kzc\stm32\h743ii_lcd\lvgl\src/misc\lv_anim.h ****  * lv_anim_set_...(&a);
 116:d:\kzc\stm32\h743ii_lcd\lvgl\src/misc\lv_anim.h ****  * lv_anim_start(&a);
 117:d:\kzc\stm32\h743ii_lcd\lvgl\src/misc\lv_anim.h ****  * @param a     pointer to an `lv_anim_t` variable to initialize
 118:d:\kzc\stm32\h743ii_lcd\lvgl\src/misc\lv_anim.h ****  */
 119:d:\kzc\stm32\h743ii_lcd\lvgl\src/misc\lv_anim.h **** void lv_anim_init(lv_anim_t * a);
 120:d:\kzc\stm32\h743ii_lcd\lvgl\src/misc\lv_anim.h **** 
 121:d:\kzc\stm32\h743ii_lcd\lvgl\src/misc\lv_anim.h **** /**
 122:d:\kzc\stm32\h743ii_lcd\lvgl\src/misc\lv_anim.h ****  * Set a variable to animate
 123:d:\kzc\stm32\h743ii_lcd\lvgl\src/misc\lv_anim.h ****  * @param a     pointer to an initialized `lv_anim_t` variable
 124:d:\kzc\stm32\h743ii_lcd\lvgl\src/misc\lv_anim.h ****  * @param var   pointer to a variable to animate
 125:d:\kzc\stm32\h743ii_lcd\lvgl\src/misc\lv_anim.h ****  */
 126:d:\kzc\stm32\h743ii_lcd\lvgl\src/misc\lv_anim.h **** static inline void lv_anim_set_var(lv_anim_t * a, void * var)
 127:d:\kzc\stm32\h743ii_lcd\lvgl\src/misc\lv_anim.h **** {
 128:d:\kzc\stm32\h743ii_lcd\lvgl\src/misc\lv_anim.h ****     a->var = var;
 129:d:\kzc\stm32\h743ii_lcd\lvgl\src/misc\lv_anim.h **** }
 130:d:\kzc\stm32\h743ii_lcd\lvgl\src/misc\lv_anim.h **** 
 131:d:\kzc\stm32\h743ii_lcd\lvgl\src/misc\lv_anim.h **** /**
 132:d:\kzc\stm32\h743ii_lcd\lvgl\src/misc\lv_anim.h ****  * Set a function to animate `var`
 133:d:\kzc\stm32\h743ii_lcd\lvgl\src/misc\lv_anim.h ****  * @param a         pointer to an initialized `lv_anim_t` variable
 134:d:\kzc\stm32\h743ii_lcd\lvgl\src/misc\lv_anim.h ****  * @param exec_cb   a function to execute during animation
 135:d:\kzc\stm32\h743ii_lcd\lvgl\src/misc\lv_anim.h ****  *                  LVGL's built-in functions can be used.
 136:d:\kzc\stm32\h743ii_lcd\lvgl\src/misc\lv_anim.h ****  *                  E.g. lv_obj_set_x
 137:d:\kzc\stm32\h743ii_lcd\lvgl\src/misc\lv_anim.h ****  */
 138:d:\kzc\stm32\h743ii_lcd\lvgl\src/misc\lv_anim.h **** static inline void lv_anim_set_exec_cb(lv_anim_t * a, lv_anim_exec_xcb_t exec_cb)
 159              		.loc 4 138 20 view .LVU26
 160              	.LBB37:
 139:d:\kzc\stm32\h743ii_lcd\lvgl\src/misc\lv_anim.h **** {
 140:d:\kzc\stm32\h743ii_lcd\lvgl\src/misc\lv_anim.h ****     a->exec_cb = exec_cb;
 161              		.loc 4 140 5 view .LVU27
 162              		.loc 4 140 16 is_stmt 0 view .LVU28
 163 0078 0B4B     		ldr	r3, .L5+4
 164 007a 0293     		str	r3, [sp, #8]
 165              	.LVL18:
 166              		.loc 4 140 16 view .LVU29
 167              	.LBE37:
 168              	.LBE36:
  31:lvgl/examples/widgets/bar/lv_example_bar_3.c ****     lv_anim_set_time(&a, 3000);
 169              		.loc 1 31 5 is_stmt 1 view .LVU30
 170              	.LBB38:
 171              	.LBI38:
 141:d:\kzc\stm32\h743ii_lcd\lvgl\src/misc\lv_anim.h **** }
 142:d:\kzc\stm32\h743ii_lcd\lvgl\src/misc\lv_anim.h **** 
 143:d:\kzc\stm32\h743ii_lcd\lvgl\src/misc\lv_anim.h **** /**
 144:d:\kzc\stm32\h743ii_lcd\lvgl\src/misc\lv_anim.h ****  * Set the duration of an animation
 145:d:\kzc\stm32\h743ii_lcd\lvgl\src/misc\lv_anim.h ****  * @param a         pointer to an initialized `lv_anim_t` variable
 146:d:\kzc\stm32\h743ii_lcd\lvgl\src/misc\lv_anim.h ****  * @param duration  duration of the animation in milliseconds
 147:d:\kzc\stm32\h743ii_lcd\lvgl\src/misc\lv_anim.h ****  */
 148:d:\kzc\stm32\h743ii_lcd\lvgl\src/misc\lv_anim.h **** static inline void lv_anim_set_time(lv_anim_t * a, uint32_t duration)
 172              		.loc 4 148 20 view .LVU31
 173              	.LBB39:
 149:d:\kzc\stm32\h743ii_lcd\lvgl\src/misc\lv_anim.h **** {
 150:d:\kzc\stm32\h743ii_lcd\lvgl\src/misc\lv_anim.h ****     a->time = duration;
 174              		.loc 4 150 5 view .LVU32
 175              		.loc 4 150 13 is_stmt 0 view .LVU33
 176 007c 40F6B833 		movw	r3, #3000
 177 0080 0C93     		str	r3, [sp, #48]
 178              	.LVL19:
ARM GAS  C:\Users\OSD\AppData\Local\Temp\cc8SEjXE.s 			page 14


 179              		.loc 4 150 13 view .LVU34
 180              	.LBE39:
 181              	.LBE38:
  32:lvgl/examples/widgets/bar/lv_example_bar_3.c ****     lv_anim_set_playback_time(&a, 3000);
 182              		.loc 1 32 5 is_stmt 1 view .LVU35
 183              	.LBB40:
 184              	.LBI40:
 151:d:\kzc\stm32\h743ii_lcd\lvgl\src/misc\lv_anim.h **** }
 152:d:\kzc\stm32\h743ii_lcd\lvgl\src/misc\lv_anim.h **** 
 153:d:\kzc\stm32\h743ii_lcd\lvgl\src/misc\lv_anim.h **** /**
 154:d:\kzc\stm32\h743ii_lcd\lvgl\src/misc\lv_anim.h ****  * Set a delay before starting the animation
 155:d:\kzc\stm32\h743ii_lcd\lvgl\src/misc\lv_anim.h ****  * @param a         pointer to an initialized `lv_anim_t` variable
 156:d:\kzc\stm32\h743ii_lcd\lvgl\src/misc\lv_anim.h ****  * @param delay     delay before the animation in milliseconds
 157:d:\kzc\stm32\h743ii_lcd\lvgl\src/misc\lv_anim.h ****  */
 158:d:\kzc\stm32\h743ii_lcd\lvgl\src/misc\lv_anim.h **** static inline void lv_anim_set_delay(lv_anim_t * a, uint32_t delay)
 159:d:\kzc\stm32\h743ii_lcd\lvgl\src/misc\lv_anim.h **** {
 160:d:\kzc\stm32\h743ii_lcd\lvgl\src/misc\lv_anim.h ****     a->act_time = -(int32_t)(delay);
 161:d:\kzc\stm32\h743ii_lcd\lvgl\src/misc\lv_anim.h **** }
 162:d:\kzc\stm32\h743ii_lcd\lvgl\src/misc\lv_anim.h **** 
 163:d:\kzc\stm32\h743ii_lcd\lvgl\src/misc\lv_anim.h **** /**
 164:d:\kzc\stm32\h743ii_lcd\lvgl\src/misc\lv_anim.h ****  * Set the start and end values of an animation
 165:d:\kzc\stm32\h743ii_lcd\lvgl\src/misc\lv_anim.h ****  * @param a         pointer to an initialized `lv_anim_t` variable
 166:d:\kzc\stm32\h743ii_lcd\lvgl\src/misc\lv_anim.h ****  * @param start     the start value
 167:d:\kzc\stm32\h743ii_lcd\lvgl\src/misc\lv_anim.h ****  * @param end       the end value
 168:d:\kzc\stm32\h743ii_lcd\lvgl\src/misc\lv_anim.h ****  */
 169:d:\kzc\stm32\h743ii_lcd\lvgl\src/misc\lv_anim.h **** static inline void lv_anim_set_values(lv_anim_t * a, int32_t start, int32_t end)
 170:d:\kzc\stm32\h743ii_lcd\lvgl\src/misc\lv_anim.h **** {
 171:d:\kzc\stm32\h743ii_lcd\lvgl\src/misc\lv_anim.h ****     a->start_value = start;
 172:d:\kzc\stm32\h743ii_lcd\lvgl\src/misc\lv_anim.h ****     a->current_value = start;
 173:d:\kzc\stm32\h743ii_lcd\lvgl\src/misc\lv_anim.h ****     a->end_value = end;
 174:d:\kzc\stm32\h743ii_lcd\lvgl\src/misc\lv_anim.h **** }
 175:d:\kzc\stm32\h743ii_lcd\lvgl\src/misc\lv_anim.h **** 
 176:d:\kzc\stm32\h743ii_lcd\lvgl\src/misc\lv_anim.h **** /**
 177:d:\kzc\stm32\h743ii_lcd\lvgl\src/misc\lv_anim.h ****  * Similar to `lv_anim_set_exec_cb` but `lv_anim_custom_exec_cb_t` receives
 178:d:\kzc\stm32\h743ii_lcd\lvgl\src/misc\lv_anim.h ****  * `lv_anim_t * ` as its first parameter instead of `void *`.
 179:d:\kzc\stm32\h743ii_lcd\lvgl\src/misc\lv_anim.h ****  * This function might be used when LVGL is bound to other languages because
 180:d:\kzc\stm32\h743ii_lcd\lvgl\src/misc\lv_anim.h ****  * it's more consistent to have `lv_anim_t *` as first parameter.
 181:d:\kzc\stm32\h743ii_lcd\lvgl\src/misc\lv_anim.h ****  * The variable to animate can be stored in the animation's `user_data`
 182:d:\kzc\stm32\h743ii_lcd\lvgl\src/misc\lv_anim.h ****  * @param a         pointer to an initialized `lv_anim_t` variable
 183:d:\kzc\stm32\h743ii_lcd\lvgl\src/misc\lv_anim.h ****  * @param exec_cb   a function to execute.
 184:d:\kzc\stm32\h743ii_lcd\lvgl\src/misc\lv_anim.h ****  */
 185:d:\kzc\stm32\h743ii_lcd\lvgl\src/misc\lv_anim.h **** static inline void lv_anim_set_custom_exec_cb(lv_anim_t * a, lv_anim_custom_exec_cb_t exec_cb)
 186:d:\kzc\stm32\h743ii_lcd\lvgl\src/misc\lv_anim.h **** {
 187:d:\kzc\stm32\h743ii_lcd\lvgl\src/misc\lv_anim.h ****     a->var     = a;
 188:d:\kzc\stm32\h743ii_lcd\lvgl\src/misc\lv_anim.h ****     a->exec_cb = (lv_anim_exec_xcb_t)exec_cb;
 189:d:\kzc\stm32\h743ii_lcd\lvgl\src/misc\lv_anim.h **** }
 190:d:\kzc\stm32\h743ii_lcd\lvgl\src/misc\lv_anim.h **** 
 191:d:\kzc\stm32\h743ii_lcd\lvgl\src/misc\lv_anim.h **** /**
 192:d:\kzc\stm32\h743ii_lcd\lvgl\src/misc\lv_anim.h ****  * Set the path (curve) of the animation.
 193:d:\kzc\stm32\h743ii_lcd\lvgl\src/misc\lv_anim.h ****  * @param a         pointer to an initialized `lv_anim_t` variable
 194:d:\kzc\stm32\h743ii_lcd\lvgl\src/misc\lv_anim.h ****  * @param path_cb a function to set the current value of the animation.
 195:d:\kzc\stm32\h743ii_lcd\lvgl\src/misc\lv_anim.h ****  */
 196:d:\kzc\stm32\h743ii_lcd\lvgl\src/misc\lv_anim.h **** static inline void lv_anim_set_path_cb(lv_anim_t * a, lv_anim_path_cb_t path_cb)
 197:d:\kzc\stm32\h743ii_lcd\lvgl\src/misc\lv_anim.h **** {
 198:d:\kzc\stm32\h743ii_lcd\lvgl\src/misc\lv_anim.h ****     a->path_cb = path_cb;
 199:d:\kzc\stm32\h743ii_lcd\lvgl\src/misc\lv_anim.h **** }
 200:d:\kzc\stm32\h743ii_lcd\lvgl\src/misc\lv_anim.h **** 
ARM GAS  C:\Users\OSD\AppData\Local\Temp\cc8SEjXE.s 			page 15


 201:d:\kzc\stm32\h743ii_lcd\lvgl\src/misc\lv_anim.h **** /**
 202:d:\kzc\stm32\h743ii_lcd\lvgl\src/misc\lv_anim.h ****  * Set a function call when the animation really starts (considering `delay`)
 203:d:\kzc\stm32\h743ii_lcd\lvgl\src/misc\lv_anim.h ****  * @param a         pointer to an initialized `lv_anim_t` variable
 204:d:\kzc\stm32\h743ii_lcd\lvgl\src/misc\lv_anim.h ****  * @param start_cb  a function call when the animation starts
 205:d:\kzc\stm32\h743ii_lcd\lvgl\src/misc\lv_anim.h ****  */
 206:d:\kzc\stm32\h743ii_lcd\lvgl\src/misc\lv_anim.h **** static inline void lv_anim_set_start_cb(lv_anim_t * a, lv_anim_start_cb_t start_cb)
 207:d:\kzc\stm32\h743ii_lcd\lvgl\src/misc\lv_anim.h **** {
 208:d:\kzc\stm32\h743ii_lcd\lvgl\src/misc\lv_anim.h ****     a->start_cb = start_cb;
 209:d:\kzc\stm32\h743ii_lcd\lvgl\src/misc\lv_anim.h **** }
 210:d:\kzc\stm32\h743ii_lcd\lvgl\src/misc\lv_anim.h **** 
 211:d:\kzc\stm32\h743ii_lcd\lvgl\src/misc\lv_anim.h **** /**
 212:d:\kzc\stm32\h743ii_lcd\lvgl\src/misc\lv_anim.h ****  * Set a function to use the current value of the variable and make start and end value
 213:d:\kzc\stm32\h743ii_lcd\lvgl\src/misc\lv_anim.h ****  * relative to the returned current value.
 214:d:\kzc\stm32\h743ii_lcd\lvgl\src/misc\lv_anim.h ****  * @param a             pointer to an initialized `lv_anim_t` variable
 215:d:\kzc\stm32\h743ii_lcd\lvgl\src/misc\lv_anim.h ****  * @param get_value_cb  a function call when the animation starts
 216:d:\kzc\stm32\h743ii_lcd\lvgl\src/misc\lv_anim.h ****  */
 217:d:\kzc\stm32\h743ii_lcd\lvgl\src/misc\lv_anim.h **** static inline void lv_anim_set_get_value_cb(lv_anim_t * a, lv_anim_get_value_cb_t get_value_cb)
 218:d:\kzc\stm32\h743ii_lcd\lvgl\src/misc\lv_anim.h **** {
 219:d:\kzc\stm32\h743ii_lcd\lvgl\src/misc\lv_anim.h ****     a->get_value_cb = get_value_cb;
 220:d:\kzc\stm32\h743ii_lcd\lvgl\src/misc\lv_anim.h **** }
 221:d:\kzc\stm32\h743ii_lcd\lvgl\src/misc\lv_anim.h **** 
 222:d:\kzc\stm32\h743ii_lcd\lvgl\src/misc\lv_anim.h **** /**
 223:d:\kzc\stm32\h743ii_lcd\lvgl\src/misc\lv_anim.h ****  * Set a function call when the animation is ready
 224:d:\kzc\stm32\h743ii_lcd\lvgl\src/misc\lv_anim.h ****  * @param a         pointer to an initialized `lv_anim_t` variable
 225:d:\kzc\stm32\h743ii_lcd\lvgl\src/misc\lv_anim.h ****  * @param ready_cb  a function call when the animation is ready
 226:d:\kzc\stm32\h743ii_lcd\lvgl\src/misc\lv_anim.h ****  */
 227:d:\kzc\stm32\h743ii_lcd\lvgl\src/misc\lv_anim.h **** static inline void lv_anim_set_ready_cb(lv_anim_t * a, lv_anim_ready_cb_t ready_cb)
 228:d:\kzc\stm32\h743ii_lcd\lvgl\src/misc\lv_anim.h **** {
 229:d:\kzc\stm32\h743ii_lcd\lvgl\src/misc\lv_anim.h ****     a->ready_cb = ready_cb;
 230:d:\kzc\stm32\h743ii_lcd\lvgl\src/misc\lv_anim.h **** }
 231:d:\kzc\stm32\h743ii_lcd\lvgl\src/misc\lv_anim.h **** 
 232:d:\kzc\stm32\h743ii_lcd\lvgl\src/misc\lv_anim.h **** /**
 233:d:\kzc\stm32\h743ii_lcd\lvgl\src/misc\lv_anim.h ****  * Set a function call when the animation is deleted.
 234:d:\kzc\stm32\h743ii_lcd\lvgl\src/misc\lv_anim.h ****  * @param a         pointer to an initialized `lv_anim_t` variable
 235:d:\kzc\stm32\h743ii_lcd\lvgl\src/misc\lv_anim.h ****  * @param deleted_cb  a function call when the animation is deleted
 236:d:\kzc\stm32\h743ii_lcd\lvgl\src/misc\lv_anim.h ****  */
 237:d:\kzc\stm32\h743ii_lcd\lvgl\src/misc\lv_anim.h **** static inline void lv_anim_set_deleted_cb(lv_anim_t * a, lv_anim_deleted_cb_t deleted_cb)
 238:d:\kzc\stm32\h743ii_lcd\lvgl\src/misc\lv_anim.h **** {
 239:d:\kzc\stm32\h743ii_lcd\lvgl\src/misc\lv_anim.h ****     a->deleted_cb = deleted_cb;
 240:d:\kzc\stm32\h743ii_lcd\lvgl\src/misc\lv_anim.h **** }
 241:d:\kzc\stm32\h743ii_lcd\lvgl\src/misc\lv_anim.h **** 
 242:d:\kzc\stm32\h743ii_lcd\lvgl\src/misc\lv_anim.h **** /**
 243:d:\kzc\stm32\h743ii_lcd\lvgl\src/misc\lv_anim.h ****  * Make the animation to play back to when the forward direction is ready
 244:d:\kzc\stm32\h743ii_lcd\lvgl\src/misc\lv_anim.h ****  * @param a         pointer to an initialized `lv_anim_t` variable
 245:d:\kzc\stm32\h743ii_lcd\lvgl\src/misc\lv_anim.h ****  * @param time      the duration of the playback animation in milliseconds. 0: disable playback
 246:d:\kzc\stm32\h743ii_lcd\lvgl\src/misc\lv_anim.h ****  */
 247:d:\kzc\stm32\h743ii_lcd\lvgl\src/misc\lv_anim.h **** static inline void lv_anim_set_playback_time(lv_anim_t * a, uint32_t time)
 185              		.loc 4 247 20 view .LVU36
 186              	.LBB41:
 248:d:\kzc\stm32\h743ii_lcd\lvgl\src/misc\lv_anim.h **** {
 249:d:\kzc\stm32\h743ii_lcd\lvgl\src/misc\lv_anim.h ****     a->playback_time = time;
 187              		.loc 4 249 5 view .LVU37
 188              		.loc 4 249 22 is_stmt 0 view .LVU38
 189 0082 0F93     		str	r3, [sp, #60]
 190              	.LVL20:
 191              		.loc 4 249 22 view .LVU39
 192              	.LBE41:
ARM GAS  C:\Users\OSD\AppData\Local\Temp\cc8SEjXE.s 			page 16


 193              	.LBE40:
  33:lvgl/examples/widgets/bar/lv_example_bar_3.c ****     lv_anim_set_var(&a, bar);
 194              		.loc 1 33 5 is_stmt 1 view .LVU40
 195              	.LBB42:
 196              	.LBI42:
 126:d:\kzc\stm32\h743ii_lcd\lvgl\src/misc\lv_anim.h **** {
 197              		.loc 4 126 20 view .LVU41
 198              	.LBB43:
 128:d:\kzc\stm32\h743ii_lcd\lvgl\src/misc\lv_anim.h **** }
 199              		.loc 4 128 5 view .LVU42
 128:d:\kzc\stm32\h743ii_lcd\lvgl\src/misc\lv_anim.h **** }
 200              		.loc 4 128 12 is_stmt 0 view .LVU43
 201 0084 0194     		str	r4, [sp, #4]
 202              	.LVL21:
 128:d:\kzc\stm32\h743ii_lcd\lvgl\src/misc\lv_anim.h **** }
 203              		.loc 4 128 12 view .LVU44
 204              	.LBE43:
 205              	.LBE42:
  34:lvgl/examples/widgets/bar/lv_example_bar_3.c ****     lv_anim_set_values(&a, -20, 40);
 206              		.loc 1 34 5 is_stmt 1 view .LVU45
 207              	.LBB44:
 208              	.LBI44:
 169:d:\kzc\stm32\h743ii_lcd\lvgl\src/misc\lv_anim.h **** {
 209              		.loc 4 169 20 view .LVU46
 210              	.LBB45:
 171:d:\kzc\stm32\h743ii_lcd\lvgl\src/misc\lv_anim.h ****     a->current_value = start;
 211              		.loc 4 171 5 view .LVU47
 171:d:\kzc\stm32\h743ii_lcd\lvgl\src/misc\lv_anim.h ****     a->current_value = start;
 212              		.loc 4 171 20 is_stmt 0 view .LVU48
 213 0086 6FF01303 		mvn	r3, #19
 214 008a 0993     		str	r3, [sp, #36]
 172:d:\kzc\stm32\h743ii_lcd\lvgl\src/misc\lv_anim.h ****     a->end_value = end;
 215              		.loc 4 172 5 is_stmt 1 view .LVU49
 172:d:\kzc\stm32\h743ii_lcd\lvgl\src/misc\lv_anim.h ****     a->end_value = end;
 216              		.loc 4 172 22 is_stmt 0 view .LVU50
 217 008c 0A93     		str	r3, [sp, #40]
 173:d:\kzc\stm32\h743ii_lcd\lvgl\src/misc\lv_anim.h **** }
 218              		.loc 4 173 5 is_stmt 1 view .LVU51
 173:d:\kzc\stm32\h743ii_lcd\lvgl\src/misc\lv_anim.h **** }
 219              		.loc 4 173 18 is_stmt 0 view .LVU52
 220 008e 2823     		movs	r3, #40
 221 0090 0B93     		str	r3, [sp, #44]
 222              	.LVL22:
 173:d:\kzc\stm32\h743ii_lcd\lvgl\src/misc\lv_anim.h **** }
 223              		.loc 4 173 18 view .LVU53
 224              	.LBE45:
 225              	.LBE44:
  35:lvgl/examples/widgets/bar/lv_example_bar_3.c ****     lv_anim_set_repeat_count(&a, LV_ANIM_REPEAT_INFINITE);
 226              		.loc 1 35 5 is_stmt 1 view .LVU54
 227              	.LBB46:
 228              	.LBI46:
 250:d:\kzc\stm32\h743ii_lcd\lvgl\src/misc\lv_anim.h **** }
 251:d:\kzc\stm32\h743ii_lcd\lvgl\src/misc\lv_anim.h **** 
 252:d:\kzc\stm32\h743ii_lcd\lvgl\src/misc\lv_anim.h **** /**
 253:d:\kzc\stm32\h743ii_lcd\lvgl\src/misc\lv_anim.h ****  * Make the animation to play back to when the forward direction is ready
 254:d:\kzc\stm32\h743ii_lcd\lvgl\src/misc\lv_anim.h ****  * @param a         pointer to an initialized `lv_anim_t` variable
 255:d:\kzc\stm32\h743ii_lcd\lvgl\src/misc\lv_anim.h ****  * @param delay     delay in milliseconds before starting the playback animation.
ARM GAS  C:\Users\OSD\AppData\Local\Temp\cc8SEjXE.s 			page 17


 256:d:\kzc\stm32\h743ii_lcd\lvgl\src/misc\lv_anim.h ****  */
 257:d:\kzc\stm32\h743ii_lcd\lvgl\src/misc\lv_anim.h **** static inline void lv_anim_set_playback_delay(lv_anim_t * a, uint32_t delay)
 258:d:\kzc\stm32\h743ii_lcd\lvgl\src/misc\lv_anim.h **** {
 259:d:\kzc\stm32\h743ii_lcd\lvgl\src/misc\lv_anim.h ****     a->playback_delay = delay;
 260:d:\kzc\stm32\h743ii_lcd\lvgl\src/misc\lv_anim.h **** }
 261:d:\kzc\stm32\h743ii_lcd\lvgl\src/misc\lv_anim.h **** 
 262:d:\kzc\stm32\h743ii_lcd\lvgl\src/misc\lv_anim.h **** /**
 263:d:\kzc\stm32\h743ii_lcd\lvgl\src/misc\lv_anim.h ****  * Make the animation repeat itself.
 264:d:\kzc\stm32\h743ii_lcd\lvgl\src/misc\lv_anim.h ****  * @param a         pointer to an initialized `lv_anim_t` variable
 265:d:\kzc\stm32\h743ii_lcd\lvgl\src/misc\lv_anim.h ****  * @param cnt       repeat count or `LV_ANIM_REPEAT_INFINITE` for infinite repetition. 0: to disabl
 266:d:\kzc\stm32\h743ii_lcd\lvgl\src/misc\lv_anim.h ****  */
 267:d:\kzc\stm32\h743ii_lcd\lvgl\src/misc\lv_anim.h **** static inline void lv_anim_set_repeat_count(lv_anim_t * a, uint16_t cnt)
 229              		.loc 4 267 20 view .LVU55
 230              	.LBB47:
 268:d:\kzc\stm32\h743ii_lcd\lvgl\src/misc\lv_anim.h **** {
 269:d:\kzc\stm32\h743ii_lcd\lvgl\src/misc\lv_anim.h ****     a->repeat_cnt = cnt;
 231              		.loc 4 269 5 view .LVU56
 232              		.loc 4 269 19 is_stmt 0 view .LVU57
 233 0092 4FF6FF73 		movw	r3, #65535
 234 0096 ADF84430 		strh	r3, [sp, #68]	@ movhi
 235              	.LVL23:
 236              		.loc 4 269 19 view .LVU58
 237              	.LBE47:
 238              	.LBE46:
  36:lvgl/examples/widgets/bar/lv_example_bar_3.c ****     lv_anim_start(&a);
 239              		.loc 1 36 5 is_stmt 1 view .LVU59
 240 009a 01A8     		add	r0, sp, #4
 241 009c FFF7FEFF 		bl	lv_anim_start
 242              	.LVL24:
  37:lvgl/examples/widgets/bar/lv_example_bar_3.c **** }
 243              		.loc 1 37 1 is_stmt 0 view .LVU60
 244 00a0 13B0     		add	sp, sp, #76
 245              		.cfi_def_cfa_offset 12
 246              		@ sp needed
 247 00a2 30BD     		pop	{r4, r5, pc}
 248              	.LVL25:
 249              	.L6:
 250              		.loc 1 37 1 view .LVU61
 251              		.align	2
 252              	.L5:
 253 00a4 00000000 		.word	.LANCHOR0
 254 00a8 00000000 		.word	set_temp
 255              		.cfi_endproc
 256              	.LFE205:
 258              		.section	.bss.style_indic.0,"aw",%nobits
 259              		.align	2
 260              		.set	.LANCHOR0,. + 0
 263              	style_indic.0:
 264 0000 00000000 		.space	8
 264      00000000 
 265              		.text
 266              	.Letext0:
 267              		.file 5 "c:\\tools\\gcc-arm-none-eabi\\arm-none-eabi\\include\\machine\\_default_types.h"
 268              		.file 6 "c:\\tools\\gcc-arm-none-eabi\\arm-none-eabi\\include\\sys\\_stdint.h"
 269              		.file 7 "d:\\kzc\\stm32\\h743ii_lcd\\lvgl\\src\\misc\\lv_area.h"
 270              		.file 8 "d:\\kzc\\stm32\\h743ii_lcd\\lvgl\\src\\misc\\lv_color.h"
 271              		.file 9 "d:\\kzc\\stm32\\h743ii_lcd\\lvgl\\src\\misc\\lv_style.h"
ARM GAS  C:\Users\OSD\AppData\Local\Temp\cc8SEjXE.s 			page 18


 272              		.file 10 "d:\\kzc\\stm32\\h743ii_lcd\\lvgl\\src/core/lv_obj.h"
 273              		.file 11 "d:\\kzc\\stm32\\h743ii_lcd\\lvgl\\src\\misc\\lv_ll.h"
 274              		.file 12 "d:\\kzc\\stm32\\h743ii_lcd\\lvgl\\src/core/lv_group.h"
 275              		.file 13 "d:\\kzc\\stm32\\h743ii_lcd\\lvgl\\src/core/lv_obj_scroll.h"
 276              		.file 14 "d:\\kzc\\stm32\\h743ii_lcd\\lvgl\\src/core/lv_obj_style.h"
 277              		.file 15 "d:\\kzc\\stm32\\h743ii_lcd\\lvgl\\src/core/lv_obj_class.h"
 278              		.file 16 "d:\\kzc\\stm32\\h743ii_lcd\\lvgl\\src/core/lv_event.h"
 279              		.file 17 "d:\\kzc\\stm32\\h743ii_lcd\\lvgl\\src/hal/lv_hal_disp.h"
 280              		.file 18 "d:\\kzc\\stm32\\h743ii_lcd\\lvgl\\src\\misc\\lv_style_gen.h"
 281              		.file 19 "d:\\kzc\\stm32\\h743ii_lcd\\lvgl\\src/widgets/lv_bar.h"
ARM GAS  C:\Users\OSD\AppData\Local\Temp\cc8SEjXE.s 			page 19


DEFINED SYMBOLS
                            *ABS*:00000000 lv_example_bar_3.c
C:\Users\OSD\AppData\Local\Temp\cc8SEjXE.s:19     .text.set_temp:00000000 $t
C:\Users\OSD\AppData\Local\Temp\cc8SEjXE.s:24     .text.set_temp:00000000 set_temp
C:\Users\OSD\AppData\Local\Temp\cc8SEjXE.s:47     .text.lv_example_bar_3:00000000 $t
C:\Users\OSD\AppData\Local\Temp\cc8SEjXE.s:53     .text.lv_example_bar_3:00000000 lv_example_bar_3
C:\Users\OSD\AppData\Local\Temp\cc8SEjXE.s:253    .text.lv_example_bar_3:000000a4 $d
C:\Users\OSD\AppData\Local\Temp\cc8SEjXE.s:259    .bss.style_indic.0:00000000 $d
C:\Users\OSD\AppData\Local\Temp\cc8SEjXE.s:263    .bss.style_indic.0:00000000 style_indic.0

UNDEFINED SYMBOLS
lv_bar_set_value
lv_style_init
lv_style_set_bg_opa
lv_palette_main
lv_style_set_bg_color
lv_style_set_bg_grad_color
lv_style_set_bg_grad_dir
lv_disp_get_default
lv_disp_get_scr_act
lv_bar_create
lv_obj_add_style
lv_obj_set_size
lv_obj_align
lv_bar_set_range
lv_anim_init
lv_anim_start
