ARM GAS  C:\Users\OSD\AppData\Local\Temp\ccgtkbgJ.s 			page 1


   1              		.cpu cortex-m7
   2              		.arch armv7e-m
   3              		.fpu fpv5-d16
   4              		.eabi_attribute 28, 1
   5              		.eabi_attribute 20, 1
   6              		.eabi_attribute 21, 1
   7              		.eabi_attribute 23, 3
   8              		.eabi_attribute 24, 1
   9              		.eabi_attribute 25, 1
  10              		.eabi_attribute 26, 1
  11              		.eabi_attribute 30, 1
  12              		.eabi_attribute 34, 1
  13              		.eabi_attribute 18, 4
  14              		.file	"lv_example_bar_4.c"
  15              		.text
  16              	.Ltext0:
  17              		.cfi_sections	.debug_frame
  18              		.section	.text.lv_example_bar_4,"ax",%progbits
  19              		.align	1
  20              		.global	lv_example_bar_4
  21              		.syntax unified
  22              		.thumb
  23              		.thumb_func
  25              	lv_example_bar_4:
  26              	.LFB204:
  27              		.file 1 "lvgl/examples/widgets/bar/lv_example_bar_4.c"
   1:lvgl/examples/widgets/bar/lv_example_bar_4.c **** #include "../../lv_examples.h"
   2:lvgl/examples/widgets/bar/lv_example_bar_4.c **** #if LV_USE_BAR && LV_BUILD_EXAMPLES
   3:lvgl/examples/widgets/bar/lv_example_bar_4.c **** 
   4:lvgl/examples/widgets/bar/lv_example_bar_4.c **** /**
   5:lvgl/examples/widgets/bar/lv_example_bar_4.c ****  * Bar with stripe pattern and ranged value
   6:lvgl/examples/widgets/bar/lv_example_bar_4.c ****  */
   7:lvgl/examples/widgets/bar/lv_example_bar_4.c **** void lv_example_bar_4(void)
   8:lvgl/examples/widgets/bar/lv_example_bar_4.c **** {
  28              		.loc 1 8 1 view -0
  29              		.cfi_startproc
  30              		@ args = 0, pretend = 0, frame = 0
  31              		@ frame_needed = 0, uses_anonymous_args = 0
  32 0000 38B5     		push	{r3, r4, r5, lr}
  33              		.cfi_def_cfa_offset 16
  34              		.cfi_offset 3, -16
  35              		.cfi_offset 4, -12
  36              		.cfi_offset 5, -8
  37              		.cfi_offset 14, -4
   9:lvgl/examples/widgets/bar/lv_example_bar_4.c ****     LV_IMG_DECLARE(img_skew_strip);
  38              		.loc 1 9 5 view .LVU1
  39              		.loc 1 9 35 view .LVU2
  10:lvgl/examples/widgets/bar/lv_example_bar_4.c ****     static lv_style_t style_indic;
  40              		.loc 1 10 5 view .LVU3
  11:lvgl/examples/widgets/bar/lv_example_bar_4.c **** 
  12:lvgl/examples/widgets/bar/lv_example_bar_4.c ****     lv_style_init(&style_indic);
  41              		.loc 1 12 5 view .LVU4
  42 0002 1B4D     		ldr	r5, .L3
  43 0004 2846     		mov	r0, r5
  44 0006 FFF7FEFF 		bl	lv_style_init
  45              	.LVL0:
  13:lvgl/examples/widgets/bar/lv_example_bar_4.c ****     lv_style_set_bg_img_src(&style_indic, &img_skew_strip);
ARM GAS  C:\Users\OSD\AppData\Local\Temp\ccgtkbgJ.s 			page 2


  46              		.loc 1 13 5 view .LVU5
  47 000a 1A49     		ldr	r1, .L3+4
  48 000c 2846     		mov	r0, r5
  49 000e FFF7FEFF 		bl	lv_style_set_bg_img_src
  50              	.LVL1:
  14:lvgl/examples/widgets/bar/lv_example_bar_4.c ****     lv_style_set_bg_img_tiled(&style_indic, true);
  51              		.loc 1 14 5 view .LVU6
  52 0012 0121     		movs	r1, #1
  53 0014 2846     		mov	r0, r5
  54 0016 FFF7FEFF 		bl	lv_style_set_bg_img_tiled
  55              	.LVL2:
  15:lvgl/examples/widgets/bar/lv_example_bar_4.c ****     lv_style_set_bg_img_opa(&style_indic, LV_OPA_30);
  56              		.loc 1 15 5 view .LVU7
  57 001a 4C21     		movs	r1, #76
  58 001c 2846     		mov	r0, r5
  59 001e FFF7FEFF 		bl	lv_style_set_bg_img_opa
  60              	.LVL3:
  16:lvgl/examples/widgets/bar/lv_example_bar_4.c **** 
  17:lvgl/examples/widgets/bar/lv_example_bar_4.c ****     lv_obj_t * bar = lv_bar_create(lv_scr_act());
  61              		.loc 1 17 5 view .LVU8
  62              	.LBB8:
  63              	.LBI8:
  64              		.file 2 "d:\\kzc\\stm32\\h743ii_lcd\\lvgl\\src/core/lv_disp.h"
   1:d:\kzc\stm32\h743ii_lcd\lvgl\src/core\lv_disp.h **** /**
   2:d:\kzc\stm32\h743ii_lcd\lvgl\src/core\lv_disp.h ****  * @file lv_disp.h
   3:d:\kzc\stm32\h743ii_lcd\lvgl\src/core\lv_disp.h ****  *
   4:d:\kzc\stm32\h743ii_lcd\lvgl\src/core\lv_disp.h ****  */
   5:d:\kzc\stm32\h743ii_lcd\lvgl\src/core\lv_disp.h **** 
   6:d:\kzc\stm32\h743ii_lcd\lvgl\src/core\lv_disp.h **** #ifndef LV_DISP_H
   7:d:\kzc\stm32\h743ii_lcd\lvgl\src/core\lv_disp.h **** #define LV_DISP_H
   8:d:\kzc\stm32\h743ii_lcd\lvgl\src/core\lv_disp.h **** 
   9:d:\kzc\stm32\h743ii_lcd\lvgl\src/core\lv_disp.h **** #ifdef __cplusplus
  10:d:\kzc\stm32\h743ii_lcd\lvgl\src/core\lv_disp.h **** extern "C" {
  11:d:\kzc\stm32\h743ii_lcd\lvgl\src/core\lv_disp.h **** #endif
  12:d:\kzc\stm32\h743ii_lcd\lvgl\src/core\lv_disp.h **** 
  13:d:\kzc\stm32\h743ii_lcd\lvgl\src/core\lv_disp.h **** /*********************
  14:d:\kzc\stm32\h743ii_lcd\lvgl\src/core\lv_disp.h ****  *      INCLUDES
  15:d:\kzc\stm32\h743ii_lcd\lvgl\src/core\lv_disp.h ****  *********************/
  16:d:\kzc\stm32\h743ii_lcd\lvgl\src/core\lv_disp.h **** #include "../hal/lv_hal.h"
  17:d:\kzc\stm32\h743ii_lcd\lvgl\src/core\lv_disp.h **** #include "lv_obj.h"
  18:d:\kzc\stm32\h743ii_lcd\lvgl\src/core\lv_disp.h **** #include "lv_theme.h"
  19:d:\kzc\stm32\h743ii_lcd\lvgl\src/core\lv_disp.h **** 
  20:d:\kzc\stm32\h743ii_lcd\lvgl\src/core\lv_disp.h **** /*********************
  21:d:\kzc\stm32\h743ii_lcd\lvgl\src/core\lv_disp.h ****  *      DEFINES
  22:d:\kzc\stm32\h743ii_lcd\lvgl\src/core\lv_disp.h ****  *********************/
  23:d:\kzc\stm32\h743ii_lcd\lvgl\src/core\lv_disp.h **** 
  24:d:\kzc\stm32\h743ii_lcd\lvgl\src/core\lv_disp.h **** /**********************
  25:d:\kzc\stm32\h743ii_lcd\lvgl\src/core\lv_disp.h ****  *      TYPEDEFS
  26:d:\kzc\stm32\h743ii_lcd\lvgl\src/core\lv_disp.h ****  **********************/
  27:d:\kzc\stm32\h743ii_lcd\lvgl\src/core\lv_disp.h **** 
  28:d:\kzc\stm32\h743ii_lcd\lvgl\src/core\lv_disp.h **** typedef enum {
  29:d:\kzc\stm32\h743ii_lcd\lvgl\src/core\lv_disp.h ****     LV_SCR_LOAD_ANIM_NONE,
  30:d:\kzc\stm32\h743ii_lcd\lvgl\src/core\lv_disp.h ****     LV_SCR_LOAD_ANIM_OVER_LEFT,
  31:d:\kzc\stm32\h743ii_lcd\lvgl\src/core\lv_disp.h ****     LV_SCR_LOAD_ANIM_OVER_RIGHT,
  32:d:\kzc\stm32\h743ii_lcd\lvgl\src/core\lv_disp.h ****     LV_SCR_LOAD_ANIM_OVER_TOP,
  33:d:\kzc\stm32\h743ii_lcd\lvgl\src/core\lv_disp.h ****     LV_SCR_LOAD_ANIM_OVER_BOTTOM,
  34:d:\kzc\stm32\h743ii_lcd\lvgl\src/core\lv_disp.h ****     LV_SCR_LOAD_ANIM_MOVE_LEFT,
ARM GAS  C:\Users\OSD\AppData\Local\Temp\ccgtkbgJ.s 			page 3


  35:d:\kzc\stm32\h743ii_lcd\lvgl\src/core\lv_disp.h ****     LV_SCR_LOAD_ANIM_MOVE_RIGHT,
  36:d:\kzc\stm32\h743ii_lcd\lvgl\src/core\lv_disp.h ****     LV_SCR_LOAD_ANIM_MOVE_TOP,
  37:d:\kzc\stm32\h743ii_lcd\lvgl\src/core\lv_disp.h ****     LV_SCR_LOAD_ANIM_MOVE_BOTTOM,
  38:d:\kzc\stm32\h743ii_lcd\lvgl\src/core\lv_disp.h ****     LV_SCR_LOAD_ANIM_FADE_IN,
  39:d:\kzc\stm32\h743ii_lcd\lvgl\src/core\lv_disp.h ****     LV_SCR_LOAD_ANIM_FADE_ON = LV_SCR_LOAD_ANIM_FADE_IN, /*For backward compatibility*/
  40:d:\kzc\stm32\h743ii_lcd\lvgl\src/core\lv_disp.h ****     LV_SCR_LOAD_ANIM_FADE_OUT,
  41:d:\kzc\stm32\h743ii_lcd\lvgl\src/core\lv_disp.h ****     LV_SCR_LOAD_ANIM_OUT_LEFT,
  42:d:\kzc\stm32\h743ii_lcd\lvgl\src/core\lv_disp.h ****     LV_SCR_LOAD_ANIM_OUT_RIGHT,
  43:d:\kzc\stm32\h743ii_lcd\lvgl\src/core\lv_disp.h ****     LV_SCR_LOAD_ANIM_OUT_TOP,
  44:d:\kzc\stm32\h743ii_lcd\lvgl\src/core\lv_disp.h ****     LV_SCR_LOAD_ANIM_OUT_BOTTOM,
  45:d:\kzc\stm32\h743ii_lcd\lvgl\src/core\lv_disp.h **** } lv_scr_load_anim_t;
  46:d:\kzc\stm32\h743ii_lcd\lvgl\src/core\lv_disp.h **** 
  47:d:\kzc\stm32\h743ii_lcd\lvgl\src/core\lv_disp.h **** /**********************
  48:d:\kzc\stm32\h743ii_lcd\lvgl\src/core\lv_disp.h ****  * GLOBAL PROTOTYPES
  49:d:\kzc\stm32\h743ii_lcd\lvgl\src/core\lv_disp.h ****  **********************/
  50:d:\kzc\stm32\h743ii_lcd\lvgl\src/core\lv_disp.h **** 
  51:d:\kzc\stm32\h743ii_lcd\lvgl\src/core\lv_disp.h **** /**
  52:d:\kzc\stm32\h743ii_lcd\lvgl\src/core\lv_disp.h ****  * Return with a pointer to the active screen
  53:d:\kzc\stm32\h743ii_lcd\lvgl\src/core\lv_disp.h ****  * @param disp pointer to display which active screen should be get. (NULL to use the default
  54:d:\kzc\stm32\h743ii_lcd\lvgl\src/core\lv_disp.h ****  * screen)
  55:d:\kzc\stm32\h743ii_lcd\lvgl\src/core\lv_disp.h ****  * @return pointer to the active screen object (loaded by 'lv_scr_load()')
  56:d:\kzc\stm32\h743ii_lcd\lvgl\src/core\lv_disp.h ****  */
  57:d:\kzc\stm32\h743ii_lcd\lvgl\src/core\lv_disp.h **** lv_obj_t * lv_disp_get_scr_act(lv_disp_t * disp);
  58:d:\kzc\stm32\h743ii_lcd\lvgl\src/core\lv_disp.h **** 
  59:d:\kzc\stm32\h743ii_lcd\lvgl\src/core\lv_disp.h **** /**
  60:d:\kzc\stm32\h743ii_lcd\lvgl\src/core\lv_disp.h ****  * Return with a pointer to the previous screen. Only used during screen transitions.
  61:d:\kzc\stm32\h743ii_lcd\lvgl\src/core\lv_disp.h ****  * @param disp pointer to display which previous screen should be get. (NULL to use the default
  62:d:\kzc\stm32\h743ii_lcd\lvgl\src/core\lv_disp.h ****  * screen)
  63:d:\kzc\stm32\h743ii_lcd\lvgl\src/core\lv_disp.h ****  * @return pointer to the previous screen object or NULL if not used now
  64:d:\kzc\stm32\h743ii_lcd\lvgl\src/core\lv_disp.h ****  */
  65:d:\kzc\stm32\h743ii_lcd\lvgl\src/core\lv_disp.h **** lv_obj_t * lv_disp_get_scr_prev(lv_disp_t * disp);
  66:d:\kzc\stm32\h743ii_lcd\lvgl\src/core\lv_disp.h **** 
  67:d:\kzc\stm32\h743ii_lcd\lvgl\src/core\lv_disp.h **** /**
  68:d:\kzc\stm32\h743ii_lcd\lvgl\src/core\lv_disp.h ****  * Make a screen active
  69:d:\kzc\stm32\h743ii_lcd\lvgl\src/core\lv_disp.h ****  * @param scr pointer to a screen
  70:d:\kzc\stm32\h743ii_lcd\lvgl\src/core\lv_disp.h ****  */
  71:d:\kzc\stm32\h743ii_lcd\lvgl\src/core\lv_disp.h **** void lv_disp_load_scr(lv_obj_t * scr);
  72:d:\kzc\stm32\h743ii_lcd\lvgl\src/core\lv_disp.h **** 
  73:d:\kzc\stm32\h743ii_lcd\lvgl\src/core\lv_disp.h **** /**
  74:d:\kzc\stm32\h743ii_lcd\lvgl\src/core\lv_disp.h ****  * Return with the top layer. (Same on every screen and it is above the normal screen layer)
  75:d:\kzc\stm32\h743ii_lcd\lvgl\src/core\lv_disp.h ****  * @param disp pointer to display which top layer should be get. (NULL to use the default screen)
  76:d:\kzc\stm32\h743ii_lcd\lvgl\src/core\lv_disp.h ****  * @return pointer to the top layer object (transparent screen sized lv_obj)
  77:d:\kzc\stm32\h743ii_lcd\lvgl\src/core\lv_disp.h ****  */
  78:d:\kzc\stm32\h743ii_lcd\lvgl\src/core\lv_disp.h **** lv_obj_t * lv_disp_get_layer_top(lv_disp_t * disp);
  79:d:\kzc\stm32\h743ii_lcd\lvgl\src/core\lv_disp.h **** 
  80:d:\kzc\stm32\h743ii_lcd\lvgl\src/core\lv_disp.h **** /**
  81:d:\kzc\stm32\h743ii_lcd\lvgl\src/core\lv_disp.h ****  * Return with the sys. layer. (Same on every screen and it is above the normal screen and the top
  82:d:\kzc\stm32\h743ii_lcd\lvgl\src/core\lv_disp.h ****  * layer)
  83:d:\kzc\stm32\h743ii_lcd\lvgl\src/core\lv_disp.h ****  * @param disp pointer to display which sys. layer should be retrieved. (NULL to use the default sc
  84:d:\kzc\stm32\h743ii_lcd\lvgl\src/core\lv_disp.h ****  * @return pointer to the sys layer object (transparent screen sized lv_obj)
  85:d:\kzc\stm32\h743ii_lcd\lvgl\src/core\lv_disp.h ****  */
  86:d:\kzc\stm32\h743ii_lcd\lvgl\src/core\lv_disp.h **** lv_obj_t * lv_disp_get_layer_sys(lv_disp_t * disp);
  87:d:\kzc\stm32\h743ii_lcd\lvgl\src/core\lv_disp.h **** 
  88:d:\kzc\stm32\h743ii_lcd\lvgl\src/core\lv_disp.h **** /**
  89:d:\kzc\stm32\h743ii_lcd\lvgl\src/core\lv_disp.h ****  * Set the theme of a display
  90:d:\kzc\stm32\h743ii_lcd\lvgl\src/core\lv_disp.h ****  * @param disp pointer to a display
  91:d:\kzc\stm32\h743ii_lcd\lvgl\src/core\lv_disp.h ****  */
ARM GAS  C:\Users\OSD\AppData\Local\Temp\ccgtkbgJ.s 			page 4


  92:d:\kzc\stm32\h743ii_lcd\lvgl\src/core\lv_disp.h **** void lv_disp_set_theme(lv_disp_t * disp, lv_theme_t * th);
  93:d:\kzc\stm32\h743ii_lcd\lvgl\src/core\lv_disp.h **** 
  94:d:\kzc\stm32\h743ii_lcd\lvgl\src/core\lv_disp.h **** /**
  95:d:\kzc\stm32\h743ii_lcd\lvgl\src/core\lv_disp.h ****  * Get the theme of a display
  96:d:\kzc\stm32\h743ii_lcd\lvgl\src/core\lv_disp.h ****  * @param disp pointer to a display
  97:d:\kzc\stm32\h743ii_lcd\lvgl\src/core\lv_disp.h ****  * @return the display's theme (can be NULL)
  98:d:\kzc\stm32\h743ii_lcd\lvgl\src/core\lv_disp.h ****  */
  99:d:\kzc\stm32\h743ii_lcd\lvgl\src/core\lv_disp.h **** lv_theme_t * lv_disp_get_theme(lv_disp_t * disp);
 100:d:\kzc\stm32\h743ii_lcd\lvgl\src/core\lv_disp.h **** 
 101:d:\kzc\stm32\h743ii_lcd\lvgl\src/core\lv_disp.h **** /**
 102:d:\kzc\stm32\h743ii_lcd\lvgl\src/core\lv_disp.h ****  * Set the background color of a display
 103:d:\kzc\stm32\h743ii_lcd\lvgl\src/core\lv_disp.h ****  * @param disp pointer to a display
 104:d:\kzc\stm32\h743ii_lcd\lvgl\src/core\lv_disp.h ****  * @param color color of the background
 105:d:\kzc\stm32\h743ii_lcd\lvgl\src/core\lv_disp.h ****  */
 106:d:\kzc\stm32\h743ii_lcd\lvgl\src/core\lv_disp.h **** void lv_disp_set_bg_color(lv_disp_t * disp, lv_color_t color);
 107:d:\kzc\stm32\h743ii_lcd\lvgl\src/core\lv_disp.h **** 
 108:d:\kzc\stm32\h743ii_lcd\lvgl\src/core\lv_disp.h **** /**
 109:d:\kzc\stm32\h743ii_lcd\lvgl\src/core\lv_disp.h ****  * Set the background image of a display
 110:d:\kzc\stm32\h743ii_lcd\lvgl\src/core\lv_disp.h ****  * @param disp pointer to a display
 111:d:\kzc\stm32\h743ii_lcd\lvgl\src/core\lv_disp.h ****  * @param img_src path to file or pointer to an `lv_img_dsc_t` variable
 112:d:\kzc\stm32\h743ii_lcd\lvgl\src/core\lv_disp.h ****  */
 113:d:\kzc\stm32\h743ii_lcd\lvgl\src/core\lv_disp.h **** void lv_disp_set_bg_image(lv_disp_t * disp, const void  * img_src);
 114:d:\kzc\stm32\h743ii_lcd\lvgl\src/core\lv_disp.h **** 
 115:d:\kzc\stm32\h743ii_lcd\lvgl\src/core\lv_disp.h **** /**
 116:d:\kzc\stm32\h743ii_lcd\lvgl\src/core\lv_disp.h ****  * Set opacity of the background
 117:d:\kzc\stm32\h743ii_lcd\lvgl\src/core\lv_disp.h ****  * @param disp pointer to a display
 118:d:\kzc\stm32\h743ii_lcd\lvgl\src/core\lv_disp.h ****  * @param opa opacity (0..255)
 119:d:\kzc\stm32\h743ii_lcd\lvgl\src/core\lv_disp.h ****  */
 120:d:\kzc\stm32\h743ii_lcd\lvgl\src/core\lv_disp.h **** void lv_disp_set_bg_opa(lv_disp_t * disp, lv_opa_t opa);
 121:d:\kzc\stm32\h743ii_lcd\lvgl\src/core\lv_disp.h **** 
 122:d:\kzc\stm32\h743ii_lcd\lvgl\src/core\lv_disp.h **** /**
 123:d:\kzc\stm32\h743ii_lcd\lvgl\src/core\lv_disp.h ****  * Switch screen with animation
 124:d:\kzc\stm32\h743ii_lcd\lvgl\src/core\lv_disp.h ****  * @param scr pointer to the new screen to load
 125:d:\kzc\stm32\h743ii_lcd\lvgl\src/core\lv_disp.h ****  * @param anim_type type of the animation from `lv_scr_load_anim_t`, e.g. `LV_SCR_LOAD_ANIM_MOVE_LE
 126:d:\kzc\stm32\h743ii_lcd\lvgl\src/core\lv_disp.h ****  * @param time time of the animation
 127:d:\kzc\stm32\h743ii_lcd\lvgl\src/core\lv_disp.h ****  * @param delay delay before the transition
 128:d:\kzc\stm32\h743ii_lcd\lvgl\src/core\lv_disp.h ****  * @param auto_del true: automatically delete the old screen
 129:d:\kzc\stm32\h743ii_lcd\lvgl\src/core\lv_disp.h ****  */
 130:d:\kzc\stm32\h743ii_lcd\lvgl\src/core\lv_disp.h **** void lv_scr_load_anim(lv_obj_t * scr, lv_scr_load_anim_t anim_type, uint32_t time, uint32_t delay, 
 131:d:\kzc\stm32\h743ii_lcd\lvgl\src/core\lv_disp.h **** 
 132:d:\kzc\stm32\h743ii_lcd\lvgl\src/core\lv_disp.h **** /**
 133:d:\kzc\stm32\h743ii_lcd\lvgl\src/core\lv_disp.h ****  * Get elapsed time since last user activity on a display (e.g. click)
 134:d:\kzc\stm32\h743ii_lcd\lvgl\src/core\lv_disp.h ****  * @param disp pointer to a display (NULL to get the overall smallest inactivity)
 135:d:\kzc\stm32\h743ii_lcd\lvgl\src/core\lv_disp.h ****  * @return elapsed ticks (milliseconds) since the last activity
 136:d:\kzc\stm32\h743ii_lcd\lvgl\src/core\lv_disp.h ****  */
 137:d:\kzc\stm32\h743ii_lcd\lvgl\src/core\lv_disp.h **** uint32_t lv_disp_get_inactive_time(const lv_disp_t * disp);
 138:d:\kzc\stm32\h743ii_lcd\lvgl\src/core\lv_disp.h **** 
 139:d:\kzc\stm32\h743ii_lcd\lvgl\src/core\lv_disp.h **** /**
 140:d:\kzc\stm32\h743ii_lcd\lvgl\src/core\lv_disp.h ****  * Manually trigger an activity on a display
 141:d:\kzc\stm32\h743ii_lcd\lvgl\src/core\lv_disp.h ****  * @param disp pointer to a display (NULL to use the default display)
 142:d:\kzc\stm32\h743ii_lcd\lvgl\src/core\lv_disp.h ****  */
 143:d:\kzc\stm32\h743ii_lcd\lvgl\src/core\lv_disp.h **** void lv_disp_trig_activity(lv_disp_t * disp);
 144:d:\kzc\stm32\h743ii_lcd\lvgl\src/core\lv_disp.h **** 
 145:d:\kzc\stm32\h743ii_lcd\lvgl\src/core\lv_disp.h **** /**
 146:d:\kzc\stm32\h743ii_lcd\lvgl\src/core\lv_disp.h ****  * Clean any CPU cache that is related to the display.
 147:d:\kzc\stm32\h743ii_lcd\lvgl\src/core\lv_disp.h ****  * @param disp pointer to a display (NULL to use the default display)
 148:d:\kzc\stm32\h743ii_lcd\lvgl\src/core\lv_disp.h ****  */
ARM GAS  C:\Users\OSD\AppData\Local\Temp\ccgtkbgJ.s 			page 5


 149:d:\kzc\stm32\h743ii_lcd\lvgl\src/core\lv_disp.h **** void lv_disp_clean_dcache(lv_disp_t * disp);
 150:d:\kzc\stm32\h743ii_lcd\lvgl\src/core\lv_disp.h **** 
 151:d:\kzc\stm32\h743ii_lcd\lvgl\src/core\lv_disp.h **** /**
 152:d:\kzc\stm32\h743ii_lcd\lvgl\src/core\lv_disp.h ****  * Temporarily enable and disable the invalidation of the display.
 153:d:\kzc\stm32\h743ii_lcd\lvgl\src/core\lv_disp.h ****  * @param disp pointer to a display (NULL to use the default display)
 154:d:\kzc\stm32\h743ii_lcd\lvgl\src/core\lv_disp.h ****  * @param en true: enable invalidation; false: invalidation
 155:d:\kzc\stm32\h743ii_lcd\lvgl\src/core\lv_disp.h ****  */
 156:d:\kzc\stm32\h743ii_lcd\lvgl\src/core\lv_disp.h **** void lv_disp_enable_invalidation(lv_disp_t * disp, bool en);
 157:d:\kzc\stm32\h743ii_lcd\lvgl\src/core\lv_disp.h **** 
 158:d:\kzc\stm32\h743ii_lcd\lvgl\src/core\lv_disp.h **** /**
 159:d:\kzc\stm32\h743ii_lcd\lvgl\src/core\lv_disp.h ****  * Get display invalidation is enabled.
 160:d:\kzc\stm32\h743ii_lcd\lvgl\src/core\lv_disp.h ****  * @param disp pointer to a display (NULL to use the default display)
 161:d:\kzc\stm32\h743ii_lcd\lvgl\src/core\lv_disp.h ****  * @return return true if invalidation is enabled
 162:d:\kzc\stm32\h743ii_lcd\lvgl\src/core\lv_disp.h ****  */
 163:d:\kzc\stm32\h743ii_lcd\lvgl\src/core\lv_disp.h **** bool lv_disp_is_invalidation_enabled(lv_disp_t * disp);
 164:d:\kzc\stm32\h743ii_lcd\lvgl\src/core\lv_disp.h **** 
 165:d:\kzc\stm32\h743ii_lcd\lvgl\src/core\lv_disp.h **** /**
 166:d:\kzc\stm32\h743ii_lcd\lvgl\src/core\lv_disp.h ****  * Get a pointer to the screen refresher timer to
 167:d:\kzc\stm32\h743ii_lcd\lvgl\src/core\lv_disp.h ****  * modify its parameters with `lv_timer_...` functions.
 168:d:\kzc\stm32\h743ii_lcd\lvgl\src/core\lv_disp.h ****  * @param disp pointer to a display
 169:d:\kzc\stm32\h743ii_lcd\lvgl\src/core\lv_disp.h ****  * @return pointer to the display refresher timer. (NULL on error)
 170:d:\kzc\stm32\h743ii_lcd\lvgl\src/core\lv_disp.h ****  */
 171:d:\kzc\stm32\h743ii_lcd\lvgl\src/core\lv_disp.h **** lv_timer_t * _lv_disp_get_refr_timer(lv_disp_t * disp);
 172:d:\kzc\stm32\h743ii_lcd\lvgl\src/core\lv_disp.h **** 
 173:d:\kzc\stm32\h743ii_lcd\lvgl\src/core\lv_disp.h **** /*------------------------------------------------
 174:d:\kzc\stm32\h743ii_lcd\lvgl\src/core\lv_disp.h ****  * To improve backward compatibility
 175:d:\kzc\stm32\h743ii_lcd\lvgl\src/core\lv_disp.h ****  * Recommended only if you have one display
 176:d:\kzc\stm32\h743ii_lcd\lvgl\src/core\lv_disp.h ****  *------------------------------------------------*/
 177:d:\kzc\stm32\h743ii_lcd\lvgl\src/core\lv_disp.h **** 
 178:d:\kzc\stm32\h743ii_lcd\lvgl\src/core\lv_disp.h **** /**
 179:d:\kzc\stm32\h743ii_lcd\lvgl\src/core\lv_disp.h ****  * Get the active screen of the default display
 180:d:\kzc\stm32\h743ii_lcd\lvgl\src/core\lv_disp.h ****  * @return pointer to the active screen
 181:d:\kzc\stm32\h743ii_lcd\lvgl\src/core\lv_disp.h ****  */
 182:d:\kzc\stm32\h743ii_lcd\lvgl\src/core\lv_disp.h **** static inline lv_obj_t * lv_scr_act(void)
  65              		.loc 2 182 26 view .LVU9
  66              	.LBB9:
 183:d:\kzc\stm32\h743ii_lcd\lvgl\src/core\lv_disp.h **** {
 184:d:\kzc\stm32\h743ii_lcd\lvgl\src/core\lv_disp.h ****     return lv_disp_get_scr_act(lv_disp_get_default());
  67              		.loc 2 184 5 view .LVU10
  68              		.loc 2 184 12 is_stmt 0 view .LVU11
  69 0022 FFF7FEFF 		bl	lv_disp_get_default
  70              	.LVL4:
  71 0026 FFF7FEFF 		bl	lv_disp_get_scr_act
  72              	.LVL5:
  73              	.LBE9:
  74              	.LBE8:
  75              		.loc 1 17 22 view .LVU12
  76 002a FFF7FEFF 		bl	lv_bar_create
  77              	.LVL6:
  78 002e 0446     		mov	r4, r0
  79              	.LVL7:
  18:lvgl/examples/widgets/bar/lv_example_bar_4.c ****     lv_obj_add_style(bar, &style_indic, LV_PART_INDICATOR);
  80              		.loc 1 18 5 is_stmt 1 view .LVU13
  81 0030 4FF40032 		mov	r2, #131072
  82 0034 2946     		mov	r1, r5
  83 0036 FFF7FEFF 		bl	lv_obj_add_style
  84              	.LVL8:
ARM GAS  C:\Users\OSD\AppData\Local\Temp\ccgtkbgJ.s 			page 6


  19:lvgl/examples/widgets/bar/lv_example_bar_4.c **** 
  20:lvgl/examples/widgets/bar/lv_example_bar_4.c ****     lv_obj_set_size(bar, 260, 20);
  85              		.loc 1 20 5 view .LVU14
  86 003a 1422     		movs	r2, #20
  87 003c 4FF48271 		mov	r1, #260
  88 0040 2046     		mov	r0, r4
  89 0042 FFF7FEFF 		bl	lv_obj_set_size
  90              	.LVL9:
  21:lvgl/examples/widgets/bar/lv_example_bar_4.c ****     lv_obj_center(bar);
  91              		.loc 1 21 5 view .LVU15
  92              	.LBB10:
  93              	.LBI10:
  94              		.file 3 "d:\\kzc\\stm32\\h743ii_lcd\\lvgl\\src\\core\\lv_obj_pos.h"
   1:d:\kzc\stm32\h743ii_lcd\lvgl\src/core\lv_obj_pos.h **** /**
   2:d:\kzc\stm32\h743ii_lcd\lvgl\src/core\lv_obj_pos.h ****  * @file lv_obj_pos.h
   3:d:\kzc\stm32\h743ii_lcd\lvgl\src/core\lv_obj_pos.h ****  *
   4:d:\kzc\stm32\h743ii_lcd\lvgl\src/core\lv_obj_pos.h ****  */
   5:d:\kzc\stm32\h743ii_lcd\lvgl\src/core\lv_obj_pos.h **** 
   6:d:\kzc\stm32\h743ii_lcd\lvgl\src/core\lv_obj_pos.h **** #ifndef LV_OBJ_POS_H
   7:d:\kzc\stm32\h743ii_lcd\lvgl\src/core\lv_obj_pos.h **** #define LV_OBJ_POS_H
   8:d:\kzc\stm32\h743ii_lcd\lvgl\src/core\lv_obj_pos.h **** 
   9:d:\kzc\stm32\h743ii_lcd\lvgl\src/core\lv_obj_pos.h **** #ifdef __cplusplus
  10:d:\kzc\stm32\h743ii_lcd\lvgl\src/core\lv_obj_pos.h **** extern "C" {
  11:d:\kzc\stm32\h743ii_lcd\lvgl\src/core\lv_obj_pos.h **** #endif
  12:d:\kzc\stm32\h743ii_lcd\lvgl\src/core\lv_obj_pos.h **** 
  13:d:\kzc\stm32\h743ii_lcd\lvgl\src/core\lv_obj_pos.h **** /*********************
  14:d:\kzc\stm32\h743ii_lcd\lvgl\src/core\lv_obj_pos.h ****  *      INCLUDES
  15:d:\kzc\stm32\h743ii_lcd\lvgl\src/core\lv_obj_pos.h ****  *********************/
  16:d:\kzc\stm32\h743ii_lcd\lvgl\src/core\lv_obj_pos.h **** #include "../misc/lv_area.h"
  17:d:\kzc\stm32\h743ii_lcd\lvgl\src/core\lv_obj_pos.h **** 
  18:d:\kzc\stm32\h743ii_lcd\lvgl\src/core\lv_obj_pos.h **** /*********************
  19:d:\kzc\stm32\h743ii_lcd\lvgl\src/core\lv_obj_pos.h ****  *      DEFINES
  20:d:\kzc\stm32\h743ii_lcd\lvgl\src/core\lv_obj_pos.h ****  *********************/
  21:d:\kzc\stm32\h743ii_lcd\lvgl\src/core\lv_obj_pos.h **** 
  22:d:\kzc\stm32\h743ii_lcd\lvgl\src/core\lv_obj_pos.h **** /**********************
  23:d:\kzc\stm32\h743ii_lcd\lvgl\src/core\lv_obj_pos.h ****  *      TYPEDEFS
  24:d:\kzc\stm32\h743ii_lcd\lvgl\src/core\lv_obj_pos.h ****  **********************/
  25:d:\kzc\stm32\h743ii_lcd\lvgl\src/core\lv_obj_pos.h **** struct _lv_obj_t;
  26:d:\kzc\stm32\h743ii_lcd\lvgl\src/core\lv_obj_pos.h **** 
  27:d:\kzc\stm32\h743ii_lcd\lvgl\src/core\lv_obj_pos.h **** typedef void (*lv_layout_update_cb_t)(struct _lv_obj_t *, void * user_data);
  28:d:\kzc\stm32\h743ii_lcd\lvgl\src/core\lv_obj_pos.h **** typedef struct {
  29:d:\kzc\stm32\h743ii_lcd\lvgl\src/core\lv_obj_pos.h ****     lv_layout_update_cb_t cb;
  30:d:\kzc\stm32\h743ii_lcd\lvgl\src/core\lv_obj_pos.h ****     void * user_data;
  31:d:\kzc\stm32\h743ii_lcd\lvgl\src/core\lv_obj_pos.h **** } lv_layout_dsc_t;
  32:d:\kzc\stm32\h743ii_lcd\lvgl\src/core\lv_obj_pos.h **** 
  33:d:\kzc\stm32\h743ii_lcd\lvgl\src/core\lv_obj_pos.h **** /**********************
  34:d:\kzc\stm32\h743ii_lcd\lvgl\src/core\lv_obj_pos.h ****  * GLOBAL PROTOTYPES
  35:d:\kzc\stm32\h743ii_lcd\lvgl\src/core\lv_obj_pos.h ****  **********************/
  36:d:\kzc\stm32\h743ii_lcd\lvgl\src/core\lv_obj_pos.h **** 
  37:d:\kzc\stm32\h743ii_lcd\lvgl\src/core\lv_obj_pos.h **** /**
  38:d:\kzc\stm32\h743ii_lcd\lvgl\src/core\lv_obj_pos.h ****  * Set the position of an object relative to the set alignment.
  39:d:\kzc\stm32\h743ii_lcd\lvgl\src/core\lv_obj_pos.h ****  * @param obj       pointer to an object
  40:d:\kzc\stm32\h743ii_lcd\lvgl\src/core\lv_obj_pos.h ****  * @param x         new x coordinate
  41:d:\kzc\stm32\h743ii_lcd\lvgl\src/core\lv_obj_pos.h ****  * @param y         new y coordinate
  42:d:\kzc\stm32\h743ii_lcd\lvgl\src/core\lv_obj_pos.h ****  * @note            With default alignment it's the distance from the top left corner
  43:d:\kzc\stm32\h743ii_lcd\lvgl\src/core\lv_obj_pos.h ****  * @note            E.g. LV_ALIGN_CENTER alignment it's the offset from the center of the parent
  44:d:\kzc\stm32\h743ii_lcd\lvgl\src/core\lv_obj_pos.h ****  * @note            The position is interpreted on the content area of the parent
ARM GAS  C:\Users\OSD\AppData\Local\Temp\ccgtkbgJ.s 			page 7


  45:d:\kzc\stm32\h743ii_lcd\lvgl\src/core\lv_obj_pos.h ****  * @note            The values can be set in pixel or in percentage of parent size with `lv_pct(v)`
  46:d:\kzc\stm32\h743ii_lcd\lvgl\src/core\lv_obj_pos.h ****  */
  47:d:\kzc\stm32\h743ii_lcd\lvgl\src/core\lv_obj_pos.h **** void lv_obj_set_pos(struct _lv_obj_t * obj, lv_coord_t x, lv_coord_t y);
  48:d:\kzc\stm32\h743ii_lcd\lvgl\src/core\lv_obj_pos.h **** 
  49:d:\kzc\stm32\h743ii_lcd\lvgl\src/core\lv_obj_pos.h **** /**
  50:d:\kzc\stm32\h743ii_lcd\lvgl\src/core\lv_obj_pos.h ****  * Set the x coordinate of an object
  51:d:\kzc\stm32\h743ii_lcd\lvgl\src/core\lv_obj_pos.h ****  * @param obj       pointer to an object
  52:d:\kzc\stm32\h743ii_lcd\lvgl\src/core\lv_obj_pos.h ****  * @param x         new x coordinate
  53:d:\kzc\stm32\h743ii_lcd\lvgl\src/core\lv_obj_pos.h ****  * @note            With default alignment it's the distance from the top left corner
  54:d:\kzc\stm32\h743ii_lcd\lvgl\src/core\lv_obj_pos.h ****  * @note            E.g. LV_ALIGN_CENTER alignment it's the offset from the center of the parent
  55:d:\kzc\stm32\h743ii_lcd\lvgl\src/core\lv_obj_pos.h ****  * @note            The position is interpreted on the content area of the parent
  56:d:\kzc\stm32\h743ii_lcd\lvgl\src/core\lv_obj_pos.h ****  * @note            The values can be set in pixel or in percentage of parent size with `lv_pct(v)`
  57:d:\kzc\stm32\h743ii_lcd\lvgl\src/core\lv_obj_pos.h ****  */
  58:d:\kzc\stm32\h743ii_lcd\lvgl\src/core\lv_obj_pos.h **** void lv_obj_set_x(struct _lv_obj_t * obj, lv_coord_t x);
  59:d:\kzc\stm32\h743ii_lcd\lvgl\src/core\lv_obj_pos.h **** 
  60:d:\kzc\stm32\h743ii_lcd\lvgl\src/core\lv_obj_pos.h **** /**
  61:d:\kzc\stm32\h743ii_lcd\lvgl\src/core\lv_obj_pos.h ****  * Set the y coordinate of an object
  62:d:\kzc\stm32\h743ii_lcd\lvgl\src/core\lv_obj_pos.h ****  * @param obj       pointer to an object
  63:d:\kzc\stm32\h743ii_lcd\lvgl\src/core\lv_obj_pos.h ****  * @param y         new y coordinate
  64:d:\kzc\stm32\h743ii_lcd\lvgl\src/core\lv_obj_pos.h ****  * @note            With default alignment it's the distance from the top left corner
  65:d:\kzc\stm32\h743ii_lcd\lvgl\src/core\lv_obj_pos.h ****  * @note            E.g. LV_ALIGN_CENTER alignment it's the offset from the center of the parent
  66:d:\kzc\stm32\h743ii_lcd\lvgl\src/core\lv_obj_pos.h ****  * @note            The position is interpreted on the content area of the parent
  67:d:\kzc\stm32\h743ii_lcd\lvgl\src/core\lv_obj_pos.h ****  * @note            The values can be set in pixel or in percentage of parent size with `lv_pct(v)`
  68:d:\kzc\stm32\h743ii_lcd\lvgl\src/core\lv_obj_pos.h ****  */
  69:d:\kzc\stm32\h743ii_lcd\lvgl\src/core\lv_obj_pos.h **** void lv_obj_set_y(struct _lv_obj_t * obj, lv_coord_t y);
  70:d:\kzc\stm32\h743ii_lcd\lvgl\src/core\lv_obj_pos.h **** 
  71:d:\kzc\stm32\h743ii_lcd\lvgl\src/core\lv_obj_pos.h **** /**
  72:d:\kzc\stm32\h743ii_lcd\lvgl\src/core\lv_obj_pos.h ****  * Set the size of an object.
  73:d:\kzc\stm32\h743ii_lcd\lvgl\src/core\lv_obj_pos.h ****  * @param obj       pointer to an object
  74:d:\kzc\stm32\h743ii_lcd\lvgl\src/core\lv_obj_pos.h ****  * @param w         the new width
  75:d:\kzc\stm32\h743ii_lcd\lvgl\src/core\lv_obj_pos.h ****  * @param h         the new height
  76:d:\kzc\stm32\h743ii_lcd\lvgl\src/core\lv_obj_pos.h ****  * @note            possible values are:
  77:d:\kzc\stm32\h743ii_lcd\lvgl\src/core\lv_obj_pos.h ****  *                  pixel               simple set the size accordingly
  78:d:\kzc\stm32\h743ii_lcd\lvgl\src/core\lv_obj_pos.h ****  *                  LV_SIZE_CONTENT     set the size to involve all children in the given direction
  79:d:\kzc\stm32\h743ii_lcd\lvgl\src/core\lv_obj_pos.h ****  *                  LV_SIZE_PCT(x)     to set size in percentage of the parent's content area size 
  80:d:\kzc\stm32\h743ii_lcd\lvgl\src/core\lv_obj_pos.h ****  *                                      x should be in [0..1000]% range
  81:d:\kzc\stm32\h743ii_lcd\lvgl\src/core\lv_obj_pos.h ****  */
  82:d:\kzc\stm32\h743ii_lcd\lvgl\src/core\lv_obj_pos.h **** void lv_obj_set_size(struct _lv_obj_t * obj, lv_coord_t w, lv_coord_t h);
  83:d:\kzc\stm32\h743ii_lcd\lvgl\src/core\lv_obj_pos.h **** 
  84:d:\kzc\stm32\h743ii_lcd\lvgl\src/core\lv_obj_pos.h **** /**
  85:d:\kzc\stm32\h743ii_lcd\lvgl\src/core\lv_obj_pos.h ****  * Recalculate the size of the object
  86:d:\kzc\stm32\h743ii_lcd\lvgl\src/core\lv_obj_pos.h ****  * @param obj       pointer to an object
  87:d:\kzc\stm32\h743ii_lcd\lvgl\src/core\lv_obj_pos.h ****  * @return          true: the size has been changed
  88:d:\kzc\stm32\h743ii_lcd\lvgl\src/core\lv_obj_pos.h ****  */
  89:d:\kzc\stm32\h743ii_lcd\lvgl\src/core\lv_obj_pos.h **** bool lv_obj_refr_size(struct _lv_obj_t * obj);
  90:d:\kzc\stm32\h743ii_lcd\lvgl\src/core\lv_obj_pos.h **** 
  91:d:\kzc\stm32\h743ii_lcd\lvgl\src/core\lv_obj_pos.h **** /**
  92:d:\kzc\stm32\h743ii_lcd\lvgl\src/core\lv_obj_pos.h ****  * Set the width of an object
  93:d:\kzc\stm32\h743ii_lcd\lvgl\src/core\lv_obj_pos.h ****  * @param obj       pointer to an object
  94:d:\kzc\stm32\h743ii_lcd\lvgl\src/core\lv_obj_pos.h ****  * @param w         the new width
  95:d:\kzc\stm32\h743ii_lcd\lvgl\src/core\lv_obj_pos.h ****  * @note            possible values are:
  96:d:\kzc\stm32\h743ii_lcd\lvgl\src/core\lv_obj_pos.h ****  *                  pixel               simple set the size accordingly
  97:d:\kzc\stm32\h743ii_lcd\lvgl\src/core\lv_obj_pos.h ****  *                  LV_SIZE_CONTENT     set the size to involve all children in the given direction
  98:d:\kzc\stm32\h743ii_lcd\lvgl\src/core\lv_obj_pos.h ****  *                  lv_pct(x)           to set size in percentage of the parent's content area size
  99:d:\kzc\stm32\h743ii_lcd\lvgl\src/core\lv_obj_pos.h ****  *                                      x should be in [0..1000]% range
 100:d:\kzc\stm32\h743ii_lcd\lvgl\src/core\lv_obj_pos.h ****  */
 101:d:\kzc\stm32\h743ii_lcd\lvgl\src/core\lv_obj_pos.h **** void lv_obj_set_width(struct _lv_obj_t * obj, lv_coord_t w);
ARM GAS  C:\Users\OSD\AppData\Local\Temp\ccgtkbgJ.s 			page 8


 102:d:\kzc\stm32\h743ii_lcd\lvgl\src/core\lv_obj_pos.h **** 
 103:d:\kzc\stm32\h743ii_lcd\lvgl\src/core\lv_obj_pos.h **** /**
 104:d:\kzc\stm32\h743ii_lcd\lvgl\src/core\lv_obj_pos.h ****  * Set the height of an object
 105:d:\kzc\stm32\h743ii_lcd\lvgl\src/core\lv_obj_pos.h ****  * @param obj       pointer to an object
 106:d:\kzc\stm32\h743ii_lcd\lvgl\src/core\lv_obj_pos.h ****  * @param h         the new height
 107:d:\kzc\stm32\h743ii_lcd\lvgl\src/core\lv_obj_pos.h ****  * @note            possible values are:
 108:d:\kzc\stm32\h743ii_lcd\lvgl\src/core\lv_obj_pos.h ****  *                  pixel               simple set the size accordingly
 109:d:\kzc\stm32\h743ii_lcd\lvgl\src/core\lv_obj_pos.h ****  *                  LV_SIZE_CONTENT     set the size to involve all children in the given direction
 110:d:\kzc\stm32\h743ii_lcd\lvgl\src/core\lv_obj_pos.h ****  *                  lv_pct(x)           to set size in percentage of the parent's content area size
 111:d:\kzc\stm32\h743ii_lcd\lvgl\src/core\lv_obj_pos.h ****  *                                      x should be in [0..1000]% range
 112:d:\kzc\stm32\h743ii_lcd\lvgl\src/core\lv_obj_pos.h ****  */
 113:d:\kzc\stm32\h743ii_lcd\lvgl\src/core\lv_obj_pos.h **** void lv_obj_set_height(struct _lv_obj_t * obj, lv_coord_t h);
 114:d:\kzc\stm32\h743ii_lcd\lvgl\src/core\lv_obj_pos.h **** 
 115:d:\kzc\stm32\h743ii_lcd\lvgl\src/core\lv_obj_pos.h **** /**
 116:d:\kzc\stm32\h743ii_lcd\lvgl\src/core\lv_obj_pos.h ****  * Set the width reduced by the left and right padding and the border width.
 117:d:\kzc\stm32\h743ii_lcd\lvgl\src/core\lv_obj_pos.h ****  * @param obj       pointer to an object
 118:d:\kzc\stm32\h743ii_lcd\lvgl\src/core\lv_obj_pos.h ****  * @param w         the width without paddings in pixels
 119:d:\kzc\stm32\h743ii_lcd\lvgl\src/core\lv_obj_pos.h ****  */
 120:d:\kzc\stm32\h743ii_lcd\lvgl\src/core\lv_obj_pos.h **** void lv_obj_set_content_width(struct _lv_obj_t * obj, lv_coord_t w);
 121:d:\kzc\stm32\h743ii_lcd\lvgl\src/core\lv_obj_pos.h **** 
 122:d:\kzc\stm32\h743ii_lcd\lvgl\src/core\lv_obj_pos.h **** /**
 123:d:\kzc\stm32\h743ii_lcd\lvgl\src/core\lv_obj_pos.h ****  * Set the height reduced by the top and bottom padding and the border width.
 124:d:\kzc\stm32\h743ii_lcd\lvgl\src/core\lv_obj_pos.h ****  * @param obj       pointer to an object
 125:d:\kzc\stm32\h743ii_lcd\lvgl\src/core\lv_obj_pos.h ****  * @param h         the height without paddings in pixels
 126:d:\kzc\stm32\h743ii_lcd\lvgl\src/core\lv_obj_pos.h ****  */
 127:d:\kzc\stm32\h743ii_lcd\lvgl\src/core\lv_obj_pos.h **** void lv_obj_set_content_height(struct _lv_obj_t * obj, lv_coord_t h);
 128:d:\kzc\stm32\h743ii_lcd\lvgl\src/core\lv_obj_pos.h **** 
 129:d:\kzc\stm32\h743ii_lcd\lvgl\src/core\lv_obj_pos.h **** /**
 130:d:\kzc\stm32\h743ii_lcd\lvgl\src/core\lv_obj_pos.h ****  * Set a layout for an object
 131:d:\kzc\stm32\h743ii_lcd\lvgl\src/core\lv_obj_pos.h ****  * @param obj       pointer to an object
 132:d:\kzc\stm32\h743ii_lcd\lvgl\src/core\lv_obj_pos.h ****  * @param layout    pointer to a layout descriptor to set
 133:d:\kzc\stm32\h743ii_lcd\lvgl\src/core\lv_obj_pos.h ****  */
 134:d:\kzc\stm32\h743ii_lcd\lvgl\src/core\lv_obj_pos.h **** void lv_obj_set_layout(struct _lv_obj_t * obj, uint32_t layout);
 135:d:\kzc\stm32\h743ii_lcd\lvgl\src/core\lv_obj_pos.h **** 
 136:d:\kzc\stm32\h743ii_lcd\lvgl\src/core\lv_obj_pos.h **** /**
 137:d:\kzc\stm32\h743ii_lcd\lvgl\src/core\lv_obj_pos.h ****  * Test whether the and object is positioned by a layout or not
 138:d:\kzc\stm32\h743ii_lcd\lvgl\src/core\lv_obj_pos.h ****  * @param obj       pointer to an object to test
 139:d:\kzc\stm32\h743ii_lcd\lvgl\src/core\lv_obj_pos.h ****  * @return true:    positioned by a layout; false: not positioned by a layout
 140:d:\kzc\stm32\h743ii_lcd\lvgl\src/core\lv_obj_pos.h ****  */
 141:d:\kzc\stm32\h743ii_lcd\lvgl\src/core\lv_obj_pos.h **** bool lv_obj_is_layout_positioned(const struct _lv_obj_t * obj);
 142:d:\kzc\stm32\h743ii_lcd\lvgl\src/core\lv_obj_pos.h **** 
 143:d:\kzc\stm32\h743ii_lcd\lvgl\src/core\lv_obj_pos.h **** /**
 144:d:\kzc\stm32\h743ii_lcd\lvgl\src/core\lv_obj_pos.h ****  * Mark the object for layout update.
 145:d:\kzc\stm32\h743ii_lcd\lvgl\src/core\lv_obj_pos.h ****  * @param obj      pointer to an object whose children needs to be updated
 146:d:\kzc\stm32\h743ii_lcd\lvgl\src/core\lv_obj_pos.h ****  */
 147:d:\kzc\stm32\h743ii_lcd\lvgl\src/core\lv_obj_pos.h **** void lv_obj_mark_layout_as_dirty(struct _lv_obj_t * obj);
 148:d:\kzc\stm32\h743ii_lcd\lvgl\src/core\lv_obj_pos.h **** 
 149:d:\kzc\stm32\h743ii_lcd\lvgl\src/core\lv_obj_pos.h **** /**
 150:d:\kzc\stm32\h743ii_lcd\lvgl\src/core\lv_obj_pos.h ****  * Update the layout of an object.
 151:d:\kzc\stm32\h743ii_lcd\lvgl\src/core\lv_obj_pos.h ****  * @param obj      pointer to an object whose children needs to be updated
 152:d:\kzc\stm32\h743ii_lcd\lvgl\src/core\lv_obj_pos.h ****  */
 153:d:\kzc\stm32\h743ii_lcd\lvgl\src/core\lv_obj_pos.h **** void lv_obj_update_layout(const struct _lv_obj_t * obj);
 154:d:\kzc\stm32\h743ii_lcd\lvgl\src/core\lv_obj_pos.h **** 
 155:d:\kzc\stm32\h743ii_lcd\lvgl\src/core\lv_obj_pos.h **** /**
 156:d:\kzc\stm32\h743ii_lcd\lvgl\src/core\lv_obj_pos.h ****  * Register a new layout
 157:d:\kzc\stm32\h743ii_lcd\lvgl\src/core\lv_obj_pos.h ****  * @param cb        the layout update callback
 158:d:\kzc\stm32\h743ii_lcd\lvgl\src/core\lv_obj_pos.h ****  * @param user_data custom data that will be passed to `cb`
ARM GAS  C:\Users\OSD\AppData\Local\Temp\ccgtkbgJ.s 			page 9


 159:d:\kzc\stm32\h743ii_lcd\lvgl\src/core\lv_obj_pos.h ****  * @return          the ID of the new layout
 160:d:\kzc\stm32\h743ii_lcd\lvgl\src/core\lv_obj_pos.h ****  */
 161:d:\kzc\stm32\h743ii_lcd\lvgl\src/core\lv_obj_pos.h **** uint32_t lv_layout_register(lv_layout_update_cb_t cb, void * user_data);
 162:d:\kzc\stm32\h743ii_lcd\lvgl\src/core\lv_obj_pos.h **** 
 163:d:\kzc\stm32\h743ii_lcd\lvgl\src/core\lv_obj_pos.h **** /**
 164:d:\kzc\stm32\h743ii_lcd\lvgl\src/core\lv_obj_pos.h ****  * Change the alignment of an object.
 165:d:\kzc\stm32\h743ii_lcd\lvgl\src/core\lv_obj_pos.h ****  * @param obj       pointer to an object to align
 166:d:\kzc\stm32\h743ii_lcd\lvgl\src/core\lv_obj_pos.h ****  * @param align     type of alignment (see 'lv_align_t' enum) `LV_ALIGN_OUT_...` can't be used.
 167:d:\kzc\stm32\h743ii_lcd\lvgl\src/core\lv_obj_pos.h ****  */
 168:d:\kzc\stm32\h743ii_lcd\lvgl\src/core\lv_obj_pos.h **** void lv_obj_set_align(struct _lv_obj_t * obj, lv_align_t align);
 169:d:\kzc\stm32\h743ii_lcd\lvgl\src/core\lv_obj_pos.h **** 
 170:d:\kzc\stm32\h743ii_lcd\lvgl\src/core\lv_obj_pos.h **** /**
 171:d:\kzc\stm32\h743ii_lcd\lvgl\src/core\lv_obj_pos.h ****  * Change the alignment of an object and set new coordinates.
 172:d:\kzc\stm32\h743ii_lcd\lvgl\src/core\lv_obj_pos.h ****  * Equivalent to:
 173:d:\kzc\stm32\h743ii_lcd\lvgl\src/core\lv_obj_pos.h ****  * lv_obj_set_align(obj, align);
 174:d:\kzc\stm32\h743ii_lcd\lvgl\src/core\lv_obj_pos.h ****  * lv_obj_set_pos(obj, x_ofs, y_ofs);
 175:d:\kzc\stm32\h743ii_lcd\lvgl\src/core\lv_obj_pos.h ****  * @param obj       pointer to an object to align
 176:d:\kzc\stm32\h743ii_lcd\lvgl\src/core\lv_obj_pos.h ****  * @param align     type of alignment (see 'lv_align_t' enum) `LV_ALIGN_OUT_...` can't be used.
 177:d:\kzc\stm32\h743ii_lcd\lvgl\src/core\lv_obj_pos.h ****  * @param x_ofs     x coordinate offset after alignment
 178:d:\kzc\stm32\h743ii_lcd\lvgl\src/core\lv_obj_pos.h ****  * @param y_ofs     y coordinate offset after alignment
 179:d:\kzc\stm32\h743ii_lcd\lvgl\src/core\lv_obj_pos.h ****  */
 180:d:\kzc\stm32\h743ii_lcd\lvgl\src/core\lv_obj_pos.h **** void lv_obj_align(struct _lv_obj_t * obj, lv_align_t align, lv_coord_t x_ofs, lv_coord_t y_ofs);
 181:d:\kzc\stm32\h743ii_lcd\lvgl\src/core\lv_obj_pos.h **** 
 182:d:\kzc\stm32\h743ii_lcd\lvgl\src/core\lv_obj_pos.h **** /**
 183:d:\kzc\stm32\h743ii_lcd\lvgl\src/core\lv_obj_pos.h ****  * Align an object to an other object.
 184:d:\kzc\stm32\h743ii_lcd\lvgl\src/core\lv_obj_pos.h ****  * @param obj       pointer to an object to align
 185:d:\kzc\stm32\h743ii_lcd\lvgl\src/core\lv_obj_pos.h ****  * @param base      pointer to an other object (if NULL `obj`s parent is used). 'obj' will be align
 186:d:\kzc\stm32\h743ii_lcd\lvgl\src/core\lv_obj_pos.h ****  * @param align     type of alignment (see 'lv_align_t' enum)
 187:d:\kzc\stm32\h743ii_lcd\lvgl\src/core\lv_obj_pos.h ****  * @param x_ofs     x coordinate offset after alignment
 188:d:\kzc\stm32\h743ii_lcd\lvgl\src/core\lv_obj_pos.h ****  * @param y_ofs     y coordinate offset after alignment
 189:d:\kzc\stm32\h743ii_lcd\lvgl\src/core\lv_obj_pos.h ****  * @note            if the position or size of `base` changes `obj` needs to be aligned manually ag
 190:d:\kzc\stm32\h743ii_lcd\lvgl\src/core\lv_obj_pos.h ****  */
 191:d:\kzc\stm32\h743ii_lcd\lvgl\src/core\lv_obj_pos.h **** void lv_obj_align_to(struct _lv_obj_t * obj, const struct _lv_obj_t * base, lv_align_t align, lv_co
 192:d:\kzc\stm32\h743ii_lcd\lvgl\src/core\lv_obj_pos.h ****                      lv_coord_t y_ofs);
 193:d:\kzc\stm32\h743ii_lcd\lvgl\src/core\lv_obj_pos.h **** 
 194:d:\kzc\stm32\h743ii_lcd\lvgl\src/core\lv_obj_pos.h **** /**
 195:d:\kzc\stm32\h743ii_lcd\lvgl\src/core\lv_obj_pos.h ****  * Align an object to the center on its parent.
 196:d:\kzc\stm32\h743ii_lcd\lvgl\src/core\lv_obj_pos.h ****  * @param obj       pointer to an object to align
 197:d:\kzc\stm32\h743ii_lcd\lvgl\src/core\lv_obj_pos.h ****  * @note            if the parent size changes `obj` needs to be aligned manually again
 198:d:\kzc\stm32\h743ii_lcd\lvgl\src/core\lv_obj_pos.h ****  */
 199:d:\kzc\stm32\h743ii_lcd\lvgl\src/core\lv_obj_pos.h **** static inline void lv_obj_center(struct _lv_obj_t * obj)
  95              		.loc 3 199 20 view .LVU16
  96              	.LBB11:
 200:d:\kzc\stm32\h743ii_lcd\lvgl\src/core\lv_obj_pos.h **** {
 201:d:\kzc\stm32\h743ii_lcd\lvgl\src/core\lv_obj_pos.h ****     lv_obj_align(obj, LV_ALIGN_CENTER, 0, 0);
  97              		.loc 3 201 5 view .LVU17
  98 0046 0023     		movs	r3, #0
  99 0048 1A46     		mov	r2, r3
 100 004a 0921     		movs	r1, #9
 101 004c 2046     		mov	r0, r4
 102 004e FFF7FEFF 		bl	lv_obj_align
 103              	.LVL10:
 104              		.loc 3 201 5 is_stmt 0 view .LVU18
 105              	.LBE11:
 106              	.LBE10:
  22:lvgl/examples/widgets/bar/lv_example_bar_4.c ****     lv_bar_set_mode(bar, LV_BAR_MODE_RANGE);
 107              		.loc 1 22 5 is_stmt 1 view .LVU19
ARM GAS  C:\Users\OSD\AppData\Local\Temp\ccgtkbgJ.s 			page 10


 108 0052 0221     		movs	r1, #2
 109 0054 2046     		mov	r0, r4
 110 0056 FFF7FEFF 		bl	lv_bar_set_mode
 111              	.LVL11:
  23:lvgl/examples/widgets/bar/lv_example_bar_4.c ****     lv_bar_set_value(bar, 90, LV_ANIM_OFF);
 112              		.loc 1 23 5 view .LVU20
 113 005a 0022     		movs	r2, #0
 114 005c 5A21     		movs	r1, #90
 115 005e 2046     		mov	r0, r4
 116 0060 FFF7FEFF 		bl	lv_bar_set_value
 117              	.LVL12:
  24:lvgl/examples/widgets/bar/lv_example_bar_4.c ****     lv_bar_set_start_value(bar, 20, LV_ANIM_OFF);
 118              		.loc 1 24 5 view .LVU21
 119 0064 0022     		movs	r2, #0
 120 0066 1421     		movs	r1, #20
 121 0068 2046     		mov	r0, r4
 122 006a FFF7FEFF 		bl	lv_bar_set_start_value
 123              	.LVL13:
  25:lvgl/examples/widgets/bar/lv_example_bar_4.c **** }
 124              		.loc 1 25 1 is_stmt 0 view .LVU22
 125 006e 38BD     		pop	{r3, r4, r5, pc}
 126              	.LVL14:
 127              	.L4:
 128              		.loc 1 25 1 view .LVU23
 129              		.align	2
 130              	.L3:
 131 0070 00000000 		.word	.LANCHOR0
 132 0074 00000000 		.word	img_skew_strip
 133              		.cfi_endproc
 134              	.LFE204:
 136              		.section	.bss.style_indic.0,"aw",%nobits
 137              		.align	2
 138              		.set	.LANCHOR0,. + 0
 141              	style_indic.0:
 142 0000 00000000 		.space	8
 142      00000000 
 143              		.text
 144              	.Letext0:
 145              		.file 4 "c:\\tools\\gcc-arm-none-eabi\\arm-none-eabi\\include\\machine\\_default_types.h"
 146              		.file 5 "c:\\tools\\gcc-arm-none-eabi\\arm-none-eabi\\include\\sys\\_stdint.h"
 147              		.file 6 "d:\\kzc\\stm32\\h743ii_lcd\\lvgl\\src\\misc\\lv_area.h"
 148              		.file 7 "d:\\kzc\\stm32\\h743ii_lcd\\lvgl\\src/misc/lv_anim.h"
 149              		.file 8 "d:\\kzc\\stm32\\h743ii_lcd\\lvgl\\src\\misc\\lv_color.h"
 150              		.file 9 "d:\\kzc\\stm32\\h743ii_lcd\\lvgl\\src\\misc\\lv_style.h"
 151              		.file 10 "d:\\kzc\\stm32\\h743ii_lcd\\lvgl\\src\\draw\\lv_img_buf.h"
 152              		.file 11 "d:\\kzc\\stm32\\h743ii_lcd\\lvgl\\src/core/lv_obj.h"
 153              		.file 12 "d:\\kzc\\stm32\\h743ii_lcd\\lvgl\\src\\misc\\lv_ll.h"
 154              		.file 13 "d:\\kzc\\stm32\\h743ii_lcd\\lvgl\\src/core/lv_group.h"
 155              		.file 14 "d:\\kzc\\stm32\\h743ii_lcd\\lvgl\\src/core/lv_obj_scroll.h"
 156              		.file 15 "d:\\kzc\\stm32\\h743ii_lcd\\lvgl\\src/core/lv_obj_style.h"
 157              		.file 16 "d:\\kzc\\stm32\\h743ii_lcd\\lvgl\\src/core/lv_obj_class.h"
 158              		.file 17 "d:\\kzc\\stm32\\h743ii_lcd\\lvgl\\src/core/lv_event.h"
 159              		.file 18 "d:\\kzc\\stm32\\h743ii_lcd\\lvgl\\src/widgets/lv_bar.h"
 160              		.file 19 "d:\\kzc\\stm32\\h743ii_lcd\\lvgl\\src/hal/lv_hal_disp.h"
 161              		.file 20 "d:\\kzc\\stm32\\h743ii_lcd\\lvgl\\src\\misc\\lv_style_gen.h"
ARM GAS  C:\Users\OSD\AppData\Local\Temp\ccgtkbgJ.s 			page 11


DEFINED SYMBOLS
                            *ABS*:00000000 lv_example_bar_4.c
C:\Users\OSD\AppData\Local\Temp\ccgtkbgJ.s:19     .text.lv_example_bar_4:00000000 $t
C:\Users\OSD\AppData\Local\Temp\ccgtkbgJ.s:25     .text.lv_example_bar_4:00000000 lv_example_bar_4
C:\Users\OSD\AppData\Local\Temp\ccgtkbgJ.s:131    .text.lv_example_bar_4:00000070 $d
C:\Users\OSD\AppData\Local\Temp\ccgtkbgJ.s:137    .bss.style_indic.0:00000000 $d
C:\Users\OSD\AppData\Local\Temp\ccgtkbgJ.s:141    .bss.style_indic.0:00000000 style_indic.0

UNDEFINED SYMBOLS
lv_style_init
lv_style_set_bg_img_src
lv_style_set_bg_img_tiled
lv_style_set_bg_img_opa
lv_disp_get_default
lv_disp_get_scr_act
lv_bar_create
lv_obj_add_style
lv_obj_set_size
lv_obj_align
lv_bar_set_mode
lv_bar_set_value
lv_bar_set_start_value
img_skew_strip
