ARM GAS  C:\Users\OSD\AppData\Local\Temp\ccNgWkff.s 			page 1


   1              		.cpu cortex-m7
   2              		.arch armv7e-m
   3              		.fpu fpv5-d16
   4              		.eabi_attribute 28, 1
   5              		.eabi_attribute 20, 1
   6              		.eabi_attribute 21, 1
   7              		.eabi_attribute 23, 3
   8              		.eabi_attribute 24, 1
   9              		.eabi_attribute 25, 1
  10              		.eabi_attribute 26, 1
  11              		.eabi_attribute 30, 1
  12              		.eabi_attribute 34, 1
  13              		.eabi_attribute 18, 4
  14              		.file	"lv_example_menu_3.c"
  15              		.text
  16              	.Ltext0:
  17              		.cfi_sections	.debug_frame
  18              		.section	.rodata.lv_example_menu_3.str1.4,"aMS",%progbits,1
  19              		.align	2
  20              	.LC0:
  21 0000 4261636B 		.ascii	"Back\000"
  21      00
  22 0005 000000   		.align	2
  23              	.LC1:
  24 0008 50616765 		.ascii	"Page 1\000"
  24      203100
  25 000f 00       		.align	2
  26              	.LC2:
  27 0010 48656C6C 		.ascii	"Hello, I am hiding here\000"
  27      6F2C2049 
  27      20616D20 
  27      68696469 
  27      6E672068 
  28              		.align	2
  29              	.LC3:
  30 0028 50616765 		.ascii	"Page 2\000"
  30      203200
  31 002f 00       		.align	2
  32              	.LC4:
  33 0030 50616765 		.ascii	"Page 3\000"
  33      203300
  34 0037 00       		.align	2
  35              	.LC5:
  36 0038 4974656D 		.ascii	"Item 1 (Click me!)\000"
  36      20312028 
  36      436C6963 
  36      6B206D65 
  36      212900
  37 004b 00       		.align	2
  38              	.LC6:
  39 004c 4974656D 		.ascii	"Item 2 (Click me!)\000"
  39      20322028 
  39      436C6963 
  39      6B206D65 
  39      212900
  40 005f 00       		.align	2
  41              	.LC7:
ARM GAS  C:\Users\OSD\AppData\Local\Temp\ccNgWkff.s 			page 2


  42 0060 4974656D 		.ascii	"Item 3 (Click me!)\000"
  42      20332028 
  42      436C6963 
  42      6B206D65 
  42      212900
  43              		.section	.text.lv_example_menu_3,"ax",%progbits
  44              		.align	1
  45              		.global	lv_example_menu_3
  46              		.syntax unified
  47              		.thumb
  48              		.thumb_func
  50              	lv_example_menu_3:
  51              	.LFB204:
  52              		.file 1 "lvgl/examples/widgets/menu/lv_example_menu_3.c"
   1:lvgl/examples/widgets/menu/lv_example_menu_3.c **** #include "../../lv_examples.h"
   2:lvgl/examples/widgets/menu/lv_example_menu_3.c **** #if LV_USE_MENU && LV_USE_USER_DATA && LV_BUILD_EXAMPLES
   3:lvgl/examples/widgets/menu/lv_example_menu_3.c **** 
   4:lvgl/examples/widgets/menu/lv_example_menu_3.c **** void lv_example_menu_3(void)
   5:lvgl/examples/widgets/menu/lv_example_menu_3.c **** {
  53              		.loc 1 5 1 view -0
  54              		.cfi_startproc
  55              		@ args = 0, pretend = 0, frame = 0
  56              		@ frame_needed = 0, uses_anonymous_args = 0
  57 0000 2DE9F843 		push	{r3, r4, r5, r6, r7, r8, r9, lr}
  58              		.cfi_def_cfa_offset 32
  59              		.cfi_offset 3, -32
  60              		.cfi_offset 4, -28
  61              		.cfi_offset 5, -24
  62              		.cfi_offset 6, -20
  63              		.cfi_offset 7, -16
  64              		.cfi_offset 8, -12
  65              		.cfi_offset 9, -8
  66              		.cfi_offset 14, -4
   6:lvgl/examples/widgets/menu/lv_example_menu_3.c ****     /*Create a menu object*/
   7:lvgl/examples/widgets/menu/lv_example_menu_3.c ****     lv_obj_t * menu = lv_menu_create(lv_scr_act());
  67              		.loc 1 7 5 view .LVU1
  68              	.LBB8:
  69              	.LBI8:
  70              		.file 2 "d:\\kzc\\stm32\\h743ii_lcd\\lvgl\\src/core/lv_disp.h"
   1:d:\kzc\stm32\h743ii_lcd\lvgl\src/core\lv_disp.h **** /**
   2:d:\kzc\stm32\h743ii_lcd\lvgl\src/core\lv_disp.h ****  * @file lv_disp.h
   3:d:\kzc\stm32\h743ii_lcd\lvgl\src/core\lv_disp.h ****  *
   4:d:\kzc\stm32\h743ii_lcd\lvgl\src/core\lv_disp.h ****  */
   5:d:\kzc\stm32\h743ii_lcd\lvgl\src/core\lv_disp.h **** 
   6:d:\kzc\stm32\h743ii_lcd\lvgl\src/core\lv_disp.h **** #ifndef LV_DISP_H
   7:d:\kzc\stm32\h743ii_lcd\lvgl\src/core\lv_disp.h **** #define LV_DISP_H
   8:d:\kzc\stm32\h743ii_lcd\lvgl\src/core\lv_disp.h **** 
   9:d:\kzc\stm32\h743ii_lcd\lvgl\src/core\lv_disp.h **** #ifdef __cplusplus
  10:d:\kzc\stm32\h743ii_lcd\lvgl\src/core\lv_disp.h **** extern "C" {
  11:d:\kzc\stm32\h743ii_lcd\lvgl\src/core\lv_disp.h **** #endif
  12:d:\kzc\stm32\h743ii_lcd\lvgl\src/core\lv_disp.h **** 
  13:d:\kzc\stm32\h743ii_lcd\lvgl\src/core\lv_disp.h **** /*********************
  14:d:\kzc\stm32\h743ii_lcd\lvgl\src/core\lv_disp.h ****  *      INCLUDES
  15:d:\kzc\stm32\h743ii_lcd\lvgl\src/core\lv_disp.h ****  *********************/
  16:d:\kzc\stm32\h743ii_lcd\lvgl\src/core\lv_disp.h **** #include "../hal/lv_hal.h"
  17:d:\kzc\stm32\h743ii_lcd\lvgl\src/core\lv_disp.h **** #include "lv_obj.h"
  18:d:\kzc\stm32\h743ii_lcd\lvgl\src/core\lv_disp.h **** #include "lv_theme.h"
ARM GAS  C:\Users\OSD\AppData\Local\Temp\ccNgWkff.s 			page 3


  19:d:\kzc\stm32\h743ii_lcd\lvgl\src/core\lv_disp.h **** 
  20:d:\kzc\stm32\h743ii_lcd\lvgl\src/core\lv_disp.h **** /*********************
  21:d:\kzc\stm32\h743ii_lcd\lvgl\src/core\lv_disp.h ****  *      DEFINES
  22:d:\kzc\stm32\h743ii_lcd\lvgl\src/core\lv_disp.h ****  *********************/
  23:d:\kzc\stm32\h743ii_lcd\lvgl\src/core\lv_disp.h **** 
  24:d:\kzc\stm32\h743ii_lcd\lvgl\src/core\lv_disp.h **** /**********************
  25:d:\kzc\stm32\h743ii_lcd\lvgl\src/core\lv_disp.h ****  *      TYPEDEFS
  26:d:\kzc\stm32\h743ii_lcd\lvgl\src/core\lv_disp.h ****  **********************/
  27:d:\kzc\stm32\h743ii_lcd\lvgl\src/core\lv_disp.h **** 
  28:d:\kzc\stm32\h743ii_lcd\lvgl\src/core\lv_disp.h **** typedef enum {
  29:d:\kzc\stm32\h743ii_lcd\lvgl\src/core\lv_disp.h ****     LV_SCR_LOAD_ANIM_NONE,
  30:d:\kzc\stm32\h743ii_lcd\lvgl\src/core\lv_disp.h ****     LV_SCR_LOAD_ANIM_OVER_LEFT,
  31:d:\kzc\stm32\h743ii_lcd\lvgl\src/core\lv_disp.h ****     LV_SCR_LOAD_ANIM_OVER_RIGHT,
  32:d:\kzc\stm32\h743ii_lcd\lvgl\src/core\lv_disp.h ****     LV_SCR_LOAD_ANIM_OVER_TOP,
  33:d:\kzc\stm32\h743ii_lcd\lvgl\src/core\lv_disp.h ****     LV_SCR_LOAD_ANIM_OVER_BOTTOM,
  34:d:\kzc\stm32\h743ii_lcd\lvgl\src/core\lv_disp.h ****     LV_SCR_LOAD_ANIM_MOVE_LEFT,
  35:d:\kzc\stm32\h743ii_lcd\lvgl\src/core\lv_disp.h ****     LV_SCR_LOAD_ANIM_MOVE_RIGHT,
  36:d:\kzc\stm32\h743ii_lcd\lvgl\src/core\lv_disp.h ****     LV_SCR_LOAD_ANIM_MOVE_TOP,
  37:d:\kzc\stm32\h743ii_lcd\lvgl\src/core\lv_disp.h ****     LV_SCR_LOAD_ANIM_MOVE_BOTTOM,
  38:d:\kzc\stm32\h743ii_lcd\lvgl\src/core\lv_disp.h ****     LV_SCR_LOAD_ANIM_FADE_IN,
  39:d:\kzc\stm32\h743ii_lcd\lvgl\src/core\lv_disp.h ****     LV_SCR_LOAD_ANIM_FADE_ON = LV_SCR_LOAD_ANIM_FADE_IN, /*For backward compatibility*/
  40:d:\kzc\stm32\h743ii_lcd\lvgl\src/core\lv_disp.h ****     LV_SCR_LOAD_ANIM_FADE_OUT,
  41:d:\kzc\stm32\h743ii_lcd\lvgl\src/core\lv_disp.h ****     LV_SCR_LOAD_ANIM_OUT_LEFT,
  42:d:\kzc\stm32\h743ii_lcd\lvgl\src/core\lv_disp.h ****     LV_SCR_LOAD_ANIM_OUT_RIGHT,
  43:d:\kzc\stm32\h743ii_lcd\lvgl\src/core\lv_disp.h ****     LV_SCR_LOAD_ANIM_OUT_TOP,
  44:d:\kzc\stm32\h743ii_lcd\lvgl\src/core\lv_disp.h ****     LV_SCR_LOAD_ANIM_OUT_BOTTOM,
  45:d:\kzc\stm32\h743ii_lcd\lvgl\src/core\lv_disp.h **** } lv_scr_load_anim_t;
  46:d:\kzc\stm32\h743ii_lcd\lvgl\src/core\lv_disp.h **** 
  47:d:\kzc\stm32\h743ii_lcd\lvgl\src/core\lv_disp.h **** /**********************
  48:d:\kzc\stm32\h743ii_lcd\lvgl\src/core\lv_disp.h ****  * GLOBAL PROTOTYPES
  49:d:\kzc\stm32\h743ii_lcd\lvgl\src/core\lv_disp.h ****  **********************/
  50:d:\kzc\stm32\h743ii_lcd\lvgl\src/core\lv_disp.h **** 
  51:d:\kzc\stm32\h743ii_lcd\lvgl\src/core\lv_disp.h **** /**
  52:d:\kzc\stm32\h743ii_lcd\lvgl\src/core\lv_disp.h ****  * Return with a pointer to the active screen
  53:d:\kzc\stm32\h743ii_lcd\lvgl\src/core\lv_disp.h ****  * @param disp pointer to display which active screen should be get. (NULL to use the default
  54:d:\kzc\stm32\h743ii_lcd\lvgl\src/core\lv_disp.h ****  * screen)
  55:d:\kzc\stm32\h743ii_lcd\lvgl\src/core\lv_disp.h ****  * @return pointer to the active screen object (loaded by 'lv_scr_load()')
  56:d:\kzc\stm32\h743ii_lcd\lvgl\src/core\lv_disp.h ****  */
  57:d:\kzc\stm32\h743ii_lcd\lvgl\src/core\lv_disp.h **** lv_obj_t * lv_disp_get_scr_act(lv_disp_t * disp);
  58:d:\kzc\stm32\h743ii_lcd\lvgl\src/core\lv_disp.h **** 
  59:d:\kzc\stm32\h743ii_lcd\lvgl\src/core\lv_disp.h **** /**
  60:d:\kzc\stm32\h743ii_lcd\lvgl\src/core\lv_disp.h ****  * Return with a pointer to the previous screen. Only used during screen transitions.
  61:d:\kzc\stm32\h743ii_lcd\lvgl\src/core\lv_disp.h ****  * @param disp pointer to display which previous screen should be get. (NULL to use the default
  62:d:\kzc\stm32\h743ii_lcd\lvgl\src/core\lv_disp.h ****  * screen)
  63:d:\kzc\stm32\h743ii_lcd\lvgl\src/core\lv_disp.h ****  * @return pointer to the previous screen object or NULL if not used now
  64:d:\kzc\stm32\h743ii_lcd\lvgl\src/core\lv_disp.h ****  */
  65:d:\kzc\stm32\h743ii_lcd\lvgl\src/core\lv_disp.h **** lv_obj_t * lv_disp_get_scr_prev(lv_disp_t * disp);
  66:d:\kzc\stm32\h743ii_lcd\lvgl\src/core\lv_disp.h **** 
  67:d:\kzc\stm32\h743ii_lcd\lvgl\src/core\lv_disp.h **** /**
  68:d:\kzc\stm32\h743ii_lcd\lvgl\src/core\lv_disp.h ****  * Make a screen active
  69:d:\kzc\stm32\h743ii_lcd\lvgl\src/core\lv_disp.h ****  * @param scr pointer to a screen
  70:d:\kzc\stm32\h743ii_lcd\lvgl\src/core\lv_disp.h ****  */
  71:d:\kzc\stm32\h743ii_lcd\lvgl\src/core\lv_disp.h **** void lv_disp_load_scr(lv_obj_t * scr);
  72:d:\kzc\stm32\h743ii_lcd\lvgl\src/core\lv_disp.h **** 
  73:d:\kzc\stm32\h743ii_lcd\lvgl\src/core\lv_disp.h **** /**
  74:d:\kzc\stm32\h743ii_lcd\lvgl\src/core\lv_disp.h ****  * Return with the top layer. (Same on every screen and it is above the normal screen layer)
  75:d:\kzc\stm32\h743ii_lcd\lvgl\src/core\lv_disp.h ****  * @param disp pointer to display which top layer should be get. (NULL to use the default screen)
ARM GAS  C:\Users\OSD\AppData\Local\Temp\ccNgWkff.s 			page 4


  76:d:\kzc\stm32\h743ii_lcd\lvgl\src/core\lv_disp.h ****  * @return pointer to the top layer object (transparent screen sized lv_obj)
  77:d:\kzc\stm32\h743ii_lcd\lvgl\src/core\lv_disp.h ****  */
  78:d:\kzc\stm32\h743ii_lcd\lvgl\src/core\lv_disp.h **** lv_obj_t * lv_disp_get_layer_top(lv_disp_t * disp);
  79:d:\kzc\stm32\h743ii_lcd\lvgl\src/core\lv_disp.h **** 
  80:d:\kzc\stm32\h743ii_lcd\lvgl\src/core\lv_disp.h **** /**
  81:d:\kzc\stm32\h743ii_lcd\lvgl\src/core\lv_disp.h ****  * Return with the sys. layer. (Same on every screen and it is above the normal screen and the top
  82:d:\kzc\stm32\h743ii_lcd\lvgl\src/core\lv_disp.h ****  * layer)
  83:d:\kzc\stm32\h743ii_lcd\lvgl\src/core\lv_disp.h ****  * @param disp pointer to display which sys. layer should be retrieved. (NULL to use the default sc
  84:d:\kzc\stm32\h743ii_lcd\lvgl\src/core\lv_disp.h ****  * @return pointer to the sys layer object (transparent screen sized lv_obj)
  85:d:\kzc\stm32\h743ii_lcd\lvgl\src/core\lv_disp.h ****  */
  86:d:\kzc\stm32\h743ii_lcd\lvgl\src/core\lv_disp.h **** lv_obj_t * lv_disp_get_layer_sys(lv_disp_t * disp);
  87:d:\kzc\stm32\h743ii_lcd\lvgl\src/core\lv_disp.h **** 
  88:d:\kzc\stm32\h743ii_lcd\lvgl\src/core\lv_disp.h **** /**
  89:d:\kzc\stm32\h743ii_lcd\lvgl\src/core\lv_disp.h ****  * Set the theme of a display
  90:d:\kzc\stm32\h743ii_lcd\lvgl\src/core\lv_disp.h ****  * @param disp pointer to a display
  91:d:\kzc\stm32\h743ii_lcd\lvgl\src/core\lv_disp.h ****  */
  92:d:\kzc\stm32\h743ii_lcd\lvgl\src/core\lv_disp.h **** void lv_disp_set_theme(lv_disp_t * disp, lv_theme_t * th);
  93:d:\kzc\stm32\h743ii_lcd\lvgl\src/core\lv_disp.h **** 
  94:d:\kzc\stm32\h743ii_lcd\lvgl\src/core\lv_disp.h **** /**
  95:d:\kzc\stm32\h743ii_lcd\lvgl\src/core\lv_disp.h ****  * Get the theme of a display
  96:d:\kzc\stm32\h743ii_lcd\lvgl\src/core\lv_disp.h ****  * @param disp pointer to a display
  97:d:\kzc\stm32\h743ii_lcd\lvgl\src/core\lv_disp.h ****  * @return the display's theme (can be NULL)
  98:d:\kzc\stm32\h743ii_lcd\lvgl\src/core\lv_disp.h ****  */
  99:d:\kzc\stm32\h743ii_lcd\lvgl\src/core\lv_disp.h **** lv_theme_t * lv_disp_get_theme(lv_disp_t * disp);
 100:d:\kzc\stm32\h743ii_lcd\lvgl\src/core\lv_disp.h **** 
 101:d:\kzc\stm32\h743ii_lcd\lvgl\src/core\lv_disp.h **** /**
 102:d:\kzc\stm32\h743ii_lcd\lvgl\src/core\lv_disp.h ****  * Set the background color of a display
 103:d:\kzc\stm32\h743ii_lcd\lvgl\src/core\lv_disp.h ****  * @param disp pointer to a display
 104:d:\kzc\stm32\h743ii_lcd\lvgl\src/core\lv_disp.h ****  * @param color color of the background
 105:d:\kzc\stm32\h743ii_lcd\lvgl\src/core\lv_disp.h ****  */
 106:d:\kzc\stm32\h743ii_lcd\lvgl\src/core\lv_disp.h **** void lv_disp_set_bg_color(lv_disp_t * disp, lv_color_t color);
 107:d:\kzc\stm32\h743ii_lcd\lvgl\src/core\lv_disp.h **** 
 108:d:\kzc\stm32\h743ii_lcd\lvgl\src/core\lv_disp.h **** /**
 109:d:\kzc\stm32\h743ii_lcd\lvgl\src/core\lv_disp.h ****  * Set the background image of a display
 110:d:\kzc\stm32\h743ii_lcd\lvgl\src/core\lv_disp.h ****  * @param disp pointer to a display
 111:d:\kzc\stm32\h743ii_lcd\lvgl\src/core\lv_disp.h ****  * @param img_src path to file or pointer to an `lv_img_dsc_t` variable
 112:d:\kzc\stm32\h743ii_lcd\lvgl\src/core\lv_disp.h ****  */
 113:d:\kzc\stm32\h743ii_lcd\lvgl\src/core\lv_disp.h **** void lv_disp_set_bg_image(lv_disp_t * disp, const void  * img_src);
 114:d:\kzc\stm32\h743ii_lcd\lvgl\src/core\lv_disp.h **** 
 115:d:\kzc\stm32\h743ii_lcd\lvgl\src/core\lv_disp.h **** /**
 116:d:\kzc\stm32\h743ii_lcd\lvgl\src/core\lv_disp.h ****  * Set opacity of the background
 117:d:\kzc\stm32\h743ii_lcd\lvgl\src/core\lv_disp.h ****  * @param disp pointer to a display
 118:d:\kzc\stm32\h743ii_lcd\lvgl\src/core\lv_disp.h ****  * @param opa opacity (0..255)
 119:d:\kzc\stm32\h743ii_lcd\lvgl\src/core\lv_disp.h ****  */
 120:d:\kzc\stm32\h743ii_lcd\lvgl\src/core\lv_disp.h **** void lv_disp_set_bg_opa(lv_disp_t * disp, lv_opa_t opa);
 121:d:\kzc\stm32\h743ii_lcd\lvgl\src/core\lv_disp.h **** 
 122:d:\kzc\stm32\h743ii_lcd\lvgl\src/core\lv_disp.h **** /**
 123:d:\kzc\stm32\h743ii_lcd\lvgl\src/core\lv_disp.h ****  * Switch screen with animation
 124:d:\kzc\stm32\h743ii_lcd\lvgl\src/core\lv_disp.h ****  * @param scr pointer to the new screen to load
 125:d:\kzc\stm32\h743ii_lcd\lvgl\src/core\lv_disp.h ****  * @param anim_type type of the animation from `lv_scr_load_anim_t`, e.g. `LV_SCR_LOAD_ANIM_MOVE_LE
 126:d:\kzc\stm32\h743ii_lcd\lvgl\src/core\lv_disp.h ****  * @param time time of the animation
 127:d:\kzc\stm32\h743ii_lcd\lvgl\src/core\lv_disp.h ****  * @param delay delay before the transition
 128:d:\kzc\stm32\h743ii_lcd\lvgl\src/core\lv_disp.h ****  * @param auto_del true: automatically delete the old screen
 129:d:\kzc\stm32\h743ii_lcd\lvgl\src/core\lv_disp.h ****  */
 130:d:\kzc\stm32\h743ii_lcd\lvgl\src/core\lv_disp.h **** void lv_scr_load_anim(lv_obj_t * scr, lv_scr_load_anim_t anim_type, uint32_t time, uint32_t delay, 
 131:d:\kzc\stm32\h743ii_lcd\lvgl\src/core\lv_disp.h **** 
 132:d:\kzc\stm32\h743ii_lcd\lvgl\src/core\lv_disp.h **** /**
ARM GAS  C:\Users\OSD\AppData\Local\Temp\ccNgWkff.s 			page 5


 133:d:\kzc\stm32\h743ii_lcd\lvgl\src/core\lv_disp.h ****  * Get elapsed time since last user activity on a display (e.g. click)
 134:d:\kzc\stm32\h743ii_lcd\lvgl\src/core\lv_disp.h ****  * @param disp pointer to a display (NULL to get the overall smallest inactivity)
 135:d:\kzc\stm32\h743ii_lcd\lvgl\src/core\lv_disp.h ****  * @return elapsed ticks (milliseconds) since the last activity
 136:d:\kzc\stm32\h743ii_lcd\lvgl\src/core\lv_disp.h ****  */
 137:d:\kzc\stm32\h743ii_lcd\lvgl\src/core\lv_disp.h **** uint32_t lv_disp_get_inactive_time(const lv_disp_t * disp);
 138:d:\kzc\stm32\h743ii_lcd\lvgl\src/core\lv_disp.h **** 
 139:d:\kzc\stm32\h743ii_lcd\lvgl\src/core\lv_disp.h **** /**
 140:d:\kzc\stm32\h743ii_lcd\lvgl\src/core\lv_disp.h ****  * Manually trigger an activity on a display
 141:d:\kzc\stm32\h743ii_lcd\lvgl\src/core\lv_disp.h ****  * @param disp pointer to a display (NULL to use the default display)
 142:d:\kzc\stm32\h743ii_lcd\lvgl\src/core\lv_disp.h ****  */
 143:d:\kzc\stm32\h743ii_lcd\lvgl\src/core\lv_disp.h **** void lv_disp_trig_activity(lv_disp_t * disp);
 144:d:\kzc\stm32\h743ii_lcd\lvgl\src/core\lv_disp.h **** 
 145:d:\kzc\stm32\h743ii_lcd\lvgl\src/core\lv_disp.h **** /**
 146:d:\kzc\stm32\h743ii_lcd\lvgl\src/core\lv_disp.h ****  * Clean any CPU cache that is related to the display.
 147:d:\kzc\stm32\h743ii_lcd\lvgl\src/core\lv_disp.h ****  * @param disp pointer to a display (NULL to use the default display)
 148:d:\kzc\stm32\h743ii_lcd\lvgl\src/core\lv_disp.h ****  */
 149:d:\kzc\stm32\h743ii_lcd\lvgl\src/core\lv_disp.h **** void lv_disp_clean_dcache(lv_disp_t * disp);
 150:d:\kzc\stm32\h743ii_lcd\lvgl\src/core\lv_disp.h **** 
 151:d:\kzc\stm32\h743ii_lcd\lvgl\src/core\lv_disp.h **** /**
 152:d:\kzc\stm32\h743ii_lcd\lvgl\src/core\lv_disp.h ****  * Temporarily enable and disable the invalidation of the display.
 153:d:\kzc\stm32\h743ii_lcd\lvgl\src/core\lv_disp.h ****  * @param disp pointer to a display (NULL to use the default display)
 154:d:\kzc\stm32\h743ii_lcd\lvgl\src/core\lv_disp.h ****  * @param en true: enable invalidation; false: invalidation
 155:d:\kzc\stm32\h743ii_lcd\lvgl\src/core\lv_disp.h ****  */
 156:d:\kzc\stm32\h743ii_lcd\lvgl\src/core\lv_disp.h **** void lv_disp_enable_invalidation(lv_disp_t * disp, bool en);
 157:d:\kzc\stm32\h743ii_lcd\lvgl\src/core\lv_disp.h **** 
 158:d:\kzc\stm32\h743ii_lcd\lvgl\src/core\lv_disp.h **** /**
 159:d:\kzc\stm32\h743ii_lcd\lvgl\src/core\lv_disp.h ****  * Get display invalidation is enabled.
 160:d:\kzc\stm32\h743ii_lcd\lvgl\src/core\lv_disp.h ****  * @param disp pointer to a display (NULL to use the default display)
 161:d:\kzc\stm32\h743ii_lcd\lvgl\src/core\lv_disp.h ****  * @return return true if invalidation is enabled
 162:d:\kzc\stm32\h743ii_lcd\lvgl\src/core\lv_disp.h ****  */
 163:d:\kzc\stm32\h743ii_lcd\lvgl\src/core\lv_disp.h **** bool lv_disp_is_invalidation_enabled(lv_disp_t * disp);
 164:d:\kzc\stm32\h743ii_lcd\lvgl\src/core\lv_disp.h **** 
 165:d:\kzc\stm32\h743ii_lcd\lvgl\src/core\lv_disp.h **** /**
 166:d:\kzc\stm32\h743ii_lcd\lvgl\src/core\lv_disp.h ****  * Get a pointer to the screen refresher timer to
 167:d:\kzc\stm32\h743ii_lcd\lvgl\src/core\lv_disp.h ****  * modify its parameters with `lv_timer_...` functions.
 168:d:\kzc\stm32\h743ii_lcd\lvgl\src/core\lv_disp.h ****  * @param disp pointer to a display
 169:d:\kzc\stm32\h743ii_lcd\lvgl\src/core\lv_disp.h ****  * @return pointer to the display refresher timer. (NULL on error)
 170:d:\kzc\stm32\h743ii_lcd\lvgl\src/core\lv_disp.h ****  */
 171:d:\kzc\stm32\h743ii_lcd\lvgl\src/core\lv_disp.h **** lv_timer_t * _lv_disp_get_refr_timer(lv_disp_t * disp);
 172:d:\kzc\stm32\h743ii_lcd\lvgl\src/core\lv_disp.h **** 
 173:d:\kzc\stm32\h743ii_lcd\lvgl\src/core\lv_disp.h **** /*------------------------------------------------
 174:d:\kzc\stm32\h743ii_lcd\lvgl\src/core\lv_disp.h ****  * To improve backward compatibility
 175:d:\kzc\stm32\h743ii_lcd\lvgl\src/core\lv_disp.h ****  * Recommended only if you have one display
 176:d:\kzc\stm32\h743ii_lcd\lvgl\src/core\lv_disp.h ****  *------------------------------------------------*/
 177:d:\kzc\stm32\h743ii_lcd\lvgl\src/core\lv_disp.h **** 
 178:d:\kzc\stm32\h743ii_lcd\lvgl\src/core\lv_disp.h **** /**
 179:d:\kzc\stm32\h743ii_lcd\lvgl\src/core\lv_disp.h ****  * Get the active screen of the default display
 180:d:\kzc\stm32\h743ii_lcd\lvgl\src/core\lv_disp.h ****  * @return pointer to the active screen
 181:d:\kzc\stm32\h743ii_lcd\lvgl\src/core\lv_disp.h ****  */
 182:d:\kzc\stm32\h743ii_lcd\lvgl\src/core\lv_disp.h **** static inline lv_obj_t * lv_scr_act(void)
  71              		.loc 2 182 26 view .LVU2
  72              	.LBB9:
 183:d:\kzc\stm32\h743ii_lcd\lvgl\src/core\lv_disp.h **** {
 184:d:\kzc\stm32\h743ii_lcd\lvgl\src/core\lv_disp.h ****     return lv_disp_get_scr_act(lv_disp_get_default());
  73              		.loc 2 184 5 view .LVU3
  74              		.loc 2 184 12 is_stmt 0 view .LVU4
  75 0004 FFF7FEFF 		bl	lv_disp_get_default
ARM GAS  C:\Users\OSD\AppData\Local\Temp\ccNgWkff.s 			page 6


  76              	.LVL0:
  77 0008 FFF7FEFF 		bl	lv_disp_get_scr_act
  78              	.LVL1:
  79              	.LBE9:
  80              	.LBE8:
  81              		.loc 1 7 23 view .LVU5
  82 000c FFF7FEFF 		bl	lv_menu_create
  83              	.LVL2:
  84 0010 0446     		mov	r4, r0
  85              	.LVL3:
   8:lvgl/examples/widgets/menu/lv_example_menu_3.c ****     lv_obj_set_size(menu, lv_disp_get_hor_res(NULL), lv_disp_get_ver_res(NULL));
  86              		.loc 1 8 5 is_stmt 1 view .LVU6
  87 0012 0020     		movs	r0, #0
  88              	.LVL4:
  89              		.loc 1 8 5 is_stmt 0 view .LVU7
  90 0014 FFF7FEFF 		bl	lv_disp_get_hor_res
  91              	.LVL5:
  92 0018 0546     		mov	r5, r0
  93 001a 0020     		movs	r0, #0
  94 001c FFF7FEFF 		bl	lv_disp_get_ver_res
  95              	.LVL6:
  96 0020 0246     		mov	r2, r0
  97 0022 2946     		mov	r1, r5
  98 0024 2046     		mov	r0, r4
  99 0026 FFF7FEFF 		bl	lv_obj_set_size
 100              	.LVL7:
   9:lvgl/examples/widgets/menu/lv_example_menu_3.c ****     lv_obj_center(menu);
 101              		.loc 1 9 5 is_stmt 1 view .LVU8
 102              	.LBB10:
 103              	.LBI10:
 104              		.file 3 "d:\\kzc\\stm32\\h743ii_lcd\\lvgl\\src\\core\\lv_obj_pos.h"
   1:d:\kzc\stm32\h743ii_lcd\lvgl\src/core\lv_obj_pos.h **** /**
   2:d:\kzc\stm32\h743ii_lcd\lvgl\src/core\lv_obj_pos.h ****  * @file lv_obj_pos.h
   3:d:\kzc\stm32\h743ii_lcd\lvgl\src/core\lv_obj_pos.h ****  *
   4:d:\kzc\stm32\h743ii_lcd\lvgl\src/core\lv_obj_pos.h ****  */
   5:d:\kzc\stm32\h743ii_lcd\lvgl\src/core\lv_obj_pos.h **** 
   6:d:\kzc\stm32\h743ii_lcd\lvgl\src/core\lv_obj_pos.h **** #ifndef LV_OBJ_POS_H
   7:d:\kzc\stm32\h743ii_lcd\lvgl\src/core\lv_obj_pos.h **** #define LV_OBJ_POS_H
   8:d:\kzc\stm32\h743ii_lcd\lvgl\src/core\lv_obj_pos.h **** 
   9:d:\kzc\stm32\h743ii_lcd\lvgl\src/core\lv_obj_pos.h **** #ifdef __cplusplus
  10:d:\kzc\stm32\h743ii_lcd\lvgl\src/core\lv_obj_pos.h **** extern "C" {
  11:d:\kzc\stm32\h743ii_lcd\lvgl\src/core\lv_obj_pos.h **** #endif
  12:d:\kzc\stm32\h743ii_lcd\lvgl\src/core\lv_obj_pos.h **** 
  13:d:\kzc\stm32\h743ii_lcd\lvgl\src/core\lv_obj_pos.h **** /*********************
  14:d:\kzc\stm32\h743ii_lcd\lvgl\src/core\lv_obj_pos.h ****  *      INCLUDES
  15:d:\kzc\stm32\h743ii_lcd\lvgl\src/core\lv_obj_pos.h ****  *********************/
  16:d:\kzc\stm32\h743ii_lcd\lvgl\src/core\lv_obj_pos.h **** #include "../misc/lv_area.h"
  17:d:\kzc\stm32\h743ii_lcd\lvgl\src/core\lv_obj_pos.h **** 
  18:d:\kzc\stm32\h743ii_lcd\lvgl\src/core\lv_obj_pos.h **** /*********************
  19:d:\kzc\stm32\h743ii_lcd\lvgl\src/core\lv_obj_pos.h ****  *      DEFINES
  20:d:\kzc\stm32\h743ii_lcd\lvgl\src/core\lv_obj_pos.h ****  *********************/
  21:d:\kzc\stm32\h743ii_lcd\lvgl\src/core\lv_obj_pos.h **** 
  22:d:\kzc\stm32\h743ii_lcd\lvgl\src/core\lv_obj_pos.h **** /**********************
  23:d:\kzc\stm32\h743ii_lcd\lvgl\src/core\lv_obj_pos.h ****  *      TYPEDEFS
  24:d:\kzc\stm32\h743ii_lcd\lvgl\src/core\lv_obj_pos.h ****  **********************/
  25:d:\kzc\stm32\h743ii_lcd\lvgl\src/core\lv_obj_pos.h **** struct _lv_obj_t;
  26:d:\kzc\stm32\h743ii_lcd\lvgl\src/core\lv_obj_pos.h **** 
ARM GAS  C:\Users\OSD\AppData\Local\Temp\ccNgWkff.s 			page 7


  27:d:\kzc\stm32\h743ii_lcd\lvgl\src/core\lv_obj_pos.h **** typedef void (*lv_layout_update_cb_t)(struct _lv_obj_t *, void * user_data);
  28:d:\kzc\stm32\h743ii_lcd\lvgl\src/core\lv_obj_pos.h **** typedef struct {
  29:d:\kzc\stm32\h743ii_lcd\lvgl\src/core\lv_obj_pos.h ****     lv_layout_update_cb_t cb;
  30:d:\kzc\stm32\h743ii_lcd\lvgl\src/core\lv_obj_pos.h ****     void * user_data;
  31:d:\kzc\stm32\h743ii_lcd\lvgl\src/core\lv_obj_pos.h **** } lv_layout_dsc_t;
  32:d:\kzc\stm32\h743ii_lcd\lvgl\src/core\lv_obj_pos.h **** 
  33:d:\kzc\stm32\h743ii_lcd\lvgl\src/core\lv_obj_pos.h **** /**********************
  34:d:\kzc\stm32\h743ii_lcd\lvgl\src/core\lv_obj_pos.h ****  * GLOBAL PROTOTYPES
  35:d:\kzc\stm32\h743ii_lcd\lvgl\src/core\lv_obj_pos.h ****  **********************/
  36:d:\kzc\stm32\h743ii_lcd\lvgl\src/core\lv_obj_pos.h **** 
  37:d:\kzc\stm32\h743ii_lcd\lvgl\src/core\lv_obj_pos.h **** /**
  38:d:\kzc\stm32\h743ii_lcd\lvgl\src/core\lv_obj_pos.h ****  * Set the position of an object relative to the set alignment.
  39:d:\kzc\stm32\h743ii_lcd\lvgl\src/core\lv_obj_pos.h ****  * @param obj       pointer to an object
  40:d:\kzc\stm32\h743ii_lcd\lvgl\src/core\lv_obj_pos.h ****  * @param x         new x coordinate
  41:d:\kzc\stm32\h743ii_lcd\lvgl\src/core\lv_obj_pos.h ****  * @param y         new y coordinate
  42:d:\kzc\stm32\h743ii_lcd\lvgl\src/core\lv_obj_pos.h ****  * @note            With default alignment it's the distance from the top left corner
  43:d:\kzc\stm32\h743ii_lcd\lvgl\src/core\lv_obj_pos.h ****  * @note            E.g. LV_ALIGN_CENTER alignment it's the offset from the center of the parent
  44:d:\kzc\stm32\h743ii_lcd\lvgl\src/core\lv_obj_pos.h ****  * @note            The position is interpreted on the content area of the parent
  45:d:\kzc\stm32\h743ii_lcd\lvgl\src/core\lv_obj_pos.h ****  * @note            The values can be set in pixel or in percentage of parent size with `lv_pct(v)`
  46:d:\kzc\stm32\h743ii_lcd\lvgl\src/core\lv_obj_pos.h ****  */
  47:d:\kzc\stm32\h743ii_lcd\lvgl\src/core\lv_obj_pos.h **** void lv_obj_set_pos(struct _lv_obj_t * obj, lv_coord_t x, lv_coord_t y);
  48:d:\kzc\stm32\h743ii_lcd\lvgl\src/core\lv_obj_pos.h **** 
  49:d:\kzc\stm32\h743ii_lcd\lvgl\src/core\lv_obj_pos.h **** /**
  50:d:\kzc\stm32\h743ii_lcd\lvgl\src/core\lv_obj_pos.h ****  * Set the x coordinate of an object
  51:d:\kzc\stm32\h743ii_lcd\lvgl\src/core\lv_obj_pos.h ****  * @param obj       pointer to an object
  52:d:\kzc\stm32\h743ii_lcd\lvgl\src/core\lv_obj_pos.h ****  * @param x         new x coordinate
  53:d:\kzc\stm32\h743ii_lcd\lvgl\src/core\lv_obj_pos.h ****  * @note            With default alignment it's the distance from the top left corner
  54:d:\kzc\stm32\h743ii_lcd\lvgl\src/core\lv_obj_pos.h ****  * @note            E.g. LV_ALIGN_CENTER alignment it's the offset from the center of the parent
  55:d:\kzc\stm32\h743ii_lcd\lvgl\src/core\lv_obj_pos.h ****  * @note            The position is interpreted on the content area of the parent
  56:d:\kzc\stm32\h743ii_lcd\lvgl\src/core\lv_obj_pos.h ****  * @note            The values can be set in pixel or in percentage of parent size with `lv_pct(v)`
  57:d:\kzc\stm32\h743ii_lcd\lvgl\src/core\lv_obj_pos.h ****  */
  58:d:\kzc\stm32\h743ii_lcd\lvgl\src/core\lv_obj_pos.h **** void lv_obj_set_x(struct _lv_obj_t * obj, lv_coord_t x);
  59:d:\kzc\stm32\h743ii_lcd\lvgl\src/core\lv_obj_pos.h **** 
  60:d:\kzc\stm32\h743ii_lcd\lvgl\src/core\lv_obj_pos.h **** /**
  61:d:\kzc\stm32\h743ii_lcd\lvgl\src/core\lv_obj_pos.h ****  * Set the y coordinate of an object
  62:d:\kzc\stm32\h743ii_lcd\lvgl\src/core\lv_obj_pos.h ****  * @param obj       pointer to an object
  63:d:\kzc\stm32\h743ii_lcd\lvgl\src/core\lv_obj_pos.h ****  * @param y         new y coordinate
  64:d:\kzc\stm32\h743ii_lcd\lvgl\src/core\lv_obj_pos.h ****  * @note            With default alignment it's the distance from the top left corner
  65:d:\kzc\stm32\h743ii_lcd\lvgl\src/core\lv_obj_pos.h ****  * @note            E.g. LV_ALIGN_CENTER alignment it's the offset from the center of the parent
  66:d:\kzc\stm32\h743ii_lcd\lvgl\src/core\lv_obj_pos.h ****  * @note            The position is interpreted on the content area of the parent
  67:d:\kzc\stm32\h743ii_lcd\lvgl\src/core\lv_obj_pos.h ****  * @note            The values can be set in pixel or in percentage of parent size with `lv_pct(v)`
  68:d:\kzc\stm32\h743ii_lcd\lvgl\src/core\lv_obj_pos.h ****  */
  69:d:\kzc\stm32\h743ii_lcd\lvgl\src/core\lv_obj_pos.h **** void lv_obj_set_y(struct _lv_obj_t * obj, lv_coord_t y);
  70:d:\kzc\stm32\h743ii_lcd\lvgl\src/core\lv_obj_pos.h **** 
  71:d:\kzc\stm32\h743ii_lcd\lvgl\src/core\lv_obj_pos.h **** /**
  72:d:\kzc\stm32\h743ii_lcd\lvgl\src/core\lv_obj_pos.h ****  * Set the size of an object.
  73:d:\kzc\stm32\h743ii_lcd\lvgl\src/core\lv_obj_pos.h ****  * @param obj       pointer to an object
  74:d:\kzc\stm32\h743ii_lcd\lvgl\src/core\lv_obj_pos.h ****  * @param w         the new width
  75:d:\kzc\stm32\h743ii_lcd\lvgl\src/core\lv_obj_pos.h ****  * @param h         the new height
  76:d:\kzc\stm32\h743ii_lcd\lvgl\src/core\lv_obj_pos.h ****  * @note            possible values are:
  77:d:\kzc\stm32\h743ii_lcd\lvgl\src/core\lv_obj_pos.h ****  *                  pixel               simple set the size accordingly
  78:d:\kzc\stm32\h743ii_lcd\lvgl\src/core\lv_obj_pos.h ****  *                  LV_SIZE_CONTENT     set the size to involve all children in the given direction
  79:d:\kzc\stm32\h743ii_lcd\lvgl\src/core\lv_obj_pos.h ****  *                  LV_SIZE_PCT(x)     to set size in percentage of the parent's content area size 
  80:d:\kzc\stm32\h743ii_lcd\lvgl\src/core\lv_obj_pos.h ****  *                                      x should be in [0..1000]% range
  81:d:\kzc\stm32\h743ii_lcd\lvgl\src/core\lv_obj_pos.h ****  */
  82:d:\kzc\stm32\h743ii_lcd\lvgl\src/core\lv_obj_pos.h **** void lv_obj_set_size(struct _lv_obj_t * obj, lv_coord_t w, lv_coord_t h);
  83:d:\kzc\stm32\h743ii_lcd\lvgl\src/core\lv_obj_pos.h **** 
ARM GAS  C:\Users\OSD\AppData\Local\Temp\ccNgWkff.s 			page 8


  84:d:\kzc\stm32\h743ii_lcd\lvgl\src/core\lv_obj_pos.h **** /**
  85:d:\kzc\stm32\h743ii_lcd\lvgl\src/core\lv_obj_pos.h ****  * Recalculate the size of the object
  86:d:\kzc\stm32\h743ii_lcd\lvgl\src/core\lv_obj_pos.h ****  * @param obj       pointer to an object
  87:d:\kzc\stm32\h743ii_lcd\lvgl\src/core\lv_obj_pos.h ****  * @return          true: the size has been changed
  88:d:\kzc\stm32\h743ii_lcd\lvgl\src/core\lv_obj_pos.h ****  */
  89:d:\kzc\stm32\h743ii_lcd\lvgl\src/core\lv_obj_pos.h **** bool lv_obj_refr_size(struct _lv_obj_t * obj);
  90:d:\kzc\stm32\h743ii_lcd\lvgl\src/core\lv_obj_pos.h **** 
  91:d:\kzc\stm32\h743ii_lcd\lvgl\src/core\lv_obj_pos.h **** /**
  92:d:\kzc\stm32\h743ii_lcd\lvgl\src/core\lv_obj_pos.h ****  * Set the width of an object
  93:d:\kzc\stm32\h743ii_lcd\lvgl\src/core\lv_obj_pos.h ****  * @param obj       pointer to an object
  94:d:\kzc\stm32\h743ii_lcd\lvgl\src/core\lv_obj_pos.h ****  * @param w         the new width
  95:d:\kzc\stm32\h743ii_lcd\lvgl\src/core\lv_obj_pos.h ****  * @note            possible values are:
  96:d:\kzc\stm32\h743ii_lcd\lvgl\src/core\lv_obj_pos.h ****  *                  pixel               simple set the size accordingly
  97:d:\kzc\stm32\h743ii_lcd\lvgl\src/core\lv_obj_pos.h ****  *                  LV_SIZE_CONTENT     set the size to involve all children in the given direction
  98:d:\kzc\stm32\h743ii_lcd\lvgl\src/core\lv_obj_pos.h ****  *                  lv_pct(x)           to set size in percentage of the parent's content area size
  99:d:\kzc\stm32\h743ii_lcd\lvgl\src/core\lv_obj_pos.h ****  *                                      x should be in [0..1000]% range
 100:d:\kzc\stm32\h743ii_lcd\lvgl\src/core\lv_obj_pos.h ****  */
 101:d:\kzc\stm32\h743ii_lcd\lvgl\src/core\lv_obj_pos.h **** void lv_obj_set_width(struct _lv_obj_t * obj, lv_coord_t w);
 102:d:\kzc\stm32\h743ii_lcd\lvgl\src/core\lv_obj_pos.h **** 
 103:d:\kzc\stm32\h743ii_lcd\lvgl\src/core\lv_obj_pos.h **** /**
 104:d:\kzc\stm32\h743ii_lcd\lvgl\src/core\lv_obj_pos.h ****  * Set the height of an object
 105:d:\kzc\stm32\h743ii_lcd\lvgl\src/core\lv_obj_pos.h ****  * @param obj       pointer to an object
 106:d:\kzc\stm32\h743ii_lcd\lvgl\src/core\lv_obj_pos.h ****  * @param h         the new height
 107:d:\kzc\stm32\h743ii_lcd\lvgl\src/core\lv_obj_pos.h ****  * @note            possible values are:
 108:d:\kzc\stm32\h743ii_lcd\lvgl\src/core\lv_obj_pos.h ****  *                  pixel               simple set the size accordingly
 109:d:\kzc\stm32\h743ii_lcd\lvgl\src/core\lv_obj_pos.h ****  *                  LV_SIZE_CONTENT     set the size to involve all children in the given direction
 110:d:\kzc\stm32\h743ii_lcd\lvgl\src/core\lv_obj_pos.h ****  *                  lv_pct(x)           to set size in percentage of the parent's content area size
 111:d:\kzc\stm32\h743ii_lcd\lvgl\src/core\lv_obj_pos.h ****  *                                      x should be in [0..1000]% range
 112:d:\kzc\stm32\h743ii_lcd\lvgl\src/core\lv_obj_pos.h ****  */
 113:d:\kzc\stm32\h743ii_lcd\lvgl\src/core\lv_obj_pos.h **** void lv_obj_set_height(struct _lv_obj_t * obj, lv_coord_t h);
 114:d:\kzc\stm32\h743ii_lcd\lvgl\src/core\lv_obj_pos.h **** 
 115:d:\kzc\stm32\h743ii_lcd\lvgl\src/core\lv_obj_pos.h **** /**
 116:d:\kzc\stm32\h743ii_lcd\lvgl\src/core\lv_obj_pos.h ****  * Set the width reduced by the left and right padding and the border width.
 117:d:\kzc\stm32\h743ii_lcd\lvgl\src/core\lv_obj_pos.h ****  * @param obj       pointer to an object
 118:d:\kzc\stm32\h743ii_lcd\lvgl\src/core\lv_obj_pos.h ****  * @param w         the width without paddings in pixels
 119:d:\kzc\stm32\h743ii_lcd\lvgl\src/core\lv_obj_pos.h ****  */
 120:d:\kzc\stm32\h743ii_lcd\lvgl\src/core\lv_obj_pos.h **** void lv_obj_set_content_width(struct _lv_obj_t * obj, lv_coord_t w);
 121:d:\kzc\stm32\h743ii_lcd\lvgl\src/core\lv_obj_pos.h **** 
 122:d:\kzc\stm32\h743ii_lcd\lvgl\src/core\lv_obj_pos.h **** /**
 123:d:\kzc\stm32\h743ii_lcd\lvgl\src/core\lv_obj_pos.h ****  * Set the height reduced by the top and bottom padding and the border width.
 124:d:\kzc\stm32\h743ii_lcd\lvgl\src/core\lv_obj_pos.h ****  * @param obj       pointer to an object
 125:d:\kzc\stm32\h743ii_lcd\lvgl\src/core\lv_obj_pos.h ****  * @param h         the height without paddings in pixels
 126:d:\kzc\stm32\h743ii_lcd\lvgl\src/core\lv_obj_pos.h ****  */
 127:d:\kzc\stm32\h743ii_lcd\lvgl\src/core\lv_obj_pos.h **** void lv_obj_set_content_height(struct _lv_obj_t * obj, lv_coord_t h);
 128:d:\kzc\stm32\h743ii_lcd\lvgl\src/core\lv_obj_pos.h **** 
 129:d:\kzc\stm32\h743ii_lcd\lvgl\src/core\lv_obj_pos.h **** /**
 130:d:\kzc\stm32\h743ii_lcd\lvgl\src/core\lv_obj_pos.h ****  * Set a layout for an object
 131:d:\kzc\stm32\h743ii_lcd\lvgl\src/core\lv_obj_pos.h ****  * @param obj       pointer to an object
 132:d:\kzc\stm32\h743ii_lcd\lvgl\src/core\lv_obj_pos.h ****  * @param layout    pointer to a layout descriptor to set
 133:d:\kzc\stm32\h743ii_lcd\lvgl\src/core\lv_obj_pos.h ****  */
 134:d:\kzc\stm32\h743ii_lcd\lvgl\src/core\lv_obj_pos.h **** void lv_obj_set_layout(struct _lv_obj_t * obj, uint32_t layout);
 135:d:\kzc\stm32\h743ii_lcd\lvgl\src/core\lv_obj_pos.h **** 
 136:d:\kzc\stm32\h743ii_lcd\lvgl\src/core\lv_obj_pos.h **** /**
 137:d:\kzc\stm32\h743ii_lcd\lvgl\src/core\lv_obj_pos.h ****  * Test whether the and object is positioned by a layout or not
 138:d:\kzc\stm32\h743ii_lcd\lvgl\src/core\lv_obj_pos.h ****  * @param obj       pointer to an object to test
 139:d:\kzc\stm32\h743ii_lcd\lvgl\src/core\lv_obj_pos.h ****  * @return true:    positioned by a layout; false: not positioned by a layout
 140:d:\kzc\stm32\h743ii_lcd\lvgl\src/core\lv_obj_pos.h ****  */
ARM GAS  C:\Users\OSD\AppData\Local\Temp\ccNgWkff.s 			page 9


 141:d:\kzc\stm32\h743ii_lcd\lvgl\src/core\lv_obj_pos.h **** bool lv_obj_is_layout_positioned(const struct _lv_obj_t * obj);
 142:d:\kzc\stm32\h743ii_lcd\lvgl\src/core\lv_obj_pos.h **** 
 143:d:\kzc\stm32\h743ii_lcd\lvgl\src/core\lv_obj_pos.h **** /**
 144:d:\kzc\stm32\h743ii_lcd\lvgl\src/core\lv_obj_pos.h ****  * Mark the object for layout update.
 145:d:\kzc\stm32\h743ii_lcd\lvgl\src/core\lv_obj_pos.h ****  * @param obj      pointer to an object whose children needs to be updated
 146:d:\kzc\stm32\h743ii_lcd\lvgl\src/core\lv_obj_pos.h ****  */
 147:d:\kzc\stm32\h743ii_lcd\lvgl\src/core\lv_obj_pos.h **** void lv_obj_mark_layout_as_dirty(struct _lv_obj_t * obj);
 148:d:\kzc\stm32\h743ii_lcd\lvgl\src/core\lv_obj_pos.h **** 
 149:d:\kzc\stm32\h743ii_lcd\lvgl\src/core\lv_obj_pos.h **** /**
 150:d:\kzc\stm32\h743ii_lcd\lvgl\src/core\lv_obj_pos.h ****  * Update the layout of an object.
 151:d:\kzc\stm32\h743ii_lcd\lvgl\src/core\lv_obj_pos.h ****  * @param obj      pointer to an object whose children needs to be updated
 152:d:\kzc\stm32\h743ii_lcd\lvgl\src/core\lv_obj_pos.h ****  */
 153:d:\kzc\stm32\h743ii_lcd\lvgl\src/core\lv_obj_pos.h **** void lv_obj_update_layout(const struct _lv_obj_t * obj);
 154:d:\kzc\stm32\h743ii_lcd\lvgl\src/core\lv_obj_pos.h **** 
 155:d:\kzc\stm32\h743ii_lcd\lvgl\src/core\lv_obj_pos.h **** /**
 156:d:\kzc\stm32\h743ii_lcd\lvgl\src/core\lv_obj_pos.h ****  * Register a new layout
 157:d:\kzc\stm32\h743ii_lcd\lvgl\src/core\lv_obj_pos.h ****  * @param cb        the layout update callback
 158:d:\kzc\stm32\h743ii_lcd\lvgl\src/core\lv_obj_pos.h ****  * @param user_data custom data that will be passed to `cb`
 159:d:\kzc\stm32\h743ii_lcd\lvgl\src/core\lv_obj_pos.h ****  * @return          the ID of the new layout
 160:d:\kzc\stm32\h743ii_lcd\lvgl\src/core\lv_obj_pos.h ****  */
 161:d:\kzc\stm32\h743ii_lcd\lvgl\src/core\lv_obj_pos.h **** uint32_t lv_layout_register(lv_layout_update_cb_t cb, void * user_data);
 162:d:\kzc\stm32\h743ii_lcd\lvgl\src/core\lv_obj_pos.h **** 
 163:d:\kzc\stm32\h743ii_lcd\lvgl\src/core\lv_obj_pos.h **** /**
 164:d:\kzc\stm32\h743ii_lcd\lvgl\src/core\lv_obj_pos.h ****  * Change the alignment of an object.
 165:d:\kzc\stm32\h743ii_lcd\lvgl\src/core\lv_obj_pos.h ****  * @param obj       pointer to an object to align
 166:d:\kzc\stm32\h743ii_lcd\lvgl\src/core\lv_obj_pos.h ****  * @param align     type of alignment (see 'lv_align_t' enum) `LV_ALIGN_OUT_...` can't be used.
 167:d:\kzc\stm32\h743ii_lcd\lvgl\src/core\lv_obj_pos.h ****  */
 168:d:\kzc\stm32\h743ii_lcd\lvgl\src/core\lv_obj_pos.h **** void lv_obj_set_align(struct _lv_obj_t * obj, lv_align_t align);
 169:d:\kzc\stm32\h743ii_lcd\lvgl\src/core\lv_obj_pos.h **** 
 170:d:\kzc\stm32\h743ii_lcd\lvgl\src/core\lv_obj_pos.h **** /**
 171:d:\kzc\stm32\h743ii_lcd\lvgl\src/core\lv_obj_pos.h ****  * Change the alignment of an object and set new coordinates.
 172:d:\kzc\stm32\h743ii_lcd\lvgl\src/core\lv_obj_pos.h ****  * Equivalent to:
 173:d:\kzc\stm32\h743ii_lcd\lvgl\src/core\lv_obj_pos.h ****  * lv_obj_set_align(obj, align);
 174:d:\kzc\stm32\h743ii_lcd\lvgl\src/core\lv_obj_pos.h ****  * lv_obj_set_pos(obj, x_ofs, y_ofs);
 175:d:\kzc\stm32\h743ii_lcd\lvgl\src/core\lv_obj_pos.h ****  * @param obj       pointer to an object to align
 176:d:\kzc\stm32\h743ii_lcd\lvgl\src/core\lv_obj_pos.h ****  * @param align     type of alignment (see 'lv_align_t' enum) `LV_ALIGN_OUT_...` can't be used.
 177:d:\kzc\stm32\h743ii_lcd\lvgl\src/core\lv_obj_pos.h ****  * @param x_ofs     x coordinate offset after alignment
 178:d:\kzc\stm32\h743ii_lcd\lvgl\src/core\lv_obj_pos.h ****  * @param y_ofs     y coordinate offset after alignment
 179:d:\kzc\stm32\h743ii_lcd\lvgl\src/core\lv_obj_pos.h ****  */
 180:d:\kzc\stm32\h743ii_lcd\lvgl\src/core\lv_obj_pos.h **** void lv_obj_align(struct _lv_obj_t * obj, lv_align_t align, lv_coord_t x_ofs, lv_coord_t y_ofs);
 181:d:\kzc\stm32\h743ii_lcd\lvgl\src/core\lv_obj_pos.h **** 
 182:d:\kzc\stm32\h743ii_lcd\lvgl\src/core\lv_obj_pos.h **** /**
 183:d:\kzc\stm32\h743ii_lcd\lvgl\src/core\lv_obj_pos.h ****  * Align an object to an other object.
 184:d:\kzc\stm32\h743ii_lcd\lvgl\src/core\lv_obj_pos.h ****  * @param obj       pointer to an object to align
 185:d:\kzc\stm32\h743ii_lcd\lvgl\src/core\lv_obj_pos.h ****  * @param base      pointer to an other object (if NULL `obj`s parent is used). 'obj' will be align
 186:d:\kzc\stm32\h743ii_lcd\lvgl\src/core\lv_obj_pos.h ****  * @param align     type of alignment (see 'lv_align_t' enum)
 187:d:\kzc\stm32\h743ii_lcd\lvgl\src/core\lv_obj_pos.h ****  * @param x_ofs     x coordinate offset after alignment
 188:d:\kzc\stm32\h743ii_lcd\lvgl\src/core\lv_obj_pos.h ****  * @param y_ofs     y coordinate offset after alignment
 189:d:\kzc\stm32\h743ii_lcd\lvgl\src/core\lv_obj_pos.h ****  * @note            if the position or size of `base` changes `obj` needs to be aligned manually ag
 190:d:\kzc\stm32\h743ii_lcd\lvgl\src/core\lv_obj_pos.h ****  */
 191:d:\kzc\stm32\h743ii_lcd\lvgl\src/core\lv_obj_pos.h **** void lv_obj_align_to(struct _lv_obj_t * obj, const struct _lv_obj_t * base, lv_align_t align, lv_co
 192:d:\kzc\stm32\h743ii_lcd\lvgl\src/core\lv_obj_pos.h ****                      lv_coord_t y_ofs);
 193:d:\kzc\stm32\h743ii_lcd\lvgl\src/core\lv_obj_pos.h **** 
 194:d:\kzc\stm32\h743ii_lcd\lvgl\src/core\lv_obj_pos.h **** /**
 195:d:\kzc\stm32\h743ii_lcd\lvgl\src/core\lv_obj_pos.h ****  * Align an object to the center on its parent.
 196:d:\kzc\stm32\h743ii_lcd\lvgl\src/core\lv_obj_pos.h ****  * @param obj       pointer to an object to align
 197:d:\kzc\stm32\h743ii_lcd\lvgl\src/core\lv_obj_pos.h ****  * @note            if the parent size changes `obj` needs to be aligned manually again
ARM GAS  C:\Users\OSD\AppData\Local\Temp\ccNgWkff.s 			page 10


 198:d:\kzc\stm32\h743ii_lcd\lvgl\src/core\lv_obj_pos.h ****  */
 199:d:\kzc\stm32\h743ii_lcd\lvgl\src/core\lv_obj_pos.h **** static inline void lv_obj_center(struct _lv_obj_t * obj)
 105              		.loc 3 199 20 view .LVU9
 106              	.LBB11:
 200:d:\kzc\stm32\h743ii_lcd\lvgl\src/core\lv_obj_pos.h **** {
 201:d:\kzc\stm32\h743ii_lcd\lvgl\src/core\lv_obj_pos.h ****     lv_obj_align(obj, LV_ALIGN_CENTER, 0, 0);
 107              		.loc 3 201 5 view .LVU10
 108 002a 0023     		movs	r3, #0
 109 002c 1A46     		mov	r2, r3
 110 002e 0921     		movs	r1, #9
 111 0030 2046     		mov	r0, r4
 112 0032 FFF7FEFF 		bl	lv_obj_align
 113              	.LVL8:
 114              		.loc 3 201 5 is_stmt 0 view .LVU11
 115              	.LBE11:
 116              	.LBE10:
  10:lvgl/examples/widgets/menu/lv_example_menu_3.c **** 
  11:lvgl/examples/widgets/menu/lv_example_menu_3.c ****     /*Modify the header*/
  12:lvgl/examples/widgets/menu/lv_example_menu_3.c ****     lv_obj_t * back_btn = lv_menu_get_main_header_back_btn(menu);
 117              		.loc 1 12 5 is_stmt 1 view .LVU12
 118              		.loc 1 12 27 is_stmt 0 view .LVU13
 119 0036 2046     		mov	r0, r4
 120 0038 FFF7FEFF 		bl	lv_menu_get_main_header_back_btn
 121              	.LVL9:
  13:lvgl/examples/widgets/menu/lv_example_menu_3.c ****     lv_obj_t * back_btn_label = lv_label_create(back_btn);
 122              		.loc 1 13 5 is_stmt 1 view .LVU14
 123              		.loc 1 13 33 is_stmt 0 view .LVU15
 124 003c FFF7FEFF 		bl	lv_label_create
 125              	.LVL10:
  14:lvgl/examples/widgets/menu/lv_example_menu_3.c ****     lv_label_set_text(back_btn_label, "Back");
 126              		.loc 1 14 5 is_stmt 1 view .LVU16
 127 0040 2D49     		ldr	r1, .L3
 128 0042 FFF7FEFF 		bl	lv_label_set_text
 129              	.LVL11:
  15:lvgl/examples/widgets/menu/lv_example_menu_3.c **** 
  16:lvgl/examples/widgets/menu/lv_example_menu_3.c ****     lv_obj_t * cont;
 130              		.loc 1 16 5 view .LVU17
  17:lvgl/examples/widgets/menu/lv_example_menu_3.c ****     lv_obj_t * label;
 131              		.loc 1 17 5 view .LVU18
  18:lvgl/examples/widgets/menu/lv_example_menu_3.c **** 
  19:lvgl/examples/widgets/menu/lv_example_menu_3.c ****     /*Create sub pages*/
  20:lvgl/examples/widgets/menu/lv_example_menu_3.c ****     lv_obj_t * sub_1_page = lv_menu_page_create(menu, "Page 1");
 132              		.loc 1 20 5 view .LVU19
 133              		.loc 1 20 29 is_stmt 0 view .LVU20
 134 0046 2D49     		ldr	r1, .L3+4
 135 0048 2046     		mov	r0, r4
 136 004a FFF7FEFF 		bl	lv_menu_page_create
 137              	.LVL12:
 138 004e 8146     		mov	r9, r0
 139              	.LVL13:
  21:lvgl/examples/widgets/menu/lv_example_menu_3.c **** 
  22:lvgl/examples/widgets/menu/lv_example_menu_3.c ****     cont = lv_menu_cont_create(sub_1_page);
 140              		.loc 1 22 5 is_stmt 1 view .LVU21
 141              		.loc 1 22 12 is_stmt 0 view .LVU22
 142 0050 FFF7FEFF 		bl	lv_menu_cont_create
 143              	.LVL14:
  23:lvgl/examples/widgets/menu/lv_example_menu_3.c ****     label = lv_label_create(cont);
ARM GAS  C:\Users\OSD\AppData\Local\Temp\ccNgWkff.s 			page 11


 144              		.loc 1 23 5 is_stmt 1 view .LVU23
 145              		.loc 1 23 13 is_stmt 0 view .LVU24
 146 0054 FFF7FEFF 		bl	lv_label_create
 147              	.LVL15:
  24:lvgl/examples/widgets/menu/lv_example_menu_3.c ****     lv_label_set_text(label, "Hello, I am hiding here");
 148              		.loc 1 24 5 is_stmt 1 view .LVU25
 149 0058 294D     		ldr	r5, .L3+8
 150 005a 2946     		mov	r1, r5
 151 005c FFF7FEFF 		bl	lv_label_set_text
 152              	.LVL16:
  25:lvgl/examples/widgets/menu/lv_example_menu_3.c **** 
  26:lvgl/examples/widgets/menu/lv_example_menu_3.c ****     lv_obj_t * sub_2_page = lv_menu_page_create(menu, "Page 2");
 153              		.loc 1 26 5 view .LVU26
 154              		.loc 1 26 29 is_stmt 0 view .LVU27
 155 0060 2849     		ldr	r1, .L3+12
 156 0062 2046     		mov	r0, r4
 157 0064 FFF7FEFF 		bl	lv_menu_page_create
 158              	.LVL17:
 159 0068 8046     		mov	r8, r0
 160              	.LVL18:
  27:lvgl/examples/widgets/menu/lv_example_menu_3.c **** 
  28:lvgl/examples/widgets/menu/lv_example_menu_3.c ****     cont = lv_menu_cont_create(sub_2_page);
 161              		.loc 1 28 5 is_stmt 1 view .LVU28
 162              		.loc 1 28 12 is_stmt 0 view .LVU29
 163 006a FFF7FEFF 		bl	lv_menu_cont_create
 164              	.LVL19:
  29:lvgl/examples/widgets/menu/lv_example_menu_3.c ****     label = lv_label_create(cont);
 165              		.loc 1 29 5 is_stmt 1 view .LVU30
 166              		.loc 1 29 13 is_stmt 0 view .LVU31
 167 006e FFF7FEFF 		bl	lv_label_create
 168              	.LVL20:
  30:lvgl/examples/widgets/menu/lv_example_menu_3.c ****     lv_label_set_text(label, "Hello, I am hiding here");
 169              		.loc 1 30 5 is_stmt 1 view .LVU32
 170 0072 2946     		mov	r1, r5
 171 0074 FFF7FEFF 		bl	lv_label_set_text
 172              	.LVL21:
  31:lvgl/examples/widgets/menu/lv_example_menu_3.c **** 
  32:lvgl/examples/widgets/menu/lv_example_menu_3.c ****     lv_obj_t * sub_3_page = lv_menu_page_create(menu, "Page 3");
 173              		.loc 1 32 5 view .LVU33
 174              		.loc 1 32 29 is_stmt 0 view .LVU34
 175 0078 2349     		ldr	r1, .L3+16
 176 007a 2046     		mov	r0, r4
 177 007c FFF7FEFF 		bl	lv_menu_page_create
 178              	.LVL22:
 179 0080 0746     		mov	r7, r0
 180              	.LVL23:
  33:lvgl/examples/widgets/menu/lv_example_menu_3.c **** 
  34:lvgl/examples/widgets/menu/lv_example_menu_3.c ****     cont = lv_menu_cont_create(sub_3_page);
 181              		.loc 1 34 5 is_stmt 1 view .LVU35
 182              		.loc 1 34 12 is_stmt 0 view .LVU36
 183 0082 FFF7FEFF 		bl	lv_menu_cont_create
 184              	.LVL24:
  35:lvgl/examples/widgets/menu/lv_example_menu_3.c ****     label = lv_label_create(cont);
 185              		.loc 1 35 5 is_stmt 1 view .LVU37
 186              		.loc 1 35 13 is_stmt 0 view .LVU38
 187 0086 FFF7FEFF 		bl	lv_label_create
 188              	.LVL25:
ARM GAS  C:\Users\OSD\AppData\Local\Temp\ccNgWkff.s 			page 12


  36:lvgl/examples/widgets/menu/lv_example_menu_3.c ****     lv_label_set_text(label, "Hello, I am hiding here");
 189              		.loc 1 36 5 is_stmt 1 view .LVU39
 190 008a 2946     		mov	r1, r5
 191 008c FFF7FEFF 		bl	lv_label_set_text
 192              	.LVL26:
  37:lvgl/examples/widgets/menu/lv_example_menu_3.c **** 
  38:lvgl/examples/widgets/menu/lv_example_menu_3.c ****     /*Create a main page*/
  39:lvgl/examples/widgets/menu/lv_example_menu_3.c ****     lv_obj_t * main_page = lv_menu_page_create(menu, NULL);
 193              		.loc 1 39 5 view .LVU40
 194              		.loc 1 39 28 is_stmt 0 view .LVU41
 195 0090 0021     		movs	r1, #0
 196 0092 2046     		mov	r0, r4
 197 0094 FFF7FEFF 		bl	lv_menu_page_create
 198              	.LVL27:
 199 0098 0546     		mov	r5, r0
 200              	.LVL28:
  40:lvgl/examples/widgets/menu/lv_example_menu_3.c **** 
  41:lvgl/examples/widgets/menu/lv_example_menu_3.c ****     cont = lv_menu_cont_create(main_page);
 201              		.loc 1 41 5 is_stmt 1 view .LVU42
 202              		.loc 1 41 12 is_stmt 0 view .LVU43
 203 009a FFF7FEFF 		bl	lv_menu_cont_create
 204              	.LVL29:
 205              		.loc 1 41 12 view .LVU44
 206 009e 0646     		mov	r6, r0
 207              	.LVL30:
  42:lvgl/examples/widgets/menu/lv_example_menu_3.c ****     label = lv_label_create(cont);
 208              		.loc 1 42 5 is_stmt 1 view .LVU45
 209              		.loc 1 42 13 is_stmt 0 view .LVU46
 210 00a0 FFF7FEFF 		bl	lv_label_create
 211              	.LVL31:
  43:lvgl/examples/widgets/menu/lv_example_menu_3.c ****     lv_label_set_text(label, "Item 1 (Click me!)");
 212              		.loc 1 43 5 is_stmt 1 view .LVU47
 213 00a4 1949     		ldr	r1, .L3+20
 214 00a6 FFF7FEFF 		bl	lv_label_set_text
 215              	.LVL32:
  44:lvgl/examples/widgets/menu/lv_example_menu_3.c ****     lv_menu_set_load_page_event(menu, cont, sub_1_page);
 216              		.loc 1 44 5 view .LVU48
 217 00aa 4A46     		mov	r2, r9
 218 00ac 3146     		mov	r1, r6
 219 00ae 2046     		mov	r0, r4
 220 00b0 FFF7FEFF 		bl	lv_menu_set_load_page_event
 221              	.LVL33:
  45:lvgl/examples/widgets/menu/lv_example_menu_3.c **** 
  46:lvgl/examples/widgets/menu/lv_example_menu_3.c ****     cont = lv_menu_cont_create(main_page);
 222              		.loc 1 46 5 view .LVU49
 223              		.loc 1 46 12 is_stmt 0 view .LVU50
 224 00b4 2846     		mov	r0, r5
 225 00b6 FFF7FEFF 		bl	lv_menu_cont_create
 226              	.LVL34:
 227 00ba 0646     		mov	r6, r0
 228              	.LVL35:
  47:lvgl/examples/widgets/menu/lv_example_menu_3.c ****     label = lv_label_create(cont);
 229              		.loc 1 47 5 is_stmt 1 view .LVU51
 230              		.loc 1 47 13 is_stmt 0 view .LVU52
 231 00bc FFF7FEFF 		bl	lv_label_create
 232              	.LVL36:
  48:lvgl/examples/widgets/menu/lv_example_menu_3.c ****     lv_label_set_text(label, "Item 2 (Click me!)");
ARM GAS  C:\Users\OSD\AppData\Local\Temp\ccNgWkff.s 			page 13


 233              		.loc 1 48 5 is_stmt 1 view .LVU53
 234 00c0 1349     		ldr	r1, .L3+24
 235 00c2 FFF7FEFF 		bl	lv_label_set_text
 236              	.LVL37:
  49:lvgl/examples/widgets/menu/lv_example_menu_3.c ****     lv_menu_set_load_page_event(menu, cont, sub_2_page);
 237              		.loc 1 49 5 view .LVU54
 238 00c6 4246     		mov	r2, r8
 239 00c8 3146     		mov	r1, r6
 240 00ca 2046     		mov	r0, r4
 241 00cc FFF7FEFF 		bl	lv_menu_set_load_page_event
 242              	.LVL38:
  50:lvgl/examples/widgets/menu/lv_example_menu_3.c **** 
  51:lvgl/examples/widgets/menu/lv_example_menu_3.c ****     cont = lv_menu_cont_create(main_page);
 243              		.loc 1 51 5 view .LVU55
 244              		.loc 1 51 12 is_stmt 0 view .LVU56
 245 00d0 2846     		mov	r0, r5
 246 00d2 FFF7FEFF 		bl	lv_menu_cont_create
 247              	.LVL39:
 248 00d6 0646     		mov	r6, r0
 249              	.LVL40:
  52:lvgl/examples/widgets/menu/lv_example_menu_3.c ****     label = lv_label_create(cont);
 250              		.loc 1 52 5 is_stmt 1 view .LVU57
 251              		.loc 1 52 13 is_stmt 0 view .LVU58
 252 00d8 FFF7FEFF 		bl	lv_label_create
 253              	.LVL41:
  53:lvgl/examples/widgets/menu/lv_example_menu_3.c ****     lv_label_set_text(label, "Item 3 (Click me!)");
 254              		.loc 1 53 5 is_stmt 1 view .LVU59
 255 00dc 0D49     		ldr	r1, .L3+28
 256 00de FFF7FEFF 		bl	lv_label_set_text
 257              	.LVL42:
  54:lvgl/examples/widgets/menu/lv_example_menu_3.c ****     lv_menu_set_load_page_event(menu, cont, sub_3_page);
 258              		.loc 1 54 5 view .LVU60
 259 00e2 3A46     		mov	r2, r7
 260 00e4 3146     		mov	r1, r6
 261 00e6 2046     		mov	r0, r4
 262 00e8 FFF7FEFF 		bl	lv_menu_set_load_page_event
 263              	.LVL43:
  55:lvgl/examples/widgets/menu/lv_example_menu_3.c **** 
  56:lvgl/examples/widgets/menu/lv_example_menu_3.c ****     lv_menu_set_page(menu, main_page);
 264              		.loc 1 56 5 view .LVU61
 265 00ec 2946     		mov	r1, r5
 266 00ee 2046     		mov	r0, r4
 267 00f0 FFF7FEFF 		bl	lv_menu_set_page
 268              	.LVL44:
  57:lvgl/examples/widgets/menu/lv_example_menu_3.c **** }
 269              		.loc 1 57 1 is_stmt 0 view .LVU62
 270 00f4 BDE8F883 		pop	{r3, r4, r5, r6, r7, r8, r9, pc}
 271              	.LVL45:
 272              	.L4:
 273              		.loc 1 57 1 view .LVU63
 274              		.align	2
 275              	.L3:
 276 00f8 00000000 		.word	.LC0
 277 00fc 08000000 		.word	.LC1
 278 0100 10000000 		.word	.LC2
 279 0104 28000000 		.word	.LC3
 280 0108 30000000 		.word	.LC4
ARM GAS  C:\Users\OSD\AppData\Local\Temp\ccNgWkff.s 			page 14


 281 010c 38000000 		.word	.LC5
 282 0110 4C000000 		.word	.LC6
 283 0114 60000000 		.word	.LC7
 284              		.cfi_endproc
 285              	.LFE204:
 287              		.text
 288              	.Letext0:
 289              		.file 4 "c:\\tools\\gcc-arm-none-eabi\\arm-none-eabi\\include\\machine\\_default_types.h"
 290              		.file 5 "c:\\tools\\gcc-arm-none-eabi\\arm-none-eabi\\include\\sys\\_stdint.h"
 291              		.file 6 "d:\\kzc\\stm32\\h743ii_lcd\\lvgl\\src\\misc\\lv_area.h"
 292              		.file 7 "d:\\kzc\\stm32\\h743ii_lcd\\lvgl\\src\\misc\\lv_color.h"
 293              		.file 8 "d:\\kzc\\stm32\\h743ii_lcd\\lvgl\\src\\misc\\lv_style.h"
 294              		.file 9 "d:\\kzc\\stm32\\h743ii_lcd\\lvgl\\src/core/lv_obj.h"
 295              		.file 10 "d:\\kzc\\stm32\\h743ii_lcd\\lvgl\\src\\misc\\lv_ll.h"
 296              		.file 11 "d:\\kzc\\stm32\\h743ii_lcd\\lvgl\\src/core/lv_group.h"
 297              		.file 12 "d:\\kzc\\stm32\\h743ii_lcd\\lvgl\\src/core/lv_obj_scroll.h"
 298              		.file 13 "d:\\kzc\\stm32\\h743ii_lcd\\lvgl\\src/core/lv_obj_style.h"
 299              		.file 14 "d:\\kzc\\stm32\\h743ii_lcd\\lvgl\\src/core/lv_obj_class.h"
 300              		.file 15 "d:\\kzc\\stm32\\h743ii_lcd\\lvgl\\src/core/lv_event.h"
 301              		.file 16 "d:\\kzc\\stm32\\h743ii_lcd\\lvgl\\src/hal/lv_hal_disp.h"
 302              		.file 17 "d:\\kzc\\stm32\\h743ii_lcd\\lvgl\\src/extra/widgets/menu/lv_menu.h"
 303              		.file 18 "d:\\kzc\\stm32\\h743ii_lcd\\lvgl\\src/widgets/lv_label.h"
ARM GAS  C:\Users\OSD\AppData\Local\Temp\ccNgWkff.s 			page 15


DEFINED SYMBOLS
                            *ABS*:00000000 lv_example_menu_3.c
C:\Users\OSD\AppData\Local\Temp\ccNgWkff.s:19     .rodata.lv_example_menu_3.str1.4:00000000 $d
C:\Users\OSD\AppData\Local\Temp\ccNgWkff.s:44     .text.lv_example_menu_3:00000000 $t
C:\Users\OSD\AppData\Local\Temp\ccNgWkff.s:50     .text.lv_example_menu_3:00000000 lv_example_menu_3
C:\Users\OSD\AppData\Local\Temp\ccNgWkff.s:276    .text.lv_example_menu_3:000000f8 $d

UNDEFINED SYMBOLS
lv_disp_get_default
lv_disp_get_scr_act
lv_menu_create
lv_disp_get_hor_res
lv_disp_get_ver_res
lv_obj_set_size
lv_obj_align
lv_menu_get_main_header_back_btn
lv_label_create
lv_label_set_text
lv_menu_page_create
lv_menu_cont_create
lv_menu_set_load_page_event
lv_menu_set_page
