ARM GAS  C:\Users\OSD\AppData\Local\Temp\ccWJZidE.s 			page 1


   1              		.cpu cortex-m7
   2              		.arch armv7e-m
   3              		.fpu fpv5-d16
   4              		.eabi_attribute 28, 1
   5              		.eabi_attribute 20, 1
   6              		.eabi_attribute 21, 1
   7              		.eabi_attribute 23, 3
   8              		.eabi_attribute 24, 1
   9              		.eabi_attribute 25, 1
  10              		.eabi_attribute 26, 1
  11              		.eabi_attribute 30, 1
  12              		.eabi_attribute 34, 1
  13              		.eabi_attribute 18, 4
  14              		.file	"lv_example_event_1.c"
  15              		.text
  16              	.Ltext0:
  17              		.cfi_sections	.debug_frame
  18              		.section	.rodata.event_cb.str1.4,"aMS",%progbits,1
  19              		.align	2
  20              	.LC0:
  21 0000 256C7500 		.ascii	"%lu\000"
  22              		.section	.text.event_cb,"ax",%progbits
  23              		.align	1
  24              		.syntax unified
  25              		.thumb
  26              		.thumb_func
  28              	event_cb:
  29              	.LVL0:
  30              	.LFB204:
  31              		.file 1 "lvgl/examples/event/lv_example_event_1.c"
   1:lvgl/examples/event/lv_example_event_1.c **** #include "../lv_examples.h"
   2:lvgl/examples/event/lv_example_event_1.c **** #if LV_BUILD_EXAMPLES && LV_USE_SWITCH
   3:lvgl/examples/event/lv_example_event_1.c **** 
   4:lvgl/examples/event/lv_example_event_1.c **** static void event_cb(lv_event_t * e)
   5:lvgl/examples/event/lv_example_event_1.c **** {
  32              		.loc 1 5 1 view -0
  33              		.cfi_startproc
  34              		@ args = 0, pretend = 0, frame = 0
  35              		@ frame_needed = 0, uses_anonymous_args = 0
  36              		.loc 1 5 1 is_stmt 0 view .LVU1
  37 0000 10B5     		push	{r4, lr}
  38              		.cfi_def_cfa_offset 8
  39              		.cfi_offset 4, -8
  40              		.cfi_offset 14, -4
   6:lvgl/examples/event/lv_example_event_1.c ****     LV_LOG_USER("Clicked");
  41              		.loc 1 6 5 is_stmt 1 view .LVU2
  42              		.loc 1 6 5 view .LVU3
  43              		.loc 1 6 5 view .LVU4
   7:lvgl/examples/event/lv_example_event_1.c **** 
   8:lvgl/examples/event/lv_example_event_1.c ****     static uint32_t cnt = 1;
  44              		.loc 1 8 5 view .LVU5
   9:lvgl/examples/event/lv_example_event_1.c ****     lv_obj_t * btn = lv_event_get_target(e);
  45              		.loc 1 9 5 view .LVU6
  46              		.loc 1 9 22 is_stmt 0 view .LVU7
  47 0002 FFF7FEFF 		bl	lv_event_get_target
  48              	.LVL1:
  10:lvgl/examples/event/lv_example_event_1.c ****     lv_obj_t * label = lv_obj_get_child(btn, 0);
ARM GAS  C:\Users\OSD\AppData\Local\Temp\ccWJZidE.s 			page 2


  49              		.loc 1 10 5 is_stmt 1 view .LVU8
  50              		.loc 1 10 24 is_stmt 0 view .LVU9
  51 0006 0021     		movs	r1, #0
  52 0008 FFF7FEFF 		bl	lv_obj_get_child
  53              	.LVL2:
  11:lvgl/examples/event/lv_example_event_1.c ****     lv_label_set_text_fmt(label, "%"LV_PRIu32, cnt);
  54              		.loc 1 11 5 is_stmt 1 view .LVU10
  55 000c 044C     		ldr	r4, .L3
  56 000e 2268     		ldr	r2, [r4]
  57 0010 0449     		ldr	r1, .L3+4
  58 0012 FFF7FEFF 		bl	lv_label_set_text_fmt
  59              	.LVL3:
  12:lvgl/examples/event/lv_example_event_1.c ****     cnt++;
  60              		.loc 1 12 5 view .LVU11
  61              		.loc 1 12 8 is_stmt 0 view .LVU12
  62 0016 2368     		ldr	r3, [r4]
  63 0018 0133     		adds	r3, r3, #1
  64 001a 2360     		str	r3, [r4]
  13:lvgl/examples/event/lv_example_event_1.c **** }
  65              		.loc 1 13 1 view .LVU13
  66 001c 10BD     		pop	{r4, pc}
  67              	.L4:
  68 001e 00BF     		.align	2
  69              	.L3:
  70 0020 00000000 		.word	.LANCHOR0
  71 0024 00000000 		.word	.LC0
  72              		.cfi_endproc
  73              	.LFE204:
  75              		.section	.rodata.lv_example_event_1.str1.4,"aMS",%progbits,1
  76              		.align	2
  77              	.LC1:
  78 0000 436C6963 		.ascii	"Click me!\000"
  78      6B206D65 
  78      2100
  79              		.section	.text.lv_example_event_1,"ax",%progbits
  80              		.align	1
  81              		.global	lv_example_event_1
  82              		.syntax unified
  83              		.thumb
  84              		.thumb_func
  86              	lv_example_event_1:
  87              	.LFB205:
  14:lvgl/examples/event/lv_example_event_1.c **** 
  15:lvgl/examples/event/lv_example_event_1.c **** /**
  16:lvgl/examples/event/lv_example_event_1.c ****  * Add click event to a button
  17:lvgl/examples/event/lv_example_event_1.c ****  */
  18:lvgl/examples/event/lv_example_event_1.c **** void lv_example_event_1(void)
  19:lvgl/examples/event/lv_example_event_1.c **** {
  88              		.loc 1 19 1 is_stmt 1 view -0
  89              		.cfi_startproc
  90              		@ args = 0, pretend = 0, frame = 0
  91              		@ frame_needed = 0, uses_anonymous_args = 0
  92 0000 10B5     		push	{r4, lr}
  93              		.cfi_def_cfa_offset 8
  94              		.cfi_offset 4, -8
  95              		.cfi_offset 14, -4
  20:lvgl/examples/event/lv_example_event_1.c ****     lv_obj_t * btn = lv_btn_create(lv_scr_act());
ARM GAS  C:\Users\OSD\AppData\Local\Temp\ccWJZidE.s 			page 3


  96              		.loc 1 20 5 view .LVU15
  97              	.LBB12:
  98              	.LBI12:
  99              		.file 2 "lvgl/examples/event/../../src/core/lv_disp.h"
   1:lvgl/examples/event/../../src/core/lv_disp.h **** /**
   2:lvgl/examples/event/../../src/core/lv_disp.h ****  * @file lv_disp.h
   3:lvgl/examples/event/../../src/core/lv_disp.h ****  *
   4:lvgl/examples/event/../../src/core/lv_disp.h ****  */
   5:lvgl/examples/event/../../src/core/lv_disp.h **** 
   6:lvgl/examples/event/../../src/core/lv_disp.h **** #ifndef LV_DISP_H
   7:lvgl/examples/event/../../src/core/lv_disp.h **** #define LV_DISP_H
   8:lvgl/examples/event/../../src/core/lv_disp.h **** 
   9:lvgl/examples/event/../../src/core/lv_disp.h **** #ifdef __cplusplus
  10:lvgl/examples/event/../../src/core/lv_disp.h **** extern "C" {
  11:lvgl/examples/event/../../src/core/lv_disp.h **** #endif
  12:lvgl/examples/event/../../src/core/lv_disp.h **** 
  13:lvgl/examples/event/../../src/core/lv_disp.h **** /*********************
  14:lvgl/examples/event/../../src/core/lv_disp.h ****  *      INCLUDES
  15:lvgl/examples/event/../../src/core/lv_disp.h ****  *********************/
  16:lvgl/examples/event/../../src/core/lv_disp.h **** #include "../hal/lv_hal.h"
  17:lvgl/examples/event/../../src/core/lv_disp.h **** #include "lv_obj.h"
  18:lvgl/examples/event/../../src/core/lv_disp.h **** #include "lv_theme.h"
  19:lvgl/examples/event/../../src/core/lv_disp.h **** 
  20:lvgl/examples/event/../../src/core/lv_disp.h **** /*********************
  21:lvgl/examples/event/../../src/core/lv_disp.h ****  *      DEFINES
  22:lvgl/examples/event/../../src/core/lv_disp.h ****  *********************/
  23:lvgl/examples/event/../../src/core/lv_disp.h **** 
  24:lvgl/examples/event/../../src/core/lv_disp.h **** /**********************
  25:lvgl/examples/event/../../src/core/lv_disp.h ****  *      TYPEDEFS
  26:lvgl/examples/event/../../src/core/lv_disp.h ****  **********************/
  27:lvgl/examples/event/../../src/core/lv_disp.h **** 
  28:lvgl/examples/event/../../src/core/lv_disp.h **** typedef enum {
  29:lvgl/examples/event/../../src/core/lv_disp.h ****     LV_SCR_LOAD_ANIM_NONE,
  30:lvgl/examples/event/../../src/core/lv_disp.h ****     LV_SCR_LOAD_ANIM_OVER_LEFT,
  31:lvgl/examples/event/../../src/core/lv_disp.h ****     LV_SCR_LOAD_ANIM_OVER_RIGHT,
  32:lvgl/examples/event/../../src/core/lv_disp.h ****     LV_SCR_LOAD_ANIM_OVER_TOP,
  33:lvgl/examples/event/../../src/core/lv_disp.h ****     LV_SCR_LOAD_ANIM_OVER_BOTTOM,
  34:lvgl/examples/event/../../src/core/lv_disp.h ****     LV_SCR_LOAD_ANIM_MOVE_LEFT,
  35:lvgl/examples/event/../../src/core/lv_disp.h ****     LV_SCR_LOAD_ANIM_MOVE_RIGHT,
  36:lvgl/examples/event/../../src/core/lv_disp.h ****     LV_SCR_LOAD_ANIM_MOVE_TOP,
  37:lvgl/examples/event/../../src/core/lv_disp.h ****     LV_SCR_LOAD_ANIM_MOVE_BOTTOM,
  38:lvgl/examples/event/../../src/core/lv_disp.h ****     LV_SCR_LOAD_ANIM_FADE_IN,
  39:lvgl/examples/event/../../src/core/lv_disp.h ****     LV_SCR_LOAD_ANIM_FADE_ON = LV_SCR_LOAD_ANIM_FADE_IN, /*For backward compatibility*/
  40:lvgl/examples/event/../../src/core/lv_disp.h ****     LV_SCR_LOAD_ANIM_FADE_OUT,
  41:lvgl/examples/event/../../src/core/lv_disp.h ****     LV_SCR_LOAD_ANIM_OUT_LEFT,
  42:lvgl/examples/event/../../src/core/lv_disp.h ****     LV_SCR_LOAD_ANIM_OUT_RIGHT,
  43:lvgl/examples/event/../../src/core/lv_disp.h ****     LV_SCR_LOAD_ANIM_OUT_TOP,
  44:lvgl/examples/event/../../src/core/lv_disp.h ****     LV_SCR_LOAD_ANIM_OUT_BOTTOM,
  45:lvgl/examples/event/../../src/core/lv_disp.h **** } lv_scr_load_anim_t;
  46:lvgl/examples/event/../../src/core/lv_disp.h **** 
  47:lvgl/examples/event/../../src/core/lv_disp.h **** /**********************
  48:lvgl/examples/event/../../src/core/lv_disp.h ****  * GLOBAL PROTOTYPES
  49:lvgl/examples/event/../../src/core/lv_disp.h ****  **********************/
  50:lvgl/examples/event/../../src/core/lv_disp.h **** 
  51:lvgl/examples/event/../../src/core/lv_disp.h **** /**
  52:lvgl/examples/event/../../src/core/lv_disp.h ****  * Return with a pointer to the active screen
  53:lvgl/examples/event/../../src/core/lv_disp.h ****  * @param disp pointer to display which active screen should be get. (NULL to use the default
ARM GAS  C:\Users\OSD\AppData\Local\Temp\ccWJZidE.s 			page 4


  54:lvgl/examples/event/../../src/core/lv_disp.h ****  * screen)
  55:lvgl/examples/event/../../src/core/lv_disp.h ****  * @return pointer to the active screen object (loaded by 'lv_scr_load()')
  56:lvgl/examples/event/../../src/core/lv_disp.h ****  */
  57:lvgl/examples/event/../../src/core/lv_disp.h **** lv_obj_t * lv_disp_get_scr_act(lv_disp_t * disp);
  58:lvgl/examples/event/../../src/core/lv_disp.h **** 
  59:lvgl/examples/event/../../src/core/lv_disp.h **** /**
  60:lvgl/examples/event/../../src/core/lv_disp.h ****  * Return with a pointer to the previous screen. Only used during screen transitions.
  61:lvgl/examples/event/../../src/core/lv_disp.h ****  * @param disp pointer to display which previous screen should be get. (NULL to use the default
  62:lvgl/examples/event/../../src/core/lv_disp.h ****  * screen)
  63:lvgl/examples/event/../../src/core/lv_disp.h ****  * @return pointer to the previous screen object or NULL if not used now
  64:lvgl/examples/event/../../src/core/lv_disp.h ****  */
  65:lvgl/examples/event/../../src/core/lv_disp.h **** lv_obj_t * lv_disp_get_scr_prev(lv_disp_t * disp);
  66:lvgl/examples/event/../../src/core/lv_disp.h **** 
  67:lvgl/examples/event/../../src/core/lv_disp.h **** /**
  68:lvgl/examples/event/../../src/core/lv_disp.h ****  * Make a screen active
  69:lvgl/examples/event/../../src/core/lv_disp.h ****  * @param scr pointer to a screen
  70:lvgl/examples/event/../../src/core/lv_disp.h ****  */
  71:lvgl/examples/event/../../src/core/lv_disp.h **** void lv_disp_load_scr(lv_obj_t * scr);
  72:lvgl/examples/event/../../src/core/lv_disp.h **** 
  73:lvgl/examples/event/../../src/core/lv_disp.h **** /**
  74:lvgl/examples/event/../../src/core/lv_disp.h ****  * Return with the top layer. (Same on every screen and it is above the normal screen layer)
  75:lvgl/examples/event/../../src/core/lv_disp.h ****  * @param disp pointer to display which top layer should be get. (NULL to use the default screen)
  76:lvgl/examples/event/../../src/core/lv_disp.h ****  * @return pointer to the top layer object (transparent screen sized lv_obj)
  77:lvgl/examples/event/../../src/core/lv_disp.h ****  */
  78:lvgl/examples/event/../../src/core/lv_disp.h **** lv_obj_t * lv_disp_get_layer_top(lv_disp_t * disp);
  79:lvgl/examples/event/../../src/core/lv_disp.h **** 
  80:lvgl/examples/event/../../src/core/lv_disp.h **** /**
  81:lvgl/examples/event/../../src/core/lv_disp.h ****  * Return with the sys. layer. (Same on every screen and it is above the normal screen and the top
  82:lvgl/examples/event/../../src/core/lv_disp.h ****  * layer)
  83:lvgl/examples/event/../../src/core/lv_disp.h ****  * @param disp pointer to display which sys. layer should be retrieved. (NULL to use the default sc
  84:lvgl/examples/event/../../src/core/lv_disp.h ****  * @return pointer to the sys layer object (transparent screen sized lv_obj)
  85:lvgl/examples/event/../../src/core/lv_disp.h ****  */
  86:lvgl/examples/event/../../src/core/lv_disp.h **** lv_obj_t * lv_disp_get_layer_sys(lv_disp_t * disp);
  87:lvgl/examples/event/../../src/core/lv_disp.h **** 
  88:lvgl/examples/event/../../src/core/lv_disp.h **** /**
  89:lvgl/examples/event/../../src/core/lv_disp.h ****  * Set the theme of a display
  90:lvgl/examples/event/../../src/core/lv_disp.h ****  * @param disp pointer to a display
  91:lvgl/examples/event/../../src/core/lv_disp.h ****  */
  92:lvgl/examples/event/../../src/core/lv_disp.h **** void lv_disp_set_theme(lv_disp_t * disp, lv_theme_t * th);
  93:lvgl/examples/event/../../src/core/lv_disp.h **** 
  94:lvgl/examples/event/../../src/core/lv_disp.h **** /**
  95:lvgl/examples/event/../../src/core/lv_disp.h ****  * Get the theme of a display
  96:lvgl/examples/event/../../src/core/lv_disp.h ****  * @param disp pointer to a display
  97:lvgl/examples/event/../../src/core/lv_disp.h ****  * @return the display's theme (can be NULL)
  98:lvgl/examples/event/../../src/core/lv_disp.h ****  */
  99:lvgl/examples/event/../../src/core/lv_disp.h **** lv_theme_t * lv_disp_get_theme(lv_disp_t * disp);
 100:lvgl/examples/event/../../src/core/lv_disp.h **** 
 101:lvgl/examples/event/../../src/core/lv_disp.h **** /**
 102:lvgl/examples/event/../../src/core/lv_disp.h ****  * Set the background color of a display
 103:lvgl/examples/event/../../src/core/lv_disp.h ****  * @param disp pointer to a display
 104:lvgl/examples/event/../../src/core/lv_disp.h ****  * @param color color of the background
 105:lvgl/examples/event/../../src/core/lv_disp.h ****  */
 106:lvgl/examples/event/../../src/core/lv_disp.h **** void lv_disp_set_bg_color(lv_disp_t * disp, lv_color_t color);
 107:lvgl/examples/event/../../src/core/lv_disp.h **** 
 108:lvgl/examples/event/../../src/core/lv_disp.h **** /**
 109:lvgl/examples/event/../../src/core/lv_disp.h ****  * Set the background image of a display
 110:lvgl/examples/event/../../src/core/lv_disp.h ****  * @param disp pointer to a display
ARM GAS  C:\Users\OSD\AppData\Local\Temp\ccWJZidE.s 			page 5


 111:lvgl/examples/event/../../src/core/lv_disp.h ****  * @param img_src path to file or pointer to an `lv_img_dsc_t` variable
 112:lvgl/examples/event/../../src/core/lv_disp.h ****  */
 113:lvgl/examples/event/../../src/core/lv_disp.h **** void lv_disp_set_bg_image(lv_disp_t * disp, const void  * img_src);
 114:lvgl/examples/event/../../src/core/lv_disp.h **** 
 115:lvgl/examples/event/../../src/core/lv_disp.h **** /**
 116:lvgl/examples/event/../../src/core/lv_disp.h ****  * Set opacity of the background
 117:lvgl/examples/event/../../src/core/lv_disp.h ****  * @param disp pointer to a display
 118:lvgl/examples/event/../../src/core/lv_disp.h ****  * @param opa opacity (0..255)
 119:lvgl/examples/event/../../src/core/lv_disp.h ****  */
 120:lvgl/examples/event/../../src/core/lv_disp.h **** void lv_disp_set_bg_opa(lv_disp_t * disp, lv_opa_t opa);
 121:lvgl/examples/event/../../src/core/lv_disp.h **** 
 122:lvgl/examples/event/../../src/core/lv_disp.h **** /**
 123:lvgl/examples/event/../../src/core/lv_disp.h ****  * Switch screen with animation
 124:lvgl/examples/event/../../src/core/lv_disp.h ****  * @param scr pointer to the new screen to load
 125:lvgl/examples/event/../../src/core/lv_disp.h ****  * @param anim_type type of the animation from `lv_scr_load_anim_t`, e.g. `LV_SCR_LOAD_ANIM_MOVE_LE
 126:lvgl/examples/event/../../src/core/lv_disp.h ****  * @param time time of the animation
 127:lvgl/examples/event/../../src/core/lv_disp.h ****  * @param delay delay before the transition
 128:lvgl/examples/event/../../src/core/lv_disp.h ****  * @param auto_del true: automatically delete the old screen
 129:lvgl/examples/event/../../src/core/lv_disp.h ****  */
 130:lvgl/examples/event/../../src/core/lv_disp.h **** void lv_scr_load_anim(lv_obj_t * scr, lv_scr_load_anim_t anim_type, uint32_t time, uint32_t delay, 
 131:lvgl/examples/event/../../src/core/lv_disp.h **** 
 132:lvgl/examples/event/../../src/core/lv_disp.h **** /**
 133:lvgl/examples/event/../../src/core/lv_disp.h ****  * Get elapsed time since last user activity on a display (e.g. click)
 134:lvgl/examples/event/../../src/core/lv_disp.h ****  * @param disp pointer to a display (NULL to get the overall smallest inactivity)
 135:lvgl/examples/event/../../src/core/lv_disp.h ****  * @return elapsed ticks (milliseconds) since the last activity
 136:lvgl/examples/event/../../src/core/lv_disp.h ****  */
 137:lvgl/examples/event/../../src/core/lv_disp.h **** uint32_t lv_disp_get_inactive_time(const lv_disp_t * disp);
 138:lvgl/examples/event/../../src/core/lv_disp.h **** 
 139:lvgl/examples/event/../../src/core/lv_disp.h **** /**
 140:lvgl/examples/event/../../src/core/lv_disp.h ****  * Manually trigger an activity on a display
 141:lvgl/examples/event/../../src/core/lv_disp.h ****  * @param disp pointer to a display (NULL to use the default display)
 142:lvgl/examples/event/../../src/core/lv_disp.h ****  */
 143:lvgl/examples/event/../../src/core/lv_disp.h **** void lv_disp_trig_activity(lv_disp_t * disp);
 144:lvgl/examples/event/../../src/core/lv_disp.h **** 
 145:lvgl/examples/event/../../src/core/lv_disp.h **** /**
 146:lvgl/examples/event/../../src/core/lv_disp.h ****  * Clean any CPU cache that is related to the display.
 147:lvgl/examples/event/../../src/core/lv_disp.h ****  * @param disp pointer to a display (NULL to use the default display)
 148:lvgl/examples/event/../../src/core/lv_disp.h ****  */
 149:lvgl/examples/event/../../src/core/lv_disp.h **** void lv_disp_clean_dcache(lv_disp_t * disp);
 150:lvgl/examples/event/../../src/core/lv_disp.h **** 
 151:lvgl/examples/event/../../src/core/lv_disp.h **** /**
 152:lvgl/examples/event/../../src/core/lv_disp.h ****  * Temporarily enable and disable the invalidation of the display.
 153:lvgl/examples/event/../../src/core/lv_disp.h ****  * @param disp pointer to a display (NULL to use the default display)
 154:lvgl/examples/event/../../src/core/lv_disp.h ****  * @param en true: enable invalidation; false: invalidation
 155:lvgl/examples/event/../../src/core/lv_disp.h ****  */
 156:lvgl/examples/event/../../src/core/lv_disp.h **** void lv_disp_enable_invalidation(lv_disp_t * disp, bool en);
 157:lvgl/examples/event/../../src/core/lv_disp.h **** 
 158:lvgl/examples/event/../../src/core/lv_disp.h **** /**
 159:lvgl/examples/event/../../src/core/lv_disp.h ****  * Get display invalidation is enabled.
 160:lvgl/examples/event/../../src/core/lv_disp.h ****  * @param disp pointer to a display (NULL to use the default display)
 161:lvgl/examples/event/../../src/core/lv_disp.h ****  * @return return true if invalidation is enabled
 162:lvgl/examples/event/../../src/core/lv_disp.h ****  */
 163:lvgl/examples/event/../../src/core/lv_disp.h **** bool lv_disp_is_invalidation_enabled(lv_disp_t * disp);
 164:lvgl/examples/event/../../src/core/lv_disp.h **** 
 165:lvgl/examples/event/../../src/core/lv_disp.h **** /**
 166:lvgl/examples/event/../../src/core/lv_disp.h ****  * Get a pointer to the screen refresher timer to
 167:lvgl/examples/event/../../src/core/lv_disp.h ****  * modify its parameters with `lv_timer_...` functions.
ARM GAS  C:\Users\OSD\AppData\Local\Temp\ccWJZidE.s 			page 6


 168:lvgl/examples/event/../../src/core/lv_disp.h ****  * @param disp pointer to a display
 169:lvgl/examples/event/../../src/core/lv_disp.h ****  * @return pointer to the display refresher timer. (NULL on error)
 170:lvgl/examples/event/../../src/core/lv_disp.h ****  */
 171:lvgl/examples/event/../../src/core/lv_disp.h **** lv_timer_t * _lv_disp_get_refr_timer(lv_disp_t * disp);
 172:lvgl/examples/event/../../src/core/lv_disp.h **** 
 173:lvgl/examples/event/../../src/core/lv_disp.h **** /*------------------------------------------------
 174:lvgl/examples/event/../../src/core/lv_disp.h ****  * To improve backward compatibility
 175:lvgl/examples/event/../../src/core/lv_disp.h ****  * Recommended only if you have one display
 176:lvgl/examples/event/../../src/core/lv_disp.h ****  *------------------------------------------------*/
 177:lvgl/examples/event/../../src/core/lv_disp.h **** 
 178:lvgl/examples/event/../../src/core/lv_disp.h **** /**
 179:lvgl/examples/event/../../src/core/lv_disp.h ****  * Get the active screen of the default display
 180:lvgl/examples/event/../../src/core/lv_disp.h ****  * @return pointer to the active screen
 181:lvgl/examples/event/../../src/core/lv_disp.h ****  */
 182:lvgl/examples/event/../../src/core/lv_disp.h **** static inline lv_obj_t * lv_scr_act(void)
 100              		.loc 2 182 26 view .LVU16
 101              	.LBB13:
 183:lvgl/examples/event/../../src/core/lv_disp.h **** {
 184:lvgl/examples/event/../../src/core/lv_disp.h ****     return lv_disp_get_scr_act(lv_disp_get_default());
 102              		.loc 2 184 5 view .LVU17
 103              		.loc 2 184 12 is_stmt 0 view .LVU18
 104 0002 FFF7FEFF 		bl	lv_disp_get_default
 105              	.LVL4:
 106 0006 FFF7FEFF 		bl	lv_disp_get_scr_act
 107              	.LVL5:
 108              	.LBE13:
 109              	.LBE12:
 110              		.loc 1 20 22 view .LVU19
 111 000a FFF7FEFF 		bl	lv_btn_create
 112              	.LVL6:
 113 000e 0446     		mov	r4, r0
 114              	.LVL7:
  21:lvgl/examples/event/lv_example_event_1.c ****     lv_obj_set_size(btn, 100, 50);
 115              		.loc 1 21 5 is_stmt 1 view .LVU20
 116 0010 3222     		movs	r2, #50
 117 0012 6421     		movs	r1, #100
 118 0014 FFF7FEFF 		bl	lv_obj_set_size
 119              	.LVL8:
  22:lvgl/examples/event/lv_example_event_1.c ****     lv_obj_center(btn);
 120              		.loc 1 22 5 view .LVU21
 121              	.LBB14:
 122              	.LBI14:
 123              		.file 3 "d:\\kzc\\stm32\\h743ii_lcd\\lvgl\\src\\core\\lv_obj_pos.h"
   1:d:\kzc\stm32\h743ii_lcd\lvgl\src\core\lv_obj_pos.h **** /**
   2:d:\kzc\stm32\h743ii_lcd\lvgl\src\core\lv_obj_pos.h ****  * @file lv_obj_pos.h
   3:d:\kzc\stm32\h743ii_lcd\lvgl\src\core\lv_obj_pos.h ****  *
   4:d:\kzc\stm32\h743ii_lcd\lvgl\src\core\lv_obj_pos.h ****  */
   5:d:\kzc\stm32\h743ii_lcd\lvgl\src\core\lv_obj_pos.h **** 
   6:d:\kzc\stm32\h743ii_lcd\lvgl\src\core\lv_obj_pos.h **** #ifndef LV_OBJ_POS_H
   7:d:\kzc\stm32\h743ii_lcd\lvgl\src\core\lv_obj_pos.h **** #define LV_OBJ_POS_H
   8:d:\kzc\stm32\h743ii_lcd\lvgl\src\core\lv_obj_pos.h **** 
   9:d:\kzc\stm32\h743ii_lcd\lvgl\src\core\lv_obj_pos.h **** #ifdef __cplusplus
  10:d:\kzc\stm32\h743ii_lcd\lvgl\src\core\lv_obj_pos.h **** extern "C" {
  11:d:\kzc\stm32\h743ii_lcd\lvgl\src\core\lv_obj_pos.h **** #endif
  12:d:\kzc\stm32\h743ii_lcd\lvgl\src\core\lv_obj_pos.h **** 
  13:d:\kzc\stm32\h743ii_lcd\lvgl\src\core\lv_obj_pos.h **** /*********************
  14:d:\kzc\stm32\h743ii_lcd\lvgl\src\core\lv_obj_pos.h ****  *      INCLUDES
ARM GAS  C:\Users\OSD\AppData\Local\Temp\ccWJZidE.s 			page 7


  15:d:\kzc\stm32\h743ii_lcd\lvgl\src\core\lv_obj_pos.h ****  *********************/
  16:d:\kzc\stm32\h743ii_lcd\lvgl\src\core\lv_obj_pos.h **** #include "../misc/lv_area.h"
  17:d:\kzc\stm32\h743ii_lcd\lvgl\src\core\lv_obj_pos.h **** 
  18:d:\kzc\stm32\h743ii_lcd\lvgl\src\core\lv_obj_pos.h **** /*********************
  19:d:\kzc\stm32\h743ii_lcd\lvgl\src\core\lv_obj_pos.h ****  *      DEFINES
  20:d:\kzc\stm32\h743ii_lcd\lvgl\src\core\lv_obj_pos.h ****  *********************/
  21:d:\kzc\stm32\h743ii_lcd\lvgl\src\core\lv_obj_pos.h **** 
  22:d:\kzc\stm32\h743ii_lcd\lvgl\src\core\lv_obj_pos.h **** /**********************
  23:d:\kzc\stm32\h743ii_lcd\lvgl\src\core\lv_obj_pos.h ****  *      TYPEDEFS
  24:d:\kzc\stm32\h743ii_lcd\lvgl\src\core\lv_obj_pos.h ****  **********************/
  25:d:\kzc\stm32\h743ii_lcd\lvgl\src\core\lv_obj_pos.h **** struct _lv_obj_t;
  26:d:\kzc\stm32\h743ii_lcd\lvgl\src\core\lv_obj_pos.h **** 
  27:d:\kzc\stm32\h743ii_lcd\lvgl\src\core\lv_obj_pos.h **** typedef void (*lv_layout_update_cb_t)(struct _lv_obj_t *, void * user_data);
  28:d:\kzc\stm32\h743ii_lcd\lvgl\src\core\lv_obj_pos.h **** typedef struct {
  29:d:\kzc\stm32\h743ii_lcd\lvgl\src\core\lv_obj_pos.h ****     lv_layout_update_cb_t cb;
  30:d:\kzc\stm32\h743ii_lcd\lvgl\src\core\lv_obj_pos.h ****     void * user_data;
  31:d:\kzc\stm32\h743ii_lcd\lvgl\src\core\lv_obj_pos.h **** } lv_layout_dsc_t;
  32:d:\kzc\stm32\h743ii_lcd\lvgl\src\core\lv_obj_pos.h **** 
  33:d:\kzc\stm32\h743ii_lcd\lvgl\src\core\lv_obj_pos.h **** /**********************
  34:d:\kzc\stm32\h743ii_lcd\lvgl\src\core\lv_obj_pos.h ****  * GLOBAL PROTOTYPES
  35:d:\kzc\stm32\h743ii_lcd\lvgl\src\core\lv_obj_pos.h ****  **********************/
  36:d:\kzc\stm32\h743ii_lcd\lvgl\src\core\lv_obj_pos.h **** 
  37:d:\kzc\stm32\h743ii_lcd\lvgl\src\core\lv_obj_pos.h **** /**
  38:d:\kzc\stm32\h743ii_lcd\lvgl\src\core\lv_obj_pos.h ****  * Set the position of an object relative to the set alignment.
  39:d:\kzc\stm32\h743ii_lcd\lvgl\src\core\lv_obj_pos.h ****  * @param obj       pointer to an object
  40:d:\kzc\stm32\h743ii_lcd\lvgl\src\core\lv_obj_pos.h ****  * @param x         new x coordinate
  41:d:\kzc\stm32\h743ii_lcd\lvgl\src\core\lv_obj_pos.h ****  * @param y         new y coordinate
  42:d:\kzc\stm32\h743ii_lcd\lvgl\src\core\lv_obj_pos.h ****  * @note            With default alignment it's the distance from the top left corner
  43:d:\kzc\stm32\h743ii_lcd\lvgl\src\core\lv_obj_pos.h ****  * @note            E.g. LV_ALIGN_CENTER alignment it's the offset from the center of the parent
  44:d:\kzc\stm32\h743ii_lcd\lvgl\src\core\lv_obj_pos.h ****  * @note            The position is interpreted on the content area of the parent
  45:d:\kzc\stm32\h743ii_lcd\lvgl\src\core\lv_obj_pos.h ****  * @note            The values can be set in pixel or in percentage of parent size with `lv_pct(v)`
  46:d:\kzc\stm32\h743ii_lcd\lvgl\src\core\lv_obj_pos.h ****  */
  47:d:\kzc\stm32\h743ii_lcd\lvgl\src\core\lv_obj_pos.h **** void lv_obj_set_pos(struct _lv_obj_t * obj, lv_coord_t x, lv_coord_t y);
  48:d:\kzc\stm32\h743ii_lcd\lvgl\src\core\lv_obj_pos.h **** 
  49:d:\kzc\stm32\h743ii_lcd\lvgl\src\core\lv_obj_pos.h **** /**
  50:d:\kzc\stm32\h743ii_lcd\lvgl\src\core\lv_obj_pos.h ****  * Set the x coordinate of an object
  51:d:\kzc\stm32\h743ii_lcd\lvgl\src\core\lv_obj_pos.h ****  * @param obj       pointer to an object
  52:d:\kzc\stm32\h743ii_lcd\lvgl\src\core\lv_obj_pos.h ****  * @param x         new x coordinate
  53:d:\kzc\stm32\h743ii_lcd\lvgl\src\core\lv_obj_pos.h ****  * @note            With default alignment it's the distance from the top left corner
  54:d:\kzc\stm32\h743ii_lcd\lvgl\src\core\lv_obj_pos.h ****  * @note            E.g. LV_ALIGN_CENTER alignment it's the offset from the center of the parent
  55:d:\kzc\stm32\h743ii_lcd\lvgl\src\core\lv_obj_pos.h ****  * @note            The position is interpreted on the content area of the parent
  56:d:\kzc\stm32\h743ii_lcd\lvgl\src\core\lv_obj_pos.h ****  * @note            The values can be set in pixel or in percentage of parent size with `lv_pct(v)`
  57:d:\kzc\stm32\h743ii_lcd\lvgl\src\core\lv_obj_pos.h ****  */
  58:d:\kzc\stm32\h743ii_lcd\lvgl\src\core\lv_obj_pos.h **** void lv_obj_set_x(struct _lv_obj_t * obj, lv_coord_t x);
  59:d:\kzc\stm32\h743ii_lcd\lvgl\src\core\lv_obj_pos.h **** 
  60:d:\kzc\stm32\h743ii_lcd\lvgl\src\core\lv_obj_pos.h **** /**
  61:d:\kzc\stm32\h743ii_lcd\lvgl\src\core\lv_obj_pos.h ****  * Set the y coordinate of an object
  62:d:\kzc\stm32\h743ii_lcd\lvgl\src\core\lv_obj_pos.h ****  * @param obj       pointer to an object
  63:d:\kzc\stm32\h743ii_lcd\lvgl\src\core\lv_obj_pos.h ****  * @param y         new y coordinate
  64:d:\kzc\stm32\h743ii_lcd\lvgl\src\core\lv_obj_pos.h ****  * @note            With default alignment it's the distance from the top left corner
  65:d:\kzc\stm32\h743ii_lcd\lvgl\src\core\lv_obj_pos.h ****  * @note            E.g. LV_ALIGN_CENTER alignment it's the offset from the center of the parent
  66:d:\kzc\stm32\h743ii_lcd\lvgl\src\core\lv_obj_pos.h ****  * @note            The position is interpreted on the content area of the parent
  67:d:\kzc\stm32\h743ii_lcd\lvgl\src\core\lv_obj_pos.h ****  * @note            The values can be set in pixel or in percentage of parent size with `lv_pct(v)`
  68:d:\kzc\stm32\h743ii_lcd\lvgl\src\core\lv_obj_pos.h ****  */
  69:d:\kzc\stm32\h743ii_lcd\lvgl\src\core\lv_obj_pos.h **** void lv_obj_set_y(struct _lv_obj_t * obj, lv_coord_t y);
  70:d:\kzc\stm32\h743ii_lcd\lvgl\src\core\lv_obj_pos.h **** 
  71:d:\kzc\stm32\h743ii_lcd\lvgl\src\core\lv_obj_pos.h **** /**
ARM GAS  C:\Users\OSD\AppData\Local\Temp\ccWJZidE.s 			page 8


  72:d:\kzc\stm32\h743ii_lcd\lvgl\src\core\lv_obj_pos.h ****  * Set the size of an object.
  73:d:\kzc\stm32\h743ii_lcd\lvgl\src\core\lv_obj_pos.h ****  * @param obj       pointer to an object
  74:d:\kzc\stm32\h743ii_lcd\lvgl\src\core\lv_obj_pos.h ****  * @param w         the new width
  75:d:\kzc\stm32\h743ii_lcd\lvgl\src\core\lv_obj_pos.h ****  * @param h         the new height
  76:d:\kzc\stm32\h743ii_lcd\lvgl\src\core\lv_obj_pos.h ****  * @note            possible values are:
  77:d:\kzc\stm32\h743ii_lcd\lvgl\src\core\lv_obj_pos.h ****  *                  pixel               simple set the size accordingly
  78:d:\kzc\stm32\h743ii_lcd\lvgl\src\core\lv_obj_pos.h ****  *                  LV_SIZE_CONTENT     set the size to involve all children in the given direction
  79:d:\kzc\stm32\h743ii_lcd\lvgl\src\core\lv_obj_pos.h ****  *                  LV_SIZE_PCT(x)     to set size in percentage of the parent's content area size 
  80:d:\kzc\stm32\h743ii_lcd\lvgl\src\core\lv_obj_pos.h ****  *                                      x should be in [0..1000]% range
  81:d:\kzc\stm32\h743ii_lcd\lvgl\src\core\lv_obj_pos.h ****  */
  82:d:\kzc\stm32\h743ii_lcd\lvgl\src\core\lv_obj_pos.h **** void lv_obj_set_size(struct _lv_obj_t * obj, lv_coord_t w, lv_coord_t h);
  83:d:\kzc\stm32\h743ii_lcd\lvgl\src\core\lv_obj_pos.h **** 
  84:d:\kzc\stm32\h743ii_lcd\lvgl\src\core\lv_obj_pos.h **** /**
  85:d:\kzc\stm32\h743ii_lcd\lvgl\src\core\lv_obj_pos.h ****  * Recalculate the size of the object
  86:d:\kzc\stm32\h743ii_lcd\lvgl\src\core\lv_obj_pos.h ****  * @param obj       pointer to an object
  87:d:\kzc\stm32\h743ii_lcd\lvgl\src\core\lv_obj_pos.h ****  * @return          true: the size has been changed
  88:d:\kzc\stm32\h743ii_lcd\lvgl\src\core\lv_obj_pos.h ****  */
  89:d:\kzc\stm32\h743ii_lcd\lvgl\src\core\lv_obj_pos.h **** bool lv_obj_refr_size(struct _lv_obj_t * obj);
  90:d:\kzc\stm32\h743ii_lcd\lvgl\src\core\lv_obj_pos.h **** 
  91:d:\kzc\stm32\h743ii_lcd\lvgl\src\core\lv_obj_pos.h **** /**
  92:d:\kzc\stm32\h743ii_lcd\lvgl\src\core\lv_obj_pos.h ****  * Set the width of an object
  93:d:\kzc\stm32\h743ii_lcd\lvgl\src\core\lv_obj_pos.h ****  * @param obj       pointer to an object
  94:d:\kzc\stm32\h743ii_lcd\lvgl\src\core\lv_obj_pos.h ****  * @param w         the new width
  95:d:\kzc\stm32\h743ii_lcd\lvgl\src\core\lv_obj_pos.h ****  * @note            possible values are:
  96:d:\kzc\stm32\h743ii_lcd\lvgl\src\core\lv_obj_pos.h ****  *                  pixel               simple set the size accordingly
  97:d:\kzc\stm32\h743ii_lcd\lvgl\src\core\lv_obj_pos.h ****  *                  LV_SIZE_CONTENT     set the size to involve all children in the given direction
  98:d:\kzc\stm32\h743ii_lcd\lvgl\src\core\lv_obj_pos.h ****  *                  lv_pct(x)           to set size in percentage of the parent's content area size
  99:d:\kzc\stm32\h743ii_lcd\lvgl\src\core\lv_obj_pos.h ****  *                                      x should be in [0..1000]% range
 100:d:\kzc\stm32\h743ii_lcd\lvgl\src\core\lv_obj_pos.h ****  */
 101:d:\kzc\stm32\h743ii_lcd\lvgl\src\core\lv_obj_pos.h **** void lv_obj_set_width(struct _lv_obj_t * obj, lv_coord_t w);
 102:d:\kzc\stm32\h743ii_lcd\lvgl\src\core\lv_obj_pos.h **** 
 103:d:\kzc\stm32\h743ii_lcd\lvgl\src\core\lv_obj_pos.h **** /**
 104:d:\kzc\stm32\h743ii_lcd\lvgl\src\core\lv_obj_pos.h ****  * Set the height of an object
 105:d:\kzc\stm32\h743ii_lcd\lvgl\src\core\lv_obj_pos.h ****  * @param obj       pointer to an object
 106:d:\kzc\stm32\h743ii_lcd\lvgl\src\core\lv_obj_pos.h ****  * @param h         the new height
 107:d:\kzc\stm32\h743ii_lcd\lvgl\src\core\lv_obj_pos.h ****  * @note            possible values are:
 108:d:\kzc\stm32\h743ii_lcd\lvgl\src\core\lv_obj_pos.h ****  *                  pixel               simple set the size accordingly
 109:d:\kzc\stm32\h743ii_lcd\lvgl\src\core\lv_obj_pos.h ****  *                  LV_SIZE_CONTENT     set the size to involve all children in the given direction
 110:d:\kzc\stm32\h743ii_lcd\lvgl\src\core\lv_obj_pos.h ****  *                  lv_pct(x)           to set size in percentage of the parent's content area size
 111:d:\kzc\stm32\h743ii_lcd\lvgl\src\core\lv_obj_pos.h ****  *                                      x should be in [0..1000]% range
 112:d:\kzc\stm32\h743ii_lcd\lvgl\src\core\lv_obj_pos.h ****  */
 113:d:\kzc\stm32\h743ii_lcd\lvgl\src\core\lv_obj_pos.h **** void lv_obj_set_height(struct _lv_obj_t * obj, lv_coord_t h);
 114:d:\kzc\stm32\h743ii_lcd\lvgl\src\core\lv_obj_pos.h **** 
 115:d:\kzc\stm32\h743ii_lcd\lvgl\src\core\lv_obj_pos.h **** /**
 116:d:\kzc\stm32\h743ii_lcd\lvgl\src\core\lv_obj_pos.h ****  * Set the width reduced by the left and right padding and the border width.
 117:d:\kzc\stm32\h743ii_lcd\lvgl\src\core\lv_obj_pos.h ****  * @param obj       pointer to an object
 118:d:\kzc\stm32\h743ii_lcd\lvgl\src\core\lv_obj_pos.h ****  * @param w         the width without paddings in pixels
 119:d:\kzc\stm32\h743ii_lcd\lvgl\src\core\lv_obj_pos.h ****  */
 120:d:\kzc\stm32\h743ii_lcd\lvgl\src\core\lv_obj_pos.h **** void lv_obj_set_content_width(struct _lv_obj_t * obj, lv_coord_t w);
 121:d:\kzc\stm32\h743ii_lcd\lvgl\src\core\lv_obj_pos.h **** 
 122:d:\kzc\stm32\h743ii_lcd\lvgl\src\core\lv_obj_pos.h **** /**
 123:d:\kzc\stm32\h743ii_lcd\lvgl\src\core\lv_obj_pos.h ****  * Set the height reduced by the top and bottom padding and the border width.
 124:d:\kzc\stm32\h743ii_lcd\lvgl\src\core\lv_obj_pos.h ****  * @param obj       pointer to an object
 125:d:\kzc\stm32\h743ii_lcd\lvgl\src\core\lv_obj_pos.h ****  * @param h         the height without paddings in pixels
 126:d:\kzc\stm32\h743ii_lcd\lvgl\src\core\lv_obj_pos.h ****  */
 127:d:\kzc\stm32\h743ii_lcd\lvgl\src\core\lv_obj_pos.h **** void lv_obj_set_content_height(struct _lv_obj_t * obj, lv_coord_t h);
 128:d:\kzc\stm32\h743ii_lcd\lvgl\src\core\lv_obj_pos.h **** 
ARM GAS  C:\Users\OSD\AppData\Local\Temp\ccWJZidE.s 			page 9


 129:d:\kzc\stm32\h743ii_lcd\lvgl\src\core\lv_obj_pos.h **** /**
 130:d:\kzc\stm32\h743ii_lcd\lvgl\src\core\lv_obj_pos.h ****  * Set a layout for an object
 131:d:\kzc\stm32\h743ii_lcd\lvgl\src\core\lv_obj_pos.h ****  * @param obj       pointer to an object
 132:d:\kzc\stm32\h743ii_lcd\lvgl\src\core\lv_obj_pos.h ****  * @param layout    pointer to a layout descriptor to set
 133:d:\kzc\stm32\h743ii_lcd\lvgl\src\core\lv_obj_pos.h ****  */
 134:d:\kzc\stm32\h743ii_lcd\lvgl\src\core\lv_obj_pos.h **** void lv_obj_set_layout(struct _lv_obj_t * obj, uint32_t layout);
 135:d:\kzc\stm32\h743ii_lcd\lvgl\src\core\lv_obj_pos.h **** 
 136:d:\kzc\stm32\h743ii_lcd\lvgl\src\core\lv_obj_pos.h **** /**
 137:d:\kzc\stm32\h743ii_lcd\lvgl\src\core\lv_obj_pos.h ****  * Test whether the and object is positioned by a layout or not
 138:d:\kzc\stm32\h743ii_lcd\lvgl\src\core\lv_obj_pos.h ****  * @param obj       pointer to an object to test
 139:d:\kzc\stm32\h743ii_lcd\lvgl\src\core\lv_obj_pos.h ****  * @return true:    positioned by a layout; false: not positioned by a layout
 140:d:\kzc\stm32\h743ii_lcd\lvgl\src\core\lv_obj_pos.h ****  */
 141:d:\kzc\stm32\h743ii_lcd\lvgl\src\core\lv_obj_pos.h **** bool lv_obj_is_layout_positioned(const struct _lv_obj_t * obj);
 142:d:\kzc\stm32\h743ii_lcd\lvgl\src\core\lv_obj_pos.h **** 
 143:d:\kzc\stm32\h743ii_lcd\lvgl\src\core\lv_obj_pos.h **** /**
 144:d:\kzc\stm32\h743ii_lcd\lvgl\src\core\lv_obj_pos.h ****  * Mark the object for layout update.
 145:d:\kzc\stm32\h743ii_lcd\lvgl\src\core\lv_obj_pos.h ****  * @param obj      pointer to an object whose children needs to be updated
 146:d:\kzc\stm32\h743ii_lcd\lvgl\src\core\lv_obj_pos.h ****  */
 147:d:\kzc\stm32\h743ii_lcd\lvgl\src\core\lv_obj_pos.h **** void lv_obj_mark_layout_as_dirty(struct _lv_obj_t * obj);
 148:d:\kzc\stm32\h743ii_lcd\lvgl\src\core\lv_obj_pos.h **** 
 149:d:\kzc\stm32\h743ii_lcd\lvgl\src\core\lv_obj_pos.h **** /**
 150:d:\kzc\stm32\h743ii_lcd\lvgl\src\core\lv_obj_pos.h ****  * Update the layout of an object.
 151:d:\kzc\stm32\h743ii_lcd\lvgl\src\core\lv_obj_pos.h ****  * @param obj      pointer to an object whose children needs to be updated
 152:d:\kzc\stm32\h743ii_lcd\lvgl\src\core\lv_obj_pos.h ****  */
 153:d:\kzc\stm32\h743ii_lcd\lvgl\src\core\lv_obj_pos.h **** void lv_obj_update_layout(const struct _lv_obj_t * obj);
 154:d:\kzc\stm32\h743ii_lcd\lvgl\src\core\lv_obj_pos.h **** 
 155:d:\kzc\stm32\h743ii_lcd\lvgl\src\core\lv_obj_pos.h **** /**
 156:d:\kzc\stm32\h743ii_lcd\lvgl\src\core\lv_obj_pos.h ****  * Register a new layout
 157:d:\kzc\stm32\h743ii_lcd\lvgl\src\core\lv_obj_pos.h ****  * @param cb        the layout update callback
 158:d:\kzc\stm32\h743ii_lcd\lvgl\src\core\lv_obj_pos.h ****  * @param user_data custom data that will be passed to `cb`
 159:d:\kzc\stm32\h743ii_lcd\lvgl\src\core\lv_obj_pos.h ****  * @return          the ID of the new layout
 160:d:\kzc\stm32\h743ii_lcd\lvgl\src\core\lv_obj_pos.h ****  */
 161:d:\kzc\stm32\h743ii_lcd\lvgl\src\core\lv_obj_pos.h **** uint32_t lv_layout_register(lv_layout_update_cb_t cb, void * user_data);
 162:d:\kzc\stm32\h743ii_lcd\lvgl\src\core\lv_obj_pos.h **** 
 163:d:\kzc\stm32\h743ii_lcd\lvgl\src\core\lv_obj_pos.h **** /**
 164:d:\kzc\stm32\h743ii_lcd\lvgl\src\core\lv_obj_pos.h ****  * Change the alignment of an object.
 165:d:\kzc\stm32\h743ii_lcd\lvgl\src\core\lv_obj_pos.h ****  * @param obj       pointer to an object to align
 166:d:\kzc\stm32\h743ii_lcd\lvgl\src\core\lv_obj_pos.h ****  * @param align     type of alignment (see 'lv_align_t' enum) `LV_ALIGN_OUT_...` can't be used.
 167:d:\kzc\stm32\h743ii_lcd\lvgl\src\core\lv_obj_pos.h ****  */
 168:d:\kzc\stm32\h743ii_lcd\lvgl\src\core\lv_obj_pos.h **** void lv_obj_set_align(struct _lv_obj_t * obj, lv_align_t align);
 169:d:\kzc\stm32\h743ii_lcd\lvgl\src\core\lv_obj_pos.h **** 
 170:d:\kzc\stm32\h743ii_lcd\lvgl\src\core\lv_obj_pos.h **** /**
 171:d:\kzc\stm32\h743ii_lcd\lvgl\src\core\lv_obj_pos.h ****  * Change the alignment of an object and set new coordinates.
 172:d:\kzc\stm32\h743ii_lcd\lvgl\src\core\lv_obj_pos.h ****  * Equivalent to:
 173:d:\kzc\stm32\h743ii_lcd\lvgl\src\core\lv_obj_pos.h ****  * lv_obj_set_align(obj, align);
 174:d:\kzc\stm32\h743ii_lcd\lvgl\src\core\lv_obj_pos.h ****  * lv_obj_set_pos(obj, x_ofs, y_ofs);
 175:d:\kzc\stm32\h743ii_lcd\lvgl\src\core\lv_obj_pos.h ****  * @param obj       pointer to an object to align
 176:d:\kzc\stm32\h743ii_lcd\lvgl\src\core\lv_obj_pos.h ****  * @param align     type of alignment (see 'lv_align_t' enum) `LV_ALIGN_OUT_...` can't be used.
 177:d:\kzc\stm32\h743ii_lcd\lvgl\src\core\lv_obj_pos.h ****  * @param x_ofs     x coordinate offset after alignment
 178:d:\kzc\stm32\h743ii_lcd\lvgl\src\core\lv_obj_pos.h ****  * @param y_ofs     y coordinate offset after alignment
 179:d:\kzc\stm32\h743ii_lcd\lvgl\src\core\lv_obj_pos.h ****  */
 180:d:\kzc\stm32\h743ii_lcd\lvgl\src\core\lv_obj_pos.h **** void lv_obj_align(struct _lv_obj_t * obj, lv_align_t align, lv_coord_t x_ofs, lv_coord_t y_ofs);
 181:d:\kzc\stm32\h743ii_lcd\lvgl\src\core\lv_obj_pos.h **** 
 182:d:\kzc\stm32\h743ii_lcd\lvgl\src\core\lv_obj_pos.h **** /**
 183:d:\kzc\stm32\h743ii_lcd\lvgl\src\core\lv_obj_pos.h ****  * Align an object to an other object.
 184:d:\kzc\stm32\h743ii_lcd\lvgl\src\core\lv_obj_pos.h ****  * @param obj       pointer to an object to align
 185:d:\kzc\stm32\h743ii_lcd\lvgl\src\core\lv_obj_pos.h ****  * @param base      pointer to an other object (if NULL `obj`s parent is used). 'obj' will be align
ARM GAS  C:\Users\OSD\AppData\Local\Temp\ccWJZidE.s 			page 10


 186:d:\kzc\stm32\h743ii_lcd\lvgl\src\core\lv_obj_pos.h ****  * @param align     type of alignment (see 'lv_align_t' enum)
 187:d:\kzc\stm32\h743ii_lcd\lvgl\src\core\lv_obj_pos.h ****  * @param x_ofs     x coordinate offset after alignment
 188:d:\kzc\stm32\h743ii_lcd\lvgl\src\core\lv_obj_pos.h ****  * @param y_ofs     y coordinate offset after alignment
 189:d:\kzc\stm32\h743ii_lcd\lvgl\src\core\lv_obj_pos.h ****  * @note            if the position or size of `base` changes `obj` needs to be aligned manually ag
 190:d:\kzc\stm32\h743ii_lcd\lvgl\src\core\lv_obj_pos.h ****  */
 191:d:\kzc\stm32\h743ii_lcd\lvgl\src\core\lv_obj_pos.h **** void lv_obj_align_to(struct _lv_obj_t * obj, const struct _lv_obj_t * base, lv_align_t align, lv_co
 192:d:\kzc\stm32\h743ii_lcd\lvgl\src\core\lv_obj_pos.h ****                      lv_coord_t y_ofs);
 193:d:\kzc\stm32\h743ii_lcd\lvgl\src\core\lv_obj_pos.h **** 
 194:d:\kzc\stm32\h743ii_lcd\lvgl\src\core\lv_obj_pos.h **** /**
 195:d:\kzc\stm32\h743ii_lcd\lvgl\src\core\lv_obj_pos.h ****  * Align an object to the center on its parent.
 196:d:\kzc\stm32\h743ii_lcd\lvgl\src\core\lv_obj_pos.h ****  * @param obj       pointer to an object to align
 197:d:\kzc\stm32\h743ii_lcd\lvgl\src\core\lv_obj_pos.h ****  * @note            if the parent size changes `obj` needs to be aligned manually again
 198:d:\kzc\stm32\h743ii_lcd\lvgl\src\core\lv_obj_pos.h ****  */
 199:d:\kzc\stm32\h743ii_lcd\lvgl\src\core\lv_obj_pos.h **** static inline void lv_obj_center(struct _lv_obj_t * obj)
 124              		.loc 3 199 20 view .LVU22
 125              	.LBB15:
 200:d:\kzc\stm32\h743ii_lcd\lvgl\src\core\lv_obj_pos.h **** {
 201:d:\kzc\stm32\h743ii_lcd\lvgl\src\core\lv_obj_pos.h ****     lv_obj_align(obj, LV_ALIGN_CENTER, 0, 0);
 126              		.loc 3 201 5 view .LVU23
 127 0018 0023     		movs	r3, #0
 128 001a 1A46     		mov	r2, r3
 129 001c 0921     		movs	r1, #9
 130 001e 2046     		mov	r0, r4
 131 0020 FFF7FEFF 		bl	lv_obj_align
 132              	.LVL9:
 133              		.loc 3 201 5 is_stmt 0 view .LVU24
 134              	.LBE15:
 135              	.LBE14:
  23:lvgl/examples/event/lv_example_event_1.c ****     lv_obj_add_event_cb(btn, event_cb, LV_EVENT_CLICKED, NULL);
 136              		.loc 1 23 5 is_stmt 1 view .LVU25
 137 0024 0023     		movs	r3, #0
 138 0026 0722     		movs	r2, #7
 139 0028 0849     		ldr	r1, .L7
 140 002a 2046     		mov	r0, r4
 141 002c FFF7FEFF 		bl	lv_obj_add_event_cb
 142              	.LVL10:
  24:lvgl/examples/event/lv_example_event_1.c **** 
  25:lvgl/examples/event/lv_example_event_1.c ****     lv_obj_t * label = lv_label_create(btn);
 143              		.loc 1 25 5 view .LVU26
 144              		.loc 1 25 24 is_stmt 0 view .LVU27
 145 0030 2046     		mov	r0, r4
 146 0032 FFF7FEFF 		bl	lv_label_create
 147              	.LVL11:
 148 0036 0446     		mov	r4, r0
 149              	.LVL12:
  26:lvgl/examples/event/lv_example_event_1.c ****     lv_label_set_text(label, "Click me!");
 150              		.loc 1 26 5 is_stmt 1 view .LVU28
 151 0038 0549     		ldr	r1, .L7+4
 152 003a FFF7FEFF 		bl	lv_label_set_text
 153              	.LVL13:
  27:lvgl/examples/event/lv_example_event_1.c ****     lv_obj_center(label);
 154              		.loc 1 27 5 view .LVU29
 155              	.LBB16:
 156              	.LBI16:
 199:d:\kzc\stm32\h743ii_lcd\lvgl\src\core\lv_obj_pos.h **** {
 157              		.loc 3 199 20 view .LVU30
 158              	.LBB17:
ARM GAS  C:\Users\OSD\AppData\Local\Temp\ccWJZidE.s 			page 11


 159              		.loc 3 201 5 view .LVU31
 160 003e 0023     		movs	r3, #0
 161 0040 1A46     		mov	r2, r3
 162 0042 0921     		movs	r1, #9
 163 0044 2046     		mov	r0, r4
 164 0046 FFF7FEFF 		bl	lv_obj_align
 165              	.LVL14:
 166              		.loc 3 201 5 is_stmt 0 view .LVU32
 167              	.LBE17:
 168              	.LBE16:
  28:lvgl/examples/event/lv_example_event_1.c **** }
 169              		.loc 1 28 1 view .LVU33
 170 004a 10BD     		pop	{r4, pc}
 171              	.LVL15:
 172              	.L8:
 173              		.loc 1 28 1 view .LVU34
 174              		.align	2
 175              	.L7:
 176 004c 00000000 		.word	event_cb
 177 0050 00000000 		.word	.LC1
 178              		.cfi_endproc
 179              	.LFE205:
 181              		.section	.data.cnt.0,"aw"
 182              		.align	2
 183              		.set	.LANCHOR0,. + 0
 186              	cnt.0:
 187 0000 01000000 		.word	1
 188              		.text
 189              	.Letext0:
 190              		.file 4 "c:\\tools\\gcc-arm-none-eabi\\arm-none-eabi\\include\\machine\\_default_types.h"
 191              		.file 5 "c:\\tools\\gcc-arm-none-eabi\\arm-none-eabi\\include\\sys\\_stdint.h"
 192              		.file 6 "d:\\kzc\\stm32\\h743ii_lcd\\lvgl\\src\\misc\\lv_area.h"
 193              		.file 7 "d:\\kzc\\stm32\\h743ii_lcd\\lvgl\\src\\misc\\lv_color.h"
 194              		.file 8 "d:\\kzc\\stm32\\h743ii_lcd\\lvgl\\src\\misc\\lv_style.h"
 195              		.file 9 "lvgl/examples/event/../../src/core/lv_obj.h"
 196              		.file 10 "d:\\kzc\\stm32\\h743ii_lcd\\lvgl\\src\\misc\\lv_ll.h"
 197              		.file 11 "lvgl/examples/event/../../src/core/lv_group.h"
 198              		.file 12 "lvgl/examples/event/../../src/core/lv_obj_scroll.h"
 199              		.file 13 "lvgl/examples/event/../../src/core/lv_obj_style.h"
 200              		.file 14 "lvgl/examples/event/../../src/core/lv_obj_class.h"
 201              		.file 15 "lvgl/examples/event/../../src/core/lv_event.h"
 202              		.file 16 "lvgl/examples/event/../../src/hal/lv_hal_disp.h"
 203              		.file 17 "lvgl/examples/event/../../src/widgets/lv_btn.h"
 204              		.file 18 "lvgl/examples/event/../../src/widgets/lv_label.h"
 205              		.file 19 "lvgl/examples/event/../../src/core/lv_obj_tree.h"
ARM GAS  C:\Users\OSD\AppData\Local\Temp\ccWJZidE.s 			page 12


DEFINED SYMBOLS
                            *ABS*:00000000 lv_example_event_1.c
C:\Users\OSD\AppData\Local\Temp\ccWJZidE.s:19     .rodata.event_cb.str1.4:00000000 $d
C:\Users\OSD\AppData\Local\Temp\ccWJZidE.s:23     .text.event_cb:00000000 $t
C:\Users\OSD\AppData\Local\Temp\ccWJZidE.s:28     .text.event_cb:00000000 event_cb
C:\Users\OSD\AppData\Local\Temp\ccWJZidE.s:70     .text.event_cb:00000020 $d
C:\Users\OSD\AppData\Local\Temp\ccWJZidE.s:76     .rodata.lv_example_event_1.str1.4:00000000 $d
C:\Users\OSD\AppData\Local\Temp\ccWJZidE.s:80     .text.lv_example_event_1:00000000 $t
C:\Users\OSD\AppData\Local\Temp\ccWJZidE.s:86     .text.lv_example_event_1:00000000 lv_example_event_1
C:\Users\OSD\AppData\Local\Temp\ccWJZidE.s:176    .text.lv_example_event_1:0000004c $d
C:\Users\OSD\AppData\Local\Temp\ccWJZidE.s:182    .data.cnt.0:00000000 $d
C:\Users\OSD\AppData\Local\Temp\ccWJZidE.s:186    .data.cnt.0:00000000 cnt.0

UNDEFINED SYMBOLS
lv_event_get_target
lv_obj_get_child
lv_label_set_text_fmt
lv_disp_get_default
lv_disp_get_scr_act
lv_btn_create
lv_obj_set_size
lv_obj_align
lv_obj_add_event_cb
lv_label_create
lv_label_set_text
