ARM GAS  C:\Users\OSD\AppData\Local\Temp\cceLKsFk.s 			page 1


   1              		.cpu cortex-m7
   2              		.arch armv7e-m
   3              		.fpu fpv5-d16
   4              		.eabi_attribute 28, 1
   5              		.eabi_attribute 20, 1
   6              		.eabi_attribute 21, 1
   7              		.eabi_attribute 23, 3
   8              		.eabi_attribute 24, 1
   9              		.eabi_attribute 25, 1
  10              		.eabi_attribute 26, 1
  11              		.eabi_attribute 30, 1
  12              		.eabi_attribute 34, 1
  13              		.eabi_attribute 18, 4
  14              		.file	"lv_example_style_9.c"
  15              		.text
  16              	.Ltext0:
  17              		.cfi_sections	.debug_frame
  18              		.section	.text.lv_example_style_9,"ax",%progbits
  19              		.align	1
  20              		.global	lv_example_style_9
  21              		.syntax unified
  22              		.thumb
  23              		.thumb_func
  25              	lv_example_style_9:
  26              	.LFB204:
  27              		.file 1 "lvgl/examples/styles/lv_example_style_9.c"
   1:lvgl/examples/styles/lv_example_style_9.c **** #include "../lv_examples.h"
   2:lvgl/examples/styles/lv_example_style_9.c **** #if LV_BUILD_EXAMPLES && LV_USE_LINE
   3:lvgl/examples/styles/lv_example_style_9.c **** 
   4:lvgl/examples/styles/lv_example_style_9.c **** /**
   5:lvgl/examples/styles/lv_example_style_9.c ****  * Using the line style properties
   6:lvgl/examples/styles/lv_example_style_9.c ****  */
   7:lvgl/examples/styles/lv_example_style_9.c **** void lv_example_style_9(void)
   8:lvgl/examples/styles/lv_example_style_9.c **** {
  28              		.loc 1 8 1 view -0
  29              		.cfi_startproc
  30              		@ args = 0, pretend = 0, frame = 0
  31              		@ frame_needed = 0, uses_anonymous_args = 0
  32 0000 38B5     		push	{r3, r4, r5, lr}
  33              		.cfi_def_cfa_offset 16
  34              		.cfi_offset 3, -16
  35              		.cfi_offset 4, -12
  36              		.cfi_offset 5, -8
  37              		.cfi_offset 14, -4
   9:lvgl/examples/styles/lv_example_style_9.c ****     static lv_style_t style;
  38              		.loc 1 9 5 view .LVU1
  10:lvgl/examples/styles/lv_example_style_9.c ****     lv_style_init(&style);
  39              		.loc 1 10 5 view .LVU2
  40 0002 154C     		ldr	r4, .L3
  41 0004 2046     		mov	r0, r4
  42 0006 FFF7FEFF 		bl	lv_style_init
  43              	.LVL0:
  11:lvgl/examples/styles/lv_example_style_9.c **** 
  12:lvgl/examples/styles/lv_example_style_9.c ****     lv_style_set_line_color(&style, lv_palette_main(LV_PALETTE_GREY));
  44              		.loc 1 12 5 view .LVU3
  45 000a 1220     		movs	r0, #18
  46 000c FFF7FEFF 		bl	lv_palette_main
ARM GAS  C:\Users\OSD\AppData\Local\Temp\cceLKsFk.s 			page 2


  47              	.LVL1:
  48 0010 0146     		mov	r1, r0
  49 0012 2046     		mov	r0, r4
  50 0014 FFF7FEFF 		bl	lv_style_set_line_color
  51              	.LVL2:
  13:lvgl/examples/styles/lv_example_style_9.c ****     lv_style_set_line_width(&style, 6);
  52              		.loc 1 13 5 view .LVU4
  53 0018 0621     		movs	r1, #6
  54 001a 2046     		mov	r0, r4
  55 001c FFF7FEFF 		bl	lv_style_set_line_width
  56              	.LVL3:
  14:lvgl/examples/styles/lv_example_style_9.c ****     lv_style_set_line_rounded(&style, true);
  57              		.loc 1 14 5 view .LVU5
  58 0020 0121     		movs	r1, #1
  59 0022 2046     		mov	r0, r4
  60 0024 FFF7FEFF 		bl	lv_style_set_line_rounded
  61              	.LVL4:
  15:lvgl/examples/styles/lv_example_style_9.c **** 
  16:lvgl/examples/styles/lv_example_style_9.c ****     /*Create an object with the new style*/
  17:lvgl/examples/styles/lv_example_style_9.c ****     lv_obj_t * obj = lv_line_create(lv_scr_act());
  62              		.loc 1 17 5 view .LVU6
  63              	.LBB8:
  64              	.LBI8:
  65              		.file 2 "lvgl/examples/styles/../../src/core/lv_disp.h"
   1:lvgl/examples/styles/../../src/core/lv_disp.h **** /**
   2:lvgl/examples/styles/../../src/core/lv_disp.h ****  * @file lv_disp.h
   3:lvgl/examples/styles/../../src/core/lv_disp.h ****  *
   4:lvgl/examples/styles/../../src/core/lv_disp.h ****  */
   5:lvgl/examples/styles/../../src/core/lv_disp.h **** 
   6:lvgl/examples/styles/../../src/core/lv_disp.h **** #ifndef LV_DISP_H
   7:lvgl/examples/styles/../../src/core/lv_disp.h **** #define LV_DISP_H
   8:lvgl/examples/styles/../../src/core/lv_disp.h **** 
   9:lvgl/examples/styles/../../src/core/lv_disp.h **** #ifdef __cplusplus
  10:lvgl/examples/styles/../../src/core/lv_disp.h **** extern "C" {
  11:lvgl/examples/styles/../../src/core/lv_disp.h **** #endif
  12:lvgl/examples/styles/../../src/core/lv_disp.h **** 
  13:lvgl/examples/styles/../../src/core/lv_disp.h **** /*********************
  14:lvgl/examples/styles/../../src/core/lv_disp.h ****  *      INCLUDES
  15:lvgl/examples/styles/../../src/core/lv_disp.h ****  *********************/
  16:lvgl/examples/styles/../../src/core/lv_disp.h **** #include "../hal/lv_hal.h"
  17:lvgl/examples/styles/../../src/core/lv_disp.h **** #include "lv_obj.h"
  18:lvgl/examples/styles/../../src/core/lv_disp.h **** #include "lv_theme.h"
  19:lvgl/examples/styles/../../src/core/lv_disp.h **** 
  20:lvgl/examples/styles/../../src/core/lv_disp.h **** /*********************
  21:lvgl/examples/styles/../../src/core/lv_disp.h ****  *      DEFINES
  22:lvgl/examples/styles/../../src/core/lv_disp.h ****  *********************/
  23:lvgl/examples/styles/../../src/core/lv_disp.h **** 
  24:lvgl/examples/styles/../../src/core/lv_disp.h **** /**********************
  25:lvgl/examples/styles/../../src/core/lv_disp.h ****  *      TYPEDEFS
  26:lvgl/examples/styles/../../src/core/lv_disp.h ****  **********************/
  27:lvgl/examples/styles/../../src/core/lv_disp.h **** 
  28:lvgl/examples/styles/../../src/core/lv_disp.h **** typedef enum {
  29:lvgl/examples/styles/../../src/core/lv_disp.h ****     LV_SCR_LOAD_ANIM_NONE,
  30:lvgl/examples/styles/../../src/core/lv_disp.h ****     LV_SCR_LOAD_ANIM_OVER_LEFT,
  31:lvgl/examples/styles/../../src/core/lv_disp.h ****     LV_SCR_LOAD_ANIM_OVER_RIGHT,
  32:lvgl/examples/styles/../../src/core/lv_disp.h ****     LV_SCR_LOAD_ANIM_OVER_TOP,
  33:lvgl/examples/styles/../../src/core/lv_disp.h ****     LV_SCR_LOAD_ANIM_OVER_BOTTOM,
ARM GAS  C:\Users\OSD\AppData\Local\Temp\cceLKsFk.s 			page 3


  34:lvgl/examples/styles/../../src/core/lv_disp.h ****     LV_SCR_LOAD_ANIM_MOVE_LEFT,
  35:lvgl/examples/styles/../../src/core/lv_disp.h ****     LV_SCR_LOAD_ANIM_MOVE_RIGHT,
  36:lvgl/examples/styles/../../src/core/lv_disp.h ****     LV_SCR_LOAD_ANIM_MOVE_TOP,
  37:lvgl/examples/styles/../../src/core/lv_disp.h ****     LV_SCR_LOAD_ANIM_MOVE_BOTTOM,
  38:lvgl/examples/styles/../../src/core/lv_disp.h ****     LV_SCR_LOAD_ANIM_FADE_IN,
  39:lvgl/examples/styles/../../src/core/lv_disp.h ****     LV_SCR_LOAD_ANIM_FADE_ON = LV_SCR_LOAD_ANIM_FADE_IN, /*For backward compatibility*/
  40:lvgl/examples/styles/../../src/core/lv_disp.h ****     LV_SCR_LOAD_ANIM_FADE_OUT,
  41:lvgl/examples/styles/../../src/core/lv_disp.h ****     LV_SCR_LOAD_ANIM_OUT_LEFT,
  42:lvgl/examples/styles/../../src/core/lv_disp.h ****     LV_SCR_LOAD_ANIM_OUT_RIGHT,
  43:lvgl/examples/styles/../../src/core/lv_disp.h ****     LV_SCR_LOAD_ANIM_OUT_TOP,
  44:lvgl/examples/styles/../../src/core/lv_disp.h ****     LV_SCR_LOAD_ANIM_OUT_BOTTOM,
  45:lvgl/examples/styles/../../src/core/lv_disp.h **** } lv_scr_load_anim_t;
  46:lvgl/examples/styles/../../src/core/lv_disp.h **** 
  47:lvgl/examples/styles/../../src/core/lv_disp.h **** /**********************
  48:lvgl/examples/styles/../../src/core/lv_disp.h ****  * GLOBAL PROTOTYPES
  49:lvgl/examples/styles/../../src/core/lv_disp.h ****  **********************/
  50:lvgl/examples/styles/../../src/core/lv_disp.h **** 
  51:lvgl/examples/styles/../../src/core/lv_disp.h **** /**
  52:lvgl/examples/styles/../../src/core/lv_disp.h ****  * Return with a pointer to the active screen
  53:lvgl/examples/styles/../../src/core/lv_disp.h ****  * @param disp pointer to display which active screen should be get. (NULL to use the default
  54:lvgl/examples/styles/../../src/core/lv_disp.h ****  * screen)
  55:lvgl/examples/styles/../../src/core/lv_disp.h ****  * @return pointer to the active screen object (loaded by 'lv_scr_load()')
  56:lvgl/examples/styles/../../src/core/lv_disp.h ****  */
  57:lvgl/examples/styles/../../src/core/lv_disp.h **** lv_obj_t * lv_disp_get_scr_act(lv_disp_t * disp);
  58:lvgl/examples/styles/../../src/core/lv_disp.h **** 
  59:lvgl/examples/styles/../../src/core/lv_disp.h **** /**
  60:lvgl/examples/styles/../../src/core/lv_disp.h ****  * Return with a pointer to the previous screen. Only used during screen transitions.
  61:lvgl/examples/styles/../../src/core/lv_disp.h ****  * @param disp pointer to display which previous screen should be get. (NULL to use the default
  62:lvgl/examples/styles/../../src/core/lv_disp.h ****  * screen)
  63:lvgl/examples/styles/../../src/core/lv_disp.h ****  * @return pointer to the previous screen object or NULL if not used now
  64:lvgl/examples/styles/../../src/core/lv_disp.h ****  */
  65:lvgl/examples/styles/../../src/core/lv_disp.h **** lv_obj_t * lv_disp_get_scr_prev(lv_disp_t * disp);
  66:lvgl/examples/styles/../../src/core/lv_disp.h **** 
  67:lvgl/examples/styles/../../src/core/lv_disp.h **** /**
  68:lvgl/examples/styles/../../src/core/lv_disp.h ****  * Make a screen active
  69:lvgl/examples/styles/../../src/core/lv_disp.h ****  * @param scr pointer to a screen
  70:lvgl/examples/styles/../../src/core/lv_disp.h ****  */
  71:lvgl/examples/styles/../../src/core/lv_disp.h **** void lv_disp_load_scr(lv_obj_t * scr);
  72:lvgl/examples/styles/../../src/core/lv_disp.h **** 
  73:lvgl/examples/styles/../../src/core/lv_disp.h **** /**
  74:lvgl/examples/styles/../../src/core/lv_disp.h ****  * Return with the top layer. (Same on every screen and it is above the normal screen layer)
  75:lvgl/examples/styles/../../src/core/lv_disp.h ****  * @param disp pointer to display which top layer should be get. (NULL to use the default screen)
  76:lvgl/examples/styles/../../src/core/lv_disp.h ****  * @return pointer to the top layer object (transparent screen sized lv_obj)
  77:lvgl/examples/styles/../../src/core/lv_disp.h ****  */
  78:lvgl/examples/styles/../../src/core/lv_disp.h **** lv_obj_t * lv_disp_get_layer_top(lv_disp_t * disp);
  79:lvgl/examples/styles/../../src/core/lv_disp.h **** 
  80:lvgl/examples/styles/../../src/core/lv_disp.h **** /**
  81:lvgl/examples/styles/../../src/core/lv_disp.h ****  * Return with the sys. layer. (Same on every screen and it is above the normal screen and the top
  82:lvgl/examples/styles/../../src/core/lv_disp.h ****  * layer)
  83:lvgl/examples/styles/../../src/core/lv_disp.h ****  * @param disp pointer to display which sys. layer should be retrieved. (NULL to use the default sc
  84:lvgl/examples/styles/../../src/core/lv_disp.h ****  * @return pointer to the sys layer object (transparent screen sized lv_obj)
  85:lvgl/examples/styles/../../src/core/lv_disp.h ****  */
  86:lvgl/examples/styles/../../src/core/lv_disp.h **** lv_obj_t * lv_disp_get_layer_sys(lv_disp_t * disp);
  87:lvgl/examples/styles/../../src/core/lv_disp.h **** 
  88:lvgl/examples/styles/../../src/core/lv_disp.h **** /**
  89:lvgl/examples/styles/../../src/core/lv_disp.h ****  * Set the theme of a display
  90:lvgl/examples/styles/../../src/core/lv_disp.h ****  * @param disp pointer to a display
ARM GAS  C:\Users\OSD\AppData\Local\Temp\cceLKsFk.s 			page 4


  91:lvgl/examples/styles/../../src/core/lv_disp.h ****  */
  92:lvgl/examples/styles/../../src/core/lv_disp.h **** void lv_disp_set_theme(lv_disp_t * disp, lv_theme_t * th);
  93:lvgl/examples/styles/../../src/core/lv_disp.h **** 
  94:lvgl/examples/styles/../../src/core/lv_disp.h **** /**
  95:lvgl/examples/styles/../../src/core/lv_disp.h ****  * Get the theme of a display
  96:lvgl/examples/styles/../../src/core/lv_disp.h ****  * @param disp pointer to a display
  97:lvgl/examples/styles/../../src/core/lv_disp.h ****  * @return the display's theme (can be NULL)
  98:lvgl/examples/styles/../../src/core/lv_disp.h ****  */
  99:lvgl/examples/styles/../../src/core/lv_disp.h **** lv_theme_t * lv_disp_get_theme(lv_disp_t * disp);
 100:lvgl/examples/styles/../../src/core/lv_disp.h **** 
 101:lvgl/examples/styles/../../src/core/lv_disp.h **** /**
 102:lvgl/examples/styles/../../src/core/lv_disp.h ****  * Set the background color of a display
 103:lvgl/examples/styles/../../src/core/lv_disp.h ****  * @param disp pointer to a display
 104:lvgl/examples/styles/../../src/core/lv_disp.h ****  * @param color color of the background
 105:lvgl/examples/styles/../../src/core/lv_disp.h ****  */
 106:lvgl/examples/styles/../../src/core/lv_disp.h **** void lv_disp_set_bg_color(lv_disp_t * disp, lv_color_t color);
 107:lvgl/examples/styles/../../src/core/lv_disp.h **** 
 108:lvgl/examples/styles/../../src/core/lv_disp.h **** /**
 109:lvgl/examples/styles/../../src/core/lv_disp.h ****  * Set the background image of a display
 110:lvgl/examples/styles/../../src/core/lv_disp.h ****  * @param disp pointer to a display
 111:lvgl/examples/styles/../../src/core/lv_disp.h ****  * @param img_src path to file or pointer to an `lv_img_dsc_t` variable
 112:lvgl/examples/styles/../../src/core/lv_disp.h ****  */
 113:lvgl/examples/styles/../../src/core/lv_disp.h **** void lv_disp_set_bg_image(lv_disp_t * disp, const void  * img_src);
 114:lvgl/examples/styles/../../src/core/lv_disp.h **** 
 115:lvgl/examples/styles/../../src/core/lv_disp.h **** /**
 116:lvgl/examples/styles/../../src/core/lv_disp.h ****  * Set opacity of the background
 117:lvgl/examples/styles/../../src/core/lv_disp.h ****  * @param disp pointer to a display
 118:lvgl/examples/styles/../../src/core/lv_disp.h ****  * @param opa opacity (0..255)
 119:lvgl/examples/styles/../../src/core/lv_disp.h ****  */
 120:lvgl/examples/styles/../../src/core/lv_disp.h **** void lv_disp_set_bg_opa(lv_disp_t * disp, lv_opa_t opa);
 121:lvgl/examples/styles/../../src/core/lv_disp.h **** 
 122:lvgl/examples/styles/../../src/core/lv_disp.h **** /**
 123:lvgl/examples/styles/../../src/core/lv_disp.h ****  * Switch screen with animation
 124:lvgl/examples/styles/../../src/core/lv_disp.h ****  * @param scr pointer to the new screen to load
 125:lvgl/examples/styles/../../src/core/lv_disp.h ****  * @param anim_type type of the animation from `lv_scr_load_anim_t`, e.g. `LV_SCR_LOAD_ANIM_MOVE_LE
 126:lvgl/examples/styles/../../src/core/lv_disp.h ****  * @param time time of the animation
 127:lvgl/examples/styles/../../src/core/lv_disp.h ****  * @param delay delay before the transition
 128:lvgl/examples/styles/../../src/core/lv_disp.h ****  * @param auto_del true: automatically delete the old screen
 129:lvgl/examples/styles/../../src/core/lv_disp.h ****  */
 130:lvgl/examples/styles/../../src/core/lv_disp.h **** void lv_scr_load_anim(lv_obj_t * scr, lv_scr_load_anim_t anim_type, uint32_t time, uint32_t delay, 
 131:lvgl/examples/styles/../../src/core/lv_disp.h **** 
 132:lvgl/examples/styles/../../src/core/lv_disp.h **** /**
 133:lvgl/examples/styles/../../src/core/lv_disp.h ****  * Get elapsed time since last user activity on a display (e.g. click)
 134:lvgl/examples/styles/../../src/core/lv_disp.h ****  * @param disp pointer to a display (NULL to get the overall smallest inactivity)
 135:lvgl/examples/styles/../../src/core/lv_disp.h ****  * @return elapsed ticks (milliseconds) since the last activity
 136:lvgl/examples/styles/../../src/core/lv_disp.h ****  */
 137:lvgl/examples/styles/../../src/core/lv_disp.h **** uint32_t lv_disp_get_inactive_time(const lv_disp_t * disp);
 138:lvgl/examples/styles/../../src/core/lv_disp.h **** 
 139:lvgl/examples/styles/../../src/core/lv_disp.h **** /**
 140:lvgl/examples/styles/../../src/core/lv_disp.h ****  * Manually trigger an activity on a display
 141:lvgl/examples/styles/../../src/core/lv_disp.h ****  * @param disp pointer to a display (NULL to use the default display)
 142:lvgl/examples/styles/../../src/core/lv_disp.h ****  */
 143:lvgl/examples/styles/../../src/core/lv_disp.h **** void lv_disp_trig_activity(lv_disp_t * disp);
 144:lvgl/examples/styles/../../src/core/lv_disp.h **** 
 145:lvgl/examples/styles/../../src/core/lv_disp.h **** /**
 146:lvgl/examples/styles/../../src/core/lv_disp.h ****  * Clean any CPU cache that is related to the display.
 147:lvgl/examples/styles/../../src/core/lv_disp.h ****  * @param disp pointer to a display (NULL to use the default display)
ARM GAS  C:\Users\OSD\AppData\Local\Temp\cceLKsFk.s 			page 5


 148:lvgl/examples/styles/../../src/core/lv_disp.h ****  */
 149:lvgl/examples/styles/../../src/core/lv_disp.h **** void lv_disp_clean_dcache(lv_disp_t * disp);
 150:lvgl/examples/styles/../../src/core/lv_disp.h **** 
 151:lvgl/examples/styles/../../src/core/lv_disp.h **** /**
 152:lvgl/examples/styles/../../src/core/lv_disp.h ****  * Temporarily enable and disable the invalidation of the display.
 153:lvgl/examples/styles/../../src/core/lv_disp.h ****  * @param disp pointer to a display (NULL to use the default display)
 154:lvgl/examples/styles/../../src/core/lv_disp.h ****  * @param en true: enable invalidation; false: invalidation
 155:lvgl/examples/styles/../../src/core/lv_disp.h ****  */
 156:lvgl/examples/styles/../../src/core/lv_disp.h **** void lv_disp_enable_invalidation(lv_disp_t * disp, bool en);
 157:lvgl/examples/styles/../../src/core/lv_disp.h **** 
 158:lvgl/examples/styles/../../src/core/lv_disp.h **** /**
 159:lvgl/examples/styles/../../src/core/lv_disp.h ****  * Get display invalidation is enabled.
 160:lvgl/examples/styles/../../src/core/lv_disp.h ****  * @param disp pointer to a display (NULL to use the default display)
 161:lvgl/examples/styles/../../src/core/lv_disp.h ****  * @return return true if invalidation is enabled
 162:lvgl/examples/styles/../../src/core/lv_disp.h ****  */
 163:lvgl/examples/styles/../../src/core/lv_disp.h **** bool lv_disp_is_invalidation_enabled(lv_disp_t * disp);
 164:lvgl/examples/styles/../../src/core/lv_disp.h **** 
 165:lvgl/examples/styles/../../src/core/lv_disp.h **** /**
 166:lvgl/examples/styles/../../src/core/lv_disp.h ****  * Get a pointer to the screen refresher timer to
 167:lvgl/examples/styles/../../src/core/lv_disp.h ****  * modify its parameters with `lv_timer_...` functions.
 168:lvgl/examples/styles/../../src/core/lv_disp.h ****  * @param disp pointer to a display
 169:lvgl/examples/styles/../../src/core/lv_disp.h ****  * @return pointer to the display refresher timer. (NULL on error)
 170:lvgl/examples/styles/../../src/core/lv_disp.h ****  */
 171:lvgl/examples/styles/../../src/core/lv_disp.h **** lv_timer_t * _lv_disp_get_refr_timer(lv_disp_t * disp);
 172:lvgl/examples/styles/../../src/core/lv_disp.h **** 
 173:lvgl/examples/styles/../../src/core/lv_disp.h **** /*------------------------------------------------
 174:lvgl/examples/styles/../../src/core/lv_disp.h ****  * To improve backward compatibility
 175:lvgl/examples/styles/../../src/core/lv_disp.h ****  * Recommended only if you have one display
 176:lvgl/examples/styles/../../src/core/lv_disp.h ****  *------------------------------------------------*/
 177:lvgl/examples/styles/../../src/core/lv_disp.h **** 
 178:lvgl/examples/styles/../../src/core/lv_disp.h **** /**
 179:lvgl/examples/styles/../../src/core/lv_disp.h ****  * Get the active screen of the default display
 180:lvgl/examples/styles/../../src/core/lv_disp.h ****  * @return pointer to the active screen
 181:lvgl/examples/styles/../../src/core/lv_disp.h ****  */
 182:lvgl/examples/styles/../../src/core/lv_disp.h **** static inline lv_obj_t * lv_scr_act(void)
  66              		.loc 2 182 26 view .LVU7
  67              	.LBB9:
 183:lvgl/examples/styles/../../src/core/lv_disp.h **** {
 184:lvgl/examples/styles/../../src/core/lv_disp.h ****     return lv_disp_get_scr_act(lv_disp_get_default());
  68              		.loc 2 184 5 view .LVU8
  69              		.loc 2 184 12 is_stmt 0 view .LVU9
  70 0028 FFF7FEFF 		bl	lv_disp_get_default
  71              	.LVL5:
  72 002c FFF7FEFF 		bl	lv_disp_get_scr_act
  73              	.LVL6:
  74              	.LBE9:
  75              	.LBE8:
  76              		.loc 1 17 22 view .LVU10
  77 0030 FFF7FEFF 		bl	lv_line_create
  78              	.LVL7:
  79 0034 0546     		mov	r5, r0
  80              	.LVL8:
  18:lvgl/examples/styles/lv_example_style_9.c ****     lv_obj_add_style(obj, &style, 0);
  81              		.loc 1 18 5 is_stmt 1 view .LVU11
  82 0036 0022     		movs	r2, #0
  83 0038 2146     		mov	r1, r4
  84 003a FFF7FEFF 		bl	lv_obj_add_style
ARM GAS  C:\Users\OSD\AppData\Local\Temp\cceLKsFk.s 			page 6


  85              	.LVL9:
  19:lvgl/examples/styles/lv_example_style_9.c **** 
  20:lvgl/examples/styles/lv_example_style_9.c ****     static lv_point_t p[] = {{10, 30}, {30, 50}, {100, 0}};
  86              		.loc 1 20 5 view .LVU12
  21:lvgl/examples/styles/lv_example_style_9.c ****     lv_line_set_points(obj, p, 3);
  87              		.loc 1 21 5 view .LVU13
  88 003e 0322     		movs	r2, #3
  89 0040 0649     		ldr	r1, .L3+4
  90 0042 2846     		mov	r0, r5
  91 0044 FFF7FEFF 		bl	lv_line_set_points
  92              	.LVL10:
  22:lvgl/examples/styles/lv_example_style_9.c **** 
  23:lvgl/examples/styles/lv_example_style_9.c ****     lv_obj_center(obj);
  93              		.loc 1 23 5 view .LVU14
  94              	.LBB10:
  95              	.LBI10:
  96              		.file 3 "d:\\kzc\\stm32\\h743ii_lcd\\lvgl\\src\\core\\lv_obj_pos.h"
   1:d:\kzc\stm32\h743ii_lcd\lvgl\src\core\lv_obj_pos.h **** /**
   2:d:\kzc\stm32\h743ii_lcd\lvgl\src\core\lv_obj_pos.h ****  * @file lv_obj_pos.h
   3:d:\kzc\stm32\h743ii_lcd\lvgl\src\core\lv_obj_pos.h ****  *
   4:d:\kzc\stm32\h743ii_lcd\lvgl\src\core\lv_obj_pos.h ****  */
   5:d:\kzc\stm32\h743ii_lcd\lvgl\src\core\lv_obj_pos.h **** 
   6:d:\kzc\stm32\h743ii_lcd\lvgl\src\core\lv_obj_pos.h **** #ifndef LV_OBJ_POS_H
   7:d:\kzc\stm32\h743ii_lcd\lvgl\src\core\lv_obj_pos.h **** #define LV_OBJ_POS_H
   8:d:\kzc\stm32\h743ii_lcd\lvgl\src\core\lv_obj_pos.h **** 
   9:d:\kzc\stm32\h743ii_lcd\lvgl\src\core\lv_obj_pos.h **** #ifdef __cplusplus
  10:d:\kzc\stm32\h743ii_lcd\lvgl\src\core\lv_obj_pos.h **** extern "C" {
  11:d:\kzc\stm32\h743ii_lcd\lvgl\src\core\lv_obj_pos.h **** #endif
  12:d:\kzc\stm32\h743ii_lcd\lvgl\src\core\lv_obj_pos.h **** 
  13:d:\kzc\stm32\h743ii_lcd\lvgl\src\core\lv_obj_pos.h **** /*********************
  14:d:\kzc\stm32\h743ii_lcd\lvgl\src\core\lv_obj_pos.h ****  *      INCLUDES
  15:d:\kzc\stm32\h743ii_lcd\lvgl\src\core\lv_obj_pos.h ****  *********************/
  16:d:\kzc\stm32\h743ii_lcd\lvgl\src\core\lv_obj_pos.h **** #include "../misc/lv_area.h"
  17:d:\kzc\stm32\h743ii_lcd\lvgl\src\core\lv_obj_pos.h **** 
  18:d:\kzc\stm32\h743ii_lcd\lvgl\src\core\lv_obj_pos.h **** /*********************
  19:d:\kzc\stm32\h743ii_lcd\lvgl\src\core\lv_obj_pos.h ****  *      DEFINES
  20:d:\kzc\stm32\h743ii_lcd\lvgl\src\core\lv_obj_pos.h ****  *********************/
  21:d:\kzc\stm32\h743ii_lcd\lvgl\src\core\lv_obj_pos.h **** 
  22:d:\kzc\stm32\h743ii_lcd\lvgl\src\core\lv_obj_pos.h **** /**********************
  23:d:\kzc\stm32\h743ii_lcd\lvgl\src\core\lv_obj_pos.h ****  *      TYPEDEFS
  24:d:\kzc\stm32\h743ii_lcd\lvgl\src\core\lv_obj_pos.h ****  **********************/
  25:d:\kzc\stm32\h743ii_lcd\lvgl\src\core\lv_obj_pos.h **** struct _lv_obj_t;
  26:d:\kzc\stm32\h743ii_lcd\lvgl\src\core\lv_obj_pos.h **** 
  27:d:\kzc\stm32\h743ii_lcd\lvgl\src\core\lv_obj_pos.h **** typedef void (*lv_layout_update_cb_t)(struct _lv_obj_t *, void * user_data);
  28:d:\kzc\stm32\h743ii_lcd\lvgl\src\core\lv_obj_pos.h **** typedef struct {
  29:d:\kzc\stm32\h743ii_lcd\lvgl\src\core\lv_obj_pos.h ****     lv_layout_update_cb_t cb;
  30:d:\kzc\stm32\h743ii_lcd\lvgl\src\core\lv_obj_pos.h ****     void * user_data;
  31:d:\kzc\stm32\h743ii_lcd\lvgl\src\core\lv_obj_pos.h **** } lv_layout_dsc_t;
  32:d:\kzc\stm32\h743ii_lcd\lvgl\src\core\lv_obj_pos.h **** 
  33:d:\kzc\stm32\h743ii_lcd\lvgl\src\core\lv_obj_pos.h **** /**********************
  34:d:\kzc\stm32\h743ii_lcd\lvgl\src\core\lv_obj_pos.h ****  * GLOBAL PROTOTYPES
  35:d:\kzc\stm32\h743ii_lcd\lvgl\src\core\lv_obj_pos.h ****  **********************/
  36:d:\kzc\stm32\h743ii_lcd\lvgl\src\core\lv_obj_pos.h **** 
  37:d:\kzc\stm32\h743ii_lcd\lvgl\src\core\lv_obj_pos.h **** /**
  38:d:\kzc\stm32\h743ii_lcd\lvgl\src\core\lv_obj_pos.h ****  * Set the position of an object relative to the set alignment.
  39:d:\kzc\stm32\h743ii_lcd\lvgl\src\core\lv_obj_pos.h ****  * @param obj       pointer to an object
  40:d:\kzc\stm32\h743ii_lcd\lvgl\src\core\lv_obj_pos.h ****  * @param x         new x coordinate
ARM GAS  C:\Users\OSD\AppData\Local\Temp\cceLKsFk.s 			page 7


  41:d:\kzc\stm32\h743ii_lcd\lvgl\src\core\lv_obj_pos.h ****  * @param y         new y coordinate
  42:d:\kzc\stm32\h743ii_lcd\lvgl\src\core\lv_obj_pos.h ****  * @note            With default alignment it's the distance from the top left corner
  43:d:\kzc\stm32\h743ii_lcd\lvgl\src\core\lv_obj_pos.h ****  * @note            E.g. LV_ALIGN_CENTER alignment it's the offset from the center of the parent
  44:d:\kzc\stm32\h743ii_lcd\lvgl\src\core\lv_obj_pos.h ****  * @note            The position is interpreted on the content area of the parent
  45:d:\kzc\stm32\h743ii_lcd\lvgl\src\core\lv_obj_pos.h ****  * @note            The values can be set in pixel or in percentage of parent size with `lv_pct(v)`
  46:d:\kzc\stm32\h743ii_lcd\lvgl\src\core\lv_obj_pos.h ****  */
  47:d:\kzc\stm32\h743ii_lcd\lvgl\src\core\lv_obj_pos.h **** void lv_obj_set_pos(struct _lv_obj_t * obj, lv_coord_t x, lv_coord_t y);
  48:d:\kzc\stm32\h743ii_lcd\lvgl\src\core\lv_obj_pos.h **** 
  49:d:\kzc\stm32\h743ii_lcd\lvgl\src\core\lv_obj_pos.h **** /**
  50:d:\kzc\stm32\h743ii_lcd\lvgl\src\core\lv_obj_pos.h ****  * Set the x coordinate of an object
  51:d:\kzc\stm32\h743ii_lcd\lvgl\src\core\lv_obj_pos.h ****  * @param obj       pointer to an object
  52:d:\kzc\stm32\h743ii_lcd\lvgl\src\core\lv_obj_pos.h ****  * @param x         new x coordinate
  53:d:\kzc\stm32\h743ii_lcd\lvgl\src\core\lv_obj_pos.h ****  * @note            With default alignment it's the distance from the top left corner
  54:d:\kzc\stm32\h743ii_lcd\lvgl\src\core\lv_obj_pos.h ****  * @note            E.g. LV_ALIGN_CENTER alignment it's the offset from the center of the parent
  55:d:\kzc\stm32\h743ii_lcd\lvgl\src\core\lv_obj_pos.h ****  * @note            The position is interpreted on the content area of the parent
  56:d:\kzc\stm32\h743ii_lcd\lvgl\src\core\lv_obj_pos.h ****  * @note            The values can be set in pixel or in percentage of parent size with `lv_pct(v)`
  57:d:\kzc\stm32\h743ii_lcd\lvgl\src\core\lv_obj_pos.h ****  */
  58:d:\kzc\stm32\h743ii_lcd\lvgl\src\core\lv_obj_pos.h **** void lv_obj_set_x(struct _lv_obj_t * obj, lv_coord_t x);
  59:d:\kzc\stm32\h743ii_lcd\lvgl\src\core\lv_obj_pos.h **** 
  60:d:\kzc\stm32\h743ii_lcd\lvgl\src\core\lv_obj_pos.h **** /**
  61:d:\kzc\stm32\h743ii_lcd\lvgl\src\core\lv_obj_pos.h ****  * Set the y coordinate of an object
  62:d:\kzc\stm32\h743ii_lcd\lvgl\src\core\lv_obj_pos.h ****  * @param obj       pointer to an object
  63:d:\kzc\stm32\h743ii_lcd\lvgl\src\core\lv_obj_pos.h ****  * @param y         new y coordinate
  64:d:\kzc\stm32\h743ii_lcd\lvgl\src\core\lv_obj_pos.h ****  * @note            With default alignment it's the distance from the top left corner
  65:d:\kzc\stm32\h743ii_lcd\lvgl\src\core\lv_obj_pos.h ****  * @note            E.g. LV_ALIGN_CENTER alignment it's the offset from the center of the parent
  66:d:\kzc\stm32\h743ii_lcd\lvgl\src\core\lv_obj_pos.h ****  * @note            The position is interpreted on the content area of the parent
  67:d:\kzc\stm32\h743ii_lcd\lvgl\src\core\lv_obj_pos.h ****  * @note            The values can be set in pixel or in percentage of parent size with `lv_pct(v)`
  68:d:\kzc\stm32\h743ii_lcd\lvgl\src\core\lv_obj_pos.h ****  */
  69:d:\kzc\stm32\h743ii_lcd\lvgl\src\core\lv_obj_pos.h **** void lv_obj_set_y(struct _lv_obj_t * obj, lv_coord_t y);
  70:d:\kzc\stm32\h743ii_lcd\lvgl\src\core\lv_obj_pos.h **** 
  71:d:\kzc\stm32\h743ii_lcd\lvgl\src\core\lv_obj_pos.h **** /**
  72:d:\kzc\stm32\h743ii_lcd\lvgl\src\core\lv_obj_pos.h ****  * Set the size of an object.
  73:d:\kzc\stm32\h743ii_lcd\lvgl\src\core\lv_obj_pos.h ****  * @param obj       pointer to an object
  74:d:\kzc\stm32\h743ii_lcd\lvgl\src\core\lv_obj_pos.h ****  * @param w         the new width
  75:d:\kzc\stm32\h743ii_lcd\lvgl\src\core\lv_obj_pos.h ****  * @param h         the new height
  76:d:\kzc\stm32\h743ii_lcd\lvgl\src\core\lv_obj_pos.h ****  * @note            possible values are:
  77:d:\kzc\stm32\h743ii_lcd\lvgl\src\core\lv_obj_pos.h ****  *                  pixel               simple set the size accordingly
  78:d:\kzc\stm32\h743ii_lcd\lvgl\src\core\lv_obj_pos.h ****  *                  LV_SIZE_CONTENT     set the size to involve all children in the given direction
  79:d:\kzc\stm32\h743ii_lcd\lvgl\src\core\lv_obj_pos.h ****  *                  LV_SIZE_PCT(x)     to set size in percentage of the parent's content area size 
  80:d:\kzc\stm32\h743ii_lcd\lvgl\src\core\lv_obj_pos.h ****  *                                      x should be in [0..1000]% range
  81:d:\kzc\stm32\h743ii_lcd\lvgl\src\core\lv_obj_pos.h ****  */
  82:d:\kzc\stm32\h743ii_lcd\lvgl\src\core\lv_obj_pos.h **** void lv_obj_set_size(struct _lv_obj_t * obj, lv_coord_t w, lv_coord_t h);
  83:d:\kzc\stm32\h743ii_lcd\lvgl\src\core\lv_obj_pos.h **** 
  84:d:\kzc\stm32\h743ii_lcd\lvgl\src\core\lv_obj_pos.h **** /**
  85:d:\kzc\stm32\h743ii_lcd\lvgl\src\core\lv_obj_pos.h ****  * Recalculate the size of the object
  86:d:\kzc\stm32\h743ii_lcd\lvgl\src\core\lv_obj_pos.h ****  * @param obj       pointer to an object
  87:d:\kzc\stm32\h743ii_lcd\lvgl\src\core\lv_obj_pos.h ****  * @return          true: the size has been changed
  88:d:\kzc\stm32\h743ii_lcd\lvgl\src\core\lv_obj_pos.h ****  */
  89:d:\kzc\stm32\h743ii_lcd\lvgl\src\core\lv_obj_pos.h **** bool lv_obj_refr_size(struct _lv_obj_t * obj);
  90:d:\kzc\stm32\h743ii_lcd\lvgl\src\core\lv_obj_pos.h **** 
  91:d:\kzc\stm32\h743ii_lcd\lvgl\src\core\lv_obj_pos.h **** /**
  92:d:\kzc\stm32\h743ii_lcd\lvgl\src\core\lv_obj_pos.h ****  * Set the width of an object
  93:d:\kzc\stm32\h743ii_lcd\lvgl\src\core\lv_obj_pos.h ****  * @param obj       pointer to an object
  94:d:\kzc\stm32\h743ii_lcd\lvgl\src\core\lv_obj_pos.h ****  * @param w         the new width
  95:d:\kzc\stm32\h743ii_lcd\lvgl\src\core\lv_obj_pos.h ****  * @note            possible values are:
  96:d:\kzc\stm32\h743ii_lcd\lvgl\src\core\lv_obj_pos.h ****  *                  pixel               simple set the size accordingly
  97:d:\kzc\stm32\h743ii_lcd\lvgl\src\core\lv_obj_pos.h ****  *                  LV_SIZE_CONTENT     set the size to involve all children in the given direction
ARM GAS  C:\Users\OSD\AppData\Local\Temp\cceLKsFk.s 			page 8


  98:d:\kzc\stm32\h743ii_lcd\lvgl\src\core\lv_obj_pos.h ****  *                  lv_pct(x)           to set size in percentage of the parent's content area size
  99:d:\kzc\stm32\h743ii_lcd\lvgl\src\core\lv_obj_pos.h ****  *                                      x should be in [0..1000]% range
 100:d:\kzc\stm32\h743ii_lcd\lvgl\src\core\lv_obj_pos.h ****  */
 101:d:\kzc\stm32\h743ii_lcd\lvgl\src\core\lv_obj_pos.h **** void lv_obj_set_width(struct _lv_obj_t * obj, lv_coord_t w);
 102:d:\kzc\stm32\h743ii_lcd\lvgl\src\core\lv_obj_pos.h **** 
 103:d:\kzc\stm32\h743ii_lcd\lvgl\src\core\lv_obj_pos.h **** /**
 104:d:\kzc\stm32\h743ii_lcd\lvgl\src\core\lv_obj_pos.h ****  * Set the height of an object
 105:d:\kzc\stm32\h743ii_lcd\lvgl\src\core\lv_obj_pos.h ****  * @param obj       pointer to an object
 106:d:\kzc\stm32\h743ii_lcd\lvgl\src\core\lv_obj_pos.h ****  * @param h         the new height
 107:d:\kzc\stm32\h743ii_lcd\lvgl\src\core\lv_obj_pos.h ****  * @note            possible values are:
 108:d:\kzc\stm32\h743ii_lcd\lvgl\src\core\lv_obj_pos.h ****  *                  pixel               simple set the size accordingly
 109:d:\kzc\stm32\h743ii_lcd\lvgl\src\core\lv_obj_pos.h ****  *                  LV_SIZE_CONTENT     set the size to involve all children in the given direction
 110:d:\kzc\stm32\h743ii_lcd\lvgl\src\core\lv_obj_pos.h ****  *                  lv_pct(x)           to set size in percentage of the parent's content area size
 111:d:\kzc\stm32\h743ii_lcd\lvgl\src\core\lv_obj_pos.h ****  *                                      x should be in [0..1000]% range
 112:d:\kzc\stm32\h743ii_lcd\lvgl\src\core\lv_obj_pos.h ****  */
 113:d:\kzc\stm32\h743ii_lcd\lvgl\src\core\lv_obj_pos.h **** void lv_obj_set_height(struct _lv_obj_t * obj, lv_coord_t h);
 114:d:\kzc\stm32\h743ii_lcd\lvgl\src\core\lv_obj_pos.h **** 
 115:d:\kzc\stm32\h743ii_lcd\lvgl\src\core\lv_obj_pos.h **** /**
 116:d:\kzc\stm32\h743ii_lcd\lvgl\src\core\lv_obj_pos.h ****  * Set the width reduced by the left and right padding and the border width.
 117:d:\kzc\stm32\h743ii_lcd\lvgl\src\core\lv_obj_pos.h ****  * @param obj       pointer to an object
 118:d:\kzc\stm32\h743ii_lcd\lvgl\src\core\lv_obj_pos.h ****  * @param w         the width without paddings in pixels
 119:d:\kzc\stm32\h743ii_lcd\lvgl\src\core\lv_obj_pos.h ****  */
 120:d:\kzc\stm32\h743ii_lcd\lvgl\src\core\lv_obj_pos.h **** void lv_obj_set_content_width(struct _lv_obj_t * obj, lv_coord_t w);
 121:d:\kzc\stm32\h743ii_lcd\lvgl\src\core\lv_obj_pos.h **** 
 122:d:\kzc\stm32\h743ii_lcd\lvgl\src\core\lv_obj_pos.h **** /**
 123:d:\kzc\stm32\h743ii_lcd\lvgl\src\core\lv_obj_pos.h ****  * Set the height reduced by the top and bottom padding and the border width.
 124:d:\kzc\stm32\h743ii_lcd\lvgl\src\core\lv_obj_pos.h ****  * @param obj       pointer to an object
 125:d:\kzc\stm32\h743ii_lcd\lvgl\src\core\lv_obj_pos.h ****  * @param h         the height without paddings in pixels
 126:d:\kzc\stm32\h743ii_lcd\lvgl\src\core\lv_obj_pos.h ****  */
 127:d:\kzc\stm32\h743ii_lcd\lvgl\src\core\lv_obj_pos.h **** void lv_obj_set_content_height(struct _lv_obj_t * obj, lv_coord_t h);
 128:d:\kzc\stm32\h743ii_lcd\lvgl\src\core\lv_obj_pos.h **** 
 129:d:\kzc\stm32\h743ii_lcd\lvgl\src\core\lv_obj_pos.h **** /**
 130:d:\kzc\stm32\h743ii_lcd\lvgl\src\core\lv_obj_pos.h ****  * Set a layout for an object
 131:d:\kzc\stm32\h743ii_lcd\lvgl\src\core\lv_obj_pos.h ****  * @param obj       pointer to an object
 132:d:\kzc\stm32\h743ii_lcd\lvgl\src\core\lv_obj_pos.h ****  * @param layout    pointer to a layout descriptor to set
 133:d:\kzc\stm32\h743ii_lcd\lvgl\src\core\lv_obj_pos.h ****  */
 134:d:\kzc\stm32\h743ii_lcd\lvgl\src\core\lv_obj_pos.h **** void lv_obj_set_layout(struct _lv_obj_t * obj, uint32_t layout);
 135:d:\kzc\stm32\h743ii_lcd\lvgl\src\core\lv_obj_pos.h **** 
 136:d:\kzc\stm32\h743ii_lcd\lvgl\src\core\lv_obj_pos.h **** /**
 137:d:\kzc\stm32\h743ii_lcd\lvgl\src\core\lv_obj_pos.h ****  * Test whether the and object is positioned by a layout or not
 138:d:\kzc\stm32\h743ii_lcd\lvgl\src\core\lv_obj_pos.h ****  * @param obj       pointer to an object to test
 139:d:\kzc\stm32\h743ii_lcd\lvgl\src\core\lv_obj_pos.h ****  * @return true:    positioned by a layout; false: not positioned by a layout
 140:d:\kzc\stm32\h743ii_lcd\lvgl\src\core\lv_obj_pos.h ****  */
 141:d:\kzc\stm32\h743ii_lcd\lvgl\src\core\lv_obj_pos.h **** bool lv_obj_is_layout_positioned(const struct _lv_obj_t * obj);
 142:d:\kzc\stm32\h743ii_lcd\lvgl\src\core\lv_obj_pos.h **** 
 143:d:\kzc\stm32\h743ii_lcd\lvgl\src\core\lv_obj_pos.h **** /**
 144:d:\kzc\stm32\h743ii_lcd\lvgl\src\core\lv_obj_pos.h ****  * Mark the object for layout update.
 145:d:\kzc\stm32\h743ii_lcd\lvgl\src\core\lv_obj_pos.h ****  * @param obj      pointer to an object whose children needs to be updated
 146:d:\kzc\stm32\h743ii_lcd\lvgl\src\core\lv_obj_pos.h ****  */
 147:d:\kzc\stm32\h743ii_lcd\lvgl\src\core\lv_obj_pos.h **** void lv_obj_mark_layout_as_dirty(struct _lv_obj_t * obj);
 148:d:\kzc\stm32\h743ii_lcd\lvgl\src\core\lv_obj_pos.h **** 
 149:d:\kzc\stm32\h743ii_lcd\lvgl\src\core\lv_obj_pos.h **** /**
 150:d:\kzc\stm32\h743ii_lcd\lvgl\src\core\lv_obj_pos.h ****  * Update the layout of an object.
 151:d:\kzc\stm32\h743ii_lcd\lvgl\src\core\lv_obj_pos.h ****  * @param obj      pointer to an object whose children needs to be updated
 152:d:\kzc\stm32\h743ii_lcd\lvgl\src\core\lv_obj_pos.h ****  */
 153:d:\kzc\stm32\h743ii_lcd\lvgl\src\core\lv_obj_pos.h **** void lv_obj_update_layout(const struct _lv_obj_t * obj);
 154:d:\kzc\stm32\h743ii_lcd\lvgl\src\core\lv_obj_pos.h **** 
ARM GAS  C:\Users\OSD\AppData\Local\Temp\cceLKsFk.s 			page 9


 155:d:\kzc\stm32\h743ii_lcd\lvgl\src\core\lv_obj_pos.h **** /**
 156:d:\kzc\stm32\h743ii_lcd\lvgl\src\core\lv_obj_pos.h ****  * Register a new layout
 157:d:\kzc\stm32\h743ii_lcd\lvgl\src\core\lv_obj_pos.h ****  * @param cb        the layout update callback
 158:d:\kzc\stm32\h743ii_lcd\lvgl\src\core\lv_obj_pos.h ****  * @param user_data custom data that will be passed to `cb`
 159:d:\kzc\stm32\h743ii_lcd\lvgl\src\core\lv_obj_pos.h ****  * @return          the ID of the new layout
 160:d:\kzc\stm32\h743ii_lcd\lvgl\src\core\lv_obj_pos.h ****  */
 161:d:\kzc\stm32\h743ii_lcd\lvgl\src\core\lv_obj_pos.h **** uint32_t lv_layout_register(lv_layout_update_cb_t cb, void * user_data);
 162:d:\kzc\stm32\h743ii_lcd\lvgl\src\core\lv_obj_pos.h **** 
 163:d:\kzc\stm32\h743ii_lcd\lvgl\src\core\lv_obj_pos.h **** /**
 164:d:\kzc\stm32\h743ii_lcd\lvgl\src\core\lv_obj_pos.h ****  * Change the alignment of an object.
 165:d:\kzc\stm32\h743ii_lcd\lvgl\src\core\lv_obj_pos.h ****  * @param obj       pointer to an object to align
 166:d:\kzc\stm32\h743ii_lcd\lvgl\src\core\lv_obj_pos.h ****  * @param align     type of alignment (see 'lv_align_t' enum) `LV_ALIGN_OUT_...` can't be used.
 167:d:\kzc\stm32\h743ii_lcd\lvgl\src\core\lv_obj_pos.h ****  */
 168:d:\kzc\stm32\h743ii_lcd\lvgl\src\core\lv_obj_pos.h **** void lv_obj_set_align(struct _lv_obj_t * obj, lv_align_t align);
 169:d:\kzc\stm32\h743ii_lcd\lvgl\src\core\lv_obj_pos.h **** 
 170:d:\kzc\stm32\h743ii_lcd\lvgl\src\core\lv_obj_pos.h **** /**
 171:d:\kzc\stm32\h743ii_lcd\lvgl\src\core\lv_obj_pos.h ****  * Change the alignment of an object and set new coordinates.
 172:d:\kzc\stm32\h743ii_lcd\lvgl\src\core\lv_obj_pos.h ****  * Equivalent to:
 173:d:\kzc\stm32\h743ii_lcd\lvgl\src\core\lv_obj_pos.h ****  * lv_obj_set_align(obj, align);
 174:d:\kzc\stm32\h743ii_lcd\lvgl\src\core\lv_obj_pos.h ****  * lv_obj_set_pos(obj, x_ofs, y_ofs);
 175:d:\kzc\stm32\h743ii_lcd\lvgl\src\core\lv_obj_pos.h ****  * @param obj       pointer to an object to align
 176:d:\kzc\stm32\h743ii_lcd\lvgl\src\core\lv_obj_pos.h ****  * @param align     type of alignment (see 'lv_align_t' enum) `LV_ALIGN_OUT_...` can't be used.
 177:d:\kzc\stm32\h743ii_lcd\lvgl\src\core\lv_obj_pos.h ****  * @param x_ofs     x coordinate offset after alignment
 178:d:\kzc\stm32\h743ii_lcd\lvgl\src\core\lv_obj_pos.h ****  * @param y_ofs     y coordinate offset after alignment
 179:d:\kzc\stm32\h743ii_lcd\lvgl\src\core\lv_obj_pos.h ****  */
 180:d:\kzc\stm32\h743ii_lcd\lvgl\src\core\lv_obj_pos.h **** void lv_obj_align(struct _lv_obj_t * obj, lv_align_t align, lv_coord_t x_ofs, lv_coord_t y_ofs);
 181:d:\kzc\stm32\h743ii_lcd\lvgl\src\core\lv_obj_pos.h **** 
 182:d:\kzc\stm32\h743ii_lcd\lvgl\src\core\lv_obj_pos.h **** /**
 183:d:\kzc\stm32\h743ii_lcd\lvgl\src\core\lv_obj_pos.h ****  * Align an object to an other object.
 184:d:\kzc\stm32\h743ii_lcd\lvgl\src\core\lv_obj_pos.h ****  * @param obj       pointer to an object to align
 185:d:\kzc\stm32\h743ii_lcd\lvgl\src\core\lv_obj_pos.h ****  * @param base      pointer to an other object (if NULL `obj`s parent is used). 'obj' will be align
 186:d:\kzc\stm32\h743ii_lcd\lvgl\src\core\lv_obj_pos.h ****  * @param align     type of alignment (see 'lv_align_t' enum)
 187:d:\kzc\stm32\h743ii_lcd\lvgl\src\core\lv_obj_pos.h ****  * @param x_ofs     x coordinate offset after alignment
 188:d:\kzc\stm32\h743ii_lcd\lvgl\src\core\lv_obj_pos.h ****  * @param y_ofs     y coordinate offset after alignment
 189:d:\kzc\stm32\h743ii_lcd\lvgl\src\core\lv_obj_pos.h ****  * @note            if the position or size of `base` changes `obj` needs to be aligned manually ag
 190:d:\kzc\stm32\h743ii_lcd\lvgl\src\core\lv_obj_pos.h ****  */
 191:d:\kzc\stm32\h743ii_lcd\lvgl\src\core\lv_obj_pos.h **** void lv_obj_align_to(struct _lv_obj_t * obj, const struct _lv_obj_t * base, lv_align_t align, lv_co
 192:d:\kzc\stm32\h743ii_lcd\lvgl\src\core\lv_obj_pos.h ****                      lv_coord_t y_ofs);
 193:d:\kzc\stm32\h743ii_lcd\lvgl\src\core\lv_obj_pos.h **** 
 194:d:\kzc\stm32\h743ii_lcd\lvgl\src\core\lv_obj_pos.h **** /**
 195:d:\kzc\stm32\h743ii_lcd\lvgl\src\core\lv_obj_pos.h ****  * Align an object to the center on its parent.
 196:d:\kzc\stm32\h743ii_lcd\lvgl\src\core\lv_obj_pos.h ****  * @param obj       pointer to an object to align
 197:d:\kzc\stm32\h743ii_lcd\lvgl\src\core\lv_obj_pos.h ****  * @note            if the parent size changes `obj` needs to be aligned manually again
 198:d:\kzc\stm32\h743ii_lcd\lvgl\src\core\lv_obj_pos.h ****  */
 199:d:\kzc\stm32\h743ii_lcd\lvgl\src\core\lv_obj_pos.h **** static inline void lv_obj_center(struct _lv_obj_t * obj)
  97              		.loc 3 199 20 view .LVU15
  98              	.LBB11:
 200:d:\kzc\stm32\h743ii_lcd\lvgl\src\core\lv_obj_pos.h **** {
 201:d:\kzc\stm32\h743ii_lcd\lvgl\src\core\lv_obj_pos.h ****     lv_obj_align(obj, LV_ALIGN_CENTER, 0, 0);
  99              		.loc 3 201 5 view .LVU16
 100 0048 0023     		movs	r3, #0
 101 004a 1A46     		mov	r2, r3
 102 004c 0921     		movs	r1, #9
 103 004e 2846     		mov	r0, r5
 104 0050 FFF7FEFF 		bl	lv_obj_align
 105              	.LVL11:
 106              		.loc 3 201 5 is_stmt 0 view .LVU17
ARM GAS  C:\Users\OSD\AppData\Local\Temp\cceLKsFk.s 			page 10


 107              	.LBE11:
 108              	.LBE10:
  24:lvgl/examples/styles/lv_example_style_9.c **** }
 109              		.loc 1 24 1 view .LVU18
 110 0054 38BD     		pop	{r3, r4, r5, pc}
 111              	.LVL12:
 112              	.L4:
 113              		.loc 1 24 1 view .LVU19
 114 0056 00BF     		.align	2
 115              	.L3:
 116 0058 00000000 		.word	.LANCHOR0
 117 005c 00000000 		.word	.LANCHOR1
 118              		.cfi_endproc
 119              	.LFE204:
 121              		.section	.bss.style.1,"aw",%nobits
 122              		.align	2
 123              		.set	.LANCHOR0,. + 0
 126              	style.1:
 127 0000 00000000 		.space	8
 127      00000000 
 128              		.section	.data.p.0,"aw"
 129              		.align	2
 130              		.set	.LANCHOR1,. + 0
 133              	p.0:
 134 0000 0A00     		.short	10
 135 0002 1E00     		.short	30
 136 0004 1E00     		.short	30
 137 0006 3200     		.short	50
 138 0008 6400     		.short	100
 139 000a 0000     		.short	0
 140              		.text
 141              	.Letext0:
 142              		.file 4 "c:\\tools\\gcc-arm-none-eabi\\arm-none-eabi\\include\\machine\\_default_types.h"
 143              		.file 5 "c:\\tools\\gcc-arm-none-eabi\\arm-none-eabi\\include\\sys\\_stdint.h"
 144              		.file 6 "d:\\kzc\\stm32\\h743ii_lcd\\lvgl\\src\\misc\\lv_area.h"
 145              		.file 7 "d:\\kzc\\stm32\\h743ii_lcd\\lvgl\\src\\misc\\lv_color.h"
 146              		.file 8 "d:\\kzc\\stm32\\h743ii_lcd\\lvgl\\src\\misc\\lv_style.h"
 147              		.file 9 "lvgl/examples/styles/../../src/core/lv_obj.h"
 148              		.file 10 "d:\\kzc\\stm32\\h743ii_lcd\\lvgl\\src\\misc\\lv_ll.h"
 149              		.file 11 "lvgl/examples/styles/../../src/core/lv_group.h"
 150              		.file 12 "lvgl/examples/styles/../../src/core/lv_obj_scroll.h"
 151              		.file 13 "lvgl/examples/styles/../../src/core/lv_obj_style.h"
 152              		.file 14 "lvgl/examples/styles/../../src/core/lv_obj_class.h"
 153              		.file 15 "lvgl/examples/styles/../../src/core/lv_event.h"
 154              		.file 16 "lvgl/examples/styles/../../src/hal/lv_hal_disp.h"
 155              		.file 17 "d:\\kzc\\stm32\\h743ii_lcd\\lvgl\\src\\misc\\lv_style_gen.h"
 156              		.file 18 "lvgl/examples/styles/../../src/widgets/lv_line.h"
ARM GAS  C:\Users\OSD\AppData\Local\Temp\cceLKsFk.s 			page 11


DEFINED SYMBOLS
                            *ABS*:00000000 lv_example_style_9.c
C:\Users\OSD\AppData\Local\Temp\cceLKsFk.s:19     .text.lv_example_style_9:00000000 $t
C:\Users\OSD\AppData\Local\Temp\cceLKsFk.s:25     .text.lv_example_style_9:00000000 lv_example_style_9
C:\Users\OSD\AppData\Local\Temp\cceLKsFk.s:116    .text.lv_example_style_9:00000058 $d
C:\Users\OSD\AppData\Local\Temp\cceLKsFk.s:122    .bss.style.1:00000000 $d
C:\Users\OSD\AppData\Local\Temp\cceLKsFk.s:126    .bss.style.1:00000000 style.1
C:\Users\OSD\AppData\Local\Temp\cceLKsFk.s:129    .data.p.0:00000000 $d
C:\Users\OSD\AppData\Local\Temp\cceLKsFk.s:133    .data.p.0:00000000 p.0

UNDEFINED SYMBOLS
lv_style_init
lv_palette_main
lv_style_set_line_color
lv_style_set_line_width
lv_style_set_line_rounded
lv_disp_get_default
lv_disp_get_scr_act
lv_line_create
lv_obj_add_style
lv_line_set_points
lv_obj_align
