ARM GAS  C:\Users\OSD\AppData\Local\Temp\cckwHtyF.s 			page 1


   1              		.cpu cortex-m7
   2              		.arch armv7e-m
   3              		.fpu fpv5-d16
   4              		.eabi_attribute 28, 1
   5              		.eabi_attribute 20, 1
   6              		.eabi_attribute 21, 1
   7              		.eabi_attribute 23, 3
   8              		.eabi_attribute 24, 1
   9              		.eabi_attribute 25, 1
  10              		.eabi_attribute 26, 1
  11              		.eabi_attribute 30, 1
  12              		.eabi_attribute 34, 1
  13              		.eabi_attribute 18, 4
  14              		.file	"lv_line.c"
  15              		.text
  16              	.Ltext0:
  17              		.cfi_sections	.debug_frame
  18              		.section	.text.lv_line_event,"ax",%progbits
  19              		.align	1
  20              		.syntax unified
  21              		.thumb
  22              		.thumb_func
  24              	lv_line_event:
  25              	.LVL0:
  26              	.LFB166:
  27              		.file 1 "lvgl/src/widgets/lv_line.c"
   1:lvgl/src/widgets/lv_line.c **** /**
   2:lvgl/src/widgets/lv_line.c ****  * @file lv_line.c
   3:lvgl/src/widgets/lv_line.c ****  *
   4:lvgl/src/widgets/lv_line.c ****  */
   5:lvgl/src/widgets/lv_line.c **** 
   6:lvgl/src/widgets/lv_line.c **** /*********************
   7:lvgl/src/widgets/lv_line.c ****  *      INCLUDES
   8:lvgl/src/widgets/lv_line.c ****  *********************/
   9:lvgl/src/widgets/lv_line.c **** #include "lv_line.h"
  10:lvgl/src/widgets/lv_line.c **** 
  11:lvgl/src/widgets/lv_line.c **** #if LV_USE_LINE != 0
  12:lvgl/src/widgets/lv_line.c **** #include "../misc/lv_assert.h"
  13:lvgl/src/widgets/lv_line.c **** #include "../draw/lv_draw.h"
  14:lvgl/src/widgets/lv_line.c **** #include "../misc/lv_math.h"
  15:lvgl/src/widgets/lv_line.c **** #include <stdbool.h>
  16:lvgl/src/widgets/lv_line.c **** #include <stdint.h>
  17:lvgl/src/widgets/lv_line.c **** #include <string.h>
  18:lvgl/src/widgets/lv_line.c **** 
  19:lvgl/src/widgets/lv_line.c **** /*********************
  20:lvgl/src/widgets/lv_line.c ****  *      DEFINES
  21:lvgl/src/widgets/lv_line.c ****  *********************/
  22:lvgl/src/widgets/lv_line.c **** #define MY_CLASS &lv_line_class
  23:lvgl/src/widgets/lv_line.c **** 
  24:lvgl/src/widgets/lv_line.c **** /**********************
  25:lvgl/src/widgets/lv_line.c ****  *      TYPEDEFS
  26:lvgl/src/widgets/lv_line.c ****  **********************/
  27:lvgl/src/widgets/lv_line.c **** 
  28:lvgl/src/widgets/lv_line.c **** /**********************
  29:lvgl/src/widgets/lv_line.c ****  *  STATIC PROTOTYPES
  30:lvgl/src/widgets/lv_line.c ****  **********************/
  31:lvgl/src/widgets/lv_line.c **** static void lv_line_constructor(const lv_obj_class_t * class_p, lv_obj_t * obj);
ARM GAS  C:\Users\OSD\AppData\Local\Temp\cckwHtyF.s 			page 2


  32:lvgl/src/widgets/lv_line.c **** static void lv_line_event(const lv_obj_class_t * class_p, lv_event_t * e);
  33:lvgl/src/widgets/lv_line.c **** 
  34:lvgl/src/widgets/lv_line.c **** /**********************
  35:lvgl/src/widgets/lv_line.c ****  *  STATIC VARIABLES
  36:lvgl/src/widgets/lv_line.c ****  **********************/
  37:lvgl/src/widgets/lv_line.c **** const lv_obj_class_t lv_line_class = {
  38:lvgl/src/widgets/lv_line.c ****     .constructor_cb = lv_line_constructor,
  39:lvgl/src/widgets/lv_line.c ****     .event_cb = lv_line_event,
  40:lvgl/src/widgets/lv_line.c ****     .width_def = LV_SIZE_CONTENT,
  41:lvgl/src/widgets/lv_line.c ****     .height_def = LV_SIZE_CONTENT,
  42:lvgl/src/widgets/lv_line.c ****     .instance_size = sizeof(lv_line_t),
  43:lvgl/src/widgets/lv_line.c ****     .base_class = &lv_obj_class
  44:lvgl/src/widgets/lv_line.c **** };
  45:lvgl/src/widgets/lv_line.c **** 
  46:lvgl/src/widgets/lv_line.c **** /**********************
  47:lvgl/src/widgets/lv_line.c ****  *      MACROS
  48:lvgl/src/widgets/lv_line.c ****  **********************/
  49:lvgl/src/widgets/lv_line.c **** 
  50:lvgl/src/widgets/lv_line.c **** /**********************
  51:lvgl/src/widgets/lv_line.c ****  *   GLOBAL FUNCTIONS
  52:lvgl/src/widgets/lv_line.c ****  **********************/
  53:lvgl/src/widgets/lv_line.c **** 
  54:lvgl/src/widgets/lv_line.c **** lv_obj_t * lv_line_create(lv_obj_t * parent)
  55:lvgl/src/widgets/lv_line.c **** {
  56:lvgl/src/widgets/lv_line.c ****     LV_LOG_INFO("begin");
  57:lvgl/src/widgets/lv_line.c ****     lv_obj_t * obj = lv_obj_class_create_obj(MY_CLASS, parent);
  58:lvgl/src/widgets/lv_line.c ****     lv_obj_class_init_obj(obj);
  59:lvgl/src/widgets/lv_line.c ****     return obj;
  60:lvgl/src/widgets/lv_line.c **** }
  61:lvgl/src/widgets/lv_line.c **** 
  62:lvgl/src/widgets/lv_line.c **** /*=====================
  63:lvgl/src/widgets/lv_line.c ****  * Setter functions
  64:lvgl/src/widgets/lv_line.c ****  *====================*/
  65:lvgl/src/widgets/lv_line.c **** 
  66:lvgl/src/widgets/lv_line.c **** void lv_line_set_points(lv_obj_t * obj, const lv_point_t points[], uint16_t point_num)
  67:lvgl/src/widgets/lv_line.c **** {
  68:lvgl/src/widgets/lv_line.c ****     LV_ASSERT_OBJ(obj, MY_CLASS);
  69:lvgl/src/widgets/lv_line.c **** 
  70:lvgl/src/widgets/lv_line.c ****     lv_line_t * line = (lv_line_t *)obj;
  71:lvgl/src/widgets/lv_line.c ****     line->point_array    = points;
  72:lvgl/src/widgets/lv_line.c ****     line->point_num      = point_num;
  73:lvgl/src/widgets/lv_line.c **** 
  74:lvgl/src/widgets/lv_line.c ****     lv_obj_refresh_self_size(obj);
  75:lvgl/src/widgets/lv_line.c **** 
  76:lvgl/src/widgets/lv_line.c ****     lv_obj_invalidate(obj);
  77:lvgl/src/widgets/lv_line.c **** }
  78:lvgl/src/widgets/lv_line.c **** 
  79:lvgl/src/widgets/lv_line.c **** void lv_line_set_y_invert(lv_obj_t * obj, bool en)
  80:lvgl/src/widgets/lv_line.c **** {
  81:lvgl/src/widgets/lv_line.c ****     LV_ASSERT_OBJ(obj, MY_CLASS);
  82:lvgl/src/widgets/lv_line.c **** 
  83:lvgl/src/widgets/lv_line.c ****     lv_line_t * line = (lv_line_t *)obj;
  84:lvgl/src/widgets/lv_line.c ****     if(line->y_inv == en) return;
  85:lvgl/src/widgets/lv_line.c **** 
  86:lvgl/src/widgets/lv_line.c ****     line->y_inv = en ? 1U : 0U;
  87:lvgl/src/widgets/lv_line.c **** 
  88:lvgl/src/widgets/lv_line.c ****     lv_obj_invalidate(obj);
ARM GAS  C:\Users\OSD\AppData\Local\Temp\cckwHtyF.s 			page 3


  89:lvgl/src/widgets/lv_line.c **** }
  90:lvgl/src/widgets/lv_line.c **** 
  91:lvgl/src/widgets/lv_line.c **** /*=====================
  92:lvgl/src/widgets/lv_line.c ****  * Getter functions
  93:lvgl/src/widgets/lv_line.c ****  *====================*/
  94:lvgl/src/widgets/lv_line.c **** 
  95:lvgl/src/widgets/lv_line.c **** bool lv_line_get_y_invert(const lv_obj_t * obj)
  96:lvgl/src/widgets/lv_line.c **** {
  97:lvgl/src/widgets/lv_line.c ****     LV_ASSERT_OBJ(obj, MY_CLASS);
  98:lvgl/src/widgets/lv_line.c **** 
  99:lvgl/src/widgets/lv_line.c ****     lv_line_t * line = (lv_line_t *)obj;
 100:lvgl/src/widgets/lv_line.c **** 
 101:lvgl/src/widgets/lv_line.c ****     return line->y_inv == 1U;
 102:lvgl/src/widgets/lv_line.c **** }
 103:lvgl/src/widgets/lv_line.c **** 
 104:lvgl/src/widgets/lv_line.c **** /**********************
 105:lvgl/src/widgets/lv_line.c ****  *   STATIC FUNCTIONS
 106:lvgl/src/widgets/lv_line.c ****  **********************/
 107:lvgl/src/widgets/lv_line.c **** 
 108:lvgl/src/widgets/lv_line.c **** static void lv_line_constructor(const lv_obj_class_t * class_p, lv_obj_t * obj)
 109:lvgl/src/widgets/lv_line.c **** {
 110:lvgl/src/widgets/lv_line.c ****     LV_UNUSED(class_p);
 111:lvgl/src/widgets/lv_line.c ****     LV_TRACE_OBJ_CREATE("begin");
 112:lvgl/src/widgets/lv_line.c **** 
 113:lvgl/src/widgets/lv_line.c ****     lv_line_t * line = (lv_line_t *)obj;
 114:lvgl/src/widgets/lv_line.c **** 
 115:lvgl/src/widgets/lv_line.c ****     line->point_num   = 0;
 116:lvgl/src/widgets/lv_line.c ****     line->point_array = NULL;
 117:lvgl/src/widgets/lv_line.c ****     line->y_inv       = 0;
 118:lvgl/src/widgets/lv_line.c **** 
 119:lvgl/src/widgets/lv_line.c ****     lv_obj_clear_flag(obj, LV_OBJ_FLAG_CLICKABLE);
 120:lvgl/src/widgets/lv_line.c **** 
 121:lvgl/src/widgets/lv_line.c ****     LV_TRACE_OBJ_CREATE("finished");
 122:lvgl/src/widgets/lv_line.c **** }
 123:lvgl/src/widgets/lv_line.c **** 
 124:lvgl/src/widgets/lv_line.c **** static void lv_line_event(const lv_obj_class_t * class_p, lv_event_t * e)
 125:lvgl/src/widgets/lv_line.c **** {
  28              		.loc 1 125 1 view -0
  29              		.cfi_startproc
  30              		@ args = 0, pretend = 0, frame = 32
  31              		@ frame_needed = 0, uses_anonymous_args = 0
  32              		.loc 1 125 1 is_stmt 0 view .LVU1
  33 0000 2DE9F043 		push	{r4, r5, r6, r7, r8, r9, lr}
  34              		.cfi_def_cfa_offset 28
  35              		.cfi_offset 4, -28
  36              		.cfi_offset 5, -24
  37              		.cfi_offset 6, -20
  38              		.cfi_offset 7, -16
  39              		.cfi_offset 8, -12
  40              		.cfi_offset 9, -8
  41              		.cfi_offset 14, -4
  42 0004 89B0     		sub	sp, sp, #36
  43              		.cfi_def_cfa_offset 64
  44 0006 0C46     		mov	r4, r1
 126:lvgl/src/widgets/lv_line.c ****     LV_UNUSED(class_p);
  45              		.loc 1 126 5 is_stmt 1 view .LVU2
 127:lvgl/src/widgets/lv_line.c **** 
ARM GAS  C:\Users\OSD\AppData\Local\Temp\cckwHtyF.s 			page 4


 128:lvgl/src/widgets/lv_line.c ****     lv_res_t res;
  46              		.loc 1 128 5 view .LVU3
 129:lvgl/src/widgets/lv_line.c **** 
 130:lvgl/src/widgets/lv_line.c ****     /*Call the ancestor's event handler*/
 131:lvgl/src/widgets/lv_line.c ****     res = lv_obj_event_base(MY_CLASS, e);
  47              		.loc 1 131 5 view .LVU4
  48              		.loc 1 131 11 is_stmt 0 view .LVU5
  49 0008 5C48     		ldr	r0, .L17
  50              	.LVL1:
  51              		.loc 1 131 11 view .LVU6
  52 000a FFF7FEFF 		bl	lv_obj_event_base
  53              	.LVL2:
 132:lvgl/src/widgets/lv_line.c ****     if(res != LV_RES_OK) return;
  54              		.loc 1 132 5 is_stmt 1 view .LVU7
  55              		.loc 1 132 7 is_stmt 0 view .LVU8
  56 000e 0128     		cmp	r0, #1
  57 0010 02D0     		beq	.L14
  58              	.LVL3:
  59              	.L1:
 133:lvgl/src/widgets/lv_line.c **** 
 134:lvgl/src/widgets/lv_line.c ****     lv_event_code_t code = lv_event_get_code(e);
 135:lvgl/src/widgets/lv_line.c ****     lv_obj_t * obj = lv_event_get_target(e);
 136:lvgl/src/widgets/lv_line.c **** 
 137:lvgl/src/widgets/lv_line.c ****     if(code == LV_EVENT_REFR_EXT_DRAW_SIZE) {
 138:lvgl/src/widgets/lv_line.c ****         /*The corner of the skew lines is out of the intended area*/
 139:lvgl/src/widgets/lv_line.c ****         lv_coord_t line_width = lv_obj_get_style_line_width(obj, LV_PART_MAIN);
 140:lvgl/src/widgets/lv_line.c ****         lv_coord_t * s = lv_event_get_param(e);
 141:lvgl/src/widgets/lv_line.c ****         if(*s < line_width) *s = line_width;
 142:lvgl/src/widgets/lv_line.c ****     }
 143:lvgl/src/widgets/lv_line.c ****     else if(code == LV_EVENT_GET_SELF_SIZE) {
 144:lvgl/src/widgets/lv_line.c ****         lv_line_t * line = (lv_line_t *)obj;
 145:lvgl/src/widgets/lv_line.c **** 
 146:lvgl/src/widgets/lv_line.c ****         if(line->point_num == 0 || line->point_array == NULL) return;
 147:lvgl/src/widgets/lv_line.c **** 
 148:lvgl/src/widgets/lv_line.c ****         lv_point_t * p = lv_event_get_param(e);
 149:lvgl/src/widgets/lv_line.c ****         lv_coord_t w = 0;
 150:lvgl/src/widgets/lv_line.c ****         lv_coord_t h = 0;
 151:lvgl/src/widgets/lv_line.c **** 
 152:lvgl/src/widgets/lv_line.c ****         uint16_t i;
 153:lvgl/src/widgets/lv_line.c ****         for(i = 0; i < line->point_num; i++) {
 154:lvgl/src/widgets/lv_line.c ****             w = LV_MAX(line->point_array[i].x, w);
 155:lvgl/src/widgets/lv_line.c ****             h = LV_MAX(line->point_array[i].y, h);
 156:lvgl/src/widgets/lv_line.c ****         }
 157:lvgl/src/widgets/lv_line.c **** 
 158:lvgl/src/widgets/lv_line.c ****         lv_coord_t line_width = lv_obj_get_style_line_width(obj, LV_PART_MAIN);
 159:lvgl/src/widgets/lv_line.c ****         w += line_width;
 160:lvgl/src/widgets/lv_line.c ****         h += line_width;
 161:lvgl/src/widgets/lv_line.c ****         p->x = w;
 162:lvgl/src/widgets/lv_line.c ****         p->y = h;
 163:lvgl/src/widgets/lv_line.c ****     }
 164:lvgl/src/widgets/lv_line.c ****     else if(code == LV_EVENT_DRAW_MAIN) {
 165:lvgl/src/widgets/lv_line.c ****         lv_line_t * line = (lv_line_t *)obj;
 166:lvgl/src/widgets/lv_line.c ****         lv_draw_ctx_t * draw_ctx = lv_event_get_draw_ctx(e);
 167:lvgl/src/widgets/lv_line.c **** 
 168:lvgl/src/widgets/lv_line.c ****         if(line->point_num == 0 || line->point_array == NULL) return;
 169:lvgl/src/widgets/lv_line.c **** 
 170:lvgl/src/widgets/lv_line.c ****         lv_area_t area;
ARM GAS  C:\Users\OSD\AppData\Local\Temp\cckwHtyF.s 			page 5


 171:lvgl/src/widgets/lv_line.c ****         lv_obj_get_coords(obj, &area);
 172:lvgl/src/widgets/lv_line.c ****         lv_coord_t x_ofs = area.x1 - lv_obj_get_scroll_x(obj);
 173:lvgl/src/widgets/lv_line.c ****         lv_coord_t y_ofs = area.y1 - lv_obj_get_scroll_y(obj);
 174:lvgl/src/widgets/lv_line.c ****         lv_coord_t h = lv_obj_get_height(obj);
 175:lvgl/src/widgets/lv_line.c **** 
 176:lvgl/src/widgets/lv_line.c ****         lv_draw_line_dsc_t line_dsc;
 177:lvgl/src/widgets/lv_line.c ****         lv_draw_line_dsc_init(&line_dsc);
 178:lvgl/src/widgets/lv_line.c ****         lv_obj_init_draw_line_dsc(obj, LV_PART_MAIN, &line_dsc);
 179:lvgl/src/widgets/lv_line.c **** 
 180:lvgl/src/widgets/lv_line.c ****         /*Read all points and draw the lines*/
 181:lvgl/src/widgets/lv_line.c ****         uint16_t i;
 182:lvgl/src/widgets/lv_line.c ****         for(i = 0; i < line->point_num - 1; i++) {
 183:lvgl/src/widgets/lv_line.c ****             lv_point_t p1;
 184:lvgl/src/widgets/lv_line.c ****             lv_point_t p2;
 185:lvgl/src/widgets/lv_line.c ****             p1.x = line->point_array[i].x + x_ofs;
 186:lvgl/src/widgets/lv_line.c ****             p2.x = line->point_array[i + 1].x + x_ofs;
 187:lvgl/src/widgets/lv_line.c **** 
 188:lvgl/src/widgets/lv_line.c ****             if(line->y_inv == 0) {
 189:lvgl/src/widgets/lv_line.c ****                 p1.y = line->point_array[i].y + y_ofs;
 190:lvgl/src/widgets/lv_line.c ****                 p2.y = line->point_array[i + 1].y + y_ofs;
 191:lvgl/src/widgets/lv_line.c ****             }
 192:lvgl/src/widgets/lv_line.c ****             else {
 193:lvgl/src/widgets/lv_line.c ****                 p1.y = h - line->point_array[i].y + y_ofs;
 194:lvgl/src/widgets/lv_line.c ****                 p2.y = h - line->point_array[i + 1].y + y_ofs;
 195:lvgl/src/widgets/lv_line.c ****             }
 196:lvgl/src/widgets/lv_line.c ****             lv_draw_line(draw_ctx, &line_dsc, &p1, &p2);
 197:lvgl/src/widgets/lv_line.c ****             line_dsc.round_start = 0;   /*Draw the rounding only on the end points after the first 
 198:lvgl/src/widgets/lv_line.c ****         }
 199:lvgl/src/widgets/lv_line.c ****     }
 200:lvgl/src/widgets/lv_line.c **** }
  60              		.loc 1 200 1 view .LVU9
  61 0012 09B0     		add	sp, sp, #36
  62              		.cfi_remember_state
  63              		.cfi_def_cfa_offset 28
  64              		@ sp needed
  65 0014 BDE8F083 		pop	{r4, r5, r6, r7, r8, r9, pc}
  66              	.LVL4:
  67              	.L14:
  68              		.cfi_restore_state
 134:lvgl/src/widgets/lv_line.c ****     lv_obj_t * obj = lv_event_get_target(e);
  69              		.loc 1 134 5 is_stmt 1 view .LVU10
 134:lvgl/src/widgets/lv_line.c ****     lv_obj_t * obj = lv_event_get_target(e);
  70              		.loc 1 134 28 is_stmt 0 view .LVU11
  71 0018 2046     		mov	r0, r4
  72              	.LVL5:
 134:lvgl/src/widgets/lv_line.c ****     lv_obj_t * obj = lv_event_get_target(e);
  73              		.loc 1 134 28 view .LVU12
  74 001a FFF7FEFF 		bl	lv_event_get_code
  75              	.LVL6:
  76 001e 0646     		mov	r6, r0
  77              	.LVL7:
 135:lvgl/src/widgets/lv_line.c **** 
  78              		.loc 1 135 5 is_stmt 1 view .LVU13
 135:lvgl/src/widgets/lv_line.c **** 
  79              		.loc 1 135 22 is_stmt 0 view .LVU14
  80 0020 2046     		mov	r0, r4
  81 0022 FFF7FEFF 		bl	lv_event_get_target
ARM GAS  C:\Users\OSD\AppData\Local\Temp\cckwHtyF.s 			page 6


  82              	.LVL8:
  83 0026 0546     		mov	r5, r0
  84              	.LVL9:
 137:lvgl/src/widgets/lv_line.c ****         /*The corner of the skew lines is out of the intended area*/
  85              		.loc 1 137 5 is_stmt 1 view .LVU15
 137:lvgl/src/widgets/lv_line.c ****         /*The corner of the skew lines is out of the intended area*/
  86              		.loc 1 137 7 is_stmt 0 view .LVU16
  87 0028 132E     		cmp	r6, #19
  88 002a 2FD0     		beq	.L15
 143:lvgl/src/widgets/lv_line.c ****         lv_line_t * line = (lv_line_t *)obj;
  89              		.loc 1 143 10 is_stmt 1 view .LVU17
 143:lvgl/src/widgets/lv_line.c ****         lv_line_t * line = (lv_line_t *)obj;
  90              		.loc 1 143 12 is_stmt 0 view .LVU18
  91 002c 2C2E     		cmp	r6, #44
  92 002e 3BD0     		beq	.L16
 164:lvgl/src/widgets/lv_line.c ****         lv_line_t * line = (lv_line_t *)obj;
  93              		.loc 1 164 10 is_stmt 1 view .LVU19
 164:lvgl/src/widgets/lv_line.c ****         lv_line_t * line = (lv_line_t *)obj;
  94              		.loc 1 164 12 is_stmt 0 view .LVU20
  95 0030 152E     		cmp	r6, #21
  96 0032 EED1     		bne	.L1
  97              	.LBB10:
 165:lvgl/src/widgets/lv_line.c ****         lv_draw_ctx_t * draw_ctx = lv_event_get_draw_ctx(e);
  98              		.loc 1 165 9 is_stmt 1 view .LVU21
  99              	.LVL10:
 166:lvgl/src/widgets/lv_line.c **** 
 100              		.loc 1 166 9 view .LVU22
 166:lvgl/src/widgets/lv_line.c **** 
 101              		.loc 1 166 36 is_stmt 0 view .LVU23
 102 0034 2046     		mov	r0, r4
 103              	.LVL11:
 166:lvgl/src/widgets/lv_line.c **** 
 104              		.loc 1 166 36 view .LVU24
 105 0036 FFF7FEFF 		bl	lv_event_get_draw_ctx
 106              	.LVL12:
 107 003a 8046     		mov	r8, r0
 108              	.LVL13:
 168:lvgl/src/widgets/lv_line.c **** 
 109              		.loc 1 168 9 is_stmt 1 view .LVU25
 168:lvgl/src/widgets/lv_line.c **** 
 110              		.loc 1 168 16 is_stmt 0 view .LVU26
 111 003c 2B8D     		ldrh	r3, [r5, #40]
 168:lvgl/src/widgets/lv_line.c **** 
 112              		.loc 1 168 11 view .LVU27
 113 003e 002B     		cmp	r3, #0
 114 0040 E7D0     		beq	.L1
 168:lvgl/src/widgets/lv_line.c **** 
 115              		.loc 1 168 40 discriminator 2 view .LVU28
 116 0042 6B6A     		ldr	r3, [r5, #36]
 168:lvgl/src/widgets/lv_line.c **** 
 117              		.loc 1 168 33 discriminator 2 view .LVU29
 118 0044 002B     		cmp	r3, #0
 119 0046 E4D0     		beq	.L1
 170:lvgl/src/widgets/lv_line.c ****         lv_obj_get_coords(obj, &area);
 120              		.loc 1 170 9 is_stmt 1 view .LVU30
 171:lvgl/src/widgets/lv_line.c ****         lv_coord_t x_ofs = area.x1 - lv_obj_get_scroll_x(obj);
 121              		.loc 1 171 9 view .LVU31
ARM GAS  C:\Users\OSD\AppData\Local\Temp\cckwHtyF.s 			page 7


 122 0048 03A9     		add	r1, sp, #12
 123 004a 2846     		mov	r0, r5
 124              	.LVL14:
 171:lvgl/src/widgets/lv_line.c ****         lv_coord_t x_ofs = area.x1 - lv_obj_get_scroll_x(obj);
 125              		.loc 1 171 9 is_stmt 0 view .LVU32
 126 004c FFF7FEFF 		bl	lv_obj_get_coords
 127              	.LVL15:
 172:lvgl/src/widgets/lv_line.c ****         lv_coord_t y_ofs = area.y1 - lv_obj_get_scroll_y(obj);
 128              		.loc 1 172 9 is_stmt 1 view .LVU33
 172:lvgl/src/widgets/lv_line.c ****         lv_coord_t y_ofs = area.y1 - lv_obj_get_scroll_y(obj);
 129              		.loc 1 172 32 is_stmt 0 view .LVU34
 130 0050 BDF80C60 		ldrh	r6, [sp, #12]
 131              	.LVL16:
 172:lvgl/src/widgets/lv_line.c ****         lv_coord_t y_ofs = area.y1 - lv_obj_get_scroll_y(obj);
 132              		.loc 1 172 38 view .LVU35
 133 0054 2846     		mov	r0, r5
 134 0056 FFF7FEFF 		bl	lv_obj_get_scroll_x
 135              	.LVL17:
 136 005a 80B2     		uxth	r0, r0
 172:lvgl/src/widgets/lv_line.c ****         lv_coord_t y_ofs = area.y1 - lv_obj_get_scroll_y(obj);
 137              		.loc 1 172 36 view .LVU36
 138 005c 361A     		subs	r6, r6, r0
 139 005e B6B2     		uxth	r6, r6
 140              	.LVL18:
 173:lvgl/src/widgets/lv_line.c ****         lv_coord_t h = lv_obj_get_height(obj);
 141              		.loc 1 173 9 is_stmt 1 view .LVU37
 173:lvgl/src/widgets/lv_line.c ****         lv_coord_t h = lv_obj_get_height(obj);
 142              		.loc 1 173 32 is_stmt 0 view .LVU38
 143 0060 BDF80E70 		ldrh	r7, [sp, #14]
 173:lvgl/src/widgets/lv_line.c ****         lv_coord_t h = lv_obj_get_height(obj);
 144              		.loc 1 173 38 view .LVU39
 145 0064 2846     		mov	r0, r5
 146 0066 FFF7FEFF 		bl	lv_obj_get_scroll_y
 147              	.LVL19:
 148 006a 80B2     		uxth	r0, r0
 173:lvgl/src/widgets/lv_line.c ****         lv_coord_t h = lv_obj_get_height(obj);
 149              		.loc 1 173 36 view .LVU40
 150 006c 3F1A     		subs	r7, r7, r0
 151 006e BFB2     		uxth	r7, r7
 152              	.LVL20:
 174:lvgl/src/widgets/lv_line.c **** 
 153              		.loc 1 174 9 is_stmt 1 view .LVU41
 174:lvgl/src/widgets/lv_line.c **** 
 154              		.loc 1 174 24 is_stmt 0 view .LVU42
 155 0070 2846     		mov	r0, r5
 156 0072 FFF7FEFF 		bl	lv_obj_get_height
 157              	.LVL21:
 158 0076 8146     		mov	r9, r0
 159              	.LVL22:
 176:lvgl/src/widgets/lv_line.c ****         lv_draw_line_dsc_init(&line_dsc);
 160              		.loc 1 176 9 is_stmt 1 view .LVU43
 177:lvgl/src/widgets/lv_line.c ****         lv_obj_init_draw_line_dsc(obj, LV_PART_MAIN, &line_dsc);
 161              		.loc 1 177 9 view .LVU44
 162 0078 05A8     		add	r0, sp, #20
 163 007a FFF7FEFF 		bl	lv_draw_line_dsc_init
 164              	.LVL23:
 178:lvgl/src/widgets/lv_line.c **** 
ARM GAS  C:\Users\OSD\AppData\Local\Temp\cckwHtyF.s 			page 8


 165              		.loc 1 178 9 view .LVU45
 166 007e 05AA     		add	r2, sp, #20
 167 0080 0021     		movs	r1, #0
 168 0082 2846     		mov	r0, r5
 169 0084 FFF7FEFF 		bl	lv_obj_init_draw_line_dsc
 170              	.LVL24:
 181:lvgl/src/widgets/lv_line.c ****         for(i = 0; i < line->point_num - 1; i++) {
 171              		.loc 1 181 9 view .LVU46
 182:lvgl/src/widgets/lv_line.c ****             lv_point_t p1;
 172              		.loc 1 182 9 view .LVU47
 182:lvgl/src/widgets/lv_line.c ****             lv_point_t p1;
 173              		.loc 1 182 15 is_stmt 0 view .LVU48
 174 0088 0024     		movs	r4, #0
 175              	.LVL25:
 182:lvgl/src/widgets/lv_line.c ****             lv_point_t p1;
 176              		.loc 1 182 9 view .LVU49
 177 008a 54E0     		b	.L9
 178              	.LVL26:
 179              	.L15:
 182:lvgl/src/widgets/lv_line.c ****             lv_point_t p1;
 180              		.loc 1 182 9 view .LVU50
 181              	.LBE10:
 182              	.LBB13:
 139:lvgl/src/widgets/lv_line.c ****         lv_coord_t * s = lv_event_get_param(e);
 183              		.loc 1 139 9 is_stmt 1 view .LVU51
 184              	.LBB14:
 185              	.LBI14:
 186              		.file 2 "lvgl/src/widgets/../core/lv_obj_style_gen.h"
   1:lvgl/src/widgets/../core/lv_obj_style_gen.h **** static inline lv_coord_t lv_obj_get_style_width(const struct _lv_obj_t * obj, uint32_t part)
   2:lvgl/src/widgets/../core/lv_obj_style_gen.h **** {
   3:lvgl/src/widgets/../core/lv_obj_style_gen.h ****     lv_style_value_t v = lv_obj_get_style_prop(obj, part, LV_STYLE_WIDTH);
   4:lvgl/src/widgets/../core/lv_obj_style_gen.h ****     return (lv_coord_t)v.num;
   5:lvgl/src/widgets/../core/lv_obj_style_gen.h **** }
   6:lvgl/src/widgets/../core/lv_obj_style_gen.h **** 
   7:lvgl/src/widgets/../core/lv_obj_style_gen.h **** static inline lv_coord_t lv_obj_get_style_min_width(const struct _lv_obj_t * obj, uint32_t part)
   8:lvgl/src/widgets/../core/lv_obj_style_gen.h **** {
   9:lvgl/src/widgets/../core/lv_obj_style_gen.h ****     lv_style_value_t v = lv_obj_get_style_prop(obj, part, LV_STYLE_MIN_WIDTH);
  10:lvgl/src/widgets/../core/lv_obj_style_gen.h ****     return (lv_coord_t)v.num;
  11:lvgl/src/widgets/../core/lv_obj_style_gen.h **** }
  12:lvgl/src/widgets/../core/lv_obj_style_gen.h **** 
  13:lvgl/src/widgets/../core/lv_obj_style_gen.h **** static inline lv_coord_t lv_obj_get_style_max_width(const struct _lv_obj_t * obj, uint32_t part)
  14:lvgl/src/widgets/../core/lv_obj_style_gen.h **** {
  15:lvgl/src/widgets/../core/lv_obj_style_gen.h ****     lv_style_value_t v = lv_obj_get_style_prop(obj, part, LV_STYLE_MAX_WIDTH);
  16:lvgl/src/widgets/../core/lv_obj_style_gen.h ****     return (lv_coord_t)v.num;
  17:lvgl/src/widgets/../core/lv_obj_style_gen.h **** }
  18:lvgl/src/widgets/../core/lv_obj_style_gen.h **** 
  19:lvgl/src/widgets/../core/lv_obj_style_gen.h **** static inline lv_coord_t lv_obj_get_style_height(const struct _lv_obj_t * obj, uint32_t part)
  20:lvgl/src/widgets/../core/lv_obj_style_gen.h **** {
  21:lvgl/src/widgets/../core/lv_obj_style_gen.h ****     lv_style_value_t v = lv_obj_get_style_prop(obj, part, LV_STYLE_HEIGHT);
  22:lvgl/src/widgets/../core/lv_obj_style_gen.h ****     return (lv_coord_t)v.num;
  23:lvgl/src/widgets/../core/lv_obj_style_gen.h **** }
  24:lvgl/src/widgets/../core/lv_obj_style_gen.h **** 
  25:lvgl/src/widgets/../core/lv_obj_style_gen.h **** static inline lv_coord_t lv_obj_get_style_min_height(const struct _lv_obj_t * obj, uint32_t part)
  26:lvgl/src/widgets/../core/lv_obj_style_gen.h **** {
  27:lvgl/src/widgets/../core/lv_obj_style_gen.h ****     lv_style_value_t v = lv_obj_get_style_prop(obj, part, LV_STYLE_MIN_HEIGHT);
  28:lvgl/src/widgets/../core/lv_obj_style_gen.h ****     return (lv_coord_t)v.num;
  29:lvgl/src/widgets/../core/lv_obj_style_gen.h **** }
ARM GAS  C:\Users\OSD\AppData\Local\Temp\cckwHtyF.s 			page 9


  30:lvgl/src/widgets/../core/lv_obj_style_gen.h **** 
  31:lvgl/src/widgets/../core/lv_obj_style_gen.h **** static inline lv_coord_t lv_obj_get_style_max_height(const struct _lv_obj_t * obj, uint32_t part)
  32:lvgl/src/widgets/../core/lv_obj_style_gen.h **** {
  33:lvgl/src/widgets/../core/lv_obj_style_gen.h ****     lv_style_value_t v = lv_obj_get_style_prop(obj, part, LV_STYLE_MAX_HEIGHT);
  34:lvgl/src/widgets/../core/lv_obj_style_gen.h ****     return (lv_coord_t)v.num;
  35:lvgl/src/widgets/../core/lv_obj_style_gen.h **** }
  36:lvgl/src/widgets/../core/lv_obj_style_gen.h **** 
  37:lvgl/src/widgets/../core/lv_obj_style_gen.h **** static inline lv_coord_t lv_obj_get_style_x(const struct _lv_obj_t * obj, uint32_t part)
  38:lvgl/src/widgets/../core/lv_obj_style_gen.h **** {
  39:lvgl/src/widgets/../core/lv_obj_style_gen.h ****     lv_style_value_t v = lv_obj_get_style_prop(obj, part, LV_STYLE_X);
  40:lvgl/src/widgets/../core/lv_obj_style_gen.h ****     return (lv_coord_t)v.num;
  41:lvgl/src/widgets/../core/lv_obj_style_gen.h **** }
  42:lvgl/src/widgets/../core/lv_obj_style_gen.h **** 
  43:lvgl/src/widgets/../core/lv_obj_style_gen.h **** static inline lv_coord_t lv_obj_get_style_y(const struct _lv_obj_t * obj, uint32_t part)
  44:lvgl/src/widgets/../core/lv_obj_style_gen.h **** {
  45:lvgl/src/widgets/../core/lv_obj_style_gen.h ****     lv_style_value_t v = lv_obj_get_style_prop(obj, part, LV_STYLE_Y);
  46:lvgl/src/widgets/../core/lv_obj_style_gen.h ****     return (lv_coord_t)v.num;
  47:lvgl/src/widgets/../core/lv_obj_style_gen.h **** }
  48:lvgl/src/widgets/../core/lv_obj_style_gen.h **** 
  49:lvgl/src/widgets/../core/lv_obj_style_gen.h **** static inline lv_align_t lv_obj_get_style_align(const struct _lv_obj_t * obj, uint32_t part)
  50:lvgl/src/widgets/../core/lv_obj_style_gen.h **** {
  51:lvgl/src/widgets/../core/lv_obj_style_gen.h ****     lv_style_value_t v = lv_obj_get_style_prop(obj, part, LV_STYLE_ALIGN);
  52:lvgl/src/widgets/../core/lv_obj_style_gen.h ****     return (lv_align_t)v.num;
  53:lvgl/src/widgets/../core/lv_obj_style_gen.h **** }
  54:lvgl/src/widgets/../core/lv_obj_style_gen.h **** 
  55:lvgl/src/widgets/../core/lv_obj_style_gen.h **** static inline lv_coord_t lv_obj_get_style_transform_width(const struct _lv_obj_t * obj, uint32_t pa
  56:lvgl/src/widgets/../core/lv_obj_style_gen.h **** {
  57:lvgl/src/widgets/../core/lv_obj_style_gen.h ****     lv_style_value_t v = lv_obj_get_style_prop(obj, part, LV_STYLE_TRANSFORM_WIDTH);
  58:lvgl/src/widgets/../core/lv_obj_style_gen.h ****     return (lv_coord_t)v.num;
  59:lvgl/src/widgets/../core/lv_obj_style_gen.h **** }
  60:lvgl/src/widgets/../core/lv_obj_style_gen.h **** 
  61:lvgl/src/widgets/../core/lv_obj_style_gen.h **** static inline lv_coord_t lv_obj_get_style_transform_height(const struct _lv_obj_t * obj, uint32_t p
  62:lvgl/src/widgets/../core/lv_obj_style_gen.h **** {
  63:lvgl/src/widgets/../core/lv_obj_style_gen.h ****     lv_style_value_t v = lv_obj_get_style_prop(obj, part, LV_STYLE_TRANSFORM_HEIGHT);
  64:lvgl/src/widgets/../core/lv_obj_style_gen.h ****     return (lv_coord_t)v.num;
  65:lvgl/src/widgets/../core/lv_obj_style_gen.h **** }
  66:lvgl/src/widgets/../core/lv_obj_style_gen.h **** 
  67:lvgl/src/widgets/../core/lv_obj_style_gen.h **** static inline lv_coord_t lv_obj_get_style_translate_x(const struct _lv_obj_t * obj, uint32_t part)
  68:lvgl/src/widgets/../core/lv_obj_style_gen.h **** {
  69:lvgl/src/widgets/../core/lv_obj_style_gen.h ****     lv_style_value_t v = lv_obj_get_style_prop(obj, part, LV_STYLE_TRANSLATE_X);
  70:lvgl/src/widgets/../core/lv_obj_style_gen.h ****     return (lv_coord_t)v.num;
  71:lvgl/src/widgets/../core/lv_obj_style_gen.h **** }
  72:lvgl/src/widgets/../core/lv_obj_style_gen.h **** 
  73:lvgl/src/widgets/../core/lv_obj_style_gen.h **** static inline lv_coord_t lv_obj_get_style_translate_y(const struct _lv_obj_t * obj, uint32_t part)
  74:lvgl/src/widgets/../core/lv_obj_style_gen.h **** {
  75:lvgl/src/widgets/../core/lv_obj_style_gen.h ****     lv_style_value_t v = lv_obj_get_style_prop(obj, part, LV_STYLE_TRANSLATE_Y);
  76:lvgl/src/widgets/../core/lv_obj_style_gen.h ****     return (lv_coord_t)v.num;
  77:lvgl/src/widgets/../core/lv_obj_style_gen.h **** }
  78:lvgl/src/widgets/../core/lv_obj_style_gen.h **** 
  79:lvgl/src/widgets/../core/lv_obj_style_gen.h **** static inline lv_coord_t lv_obj_get_style_transform_zoom(const struct _lv_obj_t * obj, uint32_t par
  80:lvgl/src/widgets/../core/lv_obj_style_gen.h **** {
  81:lvgl/src/widgets/../core/lv_obj_style_gen.h ****     lv_style_value_t v = lv_obj_get_style_prop(obj, part, LV_STYLE_TRANSFORM_ZOOM);
  82:lvgl/src/widgets/../core/lv_obj_style_gen.h ****     return (lv_coord_t)v.num;
  83:lvgl/src/widgets/../core/lv_obj_style_gen.h **** }
  84:lvgl/src/widgets/../core/lv_obj_style_gen.h **** 
  85:lvgl/src/widgets/../core/lv_obj_style_gen.h **** static inline lv_coord_t lv_obj_get_style_transform_angle(const struct _lv_obj_t * obj, uint32_t pa
  86:lvgl/src/widgets/../core/lv_obj_style_gen.h **** {
ARM GAS  C:\Users\OSD\AppData\Local\Temp\cckwHtyF.s 			page 10


  87:lvgl/src/widgets/../core/lv_obj_style_gen.h ****     lv_style_value_t v = lv_obj_get_style_prop(obj, part, LV_STYLE_TRANSFORM_ANGLE);
  88:lvgl/src/widgets/../core/lv_obj_style_gen.h ****     return (lv_coord_t)v.num;
  89:lvgl/src/widgets/../core/lv_obj_style_gen.h **** }
  90:lvgl/src/widgets/../core/lv_obj_style_gen.h **** 
  91:lvgl/src/widgets/../core/lv_obj_style_gen.h **** static inline lv_coord_t lv_obj_get_style_transform_pivot_x(const struct _lv_obj_t * obj, uint32_t 
  92:lvgl/src/widgets/../core/lv_obj_style_gen.h **** {
  93:lvgl/src/widgets/../core/lv_obj_style_gen.h ****     lv_style_value_t v = lv_obj_get_style_prop(obj, part, LV_STYLE_TRANSFORM_PIVOT_X);
  94:lvgl/src/widgets/../core/lv_obj_style_gen.h ****     return (lv_coord_t)v.num;
  95:lvgl/src/widgets/../core/lv_obj_style_gen.h **** }
  96:lvgl/src/widgets/../core/lv_obj_style_gen.h **** 
  97:lvgl/src/widgets/../core/lv_obj_style_gen.h **** static inline lv_coord_t lv_obj_get_style_transform_pivot_y(const struct _lv_obj_t * obj, uint32_t 
  98:lvgl/src/widgets/../core/lv_obj_style_gen.h **** {
  99:lvgl/src/widgets/../core/lv_obj_style_gen.h ****     lv_style_value_t v = lv_obj_get_style_prop(obj, part, LV_STYLE_TRANSFORM_PIVOT_Y);
 100:lvgl/src/widgets/../core/lv_obj_style_gen.h ****     return (lv_coord_t)v.num;
 101:lvgl/src/widgets/../core/lv_obj_style_gen.h **** }
 102:lvgl/src/widgets/../core/lv_obj_style_gen.h **** 
 103:lvgl/src/widgets/../core/lv_obj_style_gen.h **** static inline lv_coord_t lv_obj_get_style_pad_top(const struct _lv_obj_t * obj, uint32_t part)
 104:lvgl/src/widgets/../core/lv_obj_style_gen.h **** {
 105:lvgl/src/widgets/../core/lv_obj_style_gen.h ****     lv_style_value_t v = lv_obj_get_style_prop(obj, part, LV_STYLE_PAD_TOP);
 106:lvgl/src/widgets/../core/lv_obj_style_gen.h ****     return (lv_coord_t)v.num;
 107:lvgl/src/widgets/../core/lv_obj_style_gen.h **** }
 108:lvgl/src/widgets/../core/lv_obj_style_gen.h **** 
 109:lvgl/src/widgets/../core/lv_obj_style_gen.h **** static inline lv_coord_t lv_obj_get_style_pad_bottom(const struct _lv_obj_t * obj, uint32_t part)
 110:lvgl/src/widgets/../core/lv_obj_style_gen.h **** {
 111:lvgl/src/widgets/../core/lv_obj_style_gen.h ****     lv_style_value_t v = lv_obj_get_style_prop(obj, part, LV_STYLE_PAD_BOTTOM);
 112:lvgl/src/widgets/../core/lv_obj_style_gen.h ****     return (lv_coord_t)v.num;
 113:lvgl/src/widgets/../core/lv_obj_style_gen.h **** }
 114:lvgl/src/widgets/../core/lv_obj_style_gen.h **** 
 115:lvgl/src/widgets/../core/lv_obj_style_gen.h **** static inline lv_coord_t lv_obj_get_style_pad_left(const struct _lv_obj_t * obj, uint32_t part)
 116:lvgl/src/widgets/../core/lv_obj_style_gen.h **** {
 117:lvgl/src/widgets/../core/lv_obj_style_gen.h ****     lv_style_value_t v = lv_obj_get_style_prop(obj, part, LV_STYLE_PAD_LEFT);
 118:lvgl/src/widgets/../core/lv_obj_style_gen.h ****     return (lv_coord_t)v.num;
 119:lvgl/src/widgets/../core/lv_obj_style_gen.h **** }
 120:lvgl/src/widgets/../core/lv_obj_style_gen.h **** 
 121:lvgl/src/widgets/../core/lv_obj_style_gen.h **** static inline lv_coord_t lv_obj_get_style_pad_right(const struct _lv_obj_t * obj, uint32_t part)
 122:lvgl/src/widgets/../core/lv_obj_style_gen.h **** {
 123:lvgl/src/widgets/../core/lv_obj_style_gen.h ****     lv_style_value_t v = lv_obj_get_style_prop(obj, part, LV_STYLE_PAD_RIGHT);
 124:lvgl/src/widgets/../core/lv_obj_style_gen.h ****     return (lv_coord_t)v.num;
 125:lvgl/src/widgets/../core/lv_obj_style_gen.h **** }
 126:lvgl/src/widgets/../core/lv_obj_style_gen.h **** 
 127:lvgl/src/widgets/../core/lv_obj_style_gen.h **** static inline lv_coord_t lv_obj_get_style_pad_row(const struct _lv_obj_t * obj, uint32_t part)
 128:lvgl/src/widgets/../core/lv_obj_style_gen.h **** {
 129:lvgl/src/widgets/../core/lv_obj_style_gen.h ****     lv_style_value_t v = lv_obj_get_style_prop(obj, part, LV_STYLE_PAD_ROW);
 130:lvgl/src/widgets/../core/lv_obj_style_gen.h ****     return (lv_coord_t)v.num;
 131:lvgl/src/widgets/../core/lv_obj_style_gen.h **** }
 132:lvgl/src/widgets/../core/lv_obj_style_gen.h **** 
 133:lvgl/src/widgets/../core/lv_obj_style_gen.h **** static inline lv_coord_t lv_obj_get_style_pad_column(const struct _lv_obj_t * obj, uint32_t part)
 134:lvgl/src/widgets/../core/lv_obj_style_gen.h **** {
 135:lvgl/src/widgets/../core/lv_obj_style_gen.h ****     lv_style_value_t v = lv_obj_get_style_prop(obj, part, LV_STYLE_PAD_COLUMN);
 136:lvgl/src/widgets/../core/lv_obj_style_gen.h ****     return (lv_coord_t)v.num;
 137:lvgl/src/widgets/../core/lv_obj_style_gen.h **** }
 138:lvgl/src/widgets/../core/lv_obj_style_gen.h **** 
 139:lvgl/src/widgets/../core/lv_obj_style_gen.h **** static inline lv_color_t lv_obj_get_style_bg_color(const struct _lv_obj_t * obj, uint32_t part)
 140:lvgl/src/widgets/../core/lv_obj_style_gen.h **** {
 141:lvgl/src/widgets/../core/lv_obj_style_gen.h ****     lv_style_value_t v = lv_obj_get_style_prop(obj, part, LV_STYLE_BG_COLOR);
 142:lvgl/src/widgets/../core/lv_obj_style_gen.h ****     return v.color;
 143:lvgl/src/widgets/../core/lv_obj_style_gen.h **** }
ARM GAS  C:\Users\OSD\AppData\Local\Temp\cckwHtyF.s 			page 11


 144:lvgl/src/widgets/../core/lv_obj_style_gen.h **** 
 145:lvgl/src/widgets/../core/lv_obj_style_gen.h **** static inline lv_color_t lv_obj_get_style_bg_color_filtered(const struct _lv_obj_t * obj, uint32_t 
 146:lvgl/src/widgets/../core/lv_obj_style_gen.h **** {
 147:lvgl/src/widgets/../core/lv_obj_style_gen.h ****     lv_style_value_t v = _lv_obj_style_apply_color_filter(obj, part, lv_obj_get_style_prop(obj, par
 148:lvgl/src/widgets/../core/lv_obj_style_gen.h ****     return v.color;
 149:lvgl/src/widgets/../core/lv_obj_style_gen.h **** }
 150:lvgl/src/widgets/../core/lv_obj_style_gen.h **** 
 151:lvgl/src/widgets/../core/lv_obj_style_gen.h **** static inline lv_opa_t lv_obj_get_style_bg_opa(const struct _lv_obj_t * obj, uint32_t part)
 152:lvgl/src/widgets/../core/lv_obj_style_gen.h **** {
 153:lvgl/src/widgets/../core/lv_obj_style_gen.h ****     lv_style_value_t v = lv_obj_get_style_prop(obj, part, LV_STYLE_BG_OPA);
 154:lvgl/src/widgets/../core/lv_obj_style_gen.h ****     return (lv_opa_t)v.num;
 155:lvgl/src/widgets/../core/lv_obj_style_gen.h **** }
 156:lvgl/src/widgets/../core/lv_obj_style_gen.h **** 
 157:lvgl/src/widgets/../core/lv_obj_style_gen.h **** static inline lv_color_t lv_obj_get_style_bg_grad_color(const struct _lv_obj_t * obj, uint32_t part
 158:lvgl/src/widgets/../core/lv_obj_style_gen.h **** {
 159:lvgl/src/widgets/../core/lv_obj_style_gen.h ****     lv_style_value_t v = lv_obj_get_style_prop(obj, part, LV_STYLE_BG_GRAD_COLOR);
 160:lvgl/src/widgets/../core/lv_obj_style_gen.h ****     return v.color;
 161:lvgl/src/widgets/../core/lv_obj_style_gen.h **** }
 162:lvgl/src/widgets/../core/lv_obj_style_gen.h **** 
 163:lvgl/src/widgets/../core/lv_obj_style_gen.h **** static inline lv_color_t lv_obj_get_style_bg_grad_color_filtered(const struct _lv_obj_t * obj, uint
 164:lvgl/src/widgets/../core/lv_obj_style_gen.h **** {
 165:lvgl/src/widgets/../core/lv_obj_style_gen.h ****     lv_style_value_t v = _lv_obj_style_apply_color_filter(obj, part, lv_obj_get_style_prop(obj, par
 166:lvgl/src/widgets/../core/lv_obj_style_gen.h ****     return v.color;
 167:lvgl/src/widgets/../core/lv_obj_style_gen.h **** }
 168:lvgl/src/widgets/../core/lv_obj_style_gen.h **** 
 169:lvgl/src/widgets/../core/lv_obj_style_gen.h **** static inline lv_grad_dir_t lv_obj_get_style_bg_grad_dir(const struct _lv_obj_t * obj, uint32_t par
 170:lvgl/src/widgets/../core/lv_obj_style_gen.h **** {
 171:lvgl/src/widgets/../core/lv_obj_style_gen.h ****     lv_style_value_t v = lv_obj_get_style_prop(obj, part, LV_STYLE_BG_GRAD_DIR);
 172:lvgl/src/widgets/../core/lv_obj_style_gen.h ****     return (lv_grad_dir_t)v.num;
 173:lvgl/src/widgets/../core/lv_obj_style_gen.h **** }
 174:lvgl/src/widgets/../core/lv_obj_style_gen.h **** 
 175:lvgl/src/widgets/../core/lv_obj_style_gen.h **** static inline lv_coord_t lv_obj_get_style_bg_main_stop(const struct _lv_obj_t * obj, uint32_t part)
 176:lvgl/src/widgets/../core/lv_obj_style_gen.h **** {
 177:lvgl/src/widgets/../core/lv_obj_style_gen.h ****     lv_style_value_t v = lv_obj_get_style_prop(obj, part, LV_STYLE_BG_MAIN_STOP);
 178:lvgl/src/widgets/../core/lv_obj_style_gen.h ****     return (lv_coord_t)v.num;
 179:lvgl/src/widgets/../core/lv_obj_style_gen.h **** }
 180:lvgl/src/widgets/../core/lv_obj_style_gen.h **** 
 181:lvgl/src/widgets/../core/lv_obj_style_gen.h **** static inline lv_coord_t lv_obj_get_style_bg_grad_stop(const struct _lv_obj_t * obj, uint32_t part)
 182:lvgl/src/widgets/../core/lv_obj_style_gen.h **** {
 183:lvgl/src/widgets/../core/lv_obj_style_gen.h ****     lv_style_value_t v = lv_obj_get_style_prop(obj, part, LV_STYLE_BG_GRAD_STOP);
 184:lvgl/src/widgets/../core/lv_obj_style_gen.h ****     return (lv_coord_t)v.num;
 185:lvgl/src/widgets/../core/lv_obj_style_gen.h **** }
 186:lvgl/src/widgets/../core/lv_obj_style_gen.h **** 
 187:lvgl/src/widgets/../core/lv_obj_style_gen.h **** static inline const lv_grad_dsc_t * lv_obj_get_style_bg_grad(const struct _lv_obj_t * obj, uint32_t
 188:lvgl/src/widgets/../core/lv_obj_style_gen.h **** {
 189:lvgl/src/widgets/../core/lv_obj_style_gen.h ****     lv_style_value_t v = lv_obj_get_style_prop(obj, part, LV_STYLE_BG_GRAD);
 190:lvgl/src/widgets/../core/lv_obj_style_gen.h ****     return (const lv_grad_dsc_t *)v.ptr;
 191:lvgl/src/widgets/../core/lv_obj_style_gen.h **** }
 192:lvgl/src/widgets/../core/lv_obj_style_gen.h **** 
 193:lvgl/src/widgets/../core/lv_obj_style_gen.h **** static inline lv_dither_mode_t lv_obj_get_style_bg_dither_mode(const struct _lv_obj_t * obj, uint32
 194:lvgl/src/widgets/../core/lv_obj_style_gen.h **** {
 195:lvgl/src/widgets/../core/lv_obj_style_gen.h ****     lv_style_value_t v = lv_obj_get_style_prop(obj, part, LV_STYLE_BG_DITHER_MODE);
 196:lvgl/src/widgets/../core/lv_obj_style_gen.h ****     return (lv_dither_mode_t)v.num;
 197:lvgl/src/widgets/../core/lv_obj_style_gen.h **** }
 198:lvgl/src/widgets/../core/lv_obj_style_gen.h **** 
 199:lvgl/src/widgets/../core/lv_obj_style_gen.h **** static inline const void * lv_obj_get_style_bg_img_src(const struct _lv_obj_t * obj, uint32_t part)
 200:lvgl/src/widgets/../core/lv_obj_style_gen.h **** {
ARM GAS  C:\Users\OSD\AppData\Local\Temp\cckwHtyF.s 			page 12


 201:lvgl/src/widgets/../core/lv_obj_style_gen.h ****     lv_style_value_t v = lv_obj_get_style_prop(obj, part, LV_STYLE_BG_IMG_SRC);
 202:lvgl/src/widgets/../core/lv_obj_style_gen.h ****     return (const void *)v.ptr;
 203:lvgl/src/widgets/../core/lv_obj_style_gen.h **** }
 204:lvgl/src/widgets/../core/lv_obj_style_gen.h **** 
 205:lvgl/src/widgets/../core/lv_obj_style_gen.h **** static inline lv_opa_t lv_obj_get_style_bg_img_opa(const struct _lv_obj_t * obj, uint32_t part)
 206:lvgl/src/widgets/../core/lv_obj_style_gen.h **** {
 207:lvgl/src/widgets/../core/lv_obj_style_gen.h ****     lv_style_value_t v = lv_obj_get_style_prop(obj, part, LV_STYLE_BG_IMG_OPA);
 208:lvgl/src/widgets/../core/lv_obj_style_gen.h ****     return (lv_opa_t)v.num;
 209:lvgl/src/widgets/../core/lv_obj_style_gen.h **** }
 210:lvgl/src/widgets/../core/lv_obj_style_gen.h **** 
 211:lvgl/src/widgets/../core/lv_obj_style_gen.h **** static inline lv_color_t lv_obj_get_style_bg_img_recolor(const struct _lv_obj_t * obj, uint32_t par
 212:lvgl/src/widgets/../core/lv_obj_style_gen.h **** {
 213:lvgl/src/widgets/../core/lv_obj_style_gen.h ****     lv_style_value_t v = lv_obj_get_style_prop(obj, part, LV_STYLE_BG_IMG_RECOLOR);
 214:lvgl/src/widgets/../core/lv_obj_style_gen.h ****     return v.color;
 215:lvgl/src/widgets/../core/lv_obj_style_gen.h **** }
 216:lvgl/src/widgets/../core/lv_obj_style_gen.h **** 
 217:lvgl/src/widgets/../core/lv_obj_style_gen.h **** static inline lv_color_t lv_obj_get_style_bg_img_recolor_filtered(const struct _lv_obj_t * obj, uin
 218:lvgl/src/widgets/../core/lv_obj_style_gen.h **** {
 219:lvgl/src/widgets/../core/lv_obj_style_gen.h ****     lv_style_value_t v = _lv_obj_style_apply_color_filter(obj, part, lv_obj_get_style_prop(obj, par
 220:lvgl/src/widgets/../core/lv_obj_style_gen.h ****     return v.color;
 221:lvgl/src/widgets/../core/lv_obj_style_gen.h **** }
 222:lvgl/src/widgets/../core/lv_obj_style_gen.h **** 
 223:lvgl/src/widgets/../core/lv_obj_style_gen.h **** static inline lv_opa_t lv_obj_get_style_bg_img_recolor_opa(const struct _lv_obj_t * obj, uint32_t p
 224:lvgl/src/widgets/../core/lv_obj_style_gen.h **** {
 225:lvgl/src/widgets/../core/lv_obj_style_gen.h ****     lv_style_value_t v = lv_obj_get_style_prop(obj, part, LV_STYLE_BG_IMG_RECOLOR_OPA);
 226:lvgl/src/widgets/../core/lv_obj_style_gen.h ****     return (lv_opa_t)v.num;
 227:lvgl/src/widgets/../core/lv_obj_style_gen.h **** }
 228:lvgl/src/widgets/../core/lv_obj_style_gen.h **** 
 229:lvgl/src/widgets/../core/lv_obj_style_gen.h **** static inline bool lv_obj_get_style_bg_img_tiled(const struct _lv_obj_t * obj, uint32_t part)
 230:lvgl/src/widgets/../core/lv_obj_style_gen.h **** {
 231:lvgl/src/widgets/../core/lv_obj_style_gen.h ****     lv_style_value_t v = lv_obj_get_style_prop(obj, part, LV_STYLE_BG_IMG_TILED);
 232:lvgl/src/widgets/../core/lv_obj_style_gen.h ****     return (bool)v.num;
 233:lvgl/src/widgets/../core/lv_obj_style_gen.h **** }
 234:lvgl/src/widgets/../core/lv_obj_style_gen.h **** 
 235:lvgl/src/widgets/../core/lv_obj_style_gen.h **** static inline lv_color_t lv_obj_get_style_border_color(const struct _lv_obj_t * obj, uint32_t part)
 236:lvgl/src/widgets/../core/lv_obj_style_gen.h **** {
 237:lvgl/src/widgets/../core/lv_obj_style_gen.h ****     lv_style_value_t v = lv_obj_get_style_prop(obj, part, LV_STYLE_BORDER_COLOR);
 238:lvgl/src/widgets/../core/lv_obj_style_gen.h ****     return v.color;
 239:lvgl/src/widgets/../core/lv_obj_style_gen.h **** }
 240:lvgl/src/widgets/../core/lv_obj_style_gen.h **** 
 241:lvgl/src/widgets/../core/lv_obj_style_gen.h **** static inline lv_color_t lv_obj_get_style_border_color_filtered(const struct _lv_obj_t * obj, uint3
 242:lvgl/src/widgets/../core/lv_obj_style_gen.h **** {
 243:lvgl/src/widgets/../core/lv_obj_style_gen.h ****     lv_style_value_t v = _lv_obj_style_apply_color_filter(obj, part, lv_obj_get_style_prop(obj, par
 244:lvgl/src/widgets/../core/lv_obj_style_gen.h ****     return v.color;
 245:lvgl/src/widgets/../core/lv_obj_style_gen.h **** }
 246:lvgl/src/widgets/../core/lv_obj_style_gen.h **** 
 247:lvgl/src/widgets/../core/lv_obj_style_gen.h **** static inline lv_opa_t lv_obj_get_style_border_opa(const struct _lv_obj_t * obj, uint32_t part)
 248:lvgl/src/widgets/../core/lv_obj_style_gen.h **** {
 249:lvgl/src/widgets/../core/lv_obj_style_gen.h ****     lv_style_value_t v = lv_obj_get_style_prop(obj, part, LV_STYLE_BORDER_OPA);
 250:lvgl/src/widgets/../core/lv_obj_style_gen.h ****     return (lv_opa_t)v.num;
 251:lvgl/src/widgets/../core/lv_obj_style_gen.h **** }
 252:lvgl/src/widgets/../core/lv_obj_style_gen.h **** 
 253:lvgl/src/widgets/../core/lv_obj_style_gen.h **** static inline lv_coord_t lv_obj_get_style_border_width(const struct _lv_obj_t * obj, uint32_t part)
 254:lvgl/src/widgets/../core/lv_obj_style_gen.h **** {
 255:lvgl/src/widgets/../core/lv_obj_style_gen.h ****     lv_style_value_t v = lv_obj_get_style_prop(obj, part, LV_STYLE_BORDER_WIDTH);
 256:lvgl/src/widgets/../core/lv_obj_style_gen.h ****     return (lv_coord_t)v.num;
 257:lvgl/src/widgets/../core/lv_obj_style_gen.h **** }
ARM GAS  C:\Users\OSD\AppData\Local\Temp\cckwHtyF.s 			page 13


 258:lvgl/src/widgets/../core/lv_obj_style_gen.h **** 
 259:lvgl/src/widgets/../core/lv_obj_style_gen.h **** static inline lv_border_side_t lv_obj_get_style_border_side(const struct _lv_obj_t * obj, uint32_t 
 260:lvgl/src/widgets/../core/lv_obj_style_gen.h **** {
 261:lvgl/src/widgets/../core/lv_obj_style_gen.h ****     lv_style_value_t v = lv_obj_get_style_prop(obj, part, LV_STYLE_BORDER_SIDE);
 262:lvgl/src/widgets/../core/lv_obj_style_gen.h ****     return (lv_border_side_t)v.num;
 263:lvgl/src/widgets/../core/lv_obj_style_gen.h **** }
 264:lvgl/src/widgets/../core/lv_obj_style_gen.h **** 
 265:lvgl/src/widgets/../core/lv_obj_style_gen.h **** static inline bool lv_obj_get_style_border_post(const struct _lv_obj_t * obj, uint32_t part)
 266:lvgl/src/widgets/../core/lv_obj_style_gen.h **** {
 267:lvgl/src/widgets/../core/lv_obj_style_gen.h ****     lv_style_value_t v = lv_obj_get_style_prop(obj, part, LV_STYLE_BORDER_POST);
 268:lvgl/src/widgets/../core/lv_obj_style_gen.h ****     return (bool)v.num;
 269:lvgl/src/widgets/../core/lv_obj_style_gen.h **** }
 270:lvgl/src/widgets/../core/lv_obj_style_gen.h **** 
 271:lvgl/src/widgets/../core/lv_obj_style_gen.h **** static inline lv_coord_t lv_obj_get_style_outline_width(const struct _lv_obj_t * obj, uint32_t part
 272:lvgl/src/widgets/../core/lv_obj_style_gen.h **** {
 273:lvgl/src/widgets/../core/lv_obj_style_gen.h ****     lv_style_value_t v = lv_obj_get_style_prop(obj, part, LV_STYLE_OUTLINE_WIDTH);
 274:lvgl/src/widgets/../core/lv_obj_style_gen.h ****     return (lv_coord_t)v.num;
 275:lvgl/src/widgets/../core/lv_obj_style_gen.h **** }
 276:lvgl/src/widgets/../core/lv_obj_style_gen.h **** 
 277:lvgl/src/widgets/../core/lv_obj_style_gen.h **** static inline lv_color_t lv_obj_get_style_outline_color(const struct _lv_obj_t * obj, uint32_t part
 278:lvgl/src/widgets/../core/lv_obj_style_gen.h **** {
 279:lvgl/src/widgets/../core/lv_obj_style_gen.h ****     lv_style_value_t v = lv_obj_get_style_prop(obj, part, LV_STYLE_OUTLINE_COLOR);
 280:lvgl/src/widgets/../core/lv_obj_style_gen.h ****     return v.color;
 281:lvgl/src/widgets/../core/lv_obj_style_gen.h **** }
 282:lvgl/src/widgets/../core/lv_obj_style_gen.h **** 
 283:lvgl/src/widgets/../core/lv_obj_style_gen.h **** static inline lv_color_t lv_obj_get_style_outline_color_filtered(const struct _lv_obj_t * obj, uint
 284:lvgl/src/widgets/../core/lv_obj_style_gen.h **** {
 285:lvgl/src/widgets/../core/lv_obj_style_gen.h ****     lv_style_value_t v = _lv_obj_style_apply_color_filter(obj, part, lv_obj_get_style_prop(obj, par
 286:lvgl/src/widgets/../core/lv_obj_style_gen.h ****     return v.color;
 287:lvgl/src/widgets/../core/lv_obj_style_gen.h **** }
 288:lvgl/src/widgets/../core/lv_obj_style_gen.h **** 
 289:lvgl/src/widgets/../core/lv_obj_style_gen.h **** static inline lv_opa_t lv_obj_get_style_outline_opa(const struct _lv_obj_t * obj, uint32_t part)
 290:lvgl/src/widgets/../core/lv_obj_style_gen.h **** {
 291:lvgl/src/widgets/../core/lv_obj_style_gen.h ****     lv_style_value_t v = lv_obj_get_style_prop(obj, part, LV_STYLE_OUTLINE_OPA);
 292:lvgl/src/widgets/../core/lv_obj_style_gen.h ****     return (lv_opa_t)v.num;
 293:lvgl/src/widgets/../core/lv_obj_style_gen.h **** }
 294:lvgl/src/widgets/../core/lv_obj_style_gen.h **** 
 295:lvgl/src/widgets/../core/lv_obj_style_gen.h **** static inline lv_coord_t lv_obj_get_style_outline_pad(const struct _lv_obj_t * obj, uint32_t part)
 296:lvgl/src/widgets/../core/lv_obj_style_gen.h **** {
 297:lvgl/src/widgets/../core/lv_obj_style_gen.h ****     lv_style_value_t v = lv_obj_get_style_prop(obj, part, LV_STYLE_OUTLINE_PAD);
 298:lvgl/src/widgets/../core/lv_obj_style_gen.h ****     return (lv_coord_t)v.num;
 299:lvgl/src/widgets/../core/lv_obj_style_gen.h **** }
 300:lvgl/src/widgets/../core/lv_obj_style_gen.h **** 
 301:lvgl/src/widgets/../core/lv_obj_style_gen.h **** static inline lv_coord_t lv_obj_get_style_shadow_width(const struct _lv_obj_t * obj, uint32_t part)
 302:lvgl/src/widgets/../core/lv_obj_style_gen.h **** {
 303:lvgl/src/widgets/../core/lv_obj_style_gen.h ****     lv_style_value_t v = lv_obj_get_style_prop(obj, part, LV_STYLE_SHADOW_WIDTH);
 304:lvgl/src/widgets/../core/lv_obj_style_gen.h ****     return (lv_coord_t)v.num;
 305:lvgl/src/widgets/../core/lv_obj_style_gen.h **** }
 306:lvgl/src/widgets/../core/lv_obj_style_gen.h **** 
 307:lvgl/src/widgets/../core/lv_obj_style_gen.h **** static inline lv_coord_t lv_obj_get_style_shadow_ofs_x(const struct _lv_obj_t * obj, uint32_t part)
 308:lvgl/src/widgets/../core/lv_obj_style_gen.h **** {
 309:lvgl/src/widgets/../core/lv_obj_style_gen.h ****     lv_style_value_t v = lv_obj_get_style_prop(obj, part, LV_STYLE_SHADOW_OFS_X);
 310:lvgl/src/widgets/../core/lv_obj_style_gen.h ****     return (lv_coord_t)v.num;
 311:lvgl/src/widgets/../core/lv_obj_style_gen.h **** }
 312:lvgl/src/widgets/../core/lv_obj_style_gen.h **** 
 313:lvgl/src/widgets/../core/lv_obj_style_gen.h **** static inline lv_coord_t lv_obj_get_style_shadow_ofs_y(const struct _lv_obj_t * obj, uint32_t part)
 314:lvgl/src/widgets/../core/lv_obj_style_gen.h **** {
ARM GAS  C:\Users\OSD\AppData\Local\Temp\cckwHtyF.s 			page 14


 315:lvgl/src/widgets/../core/lv_obj_style_gen.h ****     lv_style_value_t v = lv_obj_get_style_prop(obj, part, LV_STYLE_SHADOW_OFS_Y);
 316:lvgl/src/widgets/../core/lv_obj_style_gen.h ****     return (lv_coord_t)v.num;
 317:lvgl/src/widgets/../core/lv_obj_style_gen.h **** }
 318:lvgl/src/widgets/../core/lv_obj_style_gen.h **** 
 319:lvgl/src/widgets/../core/lv_obj_style_gen.h **** static inline lv_coord_t lv_obj_get_style_shadow_spread(const struct _lv_obj_t * obj, uint32_t part
 320:lvgl/src/widgets/../core/lv_obj_style_gen.h **** {
 321:lvgl/src/widgets/../core/lv_obj_style_gen.h ****     lv_style_value_t v = lv_obj_get_style_prop(obj, part, LV_STYLE_SHADOW_SPREAD);
 322:lvgl/src/widgets/../core/lv_obj_style_gen.h ****     return (lv_coord_t)v.num;
 323:lvgl/src/widgets/../core/lv_obj_style_gen.h **** }
 324:lvgl/src/widgets/../core/lv_obj_style_gen.h **** 
 325:lvgl/src/widgets/../core/lv_obj_style_gen.h **** static inline lv_color_t lv_obj_get_style_shadow_color(const struct _lv_obj_t * obj, uint32_t part)
 326:lvgl/src/widgets/../core/lv_obj_style_gen.h **** {
 327:lvgl/src/widgets/../core/lv_obj_style_gen.h ****     lv_style_value_t v = lv_obj_get_style_prop(obj, part, LV_STYLE_SHADOW_COLOR);
 328:lvgl/src/widgets/../core/lv_obj_style_gen.h ****     return v.color;
 329:lvgl/src/widgets/../core/lv_obj_style_gen.h **** }
 330:lvgl/src/widgets/../core/lv_obj_style_gen.h **** 
 331:lvgl/src/widgets/../core/lv_obj_style_gen.h **** static inline lv_color_t lv_obj_get_style_shadow_color_filtered(const struct _lv_obj_t * obj, uint3
 332:lvgl/src/widgets/../core/lv_obj_style_gen.h **** {
 333:lvgl/src/widgets/../core/lv_obj_style_gen.h ****     lv_style_value_t v = _lv_obj_style_apply_color_filter(obj, part, lv_obj_get_style_prop(obj, par
 334:lvgl/src/widgets/../core/lv_obj_style_gen.h ****     return v.color;
 335:lvgl/src/widgets/../core/lv_obj_style_gen.h **** }
 336:lvgl/src/widgets/../core/lv_obj_style_gen.h **** 
 337:lvgl/src/widgets/../core/lv_obj_style_gen.h **** static inline lv_opa_t lv_obj_get_style_shadow_opa(const struct _lv_obj_t * obj, uint32_t part)
 338:lvgl/src/widgets/../core/lv_obj_style_gen.h **** {
 339:lvgl/src/widgets/../core/lv_obj_style_gen.h ****     lv_style_value_t v = lv_obj_get_style_prop(obj, part, LV_STYLE_SHADOW_OPA);
 340:lvgl/src/widgets/../core/lv_obj_style_gen.h ****     return (lv_opa_t)v.num;
 341:lvgl/src/widgets/../core/lv_obj_style_gen.h **** }
 342:lvgl/src/widgets/../core/lv_obj_style_gen.h **** 
 343:lvgl/src/widgets/../core/lv_obj_style_gen.h **** static inline lv_opa_t lv_obj_get_style_img_opa(const struct _lv_obj_t * obj, uint32_t part)
 344:lvgl/src/widgets/../core/lv_obj_style_gen.h **** {
 345:lvgl/src/widgets/../core/lv_obj_style_gen.h ****     lv_style_value_t v = lv_obj_get_style_prop(obj, part, LV_STYLE_IMG_OPA);
 346:lvgl/src/widgets/../core/lv_obj_style_gen.h ****     return (lv_opa_t)v.num;
 347:lvgl/src/widgets/../core/lv_obj_style_gen.h **** }
 348:lvgl/src/widgets/../core/lv_obj_style_gen.h **** 
 349:lvgl/src/widgets/../core/lv_obj_style_gen.h **** static inline lv_color_t lv_obj_get_style_img_recolor(const struct _lv_obj_t * obj, uint32_t part)
 350:lvgl/src/widgets/../core/lv_obj_style_gen.h **** {
 351:lvgl/src/widgets/../core/lv_obj_style_gen.h ****     lv_style_value_t v = lv_obj_get_style_prop(obj, part, LV_STYLE_IMG_RECOLOR);
 352:lvgl/src/widgets/../core/lv_obj_style_gen.h ****     return v.color;
 353:lvgl/src/widgets/../core/lv_obj_style_gen.h **** }
 354:lvgl/src/widgets/../core/lv_obj_style_gen.h **** 
 355:lvgl/src/widgets/../core/lv_obj_style_gen.h **** static inline lv_color_t lv_obj_get_style_img_recolor_filtered(const struct _lv_obj_t * obj, uint32
 356:lvgl/src/widgets/../core/lv_obj_style_gen.h **** {
 357:lvgl/src/widgets/../core/lv_obj_style_gen.h ****     lv_style_value_t v = _lv_obj_style_apply_color_filter(obj, part, lv_obj_get_style_prop(obj, par
 358:lvgl/src/widgets/../core/lv_obj_style_gen.h ****     return v.color;
 359:lvgl/src/widgets/../core/lv_obj_style_gen.h **** }
 360:lvgl/src/widgets/../core/lv_obj_style_gen.h **** 
 361:lvgl/src/widgets/../core/lv_obj_style_gen.h **** static inline lv_opa_t lv_obj_get_style_img_recolor_opa(const struct _lv_obj_t * obj, uint32_t part
 362:lvgl/src/widgets/../core/lv_obj_style_gen.h **** {
 363:lvgl/src/widgets/../core/lv_obj_style_gen.h ****     lv_style_value_t v = lv_obj_get_style_prop(obj, part, LV_STYLE_IMG_RECOLOR_OPA);
 364:lvgl/src/widgets/../core/lv_obj_style_gen.h ****     return (lv_opa_t)v.num;
 365:lvgl/src/widgets/../core/lv_obj_style_gen.h **** }
 366:lvgl/src/widgets/../core/lv_obj_style_gen.h **** 
 367:lvgl/src/widgets/../core/lv_obj_style_gen.h **** static inline lv_coord_t lv_obj_get_style_line_width(const struct _lv_obj_t * obj, uint32_t part)
 187              		.loc 2 367 26 view .LVU52
 188              	.LBB15:
 368:lvgl/src/widgets/../core/lv_obj_style_gen.h **** {
 369:lvgl/src/widgets/../core/lv_obj_style_gen.h ****     lv_style_value_t v = lv_obj_get_style_prop(obj, part, LV_STYLE_LINE_WIDTH);
ARM GAS  C:\Users\OSD\AppData\Local\Temp\cckwHtyF.s 			page 15


 189              		.loc 2 369 5 view .LVU53
 190              		.loc 2 369 26 is_stmt 0 view .LVU54
 191 008c 4922     		movs	r2, #73
 192 008e 0021     		movs	r1, #0
 193 0090 FFF7FEFF 		bl	lv_obj_get_style_prop
 194              	.LVL27:
 370:lvgl/src/widgets/../core/lv_obj_style_gen.h ****     return (lv_coord_t)v.num;
 195              		.loc 2 370 5 is_stmt 1 view .LVU55
 196              		.loc 2 370 12 is_stmt 0 view .LVU56
 197 0094 05B2     		sxth	r5, r0
 198              	.LVL28:
 199              		.loc 2 370 12 view .LVU57
 200              	.LBE15:
 201              	.LBE14:
 140:lvgl/src/widgets/lv_line.c ****         if(*s < line_width) *s = line_width;
 202              		.loc 1 140 9 is_stmt 1 view .LVU58
 140:lvgl/src/widgets/lv_line.c ****         if(*s < line_width) *s = line_width;
 203              		.loc 1 140 26 is_stmt 0 view .LVU59
 204 0096 2046     		mov	r0, r4
 205 0098 FFF7FEFF 		bl	lv_event_get_param
 206              	.LVL29:
 141:lvgl/src/widgets/lv_line.c ****     }
 207              		.loc 1 141 9 is_stmt 1 view .LVU60
 141:lvgl/src/widgets/lv_line.c ****     }
 208              		.loc 1 141 12 is_stmt 0 view .LVU61
 209 009c B0F90030 		ldrsh	r3, [r0]
 141:lvgl/src/widgets/lv_line.c ****     }
 210              		.loc 1 141 11 view .LVU62
 211 00a0 AB42     		cmp	r3, r5
 212 00a2 B6DA     		bge	.L1
 141:lvgl/src/widgets/lv_line.c ****     }
 213              		.loc 1 141 29 is_stmt 1 discriminator 1 view .LVU63
 141:lvgl/src/widgets/lv_line.c ****     }
 214              		.loc 1 141 32 is_stmt 0 discriminator 1 view .LVU64
 215 00a4 0580     		strh	r5, [r0]	@ movhi
 216 00a6 B4E7     		b	.L1
 217              	.LVL30:
 218              	.L16:
 141:lvgl/src/widgets/lv_line.c ****     }
 219              		.loc 1 141 32 discriminator 1 view .LVU65
 220              	.LBE13:
 221              	.LBB16:
 144:lvgl/src/widgets/lv_line.c **** 
 222              		.loc 1 144 9 is_stmt 1 view .LVU66
 146:lvgl/src/widgets/lv_line.c **** 
 223              		.loc 1 146 9 view .LVU67
 146:lvgl/src/widgets/lv_line.c **** 
 224              		.loc 1 146 16 is_stmt 0 view .LVU68
 225 00a8 038D     		ldrh	r3, [r0, #40]
 146:lvgl/src/widgets/lv_line.c **** 
 226              		.loc 1 146 11 view .LVU69
 227 00aa 002B     		cmp	r3, #0
 228 00ac B1D0     		beq	.L1
 146:lvgl/src/widgets/lv_line.c **** 
 229              		.loc 1 146 40 discriminator 2 view .LVU70
 230 00ae 436A     		ldr	r3, [r0, #36]
 146:lvgl/src/widgets/lv_line.c **** 
ARM GAS  C:\Users\OSD\AppData\Local\Temp\cckwHtyF.s 			page 16


 231              		.loc 1 146 33 discriminator 2 view .LVU71
 232 00b0 002B     		cmp	r3, #0
 233 00b2 AED0     		beq	.L1
 148:lvgl/src/widgets/lv_line.c ****         lv_coord_t w = 0;
 234              		.loc 1 148 9 is_stmt 1 view .LVU72
 148:lvgl/src/widgets/lv_line.c ****         lv_coord_t w = 0;
 235              		.loc 1 148 26 is_stmt 0 view .LVU73
 236 00b4 2046     		mov	r0, r4
 237              	.LVL31:
 148:lvgl/src/widgets/lv_line.c ****         lv_coord_t w = 0;
 238              		.loc 1 148 26 view .LVU74
 239 00b6 FFF7FEFF 		bl	lv_event_get_param
 240              	.LVL32:
 241 00ba 0746     		mov	r7, r0
 242              	.LVL33:
 149:lvgl/src/widgets/lv_line.c ****         lv_coord_t h = 0;
 243              		.loc 1 149 9 is_stmt 1 view .LVU75
 150:lvgl/src/widgets/lv_line.c **** 
 244              		.loc 1 150 9 view .LVU76
 152:lvgl/src/widgets/lv_line.c ****         for(i = 0; i < line->point_num; i++) {
 245              		.loc 1 152 9 view .LVU77
 153:lvgl/src/widgets/lv_line.c ****             w = LV_MAX(line->point_array[i].x, w);
 246              		.loc 1 153 9 view .LVU78
 153:lvgl/src/widgets/lv_line.c ****             w = LV_MAX(line->point_array[i].x, w);
 247              		.loc 1 153 15 is_stmt 0 view .LVU79
 248 00bc 0023     		movs	r3, #0
 150:lvgl/src/widgets/lv_line.c **** 
 249              		.loc 1 150 20 view .LVU80
 250 00be 1E46     		mov	r6, r3
 251              	.LVL34:
 149:lvgl/src/widgets/lv_line.c ****         lv_coord_t h = 0;
 252              		.loc 1 149 20 view .LVU81
 253 00c0 1C46     		mov	r4, r3
 254              	.LVL35:
 153:lvgl/src/widgets/lv_line.c ****             w = LV_MAX(line->point_array[i].x, w);
 255              		.loc 1 153 9 view .LVU82
 256 00c2 0EE0     		b	.L5
 257              	.LVL36:
 258              	.L6:
 154:lvgl/src/widgets/lv_line.c ****             h = LV_MAX(line->point_array[i].y, h);
 259              		.loc 1 154 13 is_stmt 1 discriminator 3 view .LVU83
 154:lvgl/src/widgets/lv_line.c ****             h = LV_MAX(line->point_array[i].y, h);
 260              		.loc 1 154 17 is_stmt 0 discriminator 3 view .LVU84
 261 00c4 6A6A     		ldr	r2, [r5, #36]
 262 00c6 02EB8301 		add	r1, r2, r3, lsl #2
 263 00ca 32F92320 		ldrsh	r2, [r2, r3, lsl #2]
 154:lvgl/src/widgets/lv_line.c ****             h = LV_MAX(line->point_array[i].y, h);
 264              		.loc 1 154 15 discriminator 3 view .LVU85
 265 00ce 9442     		cmp	r4, r2
 266 00d0 B8BF     		it	lt
 267 00d2 1446     		movlt	r4, r2
 268              	.LVL37:
 155:lvgl/src/widgets/lv_line.c ****         }
 269              		.loc 1 155 13 is_stmt 1 discriminator 3 view .LVU86
 155:lvgl/src/widgets/lv_line.c ****         }
 270              		.loc 1 155 17 is_stmt 0 discriminator 3 view .LVU87
 271 00d4 B1F90220 		ldrsh	r2, [r1, #2]
ARM GAS  C:\Users\OSD\AppData\Local\Temp\cckwHtyF.s 			page 17


 155:lvgl/src/widgets/lv_line.c ****         }
 272              		.loc 1 155 15 discriminator 3 view .LVU88
 273 00d8 9642     		cmp	r6, r2
 274 00da B8BF     		it	lt
 275 00dc 1646     		movlt	r6, r2
 276              	.LVL38:
 153:lvgl/src/widgets/lv_line.c ****             w = LV_MAX(line->point_array[i].x, w);
 277              		.loc 1 153 41 is_stmt 1 discriminator 3 view .LVU89
 153:lvgl/src/widgets/lv_line.c ****             w = LV_MAX(line->point_array[i].x, w);
 278              		.loc 1 153 42 is_stmt 0 discriminator 3 view .LVU90
 279 00de 0133     		adds	r3, r3, #1
 280              	.LVL39:
 153:lvgl/src/widgets/lv_line.c ****             w = LV_MAX(line->point_array[i].x, w);
 281              		.loc 1 153 42 discriminator 3 view .LVU91
 282 00e0 9BB2     		uxth	r3, r3
 283              	.LVL40:
 284              	.L5:
 153:lvgl/src/widgets/lv_line.c ****             w = LV_MAX(line->point_array[i].x, w);
 285              		.loc 1 153 20 is_stmt 1 discriminator 1 view .LVU92
 153:lvgl/src/widgets/lv_line.c ****             w = LV_MAX(line->point_array[i].x, w);
 286              		.loc 1 153 28 is_stmt 0 discriminator 1 view .LVU93
 287 00e2 2A8D     		ldrh	r2, [r5, #40]
 153:lvgl/src/widgets/lv_line.c ****             w = LV_MAX(line->point_array[i].x, w);
 288              		.loc 1 153 9 discriminator 1 view .LVU94
 289 00e4 9A42     		cmp	r2, r3
 290 00e6 EDD8     		bhi	.L6
 158:lvgl/src/widgets/lv_line.c ****         w += line_width;
 291              		.loc 1 158 9 is_stmt 1 view .LVU95
 292              	.LVL41:
 293              	.LBB17:
 294              	.LBI17:
 367:lvgl/src/widgets/../core/lv_obj_style_gen.h **** {
 295              		.loc 2 367 26 view .LVU96
 296              	.LBB18:
 369:lvgl/src/widgets/../core/lv_obj_style_gen.h ****     return (lv_coord_t)v.num;
 297              		.loc 2 369 5 view .LVU97
 369:lvgl/src/widgets/../core/lv_obj_style_gen.h ****     return (lv_coord_t)v.num;
 298              		.loc 2 369 26 is_stmt 0 view .LVU98
 299 00e8 4922     		movs	r2, #73
 300 00ea 0021     		movs	r1, #0
 301 00ec 2846     		mov	r0, r5
 302              	.LVL42:
 369:lvgl/src/widgets/../core/lv_obj_style_gen.h ****     return (lv_coord_t)v.num;
 303              		.loc 2 369 26 view .LVU99
 304 00ee FFF7FEFF 		bl	lv_obj_get_style_prop
 305              	.LVL43:
 306              		.loc 2 370 5 is_stmt 1 view .LVU100
 307              		.loc 2 370 5 is_stmt 0 view .LVU101
 308              	.LBE18:
 309              	.LBE17:
 159:lvgl/src/widgets/lv_line.c ****         h += line_width;
 310              		.loc 1 159 9 is_stmt 1 view .LVU102
 159:lvgl/src/widgets/lv_line.c ****         h += line_width;
 311              		.loc 1 159 11 is_stmt 0 view .LVU103
 312 00f2 80B2     		uxth	r0, r0
 159:lvgl/src/widgets/lv_line.c ****         h += line_width;
 313              		.loc 1 159 11 view .LVU104
ARM GAS  C:\Users\OSD\AppData\Local\Temp\cckwHtyF.s 			page 18


 314 00f4 0444     		add	r4, r4, r0
 315              	.LVL44:
 160:lvgl/src/widgets/lv_line.c ****         p->x = w;
 316              		.loc 1 160 9 is_stmt 1 view .LVU105
 160:lvgl/src/widgets/lv_line.c ****         p->x = w;
 317              		.loc 1 160 11 is_stmt 0 view .LVU106
 318 00f6 3044     		add	r0, r0, r6
 319              	.LVL45:
 161:lvgl/src/widgets/lv_line.c ****         p->y = h;
 320              		.loc 1 161 9 is_stmt 1 view .LVU107
 161:lvgl/src/widgets/lv_line.c ****         p->y = h;
 321              		.loc 1 161 14 is_stmt 0 view .LVU108
 322 00f8 3C80     		strh	r4, [r7]	@ movhi
 162:lvgl/src/widgets/lv_line.c ****     }
 323              		.loc 1 162 9 is_stmt 1 view .LVU109
 162:lvgl/src/widgets/lv_line.c ****     }
 324              		.loc 1 162 14 is_stmt 0 view .LVU110
 325 00fa 7880     		strh	r0, [r7, #2]	@ movhi
 326              	.LBE16:
 327 00fc 89E7     		b	.L1
 328              	.LVL46:
 329              	.L10:
 330              	.LBB19:
 331              	.LBB11:
 193:lvgl/src/widgets/lv_line.c ****                 p2.y = h - line->point_array[i + 1].y + y_ofs;
 332              		.loc 1 193 17 is_stmt 1 view .LVU111
 193:lvgl/src/widgets/lv_line.c ****                 p2.y = h - line->point_array[i + 1].y + y_ofs;
 333              		.loc 1 193 26 is_stmt 0 view .LVU112
 334 00fe 1FFA89F3 		uxth	r3, r9
 193:lvgl/src/widgets/lv_line.c ****                 p2.y = h - line->point_array[i + 1].y + y_ofs;
 335              		.loc 1 193 48 view .LVU113
 336 0102 4A88     		ldrh	r2, [r1, #2]
 193:lvgl/src/widgets/lv_line.c ****                 p2.y = h - line->point_array[i + 1].y + y_ofs;
 337              		.loc 1 193 26 view .LVU114
 338 0104 9A1A     		subs	r2, r3, r2
 193:lvgl/src/widgets/lv_line.c ****                 p2.y = h - line->point_array[i + 1].y + y_ofs;
 339              		.loc 1 193 51 view .LVU115
 340 0106 17FA82F2 		uxtah	r2, r7, r2
 193:lvgl/src/widgets/lv_line.c ****                 p2.y = h - line->point_array[i + 1].y + y_ofs;
 341              		.loc 1 193 22 view .LVU116
 342 010a ADF80620 		strh	r2, [sp, #6]	@ movhi
 194:lvgl/src/widgets/lv_line.c ****             }
 343              		.loc 1 194 17 is_stmt 1 view .LVU117
 194:lvgl/src/widgets/lv_line.c ****             }
 344              		.loc 1 194 52 is_stmt 0 view .LVU118
 345 010e 4288     		ldrh	r2, [r0, #2]
 194:lvgl/src/widgets/lv_line.c ****             }
 346              		.loc 1 194 26 view .LVU119
 347 0110 9B1A     		subs	r3, r3, r2
 194:lvgl/src/widgets/lv_line.c ****             }
 348              		.loc 1 194 55 view .LVU120
 349 0112 17FA83F3 		uxtah	r3, r7, r3
 194:lvgl/src/widgets/lv_line.c ****             }
 350              		.loc 1 194 22 view .LVU121
 351 0116 ADF80A30 		strh	r3, [sp, #10]	@ movhi
 352              	.L11:
 196:lvgl/src/widgets/lv_line.c ****             line_dsc.round_start = 0;   /*Draw the rounding only on the end points after the first 
ARM GAS  C:\Users\OSD\AppData\Local\Temp\cckwHtyF.s 			page 19


 353              		.loc 1 196 13 is_stmt 1 discriminator 2 view .LVU122
 354 011a 02AB     		add	r3, sp, #8
 355 011c 01AA     		add	r2, sp, #4
 356 011e 05A9     		add	r1, sp, #20
 357 0120 4046     		mov	r0, r8
 358 0122 FFF7FEFF 		bl	lv_draw_line
 359              	.LVL47:
 197:lvgl/src/widgets/lv_line.c ****         }
 360              		.loc 1 197 13 discriminator 2 view .LVU123
 197:lvgl/src/widgets/lv_line.c ****         }
 361              		.loc 1 197 34 is_stmt 0 discriminator 2 view .LVU124
 362 0126 9DF81F30 		ldrb	r3, [sp, #31]	@ zero_extendqisi2
 363 012a 6FF38203 		bfc	r3, #2, #1
 364 012e 8DF81F30 		strb	r3, [sp, #31]
 365              	.LBE11:
 182:lvgl/src/widgets/lv_line.c ****             lv_point_t p1;
 366              		.loc 1 182 45 is_stmt 1 discriminator 2 view .LVU125
 182:lvgl/src/widgets/lv_line.c ****             lv_point_t p1;
 367              		.loc 1 182 46 is_stmt 0 discriminator 2 view .LVU126
 368 0132 0134     		adds	r4, r4, #1
 369              	.LVL48:
 182:lvgl/src/widgets/lv_line.c ****             lv_point_t p1;
 370              		.loc 1 182 46 discriminator 2 view .LVU127
 371 0134 A4B2     		uxth	r4, r4
 372              	.LVL49:
 373              	.L9:
 182:lvgl/src/widgets/lv_line.c ****             lv_point_t p1;
 374              		.loc 1 182 20 is_stmt 1 discriminator 1 view .LVU128
 182:lvgl/src/widgets/lv_line.c ****             lv_point_t p1;
 375              		.loc 1 182 28 is_stmt 0 discriminator 1 view .LVU129
 376 0136 2B8D     		ldrh	r3, [r5, #40]
 182:lvgl/src/widgets/lv_line.c ****             lv_point_t p1;
 377              		.loc 1 182 40 discriminator 1 view .LVU130
 378 0138 013B     		subs	r3, r3, #1
 182:lvgl/src/widgets/lv_line.c ****             lv_point_t p1;
 379              		.loc 1 182 9 discriminator 1 view .LVU131
 380 013a 9C42     		cmp	r4, r3
 381 013c BFF669AF 		bge	.L1
 382              	.LBB12:
 183:lvgl/src/widgets/lv_line.c ****             lv_point_t p2;
 383              		.loc 1 183 13 is_stmt 1 view .LVU132
 184:lvgl/src/widgets/lv_line.c ****             p1.x = line->point_array[i].x + x_ofs;
 384              		.loc 1 184 13 view .LVU133
 185:lvgl/src/widgets/lv_line.c ****             p2.x = line->point_array[i + 1].x + x_ofs;
 385              		.loc 1 185 13 view .LVU134
 185:lvgl/src/widgets/lv_line.c ****             p2.x = line->point_array[i + 1].x + x_ofs;
 386              		.loc 1 185 24 is_stmt 0 view .LVU135
 387 0140 6B6A     		ldr	r3, [r5, #36]
 185:lvgl/src/widgets/lv_line.c ****             p2.x = line->point_array[i + 1].x + x_ofs;
 388              		.loc 1 185 37 view .LVU136
 389 0142 03EB8401 		add	r1, r3, r4, lsl #2
 185:lvgl/src/widgets/lv_line.c ****             p2.x = line->point_array[i + 1].x + x_ofs;
 390              		.loc 1 185 40 view .LVU137
 391 0146 33F82420 		ldrh	r2, [r3, r4, lsl #2]
 185:lvgl/src/widgets/lv_line.c ****             p2.x = line->point_array[i + 1].x + x_ofs;
 392              		.loc 1 185 43 view .LVU138
 393 014a 3244     		add	r2, r2, r6
ARM GAS  C:\Users\OSD\AppData\Local\Temp\cckwHtyF.s 			page 20


 185:lvgl/src/widgets/lv_line.c ****             p2.x = line->point_array[i + 1].x + x_ofs;
 394              		.loc 1 185 18 view .LVU139
 395 014c ADF80420 		strh	r2, [sp, #4]	@ movhi
 186:lvgl/src/widgets/lv_line.c **** 
 396              		.loc 1 186 13 is_stmt 1 view .LVU140
 186:lvgl/src/widgets/lv_line.c **** 
 397              		.loc 1 186 37 is_stmt 0 view .LVU141
 398 0150 621C     		adds	r2, r4, #1
 399 0152 03EB8200 		add	r0, r3, r2, lsl #2
 186:lvgl/src/widgets/lv_line.c **** 
 400              		.loc 1 186 44 view .LVU142
 401 0156 33F82230 		ldrh	r3, [r3, r2, lsl #2]
 186:lvgl/src/widgets/lv_line.c **** 
 402              		.loc 1 186 47 view .LVU143
 403 015a 3344     		add	r3, r3, r6
 186:lvgl/src/widgets/lv_line.c **** 
 404              		.loc 1 186 18 view .LVU144
 405 015c ADF80830 		strh	r3, [sp, #8]	@ movhi
 188:lvgl/src/widgets/lv_line.c ****                 p1.y = line->point_array[i].y + y_ofs;
 406              		.loc 1 188 13 is_stmt 1 view .LVU145
 188:lvgl/src/widgets/lv_line.c ****                 p1.y = line->point_array[i].y + y_ofs;
 407              		.loc 1 188 28 is_stmt 0 view .LVU146
 408 0160 95F82A30 		ldrb	r3, [r5, #42]	@ zero_extendqisi2
 188:lvgl/src/widgets/lv_line.c ****                 p1.y = line->point_array[i].y + y_ofs;
 409              		.loc 1 188 15 view .LVU147
 410 0164 13F0010F 		tst	r3, #1
 411 0168 C9D1     		bne	.L10
 189:lvgl/src/widgets/lv_line.c ****                 p2.y = line->point_array[i + 1].y + y_ofs;
 412              		.loc 1 189 17 is_stmt 1 view .LVU148
 189:lvgl/src/widgets/lv_line.c ****                 p2.y = line->point_array[i + 1].y + y_ofs;
 413              		.loc 1 189 44 is_stmt 0 view .LVU149
 414 016a 4B88     		ldrh	r3, [r1, #2]
 189:lvgl/src/widgets/lv_line.c ****                 p2.y = line->point_array[i + 1].y + y_ofs;
 415              		.loc 1 189 47 view .LVU150
 416 016c 3B44     		add	r3, r3, r7
 189:lvgl/src/widgets/lv_line.c ****                 p2.y = line->point_array[i + 1].y + y_ofs;
 417              		.loc 1 189 22 view .LVU151
 418 016e ADF80630 		strh	r3, [sp, #6]	@ movhi
 190:lvgl/src/widgets/lv_line.c ****             }
 419              		.loc 1 190 17 is_stmt 1 view .LVU152
 190:lvgl/src/widgets/lv_line.c ****             }
 420              		.loc 1 190 48 is_stmt 0 view .LVU153
 421 0172 4388     		ldrh	r3, [r0, #2]
 190:lvgl/src/widgets/lv_line.c ****             }
 422              		.loc 1 190 51 view .LVU154
 423 0174 3B44     		add	r3, r3, r7
 190:lvgl/src/widgets/lv_line.c ****             }
 424              		.loc 1 190 22 view .LVU155
 425 0176 ADF80A30 		strh	r3, [sp, #10]	@ movhi
 426 017a CEE7     		b	.L11
 427              	.L18:
 428              		.align	2
 429              	.L17:
 430 017c 00000000 		.word	.LANCHOR0
 431              	.LBE12:
 432              	.LBE19:
 433              		.cfi_endproc
ARM GAS  C:\Users\OSD\AppData\Local\Temp\cckwHtyF.s 			page 21


 434              	.LFE166:
 436              		.section	.text.lv_line_constructor,"ax",%progbits
 437              		.align	1
 438              		.syntax unified
 439              		.thumb
 440              		.thumb_func
 442              	lv_line_constructor:
 443              	.LVL50:
 444              	.LFB165:
 109:lvgl/src/widgets/lv_line.c ****     LV_UNUSED(class_p);
 445              		.loc 1 109 1 is_stmt 1 view -0
 446              		.cfi_startproc
 447              		@ args = 0, pretend = 0, frame = 0
 448              		@ frame_needed = 0, uses_anonymous_args = 0
 109:lvgl/src/widgets/lv_line.c ****     LV_UNUSED(class_p);
 449              		.loc 1 109 1 is_stmt 0 view .LVU157
 450 0000 08B5     		push	{r3, lr}
 451              		.cfi_def_cfa_offset 8
 452              		.cfi_offset 3, -8
 453              		.cfi_offset 14, -4
 454 0002 0846     		mov	r0, r1
 455              	.LVL51:
 110:lvgl/src/widgets/lv_line.c ****     LV_TRACE_OBJ_CREATE("begin");
 456              		.loc 1 110 5 is_stmt 1 view .LVU158
 111:lvgl/src/widgets/lv_line.c **** 
 457              		.loc 1 111 33 view .LVU159
 113:lvgl/src/widgets/lv_line.c **** 
 458              		.loc 1 113 5 view .LVU160
 115:lvgl/src/widgets/lv_line.c ****     line->point_array = NULL;
 459              		.loc 1 115 5 view .LVU161
 115:lvgl/src/widgets/lv_line.c ****     line->point_array = NULL;
 460              		.loc 1 115 23 is_stmt 0 view .LVU162
 461 0004 0023     		movs	r3, #0
 462 0006 0B85     		strh	r3, [r1, #40]	@ movhi
 116:lvgl/src/widgets/lv_line.c ****     line->y_inv       = 0;
 463              		.loc 1 116 5 is_stmt 1 view .LVU163
 116:lvgl/src/widgets/lv_line.c ****     line->y_inv       = 0;
 464              		.loc 1 116 23 is_stmt 0 view .LVU164
 465 0008 4B62     		str	r3, [r1, #36]
 117:lvgl/src/widgets/lv_line.c **** 
 466              		.loc 1 117 5 is_stmt 1 view .LVU165
 117:lvgl/src/widgets/lv_line.c **** 
 467              		.loc 1 117 23 is_stmt 0 view .LVU166
 468 000a 91F82A20 		ldrb	r2, [r1, #42]	@ zero_extendqisi2
 469 000e 63F30002 		bfi	r2, r3, #0, #1
 470 0012 81F82A20 		strb	r2, [r1, #42]
 119:lvgl/src/widgets/lv_line.c **** 
 471              		.loc 1 119 5 is_stmt 1 view .LVU167
 472 0016 0221     		movs	r1, #2
 473              	.LVL52:
 119:lvgl/src/widgets/lv_line.c **** 
 474              		.loc 1 119 5 is_stmt 0 view .LVU168
 475 0018 FFF7FEFF 		bl	lv_obj_clear_flag
 476              	.LVL53:
 121:lvgl/src/widgets/lv_line.c **** }
 477              		.loc 1 121 36 is_stmt 1 view .LVU169
 122:lvgl/src/widgets/lv_line.c **** 
ARM GAS  C:\Users\OSD\AppData\Local\Temp\cckwHtyF.s 			page 22


 478              		.loc 1 122 1 is_stmt 0 view .LVU170
 479 001c 08BD     		pop	{r3, pc}
 480              		.cfi_endproc
 481              	.LFE165:
 483              		.section	.text.lv_line_create,"ax",%progbits
 484              		.align	1
 485              		.global	lv_line_create
 486              		.syntax unified
 487              		.thumb
 488              		.thumb_func
 490              	lv_line_create:
 491              	.LVL54:
 492              	.LFB161:
  55:lvgl/src/widgets/lv_line.c ****     LV_LOG_INFO("begin");
 493              		.loc 1 55 1 is_stmt 1 view -0
 494              		.cfi_startproc
 495              		@ args = 0, pretend = 0, frame = 0
 496              		@ frame_needed = 0, uses_anonymous_args = 0
  55:lvgl/src/widgets/lv_line.c ****     LV_LOG_INFO("begin");
 497              		.loc 1 55 1 is_stmt 0 view .LVU172
 498 0000 10B5     		push	{r4, lr}
 499              		.cfi_def_cfa_offset 8
 500              		.cfi_offset 4, -8
 501              		.cfi_offset 14, -4
 502 0002 0146     		mov	r1, r0
  56:lvgl/src/widgets/lv_line.c ****     lv_obj_t * obj = lv_obj_class_create_obj(MY_CLASS, parent);
 503              		.loc 1 56 5 is_stmt 1 view .LVU173
  56:lvgl/src/widgets/lv_line.c ****     lv_obj_t * obj = lv_obj_class_create_obj(MY_CLASS, parent);
 504              		.loc 1 56 5 view .LVU174
  56:lvgl/src/widgets/lv_line.c ****     lv_obj_t * obj = lv_obj_class_create_obj(MY_CLASS, parent);
 505              		.loc 1 56 5 view .LVU175
  57:lvgl/src/widgets/lv_line.c ****     lv_obj_class_init_obj(obj);
 506              		.loc 1 57 5 view .LVU176
  57:lvgl/src/widgets/lv_line.c ****     lv_obj_class_init_obj(obj);
 507              		.loc 1 57 22 is_stmt 0 view .LVU177
 508 0004 0348     		ldr	r0, .L23
 509              	.LVL55:
  57:lvgl/src/widgets/lv_line.c ****     lv_obj_class_init_obj(obj);
 510              		.loc 1 57 22 view .LVU178
 511 0006 FFF7FEFF 		bl	lv_obj_class_create_obj
 512              	.LVL56:
  57:lvgl/src/widgets/lv_line.c ****     lv_obj_class_init_obj(obj);
 513              		.loc 1 57 22 view .LVU179
 514 000a 0446     		mov	r4, r0
 515              	.LVL57:
  58:lvgl/src/widgets/lv_line.c ****     return obj;
 516              		.loc 1 58 5 is_stmt 1 view .LVU180
 517 000c FFF7FEFF 		bl	lv_obj_class_init_obj
 518              	.LVL58:
  59:lvgl/src/widgets/lv_line.c **** }
 519              		.loc 1 59 5 view .LVU181
  60:lvgl/src/widgets/lv_line.c **** 
 520              		.loc 1 60 1 is_stmt 0 view .LVU182
 521 0010 2046     		mov	r0, r4
 522 0012 10BD     		pop	{r4, pc}
 523              	.LVL59:
 524              	.L24:
ARM GAS  C:\Users\OSD\AppData\Local\Temp\cckwHtyF.s 			page 23


  60:lvgl/src/widgets/lv_line.c **** 
 525              		.loc 1 60 1 view .LVU183
 526              		.align	2
 527              	.L23:
 528 0014 00000000 		.word	.LANCHOR0
 529              		.cfi_endproc
 530              	.LFE161:
 532              		.section	.text.lv_line_set_points,"ax",%progbits
 533              		.align	1
 534              		.global	lv_line_set_points
 535              		.syntax unified
 536              		.thumb
 537              		.thumb_func
 539              	lv_line_set_points:
 540              	.LVL60:
 541              	.LFB162:
  67:lvgl/src/widgets/lv_line.c ****     LV_ASSERT_OBJ(obj, MY_CLASS);
 542              		.loc 1 67 1 is_stmt 1 view -0
 543              		.cfi_startproc
 544              		@ args = 0, pretend = 0, frame = 0
 545              		@ frame_needed = 0, uses_anonymous_args = 0
  67:lvgl/src/widgets/lv_line.c ****     LV_ASSERT_OBJ(obj, MY_CLASS);
 546              		.loc 1 67 1 is_stmt 0 view .LVU185
 547 0000 10B5     		push	{r4, lr}
 548              		.cfi_def_cfa_offset 8
 549              		.cfi_offset 4, -8
 550              		.cfi_offset 14, -4
 551 0002 0446     		mov	r4, r0
  68:lvgl/src/widgets/lv_line.c **** 
 552              		.loc 1 68 5 is_stmt 1 view .LVU186
  68:lvgl/src/widgets/lv_line.c **** 
 553              		.loc 1 68 5 view .LVU187
  68:lvgl/src/widgets/lv_line.c **** 
 554              		.loc 1 68 5 view .LVU188
  70:lvgl/src/widgets/lv_line.c ****     line->point_array    = points;
 555              		.loc 1 70 5 view .LVU189
 556              	.LVL61:
  71:lvgl/src/widgets/lv_line.c ****     line->point_num      = point_num;
 557              		.loc 1 71 5 view .LVU190
  71:lvgl/src/widgets/lv_line.c ****     line->point_num      = point_num;
 558              		.loc 1 71 26 is_stmt 0 view .LVU191
 559 0004 4162     		str	r1, [r0, #36]
  72:lvgl/src/widgets/lv_line.c **** 
 560              		.loc 1 72 5 is_stmt 1 view .LVU192
  72:lvgl/src/widgets/lv_line.c **** 
 561              		.loc 1 72 26 is_stmt 0 view .LVU193
 562 0006 0285     		strh	r2, [r0, #40]	@ movhi
  74:lvgl/src/widgets/lv_line.c **** 
 563              		.loc 1 74 5 is_stmt 1 view .LVU194
 564 0008 FFF7FEFF 		bl	lv_obj_refresh_self_size
 565              	.LVL62:
  76:lvgl/src/widgets/lv_line.c **** }
 566              		.loc 1 76 5 view .LVU195
 567 000c 2046     		mov	r0, r4
 568 000e FFF7FEFF 		bl	lv_obj_invalidate
 569              	.LVL63:
  77:lvgl/src/widgets/lv_line.c **** 
ARM GAS  C:\Users\OSD\AppData\Local\Temp\cckwHtyF.s 			page 24


 570              		.loc 1 77 1 is_stmt 0 view .LVU196
 571 0012 10BD     		pop	{r4, pc}
  77:lvgl/src/widgets/lv_line.c **** 
 572              		.loc 1 77 1 view .LVU197
 573              		.cfi_endproc
 574              	.LFE162:
 576              		.section	.text.lv_line_set_y_invert,"ax",%progbits
 577              		.align	1
 578              		.global	lv_line_set_y_invert
 579              		.syntax unified
 580              		.thumb
 581              		.thumb_func
 583              	lv_line_set_y_invert:
 584              	.LVL64:
 585              	.LFB163:
  80:lvgl/src/widgets/lv_line.c ****     LV_ASSERT_OBJ(obj, MY_CLASS);
 586              		.loc 1 80 1 is_stmt 1 view -0
 587              		.cfi_startproc
 588              		@ args = 0, pretend = 0, frame = 0
 589              		@ frame_needed = 0, uses_anonymous_args = 0
  80:lvgl/src/widgets/lv_line.c ****     LV_ASSERT_OBJ(obj, MY_CLASS);
 590              		.loc 1 80 1 is_stmt 0 view .LVU199
 591 0000 08B5     		push	{r3, lr}
 592              		.cfi_def_cfa_offset 8
 593              		.cfi_offset 3, -8
 594              		.cfi_offset 14, -4
  81:lvgl/src/widgets/lv_line.c **** 
 595              		.loc 1 81 5 is_stmt 1 view .LVU200
  81:lvgl/src/widgets/lv_line.c **** 
 596              		.loc 1 81 5 view .LVU201
  81:lvgl/src/widgets/lv_line.c **** 
 597              		.loc 1 81 5 view .LVU202
  83:lvgl/src/widgets/lv_line.c ****     if(line->y_inv == en) return;
 598              		.loc 1 83 5 view .LVU203
 599              	.LVL65:
  84:lvgl/src/widgets/lv_line.c **** 
 600              		.loc 1 84 5 view .LVU204
  84:lvgl/src/widgets/lv_line.c **** 
 601              		.loc 1 84 12 is_stmt 0 view .LVU205
 602 0002 90F82A30 		ldrb	r3, [r0, #42]	@ zero_extendqisi2
 603 0006 03F00103 		and	r3, r3, #1
  84:lvgl/src/widgets/lv_line.c **** 
 604              		.loc 1 84 7 view .LVU206
 605 000a 8B42     		cmp	r3, r1
 606 000c 07D0     		beq	.L27
  86:lvgl/src/widgets/lv_line.c **** 
 607              		.loc 1 86 5 is_stmt 1 discriminator 4 view .LVU207
  86:lvgl/src/widgets/lv_line.c **** 
 608              		.loc 1 86 17 is_stmt 0 discriminator 4 view .LVU208
 609 000e 90F82A30 		ldrb	r3, [r0, #42]	@ zero_extendqisi2
 610 0012 61F30003 		bfi	r3, r1, #0, #1
 611 0016 80F82A30 		strb	r3, [r0, #42]
  88:lvgl/src/widgets/lv_line.c **** }
 612              		.loc 1 88 5 is_stmt 1 discriminator 4 view .LVU209
 613 001a FFF7FEFF 		bl	lv_obj_invalidate
 614              	.LVL66:
 615              	.L27:
ARM GAS  C:\Users\OSD\AppData\Local\Temp\cckwHtyF.s 			page 25


  89:lvgl/src/widgets/lv_line.c **** 
 616              		.loc 1 89 1 is_stmt 0 view .LVU210
 617 001e 08BD     		pop	{r3, pc}
 618              		.cfi_endproc
 619              	.LFE163:
 621              		.section	.text.lv_line_get_y_invert,"ax",%progbits
 622              		.align	1
 623              		.global	lv_line_get_y_invert
 624              		.syntax unified
 625              		.thumb
 626              		.thumb_func
 628              	lv_line_get_y_invert:
 629              	.LVL67:
 630              	.LFB164:
  96:lvgl/src/widgets/lv_line.c ****     LV_ASSERT_OBJ(obj, MY_CLASS);
 631              		.loc 1 96 1 is_stmt 1 view -0
 632              		.cfi_startproc
 633              		@ args = 0, pretend = 0, frame = 0
 634              		@ frame_needed = 0, uses_anonymous_args = 0
 635              		@ link register save eliminated.
  97:lvgl/src/widgets/lv_line.c **** 
 636              		.loc 1 97 5 view .LVU212
  97:lvgl/src/widgets/lv_line.c **** 
 637              		.loc 1 97 5 view .LVU213
  97:lvgl/src/widgets/lv_line.c **** 
 638              		.loc 1 97 5 view .LVU214
  99:lvgl/src/widgets/lv_line.c **** 
 639              		.loc 1 99 5 view .LVU215
 101:lvgl/src/widgets/lv_line.c **** }
 640              		.loc 1 101 5 view .LVU216
 101:lvgl/src/widgets/lv_line.c **** }
 641              		.loc 1 101 24 is_stmt 0 view .LVU217
 642 0000 90F82A00 		ldrb	r0, [r0, #42]	@ zero_extendqisi2
 643              	.LVL68:
 102:lvgl/src/widgets/lv_line.c **** 
 644              		.loc 1 102 1 view .LVU218
 645 0004 00F00100 		and	r0, r0, #1
 646 0008 7047     		bx	lr
 647              		.cfi_endproc
 648              	.LFE164:
 650              		.global	lv_line_class
 651              		.section	.rodata.lv_line_class,"a"
 652              		.align	2
 653              		.set	.LANCHOR0,. + 0
 656              	lv_line_class:
 657 0000 00000000 		.word	lv_obj_class
 658 0004 00000000 		.word	lv_line_constructor
 659 0008 00000000 		.space	8
 659      00000000 
 660 0010 00000000 		.word	lv_line_event
 661 0014 D127     		.short	10193
 662 0016 D127     		.short	10193
 663 0018 C0       		.byte	192
 664 0019 02       		.byte	2
 665 001a 00       		.byte	0
 666 001b 00       		.space	1
 667              		.text
ARM GAS  C:\Users\OSD\AppData\Local\Temp\cckwHtyF.s 			page 26


 668              	.Letext0:
 669              		.file 3 "c:\\tools\\gcc-arm-none-eabi\\arm-none-eabi\\include\\machine\\_default_types.h"
 670              		.file 4 "c:\\tools\\gcc-arm-none-eabi\\arm-none-eabi\\include\\sys\\_stdint.h"
 671              		.file 5 "c:\\tools\\gcc-arm-none-eabi\\lib\\gcc\\arm-none-eabi\\10.3.1\\include\\stddef.h"
 672              		.file 6 "d:\\kzc\\stm32\\h743ii_lcd\\lvgl\\src\\misc\\lv_area.h"
 673              		.file 7 "d:\\kzc\\stm32\\h743ii_lcd\\lvgl\\src\\font\\lv_font.h"
 674              		.file 8 "lvgl/src/widgets/../core/../misc/lv_types.h"
 675              		.file 9 "lvgl/src/widgets/../core/../misc/lv_color.h"
 676              		.file 10 "lvgl/src/widgets/../core/../misc/lv_txt.h"
 677              		.file 11 "lvgl/src/widgets/../core/../misc/lv_bidi.h"
 678              		.file 12 "lvgl/src/widgets/../core/../misc/lv_style.h"
 679              		.file 13 "d:\\kzc\\stm32\\h743ii_lcd\\lvgl\\src\\draw\\lv_img_buf.h"
 680              		.file 14 "lvgl/src/widgets/../core/lv_obj.h"
 681              		.file 15 "d:\\kzc\\stm32\\h743ii_lcd\\lvgl\\src\\draw\\lv_draw_rect.h"
 682              		.file 16 "d:\\kzc\\stm32\\h743ii_lcd\\lvgl\\src\\draw\\lv_draw_label.h"
 683              		.file 17 "d:\\kzc\\stm32\\h743ii_lcd\\lvgl\\src\\draw\\lv_draw_img.h"
 684              		.file 18 "d:\\kzc\\stm32\\h743ii_lcd\\lvgl\\src\\draw\\lv_draw_line.h"
 685              		.file 19 "d:\\kzc\\stm32\\h743ii_lcd\\lvgl\\src\\draw\\lv_draw_arc.h"
 686              		.file 20 "d:\\kzc\\stm32\\h743ii_lcd\\lvgl\\src\\draw\\lv_draw_layer.h"
 687              		.file 21 "d:\\kzc\\stm32\\h743ii_lcd\\lvgl\\src\\draw\\lv_draw.h"
 688              		.file 22 "d:\\kzc\\stm32\\h743ii_lcd\\lvgl\\src\\misc\\lv_ll.h"
 689              		.file 23 "lvgl/src/widgets/../core/lv_group.h"
 690              		.file 24 "lvgl/src/widgets/../core/lv_obj_scroll.h"
 691              		.file 25 "lvgl/src/widgets/../core/lv_obj_style.h"
 692              		.file 26 "lvgl/src/widgets/../core/lv_obj_class.h"
 693              		.file 27 "lvgl/src/widgets/../core/lv_event.h"
 694              		.file 28 "lvgl/src/widgets/lv_line.h"
 695              		.file 29 "d:\\kzc\\stm32\\h743ii_lcd\\lvgl\\src\\core\\lv_obj_pos.h"
 696              		.file 30 "lvgl/src/widgets/../core/lv_obj_draw.h"
ARM GAS  C:\Users\OSD\AppData\Local\Temp\cckwHtyF.s 			page 27


DEFINED SYMBOLS
                            *ABS*:00000000 lv_line.c
C:\Users\OSD\AppData\Local\Temp\cckwHtyF.s:19     .text.lv_line_event:00000000 $t
C:\Users\OSD\AppData\Local\Temp\cckwHtyF.s:24     .text.lv_line_event:00000000 lv_line_event
C:\Users\OSD\AppData\Local\Temp\cckwHtyF.s:430    .text.lv_line_event:0000017c $d
C:\Users\OSD\AppData\Local\Temp\cckwHtyF.s:437    .text.lv_line_constructor:00000000 $t
C:\Users\OSD\AppData\Local\Temp\cckwHtyF.s:442    .text.lv_line_constructor:00000000 lv_line_constructor
C:\Users\OSD\AppData\Local\Temp\cckwHtyF.s:484    .text.lv_line_create:00000000 $t
C:\Users\OSD\AppData\Local\Temp\cckwHtyF.s:490    .text.lv_line_create:00000000 lv_line_create
C:\Users\OSD\AppData\Local\Temp\cckwHtyF.s:528    .text.lv_line_create:00000014 $d
C:\Users\OSD\AppData\Local\Temp\cckwHtyF.s:533    .text.lv_line_set_points:00000000 $t
C:\Users\OSD\AppData\Local\Temp\cckwHtyF.s:539    .text.lv_line_set_points:00000000 lv_line_set_points
C:\Users\OSD\AppData\Local\Temp\cckwHtyF.s:577    .text.lv_line_set_y_invert:00000000 $t
C:\Users\OSD\AppData\Local\Temp\cckwHtyF.s:583    .text.lv_line_set_y_invert:00000000 lv_line_set_y_invert
C:\Users\OSD\AppData\Local\Temp\cckwHtyF.s:622    .text.lv_line_get_y_invert:00000000 $t
C:\Users\OSD\AppData\Local\Temp\cckwHtyF.s:628    .text.lv_line_get_y_invert:00000000 lv_line_get_y_invert
C:\Users\OSD\AppData\Local\Temp\cckwHtyF.s:656    .rodata.lv_line_class:00000000 lv_line_class
C:\Users\OSD\AppData\Local\Temp\cckwHtyF.s:652    .rodata.lv_line_class:00000000 $d

UNDEFINED SYMBOLS
lv_obj_event_base
lv_event_get_code
lv_event_get_target
lv_event_get_draw_ctx
lv_obj_get_coords
lv_obj_get_scroll_x
lv_obj_get_scroll_y
lv_obj_get_height
lv_draw_line_dsc_init
lv_obj_init_draw_line_dsc
lv_obj_get_style_prop
lv_event_get_param
lv_draw_line
lv_obj_clear_flag
lv_obj_class_create_obj
lv_obj_class_init_obj
lv_obj_refresh_self_size
lv_obj_invalidate
lv_obj_class
