ARM GAS  C:\Users\OSD\AppData\Local\Temp\cchkGAUW.s 			page 1


   1              		.cpu cortex-m7
   2              		.arch armv7e-m
   3              		.fpu fpv5-d16
   4              		.eabi_attribute 28, 1
   5              		.eabi_attribute 20, 1
   6              		.eabi_attribute 21, 1
   7              		.eabi_attribute 23, 3
   8              		.eabi_attribute 24, 1
   9              		.eabi_attribute 25, 1
  10              		.eabi_attribute 26, 1
  11              		.eabi_attribute 30, 1
  12              		.eabi_attribute 34, 1
  13              		.eabi_attribute 18, 4
  14              		.file	"lv_theme.c"
  15              		.text
  16              	.Ltext0:
  17              		.cfi_sections	.debug_frame
  18              		.section	.text.apply_theme,"ax",%progbits
  19              		.align	1
  20              		.syntax unified
  21              		.thumb
  22              		.thumb_func
  24              	apply_theme:
  25              	.LVL0:
  26              	.LFB213:
  27              		.file 1 "lvgl/src/core/lv_theme.c"
   1:lvgl/src/core/lv_theme.c **** /**
   2:lvgl/src/core/lv_theme.c ****  * @file lv_theme.c
   3:lvgl/src/core/lv_theme.c ****  *
   4:lvgl/src/core/lv_theme.c ****  */
   5:lvgl/src/core/lv_theme.c **** 
   6:lvgl/src/core/lv_theme.c **** /*********************
   7:lvgl/src/core/lv_theme.c ****  *      INCLUDES
   8:lvgl/src/core/lv_theme.c ****  *********************/
   9:lvgl/src/core/lv_theme.c **** #include "../../lvgl.h"
  10:lvgl/src/core/lv_theme.c **** 
  11:lvgl/src/core/lv_theme.c **** /*********************
  12:lvgl/src/core/lv_theme.c ****  *      DEFINES
  13:lvgl/src/core/lv_theme.c ****  *********************/
  14:lvgl/src/core/lv_theme.c **** 
  15:lvgl/src/core/lv_theme.c **** /**********************
  16:lvgl/src/core/lv_theme.c ****  *      TYPEDEFS
  17:lvgl/src/core/lv_theme.c ****  **********************/
  18:lvgl/src/core/lv_theme.c **** 
  19:lvgl/src/core/lv_theme.c **** /**********************
  20:lvgl/src/core/lv_theme.c ****  *  STATIC PROTOTYPES
  21:lvgl/src/core/lv_theme.c ****  **********************/
  22:lvgl/src/core/lv_theme.c **** static void apply_theme(lv_theme_t * th, lv_obj_t * obj);
  23:lvgl/src/core/lv_theme.c **** 
  24:lvgl/src/core/lv_theme.c **** /**********************
  25:lvgl/src/core/lv_theme.c ****  *  STATIC VARIABLES
  26:lvgl/src/core/lv_theme.c ****  **********************/
  27:lvgl/src/core/lv_theme.c **** 
  28:lvgl/src/core/lv_theme.c **** /**********************
  29:lvgl/src/core/lv_theme.c ****  *      MACROS
  30:lvgl/src/core/lv_theme.c ****  **********************/
  31:lvgl/src/core/lv_theme.c **** 
ARM GAS  C:\Users\OSD\AppData\Local\Temp\cchkGAUW.s 			page 2


  32:lvgl/src/core/lv_theme.c **** /**********************
  33:lvgl/src/core/lv_theme.c ****  *   GLOBAL FUNCTIONS
  34:lvgl/src/core/lv_theme.c ****  **********************/
  35:lvgl/src/core/lv_theme.c **** 
  36:lvgl/src/core/lv_theme.c **** lv_theme_t  * lv_theme_get_from_obj(lv_obj_t * obj)
  37:lvgl/src/core/lv_theme.c **** {
  38:lvgl/src/core/lv_theme.c ****     lv_disp_t * disp = obj ? lv_obj_get_disp(obj) : lv_disp_get_default();
  39:lvgl/src/core/lv_theme.c ****     return lv_disp_get_theme(disp);
  40:lvgl/src/core/lv_theme.c **** }
  41:lvgl/src/core/lv_theme.c **** 
  42:lvgl/src/core/lv_theme.c **** /**
  43:lvgl/src/core/lv_theme.c ****  * Apply the active theme on an object
  44:lvgl/src/core/lv_theme.c ****  * @param obj pointer to an object
  45:lvgl/src/core/lv_theme.c ****  * @param name the name of the theme element to apply. E.g. `LV_THEME_BTN`
  46:lvgl/src/core/lv_theme.c ****  */
  47:lvgl/src/core/lv_theme.c **** void lv_theme_apply(lv_obj_t * obj)
  48:lvgl/src/core/lv_theme.c **** {
  49:lvgl/src/core/lv_theme.c ****     lv_theme_t * th = lv_theme_get_from_obj(obj);
  50:lvgl/src/core/lv_theme.c ****     if(th == NULL) return;
  51:lvgl/src/core/lv_theme.c **** 
  52:lvgl/src/core/lv_theme.c ****     lv_obj_remove_style_all(obj);
  53:lvgl/src/core/lv_theme.c **** 
  54:lvgl/src/core/lv_theme.c ****     apply_theme(th, obj);    /*Apply the theme including the base theme(s)*/
  55:lvgl/src/core/lv_theme.c **** }
  56:lvgl/src/core/lv_theme.c **** 
  57:lvgl/src/core/lv_theme.c **** /**
  58:lvgl/src/core/lv_theme.c ****  * Set a base theme for a theme.
  59:lvgl/src/core/lv_theme.c ****  * The styles from the base them will be added before the styles of the current theme.
  60:lvgl/src/core/lv_theme.c ****  * Arbitrary long chain of themes can be created by setting base themes.
  61:lvgl/src/core/lv_theme.c ****  * @param new_theme pointer to theme which base should be set
  62:lvgl/src/core/lv_theme.c ****  * @param base pointer to the base theme
  63:lvgl/src/core/lv_theme.c ****  */
  64:lvgl/src/core/lv_theme.c **** void lv_theme_set_parent(lv_theme_t * new_theme, lv_theme_t * base)
  65:lvgl/src/core/lv_theme.c **** {
  66:lvgl/src/core/lv_theme.c ****     new_theme->parent = base;
  67:lvgl/src/core/lv_theme.c **** }
  68:lvgl/src/core/lv_theme.c **** 
  69:lvgl/src/core/lv_theme.c **** /**
  70:lvgl/src/core/lv_theme.c ****  * Set a callback for a theme.
  71:lvgl/src/core/lv_theme.c ****  * The callback is used to add styles to different objects
  72:lvgl/src/core/lv_theme.c ****  * @param theme pointer to theme which callback should be set
  73:lvgl/src/core/lv_theme.c ****  * @param cb pointer to the callback
  74:lvgl/src/core/lv_theme.c ****  */
  75:lvgl/src/core/lv_theme.c **** void lv_theme_set_apply_cb(lv_theme_t * theme, lv_theme_apply_cb_t apply_cb)
  76:lvgl/src/core/lv_theme.c **** {
  77:lvgl/src/core/lv_theme.c ****     theme->apply_cb = apply_cb;
  78:lvgl/src/core/lv_theme.c **** }
  79:lvgl/src/core/lv_theme.c **** 
  80:lvgl/src/core/lv_theme.c **** const lv_font_t * lv_theme_get_font_small(lv_obj_t * obj)
  81:lvgl/src/core/lv_theme.c **** {
  82:lvgl/src/core/lv_theme.c ****     lv_theme_t * th = lv_theme_get_from_obj(obj);
  83:lvgl/src/core/lv_theme.c ****     return th ? th->font_small : LV_FONT_DEFAULT;
  84:lvgl/src/core/lv_theme.c **** }
  85:lvgl/src/core/lv_theme.c **** 
  86:lvgl/src/core/lv_theme.c **** const lv_font_t * lv_theme_get_font_normal(lv_obj_t * obj)
  87:lvgl/src/core/lv_theme.c **** {
  88:lvgl/src/core/lv_theme.c ****     lv_theme_t * th = lv_theme_get_from_obj(obj);
ARM GAS  C:\Users\OSD\AppData\Local\Temp\cchkGAUW.s 			page 3


  89:lvgl/src/core/lv_theme.c ****     return th ? th->font_normal : LV_FONT_DEFAULT;
  90:lvgl/src/core/lv_theme.c **** }
  91:lvgl/src/core/lv_theme.c **** 
  92:lvgl/src/core/lv_theme.c **** const lv_font_t * lv_theme_get_font_large(lv_obj_t * obj)
  93:lvgl/src/core/lv_theme.c **** {
  94:lvgl/src/core/lv_theme.c ****     lv_theme_t * th = lv_theme_get_from_obj(obj);
  95:lvgl/src/core/lv_theme.c ****     return th ? th->font_large : LV_FONT_DEFAULT;
  96:lvgl/src/core/lv_theme.c **** }
  97:lvgl/src/core/lv_theme.c **** 
  98:lvgl/src/core/lv_theme.c **** lv_color_t lv_theme_get_color_primary(lv_obj_t * obj)
  99:lvgl/src/core/lv_theme.c **** {
 100:lvgl/src/core/lv_theme.c ****     lv_theme_t * th = lv_theme_get_from_obj(obj);
 101:lvgl/src/core/lv_theme.c ****     return th ? th->color_primary : lv_palette_main(LV_PALETTE_BLUE_GREY);
 102:lvgl/src/core/lv_theme.c **** }
 103:lvgl/src/core/lv_theme.c **** 
 104:lvgl/src/core/lv_theme.c **** lv_color_t lv_theme_get_color_secondary(lv_obj_t * obj)
 105:lvgl/src/core/lv_theme.c **** {
 106:lvgl/src/core/lv_theme.c ****     lv_theme_t * th = lv_theme_get_from_obj(obj);
 107:lvgl/src/core/lv_theme.c ****     return th ? th->color_secondary : lv_palette_main(LV_PALETTE_BLUE);
 108:lvgl/src/core/lv_theme.c **** }
 109:lvgl/src/core/lv_theme.c **** 
 110:lvgl/src/core/lv_theme.c **** /**********************
 111:lvgl/src/core/lv_theme.c ****  *   STATIC FUNCTIONS
 112:lvgl/src/core/lv_theme.c ****  **********************/
 113:lvgl/src/core/lv_theme.c **** 
 114:lvgl/src/core/lv_theme.c **** static void apply_theme(lv_theme_t * th, lv_obj_t * obj)
 115:lvgl/src/core/lv_theme.c **** {
  28              		.loc 1 115 1 view -0
  29              		.cfi_startproc
  30              		@ args = 0, pretend = 0, frame = 0
  31              		@ frame_needed = 0, uses_anonymous_args = 0
  32              		.loc 1 115 1 is_stmt 0 view .LVU1
  33 0000 38B5     		push	{r3, r4, r5, lr}
  34              		.cfi_def_cfa_offset 16
  35              		.cfi_offset 3, -16
  36              		.cfi_offset 4, -12
  37              		.cfi_offset 5, -8
  38              		.cfi_offset 14, -4
  39 0002 0446     		mov	r4, r0
  40 0004 0D46     		mov	r5, r1
 116:lvgl/src/core/lv_theme.c ****     if(th->parent) apply_theme(th->parent, obj);
  41              		.loc 1 116 5 is_stmt 1 view .LVU2
  42              		.loc 1 116 10 is_stmt 0 view .LVU3
  43 0006 4068     		ldr	r0, [r0, #4]
  44              	.LVL1:
  45              		.loc 1 116 7 view .LVU4
  46 0008 08B1     		cbz	r0, .L2
  47              		.loc 1 116 20 is_stmt 1 discriminator 1 view .LVU5
  48 000a FFF7F9FF 		bl	apply_theme
  49              	.LVL2:
  50              	.L2:
 117:lvgl/src/core/lv_theme.c ****     if(th->apply_cb) th->apply_cb(th, obj);
  51              		.loc 1 117 5 view .LVU6
  52              		.loc 1 117 10 is_stmt 0 view .LVU7
  53 000e 2368     		ldr	r3, [r4]
  54              		.loc 1 117 7 view .LVU8
  55 0010 13B1     		cbz	r3, .L1
ARM GAS  C:\Users\OSD\AppData\Local\Temp\cchkGAUW.s 			page 4


  56              		.loc 1 117 22 is_stmt 1 discriminator 1 view .LVU9
  57 0012 2946     		mov	r1, r5
  58 0014 2046     		mov	r0, r4
  59 0016 9847     		blx	r3
  60              	.LVL3:
  61              	.L1:
 118:lvgl/src/core/lv_theme.c **** }
  62              		.loc 1 118 1 is_stmt 0 view .LVU10
  63 0018 38BD     		pop	{r3, r4, r5, pc}
  64              		.loc 1 118 1 view .LVU11
  65              		.cfi_endproc
  66              	.LFE213:
  68              		.section	.text.lv_theme_get_from_obj,"ax",%progbits
  69              		.align	1
  70              		.global	lv_theme_get_from_obj
  71              		.syntax unified
  72              		.thumb
  73              		.thumb_func
  75              	lv_theme_get_from_obj:
  76              	.LVL4:
  77              	.LFB204:
  37:lvgl/src/core/lv_theme.c ****     lv_disp_t * disp = obj ? lv_obj_get_disp(obj) : lv_disp_get_default();
  78              		.loc 1 37 1 is_stmt 1 view -0
  79              		.cfi_startproc
  80              		@ args = 0, pretend = 0, frame = 0
  81              		@ frame_needed = 0, uses_anonymous_args = 0
  37:lvgl/src/core/lv_theme.c ****     lv_disp_t * disp = obj ? lv_obj_get_disp(obj) : lv_disp_get_default();
  82              		.loc 1 37 1 is_stmt 0 view .LVU13
  83 0000 08B5     		push	{r3, lr}
  84              		.cfi_def_cfa_offset 8
  85              		.cfi_offset 3, -8
  86              		.cfi_offset 14, -4
  38:lvgl/src/core/lv_theme.c ****     return lv_disp_get_theme(disp);
  87              		.loc 1 38 5 is_stmt 1 view .LVU14
  38:lvgl/src/core/lv_theme.c ****     return lv_disp_get_theme(disp);
  88              		.loc 1 38 51 is_stmt 0 view .LVU15
  89 0002 20B1     		cbz	r0, .L6
  38:lvgl/src/core/lv_theme.c ****     return lv_disp_get_theme(disp);
  90              		.loc 1 38 30 discriminator 1 view .LVU16
  91 0004 FFF7FEFF 		bl	lv_obj_get_disp
  92              	.LVL5:
  93              	.L7:
  39:lvgl/src/core/lv_theme.c **** }
  94              		.loc 1 39 5 is_stmt 1 discriminator 4 view .LVU17
  39:lvgl/src/core/lv_theme.c **** }
  95              		.loc 1 39 12 is_stmt 0 discriminator 4 view .LVU18
  96 0008 FFF7FEFF 		bl	lv_disp_get_theme
  97              	.LVL6:
  40:lvgl/src/core/lv_theme.c **** 
  98              		.loc 1 40 1 discriminator 4 view .LVU19
  99 000c 08BD     		pop	{r3, pc}
 100              	.LVL7:
 101              	.L6:
  38:lvgl/src/core/lv_theme.c ****     return lv_disp_get_theme(disp);
 102              		.loc 1 38 53 discriminator 2 view .LVU20
 103 000e FFF7FEFF 		bl	lv_disp_get_default
 104              	.LVL8:
ARM GAS  C:\Users\OSD\AppData\Local\Temp\cchkGAUW.s 			page 5


  38:lvgl/src/core/lv_theme.c ****     return lv_disp_get_theme(disp);
 105              		.loc 1 38 53 discriminator 2 view .LVU21
 106 0012 F9E7     		b	.L7
 107              		.cfi_endproc
 108              	.LFE204:
 110              		.section	.text.lv_theme_apply,"ax",%progbits
 111              		.align	1
 112              		.global	lv_theme_apply
 113              		.syntax unified
 114              		.thumb
 115              		.thumb_func
 117              	lv_theme_apply:
 118              	.LVL9:
 119              	.LFB205:
  48:lvgl/src/core/lv_theme.c ****     lv_theme_t * th = lv_theme_get_from_obj(obj);
 120              		.loc 1 48 1 is_stmt 1 view -0
 121              		.cfi_startproc
 122              		@ args = 0, pretend = 0, frame = 0
 123              		@ frame_needed = 0, uses_anonymous_args = 0
  48:lvgl/src/core/lv_theme.c ****     lv_theme_t * th = lv_theme_get_from_obj(obj);
 124              		.loc 1 48 1 is_stmt 0 view .LVU23
 125 0000 38B5     		push	{r3, r4, r5, lr}
 126              		.cfi_def_cfa_offset 16
 127              		.cfi_offset 3, -16
 128              		.cfi_offset 4, -12
 129              		.cfi_offset 5, -8
 130              		.cfi_offset 14, -4
 131 0002 0446     		mov	r4, r0
  49:lvgl/src/core/lv_theme.c ****     if(th == NULL) return;
 132              		.loc 1 49 5 is_stmt 1 view .LVU24
  49:lvgl/src/core/lv_theme.c ****     if(th == NULL) return;
 133              		.loc 1 49 23 is_stmt 0 view .LVU25
 134 0004 FFF7FEFF 		bl	lv_theme_get_from_obj
 135              	.LVL10:
  50:lvgl/src/core/lv_theme.c **** 
 136              		.loc 1 50 5 is_stmt 1 view .LVU26
  50:lvgl/src/core/lv_theme.c **** 
 137              		.loc 1 50 7 is_stmt 0 view .LVU27
 138 0008 48B1     		cbz	r0, .L9
 139 000a 0546     		mov	r5, r0
  52:lvgl/src/core/lv_theme.c **** 
 140              		.loc 1 52 5 is_stmt 1 view .LVU28
 141              	.LVL11:
 142              	.LBB4:
 143              	.LBI4:
 144              		.file 2 "lvgl/src/core/../../src/core/lv_obj_style.h"
   1:lvgl/src/core/../../src/core/lv_obj_style.h **** /**
   2:lvgl/src/core/../../src/core/lv_obj_style.h ****  * @file lv_obj_style.h
   3:lvgl/src/core/../../src/core/lv_obj_style.h ****  *
   4:lvgl/src/core/../../src/core/lv_obj_style.h ****  */
   5:lvgl/src/core/../../src/core/lv_obj_style.h **** 
   6:lvgl/src/core/../../src/core/lv_obj_style.h **** #ifndef LV_OBJ_STYLE_H
   7:lvgl/src/core/../../src/core/lv_obj_style.h **** #define LV_OBJ_STYLE_H
   8:lvgl/src/core/../../src/core/lv_obj_style.h **** 
   9:lvgl/src/core/../../src/core/lv_obj_style.h **** #ifdef __cplusplus
  10:lvgl/src/core/../../src/core/lv_obj_style.h **** extern "C" {
  11:lvgl/src/core/../../src/core/lv_obj_style.h **** #endif
ARM GAS  C:\Users\OSD\AppData\Local\Temp\cchkGAUW.s 			page 6


  12:lvgl/src/core/../../src/core/lv_obj_style.h **** 
  13:lvgl/src/core/../../src/core/lv_obj_style.h **** /*********************
  14:lvgl/src/core/../../src/core/lv_obj_style.h ****  *      INCLUDES
  15:lvgl/src/core/../../src/core/lv_obj_style.h ****  *********************/
  16:lvgl/src/core/../../src/core/lv_obj_style.h **** #include <stdint.h>
  17:lvgl/src/core/../../src/core/lv_obj_style.h **** #include <stdbool.h>
  18:lvgl/src/core/../../src/core/lv_obj_style.h **** #include "../misc/lv_bidi.h"
  19:lvgl/src/core/../../src/core/lv_obj_style.h **** 
  20:lvgl/src/core/../../src/core/lv_obj_style.h **** /*********************
  21:lvgl/src/core/../../src/core/lv_obj_style.h ****  *      DEFINES
  22:lvgl/src/core/../../src/core/lv_obj_style.h ****  *********************/
  23:lvgl/src/core/../../src/core/lv_obj_style.h **** 
  24:lvgl/src/core/../../src/core/lv_obj_style.h **** /**********************
  25:lvgl/src/core/../../src/core/lv_obj_style.h ****  *      TYPEDEFS
  26:lvgl/src/core/../../src/core/lv_obj_style.h ****  **********************/
  27:lvgl/src/core/../../src/core/lv_obj_style.h **** /*Can't include lv_obj.h because it includes this header file*/
  28:lvgl/src/core/../../src/core/lv_obj_style.h **** struct _lv_obj_t;
  29:lvgl/src/core/../../src/core/lv_obj_style.h **** 
  30:lvgl/src/core/../../src/core/lv_obj_style.h **** typedef enum {
  31:lvgl/src/core/../../src/core/lv_obj_style.h ****     _LV_STYLE_STATE_CMP_SAME,           /*The style properties in the 2 states are identical*/
  32:lvgl/src/core/../../src/core/lv_obj_style.h ****     _LV_STYLE_STATE_CMP_DIFF_REDRAW,    /*The differences can be shown with a simple redraw*/
  33:lvgl/src/core/../../src/core/lv_obj_style.h ****     _LV_STYLE_STATE_CMP_DIFF_DRAW_PAD,  /*The differences can be shown with a simple redraw*/
  34:lvgl/src/core/../../src/core/lv_obj_style.h ****     _LV_STYLE_STATE_CMP_DIFF_LAYOUT,    /*The differences can be shown with a simple redraw*/
  35:lvgl/src/core/../../src/core/lv_obj_style.h **** } _lv_style_state_cmp_t;
  36:lvgl/src/core/../../src/core/lv_obj_style.h **** 
  37:lvgl/src/core/../../src/core/lv_obj_style.h **** typedef uint32_t lv_style_selector_t;
  38:lvgl/src/core/../../src/core/lv_obj_style.h **** 
  39:lvgl/src/core/../../src/core/lv_obj_style.h **** typedef struct {
  40:lvgl/src/core/../../src/core/lv_obj_style.h ****     lv_style_t * style;
  41:lvgl/src/core/../../src/core/lv_obj_style.h ****     uint32_t selector : 24;
  42:lvgl/src/core/../../src/core/lv_obj_style.h ****     uint32_t is_local : 1;
  43:lvgl/src/core/../../src/core/lv_obj_style.h ****     uint32_t is_trans : 1;
  44:lvgl/src/core/../../src/core/lv_obj_style.h **** } _lv_obj_style_t;
  45:lvgl/src/core/../../src/core/lv_obj_style.h **** 
  46:lvgl/src/core/../../src/core/lv_obj_style.h **** typedef struct {
  47:lvgl/src/core/../../src/core/lv_obj_style.h ****     uint16_t time;
  48:lvgl/src/core/../../src/core/lv_obj_style.h ****     uint16_t delay;
  49:lvgl/src/core/../../src/core/lv_obj_style.h ****     lv_style_selector_t selector;
  50:lvgl/src/core/../../src/core/lv_obj_style.h ****     lv_style_prop_t prop;
  51:lvgl/src/core/../../src/core/lv_obj_style.h ****     lv_anim_path_cb_t path_cb;
  52:lvgl/src/core/../../src/core/lv_obj_style.h **** #if LV_USE_USER_DATA
  53:lvgl/src/core/../../src/core/lv_obj_style.h ****     void * user_data;
  54:lvgl/src/core/../../src/core/lv_obj_style.h **** #endif
  55:lvgl/src/core/../../src/core/lv_obj_style.h **** } _lv_obj_style_transition_dsc_t;
  56:lvgl/src/core/../../src/core/lv_obj_style.h **** 
  57:lvgl/src/core/../../src/core/lv_obj_style.h **** /**********************
  58:lvgl/src/core/../../src/core/lv_obj_style.h ****  * GLOBAL PROTOTYPES
  59:lvgl/src/core/../../src/core/lv_obj_style.h ****  **********************/
  60:lvgl/src/core/../../src/core/lv_obj_style.h **** 
  61:lvgl/src/core/../../src/core/lv_obj_style.h **** /**
  62:lvgl/src/core/../../src/core/lv_obj_style.h ****  * Initialize the object related style manager module.
  63:lvgl/src/core/../../src/core/lv_obj_style.h ****  * Called by LVGL in `lv_init()`
  64:lvgl/src/core/../../src/core/lv_obj_style.h ****  */
  65:lvgl/src/core/../../src/core/lv_obj_style.h **** void _lv_obj_style_init(void);
  66:lvgl/src/core/../../src/core/lv_obj_style.h **** 
  67:lvgl/src/core/../../src/core/lv_obj_style.h **** /**
  68:lvgl/src/core/../../src/core/lv_obj_style.h ****  * Add a style to an object.
ARM GAS  C:\Users\OSD\AppData\Local\Temp\cchkGAUW.s 			page 7


  69:lvgl/src/core/../../src/core/lv_obj_style.h ****  * @param obj       pointer to an object
  70:lvgl/src/core/../../src/core/lv_obj_style.h ****  * @param style     pointer to a style to add
  71:lvgl/src/core/../../src/core/lv_obj_style.h ****  * @param selector  OR-ed value of parts and state to which the style should be added
  72:lvgl/src/core/../../src/core/lv_obj_style.h ****  * @example         lv_obj_add_style(btn, &style_btn, 0); //Default button style
  73:lvgl/src/core/../../src/core/lv_obj_style.h ****  * @example         lv_obj_add_style(btn, &btn_red, LV_STATE_PRESSED); //Overwrite only some colors
  74:lvgl/src/core/../../src/core/lv_obj_style.h ****  */
  75:lvgl/src/core/../../src/core/lv_obj_style.h **** void lv_obj_add_style(struct _lv_obj_t * obj, lv_style_t * style, lv_style_selector_t selector);
  76:lvgl/src/core/../../src/core/lv_obj_style.h **** 
  77:lvgl/src/core/../../src/core/lv_obj_style.h **** /**
  78:lvgl/src/core/../../src/core/lv_obj_style.h ****  * Add a style to an object.
  79:lvgl/src/core/../../src/core/lv_obj_style.h ****  * @param obj       pointer to an object
  80:lvgl/src/core/../../src/core/lv_obj_style.h ****  * @param style     pointer to a style to remove. Can be NULL to check only the selector
  81:lvgl/src/core/../../src/core/lv_obj_style.h ****  * @param selector  OR-ed values of states and a part to remove only styles with matching selectors
  82:lvgl/src/core/../../src/core/lv_obj_style.h ****  * @example lv_obj_remove_style(obj, &style, LV_PART_ANY | LV_STATE_ANY); //Remove a specific style
  83:lvgl/src/core/../../src/core/lv_obj_style.h ****  * @example lv_obj_remove_style(obj, NULL, LV_PART_MAIN | LV_STATE_ANY); //Remove all styles from t
  84:lvgl/src/core/../../src/core/lv_obj_style.h ****  * @example lv_obj_remove_style(obj, NULL, LV_PART_ANY | LV_STATE_ANY); //Remove all styles
  85:lvgl/src/core/../../src/core/lv_obj_style.h ****  */
  86:lvgl/src/core/../../src/core/lv_obj_style.h **** void lv_obj_remove_style(struct _lv_obj_t * obj, lv_style_t * style, lv_style_selector_t selector);
  87:lvgl/src/core/../../src/core/lv_obj_style.h **** 
  88:lvgl/src/core/../../src/core/lv_obj_style.h **** /**
  89:lvgl/src/core/../../src/core/lv_obj_style.h ****  * Remove all styles from an object
  90:lvgl/src/core/../../src/core/lv_obj_style.h ****  * @param obj       pointer to an object
  91:lvgl/src/core/../../src/core/lv_obj_style.h ****  */
  92:lvgl/src/core/../../src/core/lv_obj_style.h **** static inline void lv_obj_remove_style_all(struct _lv_obj_t * obj)
 145              		.loc 2 92 20 view .LVU29
 146              	.LBB5:
  93:lvgl/src/core/../../src/core/lv_obj_style.h **** {
  94:lvgl/src/core/../../src/core/lv_obj_style.h ****     lv_obj_remove_style(obj, NULL, (lv_style_selector_t)LV_PART_ANY | (lv_style_selector_t)LV_STATE
 147              		.loc 2 94 5 view .LVU30
 148 000c 044A     		ldr	r2, .L12
 149 000e 0021     		movs	r1, #0
 150 0010 2046     		mov	r0, r4
 151              	.LVL12:
 152              		.loc 2 94 5 is_stmt 0 view .LVU31
 153 0012 FFF7FEFF 		bl	lv_obj_remove_style
 154              	.LVL13:
 155              		.loc 2 94 5 view .LVU32
 156              	.LBE5:
 157              	.LBE4:
  54:lvgl/src/core/lv_theme.c **** }
 158              		.loc 1 54 5 is_stmt 1 view .LVU33
 159 0016 2146     		mov	r1, r4
 160 0018 2846     		mov	r0, r5
 161 001a FFF7FEFF 		bl	apply_theme
 162              	.LVL14:
 163              	.L9:
  55:lvgl/src/core/lv_theme.c **** 
 164              		.loc 1 55 1 is_stmt 0 view .LVU34
 165 001e 38BD     		pop	{r3, r4, r5, pc}
 166              	.LVL15:
 167              	.L13:
  55:lvgl/src/core/lv_theme.c **** 
 168              		.loc 1 55 1 view .LVU35
 169              		.align	2
 170              	.L12:
 171 0020 FFFF0F00 		.word	1048575
 172              		.cfi_endproc
ARM GAS  C:\Users\OSD\AppData\Local\Temp\cchkGAUW.s 			page 8


 173              	.LFE205:
 175              		.section	.text.lv_theme_set_parent,"ax",%progbits
 176              		.align	1
 177              		.global	lv_theme_set_parent
 178              		.syntax unified
 179              		.thumb
 180              		.thumb_func
 182              	lv_theme_set_parent:
 183              	.LVL16:
 184              	.LFB206:
  65:lvgl/src/core/lv_theme.c ****     new_theme->parent = base;
 185              		.loc 1 65 1 is_stmt 1 view -0
 186              		.cfi_startproc
 187              		@ args = 0, pretend = 0, frame = 0
 188              		@ frame_needed = 0, uses_anonymous_args = 0
 189              		@ link register save eliminated.
  66:lvgl/src/core/lv_theme.c **** }
 190              		.loc 1 66 5 view .LVU37
  66:lvgl/src/core/lv_theme.c **** }
 191              		.loc 1 66 23 is_stmt 0 view .LVU38
 192 0000 4160     		str	r1, [r0, #4]
  67:lvgl/src/core/lv_theme.c **** 
 193              		.loc 1 67 1 view .LVU39
 194 0002 7047     		bx	lr
 195              		.cfi_endproc
 196              	.LFE206:
 198              		.section	.text.lv_theme_set_apply_cb,"ax",%progbits
 199              		.align	1
 200              		.global	lv_theme_set_apply_cb
 201              		.syntax unified
 202              		.thumb
 203              		.thumb_func
 205              	lv_theme_set_apply_cb:
 206              	.LVL17:
 207              	.LFB207:
  76:lvgl/src/core/lv_theme.c ****     theme->apply_cb = apply_cb;
 208              		.loc 1 76 1 is_stmt 1 view -0
 209              		.cfi_startproc
 210              		@ args = 0, pretend = 0, frame = 0
 211              		@ frame_needed = 0, uses_anonymous_args = 0
 212              		@ link register save eliminated.
  77:lvgl/src/core/lv_theme.c **** }
 213              		.loc 1 77 5 view .LVU41
  77:lvgl/src/core/lv_theme.c **** }
 214              		.loc 1 77 21 is_stmt 0 view .LVU42
 215 0000 0160     		str	r1, [r0]
  78:lvgl/src/core/lv_theme.c **** 
 216              		.loc 1 78 1 view .LVU43
 217 0002 7047     		bx	lr
 218              		.cfi_endproc
 219              	.LFE207:
 221              		.section	.text.lv_theme_get_font_small,"ax",%progbits
 222              		.align	1
 223              		.global	lv_theme_get_font_small
 224              		.syntax unified
 225              		.thumb
 226              		.thumb_func
ARM GAS  C:\Users\OSD\AppData\Local\Temp\cchkGAUW.s 			page 9


 228              	lv_theme_get_font_small:
 229              	.LVL18:
 230              	.LFB208:
  81:lvgl/src/core/lv_theme.c ****     lv_theme_t * th = lv_theme_get_from_obj(obj);
 231              		.loc 1 81 1 is_stmt 1 view -0
 232              		.cfi_startproc
 233              		@ args = 0, pretend = 0, frame = 0
 234              		@ frame_needed = 0, uses_anonymous_args = 0
  81:lvgl/src/core/lv_theme.c ****     lv_theme_t * th = lv_theme_get_from_obj(obj);
 235              		.loc 1 81 1 is_stmt 0 view .LVU45
 236 0000 08B5     		push	{r3, lr}
 237              		.cfi_def_cfa_offset 8
 238              		.cfi_offset 3, -8
 239              		.cfi_offset 14, -4
  82:lvgl/src/core/lv_theme.c ****     return th ? th->font_small : LV_FONT_DEFAULT;
 240              		.loc 1 82 5 is_stmt 1 view .LVU46
  82:lvgl/src/core/lv_theme.c ****     return th ? th->font_small : LV_FONT_DEFAULT;
 241              		.loc 1 82 23 is_stmt 0 view .LVU47
 242 0002 FFF7FEFF 		bl	lv_theme_get_from_obj
 243              	.LVL19:
  83:lvgl/src/core/lv_theme.c **** }
 244              		.loc 1 83 5 is_stmt 1 view .LVU48
  83:lvgl/src/core/lv_theme.c **** }
 245              		.loc 1 83 32 is_stmt 0 view .LVU49
 246 0006 08B1     		cbz	r0, .L18
  83:lvgl/src/core/lv_theme.c **** }
 247              		.loc 1 83 32 discriminator 1 view .LVU50
 248 0008 8069     		ldr	r0, [r0, #24]
 249              	.LVL20:
 250              	.L16:
  84:lvgl/src/core/lv_theme.c **** 
 251              		.loc 1 84 1 view .LVU51
 252 000a 08BD     		pop	{r3, pc}
 253              	.LVL21:
 254              	.L18:
  83:lvgl/src/core/lv_theme.c **** }
 255              		.loc 1 83 32 view .LVU52
 256 000c 0048     		ldr	r0, .L20
 257              	.LVL22:
  83:lvgl/src/core/lv_theme.c **** }
 258              		.loc 1 83 32 view .LVU53
 259 000e FCE7     		b	.L16
 260              	.L21:
 261              		.align	2
 262              	.L20:
 263 0010 00000000 		.word	lv_font_montserrat_14
 264              		.cfi_endproc
 265              	.LFE208:
 267              		.section	.text.lv_theme_get_font_normal,"ax",%progbits
 268              		.align	1
 269              		.global	lv_theme_get_font_normal
 270              		.syntax unified
 271              		.thumb
 272              		.thumb_func
 274              	lv_theme_get_font_normal:
 275              	.LVL23:
 276              	.LFB209:
ARM GAS  C:\Users\OSD\AppData\Local\Temp\cchkGAUW.s 			page 10


  87:lvgl/src/core/lv_theme.c ****     lv_theme_t * th = lv_theme_get_from_obj(obj);
 277              		.loc 1 87 1 is_stmt 1 view -0
 278              		.cfi_startproc
 279              		@ args = 0, pretend = 0, frame = 0
 280              		@ frame_needed = 0, uses_anonymous_args = 0
  87:lvgl/src/core/lv_theme.c ****     lv_theme_t * th = lv_theme_get_from_obj(obj);
 281              		.loc 1 87 1 is_stmt 0 view .LVU55
 282 0000 08B5     		push	{r3, lr}
 283              		.cfi_def_cfa_offset 8
 284              		.cfi_offset 3, -8
 285              		.cfi_offset 14, -4
  88:lvgl/src/core/lv_theme.c ****     return th ? th->font_normal : LV_FONT_DEFAULT;
 286              		.loc 1 88 5 is_stmt 1 view .LVU56
  88:lvgl/src/core/lv_theme.c ****     return th ? th->font_normal : LV_FONT_DEFAULT;
 287              		.loc 1 88 23 is_stmt 0 view .LVU57
 288 0002 FFF7FEFF 		bl	lv_theme_get_from_obj
 289              	.LVL24:
  89:lvgl/src/core/lv_theme.c **** }
 290              		.loc 1 89 5 is_stmt 1 view .LVU58
  89:lvgl/src/core/lv_theme.c **** }
 291              		.loc 1 89 33 is_stmt 0 view .LVU59
 292 0006 08B1     		cbz	r0, .L24
  89:lvgl/src/core/lv_theme.c **** }
 293              		.loc 1 89 33 discriminator 1 view .LVU60
 294 0008 C069     		ldr	r0, [r0, #28]
 295              	.LVL25:
 296              	.L22:
  90:lvgl/src/core/lv_theme.c **** 
 297              		.loc 1 90 1 view .LVU61
 298 000a 08BD     		pop	{r3, pc}
 299              	.LVL26:
 300              	.L24:
  89:lvgl/src/core/lv_theme.c **** }
 301              		.loc 1 89 33 view .LVU62
 302 000c 0048     		ldr	r0, .L26
 303              	.LVL27:
  89:lvgl/src/core/lv_theme.c **** }
 304              		.loc 1 89 33 view .LVU63
 305 000e FCE7     		b	.L22
 306              	.L27:
 307              		.align	2
 308              	.L26:
 309 0010 00000000 		.word	lv_font_montserrat_14
 310              		.cfi_endproc
 311              	.LFE209:
 313              		.section	.text.lv_theme_get_font_large,"ax",%progbits
 314              		.align	1
 315              		.global	lv_theme_get_font_large
 316              		.syntax unified
 317              		.thumb
 318              		.thumb_func
 320              	lv_theme_get_font_large:
 321              	.LVL28:
 322              	.LFB210:
  93:lvgl/src/core/lv_theme.c ****     lv_theme_t * th = lv_theme_get_from_obj(obj);
 323              		.loc 1 93 1 is_stmt 1 view -0
 324              		.cfi_startproc
ARM GAS  C:\Users\OSD\AppData\Local\Temp\cchkGAUW.s 			page 11


 325              		@ args = 0, pretend = 0, frame = 0
 326              		@ frame_needed = 0, uses_anonymous_args = 0
  93:lvgl/src/core/lv_theme.c ****     lv_theme_t * th = lv_theme_get_from_obj(obj);
 327              		.loc 1 93 1 is_stmt 0 view .LVU65
 328 0000 08B5     		push	{r3, lr}
 329              		.cfi_def_cfa_offset 8
 330              		.cfi_offset 3, -8
 331              		.cfi_offset 14, -4
  94:lvgl/src/core/lv_theme.c ****     return th ? th->font_large : LV_FONT_DEFAULT;
 332              		.loc 1 94 5 is_stmt 1 view .LVU66
  94:lvgl/src/core/lv_theme.c ****     return th ? th->font_large : LV_FONT_DEFAULT;
 333              		.loc 1 94 23 is_stmt 0 view .LVU67
 334 0002 FFF7FEFF 		bl	lv_theme_get_from_obj
 335              	.LVL29:
  95:lvgl/src/core/lv_theme.c **** }
 336              		.loc 1 95 5 is_stmt 1 view .LVU68
  95:lvgl/src/core/lv_theme.c **** }
 337              		.loc 1 95 32 is_stmt 0 view .LVU69
 338 0006 08B1     		cbz	r0, .L30
  95:lvgl/src/core/lv_theme.c **** }
 339              		.loc 1 95 32 discriminator 1 view .LVU70
 340 0008 006A     		ldr	r0, [r0, #32]
 341              	.LVL30:
 342              	.L28:
  96:lvgl/src/core/lv_theme.c **** 
 343              		.loc 1 96 1 view .LVU71
 344 000a 08BD     		pop	{r3, pc}
 345              	.LVL31:
 346              	.L30:
  95:lvgl/src/core/lv_theme.c **** }
 347              		.loc 1 95 32 view .LVU72
 348 000c 0048     		ldr	r0, .L32
 349              	.LVL32:
  95:lvgl/src/core/lv_theme.c **** }
 350              		.loc 1 95 32 view .LVU73
 351 000e FCE7     		b	.L28
 352              	.L33:
 353              		.align	2
 354              	.L32:
 355 0010 00000000 		.word	lv_font_montserrat_14
 356              		.cfi_endproc
 357              	.LFE210:
 359              		.section	.text.lv_theme_get_color_primary,"ax",%progbits
 360              		.align	1
 361              		.global	lv_theme_get_color_primary
 362              		.syntax unified
 363              		.thumb
 364              		.thumb_func
 366              	lv_theme_get_color_primary:
 367              	.LVL33:
 368              	.LFB211:
  99:lvgl/src/core/lv_theme.c ****     lv_theme_t * th = lv_theme_get_from_obj(obj);
 369              		.loc 1 99 1 is_stmt 1 view -0
 370              		.cfi_startproc
 371              		@ args = 0, pretend = 0, frame = 0
 372              		@ frame_needed = 0, uses_anonymous_args = 0
  99:lvgl/src/core/lv_theme.c ****     lv_theme_t * th = lv_theme_get_from_obj(obj);
ARM GAS  C:\Users\OSD\AppData\Local\Temp\cchkGAUW.s 			page 12


 373              		.loc 1 99 1 is_stmt 0 view .LVU75
 374 0000 08B5     		push	{r3, lr}
 375              		.cfi_def_cfa_offset 8
 376              		.cfi_offset 3, -8
 377              		.cfi_offset 14, -4
 100:lvgl/src/core/lv_theme.c ****     return th ? th->color_primary : lv_palette_main(LV_PALETTE_BLUE_GREY);
 378              		.loc 1 100 5 is_stmt 1 view .LVU76
 100:lvgl/src/core/lv_theme.c ****     return th ? th->color_primary : lv_palette_main(LV_PALETTE_BLUE_GREY);
 379              		.loc 1 100 23 is_stmt 0 view .LVU77
 380 0002 FFF7FEFF 		bl	lv_theme_get_from_obj
 381              	.LVL34:
 101:lvgl/src/core/lv_theme.c **** }
 382              		.loc 1 101 5 is_stmt 1 view .LVU78
 101:lvgl/src/core/lv_theme.c **** }
 383              		.loc 1 101 35 is_stmt 0 view .LVU79
 384 0006 08B1     		cbz	r0, .L35
 101:lvgl/src/core/lv_theme.c **** }
 385              		.loc 1 101 35 discriminator 1 view .LVU80
 386 0008 0069     		ldr	r0, [r0, #16]
 387              	.LVL35:
 388              	.L36:
 102:lvgl/src/core/lv_theme.c **** 
 389              		.loc 1 102 1 view .LVU81
 390 000a 08BD     		pop	{r3, pc}
 391              	.LVL36:
 392              	.L35:
 101:lvgl/src/core/lv_theme.c **** }
 393              		.loc 1 101 37 discriminator 2 view .LVU82
 394 000c 1120     		movs	r0, #17
 395              	.LVL37:
 101:lvgl/src/core/lv_theme.c **** }
 396              		.loc 1 101 37 discriminator 2 view .LVU83
 397 000e FFF7FEFF 		bl	lv_palette_main
 398              	.LVL38:
 399 0012 FAE7     		b	.L36
 400              		.cfi_endproc
 401              	.LFE211:
 403              		.section	.text.lv_theme_get_color_secondary,"ax",%progbits
 404              		.align	1
 405              		.global	lv_theme_get_color_secondary
 406              		.syntax unified
 407              		.thumb
 408              		.thumb_func
 410              	lv_theme_get_color_secondary:
 411              	.LVL39:
 412              	.LFB212:
 105:lvgl/src/core/lv_theme.c ****     lv_theme_t * th = lv_theme_get_from_obj(obj);
 413              		.loc 1 105 1 is_stmt 1 view -0
 414              		.cfi_startproc
 415              		@ args = 0, pretend = 0, frame = 0
 416              		@ frame_needed = 0, uses_anonymous_args = 0
 105:lvgl/src/core/lv_theme.c ****     lv_theme_t * th = lv_theme_get_from_obj(obj);
 417              		.loc 1 105 1 is_stmt 0 view .LVU85
 418 0000 08B5     		push	{r3, lr}
 419              		.cfi_def_cfa_offset 8
 420              		.cfi_offset 3, -8
 421              		.cfi_offset 14, -4
ARM GAS  C:\Users\OSD\AppData\Local\Temp\cchkGAUW.s 			page 13


 106:lvgl/src/core/lv_theme.c ****     return th ? th->color_secondary : lv_palette_main(LV_PALETTE_BLUE);
 422              		.loc 1 106 5 is_stmt 1 view .LVU86
 106:lvgl/src/core/lv_theme.c ****     return th ? th->color_secondary : lv_palette_main(LV_PALETTE_BLUE);
 423              		.loc 1 106 23 is_stmt 0 view .LVU87
 424 0002 FFF7FEFF 		bl	lv_theme_get_from_obj
 425              	.LVL40:
 107:lvgl/src/core/lv_theme.c **** }
 426              		.loc 1 107 5 is_stmt 1 view .LVU88
 107:lvgl/src/core/lv_theme.c **** }
 427              		.loc 1 107 37 is_stmt 0 view .LVU89
 428 0006 08B1     		cbz	r0, .L39
 107:lvgl/src/core/lv_theme.c **** }
 429              		.loc 1 107 37 discriminator 1 view .LVU90
 430 0008 4069     		ldr	r0, [r0, #20]
 431              	.LVL41:
 432              	.L40:
 108:lvgl/src/core/lv_theme.c **** 
 433              		.loc 1 108 1 view .LVU91
 434 000a 08BD     		pop	{r3, pc}
 435              	.LVL42:
 436              	.L39:
 107:lvgl/src/core/lv_theme.c **** }
 437              		.loc 1 107 39 discriminator 2 view .LVU92
 438 000c 0520     		movs	r0, #5
 439              	.LVL43:
 107:lvgl/src/core/lv_theme.c **** }
 440              		.loc 1 107 39 discriminator 2 view .LVU93
 441 000e FFF7FEFF 		bl	lv_palette_main
 442              	.LVL44:
 443 0012 FAE7     		b	.L40
 444              		.cfi_endproc
 445              	.LFE212:
 447              		.text
 448              	.Letext0:
 449              		.file 3 "c:\\tools\\gcc-arm-none-eabi\\arm-none-eabi\\include\\machine\\_default_types.h"
 450              		.file 4 "c:\\tools\\gcc-arm-none-eabi\\arm-none-eabi\\include\\sys\\_stdint.h"
 451              		.file 5 "lvgl/src/core/../../src/misc/lv_types.h"
 452              		.file 6 "lvgl/src/core/../../src/misc/lv_timer.h"
 453              		.file 7 "c:\\tools\\gcc-arm-none-eabi\\lib\\gcc\\arm-none-eabi\\10.3.1\\include\\stddef.h"
 454              		.file 8 "d:\\kzc\\stm32\\h743ii_lcd\\lvgl\\src\\misc\\lv_area.h"
 455              		.file 9 "d:\\kzc\\stm32\\h743ii_lcd\\lvgl\\src\\font\\lv_font.h"
 456              		.file 10 "d:\\kzc\\stm32\\h743ii_lcd\\lvgl\\src\\misc\\lv_color.h"
 457              		.file 11 "d:\\kzc\\stm32\\h743ii_lcd\\lvgl\\src\\misc\\lv_txt.h"
 458              		.file 12 "d:\\kzc\\stm32\\h743ii_lcd\\lvgl\\src\\misc\\lv_bidi.h"
 459              		.file 13 "d:\\kzc\\stm32\\h743ii_lcd\\lvgl\\src\\misc\\lv_style.h"
 460              		.file 14 "lvgl/src/core/../../src/hal/../draw/lv_img_buf.h"
 461              		.file 15 "lvgl/src/core/../../src/core/lv_obj.h"
 462              		.file 16 "lvgl/src/core/../../src/hal/../draw/lv_draw_rect.h"
 463              		.file 17 "lvgl/src/core/../../src/hal/../draw/lv_draw_label.h"
 464              		.file 18 "lvgl/src/core/../../src/hal/../draw/lv_draw_img.h"
 465              		.file 19 "lvgl/src/core/../../src/hal/../draw/lv_draw_line.h"
 466              		.file 20 "lvgl/src/core/../../src/hal/../draw/lv_draw_arc.h"
 467              		.file 21 "lvgl/src/core/../../src/hal/../draw/lv_draw_layer.h"
 468              		.file 22 "lvgl/src/core/../../src/hal/../draw/lv_draw.h"
 469              		.file 23 "lvgl/src/core/../../src/hal/../misc/lv_ll.h"
 470              		.file 24 "lvgl/src/core/../../src/hal/lv_hal_disp.h"
 471              		.file 25 "lvgl/src/core/../../src/core/lv_theme.h"
ARM GAS  C:\Users\OSD\AppData\Local\Temp\cchkGAUW.s 			page 14


 472              		.file 26 "lvgl/src/core/../../src/core/lv_group.h"
 473              		.file 27 "lvgl/src/core/../../src/core/lv_obj_scroll.h"
 474              		.file 28 "lvgl/src/core/../../src/core/lv_obj_class.h"
 475              		.file 29 "lvgl/src/core/../../src/core/lv_event.h"
 476              		.file 30 "lvgl/src/core/../../src/core/lv_obj_tree.h"
 477              		.file 31 "lvgl/src/core/../../src/core/lv_disp.h"
ARM GAS  C:\Users\OSD\AppData\Local\Temp\cchkGAUW.s 			page 15


DEFINED SYMBOLS
                            *ABS*:00000000 lv_theme.c
C:\Users\OSD\AppData\Local\Temp\cchkGAUW.s:19     .text.apply_theme:00000000 $t
C:\Users\OSD\AppData\Local\Temp\cchkGAUW.s:24     .text.apply_theme:00000000 apply_theme
C:\Users\OSD\AppData\Local\Temp\cchkGAUW.s:69     .text.lv_theme_get_from_obj:00000000 $t
C:\Users\OSD\AppData\Local\Temp\cchkGAUW.s:75     .text.lv_theme_get_from_obj:00000000 lv_theme_get_from_obj
C:\Users\OSD\AppData\Local\Temp\cchkGAUW.s:111    .text.lv_theme_apply:00000000 $t
C:\Users\OSD\AppData\Local\Temp\cchkGAUW.s:117    .text.lv_theme_apply:00000000 lv_theme_apply
C:\Users\OSD\AppData\Local\Temp\cchkGAUW.s:171    .text.lv_theme_apply:00000020 $d
C:\Users\OSD\AppData\Local\Temp\cchkGAUW.s:176    .text.lv_theme_set_parent:00000000 $t
C:\Users\OSD\AppData\Local\Temp\cchkGAUW.s:182    .text.lv_theme_set_parent:00000000 lv_theme_set_parent
C:\Users\OSD\AppData\Local\Temp\cchkGAUW.s:199    .text.lv_theme_set_apply_cb:00000000 $t
C:\Users\OSD\AppData\Local\Temp\cchkGAUW.s:205    .text.lv_theme_set_apply_cb:00000000 lv_theme_set_apply_cb
C:\Users\OSD\AppData\Local\Temp\cchkGAUW.s:222    .text.lv_theme_get_font_small:00000000 $t
C:\Users\OSD\AppData\Local\Temp\cchkGAUW.s:228    .text.lv_theme_get_font_small:00000000 lv_theme_get_font_small
C:\Users\OSD\AppData\Local\Temp\cchkGAUW.s:263    .text.lv_theme_get_font_small:00000010 $d
C:\Users\OSD\AppData\Local\Temp\cchkGAUW.s:268    .text.lv_theme_get_font_normal:00000000 $t
C:\Users\OSD\AppData\Local\Temp\cchkGAUW.s:274    .text.lv_theme_get_font_normal:00000000 lv_theme_get_font_normal
C:\Users\OSD\AppData\Local\Temp\cchkGAUW.s:309    .text.lv_theme_get_font_normal:00000010 $d
C:\Users\OSD\AppData\Local\Temp\cchkGAUW.s:314    .text.lv_theme_get_font_large:00000000 $t
C:\Users\OSD\AppData\Local\Temp\cchkGAUW.s:320    .text.lv_theme_get_font_large:00000000 lv_theme_get_font_large
C:\Users\OSD\AppData\Local\Temp\cchkGAUW.s:355    .text.lv_theme_get_font_large:00000010 $d
C:\Users\OSD\AppData\Local\Temp\cchkGAUW.s:360    .text.lv_theme_get_color_primary:00000000 $t
C:\Users\OSD\AppData\Local\Temp\cchkGAUW.s:366    .text.lv_theme_get_color_primary:00000000 lv_theme_get_color_primary
C:\Users\OSD\AppData\Local\Temp\cchkGAUW.s:404    .text.lv_theme_get_color_secondary:00000000 $t
C:\Users\OSD\AppData\Local\Temp\cchkGAUW.s:410    .text.lv_theme_get_color_secondary:00000000 lv_theme_get_color_secondary

UNDEFINED SYMBOLS
lv_obj_get_disp
lv_disp_get_theme
lv_disp_get_default
lv_obj_remove_style
lv_font_montserrat_14
lv_palette_main
