ARM GAS  C:\Users\OSD\AppData\Local\Temp\ccy610a4.s 			page 1


   1              		.cpu cortex-m7
   2              		.arch armv7e-m
   3              		.fpu fpv5-d16
   4              		.eabi_attribute 28, 1
   5              		.eabi_attribute 20, 1
   6              		.eabi_attribute 21, 1
   7              		.eabi_attribute 23, 3
   8              		.eabi_attribute 24, 1
   9              		.eabi_attribute 25, 1
  10              		.eabi_attribute 26, 1
  11              		.eabi_attribute 30, 1
  12              		.eabi_attribute 34, 1
  13              		.eabi_attribute 18, 4
  14              		.file	"lv_win.c"
  15              		.text
  16              	.Ltext0:
  17              		.cfi_sections	.debug_frame
  18              		.section	.text.lv_win_constructor,"ax",%progbits
  19              		.align	1
  20              		.syntax unified
  21              		.thumb
  22              		.thumb_func
  24              	lv_win_constructor:
  25              	.LVL0:
  26              	.LFB209:
  27              		.file 1 "lvgl/src/extra/widgets/win/lv_win.c"
   1:lvgl/src/extra/widgets/win/lv_win.c **** /**
   2:lvgl/src/extra/widgets/win/lv_win.c ****  * @file lv_win.c
   3:lvgl/src/extra/widgets/win/lv_win.c ****  *
   4:lvgl/src/extra/widgets/win/lv_win.c ****  */
   5:lvgl/src/extra/widgets/win/lv_win.c **** 
   6:lvgl/src/extra/widgets/win/lv_win.c **** /*********************
   7:lvgl/src/extra/widgets/win/lv_win.c ****  *      INCLUDES
   8:lvgl/src/extra/widgets/win/lv_win.c ****  *********************/
   9:lvgl/src/extra/widgets/win/lv_win.c **** #include "lv_win.h"
  10:lvgl/src/extra/widgets/win/lv_win.c **** #if LV_USE_WIN
  11:lvgl/src/extra/widgets/win/lv_win.c **** 
  12:lvgl/src/extra/widgets/win/lv_win.c **** /*********************
  13:lvgl/src/extra/widgets/win/lv_win.c ****  *      DEFINES
  14:lvgl/src/extra/widgets/win/lv_win.c ****  *********************/
  15:lvgl/src/extra/widgets/win/lv_win.c **** 
  16:lvgl/src/extra/widgets/win/lv_win.c **** /**********************
  17:lvgl/src/extra/widgets/win/lv_win.c ****  *      TYPEDEFS
  18:lvgl/src/extra/widgets/win/lv_win.c ****  **********************/
  19:lvgl/src/extra/widgets/win/lv_win.c **** 
  20:lvgl/src/extra/widgets/win/lv_win.c **** /**********************
  21:lvgl/src/extra/widgets/win/lv_win.c ****  *  STATIC PROTOTYPES
  22:lvgl/src/extra/widgets/win/lv_win.c ****  **********************/
  23:lvgl/src/extra/widgets/win/lv_win.c **** static void lv_win_constructor(const lv_obj_class_t * class_p, lv_obj_t * obj);
  24:lvgl/src/extra/widgets/win/lv_win.c **** 
  25:lvgl/src/extra/widgets/win/lv_win.c **** /**********************
  26:lvgl/src/extra/widgets/win/lv_win.c ****  *  STATIC VARIABLES
  27:lvgl/src/extra/widgets/win/lv_win.c ****  **********************/
  28:lvgl/src/extra/widgets/win/lv_win.c **** const lv_obj_class_t lv_win_class = {
  29:lvgl/src/extra/widgets/win/lv_win.c ****     .constructor_cb = lv_win_constructor,
  30:lvgl/src/extra/widgets/win/lv_win.c ****     .width_def = LV_PCT(100),
  31:lvgl/src/extra/widgets/win/lv_win.c ****     .height_def = LV_PCT(100),
ARM GAS  C:\Users\OSD\AppData\Local\Temp\ccy610a4.s 			page 2


  32:lvgl/src/extra/widgets/win/lv_win.c ****     .base_class = &lv_obj_class,
  33:lvgl/src/extra/widgets/win/lv_win.c ****     .instance_size = sizeof(lv_win_t)
  34:lvgl/src/extra/widgets/win/lv_win.c **** };
  35:lvgl/src/extra/widgets/win/lv_win.c **** static lv_coord_t create_header_height;
  36:lvgl/src/extra/widgets/win/lv_win.c **** /**********************
  37:lvgl/src/extra/widgets/win/lv_win.c ****  *      MACROS
  38:lvgl/src/extra/widgets/win/lv_win.c ****  **********************/
  39:lvgl/src/extra/widgets/win/lv_win.c **** 
  40:lvgl/src/extra/widgets/win/lv_win.c **** /**********************
  41:lvgl/src/extra/widgets/win/lv_win.c ****  *   GLOBAL FUNCTIONS
  42:lvgl/src/extra/widgets/win/lv_win.c ****  **********************/
  43:lvgl/src/extra/widgets/win/lv_win.c **** 
  44:lvgl/src/extra/widgets/win/lv_win.c **** lv_obj_t * lv_win_create(lv_obj_t * parent, lv_coord_t header_height)
  45:lvgl/src/extra/widgets/win/lv_win.c **** {
  46:lvgl/src/extra/widgets/win/lv_win.c ****     LV_LOG_INFO("begin");
  47:lvgl/src/extra/widgets/win/lv_win.c ****     create_header_height = header_height;
  48:lvgl/src/extra/widgets/win/lv_win.c **** 
  49:lvgl/src/extra/widgets/win/lv_win.c ****     lv_obj_t * obj = lv_obj_class_create_obj(&lv_win_class, parent);
  50:lvgl/src/extra/widgets/win/lv_win.c ****     lv_obj_class_init_obj(obj);
  51:lvgl/src/extra/widgets/win/lv_win.c ****     return obj;
  52:lvgl/src/extra/widgets/win/lv_win.c **** }
  53:lvgl/src/extra/widgets/win/lv_win.c **** 
  54:lvgl/src/extra/widgets/win/lv_win.c **** lv_obj_t * lv_win_add_title(lv_obj_t * win, const char * txt)
  55:lvgl/src/extra/widgets/win/lv_win.c **** {
  56:lvgl/src/extra/widgets/win/lv_win.c ****     lv_obj_t * header = lv_win_get_header(win);
  57:lvgl/src/extra/widgets/win/lv_win.c ****     lv_obj_t * title = lv_label_create(header);
  58:lvgl/src/extra/widgets/win/lv_win.c ****     lv_label_set_long_mode(title, LV_LABEL_LONG_DOT);
  59:lvgl/src/extra/widgets/win/lv_win.c ****     lv_label_set_text(title, txt);
  60:lvgl/src/extra/widgets/win/lv_win.c ****     lv_obj_set_flex_grow(title, 1);
  61:lvgl/src/extra/widgets/win/lv_win.c ****     return title;
  62:lvgl/src/extra/widgets/win/lv_win.c **** }
  63:lvgl/src/extra/widgets/win/lv_win.c **** 
  64:lvgl/src/extra/widgets/win/lv_win.c **** lv_obj_t * lv_win_add_btn(lv_obj_t * win, const void * icon, lv_coord_t btn_w)
  65:lvgl/src/extra/widgets/win/lv_win.c **** {
  66:lvgl/src/extra/widgets/win/lv_win.c ****     lv_obj_t * header = lv_win_get_header(win);
  67:lvgl/src/extra/widgets/win/lv_win.c ****     lv_obj_t * btn = lv_btn_create(header);
  68:lvgl/src/extra/widgets/win/lv_win.c ****     lv_obj_set_size(btn, btn_w, LV_PCT(100));
  69:lvgl/src/extra/widgets/win/lv_win.c **** 
  70:lvgl/src/extra/widgets/win/lv_win.c ****     lv_obj_t * img = lv_img_create(btn);
  71:lvgl/src/extra/widgets/win/lv_win.c ****     lv_img_set_src(img, icon);
  72:lvgl/src/extra/widgets/win/lv_win.c ****     lv_obj_align(img, LV_ALIGN_CENTER, 0, 0);
  73:lvgl/src/extra/widgets/win/lv_win.c **** 
  74:lvgl/src/extra/widgets/win/lv_win.c ****     return btn;
  75:lvgl/src/extra/widgets/win/lv_win.c **** }
  76:lvgl/src/extra/widgets/win/lv_win.c **** 
  77:lvgl/src/extra/widgets/win/lv_win.c **** lv_obj_t * lv_win_get_header(lv_obj_t * win)
  78:lvgl/src/extra/widgets/win/lv_win.c **** {
  79:lvgl/src/extra/widgets/win/lv_win.c ****     return lv_obj_get_child(win, 0);
  80:lvgl/src/extra/widgets/win/lv_win.c **** }
  81:lvgl/src/extra/widgets/win/lv_win.c **** 
  82:lvgl/src/extra/widgets/win/lv_win.c **** lv_obj_t * lv_win_get_content(lv_obj_t * win)
  83:lvgl/src/extra/widgets/win/lv_win.c **** {
  84:lvgl/src/extra/widgets/win/lv_win.c ****     return lv_obj_get_child(win, 1);
  85:lvgl/src/extra/widgets/win/lv_win.c **** }
  86:lvgl/src/extra/widgets/win/lv_win.c **** 
  87:lvgl/src/extra/widgets/win/lv_win.c **** /**********************
  88:lvgl/src/extra/widgets/win/lv_win.c ****  *   STATIC FUNCTIONS
ARM GAS  C:\Users\OSD\AppData\Local\Temp\ccy610a4.s 			page 3


  89:lvgl/src/extra/widgets/win/lv_win.c ****  **********************/
  90:lvgl/src/extra/widgets/win/lv_win.c **** 
  91:lvgl/src/extra/widgets/win/lv_win.c **** static void lv_win_constructor(const lv_obj_class_t * class_p, lv_obj_t * obj)
  92:lvgl/src/extra/widgets/win/lv_win.c **** {
  28              		.loc 1 92 1 view -0
  29              		.cfi_startproc
  30              		@ args = 0, pretend = 0, frame = 0
  31              		@ frame_needed = 0, uses_anonymous_args = 0
  32              		.loc 1 92 1 is_stmt 0 view .LVU1
  33 0000 70B5     		push	{r4, r5, r6, lr}
  34              		.cfi_def_cfa_offset 16
  35              		.cfi_offset 4, -16
  36              		.cfi_offset 5, -12
  37              		.cfi_offset 6, -8
  38              		.cfi_offset 14, -4
  39 0002 0C46     		mov	r4, r1
  93:lvgl/src/extra/widgets/win/lv_win.c ****     LV_UNUSED(class_p);
  40              		.loc 1 93 5 is_stmt 1 view .LVU2
  94:lvgl/src/extra/widgets/win/lv_win.c ****     lv_obj_t * parent = lv_obj_get_parent(obj);
  41              		.loc 1 94 5 view .LVU3
  42              		.loc 1 94 25 is_stmt 0 view .LVU4
  43 0004 0846     		mov	r0, r1
  44              	.LVL1:
  45              		.loc 1 94 25 view .LVU5
  46 0006 FFF7FEFF 		bl	lv_obj_get_parent
  47              	.LVL2:
  48              		.loc 1 94 25 view .LVU6
  49 000a 0646     		mov	r6, r0
  50              	.LVL3:
  95:lvgl/src/extra/widgets/win/lv_win.c ****     lv_obj_set_size(obj, lv_obj_get_width(parent), lv_obj_get_height(parent));
  51              		.loc 1 95 5 is_stmt 1 view .LVU7
  52 000c FFF7FEFF 		bl	lv_obj_get_width
  53              	.LVL4:
  54              		.loc 1 95 5 is_stmt 0 view .LVU8
  55 0010 0546     		mov	r5, r0
  56 0012 3046     		mov	r0, r6
  57 0014 FFF7FEFF 		bl	lv_obj_get_height
  58              	.LVL5:
  59 0018 0246     		mov	r2, r0
  60 001a 2946     		mov	r1, r5
  61 001c 2046     		mov	r0, r4
  62 001e FFF7FEFF 		bl	lv_obj_set_size
  63              	.LVL6:
  96:lvgl/src/extra/widgets/win/lv_win.c ****     lv_obj_set_flex_flow(obj, LV_FLEX_FLOW_COLUMN);
  64              		.loc 1 96 5 is_stmt 1 view .LVU9
  65 0022 0121     		movs	r1, #1
  66 0024 2046     		mov	r0, r4
  67 0026 FFF7FEFF 		bl	lv_obj_set_flex_flow
  68              	.LVL7:
  97:lvgl/src/extra/widgets/win/lv_win.c **** 
  98:lvgl/src/extra/widgets/win/lv_win.c ****     lv_obj_t * header = lv_obj_create(obj);
  69              		.loc 1 98 5 view .LVU10
  70              		.loc 1 98 25 is_stmt 0 view .LVU11
  71 002a 2046     		mov	r0, r4
  72 002c FFF7FEFF 		bl	lv_obj_create
  73              	.LVL8:
  74 0030 0546     		mov	r5, r0
ARM GAS  C:\Users\OSD\AppData\Local\Temp\ccy610a4.s 			page 4


  75              	.LVL9:
  99:lvgl/src/extra/widgets/win/lv_win.c ****     lv_obj_set_size(header, LV_PCT(100), create_header_height);
  76              		.loc 1 99 5 is_stmt 1 view .LVU12
  77 0032 0F4B     		ldr	r3, .L3
  78 0034 B3F90020 		ldrsh	r2, [r3]
  79 0038 42F26401 		movw	r1, #8292
  80 003c FFF7FEFF 		bl	lv_obj_set_size
  81              	.LVL10:
 100:lvgl/src/extra/widgets/win/lv_win.c ****     lv_obj_set_flex_flow(header, LV_FLEX_FLOW_ROW);
  82              		.loc 1 100 5 view .LVU13
  83 0040 0021     		movs	r1, #0
  84 0042 2846     		mov	r0, r5
  85 0044 FFF7FEFF 		bl	lv_obj_set_flex_flow
  86              	.LVL11:
 101:lvgl/src/extra/widgets/win/lv_win.c ****     lv_obj_set_flex_align(header, LV_FLEX_ALIGN_START, LV_FLEX_ALIGN_CENTER, LV_FLEX_ALIGN_CENTER);
  87              		.loc 1 101 5 view .LVU14
  88 0048 0223     		movs	r3, #2
  89 004a 1A46     		mov	r2, r3
  90 004c 0021     		movs	r1, #0
  91 004e 2846     		mov	r0, r5
  92 0050 FFF7FEFF 		bl	lv_obj_set_flex_align
  93              	.LVL12:
 102:lvgl/src/extra/widgets/win/lv_win.c **** 
 103:lvgl/src/extra/widgets/win/lv_win.c ****     lv_obj_t * cont = lv_obj_create(obj);
  94              		.loc 1 103 5 view .LVU15
  95              		.loc 1 103 23 is_stmt 0 view .LVU16
  96 0054 2046     		mov	r0, r4
  97 0056 FFF7FEFF 		bl	lv_obj_create
  98              	.LVL13:
  99 005a 0446     		mov	r4, r0
 100              	.LVL14:
 104:lvgl/src/extra/widgets/win/lv_win.c ****     lv_obj_set_flex_grow(cont, 1);
 101              		.loc 1 104 5 is_stmt 1 view .LVU17
 102 005c 0121     		movs	r1, #1
 103 005e FFF7FEFF 		bl	lv_obj_set_flex_grow
 104              	.LVL15:
 105:lvgl/src/extra/widgets/win/lv_win.c ****     lv_obj_set_width(cont, LV_PCT(100));
 105              		.loc 1 105 5 view .LVU18
 106 0062 42F26401 		movw	r1, #8292
 107 0066 2046     		mov	r0, r4
 108 0068 FFF7FEFF 		bl	lv_obj_set_width
 109              	.LVL16:
 106:lvgl/src/extra/widgets/win/lv_win.c **** }
 110              		.loc 1 106 1 is_stmt 0 view .LVU19
 111 006c 70BD     		pop	{r4, r5, r6, pc}
 112              	.LVL17:
 113              	.L4:
 114              		.loc 1 106 1 view .LVU20
 115 006e 00BF     		.align	2
 116              	.L3:
 117 0070 00000000 		.word	.LANCHOR0
 118              		.cfi_endproc
 119              	.LFE209:
 121              		.section	.text.lv_win_create,"ax",%progbits
 122              		.align	1
 123              		.global	lv_win_create
 124              		.syntax unified
ARM GAS  C:\Users\OSD\AppData\Local\Temp\ccy610a4.s 			page 5


 125              		.thumb
 126              		.thumb_func
 128              	lv_win_create:
 129              	.LVL18:
 130              	.LFB204:
  45:lvgl/src/extra/widgets/win/lv_win.c ****     LV_LOG_INFO("begin");
 131              		.loc 1 45 1 is_stmt 1 view -0
 132              		.cfi_startproc
 133              		@ args = 0, pretend = 0, frame = 0
 134              		@ frame_needed = 0, uses_anonymous_args = 0
  45:lvgl/src/extra/widgets/win/lv_win.c ****     LV_LOG_INFO("begin");
 135              		.loc 1 45 1 is_stmt 0 view .LVU22
 136 0000 10B5     		push	{r4, lr}
 137              		.cfi_def_cfa_offset 8
 138              		.cfi_offset 4, -8
 139              		.cfi_offset 14, -4
  46:lvgl/src/extra/widgets/win/lv_win.c ****     create_header_height = header_height;
 140              		.loc 1 46 5 is_stmt 1 view .LVU23
  46:lvgl/src/extra/widgets/win/lv_win.c ****     create_header_height = header_height;
 141              		.loc 1 46 5 view .LVU24
  46:lvgl/src/extra/widgets/win/lv_win.c ****     create_header_height = header_height;
 142              		.loc 1 46 5 view .LVU25
  47:lvgl/src/extra/widgets/win/lv_win.c **** 
 143              		.loc 1 47 5 view .LVU26
  47:lvgl/src/extra/widgets/win/lv_win.c **** 
 144              		.loc 1 47 26 is_stmt 0 view .LVU27
 145 0002 054B     		ldr	r3, .L7
 146 0004 1980     		strh	r1, [r3]	@ movhi
  49:lvgl/src/extra/widgets/win/lv_win.c ****     lv_obj_class_init_obj(obj);
 147              		.loc 1 49 5 is_stmt 1 view .LVU28
  49:lvgl/src/extra/widgets/win/lv_win.c ****     lv_obj_class_init_obj(obj);
 148              		.loc 1 49 22 is_stmt 0 view .LVU29
 149 0006 0146     		mov	r1, r0
 150              	.LVL19:
  49:lvgl/src/extra/widgets/win/lv_win.c ****     lv_obj_class_init_obj(obj);
 151              		.loc 1 49 22 view .LVU30
 152 0008 0448     		ldr	r0, .L7+4
 153              	.LVL20:
  49:lvgl/src/extra/widgets/win/lv_win.c ****     lv_obj_class_init_obj(obj);
 154              		.loc 1 49 22 view .LVU31
 155 000a FFF7FEFF 		bl	lv_obj_class_create_obj
 156              	.LVL21:
  49:lvgl/src/extra/widgets/win/lv_win.c ****     lv_obj_class_init_obj(obj);
 157              		.loc 1 49 22 view .LVU32
 158 000e 0446     		mov	r4, r0
 159              	.LVL22:
  50:lvgl/src/extra/widgets/win/lv_win.c ****     return obj;
 160              		.loc 1 50 5 is_stmt 1 view .LVU33
 161 0010 FFF7FEFF 		bl	lv_obj_class_init_obj
 162              	.LVL23:
  51:lvgl/src/extra/widgets/win/lv_win.c **** }
 163              		.loc 1 51 5 view .LVU34
  52:lvgl/src/extra/widgets/win/lv_win.c **** 
 164              		.loc 1 52 1 is_stmt 0 view .LVU35
 165 0014 2046     		mov	r0, r4
 166 0016 10BD     		pop	{r4, pc}
 167              	.LVL24:
ARM GAS  C:\Users\OSD\AppData\Local\Temp\ccy610a4.s 			page 6


 168              	.L8:
  52:lvgl/src/extra/widgets/win/lv_win.c **** 
 169              		.loc 1 52 1 view .LVU36
 170              		.align	2
 171              	.L7:
 172 0018 00000000 		.word	.LANCHOR0
 173 001c 00000000 		.word	.LANCHOR1
 174              		.cfi_endproc
 175              	.LFE204:
 177              		.section	.text.lv_win_get_header,"ax",%progbits
 178              		.align	1
 179              		.global	lv_win_get_header
 180              		.syntax unified
 181              		.thumb
 182              		.thumb_func
 184              	lv_win_get_header:
 185              	.LVL25:
 186              	.LFB207:
  78:lvgl/src/extra/widgets/win/lv_win.c ****     return lv_obj_get_child(win, 0);
 187              		.loc 1 78 1 is_stmt 1 view -0
 188              		.cfi_startproc
 189              		@ args = 0, pretend = 0, frame = 0
 190              		@ frame_needed = 0, uses_anonymous_args = 0
  78:lvgl/src/extra/widgets/win/lv_win.c ****     return lv_obj_get_child(win, 0);
 191              		.loc 1 78 1 is_stmt 0 view .LVU38
 192 0000 08B5     		push	{r3, lr}
 193              		.cfi_def_cfa_offset 8
 194              		.cfi_offset 3, -8
 195              		.cfi_offset 14, -4
  79:lvgl/src/extra/widgets/win/lv_win.c **** }
 196              		.loc 1 79 5 is_stmt 1 view .LVU39
  79:lvgl/src/extra/widgets/win/lv_win.c **** }
 197              		.loc 1 79 12 is_stmt 0 view .LVU40
 198 0002 0021     		movs	r1, #0
 199 0004 FFF7FEFF 		bl	lv_obj_get_child
 200              	.LVL26:
  80:lvgl/src/extra/widgets/win/lv_win.c **** 
 201              		.loc 1 80 1 view .LVU41
 202 0008 08BD     		pop	{r3, pc}
 203              		.cfi_endproc
 204              	.LFE207:
 206              		.section	.text.lv_win_add_title,"ax",%progbits
 207              		.align	1
 208              		.global	lv_win_add_title
 209              		.syntax unified
 210              		.thumb
 211              		.thumb_func
 213              	lv_win_add_title:
 214              	.LVL27:
 215              	.LFB205:
  55:lvgl/src/extra/widgets/win/lv_win.c ****     lv_obj_t * header = lv_win_get_header(win);
 216              		.loc 1 55 1 is_stmt 1 view -0
 217              		.cfi_startproc
 218              		@ args = 0, pretend = 0, frame = 0
 219              		@ frame_needed = 0, uses_anonymous_args = 0
  55:lvgl/src/extra/widgets/win/lv_win.c ****     lv_obj_t * header = lv_win_get_header(win);
 220              		.loc 1 55 1 is_stmt 0 view .LVU43
ARM GAS  C:\Users\OSD\AppData\Local\Temp\ccy610a4.s 			page 7


 221 0000 38B5     		push	{r3, r4, r5, lr}
 222              		.cfi_def_cfa_offset 16
 223              		.cfi_offset 3, -16
 224              		.cfi_offset 4, -12
 225              		.cfi_offset 5, -8
 226              		.cfi_offset 14, -4
 227 0002 0D46     		mov	r5, r1
  56:lvgl/src/extra/widgets/win/lv_win.c ****     lv_obj_t * title = lv_label_create(header);
 228              		.loc 1 56 5 is_stmt 1 view .LVU44
  56:lvgl/src/extra/widgets/win/lv_win.c ****     lv_obj_t * title = lv_label_create(header);
 229              		.loc 1 56 25 is_stmt 0 view .LVU45
 230 0004 FFF7FEFF 		bl	lv_win_get_header
 231              	.LVL28:
  57:lvgl/src/extra/widgets/win/lv_win.c ****     lv_label_set_long_mode(title, LV_LABEL_LONG_DOT);
 232              		.loc 1 57 5 is_stmt 1 view .LVU46
  57:lvgl/src/extra/widgets/win/lv_win.c ****     lv_label_set_long_mode(title, LV_LABEL_LONG_DOT);
 233              		.loc 1 57 24 is_stmt 0 view .LVU47
 234 0008 FFF7FEFF 		bl	lv_label_create
 235              	.LVL29:
  57:lvgl/src/extra/widgets/win/lv_win.c ****     lv_label_set_long_mode(title, LV_LABEL_LONG_DOT);
 236              		.loc 1 57 24 view .LVU48
 237 000c 0446     		mov	r4, r0
 238              	.LVL30:
  58:lvgl/src/extra/widgets/win/lv_win.c ****     lv_label_set_text(title, txt);
 239              		.loc 1 58 5 is_stmt 1 view .LVU49
 240 000e 0121     		movs	r1, #1
 241 0010 FFF7FEFF 		bl	lv_label_set_long_mode
 242              	.LVL31:
  59:lvgl/src/extra/widgets/win/lv_win.c ****     lv_obj_set_flex_grow(title, 1);
 243              		.loc 1 59 5 view .LVU50
 244 0014 2946     		mov	r1, r5
 245 0016 2046     		mov	r0, r4
 246 0018 FFF7FEFF 		bl	lv_label_set_text
 247              	.LVL32:
  60:lvgl/src/extra/widgets/win/lv_win.c ****     return title;
 248              		.loc 1 60 5 view .LVU51
 249 001c 0121     		movs	r1, #1
 250 001e 2046     		mov	r0, r4
 251 0020 FFF7FEFF 		bl	lv_obj_set_flex_grow
 252              	.LVL33:
  61:lvgl/src/extra/widgets/win/lv_win.c **** }
 253              		.loc 1 61 5 view .LVU52
  62:lvgl/src/extra/widgets/win/lv_win.c **** 
 254              		.loc 1 62 1 is_stmt 0 view .LVU53
 255 0024 2046     		mov	r0, r4
 256 0026 38BD     		pop	{r3, r4, r5, pc}
  62:lvgl/src/extra/widgets/win/lv_win.c **** 
 257              		.loc 1 62 1 view .LVU54
 258              		.cfi_endproc
 259              	.LFE205:
 261              		.section	.text.lv_win_add_btn,"ax",%progbits
 262              		.align	1
 263              		.global	lv_win_add_btn
 264              		.syntax unified
 265              		.thumb
 266              		.thumb_func
 268              	lv_win_add_btn:
ARM GAS  C:\Users\OSD\AppData\Local\Temp\ccy610a4.s 			page 8


 269              	.LVL34:
 270              	.LFB206:
  65:lvgl/src/extra/widgets/win/lv_win.c ****     lv_obj_t * header = lv_win_get_header(win);
 271              		.loc 1 65 1 is_stmt 1 view -0
 272              		.cfi_startproc
 273              		@ args = 0, pretend = 0, frame = 0
 274              		@ frame_needed = 0, uses_anonymous_args = 0
  65:lvgl/src/extra/widgets/win/lv_win.c ****     lv_obj_t * header = lv_win_get_header(win);
 275              		.loc 1 65 1 is_stmt 0 view .LVU56
 276 0000 70B5     		push	{r4, r5, r6, lr}
 277              		.cfi_def_cfa_offset 16
 278              		.cfi_offset 4, -16
 279              		.cfi_offset 5, -12
 280              		.cfi_offset 6, -8
 281              		.cfi_offset 14, -4
 282 0002 0E46     		mov	r6, r1
 283 0004 1546     		mov	r5, r2
  66:lvgl/src/extra/widgets/win/lv_win.c ****     lv_obj_t * btn = lv_btn_create(header);
 284              		.loc 1 66 5 is_stmt 1 view .LVU57
  66:lvgl/src/extra/widgets/win/lv_win.c ****     lv_obj_t * btn = lv_btn_create(header);
 285              		.loc 1 66 25 is_stmt 0 view .LVU58
 286 0006 FFF7FEFF 		bl	lv_win_get_header
 287              	.LVL35:
  67:lvgl/src/extra/widgets/win/lv_win.c ****     lv_obj_set_size(btn, btn_w, LV_PCT(100));
 288              		.loc 1 67 5 is_stmt 1 view .LVU59
  67:lvgl/src/extra/widgets/win/lv_win.c ****     lv_obj_set_size(btn, btn_w, LV_PCT(100));
 289              		.loc 1 67 22 is_stmt 0 view .LVU60
 290 000a FFF7FEFF 		bl	lv_btn_create
 291              	.LVL36:
  67:lvgl/src/extra/widgets/win/lv_win.c ****     lv_obj_set_size(btn, btn_w, LV_PCT(100));
 292              		.loc 1 67 22 view .LVU61
 293 000e 0446     		mov	r4, r0
 294              	.LVL37:
  68:lvgl/src/extra/widgets/win/lv_win.c **** 
 295              		.loc 1 68 5 is_stmt 1 view .LVU62
 296 0010 42F26402 		movw	r2, #8292
 297 0014 2946     		mov	r1, r5
 298 0016 FFF7FEFF 		bl	lv_obj_set_size
 299              	.LVL38:
  70:lvgl/src/extra/widgets/win/lv_win.c ****     lv_img_set_src(img, icon);
 300              		.loc 1 70 5 view .LVU63
  70:lvgl/src/extra/widgets/win/lv_win.c ****     lv_img_set_src(img, icon);
 301              		.loc 1 70 22 is_stmt 0 view .LVU64
 302 001a 2046     		mov	r0, r4
 303 001c FFF7FEFF 		bl	lv_img_create
 304              	.LVL39:
 305 0020 0546     		mov	r5, r0
 306              	.LVL40:
  71:lvgl/src/extra/widgets/win/lv_win.c ****     lv_obj_align(img, LV_ALIGN_CENTER, 0, 0);
 307              		.loc 1 71 5 is_stmt 1 view .LVU65
 308 0022 3146     		mov	r1, r6
 309 0024 FFF7FEFF 		bl	lv_img_set_src
 310              	.LVL41:
  72:lvgl/src/extra/widgets/win/lv_win.c **** 
 311              		.loc 1 72 5 view .LVU66
 312 0028 0023     		movs	r3, #0
 313 002a 1A46     		mov	r2, r3
ARM GAS  C:\Users\OSD\AppData\Local\Temp\ccy610a4.s 			page 9


 314 002c 0921     		movs	r1, #9
 315 002e 2846     		mov	r0, r5
 316 0030 FFF7FEFF 		bl	lv_obj_align
 317              	.LVL42:
  74:lvgl/src/extra/widgets/win/lv_win.c **** }
 318              		.loc 1 74 5 view .LVU67
  75:lvgl/src/extra/widgets/win/lv_win.c **** 
 319              		.loc 1 75 1 is_stmt 0 view .LVU68
 320 0034 2046     		mov	r0, r4
 321 0036 70BD     		pop	{r4, r5, r6, pc}
  75:lvgl/src/extra/widgets/win/lv_win.c **** 
 322              		.loc 1 75 1 view .LVU69
 323              		.cfi_endproc
 324              	.LFE206:
 326              		.section	.text.lv_win_get_content,"ax",%progbits
 327              		.align	1
 328              		.global	lv_win_get_content
 329              		.syntax unified
 330              		.thumb
 331              		.thumb_func
 333              	lv_win_get_content:
 334              	.LVL43:
 335              	.LFB208:
  83:lvgl/src/extra/widgets/win/lv_win.c ****     return lv_obj_get_child(win, 1);
 336              		.loc 1 83 1 is_stmt 1 view -0
 337              		.cfi_startproc
 338              		@ args = 0, pretend = 0, frame = 0
 339              		@ frame_needed = 0, uses_anonymous_args = 0
  83:lvgl/src/extra/widgets/win/lv_win.c ****     return lv_obj_get_child(win, 1);
 340              		.loc 1 83 1 is_stmt 0 view .LVU71
 341 0000 08B5     		push	{r3, lr}
 342              		.cfi_def_cfa_offset 8
 343              		.cfi_offset 3, -8
 344              		.cfi_offset 14, -4
  84:lvgl/src/extra/widgets/win/lv_win.c **** }
 345              		.loc 1 84 5 is_stmt 1 view .LVU72
  84:lvgl/src/extra/widgets/win/lv_win.c **** }
 346              		.loc 1 84 12 is_stmt 0 view .LVU73
 347 0002 0121     		movs	r1, #1
 348 0004 FFF7FEFF 		bl	lv_obj_get_child
 349              	.LVL44:
  85:lvgl/src/extra/widgets/win/lv_win.c **** 
 350              		.loc 1 85 1 view .LVU74
 351 0008 08BD     		pop	{r3, pc}
 352              		.cfi_endproc
 353              	.LFE208:
 355              		.global	lv_win_class
 356              		.section	.bss.create_header_height,"aw",%nobits
 357              		.align	1
 358              		.set	.LANCHOR0,. + 0
 361              	create_header_height:
 362 0000 0000     		.space	2
 363              		.section	.rodata.lv_win_class,"a"
 364              		.align	2
 365              		.set	.LANCHOR1,. + 0
 368              	lv_win_class:
 369 0000 00000000 		.word	lv_obj_class
ARM GAS  C:\Users\OSD\AppData\Local\Temp\ccy610a4.s 			page 10


 370 0004 00000000 		.word	lv_win_constructor
 371 0008 00000000 		.space	12
 371      00000000 
 371      00000000 
 372 0014 6420     		.short	8292
 373 0016 6420     		.short	8292
 374 0018 40       		.byte	64
 375 0019 02       		.byte	2
 376 001a 00       		.byte	0
 377 001b 00       		.space	1
 378              		.text
 379              	.Letext0:
 380              		.file 2 "c:\\tools\\gcc-arm-none-eabi\\arm-none-eabi\\include\\machine\\_default_types.h"
 381              		.file 3 "c:\\tools\\gcc-arm-none-eabi\\arm-none-eabi\\include\\sys\\_stdint.h"
 382              		.file 4 "d:\\kzc\\stm32\\h743ii_lcd\\lvgl\\src\\misc\\lv_area.h"
 383              		.file 5 "d:\\kzc\\stm32\\h743ii_lcd\\lvgl\\src\\misc\\lv_color.h"
 384              		.file 6 "d:\\kzc\\stm32\\h743ii_lcd\\lvgl\\src\\misc\\lv_style.h"
 385              		.file 7 "d:\\kzc\\stm32\\h743ii_lcd\\lvgl\\src/core/lv_obj.h"
 386              		.file 8 "d:\\kzc\\stm32\\h743ii_lcd\\lvgl\\src\\misc\\lv_ll.h"
 387              		.file 9 "d:\\kzc\\stm32\\h743ii_lcd\\lvgl\\src/core/lv_group.h"
 388              		.file 10 "d:\\kzc\\stm32\\h743ii_lcd\\lvgl\\src/core/lv_obj_scroll.h"
 389              		.file 11 "d:\\kzc\\stm32\\h743ii_lcd\\lvgl\\src/core/lv_obj_style.h"
 390              		.file 12 "d:\\kzc\\stm32\\h743ii_lcd\\lvgl\\src/core/lv_obj_class.h"
 391              		.file 13 "d:\\kzc\\stm32\\h743ii_lcd\\lvgl\\src/core/lv_event.h"
 392              		.file 14 "d:\\kzc\\stm32\\h743ii_lcd\\lvgl\\src/widgets/lv_label.h"
 393              		.file 15 "d:\\kzc\\stm32\\h743ii_lcd\\lvgl\\src/widgets/lv_bar.h"
 394              		.file 16 "d:\\kzc\\stm32\\h743ii_lcd\\lvgl\\src/extra/layouts/flex/lv_flex.h"
 395              		.file 17 "d:\\kzc\\stm32\\h743ii_lcd\\lvgl\\src/extra/widgets/imgbtn/lv_imgbtn.h"
 396              		.file 18 "lvgl/src/extra/widgets/win/lv_win.h"
 397              		.file 19 "d:\\kzc\\stm32\\h743ii_lcd\\lvgl\\src/core/lv_obj_tree.h"
 398              		.file 20 "d:\\kzc\\stm32\\h743ii_lcd\\lvgl\\src\\core\\lv_obj_pos.h"
 399              		.file 21 "d:\\kzc\\stm32\\h743ii_lcd\\lvgl\\src/widgets/lv_btn.h"
 400              		.file 22 "d:\\kzc\\stm32\\h743ii_lcd\\lvgl\\src/widgets/lv_img.h"
ARM GAS  C:\Users\OSD\AppData\Local\Temp\ccy610a4.s 			page 11


DEFINED SYMBOLS
                            *ABS*:00000000 lv_win.c
C:\Users\OSD\AppData\Local\Temp\ccy610a4.s:19     .text.lv_win_constructor:00000000 $t
C:\Users\OSD\AppData\Local\Temp\ccy610a4.s:24     .text.lv_win_constructor:00000000 lv_win_constructor
C:\Users\OSD\AppData\Local\Temp\ccy610a4.s:117    .text.lv_win_constructor:00000070 $d
C:\Users\OSD\AppData\Local\Temp\ccy610a4.s:122    .text.lv_win_create:00000000 $t
C:\Users\OSD\AppData\Local\Temp\ccy610a4.s:128    .text.lv_win_create:00000000 lv_win_create
C:\Users\OSD\AppData\Local\Temp\ccy610a4.s:172    .text.lv_win_create:00000018 $d
C:\Users\OSD\AppData\Local\Temp\ccy610a4.s:178    .text.lv_win_get_header:00000000 $t
C:\Users\OSD\AppData\Local\Temp\ccy610a4.s:184    .text.lv_win_get_header:00000000 lv_win_get_header
C:\Users\OSD\AppData\Local\Temp\ccy610a4.s:207    .text.lv_win_add_title:00000000 $t
C:\Users\OSD\AppData\Local\Temp\ccy610a4.s:213    .text.lv_win_add_title:00000000 lv_win_add_title
C:\Users\OSD\AppData\Local\Temp\ccy610a4.s:262    .text.lv_win_add_btn:00000000 $t
C:\Users\OSD\AppData\Local\Temp\ccy610a4.s:268    .text.lv_win_add_btn:00000000 lv_win_add_btn
C:\Users\OSD\AppData\Local\Temp\ccy610a4.s:327    .text.lv_win_get_content:00000000 $t
C:\Users\OSD\AppData\Local\Temp\ccy610a4.s:333    .text.lv_win_get_content:00000000 lv_win_get_content
C:\Users\OSD\AppData\Local\Temp\ccy610a4.s:368    .rodata.lv_win_class:00000000 lv_win_class
C:\Users\OSD\AppData\Local\Temp\ccy610a4.s:357    .bss.create_header_height:00000000 $d
C:\Users\OSD\AppData\Local\Temp\ccy610a4.s:361    .bss.create_header_height:00000000 create_header_height
C:\Users\OSD\AppData\Local\Temp\ccy610a4.s:364    .rodata.lv_win_class:00000000 $d

UNDEFINED SYMBOLS
lv_obj_get_parent
lv_obj_get_width
lv_obj_get_height
lv_obj_set_size
lv_obj_set_flex_flow
lv_obj_create
lv_obj_set_flex_align
lv_obj_set_flex_grow
lv_obj_set_width
lv_obj_class_create_obj
lv_obj_class_init_obj
lv_obj_get_child
lv_label_create
lv_label_set_long_mode
lv_label_set_text
lv_btn_create
lv_img_create
lv_img_set_src
lv_obj_align
lv_obj_class
